[2023-01-31T13:02:12.645+0000] {processor.py:153} INFO - Started process (PID=79) to work on /home/airflow/.local/lib/python3.7/site-packages/airflow/example_dags/example_branch_operator.py
[2023-01-31T13:02:12.647+0000] {processor.py:743} INFO - Processing file /home/airflow/.local/lib/python3.7/site-packages/airflow/example_dags/example_branch_operator.py for tasks to queue
[2023-01-31T13:02:12.648+0000] {logging_mixin.py:137} INFO - [2023-01-31T13:02:12.648+0000] {dagbag.py:538} INFO - Filling up the DagBag from /home/airflow/.local/lib/python3.7/site-packages/airflow/example_dags/example_branch_operator.py
[2023-01-31T13:02:12.676+0000] {processor.py:753} INFO - DAG(s) dict_keys(['example_branch_operator']) retrieved from /home/airflow/.local/lib/python3.7/site-packages/airflow/example_dags/example_branch_operator.py
[2023-01-31T13:02:12.714+0000] {logging_mixin.py:137} INFO - [2023-01-31T13:02:12.714+0000] {dag.py:2690} INFO - Sync 1 DAGs
[2023-01-31T13:02:12.783+0000] {logging_mixin.py:137} INFO - [2023-01-31T13:02:12.783+0000] {dag.py:3441} INFO - Setting next_dagrun for example_branch_operator to 2023-01-30T00:00:00+00:00, run_after=2023-01-31T00:00:00+00:00
[2023-01-31T13:02:12.846+0000] {processor.py:175} INFO - Processing /home/airflow/.local/lib/python3.7/site-packages/airflow/example_dags/example_branch_operator.py took 0.206 seconds
[2023-01-31T13:02:43.227+0000] {processor.py:153} INFO - Started process (PID=143) to work on /home/airflow/.local/lib/python3.7/site-packages/airflow/example_dags/example_branch_operator.py
[2023-01-31T13:02:43.229+0000] {processor.py:743} INFO - Processing file /home/airflow/.local/lib/python3.7/site-packages/airflow/example_dags/example_branch_operator.py for tasks to queue
[2023-01-31T13:02:43.229+0000] {logging_mixin.py:137} INFO - [2023-01-31T13:02:43.229+0000] {dagbag.py:538} INFO - Filling up the DagBag from /home/airflow/.local/lib/python3.7/site-packages/airflow/example_dags/example_branch_operator.py
[2023-01-31T13:02:43.254+0000] {processor.py:753} INFO - DAG(s) dict_keys(['example_branch_operator']) retrieved from /home/airflow/.local/lib/python3.7/site-packages/airflow/example_dags/example_branch_operator.py
[2023-01-31T13:02:43.290+0000] {logging_mixin.py:137} INFO - [2023-01-31T13:02:43.290+0000] {dag.py:2690} INFO - Sync 1 DAGs
[2023-01-31T13:02:43.331+0000] {logging_mixin.py:137} INFO - [2023-01-31T13:02:43.331+0000] {dag.py:3441} INFO - Setting next_dagrun for example_branch_operator to 2023-01-30T00:00:00+00:00, run_after=2023-01-31T00:00:00+00:00
[2023-01-31T13:02:43.357+0000] {processor.py:175} INFO - Processing /home/airflow/.local/lib/python3.7/site-packages/airflow/example_dags/example_branch_operator.py took 0.134 seconds
[2023-01-31T13:03:13.590+0000] {processor.py:153} INFO - Started process (PID=216) to work on /home/airflow/.local/lib/python3.7/site-packages/airflow/example_dags/example_branch_operator.py
[2023-01-31T13:03:13.593+0000] {processor.py:743} INFO - Processing file /home/airflow/.local/lib/python3.7/site-packages/airflow/example_dags/example_branch_operator.py for tasks to queue
[2023-01-31T13:03:13.594+0000] {logging_mixin.py:137} INFO - [2023-01-31T13:03:13.594+0000] {dagbag.py:538} INFO - Filling up the DagBag from /home/airflow/.local/lib/python3.7/site-packages/airflow/example_dags/example_branch_operator.py
[2023-01-31T13:03:13.621+0000] {processor.py:753} INFO - DAG(s) dict_keys(['example_branch_operator']) retrieved from /home/airflow/.local/lib/python3.7/site-packages/airflow/example_dags/example_branch_operator.py
[2023-01-31T13:03:13.659+0000] {logging_mixin.py:137} INFO - [2023-01-31T13:03:13.658+0000] {dag.py:2690} INFO - Sync 1 DAGs
[2023-01-31T13:03:13.700+0000] {logging_mixin.py:137} INFO - [2023-01-31T13:03:13.700+0000] {dag.py:3441} INFO - Setting next_dagrun for example_branch_operator to 2023-01-30T00:00:00+00:00, run_after=2023-01-31T00:00:00+00:00
[2023-01-31T13:03:13.744+0000] {processor.py:175} INFO - Processing /home/airflow/.local/lib/python3.7/site-packages/airflow/example_dags/example_branch_operator.py took 0.159 seconds
[2023-01-31T13:03:44.184+0000] {processor.py:153} INFO - Started process (PID=285) to work on /home/airflow/.local/lib/python3.7/site-packages/airflow/example_dags/example_branch_operator.py
[2023-01-31T13:03:44.185+0000] {processor.py:743} INFO - Processing file /home/airflow/.local/lib/python3.7/site-packages/airflow/example_dags/example_branch_operator.py for tasks to queue
[2023-01-31T13:03:44.185+0000] {logging_mixin.py:137} INFO - [2023-01-31T13:03:44.185+0000] {dagbag.py:538} INFO - Filling up the DagBag from /home/airflow/.local/lib/python3.7/site-packages/airflow/example_dags/example_branch_operator.py
[2023-01-31T13:03:44.203+0000] {processor.py:753} INFO - DAG(s) dict_keys(['example_branch_operator']) retrieved from /home/airflow/.local/lib/python3.7/site-packages/airflow/example_dags/example_branch_operator.py
[2023-01-31T13:03:44.239+0000] {logging_mixin.py:137} INFO - [2023-01-31T13:03:44.239+0000] {dag.py:2690} INFO - Sync 1 DAGs
[2023-01-31T13:03:44.277+0000] {logging_mixin.py:137} INFO - [2023-01-31T13:03:44.277+0000] {dag.py:3441} INFO - Setting next_dagrun for example_branch_operator to 2023-01-30T00:00:00+00:00, run_after=2023-01-31T00:00:00+00:00
[2023-01-31T13:03:44.303+0000] {processor.py:175} INFO - Processing /home/airflow/.local/lib/python3.7/site-packages/airflow/example_dags/example_branch_operator.py took 0.123 seconds
[2023-01-31T13:04:14.399+0000] {processor.py:153} INFO - Started process (PID=350) to work on /home/airflow/.local/lib/python3.7/site-packages/airflow/example_dags/example_branch_operator.py
[2023-01-31T13:04:14.400+0000] {processor.py:743} INFO - Processing file /home/airflow/.local/lib/python3.7/site-packages/airflow/example_dags/example_branch_operator.py for tasks to queue
[2023-01-31T13:04:14.402+0000] {logging_mixin.py:137} INFO - [2023-01-31T13:04:14.401+0000] {dagbag.py:538} INFO - Filling up the DagBag from /home/airflow/.local/lib/python3.7/site-packages/airflow/example_dags/example_branch_operator.py
[2023-01-31T13:04:14.421+0000] {processor.py:753} INFO - DAG(s) dict_keys(['example_branch_operator']) retrieved from /home/airflow/.local/lib/python3.7/site-packages/airflow/example_dags/example_branch_operator.py
[2023-01-31T13:04:14.451+0000] {logging_mixin.py:137} INFO - [2023-01-31T13:04:14.450+0000] {dag.py:2690} INFO - Sync 1 DAGs
[2023-01-31T13:04:14.488+0000] {logging_mixin.py:137} INFO - [2023-01-31T13:04:14.487+0000] {dag.py:3441} INFO - Setting next_dagrun for example_branch_operator to 2023-01-30T00:00:00+00:00, run_after=2023-01-31T00:00:00+00:00
[2023-01-31T13:04:14.520+0000] {processor.py:175} INFO - Processing /home/airflow/.local/lib/python3.7/site-packages/airflow/example_dags/example_branch_operator.py took 0.125 seconds
[2023-01-31T13:04:44.774+0000] {processor.py:153} INFO - Started process (PID=429) to work on /home/airflow/.local/lib/python3.7/site-packages/airflow/example_dags/example_branch_operator.py
[2023-01-31T13:04:44.775+0000] {processor.py:743} INFO - Processing file /home/airflow/.local/lib/python3.7/site-packages/airflow/example_dags/example_branch_operator.py for tasks to queue
[2023-01-31T13:04:44.776+0000] {logging_mixin.py:137} INFO - [2023-01-31T13:04:44.776+0000] {dagbag.py:538} INFO - Filling up the DagBag from /home/airflow/.local/lib/python3.7/site-packages/airflow/example_dags/example_branch_operator.py
[2023-01-31T13:04:44.798+0000] {processor.py:753} INFO - DAG(s) dict_keys(['example_branch_operator']) retrieved from /home/airflow/.local/lib/python3.7/site-packages/airflow/example_dags/example_branch_operator.py
[2023-01-31T13:04:44.834+0000] {logging_mixin.py:137} INFO - [2023-01-31T13:04:44.833+0000] {dag.py:2690} INFO - Sync 1 DAGs
[2023-01-31T13:04:44.873+0000] {logging_mixin.py:137} INFO - [2023-01-31T13:04:44.873+0000] {dag.py:3441} INFO - Setting next_dagrun for example_branch_operator to 2023-01-30T00:00:00+00:00, run_after=2023-01-31T00:00:00+00:00
[2023-01-31T13:04:44.905+0000] {processor.py:175} INFO - Processing /home/airflow/.local/lib/python3.7/site-packages/airflow/example_dags/example_branch_operator.py took 0.135 seconds
[2023-01-31T13:05:14.993+0000] {processor.py:153} INFO - Started process (PID=494) to work on /home/airflow/.local/lib/python3.7/site-packages/airflow/example_dags/example_branch_operator.py
[2023-01-31T13:05:14.994+0000] {processor.py:743} INFO - Processing file /home/airflow/.local/lib/python3.7/site-packages/airflow/example_dags/example_branch_operator.py for tasks to queue
[2023-01-31T13:05:14.995+0000] {logging_mixin.py:137} INFO - [2023-01-31T13:05:14.995+0000] {dagbag.py:538} INFO - Filling up the DagBag from /home/airflow/.local/lib/python3.7/site-packages/airflow/example_dags/example_branch_operator.py
[2023-01-31T13:05:15.014+0000] {processor.py:753} INFO - DAG(s) dict_keys(['example_branch_operator']) retrieved from /home/airflow/.local/lib/python3.7/site-packages/airflow/example_dags/example_branch_operator.py
[2023-01-31T13:05:15.042+0000] {logging_mixin.py:137} INFO - [2023-01-31T13:05:15.042+0000] {dag.py:2690} INFO - Sync 1 DAGs
[2023-01-31T13:05:15.070+0000] {logging_mixin.py:137} INFO - [2023-01-31T13:05:15.070+0000] {dag.py:3441} INFO - Setting next_dagrun for example_branch_operator to 2023-01-30T00:00:00+00:00, run_after=2023-01-31T00:00:00+00:00
[2023-01-31T13:05:15.098+0000] {processor.py:175} INFO - Processing /home/airflow/.local/lib/python3.7/site-packages/airflow/example_dags/example_branch_operator.py took 0.109 seconds
[2023-01-31T13:05:45.552+0000] {processor.py:153} INFO - Started process (PID=573) to work on /home/airflow/.local/lib/python3.7/site-packages/airflow/example_dags/example_branch_operator.py
[2023-01-31T13:05:45.554+0000] {processor.py:743} INFO - Processing file /home/airflow/.local/lib/python3.7/site-packages/airflow/example_dags/example_branch_operator.py for tasks to queue
[2023-01-31T13:05:45.555+0000] {logging_mixin.py:137} INFO - [2023-01-31T13:05:45.555+0000] {dagbag.py:538} INFO - Filling up the DagBag from /home/airflow/.local/lib/python3.7/site-packages/airflow/example_dags/example_branch_operator.py
[2023-01-31T13:05:45.580+0000] {processor.py:753} INFO - DAG(s) dict_keys(['example_branch_operator']) retrieved from /home/airflow/.local/lib/python3.7/site-packages/airflow/example_dags/example_branch_operator.py
[2023-01-31T13:05:45.617+0000] {logging_mixin.py:137} INFO - [2023-01-31T13:05:45.617+0000] {dag.py:2690} INFO - Sync 1 DAGs
[2023-01-31T13:05:45.655+0000] {logging_mixin.py:137} INFO - [2023-01-31T13:05:45.655+0000] {dag.py:3441} INFO - Setting next_dagrun for example_branch_operator to 2023-01-30T00:00:00+00:00, run_after=2023-01-31T00:00:00+00:00
[2023-01-31T13:05:45.687+0000] {processor.py:175} INFO - Processing /home/airflow/.local/lib/python3.7/site-packages/airflow/example_dags/example_branch_operator.py took 0.141 seconds
[2023-01-31T13:06:15.738+0000] {processor.py:153} INFO - Started process (PID=639) to work on /home/airflow/.local/lib/python3.7/site-packages/airflow/example_dags/example_branch_operator.py
[2023-01-31T13:06:15.739+0000] {processor.py:743} INFO - Processing file /home/airflow/.local/lib/python3.7/site-packages/airflow/example_dags/example_branch_operator.py for tasks to queue
[2023-01-31T13:06:15.740+0000] {logging_mixin.py:137} INFO - [2023-01-31T13:06:15.740+0000] {dagbag.py:538} INFO - Filling up the DagBag from /home/airflow/.local/lib/python3.7/site-packages/airflow/example_dags/example_branch_operator.py
[2023-01-31T13:06:15.762+0000] {processor.py:753} INFO - DAG(s) dict_keys(['example_branch_operator']) retrieved from /home/airflow/.local/lib/python3.7/site-packages/airflow/example_dags/example_branch_operator.py
[2023-01-31T13:06:15.789+0000] {logging_mixin.py:137} INFO - [2023-01-31T13:06:15.789+0000] {dag.py:2690} INFO - Sync 1 DAGs
[2023-01-31T13:06:15.817+0000] {logging_mixin.py:137} INFO - [2023-01-31T13:06:15.817+0000] {dag.py:3441} INFO - Setting next_dagrun for example_branch_operator to 2023-01-30T00:00:00+00:00, run_after=2023-01-31T00:00:00+00:00
[2023-01-31T13:06:15.846+0000] {processor.py:175} INFO - Processing /home/airflow/.local/lib/python3.7/site-packages/airflow/example_dags/example_branch_operator.py took 0.112 seconds
[2023-01-31T13:06:46.231+0000] {processor.py:153} INFO - Started process (PID=715) to work on /home/airflow/.local/lib/python3.7/site-packages/airflow/example_dags/example_branch_operator.py
[2023-01-31T13:06:46.233+0000] {processor.py:743} INFO - Processing file /home/airflow/.local/lib/python3.7/site-packages/airflow/example_dags/example_branch_operator.py for tasks to queue
[2023-01-31T13:06:46.233+0000] {logging_mixin.py:137} INFO - [2023-01-31T13:06:46.233+0000] {dagbag.py:538} INFO - Filling up the DagBag from /home/airflow/.local/lib/python3.7/site-packages/airflow/example_dags/example_branch_operator.py
[2023-01-31T13:06:46.260+0000] {processor.py:753} INFO - DAG(s) dict_keys(['example_branch_operator']) retrieved from /home/airflow/.local/lib/python3.7/site-packages/airflow/example_dags/example_branch_operator.py
[2023-01-31T13:06:46.303+0000] {logging_mixin.py:137} INFO - [2023-01-31T13:06:46.303+0000] {dag.py:2690} INFO - Sync 1 DAGs
[2023-01-31T13:06:46.388+0000] {logging_mixin.py:137} INFO - [2023-01-31T13:06:46.388+0000] {dag.py:3441} INFO - Setting next_dagrun for example_branch_operator to 2023-01-30T00:00:00+00:00, run_after=2023-01-31T00:00:00+00:00
[2023-01-31T13:06:46.440+0000] {processor.py:175} INFO - Processing /home/airflow/.local/lib/python3.7/site-packages/airflow/example_dags/example_branch_operator.py took 0.214 seconds
[2023-01-31T13:07:17.090+0000] {processor.py:153} INFO - Started process (PID=784) to work on /home/airflow/.local/lib/python3.7/site-packages/airflow/example_dags/example_branch_operator.py
[2023-01-31T13:07:17.092+0000] {processor.py:743} INFO - Processing file /home/airflow/.local/lib/python3.7/site-packages/airflow/example_dags/example_branch_operator.py for tasks to queue
[2023-01-31T13:07:17.093+0000] {logging_mixin.py:137} INFO - [2023-01-31T13:07:17.092+0000] {dagbag.py:538} INFO - Filling up the DagBag from /home/airflow/.local/lib/python3.7/site-packages/airflow/example_dags/example_branch_operator.py
[2023-01-31T13:07:17.118+0000] {processor.py:753} INFO - DAG(s) dict_keys(['example_branch_operator']) retrieved from /home/airflow/.local/lib/python3.7/site-packages/airflow/example_dags/example_branch_operator.py
[2023-01-31T13:07:17.153+0000] {logging_mixin.py:137} INFO - [2023-01-31T13:07:17.153+0000] {dag.py:2690} INFO - Sync 1 DAGs
[2023-01-31T13:07:17.181+0000] {logging_mixin.py:137} INFO - [2023-01-31T13:07:17.181+0000] {dag.py:3441} INFO - Setting next_dagrun for example_branch_operator to 2023-01-30T00:00:00+00:00, run_after=2023-01-31T00:00:00+00:00
[2023-01-31T13:07:17.214+0000] {processor.py:175} INFO - Processing /home/airflow/.local/lib/python3.7/site-packages/airflow/example_dags/example_branch_operator.py took 0.130 seconds
[2023-01-31T13:07:47.335+0000] {processor.py:153} INFO - Started process (PID=850) to work on /home/airflow/.local/lib/python3.7/site-packages/airflow/example_dags/example_branch_operator.py
[2023-01-31T13:07:47.336+0000] {processor.py:743} INFO - Processing file /home/airflow/.local/lib/python3.7/site-packages/airflow/example_dags/example_branch_operator.py for tasks to queue
[2023-01-31T13:07:47.336+0000] {logging_mixin.py:137} INFO - [2023-01-31T13:07:47.336+0000] {dagbag.py:538} INFO - Filling up the DagBag from /home/airflow/.local/lib/python3.7/site-packages/airflow/example_dags/example_branch_operator.py
[2023-01-31T13:07:47.354+0000] {processor.py:753} INFO - DAG(s) dict_keys(['example_branch_operator']) retrieved from /home/airflow/.local/lib/python3.7/site-packages/airflow/example_dags/example_branch_operator.py
[2023-01-31T13:07:47.382+0000] {logging_mixin.py:137} INFO - [2023-01-31T13:07:47.382+0000] {dag.py:2690} INFO - Sync 1 DAGs
[2023-01-31T13:07:47.417+0000] {logging_mixin.py:137} INFO - [2023-01-31T13:07:47.417+0000] {dag.py:3441} INFO - Setting next_dagrun for example_branch_operator to 2023-01-30T00:00:00+00:00, run_after=2023-01-31T00:00:00+00:00
[2023-01-31T13:07:47.465+0000] {processor.py:175} INFO - Processing /home/airflow/.local/lib/python3.7/site-packages/airflow/example_dags/example_branch_operator.py took 0.134 seconds
[2023-01-31T13:08:17.993+0000] {processor.py:153} INFO - Started process (PID=928) to work on /home/airflow/.local/lib/python3.7/site-packages/airflow/example_dags/example_branch_operator.py
[2023-01-31T13:08:17.994+0000] {processor.py:743} INFO - Processing file /home/airflow/.local/lib/python3.7/site-packages/airflow/example_dags/example_branch_operator.py for tasks to queue
[2023-01-31T13:08:17.995+0000] {logging_mixin.py:137} INFO - [2023-01-31T13:08:17.995+0000] {dagbag.py:538} INFO - Filling up the DagBag from /home/airflow/.local/lib/python3.7/site-packages/airflow/example_dags/example_branch_operator.py
[2023-01-31T13:08:18.020+0000] {processor.py:753} INFO - DAG(s) dict_keys(['example_branch_operator']) retrieved from /home/airflow/.local/lib/python3.7/site-packages/airflow/example_dags/example_branch_operator.py
[2023-01-31T13:08:18.066+0000] {logging_mixin.py:137} INFO - [2023-01-31T13:08:18.066+0000] {dag.py:2690} INFO - Sync 1 DAGs
[2023-01-31T13:08:18.105+0000] {logging_mixin.py:137} INFO - [2023-01-31T13:08:18.105+0000] {dag.py:3441} INFO - Setting next_dagrun for example_branch_operator to 2023-01-30T00:00:00+00:00, run_after=2023-01-31T00:00:00+00:00
[2023-01-31T13:08:18.171+0000] {processor.py:175} INFO - Processing /home/airflow/.local/lib/python3.7/site-packages/airflow/example_dags/example_branch_operator.py took 0.184 seconds
[2023-01-31T13:08:48.503+0000] {processor.py:153} INFO - Started process (PID=993) to work on /home/airflow/.local/lib/python3.7/site-packages/airflow/example_dags/example_branch_operator.py
[2023-01-31T13:08:48.504+0000] {processor.py:743} INFO - Processing file /home/airflow/.local/lib/python3.7/site-packages/airflow/example_dags/example_branch_operator.py for tasks to queue
[2023-01-31T13:08:48.505+0000] {logging_mixin.py:137} INFO - [2023-01-31T13:08:48.504+0000] {dagbag.py:538} INFO - Filling up the DagBag from /home/airflow/.local/lib/python3.7/site-packages/airflow/example_dags/example_branch_operator.py
[2023-01-31T13:08:48.521+0000] {processor.py:753} INFO - DAG(s) dict_keys(['example_branch_operator']) retrieved from /home/airflow/.local/lib/python3.7/site-packages/airflow/example_dags/example_branch_operator.py
[2023-01-31T13:08:48.557+0000] {logging_mixin.py:137} INFO - [2023-01-31T13:08:48.557+0000] {dag.py:2690} INFO - Sync 1 DAGs
[2023-01-31T13:08:48.596+0000] {logging_mixin.py:137} INFO - [2023-01-31T13:08:48.596+0000] {dag.py:3441} INFO - Setting next_dagrun for example_branch_operator to 2023-01-30T00:00:00+00:00, run_after=2023-01-31T00:00:00+00:00
[2023-01-31T13:08:48.623+0000] {processor.py:175} INFO - Processing /home/airflow/.local/lib/python3.7/site-packages/airflow/example_dags/example_branch_operator.py took 0.124 seconds
[2023-01-31T13:09:18.876+0000] {processor.py:153} INFO - Started process (PID=1058) to work on /home/airflow/.local/lib/python3.7/site-packages/airflow/example_dags/example_branch_operator.py
[2023-01-31T13:09:18.885+0000] {processor.py:743} INFO - Processing file /home/airflow/.local/lib/python3.7/site-packages/airflow/example_dags/example_branch_operator.py for tasks to queue
[2023-01-31T13:09:18.886+0000] {logging_mixin.py:137} INFO - [2023-01-31T13:09:18.886+0000] {dagbag.py:538} INFO - Filling up the DagBag from /home/airflow/.local/lib/python3.7/site-packages/airflow/example_dags/example_branch_operator.py
[2023-01-31T13:09:18.917+0000] {processor.py:753} INFO - DAG(s) dict_keys(['example_branch_operator']) retrieved from /home/airflow/.local/lib/python3.7/site-packages/airflow/example_dags/example_branch_operator.py
[2023-01-31T13:09:19.020+0000] {logging_mixin.py:137} INFO - [2023-01-31T13:09:19.020+0000] {dag.py:2690} INFO - Sync 1 DAGs
[2023-01-31T13:09:19.100+0000] {logging_mixin.py:137} INFO - [2023-01-31T13:09:19.100+0000] {dag.py:3441} INFO - Setting next_dagrun for example_branch_operator to 2023-01-30T00:00:00+00:00, run_after=2023-01-31T00:00:00+00:00
[2023-01-31T13:09:19.133+0000] {processor.py:175} INFO - Processing /home/airflow/.local/lib/python3.7/site-packages/airflow/example_dags/example_branch_operator.py took 0.271 seconds
[2023-01-31T13:09:49.239+0000] {processor.py:153} INFO - Started process (PID=1135) to work on /home/airflow/.local/lib/python3.7/site-packages/airflow/example_dags/example_branch_operator.py
[2023-01-31T13:09:49.240+0000] {processor.py:743} INFO - Processing file /home/airflow/.local/lib/python3.7/site-packages/airflow/example_dags/example_branch_operator.py for tasks to queue
[2023-01-31T13:09:49.241+0000] {logging_mixin.py:137} INFO - [2023-01-31T13:09:49.241+0000] {dagbag.py:538} INFO - Filling up the DagBag from /home/airflow/.local/lib/python3.7/site-packages/airflow/example_dags/example_branch_operator.py
[2023-01-31T13:09:49.267+0000] {processor.py:753} INFO - DAG(s) dict_keys(['example_branch_operator']) retrieved from /home/airflow/.local/lib/python3.7/site-packages/airflow/example_dags/example_branch_operator.py
[2023-01-31T13:09:49.295+0000] {logging_mixin.py:137} INFO - [2023-01-31T13:09:49.295+0000] {dag.py:2690} INFO - Sync 1 DAGs
[2023-01-31T13:09:49.322+0000] {logging_mixin.py:137} INFO - [2023-01-31T13:09:49.322+0000] {dag.py:3441} INFO - Setting next_dagrun for example_branch_operator to 2023-01-30T00:00:00+00:00, run_after=2023-01-31T00:00:00+00:00
[2023-01-31T13:09:49.347+0000] {processor.py:175} INFO - Processing /home/airflow/.local/lib/python3.7/site-packages/airflow/example_dags/example_branch_operator.py took 0.112 seconds
[2023-01-31T13:10:20.132+0000] {processor.py:153} INFO - Started process (PID=1201) to work on /home/airflow/.local/lib/python3.7/site-packages/airflow/example_dags/example_branch_operator.py
[2023-01-31T13:10:20.133+0000] {processor.py:743} INFO - Processing file /home/airflow/.local/lib/python3.7/site-packages/airflow/example_dags/example_branch_operator.py for tasks to queue
[2023-01-31T13:10:20.134+0000] {logging_mixin.py:137} INFO - [2023-01-31T13:10:20.134+0000] {dagbag.py:538} INFO - Filling up the DagBag from /home/airflow/.local/lib/python3.7/site-packages/airflow/example_dags/example_branch_operator.py
[2023-01-31T13:10:20.151+0000] {processor.py:753} INFO - DAG(s) dict_keys(['example_branch_operator']) retrieved from /home/airflow/.local/lib/python3.7/site-packages/airflow/example_dags/example_branch_operator.py
[2023-01-31T13:10:20.181+0000] {logging_mixin.py:137} INFO - [2023-01-31T13:10:20.180+0000] {dag.py:2690} INFO - Sync 1 DAGs
[2023-01-31T13:10:20.212+0000] {logging_mixin.py:137} INFO - [2023-01-31T13:10:20.212+0000] {dag.py:3441} INFO - Setting next_dagrun for example_branch_operator to 2023-01-30T00:00:00+00:00, run_after=2023-01-31T00:00:00+00:00
[2023-01-31T13:10:20.243+0000] {processor.py:175} INFO - Processing /home/airflow/.local/lib/python3.7/site-packages/airflow/example_dags/example_branch_operator.py took 0.115 seconds
[2023-01-31T13:10:50.663+0000] {processor.py:153} INFO - Started process (PID=1279) to work on /home/airflow/.local/lib/python3.7/site-packages/airflow/example_dags/example_branch_operator.py
[2023-01-31T13:10:50.664+0000] {processor.py:743} INFO - Processing file /home/airflow/.local/lib/python3.7/site-packages/airflow/example_dags/example_branch_operator.py for tasks to queue
[2023-01-31T13:10:50.666+0000] {logging_mixin.py:137} INFO - [2023-01-31T13:10:50.665+0000] {dagbag.py:538} INFO - Filling up the DagBag from /home/airflow/.local/lib/python3.7/site-packages/airflow/example_dags/example_branch_operator.py
[2023-01-31T13:10:50.694+0000] {processor.py:753} INFO - DAG(s) dict_keys(['example_branch_operator']) retrieved from /home/airflow/.local/lib/python3.7/site-packages/airflow/example_dags/example_branch_operator.py
[2023-01-31T13:10:50.734+0000] {logging_mixin.py:137} INFO - [2023-01-31T13:10:50.733+0000] {dag.py:2690} INFO - Sync 1 DAGs
[2023-01-31T13:10:50.767+0000] {logging_mixin.py:137} INFO - [2023-01-31T13:10:50.767+0000] {dag.py:3441} INFO - Setting next_dagrun for example_branch_operator to 2023-01-30T00:00:00+00:00, run_after=2023-01-31T00:00:00+00:00
[2023-01-31T13:10:50.798+0000] {processor.py:175} INFO - Processing /home/airflow/.local/lib/python3.7/site-packages/airflow/example_dags/example_branch_operator.py took 0.140 seconds
[2023-01-31T13:11:20.954+0000] {processor.py:153} INFO - Started process (PID=1343) to work on /home/airflow/.local/lib/python3.7/site-packages/airflow/example_dags/example_branch_operator.py
[2023-01-31T13:11:20.955+0000] {processor.py:743} INFO - Processing file /home/airflow/.local/lib/python3.7/site-packages/airflow/example_dags/example_branch_operator.py for tasks to queue
[2023-01-31T13:11:20.956+0000] {logging_mixin.py:137} INFO - [2023-01-31T13:11:20.956+0000] {dagbag.py:538} INFO - Filling up the DagBag from /home/airflow/.local/lib/python3.7/site-packages/airflow/example_dags/example_branch_operator.py
[2023-01-31T13:11:20.974+0000] {processor.py:753} INFO - DAG(s) dict_keys(['example_branch_operator']) retrieved from /home/airflow/.local/lib/python3.7/site-packages/airflow/example_dags/example_branch_operator.py
[2023-01-31T13:11:21.006+0000] {logging_mixin.py:137} INFO - [2023-01-31T13:11:21.006+0000] {dag.py:2690} INFO - Sync 1 DAGs
[2023-01-31T13:11:21.038+0000] {logging_mixin.py:137} INFO - [2023-01-31T13:11:21.038+0000] {dag.py:3441} INFO - Setting next_dagrun for example_branch_operator to 2023-01-30T00:00:00+00:00, run_after=2023-01-31T00:00:00+00:00
[2023-01-31T13:11:21.071+0000] {processor.py:175} INFO - Processing /home/airflow/.local/lib/python3.7/site-packages/airflow/example_dags/example_branch_operator.py took 0.122 seconds
[2023-01-31T13:11:51.523+0000] {processor.py:153} INFO - Started process (PID=1414) to work on /home/airflow/.local/lib/python3.7/site-packages/airflow/example_dags/example_branch_operator.py
[2023-01-31T13:11:51.529+0000] {processor.py:743} INFO - Processing file /home/airflow/.local/lib/python3.7/site-packages/airflow/example_dags/example_branch_operator.py for tasks to queue
[2023-01-31T13:11:51.531+0000] {logging_mixin.py:137} INFO - [2023-01-31T13:11:51.531+0000] {dagbag.py:538} INFO - Filling up the DagBag from /home/airflow/.local/lib/python3.7/site-packages/airflow/example_dags/example_branch_operator.py
[2023-01-31T13:11:51.572+0000] {processor.py:753} INFO - DAG(s) dict_keys(['example_branch_operator']) retrieved from /home/airflow/.local/lib/python3.7/site-packages/airflow/example_dags/example_branch_operator.py
[2023-01-31T13:11:51.615+0000] {logging_mixin.py:137} INFO - [2023-01-31T13:11:51.614+0000] {dag.py:2690} INFO - Sync 1 DAGs
[2023-01-31T13:11:51.659+0000] {logging_mixin.py:137} INFO - [2023-01-31T13:11:51.658+0000] {dag.py:3441} INFO - Setting next_dagrun for example_branch_operator to 2023-01-30T00:00:00+00:00, run_after=2023-01-31T00:00:00+00:00
[2023-01-31T13:11:51.693+0000] {processor.py:175} INFO - Processing /home/airflow/.local/lib/python3.7/site-packages/airflow/example_dags/example_branch_operator.py took 0.177 seconds
[2023-01-31T13:12:21.850+0000] {processor.py:153} INFO - Started process (PID=1486) to work on /home/airflow/.local/lib/python3.7/site-packages/airflow/example_dags/example_branch_operator.py
[2023-01-31T13:12:21.851+0000] {processor.py:743} INFO - Processing file /home/airflow/.local/lib/python3.7/site-packages/airflow/example_dags/example_branch_operator.py for tasks to queue
[2023-01-31T13:12:21.852+0000] {logging_mixin.py:137} INFO - [2023-01-31T13:12:21.851+0000] {dagbag.py:538} INFO - Filling up the DagBag from /home/airflow/.local/lib/python3.7/site-packages/airflow/example_dags/example_branch_operator.py
[2023-01-31T13:12:21.870+0000] {processor.py:753} INFO - DAG(s) dict_keys(['example_branch_operator']) retrieved from /home/airflow/.local/lib/python3.7/site-packages/airflow/example_dags/example_branch_operator.py
[2023-01-31T13:12:21.902+0000] {logging_mixin.py:137} INFO - [2023-01-31T13:12:21.902+0000] {dag.py:2690} INFO - Sync 1 DAGs
[2023-01-31T13:12:21.931+0000] {logging_mixin.py:137} INFO - [2023-01-31T13:12:21.931+0000] {dag.py:3441} INFO - Setting next_dagrun for example_branch_operator to 2023-01-30T00:00:00+00:00, run_after=2023-01-31T00:00:00+00:00
[2023-01-31T13:12:21.959+0000] {processor.py:175} INFO - Processing /home/airflow/.local/lib/python3.7/site-packages/airflow/example_dags/example_branch_operator.py took 0.113 seconds
[2023-01-31T13:12:52.117+0000] {processor.py:153} INFO - Started process (PID=1550) to work on /home/airflow/.local/lib/python3.7/site-packages/airflow/example_dags/example_branch_operator.py
[2023-01-31T13:12:52.123+0000] {processor.py:743} INFO - Processing file /home/airflow/.local/lib/python3.7/site-packages/airflow/example_dags/example_branch_operator.py for tasks to queue
[2023-01-31T13:12:52.124+0000] {logging_mixin.py:137} INFO - [2023-01-31T13:12:52.124+0000] {dagbag.py:538} INFO - Filling up the DagBag from /home/airflow/.local/lib/python3.7/site-packages/airflow/example_dags/example_branch_operator.py
[2023-01-31T13:12:52.142+0000] {processor.py:753} INFO - DAG(s) dict_keys(['example_branch_operator']) retrieved from /home/airflow/.local/lib/python3.7/site-packages/airflow/example_dags/example_branch_operator.py
[2023-01-31T13:12:52.170+0000] {logging_mixin.py:137} INFO - [2023-01-31T13:12:52.170+0000] {dag.py:2690} INFO - Sync 1 DAGs
[2023-01-31T13:12:52.196+0000] {logging_mixin.py:137} INFO - [2023-01-31T13:12:52.196+0000] {dag.py:3441} INFO - Setting next_dagrun for example_branch_operator to 2023-01-30T00:00:00+00:00, run_after=2023-01-31T00:00:00+00:00
[2023-01-31T13:12:52.225+0000] {processor.py:175} INFO - Processing /home/airflow/.local/lib/python3.7/site-packages/airflow/example_dags/example_branch_operator.py took 0.113 seconds
[2023-01-31T13:13:22.894+0000] {processor.py:153} INFO - Started process (PID=1629) to work on /home/airflow/.local/lib/python3.7/site-packages/airflow/example_dags/example_branch_operator.py
[2023-01-31T13:13:22.895+0000] {processor.py:743} INFO - Processing file /home/airflow/.local/lib/python3.7/site-packages/airflow/example_dags/example_branch_operator.py for tasks to queue
[2023-01-31T13:13:22.896+0000] {logging_mixin.py:137} INFO - [2023-01-31T13:13:22.896+0000] {dagbag.py:538} INFO - Filling up the DagBag from /home/airflow/.local/lib/python3.7/site-packages/airflow/example_dags/example_branch_operator.py
[2023-01-31T13:13:22.922+0000] {processor.py:753} INFO - DAG(s) dict_keys(['example_branch_operator']) retrieved from /home/airflow/.local/lib/python3.7/site-packages/airflow/example_dags/example_branch_operator.py
[2023-01-31T13:13:22.956+0000] {logging_mixin.py:137} INFO - [2023-01-31T13:13:22.956+0000] {dag.py:2690} INFO - Sync 1 DAGs
[2023-01-31T13:13:22.986+0000] {logging_mixin.py:137} INFO - [2023-01-31T13:13:22.986+0000] {dag.py:3441} INFO - Setting next_dagrun for example_branch_operator to 2023-01-30T00:00:00+00:00, run_after=2023-01-31T00:00:00+00:00
[2023-01-31T13:13:23.020+0000] {processor.py:175} INFO - Processing /home/airflow/.local/lib/python3.7/site-packages/airflow/example_dags/example_branch_operator.py took 0.131 seconds
[2023-01-31T13:13:53.046+0000] {processor.py:153} INFO - Started process (PID=1695) to work on /home/airflow/.local/lib/python3.7/site-packages/airflow/example_dags/example_branch_operator.py
[2023-01-31T13:13:53.047+0000] {processor.py:743} INFO - Processing file /home/airflow/.local/lib/python3.7/site-packages/airflow/example_dags/example_branch_operator.py for tasks to queue
[2023-01-31T13:13:53.048+0000] {logging_mixin.py:137} INFO - [2023-01-31T13:13:53.047+0000] {dagbag.py:538} INFO - Filling up the DagBag from /home/airflow/.local/lib/python3.7/site-packages/airflow/example_dags/example_branch_operator.py
[2023-01-31T13:13:53.065+0000] {processor.py:753} INFO - DAG(s) dict_keys(['example_branch_operator']) retrieved from /home/airflow/.local/lib/python3.7/site-packages/airflow/example_dags/example_branch_operator.py
[2023-01-31T13:13:53.094+0000] {logging_mixin.py:137} INFO - [2023-01-31T13:13:53.094+0000] {dag.py:2690} INFO - Sync 1 DAGs
[2023-01-31T13:13:53.124+0000] {logging_mixin.py:137} INFO - [2023-01-31T13:13:53.124+0000] {dag.py:3441} INFO - Setting next_dagrun for example_branch_operator to 2023-01-30T00:00:00+00:00, run_after=2023-01-31T00:00:00+00:00
[2023-01-31T13:13:53.154+0000] {processor.py:175} INFO - Processing /home/airflow/.local/lib/python3.7/site-packages/airflow/example_dags/example_branch_operator.py took 0.113 seconds
[2023-01-31T13:14:24.196+0000] {processor.py:153} INFO - Started process (PID=1773) to work on /home/airflow/.local/lib/python3.7/site-packages/airflow/example_dags/example_branch_operator.py
[2023-01-31T13:14:24.197+0000] {processor.py:743} INFO - Processing file /home/airflow/.local/lib/python3.7/site-packages/airflow/example_dags/example_branch_operator.py for tasks to queue
[2023-01-31T13:14:24.198+0000] {logging_mixin.py:137} INFO - [2023-01-31T13:14:24.198+0000] {dagbag.py:538} INFO - Filling up the DagBag from /home/airflow/.local/lib/python3.7/site-packages/airflow/example_dags/example_branch_operator.py
[2023-01-31T13:14:24.223+0000] {processor.py:753} INFO - DAG(s) dict_keys(['example_branch_operator']) retrieved from /home/airflow/.local/lib/python3.7/site-packages/airflow/example_dags/example_branch_operator.py
[2023-01-31T13:14:24.270+0000] {logging_mixin.py:137} INFO - [2023-01-31T13:14:24.269+0000] {dag.py:2690} INFO - Sync 1 DAGs
[2023-01-31T13:14:24.313+0000] {logging_mixin.py:137} INFO - [2023-01-31T13:14:24.312+0000] {dag.py:3441} INFO - Setting next_dagrun for example_branch_operator to 2023-01-30T00:00:00+00:00, run_after=2023-01-31T00:00:00+00:00
[2023-01-31T13:14:24.357+0000] {processor.py:175} INFO - Processing /home/airflow/.local/lib/python3.7/site-packages/airflow/example_dags/example_branch_operator.py took 0.167 seconds
[2023-01-31T13:14:54.594+0000] {processor.py:153} INFO - Started process (PID=1837) to work on /home/airflow/.local/lib/python3.7/site-packages/airflow/example_dags/example_branch_operator.py
[2023-01-31T13:14:54.595+0000] {processor.py:743} INFO - Processing file /home/airflow/.local/lib/python3.7/site-packages/airflow/example_dags/example_branch_operator.py for tasks to queue
[2023-01-31T13:14:54.596+0000] {logging_mixin.py:137} INFO - [2023-01-31T13:14:54.596+0000] {dagbag.py:538} INFO - Filling up the DagBag from /home/airflow/.local/lib/python3.7/site-packages/airflow/example_dags/example_branch_operator.py
[2023-01-31T13:14:54.614+0000] {processor.py:753} INFO - DAG(s) dict_keys(['example_branch_operator']) retrieved from /home/airflow/.local/lib/python3.7/site-packages/airflow/example_dags/example_branch_operator.py
[2023-01-31T13:14:54.645+0000] {logging_mixin.py:137} INFO - [2023-01-31T13:14:54.645+0000] {dag.py:2690} INFO - Sync 1 DAGs
[2023-01-31T13:14:54.672+0000] {logging_mixin.py:137} INFO - [2023-01-31T13:14:54.671+0000] {dag.py:3441} INFO - Setting next_dagrun for example_branch_operator to 2023-01-30T00:00:00+00:00, run_after=2023-01-31T00:00:00+00:00
[2023-01-31T13:14:54.706+0000] {processor.py:175} INFO - Processing /home/airflow/.local/lib/python3.7/site-packages/airflow/example_dags/example_branch_operator.py took 0.115 seconds
[2023-01-31T13:15:24.930+0000] {processor.py:153} INFO - Started process (PID=1902) to work on /home/airflow/.local/lib/python3.7/site-packages/airflow/example_dags/example_branch_operator.py
[2023-01-31T13:15:24.931+0000] {processor.py:743} INFO - Processing file /home/airflow/.local/lib/python3.7/site-packages/airflow/example_dags/example_branch_operator.py for tasks to queue
[2023-01-31T13:15:24.932+0000] {logging_mixin.py:137} INFO - [2023-01-31T13:15:24.932+0000] {dagbag.py:538} INFO - Filling up the DagBag from /home/airflow/.local/lib/python3.7/site-packages/airflow/example_dags/example_branch_operator.py
[2023-01-31T13:15:24.952+0000] {processor.py:753} INFO - DAG(s) dict_keys(['example_branch_operator']) retrieved from /home/airflow/.local/lib/python3.7/site-packages/airflow/example_dags/example_branch_operator.py
[2023-01-31T13:15:24.994+0000] {logging_mixin.py:137} INFO - [2023-01-31T13:15:24.994+0000] {dag.py:2690} INFO - Sync 1 DAGs
[2023-01-31T13:15:25.034+0000] {logging_mixin.py:137} INFO - [2023-01-31T13:15:25.034+0000] {dag.py:3441} INFO - Setting next_dagrun for example_branch_operator to 2023-01-30T00:00:00+00:00, run_after=2023-01-31T00:00:00+00:00
[2023-01-31T13:15:25.091+0000] {processor.py:175} INFO - Processing /home/airflow/.local/lib/python3.7/site-packages/airflow/example_dags/example_branch_operator.py took 0.165 seconds
[2023-01-31T13:15:55.331+0000] {processor.py:153} INFO - Started process (PID=1978) to work on /home/airflow/.local/lib/python3.7/site-packages/airflow/example_dags/example_branch_operator.py
[2023-01-31T13:15:55.332+0000] {processor.py:743} INFO - Processing file /home/airflow/.local/lib/python3.7/site-packages/airflow/example_dags/example_branch_operator.py for tasks to queue
[2023-01-31T13:15:55.333+0000] {logging_mixin.py:137} INFO - [2023-01-31T13:15:55.332+0000] {dagbag.py:538} INFO - Filling up the DagBag from /home/airflow/.local/lib/python3.7/site-packages/airflow/example_dags/example_branch_operator.py
[2023-01-31T13:15:55.350+0000] {processor.py:753} INFO - DAG(s) dict_keys(['example_branch_operator']) retrieved from /home/airflow/.local/lib/python3.7/site-packages/airflow/example_dags/example_branch_operator.py
[2023-01-31T13:15:55.388+0000] {logging_mixin.py:137} INFO - [2023-01-31T13:15:55.388+0000] {dag.py:2690} INFO - Sync 1 DAGs
[2023-01-31T13:15:55.428+0000] {logging_mixin.py:137} INFO - [2023-01-31T13:15:55.427+0000] {dag.py:3441} INFO - Setting next_dagrun for example_branch_operator to 2023-01-30T00:00:00+00:00, run_after=2023-01-31T00:00:00+00:00
[2023-01-31T13:15:55.467+0000] {processor.py:175} INFO - Processing /home/airflow/.local/lib/python3.7/site-packages/airflow/example_dags/example_branch_operator.py took 0.140 seconds
[2023-01-31T13:16:25.794+0000] {processor.py:153} INFO - Started process (PID=2044) to work on /home/airflow/.local/lib/python3.7/site-packages/airflow/example_dags/example_branch_operator.py
[2023-01-31T13:16:25.796+0000] {processor.py:743} INFO - Processing file /home/airflow/.local/lib/python3.7/site-packages/airflow/example_dags/example_branch_operator.py for tasks to queue
[2023-01-31T13:16:25.797+0000] {logging_mixin.py:137} INFO - [2023-01-31T13:16:25.796+0000] {dagbag.py:538} INFO - Filling up the DagBag from /home/airflow/.local/lib/python3.7/site-packages/airflow/example_dags/example_branch_operator.py
[2023-01-31T13:16:25.823+0000] {processor.py:753} INFO - DAG(s) dict_keys(['example_branch_operator']) retrieved from /home/airflow/.local/lib/python3.7/site-packages/airflow/example_dags/example_branch_operator.py
[2023-01-31T13:16:25.863+0000] {logging_mixin.py:137} INFO - [2023-01-31T13:16:25.863+0000] {dag.py:2690} INFO - Sync 1 DAGs
[2023-01-31T13:16:25.904+0000] {logging_mixin.py:137} INFO - [2023-01-31T13:16:25.904+0000] {dag.py:3441} INFO - Setting next_dagrun for example_branch_operator to 2023-01-30T00:00:00+00:00, run_after=2023-01-31T00:00:00+00:00
[2023-01-31T13:16:25.939+0000] {processor.py:175} INFO - Processing /home/airflow/.local/lib/python3.7/site-packages/airflow/example_dags/example_branch_operator.py took 0.148 seconds
[2023-01-31T13:16:56.589+0000] {processor.py:153} INFO - Started process (PID=2123) to work on /home/airflow/.local/lib/python3.7/site-packages/airflow/example_dags/example_branch_operator.py
[2023-01-31T13:16:56.590+0000] {processor.py:743} INFO - Processing file /home/airflow/.local/lib/python3.7/site-packages/airflow/example_dags/example_branch_operator.py for tasks to queue
[2023-01-31T13:16:56.591+0000] {logging_mixin.py:137} INFO - [2023-01-31T13:16:56.590+0000] {dagbag.py:538} INFO - Filling up the DagBag from /home/airflow/.local/lib/python3.7/site-packages/airflow/example_dags/example_branch_operator.py
[2023-01-31T13:16:56.608+0000] {processor.py:753} INFO - DAG(s) dict_keys(['example_branch_operator']) retrieved from /home/airflow/.local/lib/python3.7/site-packages/airflow/example_dags/example_branch_operator.py
[2023-01-31T13:16:56.639+0000] {logging_mixin.py:137} INFO - [2023-01-31T13:16:56.639+0000] {dag.py:2690} INFO - Sync 1 DAGs
[2023-01-31T13:16:56.667+0000] {logging_mixin.py:137} INFO - [2023-01-31T13:16:56.666+0000] {dag.py:3441} INFO - Setting next_dagrun for example_branch_operator to 2023-01-30T00:00:00+00:00, run_after=2023-01-31T00:00:00+00:00
[2023-01-31T13:16:56.695+0000] {processor.py:175} INFO - Processing /home/airflow/.local/lib/python3.7/site-packages/airflow/example_dags/example_branch_operator.py took 0.111 seconds
[2023-01-31T13:17:26.815+0000] {processor.py:153} INFO - Started process (PID=2188) to work on /home/airflow/.local/lib/python3.7/site-packages/airflow/example_dags/example_branch_operator.py
[2023-01-31T13:17:26.816+0000] {processor.py:743} INFO - Processing file /home/airflow/.local/lib/python3.7/site-packages/airflow/example_dags/example_branch_operator.py for tasks to queue
[2023-01-31T13:17:26.816+0000] {logging_mixin.py:137} INFO - [2023-01-31T13:17:26.816+0000] {dagbag.py:538} INFO - Filling up the DagBag from /home/airflow/.local/lib/python3.7/site-packages/airflow/example_dags/example_branch_operator.py
[2023-01-31T13:17:26.834+0000] {processor.py:753} INFO - DAG(s) dict_keys(['example_branch_operator']) retrieved from /home/airflow/.local/lib/python3.7/site-packages/airflow/example_dags/example_branch_operator.py
[2023-01-31T13:17:26.864+0000] {logging_mixin.py:137} INFO - [2023-01-31T13:17:26.863+0000] {dag.py:2690} INFO - Sync 1 DAGs
[2023-01-31T13:17:26.895+0000] {logging_mixin.py:137} INFO - [2023-01-31T13:17:26.895+0000] {dag.py:3441} INFO - Setting next_dagrun for example_branch_operator to 2023-01-30T00:00:00+00:00, run_after=2023-01-31T00:00:00+00:00
[2023-01-31T13:17:26.923+0000] {processor.py:175} INFO - Processing /home/airflow/.local/lib/python3.7/site-packages/airflow/example_dags/example_branch_operator.py took 0.112 seconds
[2023-01-31T13:17:57.575+0000] {processor.py:153} INFO - Started process (PID=2267) to work on /home/airflow/.local/lib/python3.7/site-packages/airflow/example_dags/example_branch_operator.py
[2023-01-31T13:17:57.576+0000] {processor.py:743} INFO - Processing file /home/airflow/.local/lib/python3.7/site-packages/airflow/example_dags/example_branch_operator.py for tasks to queue
[2023-01-31T13:17:57.576+0000] {logging_mixin.py:137} INFO - [2023-01-31T13:17:57.576+0000] {dagbag.py:538} INFO - Filling up the DagBag from /home/airflow/.local/lib/python3.7/site-packages/airflow/example_dags/example_branch_operator.py
[2023-01-31T13:17:57.595+0000] {processor.py:753} INFO - DAG(s) dict_keys(['example_branch_operator']) retrieved from /home/airflow/.local/lib/python3.7/site-packages/airflow/example_dags/example_branch_operator.py
[2023-01-31T13:17:57.628+0000] {logging_mixin.py:137} INFO - [2023-01-31T13:17:57.628+0000] {dag.py:2690} INFO - Sync 1 DAGs
[2023-01-31T13:17:57.657+0000] {logging_mixin.py:137} INFO - [2023-01-31T13:17:57.656+0000] {dag.py:3441} INFO - Setting next_dagrun for example_branch_operator to 2023-01-30T00:00:00+00:00, run_after=2023-01-31T00:00:00+00:00
[2023-01-31T13:17:57.687+0000] {processor.py:175} INFO - Processing /home/airflow/.local/lib/python3.7/site-packages/airflow/example_dags/example_branch_operator.py took 0.117 seconds
[2023-01-31T13:18:27.839+0000] {processor.py:153} INFO - Started process (PID=2334) to work on /home/airflow/.local/lib/python3.7/site-packages/airflow/example_dags/example_branch_operator.py
[2023-01-31T13:18:27.840+0000] {processor.py:743} INFO - Processing file /home/airflow/.local/lib/python3.7/site-packages/airflow/example_dags/example_branch_operator.py for tasks to queue
[2023-01-31T13:18:27.840+0000] {logging_mixin.py:137} INFO - [2023-01-31T13:18:27.840+0000] {dagbag.py:538} INFO - Filling up the DagBag from /home/airflow/.local/lib/python3.7/site-packages/airflow/example_dags/example_branch_operator.py
[2023-01-31T13:18:27.858+0000] {processor.py:753} INFO - DAG(s) dict_keys(['example_branch_operator']) retrieved from /home/airflow/.local/lib/python3.7/site-packages/airflow/example_dags/example_branch_operator.py
[2023-01-31T13:18:27.887+0000] {logging_mixin.py:137} INFO - [2023-01-31T13:18:27.887+0000] {dag.py:2690} INFO - Sync 1 DAGs
[2023-01-31T13:18:27.914+0000] {logging_mixin.py:137} INFO - [2023-01-31T13:18:27.914+0000] {dag.py:3441} INFO - Setting next_dagrun for example_branch_operator to 2023-01-30T00:00:00+00:00, run_after=2023-01-31T00:00:00+00:00
[2023-01-31T13:18:27.941+0000] {processor.py:175} INFO - Processing /home/airflow/.local/lib/python3.7/site-packages/airflow/example_dags/example_branch_operator.py took 0.107 seconds
[2023-01-31T13:18:58.429+0000] {processor.py:153} INFO - Started process (PID=2410) to work on /home/airflow/.local/lib/python3.7/site-packages/airflow/example_dags/example_branch_operator.py
[2023-01-31T13:18:58.434+0000] {processor.py:743} INFO - Processing file /home/airflow/.local/lib/python3.7/site-packages/airflow/example_dags/example_branch_operator.py for tasks to queue
[2023-01-31T13:18:58.435+0000] {logging_mixin.py:137} INFO - [2023-01-31T13:18:58.435+0000] {dagbag.py:538} INFO - Filling up the DagBag from /home/airflow/.local/lib/python3.7/site-packages/airflow/example_dags/example_branch_operator.py
[2023-01-31T13:18:58.469+0000] {processor.py:753} INFO - DAG(s) dict_keys(['example_branch_operator']) retrieved from /home/airflow/.local/lib/python3.7/site-packages/airflow/example_dags/example_branch_operator.py
[2023-01-31T13:18:58.510+0000] {logging_mixin.py:137} INFO - [2023-01-31T13:18:58.510+0000] {dag.py:2690} INFO - Sync 1 DAGs
[2023-01-31T13:18:58.552+0000] {logging_mixin.py:137} INFO - [2023-01-31T13:18:58.552+0000] {dag.py:3441} INFO - Setting next_dagrun for example_branch_operator to 2023-01-30T00:00:00+00:00, run_after=2023-01-31T00:00:00+00:00
[2023-01-31T13:18:58.588+0000] {processor.py:175} INFO - Processing /home/airflow/.local/lib/python3.7/site-packages/airflow/example_dags/example_branch_operator.py took 0.164 seconds
[2023-01-31T13:19:29.598+0000] {processor.py:153} INFO - Started process (PID=2477) to work on /home/airflow/.local/lib/python3.7/site-packages/airflow/example_dags/example_branch_operator.py
[2023-01-31T13:19:29.600+0000] {processor.py:743} INFO - Processing file /home/airflow/.local/lib/python3.7/site-packages/airflow/example_dags/example_branch_operator.py for tasks to queue
[2023-01-31T13:19:29.601+0000] {logging_mixin.py:137} INFO - [2023-01-31T13:19:29.600+0000] {dagbag.py:538} INFO - Filling up the DagBag from /home/airflow/.local/lib/python3.7/site-packages/airflow/example_dags/example_branch_operator.py
[2023-01-31T13:19:29.620+0000] {processor.py:753} INFO - DAG(s) dict_keys(['example_branch_operator']) retrieved from /home/airflow/.local/lib/python3.7/site-packages/airflow/example_dags/example_branch_operator.py
[2023-01-31T13:19:29.668+0000] {logging_mixin.py:137} INFO - [2023-01-31T13:19:29.668+0000] {dag.py:2690} INFO - Sync 1 DAGs
[2023-01-31T13:19:29.714+0000] {logging_mixin.py:137} INFO - [2023-01-31T13:19:29.713+0000] {dag.py:3441} INFO - Setting next_dagrun for example_branch_operator to 2023-01-30T00:00:00+00:00, run_after=2023-01-31T00:00:00+00:00
[2023-01-31T13:19:29.745+0000] {processor.py:175} INFO - Processing /home/airflow/.local/lib/python3.7/site-packages/airflow/example_dags/example_branch_operator.py took 0.152 seconds
[2023-01-31T13:20:00.198+0000] {processor.py:153} INFO - Started process (PID=2550) to work on /home/airflow/.local/lib/python3.7/site-packages/airflow/example_dags/example_branch_operator.py
[2023-01-31T13:20:00.199+0000] {processor.py:743} INFO - Processing file /home/airflow/.local/lib/python3.7/site-packages/airflow/example_dags/example_branch_operator.py for tasks to queue
[2023-01-31T13:20:00.200+0000] {logging_mixin.py:137} INFO - [2023-01-31T13:20:00.200+0000] {dagbag.py:538} INFO - Filling up the DagBag from /home/airflow/.local/lib/python3.7/site-packages/airflow/example_dags/example_branch_operator.py
[2023-01-31T13:20:00.227+0000] {processor.py:753} INFO - DAG(s) dict_keys(['example_branch_operator']) retrieved from /home/airflow/.local/lib/python3.7/site-packages/airflow/example_dags/example_branch_operator.py
[2023-01-31T13:20:00.268+0000] {logging_mixin.py:137} INFO - [2023-01-31T13:20:00.268+0000] {dag.py:2690} INFO - Sync 1 DAGs
[2023-01-31T13:20:00.312+0000] {logging_mixin.py:137} INFO - [2023-01-31T13:20:00.312+0000] {dag.py:3441} INFO - Setting next_dagrun for example_branch_operator to 2023-01-30T00:00:00+00:00, run_after=2023-01-31T00:00:00+00:00
[2023-01-31T13:20:00.356+0000] {processor.py:175} INFO - Processing /home/airflow/.local/lib/python3.7/site-packages/airflow/example_dags/example_branch_operator.py took 0.165 seconds
[2023-01-31T13:20:30.583+0000] {processor.py:153} INFO - Started process (PID=2621) to work on /home/airflow/.local/lib/python3.7/site-packages/airflow/example_dags/example_branch_operator.py
[2023-01-31T13:20:30.585+0000] {processor.py:743} INFO - Processing file /home/airflow/.local/lib/python3.7/site-packages/airflow/example_dags/example_branch_operator.py for tasks to queue
[2023-01-31T13:20:30.586+0000] {logging_mixin.py:137} INFO - [2023-01-31T13:20:30.586+0000] {dagbag.py:538} INFO - Filling up the DagBag from /home/airflow/.local/lib/python3.7/site-packages/airflow/example_dags/example_branch_operator.py
[2023-01-31T13:20:30.605+0000] {processor.py:753} INFO - DAG(s) dict_keys(['example_branch_operator']) retrieved from /home/airflow/.local/lib/python3.7/site-packages/airflow/example_dags/example_branch_operator.py
[2023-01-31T13:20:30.634+0000] {logging_mixin.py:137} INFO - [2023-01-31T13:20:30.634+0000] {dag.py:2690} INFO - Sync 1 DAGs
[2023-01-31T13:20:30.666+0000] {logging_mixin.py:137} INFO - [2023-01-31T13:20:30.666+0000] {dag.py:3441} INFO - Setting next_dagrun for example_branch_operator to 2023-01-30T00:00:00+00:00, run_after=2023-01-31T00:00:00+00:00
[2023-01-31T13:20:30.691+0000] {processor.py:175} INFO - Processing /home/airflow/.local/lib/python3.7/site-packages/airflow/example_dags/example_branch_operator.py took 0.113 seconds
[2023-01-31T13:21:01.060+0000] {processor.py:153} INFO - Started process (PID=2686) to work on /home/airflow/.local/lib/python3.7/site-packages/airflow/example_dags/example_branch_operator.py
[2023-01-31T13:21:01.061+0000] {processor.py:743} INFO - Processing file /home/airflow/.local/lib/python3.7/site-packages/airflow/example_dags/example_branch_operator.py for tasks to queue
[2023-01-31T13:21:01.062+0000] {logging_mixin.py:137} INFO - [2023-01-31T13:21:01.062+0000] {dagbag.py:538} INFO - Filling up the DagBag from /home/airflow/.local/lib/python3.7/site-packages/airflow/example_dags/example_branch_operator.py
[2023-01-31T13:21:01.087+0000] {processor.py:753} INFO - DAG(s) dict_keys(['example_branch_operator']) retrieved from /home/airflow/.local/lib/python3.7/site-packages/airflow/example_dags/example_branch_operator.py
[2023-01-31T13:21:01.124+0000] {logging_mixin.py:137} INFO - [2023-01-31T13:21:01.123+0000] {dag.py:2690} INFO - Sync 1 DAGs
[2023-01-31T13:21:01.168+0000] {logging_mixin.py:137} INFO - [2023-01-31T13:21:01.168+0000] {dag.py:3441} INFO - Setting next_dagrun for example_branch_operator to 2023-01-30T00:00:00+00:00, run_after=2023-01-31T00:00:00+00:00
[2023-01-31T13:21:01.208+0000] {processor.py:175} INFO - Processing /home/airflow/.local/lib/python3.7/site-packages/airflow/example_dags/example_branch_operator.py took 0.153 seconds
[2023-01-31T13:21:31.594+0000] {processor.py:153} INFO - Started process (PID=2763) to work on /home/airflow/.local/lib/python3.7/site-packages/airflow/example_dags/example_branch_operator.py
[2023-01-31T13:21:31.595+0000] {processor.py:743} INFO - Processing file /home/airflow/.local/lib/python3.7/site-packages/airflow/example_dags/example_branch_operator.py for tasks to queue
[2023-01-31T13:21:31.596+0000] {logging_mixin.py:137} INFO - [2023-01-31T13:21:31.596+0000] {dagbag.py:538} INFO - Filling up the DagBag from /home/airflow/.local/lib/python3.7/site-packages/airflow/example_dags/example_branch_operator.py
[2023-01-31T13:21:31.620+0000] {processor.py:753} INFO - DAG(s) dict_keys(['example_branch_operator']) retrieved from /home/airflow/.local/lib/python3.7/site-packages/airflow/example_dags/example_branch_operator.py
[2023-01-31T13:21:31.656+0000] {logging_mixin.py:137} INFO - [2023-01-31T13:21:31.656+0000] {dag.py:2690} INFO - Sync 1 DAGs
[2023-01-31T13:21:31.686+0000] {logging_mixin.py:137} INFO - [2023-01-31T13:21:31.686+0000] {dag.py:3441} INFO - Setting next_dagrun for example_branch_operator to 2023-01-30T00:00:00+00:00, run_after=2023-01-31T00:00:00+00:00
[2023-01-31T13:21:31.719+0000] {processor.py:175} INFO - Processing /home/airflow/.local/lib/python3.7/site-packages/airflow/example_dags/example_branch_operator.py took 0.130 seconds
[2023-01-31T13:22:02.429+0000] {processor.py:153} INFO - Started process (PID=2830) to work on /home/airflow/.local/lib/python3.7/site-packages/airflow/example_dags/example_branch_operator.py
[2023-01-31T13:22:02.437+0000] {processor.py:743} INFO - Processing file /home/airflow/.local/lib/python3.7/site-packages/airflow/example_dags/example_branch_operator.py for tasks to queue
[2023-01-31T13:22:02.438+0000] {logging_mixin.py:137} INFO - [2023-01-31T13:22:02.438+0000] {dagbag.py:538} INFO - Filling up the DagBag from /home/airflow/.local/lib/python3.7/site-packages/airflow/example_dags/example_branch_operator.py
[2023-01-31T13:22:02.458+0000] {processor.py:753} INFO - DAG(s) dict_keys(['example_branch_operator']) retrieved from /home/airflow/.local/lib/python3.7/site-packages/airflow/example_dags/example_branch_operator.py
[2023-01-31T13:22:02.487+0000] {logging_mixin.py:137} INFO - [2023-01-31T13:22:02.487+0000] {dag.py:2690} INFO - Sync 1 DAGs
[2023-01-31T13:22:02.513+0000] {logging_mixin.py:137} INFO - [2023-01-31T13:22:02.513+0000] {dag.py:3441} INFO - Setting next_dagrun for example_branch_operator to 2023-01-30T00:00:00+00:00, run_after=2023-01-31T00:00:00+00:00
[2023-01-31T13:22:02.544+0000] {processor.py:175} INFO - Processing /home/airflow/.local/lib/python3.7/site-packages/airflow/example_dags/example_branch_operator.py took 0.121 seconds
[2023-01-31T13:22:32.956+0000] {processor.py:153} INFO - Started process (PID=2904) to work on /home/airflow/.local/lib/python3.7/site-packages/airflow/example_dags/example_branch_operator.py
[2023-01-31T13:22:32.958+0000] {processor.py:743} INFO - Processing file /home/airflow/.local/lib/python3.7/site-packages/airflow/example_dags/example_branch_operator.py for tasks to queue
[2023-01-31T13:22:32.959+0000] {logging_mixin.py:137} INFO - [2023-01-31T13:22:32.959+0000] {dagbag.py:538} INFO - Filling up the DagBag from /home/airflow/.local/lib/python3.7/site-packages/airflow/example_dags/example_branch_operator.py
[2023-01-31T13:22:32.986+0000] {processor.py:753} INFO - DAG(s) dict_keys(['example_branch_operator']) retrieved from /home/airflow/.local/lib/python3.7/site-packages/airflow/example_dags/example_branch_operator.py
[2023-01-31T13:22:33.025+0000] {logging_mixin.py:137} INFO - [2023-01-31T13:22:33.025+0000] {dag.py:2690} INFO - Sync 1 DAGs
[2023-01-31T13:22:33.068+0000] {logging_mixin.py:137} INFO - [2023-01-31T13:22:33.068+0000] {dag.py:3441} INFO - Setting next_dagrun for example_branch_operator to 2023-01-30T00:00:00+00:00, run_after=2023-01-31T00:00:00+00:00
[2023-01-31T13:22:33.112+0000] {processor.py:175} INFO - Processing /home/airflow/.local/lib/python3.7/site-packages/airflow/example_dags/example_branch_operator.py took 0.161 seconds
[2023-01-31T13:23:03.344+0000] {processor.py:153} INFO - Started process (PID=2973) to work on /home/airflow/.local/lib/python3.7/site-packages/airflow/example_dags/example_branch_operator.py
[2023-01-31T13:23:03.346+0000] {processor.py:743} INFO - Processing file /home/airflow/.local/lib/python3.7/site-packages/airflow/example_dags/example_branch_operator.py for tasks to queue
[2023-01-31T13:23:03.347+0000] {logging_mixin.py:137} INFO - [2023-01-31T13:23:03.347+0000] {dagbag.py:538} INFO - Filling up the DagBag from /home/airflow/.local/lib/python3.7/site-packages/airflow/example_dags/example_branch_operator.py
[2023-01-31T13:23:03.373+0000] {processor.py:753} INFO - DAG(s) dict_keys(['example_branch_operator']) retrieved from /home/airflow/.local/lib/python3.7/site-packages/airflow/example_dags/example_branch_operator.py
[2023-01-31T13:23:03.406+0000] {logging_mixin.py:137} INFO - [2023-01-31T13:23:03.406+0000] {dag.py:2690} INFO - Sync 1 DAGs
[2023-01-31T13:23:03.435+0000] {logging_mixin.py:137} INFO - [2023-01-31T13:23:03.434+0000] {dag.py:3441} INFO - Setting next_dagrun for example_branch_operator to 2023-01-30T00:00:00+00:00, run_after=2023-01-31T00:00:00+00:00
[2023-01-31T13:23:03.462+0000] {processor.py:175} INFO - Processing /home/airflow/.local/lib/python3.7/site-packages/airflow/example_dags/example_branch_operator.py took 0.123 seconds
[2023-01-31T13:23:33.828+0000] {processor.py:153} INFO - Started process (PID=3037) to work on /home/airflow/.local/lib/python3.7/site-packages/airflow/example_dags/example_branch_operator.py
[2023-01-31T13:23:33.830+0000] {processor.py:743} INFO - Processing file /home/airflow/.local/lib/python3.7/site-packages/airflow/example_dags/example_branch_operator.py for tasks to queue
[2023-01-31T13:23:33.830+0000] {logging_mixin.py:137} INFO - [2023-01-31T13:23:33.830+0000] {dagbag.py:538} INFO - Filling up the DagBag from /home/airflow/.local/lib/python3.7/site-packages/airflow/example_dags/example_branch_operator.py
[2023-01-31T13:23:33.848+0000] {processor.py:753} INFO - DAG(s) dict_keys(['example_branch_operator']) retrieved from /home/airflow/.local/lib/python3.7/site-packages/airflow/example_dags/example_branch_operator.py
[2023-01-31T13:23:33.876+0000] {logging_mixin.py:137} INFO - [2023-01-31T13:23:33.876+0000] {dag.py:2690} INFO - Sync 1 DAGs
[2023-01-31T13:23:33.901+0000] {logging_mixin.py:137} INFO - [2023-01-31T13:23:33.901+0000] {dag.py:3441} INFO - Setting next_dagrun for example_branch_operator to 2023-01-30T00:00:00+00:00, run_after=2023-01-31T00:00:00+00:00
[2023-01-31T13:23:33.927+0000] {processor.py:175} INFO - Processing /home/airflow/.local/lib/python3.7/site-packages/airflow/example_dags/example_branch_operator.py took 0.103 seconds
[2023-01-31T13:24:04.149+0000] {processor.py:153} INFO - Started process (PID=3114) to work on /home/airflow/.local/lib/python3.7/site-packages/airflow/example_dags/example_branch_operator.py
[2023-01-31T13:24:04.150+0000] {processor.py:743} INFO - Processing file /home/airflow/.local/lib/python3.7/site-packages/airflow/example_dags/example_branch_operator.py for tasks to queue
[2023-01-31T13:24:04.151+0000] {logging_mixin.py:137} INFO - [2023-01-31T13:24:04.150+0000] {dagbag.py:538} INFO - Filling up the DagBag from /home/airflow/.local/lib/python3.7/site-packages/airflow/example_dags/example_branch_operator.py
[2023-01-31T13:24:04.169+0000] {processor.py:753} INFO - DAG(s) dict_keys(['example_branch_operator']) retrieved from /home/airflow/.local/lib/python3.7/site-packages/airflow/example_dags/example_branch_operator.py
[2023-01-31T13:24:04.198+0000] {logging_mixin.py:137} INFO - [2023-01-31T13:24:04.198+0000] {dag.py:2690} INFO - Sync 1 DAGs
[2023-01-31T13:24:04.227+0000] {logging_mixin.py:137} INFO - [2023-01-31T13:24:04.227+0000] {dag.py:3441} INFO - Setting next_dagrun for example_branch_operator to 2023-01-30T00:00:00+00:00, run_after=2023-01-31T00:00:00+00:00
[2023-01-31T13:24:04.253+0000] {processor.py:175} INFO - Processing /home/airflow/.local/lib/python3.7/site-packages/airflow/example_dags/example_branch_operator.py took 0.108 seconds
[2023-01-31T13:24:34.943+0000] {processor.py:153} INFO - Started process (PID=3181) to work on /home/airflow/.local/lib/python3.7/site-packages/airflow/example_dags/example_branch_operator.py
[2023-01-31T13:24:34.944+0000] {processor.py:743} INFO - Processing file /home/airflow/.local/lib/python3.7/site-packages/airflow/example_dags/example_branch_operator.py for tasks to queue
[2023-01-31T13:24:34.945+0000] {logging_mixin.py:137} INFO - [2023-01-31T13:24:34.945+0000] {dagbag.py:538} INFO - Filling up the DagBag from /home/airflow/.local/lib/python3.7/site-packages/airflow/example_dags/example_branch_operator.py
[2023-01-31T13:24:34.972+0000] {processor.py:753} INFO - DAG(s) dict_keys(['example_branch_operator']) retrieved from /home/airflow/.local/lib/python3.7/site-packages/airflow/example_dags/example_branch_operator.py
[2023-01-31T13:24:35.019+0000] {logging_mixin.py:137} INFO - [2023-01-31T13:24:35.019+0000] {dag.py:2690} INFO - Sync 1 DAGs
[2023-01-31T13:24:35.060+0000] {logging_mixin.py:137} INFO - [2023-01-31T13:24:35.060+0000] {dag.py:3441} INFO - Setting next_dagrun for example_branch_operator to 2023-01-30T00:00:00+00:00, run_after=2023-01-31T00:00:00+00:00
[2023-01-31T13:24:35.101+0000] {processor.py:175} INFO - Processing /home/airflow/.local/lib/python3.7/site-packages/airflow/example_dags/example_branch_operator.py took 0.164 seconds
[2023-01-31T13:25:05.578+0000] {processor.py:153} INFO - Started process (PID=3258) to work on /home/airflow/.local/lib/python3.7/site-packages/airflow/example_dags/example_branch_operator.py
[2023-01-31T13:25:05.579+0000] {processor.py:743} INFO - Processing file /home/airflow/.local/lib/python3.7/site-packages/airflow/example_dags/example_branch_operator.py for tasks to queue
[2023-01-31T13:25:05.580+0000] {logging_mixin.py:137} INFO - [2023-01-31T13:25:05.580+0000] {dagbag.py:538} INFO - Filling up the DagBag from /home/airflow/.local/lib/python3.7/site-packages/airflow/example_dags/example_branch_operator.py
[2023-01-31T13:25:05.598+0000] {processor.py:753} INFO - DAG(s) dict_keys(['example_branch_operator']) retrieved from /home/airflow/.local/lib/python3.7/site-packages/airflow/example_dags/example_branch_operator.py
[2023-01-31T13:25:05.628+0000] {logging_mixin.py:137} INFO - [2023-01-31T13:25:05.627+0000] {dag.py:2690} INFO - Sync 1 DAGs
[2023-01-31T13:25:05.655+0000] {logging_mixin.py:137} INFO - [2023-01-31T13:25:05.655+0000] {dag.py:3441} INFO - Setting next_dagrun for example_branch_operator to 2023-01-30T00:00:00+00:00, run_after=2023-01-31T00:00:00+00:00
[2023-01-31T13:25:05.681+0000] {processor.py:175} INFO - Processing /home/airflow/.local/lib/python3.7/site-packages/airflow/example_dags/example_branch_operator.py took 0.108 seconds
[2023-01-31T13:25:35.725+0000] {processor.py:153} INFO - Started process (PID=3323) to work on /home/airflow/.local/lib/python3.7/site-packages/airflow/example_dags/example_branch_operator.py
[2023-01-31T13:25:35.726+0000] {processor.py:743} INFO - Processing file /home/airflow/.local/lib/python3.7/site-packages/airflow/example_dags/example_branch_operator.py for tasks to queue
[2023-01-31T13:25:35.727+0000] {logging_mixin.py:137} INFO - [2023-01-31T13:25:35.727+0000] {dagbag.py:538} INFO - Filling up the DagBag from /home/airflow/.local/lib/python3.7/site-packages/airflow/example_dags/example_branch_operator.py
[2023-01-31T13:25:35.752+0000] {processor.py:753} INFO - DAG(s) dict_keys(['example_branch_operator']) retrieved from /home/airflow/.local/lib/python3.7/site-packages/airflow/example_dags/example_branch_operator.py
[2023-01-31T13:25:35.791+0000] {logging_mixin.py:137} INFO - [2023-01-31T13:25:35.791+0000] {dag.py:2690} INFO - Sync 1 DAGs
[2023-01-31T13:25:35.831+0000] {logging_mixin.py:137} INFO - [2023-01-31T13:25:35.831+0000] {dag.py:3441} INFO - Setting next_dagrun for example_branch_operator to 2023-01-30T00:00:00+00:00, run_after=2023-01-31T00:00:00+00:00
[2023-01-31T13:25:35.860+0000] {processor.py:175} INFO - Processing /home/airflow/.local/lib/python3.7/site-packages/airflow/example_dags/example_branch_operator.py took 0.140 seconds
[2023-01-31T13:26:06.473+0000] {processor.py:153} INFO - Started process (PID=3402) to work on /home/airflow/.local/lib/python3.7/site-packages/airflow/example_dags/example_branch_operator.py
[2023-01-31T13:26:06.475+0000] {processor.py:743} INFO - Processing file /home/airflow/.local/lib/python3.7/site-packages/airflow/example_dags/example_branch_operator.py for tasks to queue
[2023-01-31T13:26:06.476+0000] {logging_mixin.py:137} INFO - [2023-01-31T13:26:06.475+0000] {dagbag.py:538} INFO - Filling up the DagBag from /home/airflow/.local/lib/python3.7/site-packages/airflow/example_dags/example_branch_operator.py
[2023-01-31T13:26:06.499+0000] {processor.py:753} INFO - DAG(s) dict_keys(['example_branch_operator']) retrieved from /home/airflow/.local/lib/python3.7/site-packages/airflow/example_dags/example_branch_operator.py
[2023-01-31T13:26:06.530+0000] {logging_mixin.py:137} INFO - [2023-01-31T13:26:06.530+0000] {dag.py:2690} INFO - Sync 1 DAGs
[2023-01-31T13:26:06.571+0000] {logging_mixin.py:137} INFO - [2023-01-31T13:26:06.570+0000] {dag.py:3441} INFO - Setting next_dagrun for example_branch_operator to 2023-01-30T00:00:00+00:00, run_after=2023-01-31T00:00:00+00:00
[2023-01-31T13:26:06.601+0000] {processor.py:175} INFO - Processing /home/airflow/.local/lib/python3.7/site-packages/airflow/example_dags/example_branch_operator.py took 0.132 seconds
[2023-01-31T13:26:37.502+0000] {processor.py:153} INFO - Started process (PID=3468) to work on /home/airflow/.local/lib/python3.7/site-packages/airflow/example_dags/example_branch_operator.py
[2023-01-31T13:26:37.503+0000] {processor.py:743} INFO - Processing file /home/airflow/.local/lib/python3.7/site-packages/airflow/example_dags/example_branch_operator.py for tasks to queue
[2023-01-31T13:26:37.503+0000] {logging_mixin.py:137} INFO - [2023-01-31T13:26:37.503+0000] {dagbag.py:538} INFO - Filling up the DagBag from /home/airflow/.local/lib/python3.7/site-packages/airflow/example_dags/example_branch_operator.py
[2023-01-31T13:26:37.522+0000] {processor.py:753} INFO - DAG(s) dict_keys(['example_branch_operator']) retrieved from /home/airflow/.local/lib/python3.7/site-packages/airflow/example_dags/example_branch_operator.py
[2023-01-31T13:26:37.558+0000] {logging_mixin.py:137} INFO - [2023-01-31T13:26:37.558+0000] {dag.py:2690} INFO - Sync 1 DAGs
[2023-01-31T13:26:37.601+0000] {logging_mixin.py:137} INFO - [2023-01-31T13:26:37.601+0000] {dag.py:3441} INFO - Setting next_dagrun for example_branch_operator to 2023-01-30T00:00:00+00:00, run_after=2023-01-31T00:00:00+00:00
[2023-01-31T13:26:37.635+0000] {processor.py:175} INFO - Processing /home/airflow/.local/lib/python3.7/site-packages/airflow/example_dags/example_branch_operator.py took 0.138 seconds
[2023-01-31T13:27:07.773+0000] {processor.py:153} INFO - Started process (PID=3545) to work on /home/airflow/.local/lib/python3.7/site-packages/airflow/example_dags/example_branch_operator.py
[2023-01-31T13:27:07.774+0000] {processor.py:743} INFO - Processing file /home/airflow/.local/lib/python3.7/site-packages/airflow/example_dags/example_branch_operator.py for tasks to queue
[2023-01-31T13:27:07.775+0000] {logging_mixin.py:137} INFO - [2023-01-31T13:27:07.775+0000] {dagbag.py:538} INFO - Filling up the DagBag from /home/airflow/.local/lib/python3.7/site-packages/airflow/example_dags/example_branch_operator.py
[2023-01-31T13:27:07.799+0000] {processor.py:753} INFO - DAG(s) dict_keys(['example_branch_operator']) retrieved from /home/airflow/.local/lib/python3.7/site-packages/airflow/example_dags/example_branch_operator.py
[2023-01-31T13:27:07.839+0000] {logging_mixin.py:137} INFO - [2023-01-31T13:27:07.839+0000] {dag.py:2690} INFO - Sync 1 DAGs
[2023-01-31T13:27:07.874+0000] {logging_mixin.py:137} INFO - [2023-01-31T13:27:07.874+0000] {dag.py:3441} INFO - Setting next_dagrun for example_branch_operator to 2023-01-30T00:00:00+00:00, run_after=2023-01-31T00:00:00+00:00
[2023-01-31T13:27:07.908+0000] {processor.py:175} INFO - Processing /home/airflow/.local/lib/python3.7/site-packages/airflow/example_dags/example_branch_operator.py took 0.141 seconds
[2023-01-31T13:27:37.984+0000] {processor.py:153} INFO - Started process (PID=3611) to work on /home/airflow/.local/lib/python3.7/site-packages/airflow/example_dags/example_branch_operator.py
[2023-01-31T13:27:37.985+0000] {processor.py:743} INFO - Processing file /home/airflow/.local/lib/python3.7/site-packages/airflow/example_dags/example_branch_operator.py for tasks to queue
[2023-01-31T13:27:37.986+0000] {logging_mixin.py:137} INFO - [2023-01-31T13:27:37.986+0000] {dagbag.py:538} INFO - Filling up the DagBag from /home/airflow/.local/lib/python3.7/site-packages/airflow/example_dags/example_branch_operator.py
[2023-01-31T13:27:38.004+0000] {processor.py:753} INFO - DAG(s) dict_keys(['example_branch_operator']) retrieved from /home/airflow/.local/lib/python3.7/site-packages/airflow/example_dags/example_branch_operator.py
[2023-01-31T13:27:38.034+0000] {logging_mixin.py:137} INFO - [2023-01-31T13:27:38.034+0000] {dag.py:2690} INFO - Sync 1 DAGs
[2023-01-31T13:27:38.061+0000] {logging_mixin.py:137} INFO - [2023-01-31T13:27:38.061+0000] {dag.py:3441} INFO - Setting next_dagrun for example_branch_operator to 2023-01-30T00:00:00+00:00, run_after=2023-01-31T00:00:00+00:00
[2023-01-31T13:27:38.087+0000] {processor.py:175} INFO - Processing /home/airflow/.local/lib/python3.7/site-packages/airflow/example_dags/example_branch_operator.py took 0.107 seconds
[2023-01-31T13:28:08.210+0000] {processor.py:153} INFO - Started process (PID=3686) to work on /home/airflow/.local/lib/python3.7/site-packages/airflow/example_dags/example_branch_operator.py
[2023-01-31T13:28:08.211+0000] {processor.py:743} INFO - Processing file /home/airflow/.local/lib/python3.7/site-packages/airflow/example_dags/example_branch_operator.py for tasks to queue
[2023-01-31T13:28:08.212+0000] {logging_mixin.py:137} INFO - [2023-01-31T13:28:08.212+0000] {dagbag.py:538} INFO - Filling up the DagBag from /home/airflow/.local/lib/python3.7/site-packages/airflow/example_dags/example_branch_operator.py
[2023-01-31T13:28:08.229+0000] {processor.py:753} INFO - DAG(s) dict_keys(['example_branch_operator']) retrieved from /home/airflow/.local/lib/python3.7/site-packages/airflow/example_dags/example_branch_operator.py
[2023-01-31T13:28:08.265+0000] {logging_mixin.py:137} INFO - [2023-01-31T13:28:08.264+0000] {dag.py:2690} INFO - Sync 1 DAGs
[2023-01-31T13:28:08.304+0000] {logging_mixin.py:137} INFO - [2023-01-31T13:28:08.304+0000] {dag.py:3441} INFO - Setting next_dagrun for example_branch_operator to 2023-01-30T00:00:00+00:00, run_after=2023-01-31T00:00:00+00:00
[2023-01-31T13:28:08.333+0000] {processor.py:175} INFO - Processing /home/airflow/.local/lib/python3.7/site-packages/airflow/example_dags/example_branch_operator.py took 0.128 seconds
[2023-01-31T13:28:38.579+0000] {processor.py:153} INFO - Started process (PID=3754) to work on /home/airflow/.local/lib/python3.7/site-packages/airflow/example_dags/example_branch_operator.py
[2023-01-31T13:28:38.580+0000] {processor.py:743} INFO - Processing file /home/airflow/.local/lib/python3.7/site-packages/airflow/example_dags/example_branch_operator.py for tasks to queue
[2023-01-31T13:28:38.581+0000] {logging_mixin.py:137} INFO - [2023-01-31T13:28:38.581+0000] {dagbag.py:538} INFO - Filling up the DagBag from /home/airflow/.local/lib/python3.7/site-packages/airflow/example_dags/example_branch_operator.py
[2023-01-31T13:28:38.606+0000] {processor.py:753} INFO - DAG(s) dict_keys(['example_branch_operator']) retrieved from /home/airflow/.local/lib/python3.7/site-packages/airflow/example_dags/example_branch_operator.py
[2023-01-31T13:28:38.645+0000] {logging_mixin.py:137} INFO - [2023-01-31T13:28:38.645+0000] {dag.py:2690} INFO - Sync 1 DAGs
[2023-01-31T13:28:38.688+0000] {logging_mixin.py:137} INFO - [2023-01-31T13:28:38.688+0000] {dag.py:3441} INFO - Setting next_dagrun for example_branch_operator to 2023-01-30T00:00:00+00:00, run_after=2023-01-31T00:00:00+00:00
[2023-01-31T13:28:38.723+0000] {processor.py:175} INFO - Processing /home/airflow/.local/lib/python3.7/site-packages/airflow/example_dags/example_branch_operator.py took 0.149 seconds
[2023-01-31T13:29:08.965+0000] {processor.py:153} INFO - Started process (PID=3821) to work on /home/airflow/.local/lib/python3.7/site-packages/airflow/example_dags/example_branch_operator.py
[2023-01-31T13:29:08.968+0000] {processor.py:743} INFO - Processing file /home/airflow/.local/lib/python3.7/site-packages/airflow/example_dags/example_branch_operator.py for tasks to queue
[2023-01-31T13:29:08.969+0000] {logging_mixin.py:137} INFO - [2023-01-31T13:29:08.969+0000] {dagbag.py:538} INFO - Filling up the DagBag from /home/airflow/.local/lib/python3.7/site-packages/airflow/example_dags/example_branch_operator.py
[2023-01-31T13:29:08.992+0000] {processor.py:753} INFO - DAG(s) dict_keys(['example_branch_operator']) retrieved from /home/airflow/.local/lib/python3.7/site-packages/airflow/example_dags/example_branch_operator.py
[2023-01-31T13:29:09.027+0000] {logging_mixin.py:137} INFO - [2023-01-31T13:29:09.027+0000] {dag.py:2690} INFO - Sync 1 DAGs
[2023-01-31T13:29:09.061+0000] {logging_mixin.py:137} INFO - [2023-01-31T13:29:09.061+0000] {dag.py:3441} INFO - Setting next_dagrun for example_branch_operator to 2023-01-30T00:00:00+00:00, run_after=2023-01-31T00:00:00+00:00
[2023-01-31T13:29:09.091+0000] {processor.py:175} INFO - Processing /home/airflow/.local/lib/python3.7/site-packages/airflow/example_dags/example_branch_operator.py took 0.134 seconds
[2023-01-31T13:29:39.394+0000] {processor.py:153} INFO - Started process (PID=3899) to work on /home/airflow/.local/lib/python3.7/site-packages/airflow/example_dags/example_branch_operator.py
[2023-01-31T13:29:39.396+0000] {processor.py:743} INFO - Processing file /home/airflow/.local/lib/python3.7/site-packages/airflow/example_dags/example_branch_operator.py for tasks to queue
[2023-01-31T13:29:39.397+0000] {logging_mixin.py:137} INFO - [2023-01-31T13:29:39.396+0000] {dagbag.py:538} INFO - Filling up the DagBag from /home/airflow/.local/lib/python3.7/site-packages/airflow/example_dags/example_branch_operator.py
[2023-01-31T13:29:39.417+0000] {processor.py:753} INFO - DAG(s) dict_keys(['example_branch_operator']) retrieved from /home/airflow/.local/lib/python3.7/site-packages/airflow/example_dags/example_branch_operator.py
[2023-01-31T13:29:39.468+0000] {logging_mixin.py:137} INFO - [2023-01-31T13:29:39.468+0000] {dag.py:2690} INFO - Sync 1 DAGs
[2023-01-31T13:29:39.515+0000] {logging_mixin.py:137} INFO - [2023-01-31T13:29:39.515+0000] {dag.py:3441} INFO - Setting next_dagrun for example_branch_operator to 2023-01-30T00:00:00+00:00, run_after=2023-01-31T00:00:00+00:00
[2023-01-31T13:29:39.575+0000] {processor.py:175} INFO - Processing /home/airflow/.local/lib/python3.7/site-packages/airflow/example_dags/example_branch_operator.py took 0.187 seconds
[2023-01-31T13:30:09.845+0000] {processor.py:153} INFO - Started process (PID=3966) to work on /home/airflow/.local/lib/python3.7/site-packages/airflow/example_dags/example_branch_operator.py
[2023-01-31T13:30:09.846+0000] {processor.py:743} INFO - Processing file /home/airflow/.local/lib/python3.7/site-packages/airflow/example_dags/example_branch_operator.py for tasks to queue
[2023-01-31T13:30:09.847+0000] {logging_mixin.py:137} INFO - [2023-01-31T13:30:09.847+0000] {dagbag.py:538} INFO - Filling up the DagBag from /home/airflow/.local/lib/python3.7/site-packages/airflow/example_dags/example_branch_operator.py
[2023-01-31T13:30:09.865+0000] {processor.py:753} INFO - DAG(s) dict_keys(['example_branch_operator']) retrieved from /home/airflow/.local/lib/python3.7/site-packages/airflow/example_dags/example_branch_operator.py
[2023-01-31T13:30:09.893+0000] {logging_mixin.py:137} INFO - [2023-01-31T13:30:09.893+0000] {dag.py:2690} INFO - Sync 1 DAGs
[2023-01-31T13:30:09.919+0000] {logging_mixin.py:137} INFO - [2023-01-31T13:30:09.919+0000] {dag.py:3441} INFO - Setting next_dagrun for example_branch_operator to 2023-01-30T00:00:00+00:00, run_after=2023-01-31T00:00:00+00:00
[2023-01-31T13:30:09.946+0000] {processor.py:175} INFO - Processing /home/airflow/.local/lib/python3.7/site-packages/airflow/example_dags/example_branch_operator.py took 0.106 seconds
[2023-01-31T13:30:40.336+0000] {processor.py:153} INFO - Started process (PID=4042) to work on /home/airflow/.local/lib/python3.7/site-packages/airflow/example_dags/example_branch_operator.py
[2023-01-31T13:30:40.338+0000] {processor.py:743} INFO - Processing file /home/airflow/.local/lib/python3.7/site-packages/airflow/example_dags/example_branch_operator.py for tasks to queue
[2023-01-31T13:30:40.339+0000] {logging_mixin.py:137} INFO - [2023-01-31T13:30:40.338+0000] {dagbag.py:538} INFO - Filling up the DagBag from /home/airflow/.local/lib/python3.7/site-packages/airflow/example_dags/example_branch_operator.py
[2023-01-31T13:30:40.364+0000] {processor.py:753} INFO - DAG(s) dict_keys(['example_branch_operator']) retrieved from /home/airflow/.local/lib/python3.7/site-packages/airflow/example_dags/example_branch_operator.py
[2023-01-31T13:30:40.403+0000] {logging_mixin.py:137} INFO - [2023-01-31T13:30:40.403+0000] {dag.py:2690} INFO - Sync 1 DAGs
[2023-01-31T13:30:40.437+0000] {logging_mixin.py:137} INFO - [2023-01-31T13:30:40.437+0000] {dag.py:3441} INFO - Setting next_dagrun for example_branch_operator to 2023-01-30T00:00:00+00:00, run_after=2023-01-31T00:00:00+00:00
[2023-01-31T13:30:40.468+0000] {processor.py:175} INFO - Processing /home/airflow/.local/lib/python3.7/site-packages/airflow/example_dags/example_branch_operator.py took 0.137 seconds
[2023-01-31T13:31:10.770+0000] {processor.py:153} INFO - Started process (PID=4108) to work on /home/airflow/.local/lib/python3.7/site-packages/airflow/example_dags/example_branch_operator.py
[2023-01-31T13:31:10.771+0000] {processor.py:743} INFO - Processing file /home/airflow/.local/lib/python3.7/site-packages/airflow/example_dags/example_branch_operator.py for tasks to queue
[2023-01-31T13:31:10.772+0000] {logging_mixin.py:137} INFO - [2023-01-31T13:31:10.771+0000] {dagbag.py:538} INFO - Filling up the DagBag from /home/airflow/.local/lib/python3.7/site-packages/airflow/example_dags/example_branch_operator.py
[2023-01-31T13:31:10.790+0000] {processor.py:753} INFO - DAG(s) dict_keys(['example_branch_operator']) retrieved from /home/airflow/.local/lib/python3.7/site-packages/airflow/example_dags/example_branch_operator.py
[2023-01-31T13:31:10.821+0000] {logging_mixin.py:137} INFO - [2023-01-31T13:31:10.821+0000] {dag.py:2690} INFO - Sync 1 DAGs
[2023-01-31T13:31:10.849+0000] {logging_mixin.py:137} INFO - [2023-01-31T13:31:10.848+0000] {dag.py:3441} INFO - Setting next_dagrun for example_branch_operator to 2023-01-30T00:00:00+00:00, run_after=2023-01-31T00:00:00+00:00
[2023-01-31T13:31:10.876+0000] {processor.py:175} INFO - Processing /home/airflow/.local/lib/python3.7/site-packages/airflow/example_dags/example_branch_operator.py took 0.110 seconds
