[2023-01-31T13:02:14.774+0000] {processor.py:153} INFO - Started process (PID=99) to work on /home/airflow/.local/lib/python3.7/site-packages/airflow/example_dags/example_bash_operator.py
[2023-01-31T13:02:14.774+0000] {processor.py:743} INFO - Processing file /home/airflow/.local/lib/python3.7/site-packages/airflow/example_dags/example_bash_operator.py for tasks to queue
[2023-01-31T13:02:14.775+0000] {logging_mixin.py:137} INFO - [2023-01-31T13:02:14.775+0000] {dagbag.py:538} INFO - Filling up the DagBag from /home/airflow/.local/lib/python3.7/site-packages/airflow/example_dags/example_bash_operator.py
[2023-01-31T13:02:14.800+0000] {processor.py:753} INFO - DAG(s) dict_keys(['example_bash_operator']) retrieved from /home/airflow/.local/lib/python3.7/site-packages/airflow/example_dags/example_bash_operator.py
[2023-01-31T13:02:14.854+0000] {logging_mixin.py:137} INFO - [2023-01-31T13:02:14.854+0000] {dag.py:2690} INFO - Sync 1 DAGs
[2023-01-31T13:02:14.891+0000] {logging_mixin.py:137} INFO - [2023-01-31T13:02:14.891+0000] {dag.py:3441} INFO - Setting next_dagrun for example_bash_operator to 2023-01-30T00:00:00+00:00, run_after=2023-01-31T00:00:00+00:00
[2023-01-31T13:02:14.923+0000] {processor.py:175} INFO - Processing /home/airflow/.local/lib/python3.7/site-packages/airflow/example_dags/example_bash_operator.py took 0.154 seconds
[2023-01-31T13:02:45.076+0000] {processor.py:153} INFO - Started process (PID=165) to work on /home/airflow/.local/lib/python3.7/site-packages/airflow/example_dags/example_bash_operator.py
[2023-01-31T13:02:45.078+0000] {processor.py:743} INFO - Processing file /home/airflow/.local/lib/python3.7/site-packages/airflow/example_dags/example_bash_operator.py for tasks to queue
[2023-01-31T13:02:45.079+0000] {logging_mixin.py:137} INFO - [2023-01-31T13:02:45.079+0000] {dagbag.py:538} INFO - Filling up the DagBag from /home/airflow/.local/lib/python3.7/site-packages/airflow/example_dags/example_bash_operator.py
[2023-01-31T13:02:45.109+0000] {processor.py:753} INFO - DAG(s) dict_keys(['example_bash_operator']) retrieved from /home/airflow/.local/lib/python3.7/site-packages/airflow/example_dags/example_bash_operator.py
[2023-01-31T13:02:45.149+0000] {logging_mixin.py:137} INFO - [2023-01-31T13:02:45.149+0000] {dag.py:2690} INFO - Sync 1 DAGs
[2023-01-31T13:02:45.178+0000] {logging_mixin.py:137} INFO - [2023-01-31T13:02:45.178+0000] {dag.py:3441} INFO - Setting next_dagrun for example_bash_operator to 2023-01-30T00:00:00+00:00, run_after=2023-01-31T00:00:00+00:00
[2023-01-31T13:02:45.205+0000] {processor.py:175} INFO - Processing /home/airflow/.local/lib/python3.7/site-packages/airflow/example_dags/example_bash_operator.py took 0.134 seconds
[2023-01-31T13:03:15.782+0000] {processor.py:153} INFO - Started process (PID=242) to work on /home/airflow/.local/lib/python3.7/site-packages/airflow/example_dags/example_bash_operator.py
[2023-01-31T13:03:15.784+0000] {processor.py:743} INFO - Processing file /home/airflow/.local/lib/python3.7/site-packages/airflow/example_dags/example_bash_operator.py for tasks to queue
[2023-01-31T13:03:15.785+0000] {logging_mixin.py:137} INFO - [2023-01-31T13:03:15.784+0000] {dagbag.py:538} INFO - Filling up the DagBag from /home/airflow/.local/lib/python3.7/site-packages/airflow/example_dags/example_bash_operator.py
[2023-01-31T13:03:15.821+0000] {processor.py:753} INFO - DAG(s) dict_keys(['example_bash_operator']) retrieved from /home/airflow/.local/lib/python3.7/site-packages/airflow/example_dags/example_bash_operator.py
[2023-01-31T13:03:15.870+0000] {logging_mixin.py:137} INFO - [2023-01-31T13:03:15.870+0000] {dag.py:2690} INFO - Sync 1 DAGs
[2023-01-31T13:03:15.905+0000] {logging_mixin.py:137} INFO - [2023-01-31T13:03:15.905+0000] {dag.py:3441} INFO - Setting next_dagrun for example_bash_operator to 2023-01-30T00:00:00+00:00, run_after=2023-01-31T00:00:00+00:00
[2023-01-31T13:03:15.935+0000] {processor.py:175} INFO - Processing /home/airflow/.local/lib/python3.7/site-packages/airflow/example_dags/example_bash_operator.py took 0.158 seconds
[2023-01-31T13:03:45.991+0000] {processor.py:153} INFO - Started process (PID=307) to work on /home/airflow/.local/lib/python3.7/site-packages/airflow/example_dags/example_bash_operator.py
[2023-01-31T13:03:45.992+0000] {processor.py:743} INFO - Processing file /home/airflow/.local/lib/python3.7/site-packages/airflow/example_dags/example_bash_operator.py for tasks to queue
[2023-01-31T13:03:45.993+0000] {logging_mixin.py:137} INFO - [2023-01-31T13:03:45.993+0000] {dagbag.py:538} INFO - Filling up the DagBag from /home/airflow/.local/lib/python3.7/site-packages/airflow/example_dags/example_bash_operator.py
[2023-01-31T13:03:46.019+0000] {processor.py:753} INFO - DAG(s) dict_keys(['example_bash_operator']) retrieved from /home/airflow/.local/lib/python3.7/site-packages/airflow/example_dags/example_bash_operator.py
[2023-01-31T13:03:46.071+0000] {logging_mixin.py:137} INFO - [2023-01-31T13:03:46.071+0000] {dag.py:2690} INFO - Sync 1 DAGs
[2023-01-31T13:03:46.100+0000] {logging_mixin.py:137} INFO - [2023-01-31T13:03:46.100+0000] {dag.py:3441} INFO - Setting next_dagrun for example_bash_operator to 2023-01-30T00:00:00+00:00, run_after=2023-01-31T00:00:00+00:00
[2023-01-31T13:03:46.129+0000] {processor.py:175} INFO - Processing /home/airflow/.local/lib/python3.7/site-packages/airflow/example_dags/example_bash_operator.py took 0.142 seconds
[2023-01-31T13:04:16.679+0000] {processor.py:153} INFO - Started process (PID=382) to work on /home/airflow/.local/lib/python3.7/site-packages/airflow/example_dags/example_bash_operator.py
[2023-01-31T13:04:16.680+0000] {processor.py:743} INFO - Processing file /home/airflow/.local/lib/python3.7/site-packages/airflow/example_dags/example_bash_operator.py for tasks to queue
[2023-01-31T13:04:16.681+0000] {logging_mixin.py:137} INFO - [2023-01-31T13:04:16.681+0000] {dagbag.py:538} INFO - Filling up the DagBag from /home/airflow/.local/lib/python3.7/site-packages/airflow/example_dags/example_bash_operator.py
[2023-01-31T13:04:16.714+0000] {processor.py:753} INFO - DAG(s) dict_keys(['example_bash_operator']) retrieved from /home/airflow/.local/lib/python3.7/site-packages/airflow/example_dags/example_bash_operator.py
[2023-01-31T13:04:16.772+0000] {logging_mixin.py:137} INFO - [2023-01-31T13:04:16.772+0000] {dag.py:2690} INFO - Sync 1 DAGs
[2023-01-31T13:04:16.816+0000] {logging_mixin.py:137} INFO - [2023-01-31T13:04:16.816+0000] {dag.py:3441} INFO - Setting next_dagrun for example_bash_operator to 2023-01-30T00:00:00+00:00, run_after=2023-01-31T00:00:00+00:00
[2023-01-31T13:04:16.851+0000] {processor.py:175} INFO - Processing /home/airflow/.local/lib/python3.7/site-packages/airflow/example_dags/example_bash_operator.py took 0.177 seconds
[2023-01-31T13:04:47.593+0000] {processor.py:153} INFO - Started process (PID=452) to work on /home/airflow/.local/lib/python3.7/site-packages/airflow/example_dags/example_bash_operator.py
[2023-01-31T13:04:47.594+0000] {processor.py:743} INFO - Processing file /home/airflow/.local/lib/python3.7/site-packages/airflow/example_dags/example_bash_operator.py for tasks to queue
[2023-01-31T13:04:47.595+0000] {logging_mixin.py:137} INFO - [2023-01-31T13:04:47.595+0000] {dagbag.py:538} INFO - Filling up the DagBag from /home/airflow/.local/lib/python3.7/site-packages/airflow/example_dags/example_bash_operator.py
[2023-01-31T13:04:47.618+0000] {processor.py:753} INFO - DAG(s) dict_keys(['example_bash_operator']) retrieved from /home/airflow/.local/lib/python3.7/site-packages/airflow/example_dags/example_bash_operator.py
[2023-01-31T13:04:47.663+0000] {logging_mixin.py:137} INFO - [2023-01-31T13:04:47.663+0000] {dag.py:2690} INFO - Sync 1 DAGs
[2023-01-31T13:04:47.699+0000] {logging_mixin.py:137} INFO - [2023-01-31T13:04:47.699+0000] {dag.py:3441} INFO - Setting next_dagrun for example_bash_operator to 2023-01-30T00:00:00+00:00, run_after=2023-01-31T00:00:00+00:00
[2023-01-31T13:04:47.732+0000] {processor.py:175} INFO - Processing /home/airflow/.local/lib/python3.7/site-packages/airflow/example_dags/example_bash_operator.py took 0.144 seconds
[2023-01-31T13:05:17.991+0000] {processor.py:153} INFO - Started process (PID=517) to work on /home/airflow/.local/lib/python3.7/site-packages/airflow/example_dags/example_bash_operator.py
[2023-01-31T13:05:17.993+0000] {processor.py:743} INFO - Processing file /home/airflow/.local/lib/python3.7/site-packages/airflow/example_dags/example_bash_operator.py for tasks to queue
[2023-01-31T13:05:17.993+0000] {logging_mixin.py:137} INFO - [2023-01-31T13:05:17.993+0000] {dagbag.py:538} INFO - Filling up the DagBag from /home/airflow/.local/lib/python3.7/site-packages/airflow/example_dags/example_bash_operator.py
[2023-01-31T13:05:18.026+0000] {processor.py:753} INFO - DAG(s) dict_keys(['example_bash_operator']) retrieved from /home/airflow/.local/lib/python3.7/site-packages/airflow/example_dags/example_bash_operator.py
[2023-01-31T13:05:18.083+0000] {logging_mixin.py:137} INFO - [2023-01-31T13:05:18.083+0000] {dag.py:2690} INFO - Sync 1 DAGs
[2023-01-31T13:05:18.116+0000] {logging_mixin.py:137} INFO - [2023-01-31T13:05:18.116+0000] {dag.py:3441} INFO - Setting next_dagrun for example_bash_operator to 2023-01-30T00:00:00+00:00, run_after=2023-01-31T00:00:00+00:00
[2023-01-31T13:05:18.144+0000] {processor.py:175} INFO - Processing /home/airflow/.local/lib/python3.7/site-packages/airflow/example_dags/example_bash_operator.py took 0.157 seconds
[2023-01-31T13:05:48.331+0000] {processor.py:153} INFO - Started process (PID=595) to work on /home/airflow/.local/lib/python3.7/site-packages/airflow/example_dags/example_bash_operator.py
[2023-01-31T13:05:48.332+0000] {processor.py:743} INFO - Processing file /home/airflow/.local/lib/python3.7/site-packages/airflow/example_dags/example_bash_operator.py for tasks to queue
[2023-01-31T13:05:48.333+0000] {logging_mixin.py:137} INFO - [2023-01-31T13:05:48.333+0000] {dagbag.py:538} INFO - Filling up the DagBag from /home/airflow/.local/lib/python3.7/site-packages/airflow/example_dags/example_bash_operator.py
[2023-01-31T13:05:48.357+0000] {processor.py:753} INFO - DAG(s) dict_keys(['example_bash_operator']) retrieved from /home/airflow/.local/lib/python3.7/site-packages/airflow/example_dags/example_bash_operator.py
[2023-01-31T13:05:48.404+0000] {logging_mixin.py:137} INFO - [2023-01-31T13:05:48.404+0000] {dag.py:2690} INFO - Sync 1 DAGs
[2023-01-31T13:05:48.450+0000] {logging_mixin.py:137} INFO - [2023-01-31T13:05:48.449+0000] {dag.py:3441} INFO - Setting next_dagrun for example_bash_operator to 2023-01-30T00:00:00+00:00, run_after=2023-01-31T00:00:00+00:00
[2023-01-31T13:05:48.497+0000] {processor.py:175} INFO - Processing /home/airflow/.local/lib/python3.7/site-packages/airflow/example_dags/example_bash_operator.py took 0.173 seconds
[2023-01-31T13:06:18.712+0000] {processor.py:153} INFO - Started process (PID=662) to work on /home/airflow/.local/lib/python3.7/site-packages/airflow/example_dags/example_bash_operator.py
[2023-01-31T13:06:18.713+0000] {processor.py:743} INFO - Processing file /home/airflow/.local/lib/python3.7/site-packages/airflow/example_dags/example_bash_operator.py for tasks to queue
[2023-01-31T13:06:18.714+0000] {logging_mixin.py:137} INFO - [2023-01-31T13:06:18.714+0000] {dagbag.py:538} INFO - Filling up the DagBag from /home/airflow/.local/lib/python3.7/site-packages/airflow/example_dags/example_bash_operator.py
[2023-01-31T13:06:18.737+0000] {processor.py:753} INFO - DAG(s) dict_keys(['example_bash_operator']) retrieved from /home/airflow/.local/lib/python3.7/site-packages/airflow/example_dags/example_bash_operator.py
[2023-01-31T13:06:18.776+0000] {logging_mixin.py:137} INFO - [2023-01-31T13:06:18.776+0000] {dag.py:2690} INFO - Sync 1 DAGs
[2023-01-31T13:06:18.804+0000] {logging_mixin.py:137} INFO - [2023-01-31T13:06:18.804+0000] {dag.py:3441} INFO - Setting next_dagrun for example_bash_operator to 2023-01-30T00:00:00+00:00, run_after=2023-01-31T00:00:00+00:00
[2023-01-31T13:06:18.830+0000] {processor.py:175} INFO - Processing /home/airflow/.local/lib/python3.7/site-packages/airflow/example_dags/example_bash_operator.py took 0.123 seconds
[2023-01-31T13:06:49.546+0000] {processor.py:153} INFO - Started process (PID=740) to work on /home/airflow/.local/lib/python3.7/site-packages/airflow/example_dags/example_bash_operator.py
[2023-01-31T13:06:49.547+0000] {processor.py:743} INFO - Processing file /home/airflow/.local/lib/python3.7/site-packages/airflow/example_dags/example_bash_operator.py for tasks to queue
[2023-01-31T13:06:49.548+0000] {logging_mixin.py:137} INFO - [2023-01-31T13:06:49.548+0000] {dagbag.py:538} INFO - Filling up the DagBag from /home/airflow/.local/lib/python3.7/site-packages/airflow/example_dags/example_bash_operator.py
[2023-01-31T13:06:49.570+0000] {processor.py:753} INFO - DAG(s) dict_keys(['example_bash_operator']) retrieved from /home/airflow/.local/lib/python3.7/site-packages/airflow/example_dags/example_bash_operator.py
[2023-01-31T13:06:49.625+0000] {logging_mixin.py:137} INFO - [2023-01-31T13:06:49.625+0000] {dag.py:2690} INFO - Sync 1 DAGs
[2023-01-31T13:06:49.668+0000] {logging_mixin.py:137} INFO - [2023-01-31T13:06:49.668+0000] {dag.py:3441} INFO - Setting next_dagrun for example_bash_operator to 2023-01-30T00:00:00+00:00, run_after=2023-01-31T00:00:00+00:00
[2023-01-31T13:06:49.702+0000] {processor.py:175} INFO - Processing /home/airflow/.local/lib/python3.7/site-packages/airflow/example_dags/example_bash_operator.py took 0.160 seconds
[2023-01-31T13:07:19.912+0000] {processor.py:153} INFO - Started process (PID=806) to work on /home/airflow/.local/lib/python3.7/site-packages/airflow/example_dags/example_bash_operator.py
[2023-01-31T13:07:19.913+0000] {processor.py:743} INFO - Processing file /home/airflow/.local/lib/python3.7/site-packages/airflow/example_dags/example_bash_operator.py for tasks to queue
[2023-01-31T13:07:19.914+0000] {logging_mixin.py:137} INFO - [2023-01-31T13:07:19.914+0000] {dagbag.py:538} INFO - Filling up the DagBag from /home/airflow/.local/lib/python3.7/site-packages/airflow/example_dags/example_bash_operator.py
[2023-01-31T13:07:19.941+0000] {processor.py:753} INFO - DAG(s) dict_keys(['example_bash_operator']) retrieved from /home/airflow/.local/lib/python3.7/site-packages/airflow/example_dags/example_bash_operator.py
[2023-01-31T13:07:19.983+0000] {logging_mixin.py:137} INFO - [2023-01-31T13:07:19.982+0000] {dag.py:2690} INFO - Sync 1 DAGs
[2023-01-31T13:07:20.009+0000] {logging_mixin.py:137} INFO - [2023-01-31T13:07:20.009+0000] {dag.py:3441} INFO - Setting next_dagrun for example_bash_operator to 2023-01-30T00:00:00+00:00, run_after=2023-01-31T00:00:00+00:00
[2023-01-31T13:07:20.042+0000] {processor.py:175} INFO - Processing /home/airflow/.local/lib/python3.7/site-packages/airflow/example_dags/example_bash_operator.py took 0.135 seconds
[2023-01-31T13:07:50.942+0000] {processor.py:153} INFO - Started process (PID=881) to work on /home/airflow/.local/lib/python3.7/site-packages/airflow/example_dags/example_bash_operator.py
[2023-01-31T13:07:50.952+0000] {processor.py:743} INFO - Processing file /home/airflow/.local/lib/python3.7/site-packages/airflow/example_dags/example_bash_operator.py for tasks to queue
[2023-01-31T13:07:50.953+0000] {logging_mixin.py:137} INFO - [2023-01-31T13:07:50.953+0000] {dagbag.py:538} INFO - Filling up the DagBag from /home/airflow/.local/lib/python3.7/site-packages/airflow/example_dags/example_bash_operator.py
[2023-01-31T13:07:51.006+0000] {processor.py:753} INFO - DAG(s) dict_keys(['example_bash_operator']) retrieved from /home/airflow/.local/lib/python3.7/site-packages/airflow/example_dags/example_bash_operator.py
[2023-01-31T13:07:51.063+0000] {logging_mixin.py:137} INFO - [2023-01-31T13:07:51.062+0000] {dag.py:2690} INFO - Sync 1 DAGs
[2023-01-31T13:07:51.107+0000] {logging_mixin.py:137} INFO - [2023-01-31T13:07:51.106+0000] {dag.py:3441} INFO - Setting next_dagrun for example_bash_operator to 2023-01-30T00:00:00+00:00, run_after=2023-01-31T00:00:00+00:00
[2023-01-31T13:07:51.150+0000] {processor.py:175} INFO - Processing /home/airflow/.local/lib/python3.7/site-packages/airflow/example_dags/example_bash_operator.py took 0.222 seconds
[2023-01-31T13:08:22.159+0000] {processor.py:153} INFO - Started process (PID=950) to work on /home/airflow/.local/lib/python3.7/site-packages/airflow/example_dags/example_bash_operator.py
[2023-01-31T13:08:22.161+0000] {processor.py:743} INFO - Processing file /home/airflow/.local/lib/python3.7/site-packages/airflow/example_dags/example_bash_operator.py for tasks to queue
[2023-01-31T13:08:22.161+0000] {logging_mixin.py:137} INFO - [2023-01-31T13:08:22.161+0000] {dagbag.py:538} INFO - Filling up the DagBag from /home/airflow/.local/lib/python3.7/site-packages/airflow/example_dags/example_bash_operator.py
[2023-01-31T13:08:22.185+0000] {processor.py:753} INFO - DAG(s) dict_keys(['example_bash_operator']) retrieved from /home/airflow/.local/lib/python3.7/site-packages/airflow/example_dags/example_bash_operator.py
[2023-01-31T13:08:22.224+0000] {logging_mixin.py:137} INFO - [2023-01-31T13:08:22.223+0000] {dag.py:2690} INFO - Sync 1 DAGs
[2023-01-31T13:08:22.251+0000] {logging_mixin.py:137} INFO - [2023-01-31T13:08:22.250+0000] {dag.py:3441} INFO - Setting next_dagrun for example_bash_operator to 2023-01-30T00:00:00+00:00, run_after=2023-01-31T00:00:00+00:00
[2023-01-31T13:08:22.282+0000] {processor.py:175} INFO - Processing /home/airflow/.local/lib/python3.7/site-packages/airflow/example_dags/example_bash_operator.py took 0.127 seconds
[2023-01-31T13:08:52.333+0000] {processor.py:153} INFO - Started process (PID=1015) to work on /home/airflow/.local/lib/python3.7/site-packages/airflow/example_dags/example_bash_operator.py
[2023-01-31T13:08:52.335+0000] {processor.py:743} INFO - Processing file /home/airflow/.local/lib/python3.7/site-packages/airflow/example_dags/example_bash_operator.py for tasks to queue
[2023-01-31T13:08:52.335+0000] {logging_mixin.py:137} INFO - [2023-01-31T13:08:52.335+0000] {dagbag.py:538} INFO - Filling up the DagBag from /home/airflow/.local/lib/python3.7/site-packages/airflow/example_dags/example_bash_operator.py
[2023-01-31T13:08:52.369+0000] {processor.py:753} INFO - DAG(s) dict_keys(['example_bash_operator']) retrieved from /home/airflow/.local/lib/python3.7/site-packages/airflow/example_dags/example_bash_operator.py
[2023-01-31T13:08:52.425+0000] {logging_mixin.py:137} INFO - [2023-01-31T13:08:52.424+0000] {dag.py:2690} INFO - Sync 1 DAGs
[2023-01-31T13:08:52.462+0000] {logging_mixin.py:137} INFO - [2023-01-31T13:08:52.462+0000] {dag.py:3441} INFO - Setting next_dagrun for example_bash_operator to 2023-01-30T00:00:00+00:00, run_after=2023-01-31T00:00:00+00:00
[2023-01-31T13:08:52.491+0000] {processor.py:175} INFO - Processing /home/airflow/.local/lib/python3.7/site-packages/airflow/example_dags/example_bash_operator.py took 0.163 seconds
[2023-01-31T13:09:22.912+0000] {processor.py:153} INFO - Started process (PID=1092) to work on /home/airflow/.local/lib/python3.7/site-packages/airflow/example_dags/example_bash_operator.py
[2023-01-31T13:09:22.914+0000] {processor.py:743} INFO - Processing file /home/airflow/.local/lib/python3.7/site-packages/airflow/example_dags/example_bash_operator.py for tasks to queue
[2023-01-31T13:09:22.915+0000] {logging_mixin.py:137} INFO - [2023-01-31T13:09:22.915+0000] {dagbag.py:538} INFO - Filling up the DagBag from /home/airflow/.local/lib/python3.7/site-packages/airflow/example_dags/example_bash_operator.py
[2023-01-31T13:09:22.940+0000] {processor.py:753} INFO - DAG(s) dict_keys(['example_bash_operator']) retrieved from /home/airflow/.local/lib/python3.7/site-packages/airflow/example_dags/example_bash_operator.py
[2023-01-31T13:09:22.992+0000] {logging_mixin.py:137} INFO - [2023-01-31T13:09:22.992+0000] {dag.py:2690} INFO - Sync 1 DAGs
[2023-01-31T13:09:23.029+0000] {logging_mixin.py:137} INFO - [2023-01-31T13:09:23.029+0000] {dag.py:3441} INFO - Setting next_dagrun for example_bash_operator to 2023-01-30T00:00:00+00:00, run_after=2023-01-31T00:00:00+00:00
[2023-01-31T13:09:23.058+0000] {processor.py:175} INFO - Processing /home/airflow/.local/lib/python3.7/site-packages/airflow/example_dags/example_bash_operator.py took 0.151 seconds
[2023-01-31T13:09:53.928+0000] {processor.py:153} INFO - Started process (PID=1157) to work on /home/airflow/.local/lib/python3.7/site-packages/airflow/example_dags/example_bash_operator.py
[2023-01-31T13:09:53.929+0000] {processor.py:743} INFO - Processing file /home/airflow/.local/lib/python3.7/site-packages/airflow/example_dags/example_bash_operator.py for tasks to queue
[2023-01-31T13:09:53.930+0000] {logging_mixin.py:137} INFO - [2023-01-31T13:09:53.930+0000] {dagbag.py:538} INFO - Filling up the DagBag from /home/airflow/.local/lib/python3.7/site-packages/airflow/example_dags/example_bash_operator.py
[2023-01-31T13:09:53.955+0000] {processor.py:753} INFO - DAG(s) dict_keys(['example_bash_operator']) retrieved from /home/airflow/.local/lib/python3.7/site-packages/airflow/example_dags/example_bash_operator.py
[2023-01-31T13:09:54.004+0000] {logging_mixin.py:137} INFO - [2023-01-31T13:09:54.003+0000] {dag.py:2690} INFO - Sync 1 DAGs
[2023-01-31T13:09:54.043+0000] {logging_mixin.py:137} INFO - [2023-01-31T13:09:54.043+0000] {dag.py:3441} INFO - Setting next_dagrun for example_bash_operator to 2023-01-30T00:00:00+00:00, run_after=2023-01-31T00:00:00+00:00
[2023-01-31T13:09:54.073+0000] {processor.py:175} INFO - Processing /home/airflow/.local/lib/python3.7/site-packages/airflow/example_dags/example_bash_operator.py took 0.149 seconds
[2023-01-31T13:10:24.606+0000] {processor.py:153} INFO - Started process (PID=1235) to work on /home/airflow/.local/lib/python3.7/site-packages/airflow/example_dags/example_bash_operator.py
[2023-01-31T13:10:24.607+0000] {processor.py:743} INFO - Processing file /home/airflow/.local/lib/python3.7/site-packages/airflow/example_dags/example_bash_operator.py for tasks to queue
[2023-01-31T13:10:24.608+0000] {logging_mixin.py:137} INFO - [2023-01-31T13:10:24.608+0000] {dagbag.py:538} INFO - Filling up the DagBag from /home/airflow/.local/lib/python3.7/site-packages/airflow/example_dags/example_bash_operator.py
[2023-01-31T13:10:24.643+0000] {processor.py:753} INFO - DAG(s) dict_keys(['example_bash_operator']) retrieved from /home/airflow/.local/lib/python3.7/site-packages/airflow/example_dags/example_bash_operator.py
[2023-01-31T13:10:24.705+0000] {logging_mixin.py:137} INFO - [2023-01-31T13:10:24.705+0000] {dag.py:2690} INFO - Sync 1 DAGs
[2023-01-31T13:10:24.749+0000] {logging_mixin.py:137} INFO - [2023-01-31T13:10:24.749+0000] {dag.py:3441} INFO - Setting next_dagrun for example_bash_operator to 2023-01-30T00:00:00+00:00, run_after=2023-01-31T00:00:00+00:00
[2023-01-31T13:10:24.786+0000] {processor.py:175} INFO - Processing /home/airflow/.local/lib/python3.7/site-packages/airflow/example_dags/example_bash_operator.py took 0.186 seconds
[2023-01-31T13:10:55.434+0000] {processor.py:153} INFO - Started process (PID=1301) to work on /home/airflow/.local/lib/python3.7/site-packages/airflow/example_dags/example_bash_operator.py
[2023-01-31T13:10:55.435+0000] {processor.py:743} INFO - Processing file /home/airflow/.local/lib/python3.7/site-packages/airflow/example_dags/example_bash_operator.py for tasks to queue
[2023-01-31T13:10:55.436+0000] {logging_mixin.py:137} INFO - [2023-01-31T13:10:55.436+0000] {dagbag.py:538} INFO - Filling up the DagBag from /home/airflow/.local/lib/python3.7/site-packages/airflow/example_dags/example_bash_operator.py
[2023-01-31T13:10:55.460+0000] {processor.py:753} INFO - DAG(s) dict_keys(['example_bash_operator']) retrieved from /home/airflow/.local/lib/python3.7/site-packages/airflow/example_dags/example_bash_operator.py
[2023-01-31T13:10:55.505+0000] {logging_mixin.py:137} INFO - [2023-01-31T13:10:55.505+0000] {dag.py:2690} INFO - Sync 1 DAGs
[2023-01-31T13:10:55.539+0000] {logging_mixin.py:137} INFO - [2023-01-31T13:10:55.538+0000] {dag.py:3441} INFO - Setting next_dagrun for example_bash_operator to 2023-01-30T00:00:00+00:00, run_after=2023-01-31T00:00:00+00:00
[2023-01-31T13:10:55.566+0000] {processor.py:175} INFO - Processing /home/airflow/.local/lib/python3.7/site-packages/airflow/example_dags/example_bash_operator.py took 0.137 seconds
[2023-01-31T13:11:25.850+0000] {processor.py:153} INFO - Started process (PID=1365) to work on /home/airflow/.local/lib/python3.7/site-packages/airflow/example_dags/example_bash_operator.py
[2023-01-31T13:11:25.852+0000] {processor.py:743} INFO - Processing file /home/airflow/.local/lib/python3.7/site-packages/airflow/example_dags/example_bash_operator.py for tasks to queue
[2023-01-31T13:11:25.853+0000] {logging_mixin.py:137} INFO - [2023-01-31T13:11:25.853+0000] {dagbag.py:538} INFO - Filling up the DagBag from /home/airflow/.local/lib/python3.7/site-packages/airflow/example_dags/example_bash_operator.py
[2023-01-31T13:11:25.879+0000] {processor.py:753} INFO - DAG(s) dict_keys(['example_bash_operator']) retrieved from /home/airflow/.local/lib/python3.7/site-packages/airflow/example_dags/example_bash_operator.py
[2023-01-31T13:11:25.920+0000] {logging_mixin.py:137} INFO - [2023-01-31T13:11:25.920+0000] {dag.py:2690} INFO - Sync 1 DAGs
[2023-01-31T13:11:25.959+0000] {logging_mixin.py:137} INFO - [2023-01-31T13:11:25.958+0000] {dag.py:3441} INFO - Setting next_dagrun for example_bash_operator to 2023-01-30T00:00:00+00:00, run_after=2023-01-31T00:00:00+00:00
[2023-01-31T13:11:26.000+0000] {processor.py:175} INFO - Processing /home/airflow/.local/lib/python3.7/site-packages/airflow/example_dags/example_bash_operator.py took 0.155 seconds
[2023-01-31T13:11:56.386+0000] {processor.py:153} INFO - Started process (PID=1442) to work on /home/airflow/.local/lib/python3.7/site-packages/airflow/example_dags/example_bash_operator.py
[2023-01-31T13:11:56.387+0000] {processor.py:743} INFO - Processing file /home/airflow/.local/lib/python3.7/site-packages/airflow/example_dags/example_bash_operator.py for tasks to queue
[2023-01-31T13:11:56.388+0000] {logging_mixin.py:137} INFO - [2023-01-31T13:11:56.387+0000] {dagbag.py:538} INFO - Filling up the DagBag from /home/airflow/.local/lib/python3.7/site-packages/airflow/example_dags/example_bash_operator.py
[2023-01-31T13:11:56.411+0000] {processor.py:753} INFO - DAG(s) dict_keys(['example_bash_operator']) retrieved from /home/airflow/.local/lib/python3.7/site-packages/airflow/example_dags/example_bash_operator.py
[2023-01-31T13:11:56.452+0000] {logging_mixin.py:137} INFO - [2023-01-31T13:11:56.452+0000] {dag.py:2690} INFO - Sync 1 DAGs
[2023-01-31T13:11:56.482+0000] {logging_mixin.py:137} INFO - [2023-01-31T13:11:56.481+0000] {dag.py:3441} INFO - Setting next_dagrun for example_bash_operator to 2023-01-30T00:00:00+00:00, run_after=2023-01-31T00:00:00+00:00
[2023-01-31T13:11:56.516+0000] {processor.py:175} INFO - Processing /home/airflow/.local/lib/python3.7/site-packages/airflow/example_dags/example_bash_operator.py took 0.135 seconds
[2023-01-31T13:12:26.775+0000] {processor.py:153} INFO - Started process (PID=1508) to work on /home/airflow/.local/lib/python3.7/site-packages/airflow/example_dags/example_bash_operator.py
[2023-01-31T13:12:26.776+0000] {processor.py:743} INFO - Processing file /home/airflow/.local/lib/python3.7/site-packages/airflow/example_dags/example_bash_operator.py for tasks to queue
[2023-01-31T13:12:26.777+0000] {logging_mixin.py:137} INFO - [2023-01-31T13:12:26.777+0000] {dagbag.py:538} INFO - Filling up the DagBag from /home/airflow/.local/lib/python3.7/site-packages/airflow/example_dags/example_bash_operator.py
[2023-01-31T13:12:26.801+0000] {processor.py:753} INFO - DAG(s) dict_keys(['example_bash_operator']) retrieved from /home/airflow/.local/lib/python3.7/site-packages/airflow/example_dags/example_bash_operator.py
[2023-01-31T13:12:26.840+0000] {logging_mixin.py:137} INFO - [2023-01-31T13:12:26.840+0000] {dag.py:2690} INFO - Sync 1 DAGs
[2023-01-31T13:12:26.867+0000] {logging_mixin.py:137} INFO - [2023-01-31T13:12:26.867+0000] {dag.py:3441} INFO - Setting next_dagrun for example_bash_operator to 2023-01-30T00:00:00+00:00, run_after=2023-01-31T00:00:00+00:00
[2023-01-31T13:12:26.896+0000] {processor.py:175} INFO - Processing /home/airflow/.local/lib/python3.7/site-packages/airflow/example_dags/example_bash_operator.py took 0.125 seconds
[2023-01-31T13:12:57.279+0000] {processor.py:153} INFO - Started process (PID=1585) to work on /home/airflow/.local/lib/python3.7/site-packages/airflow/example_dags/example_bash_operator.py
[2023-01-31T13:12:57.280+0000] {processor.py:743} INFO - Processing file /home/airflow/.local/lib/python3.7/site-packages/airflow/example_dags/example_bash_operator.py for tasks to queue
[2023-01-31T13:12:57.281+0000] {logging_mixin.py:137} INFO - [2023-01-31T13:12:57.280+0000] {dagbag.py:538} INFO - Filling up the DagBag from /home/airflow/.local/lib/python3.7/site-packages/airflow/example_dags/example_bash_operator.py
[2023-01-31T13:12:57.304+0000] {processor.py:753} INFO - DAG(s) dict_keys(['example_bash_operator']) retrieved from /home/airflow/.local/lib/python3.7/site-packages/airflow/example_dags/example_bash_operator.py
[2023-01-31T13:12:57.342+0000] {logging_mixin.py:137} INFO - [2023-01-31T13:12:57.342+0000] {dag.py:2690} INFO - Sync 1 DAGs
[2023-01-31T13:12:57.368+0000] {logging_mixin.py:137} INFO - [2023-01-31T13:12:57.368+0000] {dag.py:3441} INFO - Setting next_dagrun for example_bash_operator to 2023-01-30T00:00:00+00:00, run_after=2023-01-31T00:00:00+00:00
[2023-01-31T13:12:57.397+0000] {processor.py:175} INFO - Processing /home/airflow/.local/lib/python3.7/site-packages/airflow/example_dags/example_bash_operator.py took 0.123 seconds
[2023-01-31T13:13:27.710+0000] {processor.py:153} INFO - Started process (PID=1651) to work on /home/airflow/.local/lib/python3.7/site-packages/airflow/example_dags/example_bash_operator.py
[2023-01-31T13:13:27.711+0000] {processor.py:743} INFO - Processing file /home/airflow/.local/lib/python3.7/site-packages/airflow/example_dags/example_bash_operator.py for tasks to queue
[2023-01-31T13:13:27.712+0000] {logging_mixin.py:137} INFO - [2023-01-31T13:13:27.712+0000] {dagbag.py:538} INFO - Filling up the DagBag from /home/airflow/.local/lib/python3.7/site-packages/airflow/example_dags/example_bash_operator.py
[2023-01-31T13:13:27.735+0000] {processor.py:753} INFO - DAG(s) dict_keys(['example_bash_operator']) retrieved from /home/airflow/.local/lib/python3.7/site-packages/airflow/example_dags/example_bash_operator.py
[2023-01-31T13:13:27.783+0000] {logging_mixin.py:137} INFO - [2023-01-31T13:13:27.783+0000] {dag.py:2690} INFO - Sync 1 DAGs
[2023-01-31T13:13:27.818+0000] {logging_mixin.py:137} INFO - [2023-01-31T13:13:27.818+0000] {dag.py:3441} INFO - Setting next_dagrun for example_bash_operator to 2023-01-30T00:00:00+00:00, run_after=2023-01-31T00:00:00+00:00
[2023-01-31T13:13:27.858+0000] {processor.py:175} INFO - Processing /home/airflow/.local/lib/python3.7/site-packages/airflow/example_dags/example_bash_operator.py took 0.152 seconds
[2023-01-31T13:13:58.417+0000] {processor.py:153} INFO - Started process (PID=1729) to work on /home/airflow/.local/lib/python3.7/site-packages/airflow/example_dags/example_bash_operator.py
[2023-01-31T13:13:58.418+0000] {processor.py:743} INFO - Processing file /home/airflow/.local/lib/python3.7/site-packages/airflow/example_dags/example_bash_operator.py for tasks to queue
[2023-01-31T13:13:58.419+0000] {logging_mixin.py:137} INFO - [2023-01-31T13:13:58.419+0000] {dagbag.py:538} INFO - Filling up the DagBag from /home/airflow/.local/lib/python3.7/site-packages/airflow/example_dags/example_bash_operator.py
[2023-01-31T13:13:58.453+0000] {processor.py:753} INFO - DAG(s) dict_keys(['example_bash_operator']) retrieved from /home/airflow/.local/lib/python3.7/site-packages/airflow/example_dags/example_bash_operator.py
[2023-01-31T13:13:58.513+0000] {logging_mixin.py:137} INFO - [2023-01-31T13:13:58.512+0000] {dag.py:2690} INFO - Sync 1 DAGs
[2023-01-31T13:13:58.553+0000] {logging_mixin.py:137} INFO - [2023-01-31T13:13:58.552+0000] {dag.py:3441} INFO - Setting next_dagrun for example_bash_operator to 2023-01-30T00:00:00+00:00, run_after=2023-01-31T00:00:00+00:00
[2023-01-31T13:13:58.586+0000] {processor.py:175} INFO - Processing /home/airflow/.local/lib/python3.7/site-packages/airflow/example_dags/example_bash_operator.py took 0.174 seconds
[2023-01-31T13:14:29.291+0000] {processor.py:153} INFO - Started process (PID=1795) to work on /home/airflow/.local/lib/python3.7/site-packages/airflow/example_dags/example_bash_operator.py
[2023-01-31T13:14:29.292+0000] {processor.py:743} INFO - Processing file /home/airflow/.local/lib/python3.7/site-packages/airflow/example_dags/example_bash_operator.py for tasks to queue
[2023-01-31T13:14:29.293+0000] {logging_mixin.py:137} INFO - [2023-01-31T13:14:29.293+0000] {dagbag.py:538} INFO - Filling up the DagBag from /home/airflow/.local/lib/python3.7/site-packages/airflow/example_dags/example_bash_operator.py
[2023-01-31T13:14:29.316+0000] {processor.py:753} INFO - DAG(s) dict_keys(['example_bash_operator']) retrieved from /home/airflow/.local/lib/python3.7/site-packages/airflow/example_dags/example_bash_operator.py
[2023-01-31T13:14:29.358+0000] {logging_mixin.py:137} INFO - [2023-01-31T13:14:29.358+0000] {dag.py:2690} INFO - Sync 1 DAGs
[2023-01-31T13:14:29.386+0000] {logging_mixin.py:137} INFO - [2023-01-31T13:14:29.385+0000] {dag.py:3441} INFO - Setting next_dagrun for example_bash_operator to 2023-01-30T00:00:00+00:00, run_after=2023-01-31T00:00:00+00:00
[2023-01-31T13:14:29.420+0000] {processor.py:175} INFO - Processing /home/airflow/.local/lib/python3.7/site-packages/airflow/example_dags/example_bash_operator.py took 0.133 seconds
[2023-01-31T13:14:59.528+0000] {processor.py:153} INFO - Started process (PID=1860) to work on /home/airflow/.local/lib/python3.7/site-packages/airflow/example_dags/example_bash_operator.py
[2023-01-31T13:14:59.530+0000] {processor.py:743} INFO - Processing file /home/airflow/.local/lib/python3.7/site-packages/airflow/example_dags/example_bash_operator.py for tasks to queue
[2023-01-31T13:14:59.531+0000] {logging_mixin.py:137} INFO - [2023-01-31T13:14:59.531+0000] {dagbag.py:538} INFO - Filling up the DagBag from /home/airflow/.local/lib/python3.7/site-packages/airflow/example_dags/example_bash_operator.py
[2023-01-31T13:14:59.566+0000] {processor.py:753} INFO - DAG(s) dict_keys(['example_bash_operator']) retrieved from /home/airflow/.local/lib/python3.7/site-packages/airflow/example_dags/example_bash_operator.py
[2023-01-31T13:14:59.620+0000] {logging_mixin.py:137} INFO - [2023-01-31T13:14:59.620+0000] {dag.py:2690} INFO - Sync 1 DAGs
[2023-01-31T13:14:59.659+0000] {logging_mixin.py:137} INFO - [2023-01-31T13:14:59.659+0000] {dag.py:3441} INFO - Setting next_dagrun for example_bash_operator to 2023-01-30T00:00:00+00:00, run_after=2023-01-31T00:00:00+00:00
[2023-01-31T13:14:59.708+0000] {processor.py:175} INFO - Processing /home/airflow/.local/lib/python3.7/site-packages/airflow/example_dags/example_bash_operator.py took 0.185 seconds
[2023-01-31T13:15:30.136+0000] {processor.py:153} INFO - Started process (PID=1936) to work on /home/airflow/.local/lib/python3.7/site-packages/airflow/example_dags/example_bash_operator.py
[2023-01-31T13:15:30.137+0000] {processor.py:743} INFO - Processing file /home/airflow/.local/lib/python3.7/site-packages/airflow/example_dags/example_bash_operator.py for tasks to queue
[2023-01-31T13:15:30.138+0000] {logging_mixin.py:137} INFO - [2023-01-31T13:15:30.138+0000] {dagbag.py:538} INFO - Filling up the DagBag from /home/airflow/.local/lib/python3.7/site-packages/airflow/example_dags/example_bash_operator.py
[2023-01-31T13:15:30.163+0000] {processor.py:753} INFO - DAG(s) dict_keys(['example_bash_operator']) retrieved from /home/airflow/.local/lib/python3.7/site-packages/airflow/example_dags/example_bash_operator.py
[2023-01-31T13:15:30.201+0000] {logging_mixin.py:137} INFO - [2023-01-31T13:15:30.201+0000] {dag.py:2690} INFO - Sync 1 DAGs
[2023-01-31T13:15:30.233+0000] {logging_mixin.py:137} INFO - [2023-01-31T13:15:30.233+0000] {dag.py:3441} INFO - Setting next_dagrun for example_bash_operator to 2023-01-30T00:00:00+00:00, run_after=2023-01-31T00:00:00+00:00
[2023-01-31T13:15:30.262+0000] {processor.py:175} INFO - Processing /home/airflow/.local/lib/python3.7/site-packages/airflow/example_dags/example_bash_operator.py took 0.131 seconds
[2023-01-31T13:16:00.510+0000] {processor.py:153} INFO - Started process (PID=2001) to work on /home/airflow/.local/lib/python3.7/site-packages/airflow/example_dags/example_bash_operator.py
[2023-01-31T13:16:00.512+0000] {processor.py:743} INFO - Processing file /home/airflow/.local/lib/python3.7/site-packages/airflow/example_dags/example_bash_operator.py for tasks to queue
[2023-01-31T13:16:00.512+0000] {logging_mixin.py:137} INFO - [2023-01-31T13:16:00.512+0000] {dagbag.py:538} INFO - Filling up the DagBag from /home/airflow/.local/lib/python3.7/site-packages/airflow/example_dags/example_bash_operator.py
[2023-01-31T13:16:00.536+0000] {processor.py:753} INFO - DAG(s) dict_keys(['example_bash_operator']) retrieved from /home/airflow/.local/lib/python3.7/site-packages/airflow/example_dags/example_bash_operator.py
[2023-01-31T13:16:00.590+0000] {logging_mixin.py:137} INFO - [2023-01-31T13:16:00.590+0000] {dag.py:2690} INFO - Sync 1 DAGs
[2023-01-31T13:16:00.629+0000] {logging_mixin.py:137} INFO - [2023-01-31T13:16:00.629+0000] {dag.py:3441} INFO - Setting next_dagrun for example_bash_operator to 2023-01-30T00:00:00+00:00, run_after=2023-01-31T00:00:00+00:00
[2023-01-31T13:16:00.658+0000] {processor.py:175} INFO - Processing /home/airflow/.local/lib/python3.7/site-packages/airflow/example_dags/example_bash_operator.py took 0.151 seconds
[2023-01-31T13:16:31.157+0000] {processor.py:153} INFO - Started process (PID=2079) to work on /home/airflow/.local/lib/python3.7/site-packages/airflow/example_dags/example_bash_operator.py
[2023-01-31T13:16:31.158+0000] {processor.py:743} INFO - Processing file /home/airflow/.local/lib/python3.7/site-packages/airflow/example_dags/example_bash_operator.py for tasks to queue
[2023-01-31T13:16:31.159+0000] {logging_mixin.py:137} INFO - [2023-01-31T13:16:31.159+0000] {dagbag.py:538} INFO - Filling up the DagBag from /home/airflow/.local/lib/python3.7/site-packages/airflow/example_dags/example_bash_operator.py
[2023-01-31T13:16:31.183+0000] {processor.py:753} INFO - DAG(s) dict_keys(['example_bash_operator']) retrieved from /home/airflow/.local/lib/python3.7/site-packages/airflow/example_dags/example_bash_operator.py
[2023-01-31T13:16:31.232+0000] {logging_mixin.py:137} INFO - [2023-01-31T13:16:31.232+0000] {dag.py:2690} INFO - Sync 1 DAGs
[2023-01-31T13:16:31.270+0000] {logging_mixin.py:137} INFO - [2023-01-31T13:16:31.270+0000] {dag.py:3441} INFO - Setting next_dagrun for example_bash_operator to 2023-01-30T00:00:00+00:00, run_after=2023-01-31T00:00:00+00:00
[2023-01-31T13:16:31.295+0000] {processor.py:175} INFO - Processing /home/airflow/.local/lib/python3.7/site-packages/airflow/example_dags/example_bash_operator.py took 0.143 seconds
[2023-01-31T13:17:01.417+0000] {processor.py:153} INFO - Started process (PID=2145) to work on /home/airflow/.local/lib/python3.7/site-packages/airflow/example_dags/example_bash_operator.py
[2023-01-31T13:17:01.418+0000] {processor.py:743} INFO - Processing file /home/airflow/.local/lib/python3.7/site-packages/airflow/example_dags/example_bash_operator.py for tasks to queue
[2023-01-31T13:17:01.418+0000] {logging_mixin.py:137} INFO - [2023-01-31T13:17:01.418+0000] {dagbag.py:538} INFO - Filling up the DagBag from /home/airflow/.local/lib/python3.7/site-packages/airflow/example_dags/example_bash_operator.py
[2023-01-31T13:17:01.442+0000] {processor.py:753} INFO - DAG(s) dict_keys(['example_bash_operator']) retrieved from /home/airflow/.local/lib/python3.7/site-packages/airflow/example_dags/example_bash_operator.py
[2023-01-31T13:17:01.482+0000] {logging_mixin.py:137} INFO - [2023-01-31T13:17:01.482+0000] {dag.py:2690} INFO - Sync 1 DAGs
[2023-01-31T13:17:01.514+0000] {logging_mixin.py:137} INFO - [2023-01-31T13:17:01.513+0000] {dag.py:3441} INFO - Setting next_dagrun for example_bash_operator to 2023-01-30T00:00:00+00:00, run_after=2023-01-31T00:00:00+00:00
[2023-01-31T13:17:01.544+0000] {processor.py:175} INFO - Processing /home/airflow/.local/lib/python3.7/site-packages/airflow/example_dags/example_bash_operator.py took 0.132 seconds
[2023-01-31T13:17:31.989+0000] {processor.py:153} INFO - Started process (PID=2222) to work on /home/airflow/.local/lib/python3.7/site-packages/airflow/example_dags/example_bash_operator.py
[2023-01-31T13:17:31.991+0000] {processor.py:743} INFO - Processing file /home/airflow/.local/lib/python3.7/site-packages/airflow/example_dags/example_bash_operator.py for tasks to queue
[2023-01-31T13:17:31.992+0000] {logging_mixin.py:137} INFO - [2023-01-31T13:17:31.992+0000] {dagbag.py:538} INFO - Filling up the DagBag from /home/airflow/.local/lib/python3.7/site-packages/airflow/example_dags/example_bash_operator.py
[2023-01-31T13:17:32.025+0000] {processor.py:753} INFO - DAG(s) dict_keys(['example_bash_operator']) retrieved from /home/airflow/.local/lib/python3.7/site-packages/airflow/example_dags/example_bash_operator.py
[2023-01-31T13:17:32.079+0000] {logging_mixin.py:137} INFO - [2023-01-31T13:17:32.079+0000] {dag.py:2690} INFO - Sync 1 DAGs
[2023-01-31T13:17:32.113+0000] {logging_mixin.py:137} INFO - [2023-01-31T13:17:32.113+0000] {dag.py:3441} INFO - Setting next_dagrun for example_bash_operator to 2023-01-30T00:00:00+00:00, run_after=2023-01-31T00:00:00+00:00
[2023-01-31T13:17:32.144+0000] {processor.py:175} INFO - Processing /home/airflow/.local/lib/python3.7/site-packages/airflow/example_dags/example_bash_operator.py took 0.161 seconds
[2023-01-31T13:18:02.239+0000] {processor.py:153} INFO - Started process (PID=2289) to work on /home/airflow/.local/lib/python3.7/site-packages/airflow/example_dags/example_bash_operator.py
[2023-01-31T13:18:02.240+0000] {processor.py:743} INFO - Processing file /home/airflow/.local/lib/python3.7/site-packages/airflow/example_dags/example_bash_operator.py for tasks to queue
[2023-01-31T13:18:02.241+0000] {logging_mixin.py:137} INFO - [2023-01-31T13:18:02.241+0000] {dagbag.py:538} INFO - Filling up the DagBag from /home/airflow/.local/lib/python3.7/site-packages/airflow/example_dags/example_bash_operator.py
[2023-01-31T13:18:02.264+0000] {processor.py:753} INFO - DAG(s) dict_keys(['example_bash_operator']) retrieved from /home/airflow/.local/lib/python3.7/site-packages/airflow/example_dags/example_bash_operator.py
[2023-01-31T13:18:02.317+0000] {logging_mixin.py:137} INFO - [2023-01-31T13:18:02.316+0000] {dag.py:2690} INFO - Sync 1 DAGs
[2023-01-31T13:18:02.358+0000] {logging_mixin.py:137} INFO - [2023-01-31T13:18:02.358+0000] {dag.py:3441} INFO - Setting next_dagrun for example_bash_operator to 2023-01-30T00:00:00+00:00, run_after=2023-01-31T00:00:00+00:00
[2023-01-31T13:18:02.400+0000] {processor.py:175} INFO - Processing /home/airflow/.local/lib/python3.7/site-packages/airflow/example_dags/example_bash_operator.py took 0.165 seconds
[2023-01-31T13:18:32.588+0000] {processor.py:153} INFO - Started process (PID=2356) to work on /home/airflow/.local/lib/python3.7/site-packages/airflow/example_dags/example_bash_operator.py
[2023-01-31T13:18:32.589+0000] {processor.py:743} INFO - Processing file /home/airflow/.local/lib/python3.7/site-packages/airflow/example_dags/example_bash_operator.py for tasks to queue
[2023-01-31T13:18:32.590+0000] {logging_mixin.py:137} INFO - [2023-01-31T13:18:32.590+0000] {dagbag.py:538} INFO - Filling up the DagBag from /home/airflow/.local/lib/python3.7/site-packages/airflow/example_dags/example_bash_operator.py
[2023-01-31T13:18:32.619+0000] {processor.py:753} INFO - DAG(s) dict_keys(['example_bash_operator']) retrieved from /home/airflow/.local/lib/python3.7/site-packages/airflow/example_dags/example_bash_operator.py
[2023-01-31T13:18:32.666+0000] {logging_mixin.py:137} INFO - [2023-01-31T13:18:32.665+0000] {dag.py:2690} INFO - Sync 1 DAGs
[2023-01-31T13:18:32.704+0000] {logging_mixin.py:137} INFO - [2023-01-31T13:18:32.704+0000] {dag.py:3441} INFO - Setting next_dagrun for example_bash_operator to 2023-01-30T00:00:00+00:00, run_after=2023-01-31T00:00:00+00:00
[2023-01-31T13:18:32.729+0000] {processor.py:175} INFO - Processing /home/airflow/.local/lib/python3.7/site-packages/airflow/example_dags/example_bash_operator.py took 0.146 seconds
[2023-01-31T13:19:03.194+0000] {processor.py:153} INFO - Started process (PID=2435) to work on /home/airflow/.local/lib/python3.7/site-packages/airflow/example_dags/example_bash_operator.py
[2023-01-31T13:19:03.195+0000] {processor.py:743} INFO - Processing file /home/airflow/.local/lib/python3.7/site-packages/airflow/example_dags/example_bash_operator.py for tasks to queue
[2023-01-31T13:19:03.196+0000] {logging_mixin.py:137} INFO - [2023-01-31T13:19:03.196+0000] {dagbag.py:538} INFO - Filling up the DagBag from /home/airflow/.local/lib/python3.7/site-packages/airflow/example_dags/example_bash_operator.py
[2023-01-31T13:19:03.219+0000] {processor.py:753} INFO - DAG(s) dict_keys(['example_bash_operator']) retrieved from /home/airflow/.local/lib/python3.7/site-packages/airflow/example_dags/example_bash_operator.py
[2023-01-31T13:19:03.259+0000] {logging_mixin.py:137} INFO - [2023-01-31T13:19:03.259+0000] {dag.py:2690} INFO - Sync 1 DAGs
[2023-01-31T13:19:03.286+0000] {logging_mixin.py:137} INFO - [2023-01-31T13:19:03.286+0000] {dag.py:3441} INFO - Setting next_dagrun for example_bash_operator to 2023-01-30T00:00:00+00:00, run_after=2023-01-31T00:00:00+00:00
[2023-01-31T13:19:03.318+0000] {processor.py:175} INFO - Processing /home/airflow/.local/lib/python3.7/site-packages/airflow/example_dags/example_bash_operator.py took 0.128 seconds
[2023-01-31T13:19:33.512+0000] {processor.py:153} INFO - Started process (PID=2499) to work on /home/airflow/.local/lib/python3.7/site-packages/airflow/example_dags/example_bash_operator.py
[2023-01-31T13:19:33.514+0000] {processor.py:743} INFO - Processing file /home/airflow/.local/lib/python3.7/site-packages/airflow/example_dags/example_bash_operator.py for tasks to queue
[2023-01-31T13:19:33.515+0000] {logging_mixin.py:137} INFO - [2023-01-31T13:19:33.514+0000] {dagbag.py:538} INFO - Filling up the DagBag from /home/airflow/.local/lib/python3.7/site-packages/airflow/example_dags/example_bash_operator.py
[2023-01-31T13:19:33.546+0000] {processor.py:753} INFO - DAG(s) dict_keys(['example_bash_operator']) retrieved from /home/airflow/.local/lib/python3.7/site-packages/airflow/example_dags/example_bash_operator.py
[2023-01-31T13:19:33.599+0000] {logging_mixin.py:137} INFO - [2023-01-31T13:19:33.599+0000] {dag.py:2690} INFO - Sync 1 DAGs
[2023-01-31T13:19:33.628+0000] {logging_mixin.py:137} INFO - [2023-01-31T13:19:33.628+0000] {dag.py:3441} INFO - Setting next_dagrun for example_bash_operator to 2023-01-30T00:00:00+00:00, run_after=2023-01-31T00:00:00+00:00
[2023-01-31T13:19:33.658+0000] {processor.py:175} INFO - Processing /home/airflow/.local/lib/python3.7/site-packages/airflow/example_dags/example_bash_operator.py took 0.152 seconds
[2023-01-31T13:20:04.122+0000] {processor.py:153} INFO - Started process (PID=2577) to work on /home/airflow/.local/lib/python3.7/site-packages/airflow/example_dags/example_bash_operator.py
[2023-01-31T13:20:04.124+0000] {processor.py:743} INFO - Processing file /home/airflow/.local/lib/python3.7/site-packages/airflow/example_dags/example_bash_operator.py for tasks to queue
[2023-01-31T13:20:04.124+0000] {logging_mixin.py:137} INFO - [2023-01-31T13:20:04.124+0000] {dagbag.py:538} INFO - Filling up the DagBag from /home/airflow/.local/lib/python3.7/site-packages/airflow/example_dags/example_bash_operator.py
[2023-01-31T13:20:04.147+0000] {processor.py:753} INFO - DAG(s) dict_keys(['example_bash_operator']) retrieved from /home/airflow/.local/lib/python3.7/site-packages/airflow/example_dags/example_bash_operator.py
[2023-01-31T13:20:04.203+0000] {logging_mixin.py:137} INFO - [2023-01-31T13:20:04.203+0000] {dag.py:2690} INFO - Sync 1 DAGs
[2023-01-31T13:20:04.242+0000] {logging_mixin.py:137} INFO - [2023-01-31T13:20:04.242+0000] {dag.py:3441} INFO - Setting next_dagrun for example_bash_operator to 2023-01-30T00:00:00+00:00, run_after=2023-01-31T00:00:00+00:00
[2023-01-31T13:20:04.269+0000] {processor.py:175} INFO - Processing /home/airflow/.local/lib/python3.7/site-packages/airflow/example_dags/example_bash_operator.py took 0.153 seconds
[2023-01-31T13:20:34.390+0000] {processor.py:153} INFO - Started process (PID=2643) to work on /home/airflow/.local/lib/python3.7/site-packages/airflow/example_dags/example_bash_operator.py
[2023-01-31T13:20:34.391+0000] {processor.py:743} INFO - Processing file /home/airflow/.local/lib/python3.7/site-packages/airflow/example_dags/example_bash_operator.py for tasks to queue
[2023-01-31T13:20:34.392+0000] {logging_mixin.py:137} INFO - [2023-01-31T13:20:34.392+0000] {dagbag.py:538} INFO - Filling up the DagBag from /home/airflow/.local/lib/python3.7/site-packages/airflow/example_dags/example_bash_operator.py
[2023-01-31T13:20:34.416+0000] {processor.py:753} INFO - DAG(s) dict_keys(['example_bash_operator']) retrieved from /home/airflow/.local/lib/python3.7/site-packages/airflow/example_dags/example_bash_operator.py
[2023-01-31T13:20:34.468+0000] {logging_mixin.py:137} INFO - [2023-01-31T13:20:34.468+0000] {dag.py:2690} INFO - Sync 1 DAGs
[2023-01-31T13:20:34.506+0000] {logging_mixin.py:137} INFO - [2023-01-31T13:20:34.506+0000] {dag.py:3441} INFO - Setting next_dagrun for example_bash_operator to 2023-01-30T00:00:00+00:00, run_after=2023-01-31T00:00:00+00:00
[2023-01-31T13:20:34.535+0000] {processor.py:175} INFO - Processing /home/airflow/.local/lib/python3.7/site-packages/airflow/example_dags/example_bash_operator.py took 0.150 seconds
[2023-01-31T13:21:05.133+0000] {processor.py:153} INFO - Started process (PID=2721) to work on /home/airflow/.local/lib/python3.7/site-packages/airflow/example_dags/example_bash_operator.py
[2023-01-31T13:21:05.134+0000] {processor.py:743} INFO - Processing file /home/airflow/.local/lib/python3.7/site-packages/airflow/example_dags/example_bash_operator.py for tasks to queue
[2023-01-31T13:21:05.135+0000] {logging_mixin.py:137} INFO - [2023-01-31T13:21:05.135+0000] {dagbag.py:538} INFO - Filling up the DagBag from /home/airflow/.local/lib/python3.7/site-packages/airflow/example_dags/example_bash_operator.py
[2023-01-31T13:21:05.159+0000] {processor.py:753} INFO - DAG(s) dict_keys(['example_bash_operator']) retrieved from /home/airflow/.local/lib/python3.7/site-packages/airflow/example_dags/example_bash_operator.py
[2023-01-31T13:21:05.206+0000] {logging_mixin.py:137} INFO - [2023-01-31T13:21:05.205+0000] {dag.py:2690} INFO - Sync 1 DAGs
[2023-01-31T13:21:05.235+0000] {logging_mixin.py:137} INFO - [2023-01-31T13:21:05.235+0000] {dag.py:3441} INFO - Setting next_dagrun for example_bash_operator to 2023-01-30T00:00:00+00:00, run_after=2023-01-31T00:00:00+00:00
[2023-01-31T13:21:05.265+0000] {processor.py:175} INFO - Processing /home/airflow/.local/lib/python3.7/site-packages/airflow/example_dags/example_bash_operator.py took 0.137 seconds
[2023-01-31T13:21:35.450+0000] {processor.py:153} INFO - Started process (PID=2785) to work on /home/airflow/.local/lib/python3.7/site-packages/airflow/example_dags/example_bash_operator.py
[2023-01-31T13:21:35.451+0000] {processor.py:743} INFO - Processing file /home/airflow/.local/lib/python3.7/site-packages/airflow/example_dags/example_bash_operator.py for tasks to queue
[2023-01-31T13:21:35.452+0000] {logging_mixin.py:137} INFO - [2023-01-31T13:21:35.451+0000] {dagbag.py:538} INFO - Filling up the DagBag from /home/airflow/.local/lib/python3.7/site-packages/airflow/example_dags/example_bash_operator.py
[2023-01-31T13:21:35.475+0000] {processor.py:753} INFO - DAG(s) dict_keys(['example_bash_operator']) retrieved from /home/airflow/.local/lib/python3.7/site-packages/airflow/example_dags/example_bash_operator.py
[2023-01-31T13:21:35.514+0000] {logging_mixin.py:137} INFO - [2023-01-31T13:21:35.514+0000] {dag.py:2690} INFO - Sync 1 DAGs
[2023-01-31T13:21:35.541+0000] {logging_mixin.py:137} INFO - [2023-01-31T13:21:35.541+0000] {dag.py:3441} INFO - Setting next_dagrun for example_bash_operator to 2023-01-30T00:00:00+00:00, run_after=2023-01-31T00:00:00+00:00
[2023-01-31T13:21:35.573+0000] {processor.py:175} INFO - Processing /home/airflow/.local/lib/python3.7/site-packages/airflow/example_dags/example_bash_operator.py took 0.127 seconds
[2023-01-31T13:22:06.950+0000] {processor.py:153} INFO - Started process (PID=2858) to work on /home/airflow/.local/lib/python3.7/site-packages/airflow/example_dags/example_bash_operator.py
[2023-01-31T13:22:06.953+0000] {processor.py:743} INFO - Processing file /home/airflow/.local/lib/python3.7/site-packages/airflow/example_dags/example_bash_operator.py for tasks to queue
[2023-01-31T13:22:06.954+0000] {logging_mixin.py:137} INFO - [2023-01-31T13:22:06.953+0000] {dagbag.py:538} INFO - Filling up the DagBag from /home/airflow/.local/lib/python3.7/site-packages/airflow/example_dags/example_bash_operator.py
[2023-01-31T13:22:06.987+0000] {processor.py:753} INFO - DAG(s) dict_keys(['example_bash_operator']) retrieved from /home/airflow/.local/lib/python3.7/site-packages/airflow/example_dags/example_bash_operator.py
[2023-01-31T13:22:07.046+0000] {logging_mixin.py:137} INFO - [2023-01-31T13:22:07.046+0000] {dag.py:2690} INFO - Sync 1 DAGs
[2023-01-31T13:22:07.089+0000] {logging_mixin.py:137} INFO - [2023-01-31T13:22:07.089+0000] {dag.py:3441} INFO - Setting next_dagrun for example_bash_operator to 2023-01-30T00:00:00+00:00, run_after=2023-01-31T00:00:00+00:00
[2023-01-31T13:22:07.121+0000] {processor.py:175} INFO - Processing /home/airflow/.local/lib/python3.7/site-packages/airflow/example_dags/example_bash_operator.py took 0.177 seconds
[2023-01-31T13:22:37.857+0000] {processor.py:153} INFO - Started process (PID=2929) to work on /home/airflow/.local/lib/python3.7/site-packages/airflow/example_dags/example_bash_operator.py
[2023-01-31T13:22:37.858+0000] {processor.py:743} INFO - Processing file /home/airflow/.local/lib/python3.7/site-packages/airflow/example_dags/example_bash_operator.py for tasks to queue
[2023-01-31T13:22:37.859+0000] {logging_mixin.py:137} INFO - [2023-01-31T13:22:37.859+0000] {dagbag.py:538} INFO - Filling up the DagBag from /home/airflow/.local/lib/python3.7/site-packages/airflow/example_dags/example_bash_operator.py
[2023-01-31T13:22:37.891+0000] {processor.py:753} INFO - DAG(s) dict_keys(['example_bash_operator']) retrieved from /home/airflow/.local/lib/python3.7/site-packages/airflow/example_dags/example_bash_operator.py
[2023-01-31T13:22:37.933+0000] {logging_mixin.py:137} INFO - [2023-01-31T13:22:37.933+0000] {dag.py:2690} INFO - Sync 1 DAGs
[2023-01-31T13:22:37.966+0000] {logging_mixin.py:137} INFO - [2023-01-31T13:22:37.966+0000] {dag.py:3441} INFO - Setting next_dagrun for example_bash_operator to 2023-01-30T00:00:00+00:00, run_after=2023-01-31T00:00:00+00:00
[2023-01-31T13:22:37.991+0000] {processor.py:175} INFO - Processing /home/airflow/.local/lib/python3.7/site-packages/airflow/example_dags/example_bash_operator.py took 0.139 seconds
[2023-01-31T13:23:08.235+0000] {processor.py:153} INFO - Started process (PID=2995) to work on /home/airflow/.local/lib/python3.7/site-packages/airflow/example_dags/example_bash_operator.py
[2023-01-31T13:23:08.236+0000] {processor.py:743} INFO - Processing file /home/airflow/.local/lib/python3.7/site-packages/airflow/example_dags/example_bash_operator.py for tasks to queue
[2023-01-31T13:23:08.237+0000] {logging_mixin.py:137} INFO - [2023-01-31T13:23:08.237+0000] {dagbag.py:538} INFO - Filling up the DagBag from /home/airflow/.local/lib/python3.7/site-packages/airflow/example_dags/example_bash_operator.py
[2023-01-31T13:23:08.269+0000] {processor.py:753} INFO - DAG(s) dict_keys(['example_bash_operator']) retrieved from /home/airflow/.local/lib/python3.7/site-packages/airflow/example_dags/example_bash_operator.py
[2023-01-31T13:23:08.323+0000] {logging_mixin.py:137} INFO - [2023-01-31T13:23:08.323+0000] {dag.py:2690} INFO - Sync 1 DAGs
[2023-01-31T13:23:08.363+0000] {logging_mixin.py:137} INFO - [2023-01-31T13:23:08.363+0000] {dag.py:3441} INFO - Setting next_dagrun for example_bash_operator to 2023-01-30T00:00:00+00:00, run_after=2023-01-31T00:00:00+00:00
[2023-01-31T13:23:08.398+0000] {processor.py:175} INFO - Processing /home/airflow/.local/lib/python3.7/site-packages/airflow/example_dags/example_bash_operator.py took 0.169 seconds
[2023-01-31T13:23:38.750+0000] {processor.py:153} INFO - Started process (PID=3072) to work on /home/airflow/.local/lib/python3.7/site-packages/airflow/example_dags/example_bash_operator.py
[2023-01-31T13:23:38.751+0000] {processor.py:743} INFO - Processing file /home/airflow/.local/lib/python3.7/site-packages/airflow/example_dags/example_bash_operator.py for tasks to queue
[2023-01-31T13:23:38.752+0000] {logging_mixin.py:137} INFO - [2023-01-31T13:23:38.752+0000] {dagbag.py:538} INFO - Filling up the DagBag from /home/airflow/.local/lib/python3.7/site-packages/airflow/example_dags/example_bash_operator.py
[2023-01-31T13:23:38.781+0000] {processor.py:753} INFO - DAG(s) dict_keys(['example_bash_operator']) retrieved from /home/airflow/.local/lib/python3.7/site-packages/airflow/example_dags/example_bash_operator.py
[2023-01-31T13:23:38.838+0000] {logging_mixin.py:137} INFO - [2023-01-31T13:23:38.837+0000] {dag.py:2690} INFO - Sync 1 DAGs
[2023-01-31T13:23:38.875+0000] {logging_mixin.py:137} INFO - [2023-01-31T13:23:38.875+0000] {dag.py:3441} INFO - Setting next_dagrun for example_bash_operator to 2023-01-30T00:00:00+00:00, run_after=2023-01-31T00:00:00+00:00
[2023-01-31T13:23:38.903+0000] {processor.py:175} INFO - Processing /home/airflow/.local/lib/python3.7/site-packages/airflow/example_dags/example_bash_operator.py took 0.157 seconds
[2023-01-31T13:24:09.216+0000] {processor.py:153} INFO - Started process (PID=3137) to work on /home/airflow/.local/lib/python3.7/site-packages/airflow/example_dags/example_bash_operator.py
[2023-01-31T13:24:09.224+0000] {processor.py:743} INFO - Processing file /home/airflow/.local/lib/python3.7/site-packages/airflow/example_dags/example_bash_operator.py for tasks to queue
[2023-01-31T13:24:09.225+0000] {logging_mixin.py:137} INFO - [2023-01-31T13:24:09.225+0000] {dagbag.py:538} INFO - Filling up the DagBag from /home/airflow/.local/lib/python3.7/site-packages/airflow/example_dags/example_bash_operator.py
[2023-01-31T13:24:09.265+0000] {processor.py:753} INFO - DAG(s) dict_keys(['example_bash_operator']) retrieved from /home/airflow/.local/lib/python3.7/site-packages/airflow/example_dags/example_bash_operator.py
[2023-01-31T13:24:09.325+0000] {logging_mixin.py:137} INFO - [2023-01-31T13:24:09.325+0000] {dag.py:2690} INFO - Sync 1 DAGs
[2023-01-31T13:24:09.367+0000] {logging_mixin.py:137} INFO - [2023-01-31T13:24:09.367+0000] {dag.py:3441} INFO - Setting next_dagrun for example_bash_operator to 2023-01-30T00:00:00+00:00, run_after=2023-01-31T00:00:00+00:00
[2023-01-31T13:24:09.436+0000] {processor.py:175} INFO - Processing /home/airflow/.local/lib/python3.7/site-packages/airflow/example_dags/example_bash_operator.py took 0.229 seconds
[2023-01-31T13:24:40.018+0000] {processor.py:153} INFO - Started process (PID=3215) to work on /home/airflow/.local/lib/python3.7/site-packages/airflow/example_dags/example_bash_operator.py
[2023-01-31T13:24:40.019+0000] {processor.py:743} INFO - Processing file /home/airflow/.local/lib/python3.7/site-packages/airflow/example_dags/example_bash_operator.py for tasks to queue
[2023-01-31T13:24:40.020+0000] {logging_mixin.py:137} INFO - [2023-01-31T13:24:40.020+0000] {dagbag.py:538} INFO - Filling up the DagBag from /home/airflow/.local/lib/python3.7/site-packages/airflow/example_dags/example_bash_operator.py
[2023-01-31T13:24:40.050+0000] {processor.py:753} INFO - DAG(s) dict_keys(['example_bash_operator']) retrieved from /home/airflow/.local/lib/python3.7/site-packages/airflow/example_dags/example_bash_operator.py
[2023-01-31T13:24:40.087+0000] {logging_mixin.py:137} INFO - [2023-01-31T13:24:40.087+0000] {dag.py:2690} INFO - Sync 1 DAGs
[2023-01-31T13:24:40.118+0000] {logging_mixin.py:137} INFO - [2023-01-31T13:24:40.117+0000] {dag.py:3441} INFO - Setting next_dagrun for example_bash_operator to 2023-01-30T00:00:00+00:00, run_after=2023-01-31T00:00:00+00:00
[2023-01-31T13:24:40.146+0000] {processor.py:175} INFO - Processing /home/airflow/.local/lib/python3.7/site-packages/airflow/example_dags/example_bash_operator.py took 0.133 seconds
[2023-01-31T13:25:11.194+0000] {processor.py:153} INFO - Started process (PID=3280) to work on /home/airflow/.local/lib/python3.7/site-packages/airflow/example_dags/example_bash_operator.py
[2023-01-31T13:25:11.195+0000] {processor.py:743} INFO - Processing file /home/airflow/.local/lib/python3.7/site-packages/airflow/example_dags/example_bash_operator.py for tasks to queue
[2023-01-31T13:25:11.198+0000] {logging_mixin.py:137} INFO - [2023-01-31T13:25:11.197+0000] {dagbag.py:538} INFO - Filling up the DagBag from /home/airflow/.local/lib/python3.7/site-packages/airflow/example_dags/example_bash_operator.py
[2023-01-31T13:25:11.231+0000] {processor.py:753} INFO - DAG(s) dict_keys(['example_bash_operator']) retrieved from /home/airflow/.local/lib/python3.7/site-packages/airflow/example_dags/example_bash_operator.py
[2023-01-31T13:25:11.297+0000] {logging_mixin.py:137} INFO - [2023-01-31T13:25:11.297+0000] {dag.py:2690} INFO - Sync 1 DAGs
[2023-01-31T13:25:11.339+0000] {logging_mixin.py:137} INFO - [2023-01-31T13:25:11.339+0000] {dag.py:3441} INFO - Setting next_dagrun for example_bash_operator to 2023-01-30T00:00:00+00:00, run_after=2023-01-31T00:00:00+00:00
[2023-01-31T13:25:11.373+0000] {processor.py:175} INFO - Processing /home/airflow/.local/lib/python3.7/site-packages/airflow/example_dags/example_bash_operator.py took 0.188 seconds
[2023-01-31T13:25:41.894+0000] {processor.py:153} INFO - Started process (PID=3358) to work on /home/airflow/.local/lib/python3.7/site-packages/airflow/example_dags/example_bash_operator.py
[2023-01-31T13:25:41.895+0000] {processor.py:743} INFO - Processing file /home/airflow/.local/lib/python3.7/site-packages/airflow/example_dags/example_bash_operator.py for tasks to queue
[2023-01-31T13:25:41.896+0000] {logging_mixin.py:137} INFO - [2023-01-31T13:25:41.895+0000] {dagbag.py:538} INFO - Filling up the DagBag from /home/airflow/.local/lib/python3.7/site-packages/airflow/example_dags/example_bash_operator.py
[2023-01-31T13:25:41.918+0000] {processor.py:753} INFO - DAG(s) dict_keys(['example_bash_operator']) retrieved from /home/airflow/.local/lib/python3.7/site-packages/airflow/example_dags/example_bash_operator.py
[2023-01-31T13:25:41.965+0000] {logging_mixin.py:137} INFO - [2023-01-31T13:25:41.965+0000] {dag.py:2690} INFO - Sync 1 DAGs
[2023-01-31T13:25:41.995+0000] {logging_mixin.py:137} INFO - [2023-01-31T13:25:41.995+0000] {dag.py:3441} INFO - Setting next_dagrun for example_bash_operator to 2023-01-30T00:00:00+00:00, run_after=2023-01-31T00:00:00+00:00
[2023-01-31T13:25:42.022+0000] {processor.py:175} INFO - Processing /home/airflow/.local/lib/python3.7/site-packages/airflow/example_dags/example_bash_operator.py took 0.132 seconds
[2023-01-31T13:26:13.050+0000] {processor.py:153} INFO - Started process (PID=3424) to work on /home/airflow/.local/lib/python3.7/site-packages/airflow/example_dags/example_bash_operator.py
[2023-01-31T13:26:13.068+0000] {processor.py:743} INFO - Processing file /home/airflow/.local/lib/python3.7/site-packages/airflow/example_dags/example_bash_operator.py for tasks to queue
[2023-01-31T13:26:13.069+0000] {logging_mixin.py:137} INFO - [2023-01-31T13:26:13.068+0000] {dagbag.py:538} INFO - Filling up the DagBag from /home/airflow/.local/lib/python3.7/site-packages/airflow/example_dags/example_bash_operator.py
[2023-01-31T13:26:13.099+0000] {processor.py:753} INFO - DAG(s) dict_keys(['example_bash_operator']) retrieved from /home/airflow/.local/lib/python3.7/site-packages/airflow/example_dags/example_bash_operator.py
[2023-01-31T13:26:13.156+0000] {logging_mixin.py:137} INFO - [2023-01-31T13:26:13.156+0000] {dag.py:2690} INFO - Sync 1 DAGs
[2023-01-31T13:26:13.186+0000] {logging_mixin.py:137} INFO - [2023-01-31T13:26:13.186+0000] {dag.py:3441} INFO - Setting next_dagrun for example_bash_operator to 2023-01-30T00:00:00+00:00, run_after=2023-01-31T00:00:00+00:00
[2023-01-31T13:26:13.217+0000] {processor.py:175} INFO - Processing /home/airflow/.local/lib/python3.7/site-packages/airflow/example_dags/example_bash_operator.py took 0.171 seconds
[2023-01-31T13:26:43.304+0000] {processor.py:153} INFO - Started process (PID=3502) to work on /home/airflow/.local/lib/python3.7/site-packages/airflow/example_dags/example_bash_operator.py
[2023-01-31T13:26:43.305+0000] {processor.py:743} INFO - Processing file /home/airflow/.local/lib/python3.7/site-packages/airflow/example_dags/example_bash_operator.py for tasks to queue
[2023-01-31T13:26:43.306+0000] {logging_mixin.py:137} INFO - [2023-01-31T13:26:43.306+0000] {dagbag.py:538} INFO - Filling up the DagBag from /home/airflow/.local/lib/python3.7/site-packages/airflow/example_dags/example_bash_operator.py
[2023-01-31T13:26:43.329+0000] {processor.py:753} INFO - DAG(s) dict_keys(['example_bash_operator']) retrieved from /home/airflow/.local/lib/python3.7/site-packages/airflow/example_dags/example_bash_operator.py
[2023-01-31T13:26:43.366+0000] {logging_mixin.py:137} INFO - [2023-01-31T13:26:43.366+0000] {dag.py:2690} INFO - Sync 1 DAGs
[2023-01-31T13:26:43.394+0000] {logging_mixin.py:137} INFO - [2023-01-31T13:26:43.394+0000] {dag.py:3441} INFO - Setting next_dagrun for example_bash_operator to 2023-01-30T00:00:00+00:00, run_after=2023-01-31T00:00:00+00:00
[2023-01-31T13:26:43.421+0000] {processor.py:175} INFO - Processing /home/airflow/.local/lib/python3.7/site-packages/airflow/example_dags/example_bash_operator.py took 0.122 seconds
[2023-01-31T13:27:14.290+0000] {processor.py:153} INFO - Started process (PID=3567) to work on /home/airflow/.local/lib/python3.7/site-packages/airflow/example_dags/example_bash_operator.py
[2023-01-31T13:27:14.291+0000] {processor.py:743} INFO - Processing file /home/airflow/.local/lib/python3.7/site-packages/airflow/example_dags/example_bash_operator.py for tasks to queue
[2023-01-31T13:27:14.292+0000] {logging_mixin.py:137} INFO - [2023-01-31T13:27:14.292+0000] {dagbag.py:538} INFO - Filling up the DagBag from /home/airflow/.local/lib/python3.7/site-packages/airflow/example_dags/example_bash_operator.py
[2023-01-31T13:27:14.315+0000] {processor.py:753} INFO - DAG(s) dict_keys(['example_bash_operator']) retrieved from /home/airflow/.local/lib/python3.7/site-packages/airflow/example_dags/example_bash_operator.py
[2023-01-31T13:27:14.353+0000] {logging_mixin.py:137} INFO - [2023-01-31T13:27:14.353+0000] {dag.py:2690} INFO - Sync 1 DAGs
[2023-01-31T13:27:14.380+0000] {logging_mixin.py:137} INFO - [2023-01-31T13:27:14.380+0000] {dag.py:3441} INFO - Setting next_dagrun for example_bash_operator to 2023-01-30T00:00:00+00:00, run_after=2023-01-31T00:00:00+00:00
[2023-01-31T13:27:14.408+0000] {processor.py:175} INFO - Processing /home/airflow/.local/lib/python3.7/site-packages/airflow/example_dags/example_bash_operator.py took 0.122 seconds
[2023-01-31T13:27:44.914+0000] {processor.py:153} INFO - Started process (PID=3645) to work on /home/airflow/.local/lib/python3.7/site-packages/airflow/example_dags/example_bash_operator.py
[2023-01-31T13:27:44.915+0000] {processor.py:743} INFO - Processing file /home/airflow/.local/lib/python3.7/site-packages/airflow/example_dags/example_bash_operator.py for tasks to queue
[2023-01-31T13:27:44.916+0000] {logging_mixin.py:137} INFO - [2023-01-31T13:27:44.916+0000] {dagbag.py:538} INFO - Filling up the DagBag from /home/airflow/.local/lib/python3.7/site-packages/airflow/example_dags/example_bash_operator.py
[2023-01-31T13:27:44.948+0000] {processor.py:753} INFO - DAG(s) dict_keys(['example_bash_operator']) retrieved from /home/airflow/.local/lib/python3.7/site-packages/airflow/example_dags/example_bash_operator.py
[2023-01-31T13:27:45.000+0000] {logging_mixin.py:137} INFO - [2023-01-31T13:27:45.000+0000] {dag.py:2690} INFO - Sync 1 DAGs
[2023-01-31T13:27:45.035+0000] {logging_mixin.py:137} INFO - [2023-01-31T13:27:45.035+0000] {dag.py:3441} INFO - Setting next_dagrun for example_bash_operator to 2023-01-30T00:00:00+00:00, run_after=2023-01-31T00:00:00+00:00
[2023-01-31T13:27:45.073+0000] {processor.py:175} INFO - Processing /home/airflow/.local/lib/python3.7/site-packages/airflow/example_dags/example_bash_operator.py took 0.164 seconds
[2023-01-31T13:28:15.157+0000] {processor.py:153} INFO - Started process (PID=3712) to work on /home/airflow/.local/lib/python3.7/site-packages/airflow/example_dags/example_bash_operator.py
[2023-01-31T13:28:15.159+0000] {processor.py:743} INFO - Processing file /home/airflow/.local/lib/python3.7/site-packages/airflow/example_dags/example_bash_operator.py for tasks to queue
[2023-01-31T13:28:15.160+0000] {logging_mixin.py:137} INFO - [2023-01-31T13:28:15.159+0000] {dagbag.py:538} INFO - Filling up the DagBag from /home/airflow/.local/lib/python3.7/site-packages/airflow/example_dags/example_bash_operator.py
[2023-01-31T13:28:15.191+0000] {processor.py:753} INFO - DAG(s) dict_keys(['example_bash_operator']) retrieved from /home/airflow/.local/lib/python3.7/site-packages/airflow/example_dags/example_bash_operator.py
[2023-01-31T13:28:15.248+0000] {logging_mixin.py:137} INFO - [2023-01-31T13:28:15.248+0000] {dag.py:2690} INFO - Sync 1 DAGs
[2023-01-31T13:28:15.291+0000] {logging_mixin.py:137} INFO - [2023-01-31T13:28:15.290+0000] {dag.py:3441} INFO - Setting next_dagrun for example_bash_operator to 2023-01-30T00:00:00+00:00, run_after=2023-01-31T00:00:00+00:00
[2023-01-31T13:28:15.324+0000] {processor.py:175} INFO - Processing /home/airflow/.local/lib/python3.7/site-packages/airflow/example_dags/example_bash_operator.py took 0.172 seconds
[2023-01-31T13:28:45.402+0000] {processor.py:153} INFO - Started process (PID=3786) to work on /home/airflow/.local/lib/python3.7/site-packages/airflow/example_dags/example_bash_operator.py
[2023-01-31T13:28:45.404+0000] {processor.py:743} INFO - Processing file /home/airflow/.local/lib/python3.7/site-packages/airflow/example_dags/example_bash_operator.py for tasks to queue
[2023-01-31T13:28:45.405+0000] {logging_mixin.py:137} INFO - [2023-01-31T13:28:45.405+0000] {dagbag.py:538} INFO - Filling up the DagBag from /home/airflow/.local/lib/python3.7/site-packages/airflow/example_dags/example_bash_operator.py
[2023-01-31T13:28:45.438+0000] {processor.py:753} INFO - DAG(s) dict_keys(['example_bash_operator']) retrieved from /home/airflow/.local/lib/python3.7/site-packages/airflow/example_dags/example_bash_operator.py
[2023-01-31T13:28:45.498+0000] {logging_mixin.py:137} INFO - [2023-01-31T13:28:45.497+0000] {dag.py:2690} INFO - Sync 1 DAGs
[2023-01-31T13:28:45.542+0000] {logging_mixin.py:137} INFO - [2023-01-31T13:28:45.542+0000] {dag.py:3441} INFO - Setting next_dagrun for example_bash_operator to 2023-01-30T00:00:00+00:00, run_after=2023-01-31T00:00:00+00:00
[2023-01-31T13:28:45.576+0000] {processor.py:175} INFO - Processing /home/airflow/.local/lib/python3.7/site-packages/airflow/example_dags/example_bash_operator.py took 0.179 seconds
[2023-01-31T13:29:15.778+0000] {processor.py:153} INFO - Started process (PID=3855) to work on /home/airflow/.local/lib/python3.7/site-packages/airflow/example_dags/example_bash_operator.py
[2023-01-31T13:29:15.779+0000] {processor.py:743} INFO - Processing file /home/airflow/.local/lib/python3.7/site-packages/airflow/example_dags/example_bash_operator.py for tasks to queue
[2023-01-31T13:29:15.780+0000] {logging_mixin.py:137} INFO - [2023-01-31T13:29:15.780+0000] {dagbag.py:538} INFO - Filling up the DagBag from /home/airflow/.local/lib/python3.7/site-packages/airflow/example_dags/example_bash_operator.py
[2023-01-31T13:29:15.806+0000] {processor.py:753} INFO - DAG(s) dict_keys(['example_bash_operator']) retrieved from /home/airflow/.local/lib/python3.7/site-packages/airflow/example_dags/example_bash_operator.py
[2023-01-31T13:29:15.862+0000] {logging_mixin.py:137} INFO - [2023-01-31T13:29:15.862+0000] {dag.py:2690} INFO - Sync 1 DAGs
[2023-01-31T13:29:15.906+0000] {logging_mixin.py:137} INFO - [2023-01-31T13:29:15.905+0000] {dag.py:3441} INFO - Setting next_dagrun for example_bash_operator to 2023-01-30T00:00:00+00:00, run_after=2023-01-31T00:00:00+00:00
[2023-01-31T13:29:15.949+0000] {processor.py:175} INFO - Processing /home/airflow/.local/lib/python3.7/site-packages/airflow/example_dags/example_bash_operator.py took 0.175 seconds
[2023-01-31T13:29:46.185+0000] {processor.py:153} INFO - Started process (PID=3920) to work on /home/airflow/.local/lib/python3.7/site-packages/airflow/example_dags/example_bash_operator.py
[2023-01-31T13:29:46.186+0000] {processor.py:743} INFO - Processing file /home/airflow/.local/lib/python3.7/site-packages/airflow/example_dags/example_bash_operator.py for tasks to queue
[2023-01-31T13:29:46.187+0000] {logging_mixin.py:137} INFO - [2023-01-31T13:29:46.187+0000] {dagbag.py:538} INFO - Filling up the DagBag from /home/airflow/.local/lib/python3.7/site-packages/airflow/example_dags/example_bash_operator.py
[2023-01-31T13:29:46.218+0000] {processor.py:753} INFO - DAG(s) dict_keys(['example_bash_operator']) retrieved from /home/airflow/.local/lib/python3.7/site-packages/airflow/example_dags/example_bash_operator.py
[2023-01-31T13:29:46.274+0000] {logging_mixin.py:137} INFO - [2023-01-31T13:29:46.274+0000] {dag.py:2690} INFO - Sync 1 DAGs
[2023-01-31T13:29:46.317+0000] {logging_mixin.py:137} INFO - [2023-01-31T13:29:46.317+0000] {dag.py:3441} INFO - Setting next_dagrun for example_bash_operator to 2023-01-30T00:00:00+00:00, run_after=2023-01-31T00:00:00+00:00
[2023-01-31T13:29:46.351+0000] {processor.py:175} INFO - Processing /home/airflow/.local/lib/python3.7/site-packages/airflow/example_dags/example_bash_operator.py took 0.170 seconds
[2023-01-31T13:30:16.665+0000] {processor.py:153} INFO - Started process (PID=3998) to work on /home/airflow/.local/lib/python3.7/site-packages/airflow/example_dags/example_bash_operator.py
[2023-01-31T13:30:16.666+0000] {processor.py:743} INFO - Processing file /home/airflow/.local/lib/python3.7/site-packages/airflow/example_dags/example_bash_operator.py for tasks to queue
[2023-01-31T13:30:16.667+0000] {logging_mixin.py:137} INFO - [2023-01-31T13:30:16.667+0000] {dagbag.py:538} INFO - Filling up the DagBag from /home/airflow/.local/lib/python3.7/site-packages/airflow/example_dags/example_bash_operator.py
[2023-01-31T13:30:16.689+0000] {processor.py:753} INFO - DAG(s) dict_keys(['example_bash_operator']) retrieved from /home/airflow/.local/lib/python3.7/site-packages/airflow/example_dags/example_bash_operator.py
[2023-01-31T13:30:16.728+0000] {logging_mixin.py:137} INFO - [2023-01-31T13:30:16.728+0000] {dag.py:2690} INFO - Sync 1 DAGs
[2023-01-31T13:30:16.761+0000] {logging_mixin.py:137} INFO - [2023-01-31T13:30:16.761+0000] {dag.py:3441} INFO - Setting next_dagrun for example_bash_operator to 2023-01-30T00:00:00+00:00, run_after=2023-01-31T00:00:00+00:00
[2023-01-31T13:30:16.788+0000] {processor.py:175} INFO - Processing /home/airflow/.local/lib/python3.7/site-packages/airflow/example_dags/example_bash_operator.py took 0.128 seconds
[2023-01-31T13:30:46.974+0000] {processor.py:153} INFO - Started process (PID=4063) to work on /home/airflow/.local/lib/python3.7/site-packages/airflow/example_dags/example_bash_operator.py
[2023-01-31T13:30:46.975+0000] {processor.py:743} INFO - Processing file /home/airflow/.local/lib/python3.7/site-packages/airflow/example_dags/example_bash_operator.py for tasks to queue
[2023-01-31T13:30:46.975+0000] {logging_mixin.py:137} INFO - [2023-01-31T13:30:46.975+0000] {dagbag.py:538} INFO - Filling up the DagBag from /home/airflow/.local/lib/python3.7/site-packages/airflow/example_dags/example_bash_operator.py
[2023-01-31T13:30:46.998+0000] {processor.py:753} INFO - DAG(s) dict_keys(['example_bash_operator']) retrieved from /home/airflow/.local/lib/python3.7/site-packages/airflow/example_dags/example_bash_operator.py
[2023-01-31T13:30:47.035+0000] {logging_mixin.py:137} INFO - [2023-01-31T13:30:47.035+0000] {dag.py:2690} INFO - Sync 1 DAGs
[2023-01-31T13:30:47.063+0000] {logging_mixin.py:137} INFO - [2023-01-31T13:30:47.063+0000] {dag.py:3441} INFO - Setting next_dagrun for example_bash_operator to 2023-01-30T00:00:00+00:00, run_after=2023-01-31T00:00:00+00:00
[2023-01-31T13:30:47.090+0000] {processor.py:175} INFO - Processing /home/airflow/.local/lib/python3.7/site-packages/airflow/example_dags/example_bash_operator.py took 0.120 seconds
[2023-01-31T13:31:17.282+0000] {processor.py:153} INFO - Started process (PID=4140) to work on /home/airflow/.local/lib/python3.7/site-packages/airflow/example_dags/example_bash_operator.py
[2023-01-31T13:31:17.288+0000] {processor.py:743} INFO - Processing file /home/airflow/.local/lib/python3.7/site-packages/airflow/example_dags/example_bash_operator.py for tasks to queue
[2023-01-31T13:31:17.289+0000] {logging_mixin.py:137} INFO - [2023-01-31T13:31:17.289+0000] {dagbag.py:538} INFO - Filling up the DagBag from /home/airflow/.local/lib/python3.7/site-packages/airflow/example_dags/example_bash_operator.py
[2023-01-31T13:31:17.323+0000] {processor.py:753} INFO - DAG(s) dict_keys(['example_bash_operator']) retrieved from /home/airflow/.local/lib/python3.7/site-packages/airflow/example_dags/example_bash_operator.py
[2023-01-31T13:31:17.380+0000] {logging_mixin.py:137} INFO - [2023-01-31T13:31:17.379+0000] {dag.py:2690} INFO - Sync 1 DAGs
[2023-01-31T13:31:17.418+0000] {logging_mixin.py:137} INFO - [2023-01-31T13:31:17.418+0000] {dag.py:3441} INFO - Setting next_dagrun for example_bash_operator to 2023-01-30T00:00:00+00:00, run_after=2023-01-31T00:00:00+00:00
[2023-01-31T13:31:17.453+0000] {processor.py:175} INFO - Processing /home/airflow/.local/lib/python3.7/site-packages/airflow/example_dags/example_bash_operator.py took 0.175 seconds
