[2023-01-31T13:02:14.352+0000] {processor.py:153} INFO - Started process (PID=93) to work on /home/airflow/.local/lib/python3.7/site-packages/airflow/example_dags/example_skip_dag.py
[2023-01-31T13:02:14.353+0000] {processor.py:743} INFO - Processing file /home/airflow/.local/lib/python3.7/site-packages/airflow/example_dags/example_skip_dag.py for tasks to queue
[2023-01-31T13:02:14.354+0000] {logging_mixin.py:137} INFO - [2023-01-31T13:02:14.354+0000] {dagbag.py:538} INFO - Filling up the DagBag from /home/airflow/.local/lib/python3.7/site-packages/airflow/example_dags/example_skip_dag.py
[2023-01-31T13:02:14.371+0000] {processor.py:753} INFO - DAG(s) dict_keys(['example_skip_dag']) retrieved from /home/airflow/.local/lib/python3.7/site-packages/airflow/example_dags/example_skip_dag.py
[2023-01-31T13:02:14.400+0000] {logging_mixin.py:137} INFO - [2023-01-31T13:02:14.399+0000] {dag.py:2690} INFO - Sync 1 DAGs
[2023-01-31T13:02:14.426+0000] {logging_mixin.py:137} INFO - [2023-01-31T13:02:14.425+0000] {dag.py:3441} INFO - Setting next_dagrun for example_skip_dag to 2023-01-30T13:02:14.425653+00:00, run_after=2023-01-31T13:02:14.425653+00:00
[2023-01-31T13:02:14.462+0000] {processor.py:175} INFO - Processing /home/airflow/.local/lib/python3.7/site-packages/airflow/example_dags/example_skip_dag.py took 0.114 seconds
[2023-01-31T13:02:44.501+0000] {processor.py:153} INFO - Started process (PID=159) to work on /home/airflow/.local/lib/python3.7/site-packages/airflow/example_dags/example_skip_dag.py
[2023-01-31T13:02:44.502+0000] {processor.py:743} INFO - Processing file /home/airflow/.local/lib/python3.7/site-packages/airflow/example_dags/example_skip_dag.py for tasks to queue
[2023-01-31T13:02:44.503+0000] {logging_mixin.py:137} INFO - [2023-01-31T13:02:44.503+0000] {dagbag.py:538} INFO - Filling up the DagBag from /home/airflow/.local/lib/python3.7/site-packages/airflow/example_dags/example_skip_dag.py
[2023-01-31T13:02:44.517+0000] {processor.py:753} INFO - DAG(s) dict_keys(['example_skip_dag']) retrieved from /home/airflow/.local/lib/python3.7/site-packages/airflow/example_dags/example_skip_dag.py
[2023-01-31T13:02:44.550+0000] {logging_mixin.py:137} INFO - [2023-01-31T13:02:44.550+0000] {dag.py:2690} INFO - Sync 1 DAGs
[2023-01-31T13:02:44.584+0000] {logging_mixin.py:137} INFO - [2023-01-31T13:02:44.583+0000] {dag.py:3441} INFO - Setting next_dagrun for example_skip_dag to 2023-01-30T13:02:44.583633+00:00, run_after=2023-01-31T13:02:44.583633+00:00
[2023-01-31T13:02:44.609+0000] {processor.py:175} INFO - Processing /home/airflow/.local/lib/python3.7/site-packages/airflow/example_dags/example_skip_dag.py took 0.112 seconds
[2023-01-31T13:03:15.267+0000] {processor.py:153} INFO - Started process (PID=236) to work on /home/airflow/.local/lib/python3.7/site-packages/airflow/example_dags/example_skip_dag.py
[2023-01-31T13:03:15.275+0000] {processor.py:743} INFO - Processing file /home/airflow/.local/lib/python3.7/site-packages/airflow/example_dags/example_skip_dag.py for tasks to queue
[2023-01-31T13:03:15.276+0000] {logging_mixin.py:137} INFO - [2023-01-31T13:03:15.275+0000] {dagbag.py:538} INFO - Filling up the DagBag from /home/airflow/.local/lib/python3.7/site-packages/airflow/example_dags/example_skip_dag.py
[2023-01-31T13:03:15.295+0000] {processor.py:753} INFO - DAG(s) dict_keys(['example_skip_dag']) retrieved from /home/airflow/.local/lib/python3.7/site-packages/airflow/example_dags/example_skip_dag.py
[2023-01-31T13:03:15.335+0000] {logging_mixin.py:137} INFO - [2023-01-31T13:03:15.335+0000] {dag.py:2690} INFO - Sync 1 DAGs
[2023-01-31T13:03:15.376+0000] {logging_mixin.py:137} INFO - [2023-01-31T13:03:15.375+0000] {dag.py:3441} INFO - Setting next_dagrun for example_skip_dag to 2023-01-30T13:03:15.375503+00:00, run_after=2023-01-31T13:03:15.375503+00:00
[2023-01-31T13:03:15.410+0000] {processor.py:175} INFO - Processing /home/airflow/.local/lib/python3.7/site-packages/airflow/example_dags/example_skip_dag.py took 0.148 seconds
[2023-01-31T13:03:45.481+0000] {processor.py:153} INFO - Started process (PID=301) to work on /home/airflow/.local/lib/python3.7/site-packages/airflow/example_dags/example_skip_dag.py
[2023-01-31T13:03:45.482+0000] {processor.py:743} INFO - Processing file /home/airflow/.local/lib/python3.7/site-packages/airflow/example_dags/example_skip_dag.py for tasks to queue
[2023-01-31T13:03:45.482+0000] {logging_mixin.py:137} INFO - [2023-01-31T13:03:45.482+0000] {dagbag.py:538} INFO - Filling up the DagBag from /home/airflow/.local/lib/python3.7/site-packages/airflow/example_dags/example_skip_dag.py
[2023-01-31T13:03:45.497+0000] {processor.py:753} INFO - DAG(s) dict_keys(['example_skip_dag']) retrieved from /home/airflow/.local/lib/python3.7/site-packages/airflow/example_dags/example_skip_dag.py
[2023-01-31T13:03:45.522+0000] {logging_mixin.py:137} INFO - [2023-01-31T13:03:45.522+0000] {dag.py:2690} INFO - Sync 1 DAGs
[2023-01-31T13:03:45.547+0000] {logging_mixin.py:137} INFO - [2023-01-31T13:03:45.547+0000] {dag.py:3441} INFO - Setting next_dagrun for example_skip_dag to 2023-01-30T13:03:45.546938+00:00, run_after=2023-01-31T13:03:45.546938+00:00
[2023-01-31T13:03:45.575+0000] {processor.py:175} INFO - Processing /home/airflow/.local/lib/python3.7/site-packages/airflow/example_dags/example_skip_dag.py took 0.099 seconds
[2023-01-31T13:04:15.943+0000] {processor.py:153} INFO - Started process (PID=376) to work on /home/airflow/.local/lib/python3.7/site-packages/airflow/example_dags/example_skip_dag.py
[2023-01-31T13:04:15.945+0000] {processor.py:743} INFO - Processing file /home/airflow/.local/lib/python3.7/site-packages/airflow/example_dags/example_skip_dag.py for tasks to queue
[2023-01-31T13:04:15.946+0000] {logging_mixin.py:137} INFO - [2023-01-31T13:04:15.945+0000] {dagbag.py:538} INFO - Filling up the DagBag from /home/airflow/.local/lib/python3.7/site-packages/airflow/example_dags/example_skip_dag.py
[2023-01-31T13:04:15.967+0000] {processor.py:753} INFO - DAG(s) dict_keys(['example_skip_dag']) retrieved from /home/airflow/.local/lib/python3.7/site-packages/airflow/example_dags/example_skip_dag.py
[2023-01-31T13:04:16.004+0000] {logging_mixin.py:137} INFO - [2023-01-31T13:04:16.004+0000] {dag.py:2690} INFO - Sync 1 DAGs
[2023-01-31T13:04:16.047+0000] {logging_mixin.py:137} INFO - [2023-01-31T13:04:16.047+0000] {dag.py:3441} INFO - Setting next_dagrun for example_skip_dag to 2023-01-30T13:04:16.046803+00:00, run_after=2023-01-31T13:04:16.046803+00:00
[2023-01-31T13:04:16.089+0000] {processor.py:175} INFO - Processing /home/airflow/.local/lib/python3.7/site-packages/airflow/example_dags/example_skip_dag.py took 0.151 seconds
[2023-01-31T13:04:46.130+0000] {processor.py:153} INFO - Started process (PID=446) to work on /home/airflow/.local/lib/python3.7/site-packages/airflow/example_dags/example_skip_dag.py
[2023-01-31T13:04:46.131+0000] {processor.py:743} INFO - Processing file /home/airflow/.local/lib/python3.7/site-packages/airflow/example_dags/example_skip_dag.py for tasks to queue
[2023-01-31T13:04:46.132+0000] {logging_mixin.py:137} INFO - [2023-01-31T13:04:46.132+0000] {dagbag.py:538} INFO - Filling up the DagBag from /home/airflow/.local/lib/python3.7/site-packages/airflow/example_dags/example_skip_dag.py
[2023-01-31T13:04:46.148+0000] {processor.py:753} INFO - DAG(s) dict_keys(['example_skip_dag']) retrieved from /home/airflow/.local/lib/python3.7/site-packages/airflow/example_dags/example_skip_dag.py
[2023-01-31T13:04:46.174+0000] {logging_mixin.py:137} INFO - [2023-01-31T13:04:46.174+0000] {dag.py:2690} INFO - Sync 1 DAGs
[2023-01-31T13:04:46.200+0000] {logging_mixin.py:137} INFO - [2023-01-31T13:04:46.200+0000] {dag.py:3441} INFO - Setting next_dagrun for example_skip_dag to 2023-01-30T13:04:46.200437+00:00, run_after=2023-01-31T13:04:46.200437+00:00
[2023-01-31T13:04:46.234+0000] {processor.py:175} INFO - Processing /home/airflow/.local/lib/python3.7/site-packages/airflow/example_dags/example_skip_dag.py took 0.108 seconds
[2023-01-31T13:05:16.414+0000] {processor.py:153} INFO - Started process (PID=511) to work on /home/airflow/.local/lib/python3.7/site-packages/airflow/example_dags/example_skip_dag.py
[2023-01-31T13:05:16.415+0000] {processor.py:743} INFO - Processing file /home/airflow/.local/lib/python3.7/site-packages/airflow/example_dags/example_skip_dag.py for tasks to queue
[2023-01-31T13:05:16.416+0000] {logging_mixin.py:137} INFO - [2023-01-31T13:05:16.416+0000] {dagbag.py:538} INFO - Filling up the DagBag from /home/airflow/.local/lib/python3.7/site-packages/airflow/example_dags/example_skip_dag.py
[2023-01-31T13:05:16.430+0000] {processor.py:753} INFO - DAG(s) dict_keys(['example_skip_dag']) retrieved from /home/airflow/.local/lib/python3.7/site-packages/airflow/example_dags/example_skip_dag.py
[2023-01-31T13:05:16.459+0000] {logging_mixin.py:137} INFO - [2023-01-31T13:05:16.458+0000] {dag.py:2690} INFO - Sync 1 DAGs
[2023-01-31T13:05:16.485+0000] {logging_mixin.py:137} INFO - [2023-01-31T13:05:16.485+0000] {dag.py:3441} INFO - Setting next_dagrun for example_skip_dag to 2023-01-30T13:05:16.484980+00:00, run_after=2023-01-31T13:05:16.484980+00:00
[2023-01-31T13:05:16.513+0000] {processor.py:175} INFO - Processing /home/airflow/.local/lib/python3.7/site-packages/airflow/example_dags/example_skip_dag.py took 0.103 seconds
[2023-01-31T13:05:46.812+0000] {processor.py:153} INFO - Started process (PID=589) to work on /home/airflow/.local/lib/python3.7/site-packages/airflow/example_dags/example_skip_dag.py
[2023-01-31T13:05:46.813+0000] {processor.py:743} INFO - Processing file /home/airflow/.local/lib/python3.7/site-packages/airflow/example_dags/example_skip_dag.py for tasks to queue
[2023-01-31T13:05:46.814+0000] {logging_mixin.py:137} INFO - [2023-01-31T13:05:46.814+0000] {dagbag.py:538} INFO - Filling up the DagBag from /home/airflow/.local/lib/python3.7/site-packages/airflow/example_dags/example_skip_dag.py
[2023-01-31T13:05:46.829+0000] {processor.py:753} INFO - DAG(s) dict_keys(['example_skip_dag']) retrieved from /home/airflow/.local/lib/python3.7/site-packages/airflow/example_dags/example_skip_dag.py
[2023-01-31T13:05:46.860+0000] {logging_mixin.py:137} INFO - [2023-01-31T13:05:46.860+0000] {dag.py:2690} INFO - Sync 1 DAGs
[2023-01-31T13:05:46.897+0000] {logging_mixin.py:137} INFO - [2023-01-31T13:05:46.897+0000] {dag.py:3441} INFO - Setting next_dagrun for example_skip_dag to 2023-01-30T13:05:46.896939+00:00, run_after=2023-01-31T13:05:46.896939+00:00
[2023-01-31T13:05:46.925+0000] {processor.py:175} INFO - Processing /home/airflow/.local/lib/python3.7/site-packages/airflow/example_dags/example_skip_dag.py took 0.117 seconds
[2023-01-31T13:06:17.176+0000] {processor.py:153} INFO - Started process (PID=656) to work on /home/airflow/.local/lib/python3.7/site-packages/airflow/example_dags/example_skip_dag.py
[2023-01-31T13:06:17.177+0000] {processor.py:743} INFO - Processing file /home/airflow/.local/lib/python3.7/site-packages/airflow/example_dags/example_skip_dag.py for tasks to queue
[2023-01-31T13:06:17.177+0000] {logging_mixin.py:137} INFO - [2023-01-31T13:06:17.177+0000] {dagbag.py:538} INFO - Filling up the DagBag from /home/airflow/.local/lib/python3.7/site-packages/airflow/example_dags/example_skip_dag.py
[2023-01-31T13:06:17.196+0000] {processor.py:753} INFO - DAG(s) dict_keys(['example_skip_dag']) retrieved from /home/airflow/.local/lib/python3.7/site-packages/airflow/example_dags/example_skip_dag.py
[2023-01-31T13:06:17.222+0000] {logging_mixin.py:137} INFO - [2023-01-31T13:06:17.222+0000] {dag.py:2690} INFO - Sync 1 DAGs
[2023-01-31T13:06:17.250+0000] {logging_mixin.py:137} INFO - [2023-01-31T13:06:17.249+0000] {dag.py:3441} INFO - Setting next_dagrun for example_skip_dag to 2023-01-30T13:06:17.249530+00:00, run_after=2023-01-31T13:06:17.249530+00:00
[2023-01-31T13:06:17.284+0000] {processor.py:175} INFO - Processing /home/airflow/.local/lib/python3.7/site-packages/airflow/example_dags/example_skip_dag.py took 0.112 seconds
[2023-01-31T13:06:47.994+0000] {processor.py:153} INFO - Started process (PID=734) to work on /home/airflow/.local/lib/python3.7/site-packages/airflow/example_dags/example_skip_dag.py
[2023-01-31T13:06:47.995+0000] {processor.py:743} INFO - Processing file /home/airflow/.local/lib/python3.7/site-packages/airflow/example_dags/example_skip_dag.py for tasks to queue
[2023-01-31T13:06:47.996+0000] {logging_mixin.py:137} INFO - [2023-01-31T13:06:47.996+0000] {dagbag.py:538} INFO - Filling up the DagBag from /home/airflow/.local/lib/python3.7/site-packages/airflow/example_dags/example_skip_dag.py
[2023-01-31T13:06:48.016+0000] {processor.py:753} INFO - DAG(s) dict_keys(['example_skip_dag']) retrieved from /home/airflow/.local/lib/python3.7/site-packages/airflow/example_dags/example_skip_dag.py
[2023-01-31T13:06:48.058+0000] {logging_mixin.py:137} INFO - [2023-01-31T13:06:48.058+0000] {dag.py:2690} INFO - Sync 1 DAGs
[2023-01-31T13:06:48.104+0000] {logging_mixin.py:137} INFO - [2023-01-31T13:06:48.104+0000] {dag.py:3441} INFO - Setting next_dagrun for example_skip_dag to 2023-01-30T13:06:48.103853+00:00, run_after=2023-01-31T13:06:48.103853+00:00
[2023-01-31T13:06:48.137+0000] {processor.py:175} INFO - Processing /home/airflow/.local/lib/python3.7/site-packages/airflow/example_dags/example_skip_dag.py took 0.149 seconds
[2023-01-31T13:07:18.418+0000] {processor.py:153} INFO - Started process (PID=800) to work on /home/airflow/.local/lib/python3.7/site-packages/airflow/example_dags/example_skip_dag.py
[2023-01-31T13:07:18.419+0000] {processor.py:743} INFO - Processing file /home/airflow/.local/lib/python3.7/site-packages/airflow/example_dags/example_skip_dag.py for tasks to queue
[2023-01-31T13:07:18.420+0000] {logging_mixin.py:137} INFO - [2023-01-31T13:07:18.420+0000] {dagbag.py:538} INFO - Filling up the DagBag from /home/airflow/.local/lib/python3.7/site-packages/airflow/example_dags/example_skip_dag.py
[2023-01-31T13:07:18.436+0000] {processor.py:753} INFO - DAG(s) dict_keys(['example_skip_dag']) retrieved from /home/airflow/.local/lib/python3.7/site-packages/airflow/example_dags/example_skip_dag.py
[2023-01-31T13:07:18.466+0000] {logging_mixin.py:137} INFO - [2023-01-31T13:07:18.466+0000] {dag.py:2690} INFO - Sync 1 DAGs
[2023-01-31T13:07:18.490+0000] {logging_mixin.py:137} INFO - [2023-01-31T13:07:18.490+0000] {dag.py:3441} INFO - Setting next_dagrun for example_skip_dag to 2023-01-30T13:07:18.490398+00:00, run_after=2023-01-31T13:07:18.490398+00:00
[2023-01-31T13:07:18.516+0000] {processor.py:175} INFO - Processing /home/airflow/.local/lib/python3.7/site-packages/airflow/example_dags/example_skip_dag.py took 0.101 seconds
[2023-01-31T13:07:49.026+0000] {processor.py:153} INFO - Started process (PID=866) to work on /home/airflow/.local/lib/python3.7/site-packages/airflow/example_dags/example_skip_dag.py
[2023-01-31T13:07:49.027+0000] {processor.py:743} INFO - Processing file /home/airflow/.local/lib/python3.7/site-packages/airflow/example_dags/example_skip_dag.py for tasks to queue
[2023-01-31T13:07:49.028+0000] {logging_mixin.py:137} INFO - [2023-01-31T13:07:49.028+0000] {dagbag.py:538} INFO - Filling up the DagBag from /home/airflow/.local/lib/python3.7/site-packages/airflow/example_dags/example_skip_dag.py
[2023-01-31T13:07:49.043+0000] {processor.py:753} INFO - DAG(s) dict_keys(['example_skip_dag']) retrieved from /home/airflow/.local/lib/python3.7/site-packages/airflow/example_dags/example_skip_dag.py
[2023-01-31T13:07:49.070+0000] {logging_mixin.py:137} INFO - [2023-01-31T13:07:49.070+0000] {dag.py:2690} INFO - Sync 1 DAGs
[2023-01-31T13:07:49.104+0000] {logging_mixin.py:137} INFO - [2023-01-31T13:07:49.104+0000] {dag.py:3441} INFO - Setting next_dagrun for example_skip_dag to 2023-01-30T13:07:49.103807+00:00, run_after=2023-01-31T13:07:49.103807+00:00
[2023-01-31T13:07:49.135+0000] {processor.py:175} INFO - Processing /home/airflow/.local/lib/python3.7/site-packages/airflow/example_dags/example_skip_dag.py took 0.114 seconds
[2023-01-31T13:08:19.700+0000] {processor.py:153} INFO - Started process (PID=944) to work on /home/airflow/.local/lib/python3.7/site-packages/airflow/example_dags/example_skip_dag.py
[2023-01-31T13:08:19.701+0000] {processor.py:743} INFO - Processing file /home/airflow/.local/lib/python3.7/site-packages/airflow/example_dags/example_skip_dag.py for tasks to queue
[2023-01-31T13:08:19.702+0000] {logging_mixin.py:137} INFO - [2023-01-31T13:08:19.702+0000] {dagbag.py:538} INFO - Filling up the DagBag from /home/airflow/.local/lib/python3.7/site-packages/airflow/example_dags/example_skip_dag.py
[2023-01-31T13:08:19.719+0000] {processor.py:753} INFO - DAG(s) dict_keys(['example_skip_dag']) retrieved from /home/airflow/.local/lib/python3.7/site-packages/airflow/example_dags/example_skip_dag.py
[2023-01-31T13:08:19.743+0000] {logging_mixin.py:137} INFO - [2023-01-31T13:08:19.743+0000] {dag.py:2690} INFO - Sync 1 DAGs
[2023-01-31T13:08:19.769+0000] {logging_mixin.py:137} INFO - [2023-01-31T13:08:19.769+0000] {dag.py:3441} INFO - Setting next_dagrun for example_skip_dag to 2023-01-30T13:08:19.769047+00:00, run_after=2023-01-31T13:08:19.769047+00:00
[2023-01-31T13:08:19.796+0000] {processor.py:175} INFO - Processing /home/airflow/.local/lib/python3.7/site-packages/airflow/example_dags/example_skip_dag.py took 0.101 seconds
[2023-01-31T13:08:49.870+0000] {processor.py:153} INFO - Started process (PID=1009) to work on /home/airflow/.local/lib/python3.7/site-packages/airflow/example_dags/example_skip_dag.py
[2023-01-31T13:08:49.876+0000] {processor.py:743} INFO - Processing file /home/airflow/.local/lib/python3.7/site-packages/airflow/example_dags/example_skip_dag.py for tasks to queue
[2023-01-31T13:08:49.877+0000] {logging_mixin.py:137} INFO - [2023-01-31T13:08:49.877+0000] {dagbag.py:538} INFO - Filling up the DagBag from /home/airflow/.local/lib/python3.7/site-packages/airflow/example_dags/example_skip_dag.py
[2023-01-31T13:08:49.894+0000] {processor.py:753} INFO - DAG(s) dict_keys(['example_skip_dag']) retrieved from /home/airflow/.local/lib/python3.7/site-packages/airflow/example_dags/example_skip_dag.py
[2023-01-31T13:08:49.919+0000] {logging_mixin.py:137} INFO - [2023-01-31T13:08:49.919+0000] {dag.py:2690} INFO - Sync 1 DAGs
[2023-01-31T13:08:49.947+0000] {logging_mixin.py:137} INFO - [2023-01-31T13:08:49.947+0000] {dag.py:3441} INFO - Setting next_dagrun for example_skip_dag to 2023-01-30T13:08:49.946922+00:00, run_after=2023-01-31T13:08:49.946922+00:00
[2023-01-31T13:08:49.972+0000] {processor.py:175} INFO - Processing /home/airflow/.local/lib/python3.7/site-packages/airflow/example_dags/example_skip_dag.py took 0.108 seconds
[2023-01-31T13:09:21.283+0000] {processor.py:153} INFO - Started process (PID=1083) to work on /home/airflow/.local/lib/python3.7/site-packages/airflow/example_dags/example_skip_dag.py
[2023-01-31T13:09:21.284+0000] {processor.py:743} INFO - Processing file /home/airflow/.local/lib/python3.7/site-packages/airflow/example_dags/example_skip_dag.py for tasks to queue
[2023-01-31T13:09:21.285+0000] {logging_mixin.py:137} INFO - [2023-01-31T13:09:21.285+0000] {dagbag.py:538} INFO - Filling up the DagBag from /home/airflow/.local/lib/python3.7/site-packages/airflow/example_dags/example_skip_dag.py
[2023-01-31T13:09:21.303+0000] {processor.py:753} INFO - DAG(s) dict_keys(['example_skip_dag']) retrieved from /home/airflow/.local/lib/python3.7/site-packages/airflow/example_dags/example_skip_dag.py
[2023-01-31T13:09:21.329+0000] {logging_mixin.py:137} INFO - [2023-01-31T13:09:21.328+0000] {dag.py:2690} INFO - Sync 1 DAGs
[2023-01-31T13:09:21.356+0000] {logging_mixin.py:137} INFO - [2023-01-31T13:09:21.356+0000] {dag.py:3441} INFO - Setting next_dagrun for example_skip_dag to 2023-01-30T13:09:21.356438+00:00, run_after=2023-01-31T13:09:21.356438+00:00
[2023-01-31T13:09:21.387+0000] {processor.py:175} INFO - Processing /home/airflow/.local/lib/python3.7/site-packages/airflow/example_dags/example_skip_dag.py took 0.110 seconds
[2023-01-31T13:09:51.419+0000] {processor.py:153} INFO - Started process (PID=1150) to work on /home/airflow/.local/lib/python3.7/site-packages/airflow/example_dags/example_skip_dag.py
[2023-01-31T13:09:51.421+0000] {processor.py:743} INFO - Processing file /home/airflow/.local/lib/python3.7/site-packages/airflow/example_dags/example_skip_dag.py for tasks to queue
[2023-01-31T13:09:51.422+0000] {logging_mixin.py:137} INFO - [2023-01-31T13:09:51.421+0000] {dagbag.py:538} INFO - Filling up the DagBag from /home/airflow/.local/lib/python3.7/site-packages/airflow/example_dags/example_skip_dag.py
[2023-01-31T13:09:51.438+0000] {processor.py:753} INFO - DAG(s) dict_keys(['example_skip_dag']) retrieved from /home/airflow/.local/lib/python3.7/site-packages/airflow/example_dags/example_skip_dag.py
[2023-01-31T13:09:51.470+0000] {logging_mixin.py:137} INFO - [2023-01-31T13:09:51.469+0000] {dag.py:2690} INFO - Sync 1 DAGs
[2023-01-31T13:09:51.508+0000] {logging_mixin.py:137} INFO - [2023-01-31T13:09:51.508+0000] {dag.py:3441} INFO - Setting next_dagrun for example_skip_dag to 2023-01-30T13:09:51.507998+00:00, run_after=2023-01-31T13:09:51.507998+00:00
[2023-01-31T13:09:51.540+0000] {processor.py:175} INFO - Processing /home/airflow/.local/lib/python3.7/site-packages/airflow/example_dags/example_skip_dag.py took 0.124 seconds
[2023-01-31T13:10:22.922+0000] {processor.py:153} INFO - Started process (PID=1224) to work on /home/airflow/.local/lib/python3.7/site-packages/airflow/example_dags/example_skip_dag.py
[2023-01-31T13:10:22.923+0000] {processor.py:743} INFO - Processing file /home/airflow/.local/lib/python3.7/site-packages/airflow/example_dags/example_skip_dag.py for tasks to queue
[2023-01-31T13:10:22.924+0000] {logging_mixin.py:137} INFO - [2023-01-31T13:10:22.924+0000] {dagbag.py:538} INFO - Filling up the DagBag from /home/airflow/.local/lib/python3.7/site-packages/airflow/example_dags/example_skip_dag.py
[2023-01-31T13:10:22.945+0000] {processor.py:753} INFO - DAG(s) dict_keys(['example_skip_dag']) retrieved from /home/airflow/.local/lib/python3.7/site-packages/airflow/example_dags/example_skip_dag.py
[2023-01-31T13:10:22.991+0000] {logging_mixin.py:137} INFO - [2023-01-31T13:10:22.991+0000] {dag.py:2690} INFO - Sync 1 DAGs
[2023-01-31T13:10:23.068+0000] {logging_mixin.py:137} INFO - [2023-01-31T13:10:23.068+0000] {dag.py:3441} INFO - Setting next_dagrun for example_skip_dag to 2023-01-30T13:10:23.067882+00:00, run_after=2023-01-31T13:10:23.067882+00:00
[2023-01-31T13:10:23.118+0000] {processor.py:175} INFO - Processing /home/airflow/.local/lib/python3.7/site-packages/airflow/example_dags/example_skip_dag.py took 0.202 seconds
[2023-01-31T13:10:53.879+0000] {processor.py:153} INFO - Started process (PID=1295) to work on /home/airflow/.local/lib/python3.7/site-packages/airflow/example_dags/example_skip_dag.py
[2023-01-31T13:10:53.880+0000] {processor.py:743} INFO - Processing file /home/airflow/.local/lib/python3.7/site-packages/airflow/example_dags/example_skip_dag.py for tasks to queue
[2023-01-31T13:10:53.881+0000] {logging_mixin.py:137} INFO - [2023-01-31T13:10:53.881+0000] {dagbag.py:538} INFO - Filling up the DagBag from /home/airflow/.local/lib/python3.7/site-packages/airflow/example_dags/example_skip_dag.py
[2023-01-31T13:10:53.896+0000] {processor.py:753} INFO - DAG(s) dict_keys(['example_skip_dag']) retrieved from /home/airflow/.local/lib/python3.7/site-packages/airflow/example_dags/example_skip_dag.py
[2023-01-31T13:10:53.929+0000] {logging_mixin.py:137} INFO - [2023-01-31T13:10:53.929+0000] {dag.py:2690} INFO - Sync 1 DAGs
[2023-01-31T13:10:53.965+0000] {logging_mixin.py:137} INFO - [2023-01-31T13:10:53.965+0000] {dag.py:3441} INFO - Setting next_dagrun for example_skip_dag to 2023-01-30T13:10:53.965115+00:00, run_after=2023-01-31T13:10:53.965115+00:00
[2023-01-31T13:10:53.992+0000] {processor.py:175} INFO - Processing /home/airflow/.local/lib/python3.7/site-packages/airflow/example_dags/example_skip_dag.py took 0.118 seconds
[2023-01-31T13:11:24.316+0000] {processor.py:153} INFO - Started process (PID=1359) to work on /home/airflow/.local/lib/python3.7/site-packages/airflow/example_dags/example_skip_dag.py
[2023-01-31T13:11:24.317+0000] {processor.py:743} INFO - Processing file /home/airflow/.local/lib/python3.7/site-packages/airflow/example_dags/example_skip_dag.py for tasks to queue
[2023-01-31T13:11:24.317+0000] {logging_mixin.py:137} INFO - [2023-01-31T13:11:24.317+0000] {dagbag.py:538} INFO - Filling up the DagBag from /home/airflow/.local/lib/python3.7/site-packages/airflow/example_dags/example_skip_dag.py
[2023-01-31T13:11:24.332+0000] {processor.py:753} INFO - DAG(s) dict_keys(['example_skip_dag']) retrieved from /home/airflow/.local/lib/python3.7/site-packages/airflow/example_dags/example_skip_dag.py
[2023-01-31T13:11:24.359+0000] {logging_mixin.py:137} INFO - [2023-01-31T13:11:24.358+0000] {dag.py:2690} INFO - Sync 1 DAGs
[2023-01-31T13:11:24.384+0000] {logging_mixin.py:137} INFO - [2023-01-31T13:11:24.384+0000] {dag.py:3441} INFO - Setting next_dagrun for example_skip_dag to 2023-01-30T13:11:24.383837+00:00, run_after=2023-01-31T13:11:24.383837+00:00
[2023-01-31T13:11:24.411+0000] {processor.py:175} INFO - Processing /home/airflow/.local/lib/python3.7/site-packages/airflow/example_dags/example_skip_dag.py took 0.099 seconds
[2023-01-31T13:11:54.816+0000] {processor.py:153} INFO - Started process (PID=1436) to work on /home/airflow/.local/lib/python3.7/site-packages/airflow/example_dags/example_skip_dag.py
[2023-01-31T13:11:54.817+0000] {processor.py:743} INFO - Processing file /home/airflow/.local/lib/python3.7/site-packages/airflow/example_dags/example_skip_dag.py for tasks to queue
[2023-01-31T13:11:54.818+0000] {logging_mixin.py:137} INFO - [2023-01-31T13:11:54.818+0000] {dagbag.py:538} INFO - Filling up the DagBag from /home/airflow/.local/lib/python3.7/site-packages/airflow/example_dags/example_skip_dag.py
[2023-01-31T13:11:54.834+0000] {processor.py:753} INFO - DAG(s) dict_keys(['example_skip_dag']) retrieved from /home/airflow/.local/lib/python3.7/site-packages/airflow/example_dags/example_skip_dag.py
[2023-01-31T13:11:54.864+0000] {logging_mixin.py:137} INFO - [2023-01-31T13:11:54.864+0000] {dag.py:2690} INFO - Sync 1 DAGs
[2023-01-31T13:11:54.903+0000] {logging_mixin.py:137} INFO - [2023-01-31T13:11:54.903+0000] {dag.py:3441} INFO - Setting next_dagrun for example_skip_dag to 2023-01-30T13:11:54.902748+00:00, run_after=2023-01-31T13:11:54.902748+00:00
[2023-01-31T13:11:54.930+0000] {processor.py:175} INFO - Processing /home/airflow/.local/lib/python3.7/site-packages/airflow/example_dags/example_skip_dag.py took 0.118 seconds
[2023-01-31T13:12:25.209+0000] {processor.py:153} INFO - Started process (PID=1502) to work on /home/airflow/.local/lib/python3.7/site-packages/airflow/example_dags/example_skip_dag.py
[2023-01-31T13:12:25.210+0000] {processor.py:743} INFO - Processing file /home/airflow/.local/lib/python3.7/site-packages/airflow/example_dags/example_skip_dag.py for tasks to queue
[2023-01-31T13:12:25.210+0000] {logging_mixin.py:137} INFO - [2023-01-31T13:12:25.210+0000] {dagbag.py:538} INFO - Filling up the DagBag from /home/airflow/.local/lib/python3.7/site-packages/airflow/example_dags/example_skip_dag.py
[2023-01-31T13:12:25.226+0000] {processor.py:753} INFO - DAG(s) dict_keys(['example_skip_dag']) retrieved from /home/airflow/.local/lib/python3.7/site-packages/airflow/example_dags/example_skip_dag.py
[2023-01-31T13:12:25.253+0000] {logging_mixin.py:137} INFO - [2023-01-31T13:12:25.253+0000] {dag.py:2690} INFO - Sync 1 DAGs
[2023-01-31T13:12:25.289+0000] {logging_mixin.py:137} INFO - [2023-01-31T13:12:25.289+0000] {dag.py:3441} INFO - Setting next_dagrun for example_skip_dag to 2023-01-30T13:12:25.289006+00:00, run_after=2023-01-31T13:12:25.289006+00:00
[2023-01-31T13:12:25.315+0000] {processor.py:175} INFO - Processing /home/airflow/.local/lib/python3.7/site-packages/airflow/example_dags/example_skip_dag.py took 0.112 seconds
[2023-01-31T13:12:55.818+0000] {processor.py:153} INFO - Started process (PID=1579) to work on /home/airflow/.local/lib/python3.7/site-packages/airflow/example_dags/example_skip_dag.py
[2023-01-31T13:12:55.819+0000] {processor.py:743} INFO - Processing file /home/airflow/.local/lib/python3.7/site-packages/airflow/example_dags/example_skip_dag.py for tasks to queue
[2023-01-31T13:12:55.820+0000] {logging_mixin.py:137} INFO - [2023-01-31T13:12:55.820+0000] {dagbag.py:538} INFO - Filling up the DagBag from /home/airflow/.local/lib/python3.7/site-packages/airflow/example_dags/example_skip_dag.py
[2023-01-31T13:12:55.842+0000] {processor.py:753} INFO - DAG(s) dict_keys(['example_skip_dag']) retrieved from /home/airflow/.local/lib/python3.7/site-packages/airflow/example_dags/example_skip_dag.py
[2023-01-31T13:12:55.875+0000] {logging_mixin.py:137} INFO - [2023-01-31T13:12:55.875+0000] {dag.py:2690} INFO - Sync 1 DAGs
[2023-01-31T13:12:55.900+0000] {logging_mixin.py:137} INFO - [2023-01-31T13:12:55.900+0000] {dag.py:3441} INFO - Setting next_dagrun for example_skip_dag to 2023-01-30T13:12:55.900428+00:00, run_after=2023-01-31T13:12:55.900428+00:00
[2023-01-31T13:12:55.927+0000] {processor.py:175} INFO - Processing /home/airflow/.local/lib/python3.7/site-packages/airflow/example_dags/example_skip_dag.py took 0.114 seconds
[2023-01-31T13:13:26.292+0000] {processor.py:153} INFO - Started process (PID=1645) to work on /home/airflow/.local/lib/python3.7/site-packages/airflow/example_dags/example_skip_dag.py
[2023-01-31T13:13:26.293+0000] {processor.py:743} INFO - Processing file /home/airflow/.local/lib/python3.7/site-packages/airflow/example_dags/example_skip_dag.py for tasks to queue
[2023-01-31T13:13:26.294+0000] {logging_mixin.py:137} INFO - [2023-01-31T13:13:26.294+0000] {dagbag.py:538} INFO - Filling up the DagBag from /home/airflow/.local/lib/python3.7/site-packages/airflow/example_dags/example_skip_dag.py
[2023-01-31T13:13:26.309+0000] {processor.py:753} INFO - DAG(s) dict_keys(['example_skip_dag']) retrieved from /home/airflow/.local/lib/python3.7/site-packages/airflow/example_dags/example_skip_dag.py
[2023-01-31T13:13:26.338+0000] {logging_mixin.py:137} INFO - [2023-01-31T13:13:26.338+0000] {dag.py:2690} INFO - Sync 1 DAGs
[2023-01-31T13:13:26.365+0000] {logging_mixin.py:137} INFO - [2023-01-31T13:13:26.364+0000] {dag.py:3441} INFO - Setting next_dagrun for example_skip_dag to 2023-01-30T13:13:26.364449+00:00, run_after=2023-01-31T13:13:26.364449+00:00
[2023-01-31T13:13:26.395+0000] {processor.py:175} INFO - Processing /home/airflow/.local/lib/python3.7/site-packages/airflow/example_dags/example_skip_dag.py took 0.108 seconds
[2023-01-31T13:13:56.815+0000] {processor.py:153} INFO - Started process (PID=1718) to work on /home/airflow/.local/lib/python3.7/site-packages/airflow/example_dags/example_skip_dag.py
[2023-01-31T13:13:56.816+0000] {processor.py:743} INFO - Processing file /home/airflow/.local/lib/python3.7/site-packages/airflow/example_dags/example_skip_dag.py for tasks to queue
[2023-01-31T13:13:56.817+0000] {logging_mixin.py:137} INFO - [2023-01-31T13:13:56.817+0000] {dagbag.py:538} INFO - Filling up the DagBag from /home/airflow/.local/lib/python3.7/site-packages/airflow/example_dags/example_skip_dag.py
[2023-01-31T13:13:56.838+0000] {processor.py:753} INFO - DAG(s) dict_keys(['example_skip_dag']) retrieved from /home/airflow/.local/lib/python3.7/site-packages/airflow/example_dags/example_skip_dag.py
[2023-01-31T13:13:56.878+0000] {logging_mixin.py:137} INFO - [2023-01-31T13:13:56.878+0000] {dag.py:2690} INFO - Sync 1 DAGs
[2023-01-31T13:13:56.919+0000] {logging_mixin.py:137} INFO - [2023-01-31T13:13:56.918+0000] {dag.py:3441} INFO - Setting next_dagrun for example_skip_dag to 2023-01-30T13:13:56.918415+00:00, run_after=2023-01-31T13:13:56.918415+00:00
[2023-01-31T13:13:56.954+0000] {processor.py:175} INFO - Processing /home/airflow/.local/lib/python3.7/site-packages/airflow/example_dags/example_skip_dag.py took 0.144 seconds
[2023-01-31T13:14:27.824+0000] {processor.py:153} INFO - Started process (PID=1789) to work on /home/airflow/.local/lib/python3.7/site-packages/airflow/example_dags/example_skip_dag.py
[2023-01-31T13:14:27.825+0000] {processor.py:743} INFO - Processing file /home/airflow/.local/lib/python3.7/site-packages/airflow/example_dags/example_skip_dag.py for tasks to queue
[2023-01-31T13:14:27.825+0000] {logging_mixin.py:137} INFO - [2023-01-31T13:14:27.825+0000] {dagbag.py:538} INFO - Filling up the DagBag from /home/airflow/.local/lib/python3.7/site-packages/airflow/example_dags/example_skip_dag.py
[2023-01-31T13:14:27.845+0000] {processor.py:753} INFO - DAG(s) dict_keys(['example_skip_dag']) retrieved from /home/airflow/.local/lib/python3.7/site-packages/airflow/example_dags/example_skip_dag.py
[2023-01-31T13:14:27.878+0000] {logging_mixin.py:137} INFO - [2023-01-31T13:14:27.877+0000] {dag.py:2690} INFO - Sync 1 DAGs
[2023-01-31T13:14:27.907+0000] {logging_mixin.py:137} INFO - [2023-01-31T13:14:27.907+0000] {dag.py:3441} INFO - Setting next_dagrun for example_skip_dag to 2023-01-30T13:14:27.907061+00:00, run_after=2023-01-31T13:14:27.907061+00:00
[2023-01-31T13:14:27.938+0000] {processor.py:175} INFO - Processing /home/airflow/.local/lib/python3.7/site-packages/airflow/example_dags/example_skip_dag.py took 0.118 seconds
[2023-01-31T13:14:58.014+0000] {processor.py:153} INFO - Started process (PID=1854) to work on /home/airflow/.local/lib/python3.7/site-packages/airflow/example_dags/example_skip_dag.py
[2023-01-31T13:14:58.018+0000] {processor.py:743} INFO - Processing file /home/airflow/.local/lib/python3.7/site-packages/airflow/example_dags/example_skip_dag.py for tasks to queue
[2023-01-31T13:14:58.019+0000] {logging_mixin.py:137} INFO - [2023-01-31T13:14:58.018+0000] {dagbag.py:538} INFO - Filling up the DagBag from /home/airflow/.local/lib/python3.7/site-packages/airflow/example_dags/example_skip_dag.py
[2023-01-31T13:14:58.039+0000] {processor.py:753} INFO - DAG(s) dict_keys(['example_skip_dag']) retrieved from /home/airflow/.local/lib/python3.7/site-packages/airflow/example_dags/example_skip_dag.py
[2023-01-31T13:14:58.075+0000] {logging_mixin.py:137} INFO - [2023-01-31T13:14:58.075+0000] {dag.py:2690} INFO - Sync 1 DAGs
[2023-01-31T13:14:58.114+0000] {logging_mixin.py:137} INFO - [2023-01-31T13:14:58.113+0000] {dag.py:3441} INFO - Setting next_dagrun for example_skip_dag to 2023-01-30T13:14:58.113501+00:00, run_after=2023-01-31T13:14:58.113501+00:00
[2023-01-31T13:14:58.145+0000] {processor.py:175} INFO - Processing /home/airflow/.local/lib/python3.7/site-packages/airflow/example_dags/example_skip_dag.py took 0.137 seconds
[2023-01-31T13:15:28.689+0000] {processor.py:153} INFO - Started process (PID=1930) to work on /home/airflow/.local/lib/python3.7/site-packages/airflow/example_dags/example_skip_dag.py
[2023-01-31T13:15:28.690+0000] {processor.py:743} INFO - Processing file /home/airflow/.local/lib/python3.7/site-packages/airflow/example_dags/example_skip_dag.py for tasks to queue
[2023-01-31T13:15:28.691+0000] {logging_mixin.py:137} INFO - [2023-01-31T13:15:28.691+0000] {dagbag.py:538} INFO - Filling up the DagBag from /home/airflow/.local/lib/python3.7/site-packages/airflow/example_dags/example_skip_dag.py
[2023-01-31T13:15:28.706+0000] {processor.py:753} INFO - DAG(s) dict_keys(['example_skip_dag']) retrieved from /home/airflow/.local/lib/python3.7/site-packages/airflow/example_dags/example_skip_dag.py
[2023-01-31T13:15:28.735+0000] {logging_mixin.py:137} INFO - [2023-01-31T13:15:28.735+0000] {dag.py:2690} INFO - Sync 1 DAGs
[2023-01-31T13:15:28.770+0000] {logging_mixin.py:137} INFO - [2023-01-31T13:15:28.769+0000] {dag.py:3441} INFO - Setting next_dagrun for example_skip_dag to 2023-01-30T13:15:28.768104+00:00, run_after=2023-01-31T13:15:28.768104+00:00
[2023-01-31T13:15:28.802+0000] {processor.py:175} INFO - Processing /home/airflow/.local/lib/python3.7/site-packages/airflow/example_dags/example_skip_dag.py took 0.117 seconds
[2023-01-31T13:15:58.966+0000] {processor.py:153} INFO - Started process (PID=1995) to work on /home/airflow/.local/lib/python3.7/site-packages/airflow/example_dags/example_skip_dag.py
[2023-01-31T13:15:58.968+0000] {processor.py:743} INFO - Processing file /home/airflow/.local/lib/python3.7/site-packages/airflow/example_dags/example_skip_dag.py for tasks to queue
[2023-01-31T13:15:58.969+0000] {logging_mixin.py:137} INFO - [2023-01-31T13:15:58.968+0000] {dagbag.py:538} INFO - Filling up the DagBag from /home/airflow/.local/lib/python3.7/site-packages/airflow/example_dags/example_skip_dag.py
[2023-01-31T13:15:58.987+0000] {processor.py:753} INFO - DAG(s) dict_keys(['example_skip_dag']) retrieved from /home/airflow/.local/lib/python3.7/site-packages/airflow/example_dags/example_skip_dag.py
[2023-01-31T13:15:59.022+0000] {logging_mixin.py:137} INFO - [2023-01-31T13:15:59.021+0000] {dag.py:2690} INFO - Sync 1 DAGs
[2023-01-31T13:15:59.057+0000] {logging_mixin.py:137} INFO - [2023-01-31T13:15:59.057+0000] {dag.py:3441} INFO - Setting next_dagrun for example_skip_dag to 2023-01-30T13:15:59.056899+00:00, run_after=2023-01-31T13:15:59.056899+00:00
[2023-01-31T13:15:59.093+0000] {processor.py:175} INFO - Processing /home/airflow/.local/lib/python3.7/site-packages/airflow/example_dags/example_skip_dag.py took 0.131 seconds
[2023-01-31T13:16:29.427+0000] {processor.py:153} INFO - Started process (PID=2070) to work on /home/airflow/.local/lib/python3.7/site-packages/airflow/example_dags/example_skip_dag.py
[2023-01-31T13:16:29.429+0000] {processor.py:743} INFO - Processing file /home/airflow/.local/lib/python3.7/site-packages/airflow/example_dags/example_skip_dag.py for tasks to queue
[2023-01-31T13:16:29.430+0000] {logging_mixin.py:137} INFO - [2023-01-31T13:16:29.430+0000] {dagbag.py:538} INFO - Filling up the DagBag from /home/airflow/.local/lib/python3.7/site-packages/airflow/example_dags/example_skip_dag.py
[2023-01-31T13:16:29.450+0000] {processor.py:753} INFO - DAG(s) dict_keys(['example_skip_dag']) retrieved from /home/airflow/.local/lib/python3.7/site-packages/airflow/example_dags/example_skip_dag.py
[2023-01-31T13:16:29.486+0000] {logging_mixin.py:137} INFO - [2023-01-31T13:16:29.486+0000] {dag.py:2690} INFO - Sync 1 DAGs
[2023-01-31T13:16:29.518+0000] {logging_mixin.py:137} INFO - [2023-01-31T13:16:29.518+0000] {dag.py:3441} INFO - Setting next_dagrun for example_skip_dag to 2023-01-30T13:16:29.518232+00:00, run_after=2023-01-31T13:16:29.518232+00:00
[2023-01-31T13:16:29.549+0000] {processor.py:175} INFO - Processing /home/airflow/.local/lib/python3.7/site-packages/airflow/example_dags/example_skip_dag.py took 0.126 seconds
[2023-01-31T13:16:59.869+0000] {processor.py:153} INFO - Started process (PID=2139) to work on /home/airflow/.local/lib/python3.7/site-packages/airflow/example_dags/example_skip_dag.py
[2023-01-31T13:16:59.870+0000] {processor.py:743} INFO - Processing file /home/airflow/.local/lib/python3.7/site-packages/airflow/example_dags/example_skip_dag.py for tasks to queue
[2023-01-31T13:16:59.871+0000] {logging_mixin.py:137} INFO - [2023-01-31T13:16:59.871+0000] {dagbag.py:538} INFO - Filling up the DagBag from /home/airflow/.local/lib/python3.7/site-packages/airflow/example_dags/example_skip_dag.py
[2023-01-31T13:16:59.888+0000] {processor.py:753} INFO - DAG(s) dict_keys(['example_skip_dag']) retrieved from /home/airflow/.local/lib/python3.7/site-packages/airflow/example_dags/example_skip_dag.py
[2023-01-31T13:16:59.924+0000] {logging_mixin.py:137} INFO - [2023-01-31T13:16:59.924+0000] {dag.py:2690} INFO - Sync 1 DAGs
[2023-01-31T13:16:59.962+0000] {logging_mixin.py:137} INFO - [2023-01-31T13:16:59.962+0000] {dag.py:3441} INFO - Setting next_dagrun for example_skip_dag to 2023-01-30T13:16:59.962291+00:00, run_after=2023-01-31T13:16:59.962291+00:00
[2023-01-31T13:16:59.996+0000] {processor.py:175} INFO - Processing /home/airflow/.local/lib/python3.7/site-packages/airflow/example_dags/example_skip_dag.py took 0.131 seconds
[2023-01-31T13:17:30.337+0000] {processor.py:153} INFO - Started process (PID=2204) to work on /home/airflow/.local/lib/python3.7/site-packages/airflow/example_dags/example_skip_dag.py
[2023-01-31T13:17:30.339+0000] {processor.py:743} INFO - Processing file /home/airflow/.local/lib/python3.7/site-packages/airflow/example_dags/example_skip_dag.py for tasks to queue
[2023-01-31T13:17:30.339+0000] {logging_mixin.py:137} INFO - [2023-01-31T13:17:30.339+0000] {dagbag.py:538} INFO - Filling up the DagBag from /home/airflow/.local/lib/python3.7/site-packages/airflow/example_dags/example_skip_dag.py
[2023-01-31T13:17:30.360+0000] {processor.py:753} INFO - DAG(s) dict_keys(['example_skip_dag']) retrieved from /home/airflow/.local/lib/python3.7/site-packages/airflow/example_dags/example_skip_dag.py
[2023-01-31T13:17:30.416+0000] {logging_mixin.py:137} INFO - [2023-01-31T13:17:30.416+0000] {dag.py:2690} INFO - Sync 1 DAGs
[2023-01-31T13:17:30.479+0000] {logging_mixin.py:137} INFO - [2023-01-31T13:17:30.479+0000] {dag.py:3441} INFO - Setting next_dagrun for example_skip_dag to 2023-01-30T13:17:30.478643+00:00, run_after=2023-01-31T13:17:30.478643+00:00
[2023-01-31T13:17:30.530+0000] {processor.py:175} INFO - Processing /home/airflow/.local/lib/python3.7/site-packages/airflow/example_dags/example_skip_dag.py took 0.203 seconds
[2023-01-31T13:18:00.776+0000] {processor.py:153} INFO - Started process (PID=2283) to work on /home/airflow/.local/lib/python3.7/site-packages/airflow/example_dags/example_skip_dag.py
[2023-01-31T13:18:00.784+0000] {processor.py:743} INFO - Processing file /home/airflow/.local/lib/python3.7/site-packages/airflow/example_dags/example_skip_dag.py for tasks to queue
[2023-01-31T13:18:00.785+0000] {logging_mixin.py:137} INFO - [2023-01-31T13:18:00.784+0000] {dagbag.py:538} INFO - Filling up the DagBag from /home/airflow/.local/lib/python3.7/site-packages/airflow/example_dags/example_skip_dag.py
[2023-01-31T13:18:00.802+0000] {processor.py:753} INFO - DAG(s) dict_keys(['example_skip_dag']) retrieved from /home/airflow/.local/lib/python3.7/site-packages/airflow/example_dags/example_skip_dag.py
[2023-01-31T13:18:00.838+0000] {logging_mixin.py:137} INFO - [2023-01-31T13:18:00.838+0000] {dag.py:2690} INFO - Sync 1 DAGs
[2023-01-31T13:18:00.875+0000] {logging_mixin.py:137} INFO - [2023-01-31T13:18:00.875+0000] {dag.py:3441} INFO - Setting next_dagrun for example_skip_dag to 2023-01-30T13:18:00.874951+00:00, run_after=2023-01-31T13:18:00.874951+00:00
[2023-01-31T13:18:00.914+0000] {processor.py:175} INFO - Processing /home/airflow/.local/lib/python3.7/site-packages/airflow/example_dags/example_skip_dag.py took 0.142 seconds
[2023-01-31T13:18:31.111+0000] {processor.py:153} INFO - Started process (PID=2350) to work on /home/airflow/.local/lib/python3.7/site-packages/airflow/example_dags/example_skip_dag.py
[2023-01-31T13:18:31.112+0000] {processor.py:743} INFO - Processing file /home/airflow/.local/lib/python3.7/site-packages/airflow/example_dags/example_skip_dag.py for tasks to queue
[2023-01-31T13:18:31.112+0000] {logging_mixin.py:137} INFO - [2023-01-31T13:18:31.112+0000] {dagbag.py:538} INFO - Filling up the DagBag from /home/airflow/.local/lib/python3.7/site-packages/airflow/example_dags/example_skip_dag.py
[2023-01-31T13:18:31.131+0000] {processor.py:753} INFO - DAG(s) dict_keys(['example_skip_dag']) retrieved from /home/airflow/.local/lib/python3.7/site-packages/airflow/example_dags/example_skip_dag.py
[2023-01-31T13:18:31.172+0000] {logging_mixin.py:137} INFO - [2023-01-31T13:18:31.172+0000] {dag.py:2690} INFO - Sync 1 DAGs
[2023-01-31T13:18:31.212+0000] {logging_mixin.py:137} INFO - [2023-01-31T13:18:31.212+0000] {dag.py:3441} INFO - Setting next_dagrun for example_skip_dag to 2023-01-30T13:18:31.212293+00:00, run_after=2023-01-31T13:18:31.212293+00:00
[2023-01-31T13:18:31.252+0000] {processor.py:175} INFO - Processing /home/airflow/.local/lib/python3.7/site-packages/airflow/example_dags/example_skip_dag.py took 0.146 seconds
[2023-01-31T13:19:01.665+0000] {processor.py:153} INFO - Started process (PID=2429) to work on /home/airflow/.local/lib/python3.7/site-packages/airflow/example_dags/example_skip_dag.py
[2023-01-31T13:19:01.666+0000] {processor.py:743} INFO - Processing file /home/airflow/.local/lib/python3.7/site-packages/airflow/example_dags/example_skip_dag.py for tasks to queue
[2023-01-31T13:19:01.666+0000] {logging_mixin.py:137} INFO - [2023-01-31T13:19:01.666+0000] {dagbag.py:538} INFO - Filling up the DagBag from /home/airflow/.local/lib/python3.7/site-packages/airflow/example_dags/example_skip_dag.py
[2023-01-31T13:19:01.682+0000] {processor.py:753} INFO - DAG(s) dict_keys(['example_skip_dag']) retrieved from /home/airflow/.local/lib/python3.7/site-packages/airflow/example_dags/example_skip_dag.py
[2023-01-31T13:19:01.718+0000] {logging_mixin.py:137} INFO - [2023-01-31T13:19:01.717+0000] {dag.py:2690} INFO - Sync 1 DAGs
[2023-01-31T13:19:01.752+0000] {logging_mixin.py:137} INFO - [2023-01-31T13:19:01.752+0000] {dag.py:3441} INFO - Setting next_dagrun for example_skip_dag to 2023-01-30T13:19:01.752132+00:00, run_after=2023-01-31T13:19:01.752132+00:00
[2023-01-31T13:19:01.782+0000] {processor.py:175} INFO - Processing /home/airflow/.local/lib/python3.7/site-packages/airflow/example_dags/example_skip_dag.py took 0.121 seconds
[2023-01-31T13:19:32.084+0000] {processor.py:153} INFO - Started process (PID=2493) to work on /home/airflow/.local/lib/python3.7/site-packages/airflow/example_dags/example_skip_dag.py
[2023-01-31T13:19:32.089+0000] {processor.py:743} INFO - Processing file /home/airflow/.local/lib/python3.7/site-packages/airflow/example_dags/example_skip_dag.py for tasks to queue
[2023-01-31T13:19:32.090+0000] {logging_mixin.py:137} INFO - [2023-01-31T13:19:32.089+0000] {dagbag.py:538} INFO - Filling up the DagBag from /home/airflow/.local/lib/python3.7/site-packages/airflow/example_dags/example_skip_dag.py
[2023-01-31T13:19:32.106+0000] {processor.py:753} INFO - DAG(s) dict_keys(['example_skip_dag']) retrieved from /home/airflow/.local/lib/python3.7/site-packages/airflow/example_dags/example_skip_dag.py
[2023-01-31T13:19:32.137+0000] {logging_mixin.py:137} INFO - [2023-01-31T13:19:32.137+0000] {dag.py:2690} INFO - Sync 1 DAGs
[2023-01-31T13:19:32.166+0000] {logging_mixin.py:137} INFO - [2023-01-31T13:19:32.166+0000] {dag.py:3441} INFO - Setting next_dagrun for example_skip_dag to 2023-01-30T13:19:32.166426+00:00, run_after=2023-01-31T13:19:32.166426+00:00
[2023-01-31T13:19:32.194+0000] {processor.py:175} INFO - Processing /home/airflow/.local/lib/python3.7/site-packages/airflow/example_dags/example_skip_dag.py took 0.115 seconds
[2023-01-31T13:20:02.636+0000] {processor.py:153} INFO - Started process (PID=2571) to work on /home/airflow/.local/lib/python3.7/site-packages/airflow/example_dags/example_skip_dag.py
[2023-01-31T13:20:02.637+0000] {processor.py:743} INFO - Processing file /home/airflow/.local/lib/python3.7/site-packages/airflow/example_dags/example_skip_dag.py for tasks to queue
[2023-01-31T13:20:02.638+0000] {logging_mixin.py:137} INFO - [2023-01-31T13:20:02.638+0000] {dagbag.py:538} INFO - Filling up the DagBag from /home/airflow/.local/lib/python3.7/site-packages/airflow/example_dags/example_skip_dag.py
[2023-01-31T13:20:02.654+0000] {processor.py:753} INFO - DAG(s) dict_keys(['example_skip_dag']) retrieved from /home/airflow/.local/lib/python3.7/site-packages/airflow/example_dags/example_skip_dag.py
[2023-01-31T13:20:02.688+0000] {logging_mixin.py:137} INFO - [2023-01-31T13:20:02.688+0000] {dag.py:2690} INFO - Sync 1 DAGs
[2023-01-31T13:20:02.715+0000] {logging_mixin.py:137} INFO - [2023-01-31T13:20:02.715+0000] {dag.py:3441} INFO - Setting next_dagrun for example_skip_dag to 2023-01-30T13:20:02.715300+00:00, run_after=2023-01-31T13:20:02.715300+00:00
[2023-01-31T13:20:02.747+0000] {processor.py:175} INFO - Processing /home/airflow/.local/lib/python3.7/site-packages/airflow/example_dags/example_skip_dag.py took 0.115 seconds
[2023-01-31T13:20:32.957+0000] {processor.py:153} INFO - Started process (PID=2637) to work on /home/airflow/.local/lib/python3.7/site-packages/airflow/example_dags/example_skip_dag.py
[2023-01-31T13:20:32.958+0000] {processor.py:743} INFO - Processing file /home/airflow/.local/lib/python3.7/site-packages/airflow/example_dags/example_skip_dag.py for tasks to queue
[2023-01-31T13:20:32.959+0000] {logging_mixin.py:137} INFO - [2023-01-31T13:20:32.959+0000] {dagbag.py:538} INFO - Filling up the DagBag from /home/airflow/.local/lib/python3.7/site-packages/airflow/example_dags/example_skip_dag.py
[2023-01-31T13:20:32.974+0000] {processor.py:753} INFO - DAG(s) dict_keys(['example_skip_dag']) retrieved from /home/airflow/.local/lib/python3.7/site-packages/airflow/example_dags/example_skip_dag.py
[2023-01-31T13:20:33.003+0000] {logging_mixin.py:137} INFO - [2023-01-31T13:20:33.003+0000] {dag.py:2690} INFO - Sync 1 DAGs
[2023-01-31T13:20:33.030+0000] {logging_mixin.py:137} INFO - [2023-01-31T13:20:33.030+0000] {dag.py:3441} INFO - Setting next_dagrun for example_skip_dag to 2023-01-30T13:20:33.030073+00:00, run_after=2023-01-31T13:20:33.030073+00:00
[2023-01-31T13:20:33.056+0000] {processor.py:175} INFO - Processing /home/airflow/.local/lib/python3.7/site-packages/airflow/example_dags/example_skip_dag.py took 0.103 seconds
[2023-01-31T13:21:03.612+0000] {processor.py:153} INFO - Started process (PID=2712) to work on /home/airflow/.local/lib/python3.7/site-packages/airflow/example_dags/example_skip_dag.py
[2023-01-31T13:21:03.616+0000] {processor.py:743} INFO - Processing file /home/airflow/.local/lib/python3.7/site-packages/airflow/example_dags/example_skip_dag.py for tasks to queue
[2023-01-31T13:21:03.617+0000] {logging_mixin.py:137} INFO - [2023-01-31T13:21:03.617+0000] {dagbag.py:538} INFO - Filling up the DagBag from /home/airflow/.local/lib/python3.7/site-packages/airflow/example_dags/example_skip_dag.py
[2023-01-31T13:21:03.642+0000] {processor.py:753} INFO - DAG(s) dict_keys(['example_skip_dag']) retrieved from /home/airflow/.local/lib/python3.7/site-packages/airflow/example_dags/example_skip_dag.py
[2023-01-31T13:21:03.669+0000] {logging_mixin.py:137} INFO - [2023-01-31T13:21:03.669+0000] {dag.py:2690} INFO - Sync 1 DAGs
[2023-01-31T13:21:03.696+0000] {logging_mixin.py:137} INFO - [2023-01-31T13:21:03.696+0000] {dag.py:3441} INFO - Setting next_dagrun for example_skip_dag to 2023-01-30T13:21:03.694818+00:00, run_after=2023-01-31T13:21:03.694818+00:00
[2023-01-31T13:21:03.728+0000] {processor.py:175} INFO - Processing /home/airflow/.local/lib/python3.7/site-packages/airflow/example_dags/example_skip_dag.py took 0.121 seconds
[2023-01-31T13:21:33.918+0000] {processor.py:153} INFO - Started process (PID=2779) to work on /home/airflow/.local/lib/python3.7/site-packages/airflow/example_dags/example_skip_dag.py
[2023-01-31T13:21:33.919+0000] {processor.py:743} INFO - Processing file /home/airflow/.local/lib/python3.7/site-packages/airflow/example_dags/example_skip_dag.py for tasks to queue
[2023-01-31T13:21:33.919+0000] {logging_mixin.py:137} INFO - [2023-01-31T13:21:33.919+0000] {dagbag.py:538} INFO - Filling up the DagBag from /home/airflow/.local/lib/python3.7/site-packages/airflow/example_dags/example_skip_dag.py
[2023-01-31T13:21:33.934+0000] {processor.py:753} INFO - DAG(s) dict_keys(['example_skip_dag']) retrieved from /home/airflow/.local/lib/python3.7/site-packages/airflow/example_dags/example_skip_dag.py
[2023-01-31T13:21:33.963+0000] {logging_mixin.py:137} INFO - [2023-01-31T13:21:33.963+0000] {dag.py:2690} INFO - Sync 1 DAGs
[2023-01-31T13:21:33.989+0000] {logging_mixin.py:137} INFO - [2023-01-31T13:21:33.989+0000] {dag.py:3441} INFO - Setting next_dagrun for example_skip_dag to 2023-01-30T13:21:33.989144+00:00, run_after=2023-01-31T13:21:33.989144+00:00
[2023-01-31T13:21:34.015+0000] {processor.py:175} INFO - Processing /home/airflow/.local/lib/python3.7/site-packages/airflow/example_dags/example_skip_dag.py took 0.101 seconds
[2023-01-31T13:22:05.037+0000] {processor.py:153} INFO - Started process (PID=2846) to work on /home/airflow/.local/lib/python3.7/site-packages/airflow/example_dags/example_skip_dag.py
[2023-01-31T13:22:05.038+0000] {processor.py:743} INFO - Processing file /home/airflow/.local/lib/python3.7/site-packages/airflow/example_dags/example_skip_dag.py for tasks to queue
[2023-01-31T13:22:05.039+0000] {logging_mixin.py:137} INFO - [2023-01-31T13:22:05.039+0000] {dagbag.py:538} INFO - Filling up the DagBag from /home/airflow/.local/lib/python3.7/site-packages/airflow/example_dags/example_skip_dag.py
[2023-01-31T13:22:05.059+0000] {processor.py:753} INFO - DAG(s) dict_keys(['example_skip_dag']) retrieved from /home/airflow/.local/lib/python3.7/site-packages/airflow/example_dags/example_skip_dag.py
[2023-01-31T13:22:05.097+0000] {logging_mixin.py:137} INFO - [2023-01-31T13:22:05.097+0000] {dag.py:2690} INFO - Sync 1 DAGs
[2023-01-31T13:22:05.137+0000] {logging_mixin.py:137} INFO - [2023-01-31T13:22:05.137+0000] {dag.py:3441} INFO - Setting next_dagrun for example_skip_dag to 2023-01-30T13:22:05.137001+00:00, run_after=2023-01-31T13:22:05.137001+00:00
[2023-01-31T13:22:06.493+0000] {processor.py:175} INFO - Processing /home/airflow/.local/lib/python3.7/site-packages/airflow/example_dags/example_skip_dag.py took 1.462 seconds
[2023-01-31T13:22:36.553+0000] {processor.py:153} INFO - Started process (PID=2923) to work on /home/airflow/.local/lib/python3.7/site-packages/airflow/example_dags/example_skip_dag.py
[2023-01-31T13:22:36.553+0000] {processor.py:743} INFO - Processing file /home/airflow/.local/lib/python3.7/site-packages/airflow/example_dags/example_skip_dag.py for tasks to queue
[2023-01-31T13:22:36.554+0000] {logging_mixin.py:137} INFO - [2023-01-31T13:22:36.554+0000] {dagbag.py:538} INFO - Filling up the DagBag from /home/airflow/.local/lib/python3.7/site-packages/airflow/example_dags/example_skip_dag.py
[2023-01-31T13:22:36.569+0000] {processor.py:753} INFO - DAG(s) dict_keys(['example_skip_dag']) retrieved from /home/airflow/.local/lib/python3.7/site-packages/airflow/example_dags/example_skip_dag.py
[2023-01-31T13:22:36.594+0000] {logging_mixin.py:137} INFO - [2023-01-31T13:22:36.594+0000] {dag.py:2690} INFO - Sync 1 DAGs
[2023-01-31T13:22:36.619+0000] {logging_mixin.py:137} INFO - [2023-01-31T13:22:36.619+0000] {dag.py:3441} INFO - Setting next_dagrun for example_skip_dag to 2023-01-30T13:22:36.619360+00:00, run_after=2023-01-31T13:22:36.619360+00:00
[2023-01-31T13:22:36.647+0000] {processor.py:175} INFO - Processing /home/airflow/.local/lib/python3.7/site-packages/airflow/example_dags/example_skip_dag.py took 0.099 seconds
[2023-01-31T13:23:07.467+0000] {processor.py:153} INFO - Started process (PID=2988) to work on /home/airflow/.local/lib/python3.7/site-packages/airflow/example_dags/example_skip_dag.py
[2023-01-31T13:23:07.468+0000] {processor.py:743} INFO - Processing file /home/airflow/.local/lib/python3.7/site-packages/airflow/example_dags/example_skip_dag.py for tasks to queue
[2023-01-31T13:23:07.469+0000] {logging_mixin.py:137} INFO - [2023-01-31T13:23:07.469+0000] {dagbag.py:538} INFO - Filling up the DagBag from /home/airflow/.local/lib/python3.7/site-packages/airflow/example_dags/example_skip_dag.py
[2023-01-31T13:23:07.490+0000] {processor.py:753} INFO - DAG(s) dict_keys(['example_skip_dag']) retrieved from /home/airflow/.local/lib/python3.7/site-packages/airflow/example_dags/example_skip_dag.py
[2023-01-31T13:23:07.527+0000] {logging_mixin.py:137} INFO - [2023-01-31T13:23:07.527+0000] {dag.py:2690} INFO - Sync 1 DAGs
[2023-01-31T13:23:07.568+0000] {logging_mixin.py:137} INFO - [2023-01-31T13:23:07.568+0000] {dag.py:3441} INFO - Setting next_dagrun for example_skip_dag to 2023-01-30T13:23:07.568217+00:00, run_after=2023-01-31T13:23:07.568217+00:00
[2023-01-31T13:23:07.603+0000] {processor.py:175} INFO - Processing /home/airflow/.local/lib/python3.7/site-packages/airflow/example_dags/example_skip_dag.py took 0.142 seconds
[2023-01-31T13:23:38.086+0000] {processor.py:153} INFO - Started process (PID=3065) to work on /home/airflow/.local/lib/python3.7/site-packages/airflow/example_dags/example_skip_dag.py
[2023-01-31T13:23:38.087+0000] {processor.py:743} INFO - Processing file /home/airflow/.local/lib/python3.7/site-packages/airflow/example_dags/example_skip_dag.py for tasks to queue
[2023-01-31T13:23:38.088+0000] {logging_mixin.py:137} INFO - [2023-01-31T13:23:38.087+0000] {dagbag.py:538} INFO - Filling up the DagBag from /home/airflow/.local/lib/python3.7/site-packages/airflow/example_dags/example_skip_dag.py
[2023-01-31T13:23:38.102+0000] {processor.py:753} INFO - DAG(s) dict_keys(['example_skip_dag']) retrieved from /home/airflow/.local/lib/python3.7/site-packages/airflow/example_dags/example_skip_dag.py
[2023-01-31T13:23:38.135+0000] {logging_mixin.py:137} INFO - [2023-01-31T13:23:38.135+0000] {dag.py:2690} INFO - Sync 1 DAGs
[2023-01-31T13:23:38.168+0000] {logging_mixin.py:137} INFO - [2023-01-31T13:23:38.168+0000] {dag.py:3441} INFO - Setting next_dagrun for example_skip_dag to 2023-01-30T13:23:38.168467+00:00, run_after=2023-01-31T13:23:38.168467+00:00
[2023-01-31T13:23:38.202+0000] {processor.py:175} INFO - Processing /home/airflow/.local/lib/python3.7/site-packages/airflow/example_dags/example_skip_dag.py took 0.120 seconds
[2023-01-31T13:24:08.266+0000] {processor.py:153} INFO - Started process (PID=3129) to work on /home/airflow/.local/lib/python3.7/site-packages/airflow/example_dags/example_skip_dag.py
[2023-01-31T13:24:08.267+0000] {processor.py:743} INFO - Processing file /home/airflow/.local/lib/python3.7/site-packages/airflow/example_dags/example_skip_dag.py for tasks to queue
[2023-01-31T13:24:08.268+0000] {logging_mixin.py:137} INFO - [2023-01-31T13:24:08.268+0000] {dagbag.py:538} INFO - Filling up the DagBag from /home/airflow/.local/lib/python3.7/site-packages/airflow/example_dags/example_skip_dag.py
[2023-01-31T13:24:08.284+0000] {processor.py:753} INFO - DAG(s) dict_keys(['example_skip_dag']) retrieved from /home/airflow/.local/lib/python3.7/site-packages/airflow/example_dags/example_skip_dag.py
[2023-01-31T13:24:08.311+0000] {logging_mixin.py:137} INFO - [2023-01-31T13:24:08.311+0000] {dag.py:2690} INFO - Sync 1 DAGs
[2023-01-31T13:24:08.336+0000] {logging_mixin.py:137} INFO - [2023-01-31T13:24:08.335+0000] {dag.py:3441} INFO - Setting next_dagrun for example_skip_dag to 2023-01-30T13:24:08.335740+00:00, run_after=2023-01-31T13:24:08.335740+00:00
[2023-01-31T13:24:08.361+0000] {processor.py:175} INFO - Processing /home/airflow/.local/lib/python3.7/site-packages/airflow/example_dags/example_skip_dag.py took 0.098 seconds
[2023-01-31T13:24:38.421+0000] {processor.py:153} INFO - Started process (PID=3207) to work on /home/airflow/.local/lib/python3.7/site-packages/airflow/example_dags/example_skip_dag.py
[2023-01-31T13:24:38.422+0000] {processor.py:743} INFO - Processing file /home/airflow/.local/lib/python3.7/site-packages/airflow/example_dags/example_skip_dag.py for tasks to queue
[2023-01-31T13:24:38.423+0000] {logging_mixin.py:137} INFO - [2023-01-31T13:24:38.423+0000] {dagbag.py:538} INFO - Filling up the DagBag from /home/airflow/.local/lib/python3.7/site-packages/airflow/example_dags/example_skip_dag.py
[2023-01-31T13:24:38.438+0000] {processor.py:753} INFO - DAG(s) dict_keys(['example_skip_dag']) retrieved from /home/airflow/.local/lib/python3.7/site-packages/airflow/example_dags/example_skip_dag.py
[2023-01-31T13:24:38.465+0000] {logging_mixin.py:137} INFO - [2023-01-31T13:24:38.465+0000] {dag.py:2690} INFO - Sync 1 DAGs
[2023-01-31T13:24:38.496+0000] {logging_mixin.py:137} INFO - [2023-01-31T13:24:38.496+0000] {dag.py:3441} INFO - Setting next_dagrun for example_skip_dag to 2023-01-30T13:24:38.496104+00:00, run_after=2023-01-31T13:24:38.496104+00:00
[2023-01-31T13:24:38.530+0000] {processor.py:175} INFO - Processing /home/airflow/.local/lib/python3.7/site-packages/airflow/example_dags/example_skip_dag.py took 0.113 seconds
[2023-01-31T13:25:08.592+0000] {processor.py:153} INFO - Started process (PID=3272) to work on /home/airflow/.local/lib/python3.7/site-packages/airflow/example_dags/example_skip_dag.py
[2023-01-31T13:25:08.593+0000] {processor.py:743} INFO - Processing file /home/airflow/.local/lib/python3.7/site-packages/airflow/example_dags/example_skip_dag.py for tasks to queue
[2023-01-31T13:25:08.594+0000] {logging_mixin.py:137} INFO - [2023-01-31T13:25:08.594+0000] {dagbag.py:538} INFO - Filling up the DagBag from /home/airflow/.local/lib/python3.7/site-packages/airflow/example_dags/example_skip_dag.py
[2023-01-31T13:25:08.609+0000] {processor.py:753} INFO - DAG(s) dict_keys(['example_skip_dag']) retrieved from /home/airflow/.local/lib/python3.7/site-packages/airflow/example_dags/example_skip_dag.py
[2023-01-31T13:25:08.635+0000] {logging_mixin.py:137} INFO - [2023-01-31T13:25:08.635+0000] {dag.py:2690} INFO - Sync 1 DAGs
[2023-01-31T13:25:08.663+0000] {logging_mixin.py:137} INFO - [2023-01-31T13:25:08.663+0000] {dag.py:3441} INFO - Setting next_dagrun for example_skip_dag to 2023-01-30T13:25:08.663562+00:00, run_after=2023-01-31T13:25:08.663562+00:00
[2023-01-31T13:25:08.689+0000] {processor.py:175} INFO - Processing /home/airflow/.local/lib/python3.7/site-packages/airflow/example_dags/example_skip_dag.py took 0.101 seconds
[2023-01-31T13:25:39.253+0000] {processor.py:153} INFO - Started process (PID=3347) to work on /home/airflow/.local/lib/python3.7/site-packages/airflow/example_dags/example_skip_dag.py
[2023-01-31T13:25:39.254+0000] {processor.py:743} INFO - Processing file /home/airflow/.local/lib/python3.7/site-packages/airflow/example_dags/example_skip_dag.py for tasks to queue
[2023-01-31T13:25:39.255+0000] {logging_mixin.py:137} INFO - [2023-01-31T13:25:39.254+0000] {dagbag.py:538} INFO - Filling up the DagBag from /home/airflow/.local/lib/python3.7/site-packages/airflow/example_dags/example_skip_dag.py
[2023-01-31T13:25:39.269+0000] {processor.py:753} INFO - DAG(s) dict_keys(['example_skip_dag']) retrieved from /home/airflow/.local/lib/python3.7/site-packages/airflow/example_dags/example_skip_dag.py
[2023-01-31T13:25:39.301+0000] {logging_mixin.py:137} INFO - [2023-01-31T13:25:39.301+0000] {dag.py:2690} INFO - Sync 1 DAGs
[2023-01-31T13:25:39.330+0000] {logging_mixin.py:137} INFO - [2023-01-31T13:25:39.330+0000] {dag.py:3441} INFO - Setting next_dagrun for example_skip_dag to 2023-01-30T13:25:39.330352+00:00, run_after=2023-01-31T13:25:39.330352+00:00
[2023-01-31T13:25:39.355+0000] {processor.py:175} INFO - Processing /home/airflow/.local/lib/python3.7/site-packages/airflow/example_dags/example_skip_dag.py took 0.107 seconds
[2023-01-31T13:26:09.428+0000] {processor.py:153} INFO - Started process (PID=3416) to work on /home/airflow/.local/lib/python3.7/site-packages/airflow/example_dags/example_skip_dag.py
[2023-01-31T13:26:09.429+0000] {processor.py:743} INFO - Processing file /home/airflow/.local/lib/python3.7/site-packages/airflow/example_dags/example_skip_dag.py for tasks to queue
[2023-01-31T13:26:09.430+0000] {logging_mixin.py:137} INFO - [2023-01-31T13:26:09.430+0000] {dagbag.py:538} INFO - Filling up the DagBag from /home/airflow/.local/lib/python3.7/site-packages/airflow/example_dags/example_skip_dag.py
[2023-01-31T13:26:09.445+0000] {processor.py:753} INFO - DAG(s) dict_keys(['example_skip_dag']) retrieved from /home/airflow/.local/lib/python3.7/site-packages/airflow/example_dags/example_skip_dag.py
[2023-01-31T13:26:09.472+0000] {logging_mixin.py:137} INFO - [2023-01-31T13:26:09.472+0000] {dag.py:2690} INFO - Sync 1 DAGs
[2023-01-31T13:26:09.497+0000] {logging_mixin.py:137} INFO - [2023-01-31T13:26:09.497+0000] {dag.py:3441} INFO - Setting next_dagrun for example_skip_dag to 2023-01-30T13:26:09.496800+00:00, run_after=2023-01-31T13:26:09.496800+00:00
[2023-01-31T13:26:09.522+0000] {processor.py:175} INFO - Processing /home/airflow/.local/lib/python3.7/site-packages/airflow/example_dags/example_skip_dag.py took 0.098 seconds
[2023-01-31T13:26:39.824+0000] {processor.py:153} INFO - Started process (PID=3482) to work on /home/airflow/.local/lib/python3.7/site-packages/airflow/example_dags/example_skip_dag.py
[2023-01-31T13:26:39.825+0000] {processor.py:743} INFO - Processing file /home/airflow/.local/lib/python3.7/site-packages/airflow/example_dags/example_skip_dag.py for tasks to queue
[2023-01-31T13:26:39.826+0000] {logging_mixin.py:137} INFO - [2023-01-31T13:26:39.826+0000] {dagbag.py:538} INFO - Filling up the DagBag from /home/airflow/.local/lib/python3.7/site-packages/airflow/example_dags/example_skip_dag.py
[2023-01-31T13:26:39.844+0000] {processor.py:753} INFO - DAG(s) dict_keys(['example_skip_dag']) retrieved from /home/airflow/.local/lib/python3.7/site-packages/airflow/example_dags/example_skip_dag.py
[2023-01-31T13:26:39.873+0000] {logging_mixin.py:137} INFO - [2023-01-31T13:26:39.873+0000] {dag.py:2690} INFO - Sync 1 DAGs
[2023-01-31T13:26:39.911+0000] {logging_mixin.py:137} INFO - [2023-01-31T13:26:39.910+0000] {dag.py:3441} INFO - Setting next_dagrun for example_skip_dag to 2023-01-30T13:26:39.910618+00:00, run_after=2023-01-31T13:26:39.910618+00:00
[2023-01-31T13:26:39.961+0000] {processor.py:175} INFO - Processing /home/airflow/.local/lib/python3.7/site-packages/airflow/example_dags/example_skip_dag.py took 0.140 seconds
[2023-01-31T13:27:10.763+0000] {processor.py:153} INFO - Started process (PID=3559) to work on /home/airflow/.local/lib/python3.7/site-packages/airflow/example_dags/example_skip_dag.py
[2023-01-31T13:27:10.764+0000] {processor.py:743} INFO - Processing file /home/airflow/.local/lib/python3.7/site-packages/airflow/example_dags/example_skip_dag.py for tasks to queue
[2023-01-31T13:27:10.765+0000] {logging_mixin.py:137} INFO - [2023-01-31T13:27:10.765+0000] {dagbag.py:538} INFO - Filling up the DagBag from /home/airflow/.local/lib/python3.7/site-packages/airflow/example_dags/example_skip_dag.py
[2023-01-31T13:27:10.779+0000] {processor.py:753} INFO - DAG(s) dict_keys(['example_skip_dag']) retrieved from /home/airflow/.local/lib/python3.7/site-packages/airflow/example_dags/example_skip_dag.py
[2023-01-31T13:27:10.805+0000] {logging_mixin.py:137} INFO - [2023-01-31T13:27:10.805+0000] {dag.py:2690} INFO - Sync 1 DAGs
[2023-01-31T13:27:10.831+0000] {logging_mixin.py:137} INFO - [2023-01-31T13:27:10.831+0000] {dag.py:3441} INFO - Setting next_dagrun for example_skip_dag to 2023-01-30T13:27:10.831499+00:00, run_after=2023-01-31T13:27:10.831499+00:00
[2023-01-31T13:27:10.860+0000] {processor.py:175} INFO - Processing /home/airflow/.local/lib/python3.7/site-packages/airflow/example_dags/example_skip_dag.py took 0.101 seconds
[2023-01-31T13:27:41.287+0000] {processor.py:153} INFO - Started process (PID=3625) to work on /home/airflow/.local/lib/python3.7/site-packages/airflow/example_dags/example_skip_dag.py
[2023-01-31T13:27:41.288+0000] {processor.py:743} INFO - Processing file /home/airflow/.local/lib/python3.7/site-packages/airflow/example_dags/example_skip_dag.py for tasks to queue
[2023-01-31T13:27:41.289+0000] {logging_mixin.py:137} INFO - [2023-01-31T13:27:41.289+0000] {dagbag.py:538} INFO - Filling up the DagBag from /home/airflow/.local/lib/python3.7/site-packages/airflow/example_dags/example_skip_dag.py
[2023-01-31T13:27:41.304+0000] {processor.py:753} INFO - DAG(s) dict_keys(['example_skip_dag']) retrieved from /home/airflow/.local/lib/python3.7/site-packages/airflow/example_dags/example_skip_dag.py
[2023-01-31T13:27:41.331+0000] {logging_mixin.py:137} INFO - [2023-01-31T13:27:41.330+0000] {dag.py:2690} INFO - Sync 1 DAGs
[2023-01-31T13:27:41.364+0000] {logging_mixin.py:137} INFO - [2023-01-31T13:27:41.364+0000] {dag.py:3441} INFO - Setting next_dagrun for example_skip_dag to 2023-01-30T13:27:41.364230+00:00, run_after=2023-01-31T13:27:41.364230+00:00
[2023-01-31T13:27:41.392+0000] {processor.py:175} INFO - Processing /home/airflow/.local/lib/python3.7/site-packages/airflow/example_dags/example_skip_dag.py took 0.109 seconds
[2023-01-31T13:28:11.513+0000] {processor.py:153} INFO - Started process (PID=3704) to work on /home/airflow/.local/lib/python3.7/site-packages/airflow/example_dags/example_skip_dag.py
[2023-01-31T13:28:11.514+0000] {processor.py:743} INFO - Processing file /home/airflow/.local/lib/python3.7/site-packages/airflow/example_dags/example_skip_dag.py for tasks to queue
[2023-01-31T13:28:11.515+0000] {logging_mixin.py:137} INFO - [2023-01-31T13:28:11.515+0000] {dagbag.py:538} INFO - Filling up the DagBag from /home/airflow/.local/lib/python3.7/site-packages/airflow/example_dags/example_skip_dag.py
[2023-01-31T13:28:11.530+0000] {processor.py:753} INFO - DAG(s) dict_keys(['example_skip_dag']) retrieved from /home/airflow/.local/lib/python3.7/site-packages/airflow/example_dags/example_skip_dag.py
[2023-01-31T13:28:11.555+0000] {logging_mixin.py:137} INFO - [2023-01-31T13:28:11.555+0000] {dag.py:2690} INFO - Sync 1 DAGs
[2023-01-31T13:28:11.580+0000] {logging_mixin.py:137} INFO - [2023-01-31T13:28:11.580+0000] {dag.py:3441} INFO - Setting next_dagrun for example_skip_dag to 2023-01-30T13:28:11.579810+00:00, run_after=2023-01-31T13:28:11.579810+00:00
[2023-01-31T13:28:11.606+0000] {processor.py:175} INFO - Processing /home/airflow/.local/lib/python3.7/site-packages/airflow/example_dags/example_skip_dag.py took 0.097 seconds
[2023-01-31T13:28:41.839+0000] {processor.py:153} INFO - Started process (PID=3769) to work on /home/airflow/.local/lib/python3.7/site-packages/airflow/example_dags/example_skip_dag.py
[2023-01-31T13:28:41.840+0000] {processor.py:743} INFO - Processing file /home/airflow/.local/lib/python3.7/site-packages/airflow/example_dags/example_skip_dag.py for tasks to queue
[2023-01-31T13:28:41.841+0000] {logging_mixin.py:137} INFO - [2023-01-31T13:28:41.841+0000] {dagbag.py:538} INFO - Filling up the DagBag from /home/airflow/.local/lib/python3.7/site-packages/airflow/example_dags/example_skip_dag.py
[2023-01-31T13:28:41.856+0000] {processor.py:753} INFO - DAG(s) dict_keys(['example_skip_dag']) retrieved from /home/airflow/.local/lib/python3.7/site-packages/airflow/example_dags/example_skip_dag.py
[2023-01-31T13:28:41.882+0000] {logging_mixin.py:137} INFO - [2023-01-31T13:28:41.882+0000] {dag.py:2690} INFO - Sync 1 DAGs
[2023-01-31T13:28:41.910+0000] {logging_mixin.py:137} INFO - [2023-01-31T13:28:41.910+0000] {dag.py:3441} INFO - Setting next_dagrun for example_skip_dag to 2023-01-30T13:28:41.910002+00:00, run_after=2023-01-31T13:28:41.910002+00:00
[2023-01-31T13:28:41.936+0000] {processor.py:175} INFO - Processing /home/airflow/.local/lib/python3.7/site-packages/airflow/example_dags/example_skip_dag.py took 0.101 seconds
[2023-01-31T13:29:12.446+0000] {processor.py:153} INFO - Started process (PID=3849) to work on /home/airflow/.local/lib/python3.7/site-packages/airflow/example_dags/example_skip_dag.py
[2023-01-31T13:29:12.447+0000] {processor.py:743} INFO - Processing file /home/airflow/.local/lib/python3.7/site-packages/airflow/example_dags/example_skip_dag.py for tasks to queue
[2023-01-31T13:29:12.448+0000] {logging_mixin.py:137} INFO - [2023-01-31T13:29:12.448+0000] {dagbag.py:538} INFO - Filling up the DagBag from /home/airflow/.local/lib/python3.7/site-packages/airflow/example_dags/example_skip_dag.py
[2023-01-31T13:29:12.464+0000] {processor.py:753} INFO - DAG(s) dict_keys(['example_skip_dag']) retrieved from /home/airflow/.local/lib/python3.7/site-packages/airflow/example_dags/example_skip_dag.py
[2023-01-31T13:29:12.489+0000] {logging_mixin.py:137} INFO - [2023-01-31T13:29:12.489+0000] {dag.py:2690} INFO - Sync 1 DAGs
[2023-01-31T13:29:12.514+0000] {logging_mixin.py:137} INFO - [2023-01-31T13:29:12.514+0000] {dag.py:3441} INFO - Setting next_dagrun for example_skip_dag to 2023-01-30T13:29:12.513960+00:00, run_after=2023-01-31T13:29:12.513960+00:00
[2023-01-31T13:29:12.538+0000] {processor.py:175} INFO - Processing /home/airflow/.local/lib/python3.7/site-packages/airflow/example_dags/example_skip_dag.py took 0.097 seconds
[2023-01-31T13:29:42.808+0000] {processor.py:153} INFO - Started process (PID=3914) to work on /home/airflow/.local/lib/python3.7/site-packages/airflow/example_dags/example_skip_dag.py
[2023-01-31T13:29:42.809+0000] {processor.py:743} INFO - Processing file /home/airflow/.local/lib/python3.7/site-packages/airflow/example_dags/example_skip_dag.py for tasks to queue
[2023-01-31T13:29:42.810+0000] {logging_mixin.py:137} INFO - [2023-01-31T13:29:42.809+0000] {dagbag.py:538} INFO - Filling up the DagBag from /home/airflow/.local/lib/python3.7/site-packages/airflow/example_dags/example_skip_dag.py
[2023-01-31T13:29:42.825+0000] {processor.py:753} INFO - DAG(s) dict_keys(['example_skip_dag']) retrieved from /home/airflow/.local/lib/python3.7/site-packages/airflow/example_dags/example_skip_dag.py
[2023-01-31T13:29:42.849+0000] {logging_mixin.py:137} INFO - [2023-01-31T13:29:42.849+0000] {dag.py:2690} INFO - Sync 1 DAGs
[2023-01-31T13:29:42.874+0000] {logging_mixin.py:137} INFO - [2023-01-31T13:29:42.874+0000] {dag.py:3441} INFO - Setting next_dagrun for example_skip_dag to 2023-01-30T13:29:42.874375+00:00, run_after=2023-01-31T13:29:42.874375+00:00
[2023-01-31T13:29:42.900+0000] {processor.py:175} INFO - Processing /home/airflow/.local/lib/python3.7/site-packages/airflow/example_dags/example_skip_dag.py took 0.097 seconds
[2023-01-31T13:30:13.150+0000] {processor.py:153} INFO - Started process (PID=3989) to work on /home/airflow/.local/lib/python3.7/site-packages/airflow/example_dags/example_skip_dag.py
[2023-01-31T13:30:13.151+0000] {processor.py:743} INFO - Processing file /home/airflow/.local/lib/python3.7/site-packages/airflow/example_dags/example_skip_dag.py for tasks to queue
[2023-01-31T13:30:13.152+0000] {logging_mixin.py:137} INFO - [2023-01-31T13:30:13.152+0000] {dagbag.py:538} INFO - Filling up the DagBag from /home/airflow/.local/lib/python3.7/site-packages/airflow/example_dags/example_skip_dag.py
[2023-01-31T13:30:13.167+0000] {processor.py:753} INFO - DAG(s) dict_keys(['example_skip_dag']) retrieved from /home/airflow/.local/lib/python3.7/site-packages/airflow/example_dags/example_skip_dag.py
[2023-01-31T13:30:13.201+0000] {logging_mixin.py:137} INFO - [2023-01-31T13:30:13.201+0000] {dag.py:2690} INFO - Sync 1 DAGs
[2023-01-31T13:30:13.240+0000] {logging_mixin.py:137} INFO - [2023-01-31T13:30:13.240+0000] {dag.py:3441} INFO - Setting next_dagrun for example_skip_dag to 2023-01-30T13:30:13.240127+00:00, run_after=2023-01-31T13:30:13.240127+00:00
[2023-01-31T13:30:13.275+0000] {processor.py:175} INFO - Processing /home/airflow/.local/lib/python3.7/site-packages/airflow/example_dags/example_skip_dag.py took 0.129 seconds
[2023-01-31T13:30:43.624+0000] {processor.py:153} INFO - Started process (PID=4057) to work on /home/airflow/.local/lib/python3.7/site-packages/airflow/example_dags/example_skip_dag.py
[2023-01-31T13:30:43.625+0000] {processor.py:743} INFO - Processing file /home/airflow/.local/lib/python3.7/site-packages/airflow/example_dags/example_skip_dag.py for tasks to queue
[2023-01-31T13:30:43.626+0000] {logging_mixin.py:137} INFO - [2023-01-31T13:30:43.626+0000] {dagbag.py:538} INFO - Filling up the DagBag from /home/airflow/.local/lib/python3.7/site-packages/airflow/example_dags/example_skip_dag.py
[2023-01-31T13:30:43.641+0000] {processor.py:753} INFO - DAG(s) dict_keys(['example_skip_dag']) retrieved from /home/airflow/.local/lib/python3.7/site-packages/airflow/example_dags/example_skip_dag.py
[2023-01-31T13:30:43.669+0000] {logging_mixin.py:137} INFO - [2023-01-31T13:30:43.669+0000] {dag.py:2690} INFO - Sync 1 DAGs
[2023-01-31T13:30:43.695+0000] {logging_mixin.py:137} INFO - [2023-01-31T13:30:43.695+0000] {dag.py:3441} INFO - Setting next_dagrun for example_skip_dag to 2023-01-30T13:30:43.695230+00:00, run_after=2023-01-31T13:30:43.695230+00:00
[2023-01-31T13:30:43.720+0000] {processor.py:175} INFO - Processing /home/airflow/.local/lib/python3.7/site-packages/airflow/example_dags/example_skip_dag.py took 0.100 seconds
[2023-01-31T13:31:13.825+0000] {processor.py:153} INFO - Started process (PID=4122) to work on /home/airflow/.local/lib/python3.7/site-packages/airflow/example_dags/example_skip_dag.py
[2023-01-31T13:31:13.826+0000] {processor.py:743} INFO - Processing file /home/airflow/.local/lib/python3.7/site-packages/airflow/example_dags/example_skip_dag.py for tasks to queue
[2023-01-31T13:31:13.827+0000] {logging_mixin.py:137} INFO - [2023-01-31T13:31:13.827+0000] {dagbag.py:538} INFO - Filling up the DagBag from /home/airflow/.local/lib/python3.7/site-packages/airflow/example_dags/example_skip_dag.py
[2023-01-31T13:31:13.849+0000] {processor.py:753} INFO - DAG(s) dict_keys(['example_skip_dag']) retrieved from /home/airflow/.local/lib/python3.7/site-packages/airflow/example_dags/example_skip_dag.py
[2023-01-31T13:31:13.876+0000] {logging_mixin.py:137} INFO - [2023-01-31T13:31:13.876+0000] {dag.py:2690} INFO - Sync 1 DAGs
[2023-01-31T13:31:13.901+0000] {logging_mixin.py:137} INFO - [2023-01-31T13:31:13.901+0000] {dag.py:3441} INFO - Setting next_dagrun for example_skip_dag to 2023-01-30T13:31:13.900848+00:00, run_after=2023-01-31T13:31:13.900848+00:00
[2023-01-31T13:31:13.926+0000] {processor.py:175} INFO - Processing /home/airflow/.local/lib/python3.7/site-packages/airflow/example_dags/example_skip_dag.py took 0.105 seconds
