[2023-01-31T13:02:15.078+0000] {processor.py:153} INFO - Started process (PID=102) to work on /home/airflow/.local/lib/python3.7/site-packages/airflow/example_dags/example_branch_day_of_week_operator.py
[2023-01-31T13:02:15.078+0000] {processor.py:743} INFO - Processing file /home/airflow/.local/lib/python3.7/site-packages/airflow/example_dags/example_branch_day_of_week_operator.py for tasks to queue
[2023-01-31T13:02:15.079+0000] {logging_mixin.py:137} INFO - [2023-01-31T13:02:15.079+0000] {dagbag.py:538} INFO - Filling up the DagBag from /home/airflow/.local/lib/python3.7/site-packages/airflow/example_dags/example_branch_day_of_week_operator.py
[2023-01-31T13:02:15.121+0000] {processor.py:753} INFO - DAG(s) dict_keys(['example_weekday_branch_operator']) retrieved from /home/airflow/.local/lib/python3.7/site-packages/airflow/example_dags/example_branch_day_of_week_operator.py
[2023-01-31T13:02:15.155+0000] {logging_mixin.py:137} INFO - [2023-01-31T13:02:15.155+0000] {dag.py:2690} INFO - Sync 1 DAGs
[2023-01-31T13:02:15.196+0000] {logging_mixin.py:137} INFO - [2023-01-31T13:02:15.196+0000] {dag.py:3441} INFO - Setting next_dagrun for example_weekday_branch_operator to 2023-01-30T00:00:00+00:00, run_after=2023-01-31T00:00:00+00:00
[2023-01-31T13:02:15.223+0000] {processor.py:175} INFO - Processing /home/airflow/.local/lib/python3.7/site-packages/airflow/example_dags/example_branch_day_of_week_operator.py took 0.150 seconds
[2023-01-31T13:02:45.334+0000] {processor.py:153} INFO - Started process (PID=168) to work on /home/airflow/.local/lib/python3.7/site-packages/airflow/example_dags/example_branch_day_of_week_operator.py
[2023-01-31T13:02:45.335+0000] {processor.py:743} INFO - Processing file /home/airflow/.local/lib/python3.7/site-packages/airflow/example_dags/example_branch_day_of_week_operator.py for tasks to queue
[2023-01-31T13:02:45.336+0000] {logging_mixin.py:137} INFO - [2023-01-31T13:02:45.336+0000] {dagbag.py:538} INFO - Filling up the DagBag from /home/airflow/.local/lib/python3.7/site-packages/airflow/example_dags/example_branch_day_of_week_operator.py
[2023-01-31T13:02:45.355+0000] {processor.py:753} INFO - DAG(s) dict_keys(['example_weekday_branch_operator']) retrieved from /home/airflow/.local/lib/python3.7/site-packages/airflow/example_dags/example_branch_day_of_week_operator.py
[2023-01-31T13:02:45.388+0000] {logging_mixin.py:137} INFO - [2023-01-31T13:02:45.388+0000] {dag.py:2690} INFO - Sync 1 DAGs
[2023-01-31T13:02:45.419+0000] {logging_mixin.py:137} INFO - [2023-01-31T13:02:45.419+0000] {dag.py:3441} INFO - Setting next_dagrun for example_weekday_branch_operator to 2023-01-30T00:00:00+00:00, run_after=2023-01-31T00:00:00+00:00
[2023-01-31T13:02:45.445+0000] {processor.py:175} INFO - Processing /home/airflow/.local/lib/python3.7/site-packages/airflow/example_dags/example_branch_day_of_week_operator.py took 0.116 seconds
[2023-01-31T13:03:16.117+0000] {processor.py:153} INFO - Started process (PID=245) to work on /home/airflow/.local/lib/python3.7/site-packages/airflow/example_dags/example_branch_day_of_week_operator.py
[2023-01-31T13:03:16.118+0000] {processor.py:743} INFO - Processing file /home/airflow/.local/lib/python3.7/site-packages/airflow/example_dags/example_branch_day_of_week_operator.py for tasks to queue
[2023-01-31T13:03:16.118+0000] {logging_mixin.py:137} INFO - [2023-01-31T13:03:16.118+0000] {dagbag.py:538} INFO - Filling up the DagBag from /home/airflow/.local/lib/python3.7/site-packages/airflow/example_dags/example_branch_day_of_week_operator.py
[2023-01-31T13:03:16.135+0000] {processor.py:753} INFO - DAG(s) dict_keys(['example_weekday_branch_operator']) retrieved from /home/airflow/.local/lib/python3.7/site-packages/airflow/example_dags/example_branch_day_of_week_operator.py
[2023-01-31T13:03:16.161+0000] {logging_mixin.py:137} INFO - [2023-01-31T13:03:16.161+0000] {dag.py:2690} INFO - Sync 1 DAGs
[2023-01-31T13:03:16.188+0000] {logging_mixin.py:137} INFO - [2023-01-31T13:03:16.187+0000] {dag.py:3441} INFO - Setting next_dagrun for example_weekday_branch_operator to 2023-01-30T00:00:00+00:00, run_after=2023-01-31T00:00:00+00:00
[2023-01-31T13:03:16.213+0000] {processor.py:175} INFO - Processing /home/airflow/.local/lib/python3.7/site-packages/airflow/example_dags/example_branch_day_of_week_operator.py took 0.100 seconds
[2023-01-31T13:03:46.271+0000] {processor.py:153} INFO - Started process (PID=310) to work on /home/airflow/.local/lib/python3.7/site-packages/airflow/example_dags/example_branch_day_of_week_operator.py
[2023-01-31T13:03:46.272+0000] {processor.py:743} INFO - Processing file /home/airflow/.local/lib/python3.7/site-packages/airflow/example_dags/example_branch_day_of_week_operator.py for tasks to queue
[2023-01-31T13:03:46.272+0000] {logging_mixin.py:137} INFO - [2023-01-31T13:03:46.272+0000] {dagbag.py:538} INFO - Filling up the DagBag from /home/airflow/.local/lib/python3.7/site-packages/airflow/example_dags/example_branch_day_of_week_operator.py
[2023-01-31T13:03:46.293+0000] {processor.py:753} INFO - DAG(s) dict_keys(['example_weekday_branch_operator']) retrieved from /home/airflow/.local/lib/python3.7/site-packages/airflow/example_dags/example_branch_day_of_week_operator.py
[2023-01-31T13:03:46.322+0000] {logging_mixin.py:137} INFO - [2023-01-31T13:03:46.322+0000] {dag.py:2690} INFO - Sync 1 DAGs
[2023-01-31T13:03:46.353+0000] {logging_mixin.py:137} INFO - [2023-01-31T13:03:46.353+0000] {dag.py:3441} INFO - Setting next_dagrun for example_weekday_branch_operator to 2023-01-30T00:00:00+00:00, run_after=2023-01-31T00:00:00+00:00
[2023-01-31T13:03:46.381+0000] {processor.py:175} INFO - Processing /home/airflow/.local/lib/python3.7/site-packages/airflow/example_dags/example_branch_day_of_week_operator.py took 0.114 seconds
[2023-01-31T13:04:17.091+0000] {processor.py:153} INFO - Started process (PID=388) to work on /home/airflow/.local/lib/python3.7/site-packages/airflow/example_dags/example_branch_day_of_week_operator.py
[2023-01-31T13:04:17.092+0000] {processor.py:743} INFO - Processing file /home/airflow/.local/lib/python3.7/site-packages/airflow/example_dags/example_branch_day_of_week_operator.py for tasks to queue
[2023-01-31T13:04:17.093+0000] {logging_mixin.py:137} INFO - [2023-01-31T13:04:17.093+0000] {dagbag.py:538} INFO - Filling up the DagBag from /home/airflow/.local/lib/python3.7/site-packages/airflow/example_dags/example_branch_day_of_week_operator.py
[2023-01-31T13:04:17.117+0000] {processor.py:753} INFO - DAG(s) dict_keys(['example_weekday_branch_operator']) retrieved from /home/airflow/.local/lib/python3.7/site-packages/airflow/example_dags/example_branch_day_of_week_operator.py
[2023-01-31T13:04:17.162+0000] {logging_mixin.py:137} INFO - [2023-01-31T13:04:17.162+0000] {dag.py:2690} INFO - Sync 1 DAGs
[2023-01-31T13:04:17.209+0000] {logging_mixin.py:137} INFO - [2023-01-31T13:04:17.208+0000] {dag.py:3441} INFO - Setting next_dagrun for example_weekday_branch_operator to 2023-01-30T00:00:00+00:00, run_after=2023-01-31T00:00:00+00:00
[2023-01-31T13:04:17.284+0000] {processor.py:175} INFO - Processing /home/airflow/.local/lib/python3.7/site-packages/airflow/example_dags/example_branch_day_of_week_operator.py took 0.199 seconds
[2023-01-31T13:04:47.843+0000] {processor.py:153} INFO - Started process (PID=455) to work on /home/airflow/.local/lib/python3.7/site-packages/airflow/example_dags/example_branch_day_of_week_operator.py
[2023-01-31T13:04:47.845+0000] {processor.py:743} INFO - Processing file /home/airflow/.local/lib/python3.7/site-packages/airflow/example_dags/example_branch_day_of_week_operator.py for tasks to queue
[2023-01-31T13:04:47.845+0000] {logging_mixin.py:137} INFO - [2023-01-31T13:04:47.845+0000] {dagbag.py:538} INFO - Filling up the DagBag from /home/airflow/.local/lib/python3.7/site-packages/airflow/example_dags/example_branch_day_of_week_operator.py
[2023-01-31T13:04:47.867+0000] {processor.py:753} INFO - DAG(s) dict_keys(['example_weekday_branch_operator']) retrieved from /home/airflow/.local/lib/python3.7/site-packages/airflow/example_dags/example_branch_day_of_week_operator.py
[2023-01-31T13:04:47.902+0000] {logging_mixin.py:137} INFO - [2023-01-31T13:04:47.902+0000] {dag.py:2690} INFO - Sync 1 DAGs
[2023-01-31T13:04:47.935+0000] {logging_mixin.py:137} INFO - [2023-01-31T13:04:47.935+0000] {dag.py:3441} INFO - Setting next_dagrun for example_weekday_branch_operator to 2023-01-30T00:00:00+00:00, run_after=2023-01-31T00:00:00+00:00
[2023-01-31T13:04:47.969+0000] {processor.py:175} INFO - Processing /home/airflow/.local/lib/python3.7/site-packages/airflow/example_dags/example_branch_day_of_week_operator.py took 0.131 seconds
[2023-01-31T13:05:18.188+0000] {processor.py:153} INFO - Started process (PID=522) to work on /home/airflow/.local/lib/python3.7/site-packages/airflow/example_dags/example_branch_day_of_week_operator.py
[2023-01-31T13:05:18.189+0000] {processor.py:743} INFO - Processing file /home/airflow/.local/lib/python3.7/site-packages/airflow/example_dags/example_branch_day_of_week_operator.py for tasks to queue
[2023-01-31T13:05:18.190+0000] {logging_mixin.py:137} INFO - [2023-01-31T13:05:18.190+0000] {dagbag.py:538} INFO - Filling up the DagBag from /home/airflow/.local/lib/python3.7/site-packages/airflow/example_dags/example_branch_day_of_week_operator.py
[2023-01-31T13:05:18.216+0000] {processor.py:753} INFO - DAG(s) dict_keys(['example_weekday_branch_operator']) retrieved from /home/airflow/.local/lib/python3.7/site-packages/airflow/example_dags/example_branch_day_of_week_operator.py
[2023-01-31T13:05:18.259+0000] {logging_mixin.py:137} INFO - [2023-01-31T13:05:18.259+0000] {dag.py:2690} INFO - Sync 1 DAGs
[2023-01-31T13:05:18.300+0000] {logging_mixin.py:137} INFO - [2023-01-31T13:05:18.300+0000] {dag.py:3441} INFO - Setting next_dagrun for example_weekday_branch_operator to 2023-01-30T00:00:00+00:00, run_after=2023-01-31T00:00:00+00:00
[2023-01-31T13:05:18.336+0000] {processor.py:175} INFO - Processing /home/airflow/.local/lib/python3.7/site-packages/airflow/example_dags/example_branch_day_of_week_operator.py took 0.153 seconds
[2023-01-31T13:05:48.584+0000] {processor.py:153} INFO - Started process (PID=598) to work on /home/airflow/.local/lib/python3.7/site-packages/airflow/example_dags/example_branch_day_of_week_operator.py
[2023-01-31T13:05:48.585+0000] {processor.py:743} INFO - Processing file /home/airflow/.local/lib/python3.7/site-packages/airflow/example_dags/example_branch_day_of_week_operator.py for tasks to queue
[2023-01-31T13:05:48.586+0000] {logging_mixin.py:137} INFO - [2023-01-31T13:05:48.585+0000] {dagbag.py:538} INFO - Filling up the DagBag from /home/airflow/.local/lib/python3.7/site-packages/airflow/example_dags/example_branch_day_of_week_operator.py
[2023-01-31T13:05:48.609+0000] {processor.py:753} INFO - DAG(s) dict_keys(['example_weekday_branch_operator']) retrieved from /home/airflow/.local/lib/python3.7/site-packages/airflow/example_dags/example_branch_day_of_week_operator.py
[2023-01-31T13:05:48.646+0000] {logging_mixin.py:137} INFO - [2023-01-31T13:05:48.646+0000] {dag.py:2690} INFO - Sync 1 DAGs
[2023-01-31T13:05:48.687+0000] {logging_mixin.py:137} INFO - [2023-01-31T13:05:48.686+0000] {dag.py:3441} INFO - Setting next_dagrun for example_weekday_branch_operator to 2023-01-30T00:00:00+00:00, run_after=2023-01-31T00:00:00+00:00
[2023-01-31T13:05:48.722+0000] {processor.py:175} INFO - Processing /home/airflow/.local/lib/python3.7/site-packages/airflow/example_dags/example_branch_day_of_week_operator.py took 0.144 seconds
[2023-01-31T13:06:18.988+0000] {processor.py:153} INFO - Started process (PID=665) to work on /home/airflow/.local/lib/python3.7/site-packages/airflow/example_dags/example_branch_day_of_week_operator.py
[2023-01-31T13:06:18.989+0000] {processor.py:743} INFO - Processing file /home/airflow/.local/lib/python3.7/site-packages/airflow/example_dags/example_branch_day_of_week_operator.py for tasks to queue
[2023-01-31T13:06:18.989+0000] {logging_mixin.py:137} INFO - [2023-01-31T13:06:18.989+0000] {dagbag.py:538} INFO - Filling up the DagBag from /home/airflow/.local/lib/python3.7/site-packages/airflow/example_dags/example_branch_day_of_week_operator.py
[2023-01-31T13:06:19.006+0000] {processor.py:753} INFO - DAG(s) dict_keys(['example_weekday_branch_operator']) retrieved from /home/airflow/.local/lib/python3.7/site-packages/airflow/example_dags/example_branch_day_of_week_operator.py
[2023-01-31T13:06:19.037+0000] {logging_mixin.py:137} INFO - [2023-01-31T13:06:19.037+0000] {dag.py:2690} INFO - Sync 1 DAGs
[2023-01-31T13:06:19.077+0000] {logging_mixin.py:137} INFO - [2023-01-31T13:06:19.077+0000] {dag.py:3441} INFO - Setting next_dagrun for example_weekday_branch_operator to 2023-01-30T00:00:00+00:00, run_after=2023-01-31T00:00:00+00:00
[2023-01-31T13:06:19.111+0000] {processor.py:175} INFO - Processing /home/airflow/.local/lib/python3.7/site-packages/airflow/example_dags/example_branch_day_of_week_operator.py took 0.128 seconds
[2023-01-31T13:06:49.837+0000] {processor.py:153} INFO - Started process (PID=743) to work on /home/airflow/.local/lib/python3.7/site-packages/airflow/example_dags/example_branch_day_of_week_operator.py
[2023-01-31T13:06:49.839+0000] {processor.py:743} INFO - Processing file /home/airflow/.local/lib/python3.7/site-packages/airflow/example_dags/example_branch_day_of_week_operator.py for tasks to queue
[2023-01-31T13:06:49.841+0000] {logging_mixin.py:137} INFO - [2023-01-31T13:06:49.841+0000] {dagbag.py:538} INFO - Filling up the DagBag from /home/airflow/.local/lib/python3.7/site-packages/airflow/example_dags/example_branch_day_of_week_operator.py
[2023-01-31T13:06:49.868+0000] {processor.py:753} INFO - DAG(s) dict_keys(['example_weekday_branch_operator']) retrieved from /home/airflow/.local/lib/python3.7/site-packages/airflow/example_dags/example_branch_day_of_week_operator.py
[2023-01-31T13:06:49.919+0000] {logging_mixin.py:137} INFO - [2023-01-31T13:06:49.919+0000] {dag.py:2690} INFO - Sync 1 DAGs
[2023-01-31T13:06:49.955+0000] {logging_mixin.py:137} INFO - [2023-01-31T13:06:49.955+0000] {dag.py:3441} INFO - Setting next_dagrun for example_weekday_branch_operator to 2023-01-30T00:00:00+00:00, run_after=2023-01-31T00:00:00+00:00
[2023-01-31T13:06:49.986+0000] {processor.py:175} INFO - Processing /home/airflow/.local/lib/python3.7/site-packages/airflow/example_dags/example_branch_day_of_week_operator.py took 0.154 seconds
[2023-01-31T13:07:20.200+0000] {processor.py:153} INFO - Started process (PID=809) to work on /home/airflow/.local/lib/python3.7/site-packages/airflow/example_dags/example_branch_day_of_week_operator.py
[2023-01-31T13:07:20.201+0000] {processor.py:743} INFO - Processing file /home/airflow/.local/lib/python3.7/site-packages/airflow/example_dags/example_branch_day_of_week_operator.py for tasks to queue
[2023-01-31T13:07:20.202+0000] {logging_mixin.py:137} INFO - [2023-01-31T13:07:20.202+0000] {dagbag.py:538} INFO - Filling up the DagBag from /home/airflow/.local/lib/python3.7/site-packages/airflow/example_dags/example_branch_day_of_week_operator.py
[2023-01-31T13:07:20.221+0000] {processor.py:753} INFO - DAG(s) dict_keys(['example_weekday_branch_operator']) retrieved from /home/airflow/.local/lib/python3.7/site-packages/airflow/example_dags/example_branch_day_of_week_operator.py
[2023-01-31T13:07:20.270+0000] {logging_mixin.py:137} INFO - [2023-01-31T13:07:20.270+0000] {dag.py:2690} INFO - Sync 1 DAGs
[2023-01-31T13:07:20.300+0000] {logging_mixin.py:137} INFO - [2023-01-31T13:07:20.300+0000] {dag.py:3441} INFO - Setting next_dagrun for example_weekday_branch_operator to 2023-01-30T00:00:00+00:00, run_after=2023-01-31T00:00:00+00:00
[2023-01-31T13:07:20.336+0000] {processor.py:175} INFO - Processing /home/airflow/.local/lib/python3.7/site-packages/airflow/example_dags/example_branch_day_of_week_operator.py took 0.141 seconds
[2023-01-31T13:07:51.262+0000] {processor.py:153} INFO - Started process (PID=887) to work on /home/airflow/.local/lib/python3.7/site-packages/airflow/example_dags/example_branch_day_of_week_operator.py
[2023-01-31T13:07:51.268+0000] {processor.py:743} INFO - Processing file /home/airflow/.local/lib/python3.7/site-packages/airflow/example_dags/example_branch_day_of_week_operator.py for tasks to queue
[2023-01-31T13:07:51.269+0000] {logging_mixin.py:137} INFO - [2023-01-31T13:07:51.269+0000] {dagbag.py:538} INFO - Filling up the DagBag from /home/airflow/.local/lib/python3.7/site-packages/airflow/example_dags/example_branch_day_of_week_operator.py
[2023-01-31T13:07:51.294+0000] {processor.py:753} INFO - DAG(s) dict_keys(['example_weekday_branch_operator']) retrieved from /home/airflow/.local/lib/python3.7/site-packages/airflow/example_dags/example_branch_day_of_week_operator.py
[2023-01-31T13:07:51.338+0000] {logging_mixin.py:137} INFO - [2023-01-31T13:07:51.337+0000] {dag.py:2690} INFO - Sync 1 DAGs
[2023-01-31T13:07:51.381+0000] {logging_mixin.py:137} INFO - [2023-01-31T13:07:51.381+0000] {dag.py:3441} INFO - Setting next_dagrun for example_weekday_branch_operator to 2023-01-30T00:00:00+00:00, run_after=2023-01-31T00:00:00+00:00
[2023-01-31T13:07:51.424+0000] {processor.py:175} INFO - Processing /home/airflow/.local/lib/python3.7/site-packages/airflow/example_dags/example_branch_day_of_week_operator.py took 0.175 seconds
[2023-01-31T13:08:22.425+0000] {processor.py:153} INFO - Started process (PID=953) to work on /home/airflow/.local/lib/python3.7/site-packages/airflow/example_dags/example_branch_day_of_week_operator.py
[2023-01-31T13:08:22.426+0000] {processor.py:743} INFO - Processing file /home/airflow/.local/lib/python3.7/site-packages/airflow/example_dags/example_branch_day_of_week_operator.py for tasks to queue
[2023-01-31T13:08:22.427+0000] {logging_mixin.py:137} INFO - [2023-01-31T13:08:22.427+0000] {dagbag.py:538} INFO - Filling up the DagBag from /home/airflow/.local/lib/python3.7/site-packages/airflow/example_dags/example_branch_day_of_week_operator.py
[2023-01-31T13:08:22.443+0000] {processor.py:753} INFO - DAG(s) dict_keys(['example_weekday_branch_operator']) retrieved from /home/airflow/.local/lib/python3.7/site-packages/airflow/example_dags/example_branch_day_of_week_operator.py
[2023-01-31T13:08:22.473+0000] {logging_mixin.py:137} INFO - [2023-01-31T13:08:22.473+0000] {dag.py:2690} INFO - Sync 1 DAGs
[2023-01-31T13:08:22.514+0000] {logging_mixin.py:137} INFO - [2023-01-31T13:08:22.514+0000] {dag.py:3441} INFO - Setting next_dagrun for example_weekday_branch_operator to 2023-01-30T00:00:00+00:00, run_after=2023-01-31T00:00:00+00:00
[2023-01-31T13:08:22.541+0000] {processor.py:175} INFO - Processing /home/airflow/.local/lib/python3.7/site-packages/airflow/example_dags/example_branch_day_of_week_operator.py took 0.120 seconds
[2023-01-31T13:08:52.643+0000] {processor.py:153} INFO - Started process (PID=1018) to work on /home/airflow/.local/lib/python3.7/site-packages/airflow/example_dags/example_branch_day_of_week_operator.py
[2023-01-31T13:08:52.644+0000] {processor.py:743} INFO - Processing file /home/airflow/.local/lib/python3.7/site-packages/airflow/example_dags/example_branch_day_of_week_operator.py for tasks to queue
[2023-01-31T13:08:52.645+0000] {logging_mixin.py:137} INFO - [2023-01-31T13:08:52.645+0000] {dagbag.py:538} INFO - Filling up the DagBag from /home/airflow/.local/lib/python3.7/site-packages/airflow/example_dags/example_branch_day_of_week_operator.py
[2023-01-31T13:08:52.669+0000] {processor.py:753} INFO - DAG(s) dict_keys(['example_weekday_branch_operator']) retrieved from /home/airflow/.local/lib/python3.7/site-packages/airflow/example_dags/example_branch_day_of_week_operator.py
[2023-01-31T13:08:52.707+0000] {logging_mixin.py:137} INFO - [2023-01-31T13:08:52.706+0000] {dag.py:2690} INFO - Sync 1 DAGs
[2023-01-31T13:08:52.747+0000] {logging_mixin.py:137} INFO - [2023-01-31T13:08:52.747+0000] {dag.py:3441} INFO - Setting next_dagrun for example_weekday_branch_operator to 2023-01-30T00:00:00+00:00, run_after=2023-01-31T00:00:00+00:00
[2023-01-31T13:08:52.786+0000] {processor.py:175} INFO - Processing /home/airflow/.local/lib/python3.7/site-packages/airflow/example_dags/example_branch_day_of_week_operator.py took 0.150 seconds
[2023-01-31T13:09:23.084+0000] {processor.py:153} INFO - Started process (PID=1095) to work on /home/airflow/.local/lib/python3.7/site-packages/airflow/example_dags/example_branch_day_of_week_operator.py
[2023-01-31T13:09:23.085+0000] {processor.py:743} INFO - Processing file /home/airflow/.local/lib/python3.7/site-packages/airflow/example_dags/example_branch_day_of_week_operator.py for tasks to queue
[2023-01-31T13:09:23.087+0000] {logging_mixin.py:137} INFO - [2023-01-31T13:09:23.086+0000] {dagbag.py:538} INFO - Filling up the DagBag from /home/airflow/.local/lib/python3.7/site-packages/airflow/example_dags/example_branch_day_of_week_operator.py
[2023-01-31T13:09:23.132+0000] {processor.py:753} INFO - DAG(s) dict_keys(['example_weekday_branch_operator']) retrieved from /home/airflow/.local/lib/python3.7/site-packages/airflow/example_dags/example_branch_day_of_week_operator.py
[2023-01-31T13:09:23.171+0000] {logging_mixin.py:137} INFO - [2023-01-31T13:09:23.171+0000] {dag.py:2690} INFO - Sync 1 DAGs
[2023-01-31T13:09:23.199+0000] {logging_mixin.py:137} INFO - [2023-01-31T13:09:23.198+0000] {dag.py:3441} INFO - Setting next_dagrun for example_weekday_branch_operator to 2023-01-30T00:00:00+00:00, run_after=2023-01-31T00:00:00+00:00
[2023-01-31T13:09:23.230+0000] {processor.py:175} INFO - Processing /home/airflow/.local/lib/python3.7/site-packages/airflow/example_dags/example_branch_day_of_week_operator.py took 0.151 seconds
[2023-01-31T13:09:54.097+0000] {processor.py:153} INFO - Started process (PID=1160) to work on /home/airflow/.local/lib/python3.7/site-packages/airflow/example_dags/example_branch_day_of_week_operator.py
[2023-01-31T13:09:54.098+0000] {processor.py:743} INFO - Processing file /home/airflow/.local/lib/python3.7/site-packages/airflow/example_dags/example_branch_day_of_week_operator.py for tasks to queue
[2023-01-31T13:09:54.099+0000] {logging_mixin.py:137} INFO - [2023-01-31T13:09:54.099+0000] {dagbag.py:538} INFO - Filling up the DagBag from /home/airflow/.local/lib/python3.7/site-packages/airflow/example_dags/example_branch_day_of_week_operator.py
[2023-01-31T13:09:54.114+0000] {processor.py:753} INFO - DAG(s) dict_keys(['example_weekday_branch_operator']) retrieved from /home/airflow/.local/lib/python3.7/site-packages/airflow/example_dags/example_branch_day_of_week_operator.py
[2023-01-31T13:09:54.148+0000] {logging_mixin.py:137} INFO - [2023-01-31T13:09:54.148+0000] {dag.py:2690} INFO - Sync 1 DAGs
[2023-01-31T13:09:54.179+0000] {logging_mixin.py:137} INFO - [2023-01-31T13:09:54.179+0000] {dag.py:3441} INFO - Setting next_dagrun for example_weekday_branch_operator to 2023-01-30T00:00:00+00:00, run_after=2023-01-31T00:00:00+00:00
[2023-01-31T13:09:54.214+0000] {processor.py:175} INFO - Processing /home/airflow/.local/lib/python3.7/site-packages/airflow/example_dags/example_branch_day_of_week_operator.py took 0.121 seconds
[2023-01-31T13:10:24.990+0000] {processor.py:153} INFO - Started process (PID=1238) to work on /home/airflow/.local/lib/python3.7/site-packages/airflow/example_dags/example_branch_day_of_week_operator.py
[2023-01-31T13:10:24.991+0000] {processor.py:743} INFO - Processing file /home/airflow/.local/lib/python3.7/site-packages/airflow/example_dags/example_branch_day_of_week_operator.py for tasks to queue
[2023-01-31T13:10:24.993+0000] {logging_mixin.py:137} INFO - [2023-01-31T13:10:24.992+0000] {dagbag.py:538} INFO - Filling up the DagBag from /home/airflow/.local/lib/python3.7/site-packages/airflow/example_dags/example_branch_day_of_week_operator.py
[2023-01-31T13:10:25.017+0000] {processor.py:753} INFO - DAG(s) dict_keys(['example_weekday_branch_operator']) retrieved from /home/airflow/.local/lib/python3.7/site-packages/airflow/example_dags/example_branch_day_of_week_operator.py
[2023-01-31T13:10:25.053+0000] {logging_mixin.py:137} INFO - [2023-01-31T13:10:25.052+0000] {dag.py:2690} INFO - Sync 1 DAGs
[2023-01-31T13:10:25.083+0000] {logging_mixin.py:137} INFO - [2023-01-31T13:10:25.083+0000] {dag.py:3441} INFO - Setting next_dagrun for example_weekday_branch_operator to 2023-01-30T00:00:00+00:00, run_after=2023-01-31T00:00:00+00:00
[2023-01-31T13:10:25.116+0000] {processor.py:175} INFO - Processing /home/airflow/.local/lib/python3.7/site-packages/airflow/example_dags/example_branch_day_of_week_operator.py took 0.131 seconds
[2023-01-31T13:10:55.594+0000] {processor.py:153} INFO - Started process (PID=1304) to work on /home/airflow/.local/lib/python3.7/site-packages/airflow/example_dags/example_branch_day_of_week_operator.py
[2023-01-31T13:10:55.595+0000] {processor.py:743} INFO - Processing file /home/airflow/.local/lib/python3.7/site-packages/airflow/example_dags/example_branch_day_of_week_operator.py for tasks to queue
[2023-01-31T13:10:55.596+0000] {logging_mixin.py:137} INFO - [2023-01-31T13:10:55.596+0000] {dagbag.py:538} INFO - Filling up the DagBag from /home/airflow/.local/lib/python3.7/site-packages/airflow/example_dags/example_branch_day_of_week_operator.py
[2023-01-31T13:10:55.620+0000] {processor.py:753} INFO - DAG(s) dict_keys(['example_weekday_branch_operator']) retrieved from /home/airflow/.local/lib/python3.7/site-packages/airflow/example_dags/example_branch_day_of_week_operator.py
[2023-01-31T13:10:55.649+0000] {logging_mixin.py:137} INFO - [2023-01-31T13:10:55.648+0000] {dag.py:2690} INFO - Sync 1 DAGs
[2023-01-31T13:10:55.674+0000] {logging_mixin.py:137} INFO - [2023-01-31T13:10:55.674+0000] {dag.py:3441} INFO - Setting next_dagrun for example_weekday_branch_operator to 2023-01-30T00:00:00+00:00, run_after=2023-01-31T00:00:00+00:00
[2023-01-31T13:10:55.700+0000] {processor.py:175} INFO - Processing /home/airflow/.local/lib/python3.7/site-packages/airflow/example_dags/example_branch_day_of_week_operator.py took 0.110 seconds
[2023-01-31T13:11:26.046+0000] {processor.py:153} INFO - Started process (PID=1368) to work on /home/airflow/.local/lib/python3.7/site-packages/airflow/example_dags/example_branch_day_of_week_operator.py
[2023-01-31T13:11:26.047+0000] {processor.py:743} INFO - Processing file /home/airflow/.local/lib/python3.7/site-packages/airflow/example_dags/example_branch_day_of_week_operator.py for tasks to queue
[2023-01-31T13:11:26.047+0000] {logging_mixin.py:137} INFO - [2023-01-31T13:11:26.047+0000] {dagbag.py:538} INFO - Filling up the DagBag from /home/airflow/.local/lib/python3.7/site-packages/airflow/example_dags/example_branch_day_of_week_operator.py
[2023-01-31T13:11:26.066+0000] {processor.py:753} INFO - DAG(s) dict_keys(['example_weekday_branch_operator']) retrieved from /home/airflow/.local/lib/python3.7/site-packages/airflow/example_dags/example_branch_day_of_week_operator.py
[2023-01-31T13:11:26.101+0000] {logging_mixin.py:137} INFO - [2023-01-31T13:11:26.101+0000] {dag.py:2690} INFO - Sync 1 DAGs
[2023-01-31T13:11:26.143+0000] {logging_mixin.py:137} INFO - [2023-01-31T13:11:26.143+0000] {dag.py:3441} INFO - Setting next_dagrun for example_weekday_branch_operator to 2023-01-30T00:00:00+00:00, run_after=2023-01-31T00:00:00+00:00
[2023-01-31T13:11:26.178+0000] {processor.py:175} INFO - Processing /home/airflow/.local/lib/python3.7/site-packages/airflow/example_dags/example_branch_day_of_week_operator.py took 0.136 seconds
[2023-01-31T13:11:56.543+0000] {processor.py:153} INFO - Started process (PID=1445) to work on /home/airflow/.local/lib/python3.7/site-packages/airflow/example_dags/example_branch_day_of_week_operator.py
[2023-01-31T13:11:56.544+0000] {processor.py:743} INFO - Processing file /home/airflow/.local/lib/python3.7/site-packages/airflow/example_dags/example_branch_day_of_week_operator.py for tasks to queue
[2023-01-31T13:11:56.545+0000] {logging_mixin.py:137} INFO - [2023-01-31T13:11:56.545+0000] {dagbag.py:538} INFO - Filling up the DagBag from /home/airflow/.local/lib/python3.7/site-packages/airflow/example_dags/example_branch_day_of_week_operator.py
[2023-01-31T13:11:56.568+0000] {processor.py:753} INFO - DAG(s) dict_keys(['example_weekday_branch_operator']) retrieved from /home/airflow/.local/lib/python3.7/site-packages/airflow/example_dags/example_branch_day_of_week_operator.py
[2023-01-31T13:11:56.600+0000] {logging_mixin.py:137} INFO - [2023-01-31T13:11:56.600+0000] {dag.py:2690} INFO - Sync 1 DAGs
[2023-01-31T13:11:56.629+0000] {logging_mixin.py:137} INFO - [2023-01-31T13:11:56.629+0000] {dag.py:3441} INFO - Setting next_dagrun for example_weekday_branch_operator to 2023-01-30T00:00:00+00:00, run_after=2023-01-31T00:00:00+00:00
[2023-01-31T13:11:56.664+0000] {processor.py:175} INFO - Processing /home/airflow/.local/lib/python3.7/site-packages/airflow/example_dags/example_branch_day_of_week_operator.py took 0.125 seconds
[2023-01-31T13:12:26.925+0000] {processor.py:153} INFO - Started process (PID=1511) to work on /home/airflow/.local/lib/python3.7/site-packages/airflow/example_dags/example_branch_day_of_week_operator.py
[2023-01-31T13:12:26.926+0000] {processor.py:743} INFO - Processing file /home/airflow/.local/lib/python3.7/site-packages/airflow/example_dags/example_branch_day_of_week_operator.py for tasks to queue
[2023-01-31T13:12:26.927+0000] {logging_mixin.py:137} INFO - [2023-01-31T13:12:26.927+0000] {dagbag.py:538} INFO - Filling up the DagBag from /home/airflow/.local/lib/python3.7/site-packages/airflow/example_dags/example_branch_day_of_week_operator.py
[2023-01-31T13:12:26.943+0000] {processor.py:753} INFO - DAG(s) dict_keys(['example_weekday_branch_operator']) retrieved from /home/airflow/.local/lib/python3.7/site-packages/airflow/example_dags/example_branch_day_of_week_operator.py
[2023-01-31T13:12:26.970+0000] {logging_mixin.py:137} INFO - [2023-01-31T13:12:26.969+0000] {dag.py:2690} INFO - Sync 1 DAGs
[2023-01-31T13:12:26.996+0000] {logging_mixin.py:137} INFO - [2023-01-31T13:12:26.996+0000] {dag.py:3441} INFO - Setting next_dagrun for example_weekday_branch_operator to 2023-01-30T00:00:00+00:00, run_after=2023-01-31T00:00:00+00:00
[2023-01-31T13:12:27.028+0000] {processor.py:175} INFO - Processing /home/airflow/.local/lib/python3.7/site-packages/airflow/example_dags/example_branch_day_of_week_operator.py took 0.107 seconds
[2023-01-31T13:12:57.547+0000] {processor.py:153} INFO - Started process (PID=1588) to work on /home/airflow/.local/lib/python3.7/site-packages/airflow/example_dags/example_branch_day_of_week_operator.py
[2023-01-31T13:12:57.548+0000] {processor.py:743} INFO - Processing file /home/airflow/.local/lib/python3.7/site-packages/airflow/example_dags/example_branch_day_of_week_operator.py for tasks to queue
[2023-01-31T13:12:57.549+0000] {logging_mixin.py:137} INFO - [2023-01-31T13:12:57.548+0000] {dagbag.py:538} INFO - Filling up the DagBag from /home/airflow/.local/lib/python3.7/site-packages/airflow/example_dags/example_branch_day_of_week_operator.py
[2023-01-31T13:12:57.566+0000] {processor.py:753} INFO - DAG(s) dict_keys(['example_weekday_branch_operator']) retrieved from /home/airflow/.local/lib/python3.7/site-packages/airflow/example_dags/example_branch_day_of_week_operator.py
[2023-01-31T13:12:57.600+0000] {logging_mixin.py:137} INFO - [2023-01-31T13:12:57.599+0000] {dag.py:2690} INFO - Sync 1 DAGs
[2023-01-31T13:12:57.634+0000] {logging_mixin.py:137} INFO - [2023-01-31T13:12:57.634+0000] {dag.py:3441} INFO - Setting next_dagrun for example_weekday_branch_operator to 2023-01-30T00:00:00+00:00, run_after=2023-01-31T00:00:00+00:00
[2023-01-31T13:12:57.660+0000] {processor.py:175} INFO - Processing /home/airflow/.local/lib/python3.7/site-packages/airflow/example_dags/example_branch_day_of_week_operator.py took 0.118 seconds
[2023-01-31T13:13:28.037+0000] {processor.py:153} INFO - Started process (PID=1654) to work on /home/airflow/.local/lib/python3.7/site-packages/airflow/example_dags/example_branch_day_of_week_operator.py
[2023-01-31T13:13:28.038+0000] {processor.py:743} INFO - Processing file /home/airflow/.local/lib/python3.7/site-packages/airflow/example_dags/example_branch_day_of_week_operator.py for tasks to queue
[2023-01-31T13:13:28.039+0000] {logging_mixin.py:137} INFO - [2023-01-31T13:13:28.039+0000] {dagbag.py:538} INFO - Filling up the DagBag from /home/airflow/.local/lib/python3.7/site-packages/airflow/example_dags/example_branch_day_of_week_operator.py
[2023-01-31T13:13:28.056+0000] {processor.py:753} INFO - DAG(s) dict_keys(['example_weekday_branch_operator']) retrieved from /home/airflow/.local/lib/python3.7/site-packages/airflow/example_dags/example_branch_day_of_week_operator.py
[2023-01-31T13:13:28.089+0000] {logging_mixin.py:137} INFO - [2023-01-31T13:13:28.088+0000] {dag.py:2690} INFO - Sync 1 DAGs
[2023-01-31T13:13:28.121+0000] {logging_mixin.py:137} INFO - [2023-01-31T13:13:28.121+0000] {dag.py:3441} INFO - Setting next_dagrun for example_weekday_branch_operator to 2023-01-30T00:00:00+00:00, run_after=2023-01-31T00:00:00+00:00
[2023-01-31T13:13:28.150+0000] {processor.py:175} INFO - Processing /home/airflow/.local/lib/python3.7/site-packages/airflow/example_dags/example_branch_day_of_week_operator.py took 0.118 seconds
[2023-01-31T13:13:58.613+0000] {processor.py:153} INFO - Started process (PID=1732) to work on /home/airflow/.local/lib/python3.7/site-packages/airflow/example_dags/example_branch_day_of_week_operator.py
[2023-01-31T13:13:58.614+0000] {processor.py:743} INFO - Processing file /home/airflow/.local/lib/python3.7/site-packages/airflow/example_dags/example_branch_day_of_week_operator.py for tasks to queue
[2023-01-31T13:13:58.615+0000] {logging_mixin.py:137} INFO - [2023-01-31T13:13:58.615+0000] {dagbag.py:538} INFO - Filling up the DagBag from /home/airflow/.local/lib/python3.7/site-packages/airflow/example_dags/example_branch_day_of_week_operator.py
[2023-01-31T13:13:58.634+0000] {processor.py:753} INFO - DAG(s) dict_keys(['example_weekday_branch_operator']) retrieved from /home/airflow/.local/lib/python3.7/site-packages/airflow/example_dags/example_branch_day_of_week_operator.py
[2023-01-31T13:13:58.671+0000] {logging_mixin.py:137} INFO - [2023-01-31T13:13:58.671+0000] {dag.py:2690} INFO - Sync 1 DAGs
[2023-01-31T13:13:58.710+0000] {logging_mixin.py:137} INFO - [2023-01-31T13:13:58.710+0000] {dag.py:3441} INFO - Setting next_dagrun for example_weekday_branch_operator to 2023-01-30T00:00:00+00:00, run_after=2023-01-31T00:00:00+00:00
[2023-01-31T13:13:58.744+0000] {processor.py:175} INFO - Processing /home/airflow/.local/lib/python3.7/site-packages/airflow/example_dags/example_branch_day_of_week_operator.py took 0.137 seconds
[2023-01-31T13:14:29.446+0000] {processor.py:153} INFO - Started process (PID=1798) to work on /home/airflow/.local/lib/python3.7/site-packages/airflow/example_dags/example_branch_day_of_week_operator.py
[2023-01-31T13:14:29.447+0000] {processor.py:743} INFO - Processing file /home/airflow/.local/lib/python3.7/site-packages/airflow/example_dags/example_branch_day_of_week_operator.py for tasks to queue
[2023-01-31T13:14:29.448+0000] {logging_mixin.py:137} INFO - [2023-01-31T13:14:29.447+0000] {dagbag.py:538} INFO - Filling up the DagBag from /home/airflow/.local/lib/python3.7/site-packages/airflow/example_dags/example_branch_day_of_week_operator.py
[2023-01-31T13:14:29.464+0000] {processor.py:753} INFO - DAG(s) dict_keys(['example_weekday_branch_operator']) retrieved from /home/airflow/.local/lib/python3.7/site-packages/airflow/example_dags/example_branch_day_of_week_operator.py
[2023-01-31T13:14:29.492+0000] {logging_mixin.py:137} INFO - [2023-01-31T13:14:29.492+0000] {dag.py:2690} INFO - Sync 1 DAGs
[2023-01-31T13:14:29.519+0000] {logging_mixin.py:137} INFO - [2023-01-31T13:14:29.519+0000] {dag.py:3441} INFO - Setting next_dagrun for example_weekday_branch_operator to 2023-01-30T00:00:00+00:00, run_after=2023-01-31T00:00:00+00:00
[2023-01-31T13:14:29.556+0000] {processor.py:175} INFO - Processing /home/airflow/.local/lib/python3.7/site-packages/airflow/example_dags/example_branch_day_of_week_operator.py took 0.115 seconds
[2023-01-31T13:14:59.742+0000] {processor.py:153} INFO - Started process (PID=1863) to work on /home/airflow/.local/lib/python3.7/site-packages/airflow/example_dags/example_branch_day_of_week_operator.py
[2023-01-31T13:14:59.744+0000] {processor.py:743} INFO - Processing file /home/airflow/.local/lib/python3.7/site-packages/airflow/example_dags/example_branch_day_of_week_operator.py for tasks to queue
[2023-01-31T13:14:59.745+0000] {logging_mixin.py:137} INFO - [2023-01-31T13:14:59.745+0000] {dagbag.py:538} INFO - Filling up the DagBag from /home/airflow/.local/lib/python3.7/site-packages/airflow/example_dags/example_branch_day_of_week_operator.py
[2023-01-31T13:14:59.769+0000] {processor.py:753} INFO - DAG(s) dict_keys(['example_weekday_branch_operator']) retrieved from /home/airflow/.local/lib/python3.7/site-packages/airflow/example_dags/example_branch_day_of_week_operator.py
[2023-01-31T13:14:59.808+0000] {logging_mixin.py:137} INFO - [2023-01-31T13:14:59.808+0000] {dag.py:2690} INFO - Sync 1 DAGs
[2023-01-31T13:14:59.847+0000] {logging_mixin.py:137} INFO - [2023-01-31T13:14:59.847+0000] {dag.py:3441} INFO - Setting next_dagrun for example_weekday_branch_operator to 2023-01-30T00:00:00+00:00, run_after=2023-01-31T00:00:00+00:00
[2023-01-31T13:14:59.874+0000] {processor.py:175} INFO - Processing /home/airflow/.local/lib/python3.7/site-packages/airflow/example_dags/example_branch_day_of_week_operator.py took 0.138 seconds
[2023-01-31T13:15:30.286+0000] {processor.py:153} INFO - Started process (PID=1939) to work on /home/airflow/.local/lib/python3.7/site-packages/airflow/example_dags/example_branch_day_of_week_operator.py
[2023-01-31T13:15:30.287+0000] {processor.py:743} INFO - Processing file /home/airflow/.local/lib/python3.7/site-packages/airflow/example_dags/example_branch_day_of_week_operator.py for tasks to queue
[2023-01-31T13:15:30.288+0000] {logging_mixin.py:137} INFO - [2023-01-31T13:15:30.288+0000] {dagbag.py:538} INFO - Filling up the DagBag from /home/airflow/.local/lib/python3.7/site-packages/airflow/example_dags/example_branch_day_of_week_operator.py
[2023-01-31T13:15:30.304+0000] {processor.py:753} INFO - DAG(s) dict_keys(['example_weekday_branch_operator']) retrieved from /home/airflow/.local/lib/python3.7/site-packages/airflow/example_dags/example_branch_day_of_week_operator.py
[2023-01-31T13:15:30.331+0000] {logging_mixin.py:137} INFO - [2023-01-31T13:15:30.330+0000] {dag.py:2690} INFO - Sync 1 DAGs
[2023-01-31T13:15:30.368+0000] {logging_mixin.py:137} INFO - [2023-01-31T13:15:30.368+0000] {dag.py:3441} INFO - Setting next_dagrun for example_weekday_branch_operator to 2023-01-30T00:00:00+00:00, run_after=2023-01-31T00:00:00+00:00
[2023-01-31T13:15:30.418+0000] {processor.py:175} INFO - Processing /home/airflow/.local/lib/python3.7/site-packages/airflow/example_dags/example_branch_day_of_week_operator.py took 0.136 seconds
[2023-01-31T13:16:00.683+0000] {processor.py:153} INFO - Started process (PID=2004) to work on /home/airflow/.local/lib/python3.7/site-packages/airflow/example_dags/example_branch_day_of_week_operator.py
[2023-01-31T13:16:00.684+0000] {processor.py:743} INFO - Processing file /home/airflow/.local/lib/python3.7/site-packages/airflow/example_dags/example_branch_day_of_week_operator.py for tasks to queue
[2023-01-31T13:16:00.685+0000] {logging_mixin.py:137} INFO - [2023-01-31T13:16:00.685+0000] {dagbag.py:538} INFO - Filling up the DagBag from /home/airflow/.local/lib/python3.7/site-packages/airflow/example_dags/example_branch_day_of_week_operator.py
[2023-01-31T13:16:00.701+0000] {processor.py:753} INFO - DAG(s) dict_keys(['example_weekday_branch_operator']) retrieved from /home/airflow/.local/lib/python3.7/site-packages/airflow/example_dags/example_branch_day_of_week_operator.py
[2023-01-31T13:16:00.736+0000] {logging_mixin.py:137} INFO - [2023-01-31T13:16:00.735+0000] {dag.py:2690} INFO - Sync 1 DAGs
[2023-01-31T13:16:00.771+0000] {logging_mixin.py:137} INFO - [2023-01-31T13:16:00.771+0000] {dag.py:3441} INFO - Setting next_dagrun for example_weekday_branch_operator to 2023-01-30T00:00:00+00:00, run_after=2023-01-31T00:00:00+00:00
[2023-01-31T13:16:00.805+0000] {processor.py:175} INFO - Processing /home/airflow/.local/lib/python3.7/site-packages/airflow/example_dags/example_branch_day_of_week_operator.py took 0.126 seconds
[2023-01-31T13:16:31.449+0000] {processor.py:153} INFO - Started process (PID=2082) to work on /home/airflow/.local/lib/python3.7/site-packages/airflow/example_dags/example_branch_day_of_week_operator.py
[2023-01-31T13:16:31.450+0000] {processor.py:743} INFO - Processing file /home/airflow/.local/lib/python3.7/site-packages/airflow/example_dags/example_branch_day_of_week_operator.py for tasks to queue
[2023-01-31T13:16:31.451+0000] {logging_mixin.py:137} INFO - [2023-01-31T13:16:31.450+0000] {dagbag.py:538} INFO - Filling up the DagBag from /home/airflow/.local/lib/python3.7/site-packages/airflow/example_dags/example_branch_day_of_week_operator.py
[2023-01-31T13:16:31.466+0000] {processor.py:753} INFO - DAG(s) dict_keys(['example_weekday_branch_operator']) retrieved from /home/airflow/.local/lib/python3.7/site-packages/airflow/example_dags/example_branch_day_of_week_operator.py
[2023-01-31T13:16:31.497+0000] {logging_mixin.py:137} INFO - [2023-01-31T13:16:31.497+0000] {dag.py:2690} INFO - Sync 1 DAGs
[2023-01-31T13:16:31.523+0000] {logging_mixin.py:137} INFO - [2023-01-31T13:16:31.523+0000] {dag.py:3441} INFO - Setting next_dagrun for example_weekday_branch_operator to 2023-01-30T00:00:00+00:00, run_after=2023-01-31T00:00:00+00:00
[2023-01-31T13:16:31.549+0000] {processor.py:175} INFO - Processing /home/airflow/.local/lib/python3.7/site-packages/airflow/example_dags/example_branch_day_of_week_operator.py took 0.106 seconds
[2023-01-31T13:17:01.570+0000] {processor.py:153} INFO - Started process (PID=2148) to work on /home/airflow/.local/lib/python3.7/site-packages/airflow/example_dags/example_branch_day_of_week_operator.py
[2023-01-31T13:17:01.571+0000] {processor.py:743} INFO - Processing file /home/airflow/.local/lib/python3.7/site-packages/airflow/example_dags/example_branch_day_of_week_operator.py for tasks to queue
[2023-01-31T13:17:01.572+0000] {logging_mixin.py:137} INFO - [2023-01-31T13:17:01.572+0000] {dagbag.py:538} INFO - Filling up the DagBag from /home/airflow/.local/lib/python3.7/site-packages/airflow/example_dags/example_branch_day_of_week_operator.py
[2023-01-31T13:17:01.587+0000] {processor.py:753} INFO - DAG(s) dict_keys(['example_weekday_branch_operator']) retrieved from /home/airflow/.local/lib/python3.7/site-packages/airflow/example_dags/example_branch_day_of_week_operator.py
[2023-01-31T13:17:01.623+0000] {logging_mixin.py:137} INFO - [2023-01-31T13:17:01.622+0000] {dag.py:2690} INFO - Sync 1 DAGs
[2023-01-31T13:17:01.662+0000] {logging_mixin.py:137} INFO - [2023-01-31T13:17:01.662+0000] {dag.py:3441} INFO - Setting next_dagrun for example_weekday_branch_operator to 2023-01-30T00:00:00+00:00, run_after=2023-01-31T00:00:00+00:00
[2023-01-31T13:17:01.696+0000] {processor.py:175} INFO - Processing /home/airflow/.local/lib/python3.7/site-packages/airflow/example_dags/example_branch_day_of_week_operator.py took 0.130 seconds
[2023-01-31T13:17:32.173+0000] {processor.py:153} INFO - Started process (PID=2225) to work on /home/airflow/.local/lib/python3.7/site-packages/airflow/example_dags/example_branch_day_of_week_operator.py
[2023-01-31T13:17:32.175+0000] {processor.py:743} INFO - Processing file /home/airflow/.local/lib/python3.7/site-packages/airflow/example_dags/example_branch_day_of_week_operator.py for tasks to queue
[2023-01-31T13:17:32.176+0000] {logging_mixin.py:137} INFO - [2023-01-31T13:17:32.175+0000] {dagbag.py:538} INFO - Filling up the DagBag from /home/airflow/.local/lib/python3.7/site-packages/airflow/example_dags/example_branch_day_of_week_operator.py
[2023-01-31T13:17:32.198+0000] {processor.py:753} INFO - DAG(s) dict_keys(['example_weekday_branch_operator']) retrieved from /home/airflow/.local/lib/python3.7/site-packages/airflow/example_dags/example_branch_day_of_week_operator.py
[2023-01-31T13:17:32.233+0000] {logging_mixin.py:137} INFO - [2023-01-31T13:17:32.232+0000] {dag.py:2690} INFO - Sync 1 DAGs
[2023-01-31T13:17:32.270+0000] {logging_mixin.py:137} INFO - [2023-01-31T13:17:32.270+0000] {dag.py:3441} INFO - Setting next_dagrun for example_weekday_branch_operator to 2023-01-30T00:00:00+00:00, run_after=2023-01-31T00:00:00+00:00
[2023-01-31T13:17:32.304+0000] {processor.py:175} INFO - Processing /home/airflow/.local/lib/python3.7/site-packages/airflow/example_dags/example_branch_day_of_week_operator.py took 0.136 seconds
[2023-01-31T13:18:02.636+0000] {processor.py:153} INFO - Started process (PID=2292) to work on /home/airflow/.local/lib/python3.7/site-packages/airflow/example_dags/example_branch_day_of_week_operator.py
[2023-01-31T13:18:02.637+0000] {processor.py:743} INFO - Processing file /home/airflow/.local/lib/python3.7/site-packages/airflow/example_dags/example_branch_day_of_week_operator.py for tasks to queue
[2023-01-31T13:18:02.638+0000] {logging_mixin.py:137} INFO - [2023-01-31T13:18:02.638+0000] {dagbag.py:538} INFO - Filling up the DagBag from /home/airflow/.local/lib/python3.7/site-packages/airflow/example_dags/example_branch_day_of_week_operator.py
[2023-01-31T13:18:02.658+0000] {processor.py:753} INFO - DAG(s) dict_keys(['example_weekday_branch_operator']) retrieved from /home/airflow/.local/lib/python3.7/site-packages/airflow/example_dags/example_branch_day_of_week_operator.py
[2023-01-31T13:18:02.690+0000] {logging_mixin.py:137} INFO - [2023-01-31T13:18:02.690+0000] {dag.py:2690} INFO - Sync 1 DAGs
[2023-01-31T13:18:02.724+0000] {logging_mixin.py:137} INFO - [2023-01-31T13:18:02.724+0000] {dag.py:3441} INFO - Setting next_dagrun for example_weekday_branch_operator to 2023-01-30T00:00:00+00:00, run_after=2023-01-31T00:00:00+00:00
[2023-01-31T13:18:02.753+0000] {processor.py:175} INFO - Processing /home/airflow/.local/lib/python3.7/site-packages/airflow/example_dags/example_branch_day_of_week_operator.py took 0.123 seconds
[2023-01-31T13:18:32.817+0000] {processor.py:153} INFO - Started process (PID=2360) to work on /home/airflow/.local/lib/python3.7/site-packages/airflow/example_dags/example_branch_day_of_week_operator.py
[2023-01-31T13:18:32.818+0000] {processor.py:743} INFO - Processing file /home/airflow/.local/lib/python3.7/site-packages/airflow/example_dags/example_branch_day_of_week_operator.py for tasks to queue
[2023-01-31T13:18:32.819+0000] {logging_mixin.py:137} INFO - [2023-01-31T13:18:32.819+0000] {dagbag.py:538} INFO - Filling up the DagBag from /home/airflow/.local/lib/python3.7/site-packages/airflow/example_dags/example_branch_day_of_week_operator.py
[2023-01-31T13:18:32.835+0000] {processor.py:753} INFO - DAG(s) dict_keys(['example_weekday_branch_operator']) retrieved from /home/airflow/.local/lib/python3.7/site-packages/airflow/example_dags/example_branch_day_of_week_operator.py
[2023-01-31T13:18:32.879+0000] {logging_mixin.py:137} INFO - [2023-01-31T13:18:32.879+0000] {dag.py:2690} INFO - Sync 1 DAGs
[2023-01-31T13:18:32.910+0000] {logging_mixin.py:137} INFO - [2023-01-31T13:18:32.910+0000] {dag.py:3441} INFO - Setting next_dagrun for example_weekday_branch_operator to 2023-01-30T00:00:00+00:00, run_after=2023-01-31T00:00:00+00:00
[2023-01-31T13:18:32.943+0000] {processor.py:175} INFO - Processing /home/airflow/.local/lib/python3.7/site-packages/airflow/example_dags/example_branch_day_of_week_operator.py took 0.130 seconds
[2023-01-31T13:19:03.468+0000] {processor.py:153} INFO - Started process (PID=2438) to work on /home/airflow/.local/lib/python3.7/site-packages/airflow/example_dags/example_branch_day_of_week_operator.py
[2023-01-31T13:19:03.469+0000] {processor.py:743} INFO - Processing file /home/airflow/.local/lib/python3.7/site-packages/airflow/example_dags/example_branch_day_of_week_operator.py for tasks to queue
[2023-01-31T13:19:03.469+0000] {logging_mixin.py:137} INFO - [2023-01-31T13:19:03.469+0000] {dagbag.py:538} INFO - Filling up the DagBag from /home/airflow/.local/lib/python3.7/site-packages/airflow/example_dags/example_branch_day_of_week_operator.py
[2023-01-31T13:19:03.486+0000] {processor.py:753} INFO - DAG(s) dict_keys(['example_weekday_branch_operator']) retrieved from /home/airflow/.local/lib/python3.7/site-packages/airflow/example_dags/example_branch_day_of_week_operator.py
[2023-01-31T13:19:03.516+0000] {logging_mixin.py:137} INFO - [2023-01-31T13:19:03.515+0000] {dag.py:2690} INFO - Sync 1 DAGs
[2023-01-31T13:19:03.542+0000] {logging_mixin.py:137} INFO - [2023-01-31T13:19:03.542+0000] {dag.py:3441} INFO - Setting next_dagrun for example_weekday_branch_operator to 2023-01-30T00:00:00+00:00, run_after=2023-01-31T00:00:00+00:00
[2023-01-31T13:19:03.569+0000] {processor.py:175} INFO - Processing /home/airflow/.local/lib/python3.7/site-packages/airflow/example_dags/example_branch_day_of_week_operator.py took 0.106 seconds
[2023-01-31T13:19:33.747+0000] {processor.py:153} INFO - Started process (PID=2502) to work on /home/airflow/.local/lib/python3.7/site-packages/airflow/example_dags/example_branch_day_of_week_operator.py
[2023-01-31T13:19:33.749+0000] {processor.py:743} INFO - Processing file /home/airflow/.local/lib/python3.7/site-packages/airflow/example_dags/example_branch_day_of_week_operator.py for tasks to queue
[2023-01-31T13:19:33.750+0000] {logging_mixin.py:137} INFO - [2023-01-31T13:19:33.749+0000] {dagbag.py:538} INFO - Filling up the DagBag from /home/airflow/.local/lib/python3.7/site-packages/airflow/example_dags/example_branch_day_of_week_operator.py
[2023-01-31T13:19:33.773+0000] {processor.py:753} INFO - DAG(s) dict_keys(['example_weekday_branch_operator']) retrieved from /home/airflow/.local/lib/python3.7/site-packages/airflow/example_dags/example_branch_day_of_week_operator.py
[2023-01-31T13:19:33.813+0000] {logging_mixin.py:137} INFO - [2023-01-31T13:19:33.812+0000] {dag.py:2690} INFO - Sync 1 DAGs
[2023-01-31T13:19:33.841+0000] {logging_mixin.py:137} INFO - [2023-01-31T13:19:33.841+0000] {dag.py:3441} INFO - Setting next_dagrun for example_weekday_branch_operator to 2023-01-30T00:00:00+00:00, run_after=2023-01-31T00:00:00+00:00
[2023-01-31T13:19:33.917+0000] {processor.py:175} INFO - Processing /home/airflow/.local/lib/python3.7/site-packages/airflow/example_dags/example_branch_day_of_week_operator.py took 0.175 seconds
[2023-01-31T13:20:04.296+0000] {processor.py:153} INFO - Started process (PID=2580) to work on /home/airflow/.local/lib/python3.7/site-packages/airflow/example_dags/example_branch_day_of_week_operator.py
[2023-01-31T13:20:04.297+0000] {processor.py:743} INFO - Processing file /home/airflow/.local/lib/python3.7/site-packages/airflow/example_dags/example_branch_day_of_week_operator.py for tasks to queue
[2023-01-31T13:20:04.298+0000] {logging_mixin.py:137} INFO - [2023-01-31T13:20:04.298+0000] {dagbag.py:538} INFO - Filling up the DagBag from /home/airflow/.local/lib/python3.7/site-packages/airflow/example_dags/example_branch_day_of_week_operator.py
[2023-01-31T13:20:04.315+0000] {processor.py:753} INFO - DAG(s) dict_keys(['example_weekday_branch_operator']) retrieved from /home/airflow/.local/lib/python3.7/site-packages/airflow/example_dags/example_branch_day_of_week_operator.py
[2023-01-31T13:20:04.351+0000] {logging_mixin.py:137} INFO - [2023-01-31T13:20:04.350+0000] {dag.py:2690} INFO - Sync 1 DAGs
[2023-01-31T13:20:04.390+0000] {logging_mixin.py:137} INFO - [2023-01-31T13:20:04.390+0000] {dag.py:3441} INFO - Setting next_dagrun for example_weekday_branch_operator to 2023-01-30T00:00:00+00:00, run_after=2023-01-31T00:00:00+00:00
[2023-01-31T13:20:04.420+0000] {processor.py:175} INFO - Processing /home/airflow/.local/lib/python3.7/site-packages/airflow/example_dags/example_branch_day_of_week_operator.py took 0.128 seconds
[2023-01-31T13:20:34.687+0000] {processor.py:153} INFO - Started process (PID=2646) to work on /home/airflow/.local/lib/python3.7/site-packages/airflow/example_dags/example_branch_day_of_week_operator.py
[2023-01-31T13:20:34.688+0000] {processor.py:743} INFO - Processing file /home/airflow/.local/lib/python3.7/site-packages/airflow/example_dags/example_branch_day_of_week_operator.py for tasks to queue
[2023-01-31T13:20:34.689+0000] {logging_mixin.py:137} INFO - [2023-01-31T13:20:34.689+0000] {dagbag.py:538} INFO - Filling up the DagBag from /home/airflow/.local/lib/python3.7/site-packages/airflow/example_dags/example_branch_day_of_week_operator.py
[2023-01-31T13:20:34.705+0000] {processor.py:753} INFO - DAG(s) dict_keys(['example_weekday_branch_operator']) retrieved from /home/airflow/.local/lib/python3.7/site-packages/airflow/example_dags/example_branch_day_of_week_operator.py
[2023-01-31T13:20:34.733+0000] {logging_mixin.py:137} INFO - [2023-01-31T13:20:34.733+0000] {dag.py:2690} INFO - Sync 1 DAGs
[2023-01-31T13:20:34.760+0000] {logging_mixin.py:137} INFO - [2023-01-31T13:20:34.760+0000] {dag.py:3441} INFO - Setting next_dagrun for example_weekday_branch_operator to 2023-01-30T00:00:00+00:00, run_after=2023-01-31T00:00:00+00:00
[2023-01-31T13:20:34.786+0000] {processor.py:175} INFO - Processing /home/airflow/.local/lib/python3.7/site-packages/airflow/example_dags/example_branch_day_of_week_operator.py took 0.103 seconds
[2023-01-31T13:21:05.313+0000] {processor.py:153} INFO - Started process (PID=2724) to work on /home/airflow/.local/lib/python3.7/site-packages/airflow/example_dags/example_branch_day_of_week_operator.py
[2023-01-31T13:21:05.314+0000] {processor.py:743} INFO - Processing file /home/airflow/.local/lib/python3.7/site-packages/airflow/example_dags/example_branch_day_of_week_operator.py for tasks to queue
[2023-01-31T13:21:05.315+0000] {logging_mixin.py:137} INFO - [2023-01-31T13:21:05.314+0000] {dagbag.py:538} INFO - Filling up the DagBag from /home/airflow/.local/lib/python3.7/site-packages/airflow/example_dags/example_branch_day_of_week_operator.py
[2023-01-31T13:21:05.331+0000] {processor.py:753} INFO - DAG(s) dict_keys(['example_weekday_branch_operator']) retrieved from /home/airflow/.local/lib/python3.7/site-packages/airflow/example_dags/example_branch_day_of_week_operator.py
[2023-01-31T13:21:05.365+0000] {logging_mixin.py:137} INFO - [2023-01-31T13:21:05.365+0000] {dag.py:2690} INFO - Sync 1 DAGs
[2023-01-31T13:21:05.400+0000] {logging_mixin.py:137} INFO - [2023-01-31T13:21:05.400+0000] {dag.py:3441} INFO - Setting next_dagrun for example_weekday_branch_operator to 2023-01-30T00:00:00+00:00, run_after=2023-01-31T00:00:00+00:00
[2023-01-31T13:21:05.426+0000] {processor.py:175} INFO - Processing /home/airflow/.local/lib/python3.7/site-packages/airflow/example_dags/example_branch_day_of_week_operator.py took 0.117 seconds
[2023-01-31T13:21:35.717+0000] {processor.py:153} INFO - Started process (PID=2788) to work on /home/airflow/.local/lib/python3.7/site-packages/airflow/example_dags/example_branch_day_of_week_operator.py
[2023-01-31T13:21:35.718+0000] {processor.py:743} INFO - Processing file /home/airflow/.local/lib/python3.7/site-packages/airflow/example_dags/example_branch_day_of_week_operator.py for tasks to queue
[2023-01-31T13:21:35.719+0000] {logging_mixin.py:137} INFO - [2023-01-31T13:21:35.719+0000] {dagbag.py:538} INFO - Filling up the DagBag from /home/airflow/.local/lib/python3.7/site-packages/airflow/example_dags/example_branch_day_of_week_operator.py
[2023-01-31T13:21:35.735+0000] {processor.py:753} INFO - DAG(s) dict_keys(['example_weekday_branch_operator']) retrieved from /home/airflow/.local/lib/python3.7/site-packages/airflow/example_dags/example_branch_day_of_week_operator.py
[2023-01-31T13:21:35.763+0000] {logging_mixin.py:137} INFO - [2023-01-31T13:21:35.762+0000] {dag.py:2690} INFO - Sync 1 DAGs
[2023-01-31T13:21:35.790+0000] {logging_mixin.py:137} INFO - [2023-01-31T13:21:35.789+0000] {dag.py:3441} INFO - Setting next_dagrun for example_weekday_branch_operator to 2023-01-30T00:00:00+00:00, run_after=2023-01-31T00:00:00+00:00
[2023-01-31T13:21:35.825+0000] {processor.py:175} INFO - Processing /home/airflow/.local/lib/python3.7/site-packages/airflow/example_dags/example_branch_day_of_week_operator.py took 0.112 seconds
[2023-01-31T13:22:07.310+0000] {processor.py:153} INFO - Started process (PID=2863) to work on /home/airflow/.local/lib/python3.7/site-packages/airflow/example_dags/example_branch_day_of_week_operator.py
[2023-01-31T13:22:07.311+0000] {processor.py:743} INFO - Processing file /home/airflow/.local/lib/python3.7/site-packages/airflow/example_dags/example_branch_day_of_week_operator.py for tasks to queue
[2023-01-31T13:22:07.312+0000] {logging_mixin.py:137} INFO - [2023-01-31T13:22:07.312+0000] {dagbag.py:538} INFO - Filling up the DagBag from /home/airflow/.local/lib/python3.7/site-packages/airflow/example_dags/example_branch_day_of_week_operator.py
[2023-01-31T13:22:07.338+0000] {processor.py:753} INFO - DAG(s) dict_keys(['example_weekday_branch_operator']) retrieved from /home/airflow/.local/lib/python3.7/site-packages/airflow/example_dags/example_branch_day_of_week_operator.py
[2023-01-31T13:22:07.418+0000] {logging_mixin.py:137} INFO - [2023-01-31T13:22:07.417+0000] {dag.py:2690} INFO - Sync 1 DAGs
[2023-01-31T13:22:07.467+0000] {logging_mixin.py:137} INFO - [2023-01-31T13:22:07.467+0000] {dag.py:3441} INFO - Setting next_dagrun for example_weekday_branch_operator to 2023-01-30T00:00:00+00:00, run_after=2023-01-31T00:00:00+00:00
[2023-01-31T13:22:07.500+0000] {processor.py:175} INFO - Processing /home/airflow/.local/lib/python3.7/site-packages/airflow/example_dags/example_branch_day_of_week_operator.py took 0.197 seconds
[2023-01-31T13:22:38.103+0000] {processor.py:153} INFO - Started process (PID=2932) to work on /home/airflow/.local/lib/python3.7/site-packages/airflow/example_dags/example_branch_day_of_week_operator.py
[2023-01-31T13:22:38.104+0000] {processor.py:743} INFO - Processing file /home/airflow/.local/lib/python3.7/site-packages/airflow/example_dags/example_branch_day_of_week_operator.py for tasks to queue
[2023-01-31T13:22:38.104+0000] {logging_mixin.py:137} INFO - [2023-01-31T13:22:38.104+0000] {dagbag.py:538} INFO - Filling up the DagBag from /home/airflow/.local/lib/python3.7/site-packages/airflow/example_dags/example_branch_day_of_week_operator.py
[2023-01-31T13:22:38.122+0000] {processor.py:753} INFO - DAG(s) dict_keys(['example_weekday_branch_operator']) retrieved from /home/airflow/.local/lib/python3.7/site-packages/airflow/example_dags/example_branch_day_of_week_operator.py
[2023-01-31T13:22:38.149+0000] {logging_mixin.py:137} INFO - [2023-01-31T13:22:38.149+0000] {dag.py:2690} INFO - Sync 1 DAGs
[2023-01-31T13:22:38.180+0000] {logging_mixin.py:137} INFO - [2023-01-31T13:22:38.180+0000] {dag.py:3441} INFO - Setting next_dagrun for example_weekday_branch_operator to 2023-01-30T00:00:00+00:00, run_after=2023-01-31T00:00:00+00:00
[2023-01-31T13:22:38.207+0000] {processor.py:175} INFO - Processing /home/airflow/.local/lib/python3.7/site-packages/airflow/example_dags/example_branch_day_of_week_operator.py took 0.108 seconds
[2023-01-31T13:23:08.543+0000] {processor.py:153} INFO - Started process (PID=2998) to work on /home/airflow/.local/lib/python3.7/site-packages/airflow/example_dags/example_branch_day_of_week_operator.py
[2023-01-31T13:23:08.544+0000] {processor.py:743} INFO - Processing file /home/airflow/.local/lib/python3.7/site-packages/airflow/example_dags/example_branch_day_of_week_operator.py for tasks to queue
[2023-01-31T13:23:08.545+0000] {logging_mixin.py:137} INFO - [2023-01-31T13:23:08.545+0000] {dagbag.py:538} INFO - Filling up the DagBag from /home/airflow/.local/lib/python3.7/site-packages/airflow/example_dags/example_branch_day_of_week_operator.py
[2023-01-31T13:23:08.568+0000] {processor.py:753} INFO - DAG(s) dict_keys(['example_weekday_branch_operator']) retrieved from /home/airflow/.local/lib/python3.7/site-packages/airflow/example_dags/example_branch_day_of_week_operator.py
[2023-01-31T13:23:08.600+0000] {logging_mixin.py:137} INFO - [2023-01-31T13:23:08.599+0000] {dag.py:2690} INFO - Sync 1 DAGs
[2023-01-31T13:23:08.641+0000] {logging_mixin.py:137} INFO - [2023-01-31T13:23:08.641+0000] {dag.py:3441} INFO - Setting next_dagrun for example_weekday_branch_operator to 2023-01-30T00:00:00+00:00, run_after=2023-01-31T00:00:00+00:00
[2023-01-31T13:23:08.691+0000] {processor.py:175} INFO - Processing /home/airflow/.local/lib/python3.7/site-packages/airflow/example_dags/example_branch_day_of_week_operator.py took 0.154 seconds
[2023-01-31T13:23:38.927+0000] {processor.py:153} INFO - Started process (PID=3075) to work on /home/airflow/.local/lib/python3.7/site-packages/airflow/example_dags/example_branch_day_of_week_operator.py
[2023-01-31T13:23:38.928+0000] {processor.py:743} INFO - Processing file /home/airflow/.local/lib/python3.7/site-packages/airflow/example_dags/example_branch_day_of_week_operator.py for tasks to queue
[2023-01-31T13:23:38.929+0000] {logging_mixin.py:137} INFO - [2023-01-31T13:23:38.928+0000] {dagbag.py:538} INFO - Filling up the DagBag from /home/airflow/.local/lib/python3.7/site-packages/airflow/example_dags/example_branch_day_of_week_operator.py
[2023-01-31T13:23:38.946+0000] {processor.py:753} INFO - DAG(s) dict_keys(['example_weekday_branch_operator']) retrieved from /home/airflow/.local/lib/python3.7/site-packages/airflow/example_dags/example_branch_day_of_week_operator.py
[2023-01-31T13:23:38.973+0000] {logging_mixin.py:137} INFO - [2023-01-31T13:23:38.973+0000] {dag.py:2690} INFO - Sync 1 DAGs
[2023-01-31T13:23:39.005+0000] {logging_mixin.py:137} INFO - [2023-01-31T13:23:39.005+0000] {dag.py:3441} INFO - Setting next_dagrun for example_weekday_branch_operator to 2023-01-30T00:00:00+00:00, run_after=2023-01-31T00:00:00+00:00
[2023-01-31T13:23:39.041+0000] {processor.py:175} INFO - Processing /home/airflow/.local/lib/python3.7/site-packages/airflow/example_dags/example_branch_day_of_week_operator.py took 0.118 seconds
[2023-01-31T13:24:09.613+0000] {processor.py:153} INFO - Started process (PID=3140) to work on /home/airflow/.local/lib/python3.7/site-packages/airflow/example_dags/example_branch_day_of_week_operator.py
[2023-01-31T13:24:09.615+0000] {processor.py:743} INFO - Processing file /home/airflow/.local/lib/python3.7/site-packages/airflow/example_dags/example_branch_day_of_week_operator.py for tasks to queue
[2023-01-31T13:24:09.616+0000] {logging_mixin.py:137} INFO - [2023-01-31T13:24:09.616+0000] {dagbag.py:538} INFO - Filling up the DagBag from /home/airflow/.local/lib/python3.7/site-packages/airflow/example_dags/example_branch_day_of_week_operator.py
[2023-01-31T13:24:09.640+0000] {processor.py:753} INFO - DAG(s) dict_keys(['example_weekday_branch_operator']) retrieved from /home/airflow/.local/lib/python3.7/site-packages/airflow/example_dags/example_branch_day_of_week_operator.py
[2023-01-31T13:24:09.679+0000] {logging_mixin.py:137} INFO - [2023-01-31T13:24:09.679+0000] {dag.py:2690} INFO - Sync 1 DAGs
[2023-01-31T13:24:09.721+0000] {logging_mixin.py:137} INFO - [2023-01-31T13:24:09.721+0000] {dag.py:3441} INFO - Setting next_dagrun for example_weekday_branch_operator to 2023-01-30T00:00:00+00:00, run_after=2023-01-31T00:00:00+00:00
[2023-01-31T13:24:09.754+0000] {processor.py:175} INFO - Processing /home/airflow/.local/lib/python3.7/site-packages/airflow/example_dags/example_branch_day_of_week_operator.py took 0.147 seconds
[2023-01-31T13:24:40.292+0000] {processor.py:153} INFO - Started process (PID=3218) to work on /home/airflow/.local/lib/python3.7/site-packages/airflow/example_dags/example_branch_day_of_week_operator.py
[2023-01-31T13:24:40.293+0000] {processor.py:743} INFO - Processing file /home/airflow/.local/lib/python3.7/site-packages/airflow/example_dags/example_branch_day_of_week_operator.py for tasks to queue
[2023-01-31T13:24:40.294+0000] {logging_mixin.py:137} INFO - [2023-01-31T13:24:40.294+0000] {dagbag.py:538} INFO - Filling up the DagBag from /home/airflow/.local/lib/python3.7/site-packages/airflow/example_dags/example_branch_day_of_week_operator.py
[2023-01-31T13:24:40.312+0000] {processor.py:753} INFO - DAG(s) dict_keys(['example_weekday_branch_operator']) retrieved from /home/airflow/.local/lib/python3.7/site-packages/airflow/example_dags/example_branch_day_of_week_operator.py
[2023-01-31T13:24:40.339+0000] {logging_mixin.py:137} INFO - [2023-01-31T13:24:40.339+0000] {dag.py:2690} INFO - Sync 1 DAGs
[2023-01-31T13:24:40.372+0000] {logging_mixin.py:137} INFO - [2023-01-31T13:24:40.372+0000] {dag.py:3441} INFO - Setting next_dagrun for example_weekday_branch_operator to 2023-01-30T00:00:00+00:00, run_after=2023-01-31T00:00:00+00:00
[2023-01-31T13:24:40.403+0000] {processor.py:175} INFO - Processing /home/airflow/.local/lib/python3.7/site-packages/airflow/example_dags/example_branch_day_of_week_operator.py took 0.115 seconds
[2023-01-31T13:25:11.535+0000] {processor.py:153} INFO - Started process (PID=3283) to work on /home/airflow/.local/lib/python3.7/site-packages/airflow/example_dags/example_branch_day_of_week_operator.py
[2023-01-31T13:25:11.536+0000] {processor.py:743} INFO - Processing file /home/airflow/.local/lib/python3.7/site-packages/airflow/example_dags/example_branch_day_of_week_operator.py for tasks to queue
[2023-01-31T13:25:11.537+0000] {logging_mixin.py:137} INFO - [2023-01-31T13:25:11.537+0000] {dagbag.py:538} INFO - Filling up the DagBag from /home/airflow/.local/lib/python3.7/site-packages/airflow/example_dags/example_branch_day_of_week_operator.py
[2023-01-31T13:25:11.560+0000] {processor.py:753} INFO - DAG(s) dict_keys(['example_weekday_branch_operator']) retrieved from /home/airflow/.local/lib/python3.7/site-packages/airflow/example_dags/example_branch_day_of_week_operator.py
[2023-01-31T13:25:11.603+0000] {logging_mixin.py:137} INFO - [2023-01-31T13:25:11.602+0000] {dag.py:2690} INFO - Sync 1 DAGs
[2023-01-31T13:25:11.646+0000] {logging_mixin.py:137} INFO - [2023-01-31T13:25:11.646+0000] {dag.py:3441} INFO - Setting next_dagrun for example_weekday_branch_operator to 2023-01-30T00:00:00+00:00, run_after=2023-01-31T00:00:00+00:00
[2023-01-31T13:25:11.678+0000] {processor.py:175} INFO - Processing /home/airflow/.local/lib/python3.7/site-packages/airflow/example_dags/example_branch_day_of_week_operator.py took 0.149 seconds
[2023-01-31T13:25:42.136+0000] {processor.py:153} INFO - Started process (PID=3361) to work on /home/airflow/.local/lib/python3.7/site-packages/airflow/example_dags/example_branch_day_of_week_operator.py
[2023-01-31T13:25:42.137+0000] {processor.py:743} INFO - Processing file /home/airflow/.local/lib/python3.7/site-packages/airflow/example_dags/example_branch_day_of_week_operator.py for tasks to queue
[2023-01-31T13:25:42.138+0000] {logging_mixin.py:137} INFO - [2023-01-31T13:25:42.137+0000] {dagbag.py:538} INFO - Filling up the DagBag from /home/airflow/.local/lib/python3.7/site-packages/airflow/example_dags/example_branch_day_of_week_operator.py
[2023-01-31T13:25:42.155+0000] {processor.py:753} INFO - DAG(s) dict_keys(['example_weekday_branch_operator']) retrieved from /home/airflow/.local/lib/python3.7/site-packages/airflow/example_dags/example_branch_day_of_week_operator.py
[2023-01-31T13:25:42.182+0000] {logging_mixin.py:137} INFO - [2023-01-31T13:25:42.181+0000] {dag.py:2690} INFO - Sync 1 DAGs
[2023-01-31T13:25:42.214+0000] {logging_mixin.py:137} INFO - [2023-01-31T13:25:42.213+0000] {dag.py:3441} INFO - Setting next_dagrun for example_weekday_branch_operator to 2023-01-30T00:00:00+00:00, run_after=2023-01-31T00:00:00+00:00
[2023-01-31T13:25:42.245+0000] {processor.py:175} INFO - Processing /home/airflow/.local/lib/python3.7/site-packages/airflow/example_dags/example_branch_day_of_week_operator.py took 0.114 seconds
[2023-01-31T13:26:13.282+0000] {processor.py:153} INFO - Started process (PID=3427) to work on /home/airflow/.local/lib/python3.7/site-packages/airflow/example_dags/example_branch_day_of_week_operator.py
[2023-01-31T13:26:13.283+0000] {processor.py:743} INFO - Processing file /home/airflow/.local/lib/python3.7/site-packages/airflow/example_dags/example_branch_day_of_week_operator.py for tasks to queue
[2023-01-31T13:26:13.284+0000] {logging_mixin.py:137} INFO - [2023-01-31T13:26:13.284+0000] {dagbag.py:538} INFO - Filling up the DagBag from /home/airflow/.local/lib/python3.7/site-packages/airflow/example_dags/example_branch_day_of_week_operator.py
[2023-01-31T13:26:13.300+0000] {processor.py:753} INFO - DAG(s) dict_keys(['example_weekday_branch_operator']) retrieved from /home/airflow/.local/lib/python3.7/site-packages/airflow/example_dags/example_branch_day_of_week_operator.py
[2023-01-31T13:26:13.330+0000] {logging_mixin.py:137} INFO - [2023-01-31T13:26:13.330+0000] {dag.py:2690} INFO - Sync 1 DAGs
[2023-01-31T13:26:13.373+0000] {logging_mixin.py:137} INFO - [2023-01-31T13:26:13.372+0000] {dag.py:3441} INFO - Setting next_dagrun for example_weekday_branch_operator to 2023-01-30T00:00:00+00:00, run_after=2023-01-31T00:00:00+00:00
[2023-01-31T13:26:13.401+0000] {processor.py:175} INFO - Processing /home/airflow/.local/lib/python3.7/site-packages/airflow/example_dags/example_branch_day_of_week_operator.py took 0.123 seconds
[2023-01-31T13:26:43.583+0000] {processor.py:153} INFO - Started process (PID=3505) to work on /home/airflow/.local/lib/python3.7/site-packages/airflow/example_dags/example_branch_day_of_week_operator.py
[2023-01-31T13:26:43.585+0000] {processor.py:743} INFO - Processing file /home/airflow/.local/lib/python3.7/site-packages/airflow/example_dags/example_branch_day_of_week_operator.py for tasks to queue
[2023-01-31T13:26:43.586+0000] {logging_mixin.py:137} INFO - [2023-01-31T13:26:43.585+0000] {dagbag.py:538} INFO - Filling up the DagBag from /home/airflow/.local/lib/python3.7/site-packages/airflow/example_dags/example_branch_day_of_week_operator.py
[2023-01-31T13:26:43.604+0000] {processor.py:753} INFO - DAG(s) dict_keys(['example_weekday_branch_operator']) retrieved from /home/airflow/.local/lib/python3.7/site-packages/airflow/example_dags/example_branch_day_of_week_operator.py
[2023-01-31T13:26:43.631+0000] {logging_mixin.py:137} INFO - [2023-01-31T13:26:43.631+0000] {dag.py:2690} INFO - Sync 1 DAGs
[2023-01-31T13:26:43.661+0000] {logging_mixin.py:137} INFO - [2023-01-31T13:26:43.661+0000] {dag.py:3441} INFO - Setting next_dagrun for example_weekday_branch_operator to 2023-01-30T00:00:00+00:00, run_after=2023-01-31T00:00:00+00:00
[2023-01-31T13:26:43.692+0000] {processor.py:175} INFO - Processing /home/airflow/.local/lib/python3.7/site-packages/airflow/example_dags/example_branch_day_of_week_operator.py took 0.113 seconds
[2023-01-31T13:27:14.611+0000] {processor.py:153} INFO - Started process (PID=3570) to work on /home/airflow/.local/lib/python3.7/site-packages/airflow/example_dags/example_branch_day_of_week_operator.py
[2023-01-31T13:27:14.612+0000] {processor.py:743} INFO - Processing file /home/airflow/.local/lib/python3.7/site-packages/airflow/example_dags/example_branch_day_of_week_operator.py for tasks to queue
[2023-01-31T13:27:14.613+0000] {logging_mixin.py:137} INFO - [2023-01-31T13:27:14.613+0000] {dagbag.py:538} INFO - Filling up the DagBag from /home/airflow/.local/lib/python3.7/site-packages/airflow/example_dags/example_branch_day_of_week_operator.py
[2023-01-31T13:27:14.634+0000] {processor.py:753} INFO - DAG(s) dict_keys(['example_weekday_branch_operator']) retrieved from /home/airflow/.local/lib/python3.7/site-packages/airflow/example_dags/example_branch_day_of_week_operator.py
[2023-01-31T13:27:14.673+0000] {logging_mixin.py:137} INFO - [2023-01-31T13:27:14.673+0000] {dag.py:2690} INFO - Sync 1 DAGs
[2023-01-31T13:27:14.722+0000] {logging_mixin.py:137} INFO - [2023-01-31T13:27:14.722+0000] {dag.py:3441} INFO - Setting next_dagrun for example_weekday_branch_operator to 2023-01-30T00:00:00+00:00, run_after=2023-01-31T00:00:00+00:00
[2023-01-31T13:27:14.769+0000] {processor.py:175} INFO - Processing /home/airflow/.local/lib/python3.7/site-packages/airflow/example_dags/example_branch_day_of_week_operator.py took 0.163 seconds
[2023-01-31T13:27:45.099+0000] {processor.py:153} INFO - Started process (PID=3648) to work on /home/airflow/.local/lib/python3.7/site-packages/airflow/example_dags/example_branch_day_of_week_operator.py
[2023-01-31T13:27:45.100+0000] {processor.py:743} INFO - Processing file /home/airflow/.local/lib/python3.7/site-packages/airflow/example_dags/example_branch_day_of_week_operator.py for tasks to queue
[2023-01-31T13:27:45.101+0000] {logging_mixin.py:137} INFO - [2023-01-31T13:27:45.101+0000] {dagbag.py:538} INFO - Filling up the DagBag from /home/airflow/.local/lib/python3.7/site-packages/airflow/example_dags/example_branch_day_of_week_operator.py
[2023-01-31T13:27:45.117+0000] {processor.py:753} INFO - DAG(s) dict_keys(['example_weekday_branch_operator']) retrieved from /home/airflow/.local/lib/python3.7/site-packages/airflow/example_dags/example_branch_day_of_week_operator.py
[2023-01-31T13:27:45.148+0000] {logging_mixin.py:137} INFO - [2023-01-31T13:27:45.148+0000] {dag.py:2690} INFO - Sync 1 DAGs
[2023-01-31T13:27:45.190+0000] {logging_mixin.py:137} INFO - [2023-01-31T13:27:45.190+0000] {dag.py:3441} INFO - Setting next_dagrun for example_weekday_branch_operator to 2023-01-30T00:00:00+00:00, run_after=2023-01-31T00:00:00+00:00
[2023-01-31T13:27:45.218+0000] {processor.py:175} INFO - Processing /home/airflow/.local/lib/python3.7/site-packages/airflow/example_dags/example_branch_day_of_week_operator.py took 0.124 seconds
[2023-01-31T13:28:15.525+0000] {processor.py:153} INFO - Started process (PID=3715) to work on /home/airflow/.local/lib/python3.7/site-packages/airflow/example_dags/example_branch_day_of_week_operator.py
[2023-01-31T13:28:15.526+0000] {processor.py:743} INFO - Processing file /home/airflow/.local/lib/python3.7/site-packages/airflow/example_dags/example_branch_day_of_week_operator.py for tasks to queue
[2023-01-31T13:28:15.527+0000] {logging_mixin.py:137} INFO - [2023-01-31T13:28:15.527+0000] {dagbag.py:538} INFO - Filling up the DagBag from /home/airflow/.local/lib/python3.7/site-packages/airflow/example_dags/example_branch_day_of_week_operator.py
[2023-01-31T13:28:15.552+0000] {processor.py:753} INFO - DAG(s) dict_keys(['example_weekday_branch_operator']) retrieved from /home/airflow/.local/lib/python3.7/site-packages/airflow/example_dags/example_branch_day_of_week_operator.py
[2023-01-31T13:28:15.588+0000] {logging_mixin.py:137} INFO - [2023-01-31T13:28:15.587+0000] {dag.py:2690} INFO - Sync 1 DAGs
[2023-01-31T13:28:15.627+0000] {logging_mixin.py:137} INFO - [2023-01-31T13:28:15.627+0000] {dag.py:3441} INFO - Setting next_dagrun for example_weekday_branch_operator to 2023-01-30T00:00:00+00:00, run_after=2023-01-31T00:00:00+00:00
[2023-01-31T13:28:15.662+0000] {processor.py:175} INFO - Processing /home/airflow/.local/lib/python3.7/site-packages/airflow/example_dags/example_branch_day_of_week_operator.py took 0.142 seconds
[2023-01-31T13:28:45.750+0000] {processor.py:153} INFO - Started process (PID=3790) to work on /home/airflow/.local/lib/python3.7/site-packages/airflow/example_dags/example_branch_day_of_week_operator.py
[2023-01-31T13:28:45.751+0000] {processor.py:743} INFO - Processing file /home/airflow/.local/lib/python3.7/site-packages/airflow/example_dags/example_branch_day_of_week_operator.py for tasks to queue
[2023-01-31T13:28:45.752+0000] {logging_mixin.py:137} INFO - [2023-01-31T13:28:45.752+0000] {dagbag.py:538} INFO - Filling up the DagBag from /home/airflow/.local/lib/python3.7/site-packages/airflow/example_dags/example_branch_day_of_week_operator.py
[2023-01-31T13:28:45.770+0000] {processor.py:753} INFO - DAG(s) dict_keys(['example_weekday_branch_operator']) retrieved from /home/airflow/.local/lib/python3.7/site-packages/airflow/example_dags/example_branch_day_of_week_operator.py
[2023-01-31T13:28:45.811+0000] {logging_mixin.py:137} INFO - [2023-01-31T13:28:45.811+0000] {dag.py:2690} INFO - Sync 1 DAGs
[2023-01-31T13:28:45.855+0000] {logging_mixin.py:137} INFO - [2023-01-31T13:28:45.854+0000] {dag.py:3441} INFO - Setting next_dagrun for example_weekday_branch_operator to 2023-01-30T00:00:00+00:00, run_after=2023-01-31T00:00:00+00:00
[2023-01-31T13:28:45.888+0000] {processor.py:175} INFO - Processing /home/airflow/.local/lib/python3.7/site-packages/airflow/example_dags/example_branch_day_of_week_operator.py took 0.142 seconds
[2023-01-31T13:29:16.199+0000] {processor.py:153} INFO - Started process (PID=3860) to work on /home/airflow/.local/lib/python3.7/site-packages/airflow/example_dags/example_branch_day_of_week_operator.py
[2023-01-31T13:29:16.201+0000] {processor.py:743} INFO - Processing file /home/airflow/.local/lib/python3.7/site-packages/airflow/example_dags/example_branch_day_of_week_operator.py for tasks to queue
[2023-01-31T13:29:16.202+0000] {logging_mixin.py:137} INFO - [2023-01-31T13:29:16.202+0000] {dagbag.py:538} INFO - Filling up the DagBag from /home/airflow/.local/lib/python3.7/site-packages/airflow/example_dags/example_branch_day_of_week_operator.py
[2023-01-31T13:29:16.227+0000] {processor.py:753} INFO - DAG(s) dict_keys(['example_weekday_branch_operator']) retrieved from /home/airflow/.local/lib/python3.7/site-packages/airflow/example_dags/example_branch_day_of_week_operator.py
[2023-01-31T13:29:16.296+0000] {logging_mixin.py:137} INFO - [2023-01-31T13:29:16.296+0000] {dag.py:2690} INFO - Sync 1 DAGs
[2023-01-31T13:29:16.331+0000] {logging_mixin.py:137} INFO - [2023-01-31T13:29:16.330+0000] {dag.py:3441} INFO - Setting next_dagrun for example_weekday_branch_operator to 2023-01-30T00:00:00+00:00, run_after=2023-01-31T00:00:00+00:00
[2023-01-31T13:29:16.360+0000] {processor.py:175} INFO - Processing /home/airflow/.local/lib/python3.7/site-packages/airflow/example_dags/example_branch_day_of_week_operator.py took 0.166 seconds
[2023-01-31T13:29:46.591+0000] {processor.py:153} INFO - Started process (PID=3925) to work on /home/airflow/.local/lib/python3.7/site-packages/airflow/example_dags/example_branch_day_of_week_operator.py
[2023-01-31T13:29:46.592+0000] {processor.py:743} INFO - Processing file /home/airflow/.local/lib/python3.7/site-packages/airflow/example_dags/example_branch_day_of_week_operator.py for tasks to queue
[2023-01-31T13:29:46.593+0000] {logging_mixin.py:137} INFO - [2023-01-31T13:29:46.593+0000] {dagbag.py:538} INFO - Filling up the DagBag from /home/airflow/.local/lib/python3.7/site-packages/airflow/example_dags/example_branch_day_of_week_operator.py
[2023-01-31T13:29:46.608+0000] {processor.py:753} INFO - DAG(s) dict_keys(['example_weekday_branch_operator']) retrieved from /home/airflow/.local/lib/python3.7/site-packages/airflow/example_dags/example_branch_day_of_week_operator.py
[2023-01-31T13:29:46.643+0000] {logging_mixin.py:137} INFO - [2023-01-31T13:29:46.643+0000] {dag.py:2690} INFO - Sync 1 DAGs
[2023-01-31T13:29:46.682+0000] {logging_mixin.py:137} INFO - [2023-01-31T13:29:46.682+0000] {dag.py:3441} INFO - Setting next_dagrun for example_weekday_branch_operator to 2023-01-30T00:00:00+00:00, run_after=2023-01-31T00:00:00+00:00
[2023-01-31T13:29:46.712+0000] {processor.py:175} INFO - Processing /home/airflow/.local/lib/python3.7/site-packages/airflow/example_dags/example_branch_day_of_week_operator.py took 0.126 seconds
[2023-01-31T13:30:17.213+0000] {processor.py:153} INFO - Started process (PID=4003) to work on /home/airflow/.local/lib/python3.7/site-packages/airflow/example_dags/example_branch_day_of_week_operator.py
[2023-01-31T13:30:17.221+0000] {processor.py:743} INFO - Processing file /home/airflow/.local/lib/python3.7/site-packages/airflow/example_dags/example_branch_day_of_week_operator.py for tasks to queue
[2023-01-31T13:30:17.223+0000] {logging_mixin.py:137} INFO - [2023-01-31T13:30:17.222+0000] {dagbag.py:538} INFO - Filling up the DagBag from /home/airflow/.local/lib/python3.7/site-packages/airflow/example_dags/example_branch_day_of_week_operator.py
[2023-01-31T13:30:17.247+0000] {processor.py:753} INFO - DAG(s) dict_keys(['example_weekday_branch_operator']) retrieved from /home/airflow/.local/lib/python3.7/site-packages/airflow/example_dags/example_branch_day_of_week_operator.py
[2023-01-31T13:30:17.284+0000] {logging_mixin.py:137} INFO - [2023-01-31T13:30:17.283+0000] {dag.py:2690} INFO - Sync 1 DAGs
[2023-01-31T13:30:17.329+0000] {logging_mixin.py:137} INFO - [2023-01-31T13:30:17.328+0000] {dag.py:3441} INFO - Setting next_dagrun for example_weekday_branch_operator to 2023-01-30T00:00:00+00:00, run_after=2023-01-31T00:00:00+00:00
[2023-01-31T13:30:17.359+0000] {processor.py:175} INFO - Processing /home/airflow/.local/lib/python3.7/site-packages/airflow/example_dags/example_branch_day_of_week_operator.py took 0.151 seconds
[2023-01-31T13:30:47.574+0000] {processor.py:153} INFO - Started process (PID=4068) to work on /home/airflow/.local/lib/python3.7/site-packages/airflow/example_dags/example_branch_day_of_week_operator.py
[2023-01-31T13:30:47.575+0000] {processor.py:743} INFO - Processing file /home/airflow/.local/lib/python3.7/site-packages/airflow/example_dags/example_branch_day_of_week_operator.py for tasks to queue
[2023-01-31T13:30:47.576+0000] {logging_mixin.py:137} INFO - [2023-01-31T13:30:47.576+0000] {dagbag.py:538} INFO - Filling up the DagBag from /home/airflow/.local/lib/python3.7/site-packages/airflow/example_dags/example_branch_day_of_week_operator.py
[2023-01-31T13:30:47.600+0000] {processor.py:753} INFO - DAG(s) dict_keys(['example_weekday_branch_operator']) retrieved from /home/airflow/.local/lib/python3.7/site-packages/airflow/example_dags/example_branch_day_of_week_operator.py
[2023-01-31T13:30:47.638+0000] {logging_mixin.py:137} INFO - [2023-01-31T13:30:47.638+0000] {dag.py:2690} INFO - Sync 1 DAGs
[2023-01-31T13:30:47.679+0000] {logging_mixin.py:137} INFO - [2023-01-31T13:30:47.679+0000] {dag.py:3441} INFO - Setting next_dagrun for example_weekday_branch_operator to 2023-01-30T00:00:00+00:00, run_after=2023-01-31T00:00:00+00:00
[2023-01-31T13:30:47.707+0000] {processor.py:175} INFO - Processing /home/airflow/.local/lib/python3.7/site-packages/airflow/example_dags/example_branch_day_of_week_operator.py took 0.139 seconds
[2023-01-31T13:31:18.680+0000] {processor.py:153} INFO - Started process (PID=4145) to work on /home/airflow/.local/lib/python3.7/site-packages/airflow/example_dags/example_branch_day_of_week_operator.py
[2023-01-31T13:31:18.681+0000] {processor.py:743} INFO - Processing file /home/airflow/.local/lib/python3.7/site-packages/airflow/example_dags/example_branch_day_of_week_operator.py for tasks to queue
[2023-01-31T13:31:18.682+0000] {logging_mixin.py:137} INFO - [2023-01-31T13:31:18.682+0000] {dagbag.py:538} INFO - Filling up the DagBag from /home/airflow/.local/lib/python3.7/site-packages/airflow/example_dags/example_branch_day_of_week_operator.py
[2023-01-31T13:31:18.705+0000] {processor.py:753} INFO - DAG(s) dict_keys(['example_weekday_branch_operator']) retrieved from /home/airflow/.local/lib/python3.7/site-packages/airflow/example_dags/example_branch_day_of_week_operator.py
[2023-01-31T13:31:18.739+0000] {logging_mixin.py:137} INFO - [2023-01-31T13:31:18.739+0000] {dag.py:2690} INFO - Sync 1 DAGs
[2023-01-31T13:31:18.779+0000] {logging_mixin.py:137} INFO - [2023-01-31T13:31:18.779+0000] {dag.py:3441} INFO - Setting next_dagrun for example_weekday_branch_operator to 2023-01-30T00:00:00+00:00, run_after=2023-01-31T00:00:00+00:00
[2023-01-31T13:31:18.809+0000] {processor.py:175} INFO - Processing /home/airflow/.local/lib/python3.7/site-packages/airflow/example_dags/example_branch_day_of_week_operator.py took 0.135 seconds
