[2023-01-31T13:02:15.111+0000] {processor.py:153} INFO - Started process (PID=103) to work on /home/airflow/.local/lib/python3.7/site-packages/airflow/example_dags/tutorial_taskflow_api.py
[2023-01-31T13:02:15.112+0000] {processor.py:743} INFO - Processing file /home/airflow/.local/lib/python3.7/site-packages/airflow/example_dags/tutorial_taskflow_api.py for tasks to queue
[2023-01-31T13:02:15.113+0000] {logging_mixin.py:137} INFO - [2023-01-31T13:02:15.113+0000] {dagbag.py:538} INFO - Filling up the DagBag from /home/airflow/.local/lib/python3.7/site-packages/airflow/example_dags/tutorial_taskflow_api.py
[2023-01-31T13:02:15.138+0000] {processor.py:753} INFO - DAG(s) dict_keys(['tutorial_taskflow_api']) retrieved from /home/airflow/.local/lib/python3.7/site-packages/airflow/example_dags/tutorial_taskflow_api.py
[2023-01-31T13:02:15.172+0000] {logging_mixin.py:137} INFO - [2023-01-31T13:02:15.172+0000] {dag.py:2690} INFO - Sync 1 DAGs
[2023-01-31T13:02:15.205+0000] {logging_mixin.py:137} INFO - [2023-01-31T13:02:15.205+0000] {dag.py:3441} INFO - Setting next_dagrun for tutorial_taskflow_api to None, run_after=None
[2023-01-31T13:02:15.237+0000] {processor.py:175} INFO - Processing /home/airflow/.local/lib/python3.7/site-packages/airflow/example_dags/tutorial_taskflow_api.py took 0.130 seconds
[2023-01-31T13:02:45.365+0000] {processor.py:153} INFO - Started process (PID=169) to work on /home/airflow/.local/lib/python3.7/site-packages/airflow/example_dags/tutorial_taskflow_api.py
[2023-01-31T13:02:45.367+0000] {processor.py:743} INFO - Processing file /home/airflow/.local/lib/python3.7/site-packages/airflow/example_dags/tutorial_taskflow_api.py for tasks to queue
[2023-01-31T13:02:45.367+0000] {logging_mixin.py:137} INFO - [2023-01-31T13:02:45.367+0000] {dagbag.py:538} INFO - Filling up the DagBag from /home/airflow/.local/lib/python3.7/site-packages/airflow/example_dags/tutorial_taskflow_api.py
[2023-01-31T13:02:45.391+0000] {processor.py:753} INFO - DAG(s) dict_keys(['tutorial_taskflow_api']) retrieved from /home/airflow/.local/lib/python3.7/site-packages/airflow/example_dags/tutorial_taskflow_api.py
[2023-01-31T13:02:45.420+0000] {logging_mixin.py:137} INFO - [2023-01-31T13:02:45.420+0000] {dag.py:2690} INFO - Sync 1 DAGs
[2023-01-31T13:02:45.446+0000] {logging_mixin.py:137} INFO - [2023-01-31T13:02:45.446+0000] {dag.py:3441} INFO - Setting next_dagrun for tutorial_taskflow_api to None, run_after=None
[2023-01-31T13:02:45.476+0000] {processor.py:175} INFO - Processing /home/airflow/.local/lib/python3.7/site-packages/airflow/example_dags/tutorial_taskflow_api.py took 0.116 seconds
[2023-01-31T13:03:16.235+0000] {processor.py:153} INFO - Started process (PID=246) to work on /home/airflow/.local/lib/python3.7/site-packages/airflow/example_dags/tutorial_taskflow_api.py
[2023-01-31T13:03:16.236+0000] {processor.py:743} INFO - Processing file /home/airflow/.local/lib/python3.7/site-packages/airflow/example_dags/tutorial_taskflow_api.py for tasks to queue
[2023-01-31T13:03:16.236+0000] {logging_mixin.py:137} INFO - [2023-01-31T13:03:16.236+0000] {dagbag.py:538} INFO - Filling up the DagBag from /home/airflow/.local/lib/python3.7/site-packages/airflow/example_dags/tutorial_taskflow_api.py
[2023-01-31T13:03:16.259+0000] {processor.py:753} INFO - DAG(s) dict_keys(['tutorial_taskflow_api']) retrieved from /home/airflow/.local/lib/python3.7/site-packages/airflow/example_dags/tutorial_taskflow_api.py
[2023-01-31T13:03:16.286+0000] {logging_mixin.py:137} INFO - [2023-01-31T13:03:16.285+0000] {dag.py:2690} INFO - Sync 1 DAGs
[2023-01-31T13:03:16.317+0000] {logging_mixin.py:137} INFO - [2023-01-31T13:03:16.317+0000] {dag.py:3441} INFO - Setting next_dagrun for tutorial_taskflow_api to None, run_after=None
[2023-01-31T13:03:16.342+0000] {processor.py:175} INFO - Processing /home/airflow/.local/lib/python3.7/site-packages/airflow/example_dags/tutorial_taskflow_api.py took 0.112 seconds
[2023-01-31T13:03:46.384+0000] {processor.py:153} INFO - Started process (PID=313) to work on /home/airflow/.local/lib/python3.7/site-packages/airflow/example_dags/tutorial_taskflow_api.py
[2023-01-31T13:03:46.385+0000] {processor.py:743} INFO - Processing file /home/airflow/.local/lib/python3.7/site-packages/airflow/example_dags/tutorial_taskflow_api.py for tasks to queue
[2023-01-31T13:03:46.386+0000] {logging_mixin.py:137} INFO - [2023-01-31T13:03:46.386+0000] {dagbag.py:538} INFO - Filling up the DagBag from /home/airflow/.local/lib/python3.7/site-packages/airflow/example_dags/tutorial_taskflow_api.py
[2023-01-31T13:03:46.409+0000] {processor.py:753} INFO - DAG(s) dict_keys(['tutorial_taskflow_api']) retrieved from /home/airflow/.local/lib/python3.7/site-packages/airflow/example_dags/tutorial_taskflow_api.py
[2023-01-31T13:03:46.434+0000] {logging_mixin.py:137} INFO - [2023-01-31T13:03:46.433+0000] {dag.py:2690} INFO - Sync 1 DAGs
[2023-01-31T13:03:46.459+0000] {logging_mixin.py:137} INFO - [2023-01-31T13:03:46.459+0000] {dag.py:3441} INFO - Setting next_dagrun for tutorial_taskflow_api to None, run_after=None
[2023-01-31T13:03:46.485+0000] {processor.py:175} INFO - Processing /home/airflow/.local/lib/python3.7/site-packages/airflow/example_dags/tutorial_taskflow_api.py took 0.104 seconds
[2023-01-31T13:04:17.439+0000] {processor.py:153} INFO - Started process (PID=391) to work on /home/airflow/.local/lib/python3.7/site-packages/airflow/example_dags/tutorial_taskflow_api.py
[2023-01-31T13:04:17.440+0000] {processor.py:743} INFO - Processing file /home/airflow/.local/lib/python3.7/site-packages/airflow/example_dags/tutorial_taskflow_api.py for tasks to queue
[2023-01-31T13:04:17.441+0000] {logging_mixin.py:137} INFO - [2023-01-31T13:04:17.441+0000] {dagbag.py:538} INFO - Filling up the DagBag from /home/airflow/.local/lib/python3.7/site-packages/airflow/example_dags/tutorial_taskflow_api.py
[2023-01-31T13:04:17.474+0000] {processor.py:753} INFO - DAG(s) dict_keys(['tutorial_taskflow_api']) retrieved from /home/airflow/.local/lib/python3.7/site-packages/airflow/example_dags/tutorial_taskflow_api.py
[2023-01-31T13:04:17.537+0000] {logging_mixin.py:137} INFO - [2023-01-31T13:04:17.536+0000] {dag.py:2690} INFO - Sync 1 DAGs
[2023-01-31T13:04:17.581+0000] {logging_mixin.py:137} INFO - [2023-01-31T13:04:17.580+0000] {dag.py:3441} INFO - Setting next_dagrun for tutorial_taskflow_api to None, run_after=None
[2023-01-31T13:04:17.614+0000] {processor.py:175} INFO - Processing /home/airflow/.local/lib/python3.7/site-packages/airflow/example_dags/tutorial_taskflow_api.py took 0.182 seconds
[2023-01-31T13:04:47.942+0000] {processor.py:153} INFO - Started process (PID=456) to work on /home/airflow/.local/lib/python3.7/site-packages/airflow/example_dags/tutorial_taskflow_api.py
[2023-01-31T13:04:47.943+0000] {processor.py:743} INFO - Processing file /home/airflow/.local/lib/python3.7/site-packages/airflow/example_dags/tutorial_taskflow_api.py for tasks to queue
[2023-01-31T13:04:47.944+0000] {logging_mixin.py:137} INFO - [2023-01-31T13:04:47.944+0000] {dagbag.py:538} INFO - Filling up the DagBag from /home/airflow/.local/lib/python3.7/site-packages/airflow/example_dags/tutorial_taskflow_api.py
[2023-01-31T13:04:47.970+0000] {processor.py:753} INFO - DAG(s) dict_keys(['tutorial_taskflow_api']) retrieved from /home/airflow/.local/lib/python3.7/site-packages/airflow/example_dags/tutorial_taskflow_api.py
[2023-01-31T13:04:48.009+0000] {logging_mixin.py:137} INFO - [2023-01-31T13:04:48.009+0000] {dag.py:2690} INFO - Sync 1 DAGs
[2023-01-31T13:04:48.043+0000] {logging_mixin.py:137} INFO - [2023-01-31T13:04:48.042+0000] {dag.py:3441} INFO - Setting next_dagrun for tutorial_taskflow_api to None, run_after=None
[2023-01-31T13:04:48.093+0000] {processor.py:175} INFO - Processing /home/airflow/.local/lib/python3.7/site-packages/airflow/example_dags/tutorial_taskflow_api.py took 0.156 seconds
[2023-01-31T13:05:18.355+0000] {processor.py:153} INFO - Started process (PID=528) to work on /home/airflow/.local/lib/python3.7/site-packages/airflow/example_dags/tutorial_taskflow_api.py
[2023-01-31T13:05:18.356+0000] {processor.py:743} INFO - Processing file /home/airflow/.local/lib/python3.7/site-packages/airflow/example_dags/tutorial_taskflow_api.py for tasks to queue
[2023-01-31T13:05:18.357+0000] {logging_mixin.py:137} INFO - [2023-01-31T13:05:18.357+0000] {dagbag.py:538} INFO - Filling up the DagBag from /home/airflow/.local/lib/python3.7/site-packages/airflow/example_dags/tutorial_taskflow_api.py
[2023-01-31T13:05:18.389+0000] {processor.py:753} INFO - DAG(s) dict_keys(['tutorial_taskflow_api']) retrieved from /home/airflow/.local/lib/python3.7/site-packages/airflow/example_dags/tutorial_taskflow_api.py
[2023-01-31T13:05:18.450+0000] {logging_mixin.py:137} INFO - [2023-01-31T13:05:18.450+0000] {dag.py:2690} INFO - Sync 1 DAGs
[2023-01-31T13:05:18.490+0000] {logging_mixin.py:137} INFO - [2023-01-31T13:05:18.490+0000] {dag.py:3441} INFO - Setting next_dagrun for tutorial_taskflow_api to None, run_after=None
[2023-01-31T13:05:18.534+0000] {processor.py:175} INFO - Processing /home/airflow/.local/lib/python3.7/site-packages/airflow/example_dags/tutorial_taskflow_api.py took 0.183 seconds
[2023-01-31T13:05:48.673+0000] {processor.py:153} INFO - Started process (PID=599) to work on /home/airflow/.local/lib/python3.7/site-packages/airflow/example_dags/tutorial_taskflow_api.py
[2023-01-31T13:05:48.674+0000] {processor.py:743} INFO - Processing file /home/airflow/.local/lib/python3.7/site-packages/airflow/example_dags/tutorial_taskflow_api.py for tasks to queue
[2023-01-31T13:05:48.675+0000] {logging_mixin.py:137} INFO - [2023-01-31T13:05:48.674+0000] {dagbag.py:538} INFO - Filling up the DagBag from /home/airflow/.local/lib/python3.7/site-packages/airflow/example_dags/tutorial_taskflow_api.py
[2023-01-31T13:05:48.697+0000] {processor.py:753} INFO - DAG(s) dict_keys(['tutorial_taskflow_api']) retrieved from /home/airflow/.local/lib/python3.7/site-packages/airflow/example_dags/tutorial_taskflow_api.py
[2023-01-31T13:05:48.727+0000] {logging_mixin.py:137} INFO - [2023-01-31T13:05:48.727+0000] {dag.py:2690} INFO - Sync 1 DAGs
[2023-01-31T13:05:48.785+0000] {logging_mixin.py:137} INFO - [2023-01-31T13:05:48.785+0000] {dag.py:3441} INFO - Setting next_dagrun for tutorial_taskflow_api to None, run_after=None
[2023-01-31T13:05:48.821+0000] {processor.py:175} INFO - Processing /home/airflow/.local/lib/python3.7/site-packages/airflow/example_dags/tutorial_taskflow_api.py took 0.152 seconds
[2023-01-31T13:06:18.992+0000] {processor.py:153} INFO - Started process (PID=666) to work on /home/airflow/.local/lib/python3.7/site-packages/airflow/example_dags/tutorial_taskflow_api.py
[2023-01-31T13:06:18.993+0000] {processor.py:743} INFO - Processing file /home/airflow/.local/lib/python3.7/site-packages/airflow/example_dags/tutorial_taskflow_api.py for tasks to queue
[2023-01-31T13:06:18.994+0000] {logging_mixin.py:137} INFO - [2023-01-31T13:06:18.994+0000] {dagbag.py:538} INFO - Filling up the DagBag from /home/airflow/.local/lib/python3.7/site-packages/airflow/example_dags/tutorial_taskflow_api.py
[2023-01-31T13:06:19.015+0000] {processor.py:753} INFO - DAG(s) dict_keys(['tutorial_taskflow_api']) retrieved from /home/airflow/.local/lib/python3.7/site-packages/airflow/example_dags/tutorial_taskflow_api.py
[2023-01-31T13:06:19.048+0000] {logging_mixin.py:137} INFO - [2023-01-31T13:06:19.048+0000] {dag.py:2690} INFO - Sync 1 DAGs
[2023-01-31T13:06:19.085+0000] {logging_mixin.py:137} INFO - [2023-01-31T13:06:19.084+0000] {dag.py:3441} INFO - Setting next_dagrun for tutorial_taskflow_api to None, run_after=None
[2023-01-31T13:06:19.120+0000] {processor.py:175} INFO - Processing /home/airflow/.local/lib/python3.7/site-packages/airflow/example_dags/tutorial_taskflow_api.py took 0.132 seconds
[2023-01-31T13:06:49.943+0000] {processor.py:153} INFO - Started process (PID=744) to work on /home/airflow/.local/lib/python3.7/site-packages/airflow/example_dags/tutorial_taskflow_api.py
[2023-01-31T13:06:49.945+0000] {processor.py:743} INFO - Processing file /home/airflow/.local/lib/python3.7/site-packages/airflow/example_dags/tutorial_taskflow_api.py for tasks to queue
[2023-01-31T13:06:49.946+0000] {logging_mixin.py:137} INFO - [2023-01-31T13:06:49.946+0000] {dagbag.py:538} INFO - Filling up the DagBag from /home/airflow/.local/lib/python3.7/site-packages/airflow/example_dags/tutorial_taskflow_api.py
[2023-01-31T13:06:49.977+0000] {processor.py:753} INFO - DAG(s) dict_keys(['tutorial_taskflow_api']) retrieved from /home/airflow/.local/lib/python3.7/site-packages/airflow/example_dags/tutorial_taskflow_api.py
[2023-01-31T13:06:50.009+0000] {logging_mixin.py:137} INFO - [2023-01-31T13:06:50.009+0000] {dag.py:2690} INFO - Sync 1 DAGs
[2023-01-31T13:06:50.034+0000] {logging_mixin.py:137} INFO - [2023-01-31T13:06:50.034+0000] {dag.py:3441} INFO - Setting next_dagrun for tutorial_taskflow_api to None, run_after=None
[2023-01-31T13:06:50.065+0000] {processor.py:175} INFO - Processing /home/airflow/.local/lib/python3.7/site-packages/airflow/example_dags/tutorial_taskflow_api.py took 0.129 seconds
[2023-01-31T13:07:20.360+0000] {processor.py:153} INFO - Started process (PID=810) to work on /home/airflow/.local/lib/python3.7/site-packages/airflow/example_dags/tutorial_taskflow_api.py
[2023-01-31T13:07:20.361+0000] {processor.py:743} INFO - Processing file /home/airflow/.local/lib/python3.7/site-packages/airflow/example_dags/tutorial_taskflow_api.py for tasks to queue
[2023-01-31T13:07:20.362+0000] {logging_mixin.py:137} INFO - [2023-01-31T13:07:20.362+0000] {dagbag.py:538} INFO - Filling up the DagBag from /home/airflow/.local/lib/python3.7/site-packages/airflow/example_dags/tutorial_taskflow_api.py
[2023-01-31T13:07:20.384+0000] {processor.py:753} INFO - DAG(s) dict_keys(['tutorial_taskflow_api']) retrieved from /home/airflow/.local/lib/python3.7/site-packages/airflow/example_dags/tutorial_taskflow_api.py
[2023-01-31T13:07:20.418+0000] {logging_mixin.py:137} INFO - [2023-01-31T13:07:20.418+0000] {dag.py:2690} INFO - Sync 1 DAGs
[2023-01-31T13:07:20.451+0000] {logging_mixin.py:137} INFO - [2023-01-31T13:07:20.451+0000] {dag.py:3441} INFO - Setting next_dagrun for tutorial_taskflow_api to None, run_after=None
[2023-01-31T13:07:20.481+0000] {processor.py:175} INFO - Processing /home/airflow/.local/lib/python3.7/site-packages/airflow/example_dags/tutorial_taskflow_api.py took 0.126 seconds
[2023-01-31T13:07:51.473+0000] {processor.py:153} INFO - Started process (PID=888) to work on /home/airflow/.local/lib/python3.7/site-packages/airflow/example_dags/tutorial_taskflow_api.py
[2023-01-31T13:07:51.474+0000] {processor.py:743} INFO - Processing file /home/airflow/.local/lib/python3.7/site-packages/airflow/example_dags/tutorial_taskflow_api.py for tasks to queue
[2023-01-31T13:07:51.475+0000] {logging_mixin.py:137} INFO - [2023-01-31T13:07:51.475+0000] {dagbag.py:538} INFO - Filling up the DagBag from /home/airflow/.local/lib/python3.7/site-packages/airflow/example_dags/tutorial_taskflow_api.py
[2023-01-31T13:07:51.505+0000] {processor.py:753} INFO - DAG(s) dict_keys(['tutorial_taskflow_api']) retrieved from /home/airflow/.local/lib/python3.7/site-packages/airflow/example_dags/tutorial_taskflow_api.py
[2023-01-31T13:07:51.542+0000] {logging_mixin.py:137} INFO - [2023-01-31T13:07:51.542+0000] {dag.py:2690} INFO - Sync 1 DAGs
[2023-01-31T13:07:51.585+0000] {logging_mixin.py:137} INFO - [2023-01-31T13:07:51.585+0000] {dag.py:3441} INFO - Setting next_dagrun for tutorial_taskflow_api to None, run_after=None
[2023-01-31T13:07:51.620+0000] {processor.py:175} INFO - Processing /home/airflow/.local/lib/python3.7/site-packages/airflow/example_dags/tutorial_taskflow_api.py took 0.152 seconds
[2023-01-31T13:08:22.430+0000] {processor.py:153} INFO - Started process (PID=954) to work on /home/airflow/.local/lib/python3.7/site-packages/airflow/example_dags/tutorial_taskflow_api.py
[2023-01-31T13:08:22.431+0000] {processor.py:743} INFO - Processing file /home/airflow/.local/lib/python3.7/site-packages/airflow/example_dags/tutorial_taskflow_api.py for tasks to queue
[2023-01-31T13:08:22.432+0000] {logging_mixin.py:137} INFO - [2023-01-31T13:08:22.432+0000] {dagbag.py:538} INFO - Filling up the DagBag from /home/airflow/.local/lib/python3.7/site-packages/airflow/example_dags/tutorial_taskflow_api.py
[2023-01-31T13:08:22.455+0000] {processor.py:753} INFO - DAG(s) dict_keys(['tutorial_taskflow_api']) retrieved from /home/airflow/.local/lib/python3.7/site-packages/airflow/example_dags/tutorial_taskflow_api.py
[2023-01-31T13:08:22.488+0000] {logging_mixin.py:137} INFO - [2023-01-31T13:08:22.488+0000] {dag.py:2690} INFO - Sync 1 DAGs
[2023-01-31T13:08:22.523+0000] {logging_mixin.py:137} INFO - [2023-01-31T13:08:22.523+0000] {dag.py:3441} INFO - Setting next_dagrun for tutorial_taskflow_api to None, run_after=None
[2023-01-31T13:08:22.550+0000] {processor.py:175} INFO - Processing /home/airflow/.local/lib/python3.7/site-packages/airflow/example_dags/tutorial_taskflow_api.py took 0.124 seconds
[2023-01-31T13:08:52.649+0000] {processor.py:153} INFO - Started process (PID=1019) to work on /home/airflow/.local/lib/python3.7/site-packages/airflow/example_dags/tutorial_taskflow_api.py
[2023-01-31T13:08:52.650+0000] {processor.py:743} INFO - Processing file /home/airflow/.local/lib/python3.7/site-packages/airflow/example_dags/tutorial_taskflow_api.py for tasks to queue
[2023-01-31T13:08:52.651+0000] {logging_mixin.py:137} INFO - [2023-01-31T13:08:52.651+0000] {dagbag.py:538} INFO - Filling up the DagBag from /home/airflow/.local/lib/python3.7/site-packages/airflow/example_dags/tutorial_taskflow_api.py
[2023-01-31T13:08:52.682+0000] {processor.py:753} INFO - DAG(s) dict_keys(['tutorial_taskflow_api']) retrieved from /home/airflow/.local/lib/python3.7/site-packages/airflow/example_dags/tutorial_taskflow_api.py
[2023-01-31T13:08:52.708+0000] {logging_mixin.py:137} INFO - [2023-01-31T13:08:52.708+0000] {dag.py:2690} INFO - Sync 1 DAGs
[2023-01-31T13:08:52.733+0000] {logging_mixin.py:137} INFO - [2023-01-31T13:08:52.733+0000] {dag.py:3441} INFO - Setting next_dagrun for tutorial_taskflow_api to None, run_after=None
[2023-01-31T13:08:52.769+0000] {processor.py:175} INFO - Processing /home/airflow/.local/lib/python3.7/site-packages/airflow/example_dags/tutorial_taskflow_api.py took 0.125 seconds
[2023-01-31T13:09:23.241+0000] {processor.py:153} INFO - Started process (PID=1096) to work on /home/airflow/.local/lib/python3.7/site-packages/airflow/example_dags/tutorial_taskflow_api.py
[2023-01-31T13:09:23.242+0000] {processor.py:743} INFO - Processing file /home/airflow/.local/lib/python3.7/site-packages/airflow/example_dags/tutorial_taskflow_api.py for tasks to queue
[2023-01-31T13:09:23.243+0000] {logging_mixin.py:137} INFO - [2023-01-31T13:09:23.243+0000] {dagbag.py:538} INFO - Filling up the DagBag from /home/airflow/.local/lib/python3.7/site-packages/airflow/example_dags/tutorial_taskflow_api.py
[2023-01-31T13:09:23.275+0000] {processor.py:753} INFO - DAG(s) dict_keys(['tutorial_taskflow_api']) retrieved from /home/airflow/.local/lib/python3.7/site-packages/airflow/example_dags/tutorial_taskflow_api.py
[2023-01-31T13:09:23.307+0000] {logging_mixin.py:137} INFO - [2023-01-31T13:09:23.307+0000] {dag.py:2690} INFO - Sync 1 DAGs
[2023-01-31T13:09:23.345+0000] {logging_mixin.py:137} INFO - [2023-01-31T13:09:23.344+0000] {dag.py:3441} INFO - Setting next_dagrun for tutorial_taskflow_api to None, run_after=None
[2023-01-31T13:09:23.379+0000] {processor.py:175} INFO - Processing /home/airflow/.local/lib/python3.7/site-packages/airflow/example_dags/tutorial_taskflow_api.py took 0.141 seconds
[2023-01-31T13:09:54.229+0000] {processor.py:153} INFO - Started process (PID=1161) to work on /home/airflow/.local/lib/python3.7/site-packages/airflow/example_dags/tutorial_taskflow_api.py
[2023-01-31T13:09:54.230+0000] {processor.py:743} INFO - Processing file /home/airflow/.local/lib/python3.7/site-packages/airflow/example_dags/tutorial_taskflow_api.py for tasks to queue
[2023-01-31T13:09:54.230+0000] {logging_mixin.py:137} INFO - [2023-01-31T13:09:54.230+0000] {dagbag.py:538} INFO - Filling up the DagBag from /home/airflow/.local/lib/python3.7/site-packages/airflow/example_dags/tutorial_taskflow_api.py
[2023-01-31T13:09:54.251+0000] {processor.py:753} INFO - DAG(s) dict_keys(['tutorial_taskflow_api']) retrieved from /home/airflow/.local/lib/python3.7/site-packages/airflow/example_dags/tutorial_taskflow_api.py
[2023-01-31T13:09:54.277+0000] {logging_mixin.py:137} INFO - [2023-01-31T13:09:54.277+0000] {dag.py:2690} INFO - Sync 1 DAGs
[2023-01-31T13:09:54.303+0000] {logging_mixin.py:137} INFO - [2023-01-31T13:09:54.303+0000] {dag.py:3441} INFO - Setting next_dagrun for tutorial_taskflow_api to None, run_after=None
[2023-01-31T13:09:54.330+0000] {processor.py:175} INFO - Processing /home/airflow/.local/lib/python3.7/site-packages/airflow/example_dags/tutorial_taskflow_api.py took 0.106 seconds
[2023-01-31T13:10:24.994+0000] {processor.py:153} INFO - Started process (PID=1239) to work on /home/airflow/.local/lib/python3.7/site-packages/airflow/example_dags/tutorial_taskflow_api.py
[2023-01-31T13:10:24.995+0000] {processor.py:743} INFO - Processing file /home/airflow/.local/lib/python3.7/site-packages/airflow/example_dags/tutorial_taskflow_api.py for tasks to queue
[2023-01-31T13:10:24.996+0000] {logging_mixin.py:137} INFO - [2023-01-31T13:10:24.995+0000] {dagbag.py:538} INFO - Filling up the DagBag from /home/airflow/.local/lib/python3.7/site-packages/airflow/example_dags/tutorial_taskflow_api.py
[2023-01-31T13:10:25.020+0000] {processor.py:753} INFO - DAG(s) dict_keys(['tutorial_taskflow_api']) retrieved from /home/airflow/.local/lib/python3.7/site-packages/airflow/example_dags/tutorial_taskflow_api.py
[2023-01-31T13:10:25.060+0000] {logging_mixin.py:137} INFO - [2023-01-31T13:10:25.060+0000] {dag.py:2690} INFO - Sync 1 DAGs
[2023-01-31T13:10:25.095+0000] {logging_mixin.py:137} INFO - [2023-01-31T13:10:25.094+0000] {dag.py:3441} INFO - Setting next_dagrun for tutorial_taskflow_api to None, run_after=None
[2023-01-31T13:10:25.125+0000] {processor.py:175} INFO - Processing /home/airflow/.local/lib/python3.7/site-packages/airflow/example_dags/tutorial_taskflow_api.py took 0.138 seconds
[2023-01-31T13:10:55.722+0000] {processor.py:153} INFO - Started process (PID=1305) to work on /home/airflow/.local/lib/python3.7/site-packages/airflow/example_dags/tutorial_taskflow_api.py
[2023-01-31T13:10:55.723+0000] {processor.py:743} INFO - Processing file /home/airflow/.local/lib/python3.7/site-packages/airflow/example_dags/tutorial_taskflow_api.py for tasks to queue
[2023-01-31T13:10:55.724+0000] {logging_mixin.py:137} INFO - [2023-01-31T13:10:55.724+0000] {dagbag.py:538} INFO - Filling up the DagBag from /home/airflow/.local/lib/python3.7/site-packages/airflow/example_dags/tutorial_taskflow_api.py
[2023-01-31T13:10:55.746+0000] {processor.py:753} INFO - DAG(s) dict_keys(['tutorial_taskflow_api']) retrieved from /home/airflow/.local/lib/python3.7/site-packages/airflow/example_dags/tutorial_taskflow_api.py
[2023-01-31T13:10:55.774+0000] {logging_mixin.py:137} INFO - [2023-01-31T13:10:55.774+0000] {dag.py:2690} INFO - Sync 1 DAGs
[2023-01-31T13:10:55.804+0000] {logging_mixin.py:137} INFO - [2023-01-31T13:10:55.804+0000] {dag.py:3441} INFO - Setting next_dagrun for tutorial_taskflow_api to None, run_after=None
[2023-01-31T13:10:55.835+0000] {processor.py:175} INFO - Processing /home/airflow/.local/lib/python3.7/site-packages/airflow/example_dags/tutorial_taskflow_api.py took 0.116 seconds
[2023-01-31T13:11:26.208+0000] {processor.py:153} INFO - Started process (PID=1369) to work on /home/airflow/.local/lib/python3.7/site-packages/airflow/example_dags/tutorial_taskflow_api.py
[2023-01-31T13:11:26.209+0000] {processor.py:743} INFO - Processing file /home/airflow/.local/lib/python3.7/site-packages/airflow/example_dags/tutorial_taskflow_api.py for tasks to queue
[2023-01-31T13:11:26.210+0000] {logging_mixin.py:137} INFO - [2023-01-31T13:11:26.210+0000] {dagbag.py:538} INFO - Filling up the DagBag from /home/airflow/.local/lib/python3.7/site-packages/airflow/example_dags/tutorial_taskflow_api.py
[2023-01-31T13:11:26.237+0000] {processor.py:753} INFO - DAG(s) dict_keys(['tutorial_taskflow_api']) retrieved from /home/airflow/.local/lib/python3.7/site-packages/airflow/example_dags/tutorial_taskflow_api.py
[2023-01-31T13:11:26.272+0000] {logging_mixin.py:137} INFO - [2023-01-31T13:11:26.272+0000] {dag.py:2690} INFO - Sync 1 DAGs
[2023-01-31T13:11:26.302+0000] {logging_mixin.py:137} INFO - [2023-01-31T13:11:26.301+0000] {dag.py:3441} INFO - Setting next_dagrun for tutorial_taskflow_api to None, run_after=None
[2023-01-31T13:11:26.332+0000] {processor.py:175} INFO - Processing /home/airflow/.local/lib/python3.7/site-packages/airflow/example_dags/tutorial_taskflow_api.py took 0.128 seconds
[2023-01-31T13:11:56.678+0000] {processor.py:153} INFO - Started process (PID=1446) to work on /home/airflow/.local/lib/python3.7/site-packages/airflow/example_dags/tutorial_taskflow_api.py
[2023-01-31T13:11:56.679+0000] {processor.py:743} INFO - Processing file /home/airflow/.local/lib/python3.7/site-packages/airflow/example_dags/tutorial_taskflow_api.py for tasks to queue
[2023-01-31T13:11:56.680+0000] {logging_mixin.py:137} INFO - [2023-01-31T13:11:56.680+0000] {dagbag.py:538} INFO - Filling up the DagBag from /home/airflow/.local/lib/python3.7/site-packages/airflow/example_dags/tutorial_taskflow_api.py
[2023-01-31T13:11:56.702+0000] {processor.py:753} INFO - DAG(s) dict_keys(['tutorial_taskflow_api']) retrieved from /home/airflow/.local/lib/python3.7/site-packages/airflow/example_dags/tutorial_taskflow_api.py
[2023-01-31T13:11:56.728+0000] {logging_mixin.py:137} INFO - [2023-01-31T13:11:56.728+0000] {dag.py:2690} INFO - Sync 1 DAGs
[2023-01-31T13:11:56.754+0000] {logging_mixin.py:137} INFO - [2023-01-31T13:11:56.754+0000] {dag.py:3441} INFO - Setting next_dagrun for tutorial_taskflow_api to None, run_after=None
[2023-01-31T13:11:56.781+0000] {processor.py:175} INFO - Processing /home/airflow/.local/lib/python3.7/site-packages/airflow/example_dags/tutorial_taskflow_api.py took 0.106 seconds
[2023-01-31T13:12:27.043+0000] {processor.py:153} INFO - Started process (PID=1512) to work on /home/airflow/.local/lib/python3.7/site-packages/airflow/example_dags/tutorial_taskflow_api.py
[2023-01-31T13:12:27.045+0000] {processor.py:743} INFO - Processing file /home/airflow/.local/lib/python3.7/site-packages/airflow/example_dags/tutorial_taskflow_api.py for tasks to queue
[2023-01-31T13:12:27.045+0000] {logging_mixin.py:137} INFO - [2023-01-31T13:12:27.045+0000] {dagbag.py:538} INFO - Filling up the DagBag from /home/airflow/.local/lib/python3.7/site-packages/airflow/example_dags/tutorial_taskflow_api.py
[2023-01-31T13:12:27.067+0000] {processor.py:753} INFO - DAG(s) dict_keys(['tutorial_taskflow_api']) retrieved from /home/airflow/.local/lib/python3.7/site-packages/airflow/example_dags/tutorial_taskflow_api.py
[2023-01-31T13:12:27.095+0000] {logging_mixin.py:137} INFO - [2023-01-31T13:12:27.095+0000] {dag.py:2690} INFO - Sync 1 DAGs
[2023-01-31T13:12:27.120+0000] {logging_mixin.py:137} INFO - [2023-01-31T13:12:27.119+0000] {dag.py:3441} INFO - Setting next_dagrun for tutorial_taskflow_api to None, run_after=None
[2023-01-31T13:12:27.143+0000] {processor.py:175} INFO - Processing /home/airflow/.local/lib/python3.7/site-packages/airflow/example_dags/tutorial_taskflow_api.py took 0.104 seconds
[2023-01-31T13:12:57.552+0000] {processor.py:153} INFO - Started process (PID=1589) to work on /home/airflow/.local/lib/python3.7/site-packages/airflow/example_dags/tutorial_taskflow_api.py
[2023-01-31T13:12:57.553+0000] {processor.py:743} INFO - Processing file /home/airflow/.local/lib/python3.7/site-packages/airflow/example_dags/tutorial_taskflow_api.py for tasks to queue
[2023-01-31T13:12:57.554+0000] {logging_mixin.py:137} INFO - [2023-01-31T13:12:57.554+0000] {dagbag.py:538} INFO - Filling up the DagBag from /home/airflow/.local/lib/python3.7/site-packages/airflow/example_dags/tutorial_taskflow_api.py
[2023-01-31T13:12:57.578+0000] {processor.py:753} INFO - DAG(s) dict_keys(['tutorial_taskflow_api']) retrieved from /home/airflow/.local/lib/python3.7/site-packages/airflow/example_dags/tutorial_taskflow_api.py
[2023-01-31T13:12:57.615+0000] {logging_mixin.py:137} INFO - [2023-01-31T13:12:57.615+0000] {dag.py:2690} INFO - Sync 1 DAGs
[2023-01-31T13:12:57.645+0000] {logging_mixin.py:137} INFO - [2023-01-31T13:12:57.644+0000] {dag.py:3441} INFO - Setting next_dagrun for tutorial_taskflow_api to None, run_after=None
[2023-01-31T13:12:57.673+0000] {processor.py:175} INFO - Processing /home/airflow/.local/lib/python3.7/site-packages/airflow/example_dags/tutorial_taskflow_api.py took 0.125 seconds
[2023-01-31T13:13:28.041+0000] {processor.py:153} INFO - Started process (PID=1655) to work on /home/airflow/.local/lib/python3.7/site-packages/airflow/example_dags/tutorial_taskflow_api.py
[2023-01-31T13:13:28.042+0000] {processor.py:743} INFO - Processing file /home/airflow/.local/lib/python3.7/site-packages/airflow/example_dags/tutorial_taskflow_api.py for tasks to queue
[2023-01-31T13:13:28.042+0000] {logging_mixin.py:137} INFO - [2023-01-31T13:13:28.042+0000] {dagbag.py:538} INFO - Filling up the DagBag from /home/airflow/.local/lib/python3.7/site-packages/airflow/example_dags/tutorial_taskflow_api.py
[2023-01-31T13:13:28.065+0000] {processor.py:753} INFO - DAG(s) dict_keys(['tutorial_taskflow_api']) retrieved from /home/airflow/.local/lib/python3.7/site-packages/airflow/example_dags/tutorial_taskflow_api.py
[2023-01-31T13:13:28.098+0000] {logging_mixin.py:137} INFO - [2023-01-31T13:13:28.098+0000] {dag.py:2690} INFO - Sync 1 DAGs
[2023-01-31T13:13:28.124+0000] {logging_mixin.py:137} INFO - [2023-01-31T13:13:28.124+0000] {dag.py:3441} INFO - Setting next_dagrun for tutorial_taskflow_api to None, run_after=None
[2023-01-31T13:13:28.157+0000] {processor.py:175} INFO - Processing /home/airflow/.local/lib/python3.7/site-packages/airflow/example_dags/tutorial_taskflow_api.py took 0.120 seconds
[2023-01-31T13:13:58.782+0000] {processor.py:153} INFO - Started process (PID=1733) to work on /home/airflow/.local/lib/python3.7/site-packages/airflow/example_dags/tutorial_taskflow_api.py
[2023-01-31T13:13:58.784+0000] {processor.py:743} INFO - Processing file /home/airflow/.local/lib/python3.7/site-packages/airflow/example_dags/tutorial_taskflow_api.py for tasks to queue
[2023-01-31T13:13:58.785+0000] {logging_mixin.py:137} INFO - [2023-01-31T13:13:58.785+0000] {dagbag.py:538} INFO - Filling up the DagBag from /home/airflow/.local/lib/python3.7/site-packages/airflow/example_dags/tutorial_taskflow_api.py
[2023-01-31T13:13:58.808+0000] {processor.py:753} INFO - DAG(s) dict_keys(['tutorial_taskflow_api']) retrieved from /home/airflow/.local/lib/python3.7/site-packages/airflow/example_dags/tutorial_taskflow_api.py
[2023-01-31T13:13:58.866+0000] {logging_mixin.py:137} INFO - [2023-01-31T13:13:58.866+0000] {dag.py:2690} INFO - Sync 1 DAGs
[2023-01-31T13:13:58.912+0000] {logging_mixin.py:137} INFO - [2023-01-31T13:13:58.912+0000] {dag.py:3441} INFO - Setting next_dagrun for tutorial_taskflow_api to None, run_after=None
[2023-01-31T13:13:58.959+0000] {processor.py:175} INFO - Processing /home/airflow/.local/lib/python3.7/site-packages/airflow/example_dags/tutorial_taskflow_api.py took 0.191 seconds
[2023-01-31T13:14:29.576+0000] {processor.py:153} INFO - Started process (PID=1799) to work on /home/airflow/.local/lib/python3.7/site-packages/airflow/example_dags/tutorial_taskflow_api.py
[2023-01-31T13:14:29.577+0000] {processor.py:743} INFO - Processing file /home/airflow/.local/lib/python3.7/site-packages/airflow/example_dags/tutorial_taskflow_api.py for tasks to queue
[2023-01-31T13:14:29.577+0000] {logging_mixin.py:137} INFO - [2023-01-31T13:14:29.577+0000] {dagbag.py:538} INFO - Filling up the DagBag from /home/airflow/.local/lib/python3.7/site-packages/airflow/example_dags/tutorial_taskflow_api.py
[2023-01-31T13:14:29.600+0000] {processor.py:753} INFO - DAG(s) dict_keys(['tutorial_taskflow_api']) retrieved from /home/airflow/.local/lib/python3.7/site-packages/airflow/example_dags/tutorial_taskflow_api.py
[2023-01-31T13:14:29.628+0000] {logging_mixin.py:137} INFO - [2023-01-31T13:14:29.627+0000] {dag.py:2690} INFO - Sync 1 DAGs
[2023-01-31T13:14:29.654+0000] {logging_mixin.py:137} INFO - [2023-01-31T13:14:29.653+0000] {dag.py:3441} INFO - Setting next_dagrun for tutorial_taskflow_api to None, run_after=None
[2023-01-31T13:14:29.683+0000] {processor.py:175} INFO - Processing /home/airflow/.local/lib/python3.7/site-packages/airflow/example_dags/tutorial_taskflow_api.py took 0.112 seconds
[2023-01-31T13:14:59.902+0000] {processor.py:153} INFO - Started process (PID=1864) to work on /home/airflow/.local/lib/python3.7/site-packages/airflow/example_dags/tutorial_taskflow_api.py
[2023-01-31T13:14:59.904+0000] {processor.py:743} INFO - Processing file /home/airflow/.local/lib/python3.7/site-packages/airflow/example_dags/tutorial_taskflow_api.py for tasks to queue
[2023-01-31T13:14:59.905+0000] {logging_mixin.py:137} INFO - [2023-01-31T13:14:59.904+0000] {dagbag.py:538} INFO - Filling up the DagBag from /home/airflow/.local/lib/python3.7/site-packages/airflow/example_dags/tutorial_taskflow_api.py
[2023-01-31T13:14:59.928+0000] {processor.py:753} INFO - DAG(s) dict_keys(['tutorial_taskflow_api']) retrieved from /home/airflow/.local/lib/python3.7/site-packages/airflow/example_dags/tutorial_taskflow_api.py
[2023-01-31T13:14:59.955+0000] {logging_mixin.py:137} INFO - [2023-01-31T13:14:59.954+0000] {dag.py:2690} INFO - Sync 1 DAGs
[2023-01-31T13:14:59.983+0000] {logging_mixin.py:137} INFO - [2023-01-31T13:14:59.983+0000] {dag.py:3441} INFO - Setting next_dagrun for tutorial_taskflow_api to None, run_after=None
[2023-01-31T13:15:00.014+0000] {processor.py:175} INFO - Processing /home/airflow/.local/lib/python3.7/site-packages/airflow/example_dags/tutorial_taskflow_api.py took 0.116 seconds
[2023-01-31T13:15:30.444+0000] {processor.py:153} INFO - Started process (PID=1940) to work on /home/airflow/.local/lib/python3.7/site-packages/airflow/example_dags/tutorial_taskflow_api.py
[2023-01-31T13:15:30.445+0000] {processor.py:743} INFO - Processing file /home/airflow/.local/lib/python3.7/site-packages/airflow/example_dags/tutorial_taskflow_api.py for tasks to queue
[2023-01-31T13:15:30.445+0000] {logging_mixin.py:137} INFO - [2023-01-31T13:15:30.445+0000] {dagbag.py:538} INFO - Filling up the DagBag from /home/airflow/.local/lib/python3.7/site-packages/airflow/example_dags/tutorial_taskflow_api.py
[2023-01-31T13:15:30.467+0000] {processor.py:753} INFO - DAG(s) dict_keys(['tutorial_taskflow_api']) retrieved from /home/airflow/.local/lib/python3.7/site-packages/airflow/example_dags/tutorial_taskflow_api.py
[2023-01-31T13:15:30.494+0000] {logging_mixin.py:137} INFO - [2023-01-31T13:15:30.494+0000] {dag.py:2690} INFO - Sync 1 DAGs
[2023-01-31T13:15:30.533+0000] {logging_mixin.py:137} INFO - [2023-01-31T13:15:30.533+0000] {dag.py:3441} INFO - Setting next_dagrun for tutorial_taskflow_api to None, run_after=None
[2023-01-31T13:15:30.566+0000] {processor.py:175} INFO - Processing /home/airflow/.local/lib/python3.7/site-packages/airflow/example_dags/tutorial_taskflow_api.py took 0.127 seconds
[2023-01-31T13:16:00.822+0000] {processor.py:153} INFO - Started process (PID=2005) to work on /home/airflow/.local/lib/python3.7/site-packages/airflow/example_dags/tutorial_taskflow_api.py
[2023-01-31T13:16:00.823+0000] {processor.py:743} INFO - Processing file /home/airflow/.local/lib/python3.7/site-packages/airflow/example_dags/tutorial_taskflow_api.py for tasks to queue
[2023-01-31T13:16:00.824+0000] {logging_mixin.py:137} INFO - [2023-01-31T13:16:00.824+0000] {dagbag.py:538} INFO - Filling up the DagBag from /home/airflow/.local/lib/python3.7/site-packages/airflow/example_dags/tutorial_taskflow_api.py
[2023-01-31T13:16:00.847+0000] {processor.py:753} INFO - DAG(s) dict_keys(['tutorial_taskflow_api']) retrieved from /home/airflow/.local/lib/python3.7/site-packages/airflow/example_dags/tutorial_taskflow_api.py
[2023-01-31T13:16:00.888+0000] {logging_mixin.py:137} INFO - [2023-01-31T13:16:00.887+0000] {dag.py:2690} INFO - Sync 1 DAGs
[2023-01-31T13:16:00.915+0000] {logging_mixin.py:137} INFO - [2023-01-31T13:16:00.915+0000] {dag.py:3441} INFO - Setting next_dagrun for tutorial_taskflow_api to None, run_after=None
[2023-01-31T13:16:00.942+0000] {processor.py:175} INFO - Processing /home/airflow/.local/lib/python3.7/site-packages/airflow/example_dags/tutorial_taskflow_api.py took 0.124 seconds
[2023-01-31T13:16:31.453+0000] {processor.py:153} INFO - Started process (PID=2083) to work on /home/airflow/.local/lib/python3.7/site-packages/airflow/example_dags/tutorial_taskflow_api.py
[2023-01-31T13:16:31.454+0000] {processor.py:743} INFO - Processing file /home/airflow/.local/lib/python3.7/site-packages/airflow/example_dags/tutorial_taskflow_api.py for tasks to queue
[2023-01-31T13:16:31.455+0000] {logging_mixin.py:137} INFO - [2023-01-31T13:16:31.455+0000] {dagbag.py:538} INFO - Filling up the DagBag from /home/airflow/.local/lib/python3.7/site-packages/airflow/example_dags/tutorial_taskflow_api.py
[2023-01-31T13:16:31.478+0000] {processor.py:753} INFO - DAG(s) dict_keys(['tutorial_taskflow_api']) retrieved from /home/airflow/.local/lib/python3.7/site-packages/airflow/example_dags/tutorial_taskflow_api.py
[2023-01-31T13:16:31.506+0000] {logging_mixin.py:137} INFO - [2023-01-31T13:16:31.505+0000] {dag.py:2690} INFO - Sync 1 DAGs
[2023-01-31T13:16:31.532+0000] {logging_mixin.py:137} INFO - [2023-01-31T13:16:31.532+0000] {dag.py:3441} INFO - Setting next_dagrun for tutorial_taskflow_api to None, run_after=None
[2023-01-31T13:16:31.559+0000] {processor.py:175} INFO - Processing /home/airflow/.local/lib/python3.7/site-packages/airflow/example_dags/tutorial_taskflow_api.py took 0.111 seconds
[2023-01-31T13:17:01.720+0000] {processor.py:153} INFO - Started process (PID=2149) to work on /home/airflow/.local/lib/python3.7/site-packages/airflow/example_dags/tutorial_taskflow_api.py
[2023-01-31T13:17:01.721+0000] {processor.py:743} INFO - Processing file /home/airflow/.local/lib/python3.7/site-packages/airflow/example_dags/tutorial_taskflow_api.py for tasks to queue
[2023-01-31T13:17:01.721+0000] {logging_mixin.py:137} INFO - [2023-01-31T13:17:01.721+0000] {dagbag.py:538} INFO - Filling up the DagBag from /home/airflow/.local/lib/python3.7/site-packages/airflow/example_dags/tutorial_taskflow_api.py
[2023-01-31T13:17:01.744+0000] {processor.py:753} INFO - DAG(s) dict_keys(['tutorial_taskflow_api']) retrieved from /home/airflow/.local/lib/python3.7/site-packages/airflow/example_dags/tutorial_taskflow_api.py
[2023-01-31T13:17:01.773+0000] {logging_mixin.py:137} INFO - [2023-01-31T13:17:01.773+0000] {dag.py:2690} INFO - Sync 1 DAGs
[2023-01-31T13:17:01.799+0000] {logging_mixin.py:137} INFO - [2023-01-31T13:17:01.799+0000] {dag.py:3441} INFO - Setting next_dagrun for tutorial_taskflow_api to None, run_after=None
[2023-01-31T13:17:01.834+0000] {processor.py:175} INFO - Processing /home/airflow/.local/lib/python3.7/site-packages/airflow/example_dags/tutorial_taskflow_api.py took 0.118 seconds
[2023-01-31T13:17:32.309+0000] {processor.py:153} INFO - Started process (PID=2226) to work on /home/airflow/.local/lib/python3.7/site-packages/airflow/example_dags/tutorial_taskflow_api.py
[2023-01-31T13:17:32.310+0000] {processor.py:743} INFO - Processing file /home/airflow/.local/lib/python3.7/site-packages/airflow/example_dags/tutorial_taskflow_api.py for tasks to queue
[2023-01-31T13:17:32.311+0000] {logging_mixin.py:137} INFO - [2023-01-31T13:17:32.311+0000] {dagbag.py:538} INFO - Filling up the DagBag from /home/airflow/.local/lib/python3.7/site-packages/airflow/example_dags/tutorial_taskflow_api.py
[2023-01-31T13:17:32.336+0000] {processor.py:753} INFO - DAG(s) dict_keys(['tutorial_taskflow_api']) retrieved from /home/airflow/.local/lib/python3.7/site-packages/airflow/example_dags/tutorial_taskflow_api.py
[2023-01-31T13:17:32.364+0000] {logging_mixin.py:137} INFO - [2023-01-31T13:17:32.364+0000] {dag.py:2690} INFO - Sync 1 DAGs
[2023-01-31T13:17:32.393+0000] {logging_mixin.py:137} INFO - [2023-01-31T13:17:32.393+0000] {dag.py:3441} INFO - Setting next_dagrun for tutorial_taskflow_api to None, run_after=None
[2023-01-31T13:17:32.422+0000] {processor.py:175} INFO - Processing /home/airflow/.local/lib/python3.7/site-packages/airflow/example_dags/tutorial_taskflow_api.py took 0.118 seconds
[2023-01-31T13:18:02.732+0000] {processor.py:153} INFO - Started process (PID=2294) to work on /home/airflow/.local/lib/python3.7/site-packages/airflow/example_dags/tutorial_taskflow_api.py
[2023-01-31T13:18:02.733+0000] {processor.py:743} INFO - Processing file /home/airflow/.local/lib/python3.7/site-packages/airflow/example_dags/tutorial_taskflow_api.py for tasks to queue
[2023-01-31T13:18:02.734+0000] {logging_mixin.py:137} INFO - [2023-01-31T13:18:02.734+0000] {dagbag.py:538} INFO - Filling up the DagBag from /home/airflow/.local/lib/python3.7/site-packages/airflow/example_dags/tutorial_taskflow_api.py
[2023-01-31T13:18:02.761+0000] {processor.py:753} INFO - DAG(s) dict_keys(['tutorial_taskflow_api']) retrieved from /home/airflow/.local/lib/python3.7/site-packages/airflow/example_dags/tutorial_taskflow_api.py
[2023-01-31T13:18:02.790+0000] {logging_mixin.py:137} INFO - [2023-01-31T13:18:02.789+0000] {dag.py:2690} INFO - Sync 1 DAGs
[2023-01-31T13:18:02.814+0000] {logging_mixin.py:137} INFO - [2023-01-31T13:18:02.814+0000] {dag.py:3441} INFO - Setting next_dagrun for tutorial_taskflow_api to None, run_after=None
[2023-01-31T13:18:02.844+0000] {processor.py:175} INFO - Processing /home/airflow/.local/lib/python3.7/site-packages/airflow/example_dags/tutorial_taskflow_api.py took 0.116 seconds
[2023-01-31T13:18:32.940+0000] {processor.py:153} INFO - Started process (PID=2368) to work on /home/airflow/.local/lib/python3.7/site-packages/airflow/example_dags/tutorial_taskflow_api.py
[2023-01-31T13:18:32.954+0000] {processor.py:743} INFO - Processing file /home/airflow/.local/lib/python3.7/site-packages/airflow/example_dags/tutorial_taskflow_api.py for tasks to queue
[2023-01-31T13:18:32.955+0000] {logging_mixin.py:137} INFO - [2023-01-31T13:18:32.954+0000] {dagbag.py:538} INFO - Filling up the DagBag from /home/airflow/.local/lib/python3.7/site-packages/airflow/example_dags/tutorial_taskflow_api.py
[2023-01-31T13:18:32.987+0000] {processor.py:753} INFO - DAG(s) dict_keys(['tutorial_taskflow_api']) retrieved from /home/airflow/.local/lib/python3.7/site-packages/airflow/example_dags/tutorial_taskflow_api.py
[2023-01-31T13:18:33.025+0000] {logging_mixin.py:137} INFO - [2023-01-31T13:18:33.025+0000] {dag.py:2690} INFO - Sync 1 DAGs
[2023-01-31T13:18:33.064+0000] {logging_mixin.py:137} INFO - [2023-01-31T13:18:33.064+0000] {dag.py:3441} INFO - Setting next_dagrun for tutorial_taskflow_api to None, run_after=None
[2023-01-31T13:18:33.102+0000] {processor.py:175} INFO - Processing /home/airflow/.local/lib/python3.7/site-packages/airflow/example_dags/tutorial_taskflow_api.py took 0.167 seconds
[2023-01-31T13:19:03.472+0000] {processor.py:153} INFO - Started process (PID=2439) to work on /home/airflow/.local/lib/python3.7/site-packages/airflow/example_dags/tutorial_taskflow_api.py
[2023-01-31T13:19:03.473+0000] {processor.py:743} INFO - Processing file /home/airflow/.local/lib/python3.7/site-packages/airflow/example_dags/tutorial_taskflow_api.py for tasks to queue
[2023-01-31T13:19:03.474+0000] {logging_mixin.py:137} INFO - [2023-01-31T13:19:03.474+0000] {dagbag.py:538} INFO - Filling up the DagBag from /home/airflow/.local/lib/python3.7/site-packages/airflow/example_dags/tutorial_taskflow_api.py
[2023-01-31T13:19:03.497+0000] {processor.py:753} INFO - DAG(s) dict_keys(['tutorial_taskflow_api']) retrieved from /home/airflow/.local/lib/python3.7/site-packages/airflow/example_dags/tutorial_taskflow_api.py
[2023-01-31T13:19:03.524+0000] {logging_mixin.py:137} INFO - [2023-01-31T13:19:03.524+0000] {dag.py:2690} INFO - Sync 1 DAGs
[2023-01-31T13:19:03.549+0000] {logging_mixin.py:137} INFO - [2023-01-31T13:19:03.549+0000] {dag.py:3441} INFO - Setting next_dagrun for tutorial_taskflow_api to None, run_after=None
[2023-01-31T13:19:03.578+0000] {processor.py:175} INFO - Processing /home/airflow/.local/lib/python3.7/site-packages/airflow/example_dags/tutorial_taskflow_api.py took 0.110 seconds
[2023-01-31T13:19:33.881+0000] {processor.py:153} INFO - Started process (PID=2503) to work on /home/airflow/.local/lib/python3.7/site-packages/airflow/example_dags/tutorial_taskflow_api.py
[2023-01-31T13:19:33.904+0000] {processor.py:743} INFO - Processing file /home/airflow/.local/lib/python3.7/site-packages/airflow/example_dags/tutorial_taskflow_api.py for tasks to queue
[2023-01-31T13:19:33.905+0000] {logging_mixin.py:137} INFO - [2023-01-31T13:19:33.905+0000] {dagbag.py:538} INFO - Filling up the DagBag from /home/airflow/.local/lib/python3.7/site-packages/airflow/example_dags/tutorial_taskflow_api.py
[2023-01-31T13:19:33.935+0000] {processor.py:753} INFO - DAG(s) dict_keys(['tutorial_taskflow_api']) retrieved from /home/airflow/.local/lib/python3.7/site-packages/airflow/example_dags/tutorial_taskflow_api.py
[2023-01-31T13:19:33.979+0000] {logging_mixin.py:137} INFO - [2023-01-31T13:19:33.978+0000] {dag.py:2690} INFO - Sync 1 DAGs
[2023-01-31T13:19:34.018+0000] {logging_mixin.py:137} INFO - [2023-01-31T13:19:34.017+0000] {dag.py:3441} INFO - Setting next_dagrun for tutorial_taskflow_api to None, run_after=None
[2023-01-31T13:19:34.060+0000] {processor.py:175} INFO - Processing /home/airflow/.local/lib/python3.7/site-packages/airflow/example_dags/tutorial_taskflow_api.py took 0.185 seconds
[2023-01-31T13:20:04.445+0000] {processor.py:153} INFO - Started process (PID=2581) to work on /home/airflow/.local/lib/python3.7/site-packages/airflow/example_dags/tutorial_taskflow_api.py
[2023-01-31T13:20:04.446+0000] {processor.py:743} INFO - Processing file /home/airflow/.local/lib/python3.7/site-packages/airflow/example_dags/tutorial_taskflow_api.py for tasks to queue
[2023-01-31T13:20:04.447+0000] {logging_mixin.py:137} INFO - [2023-01-31T13:20:04.446+0000] {dagbag.py:538} INFO - Filling up the DagBag from /home/airflow/.local/lib/python3.7/site-packages/airflow/example_dags/tutorial_taskflow_api.py
[2023-01-31T13:20:04.469+0000] {processor.py:753} INFO - DAG(s) dict_keys(['tutorial_taskflow_api']) retrieved from /home/airflow/.local/lib/python3.7/site-packages/airflow/example_dags/tutorial_taskflow_api.py
[2023-01-31T13:20:04.496+0000] {logging_mixin.py:137} INFO - [2023-01-31T13:20:04.496+0000] {dag.py:2690} INFO - Sync 1 DAGs
[2023-01-31T13:20:04.521+0000] {logging_mixin.py:137} INFO - [2023-01-31T13:20:04.521+0000] {dag.py:3441} INFO - Setting next_dagrun for tutorial_taskflow_api to None, run_after=None
[2023-01-31T13:20:04.546+0000] {processor.py:175} INFO - Processing /home/airflow/.local/lib/python3.7/site-packages/airflow/example_dags/tutorial_taskflow_api.py took 0.105 seconds
[2023-01-31T13:20:34.810+0000] {processor.py:153} INFO - Started process (PID=2647) to work on /home/airflow/.local/lib/python3.7/site-packages/airflow/example_dags/tutorial_taskflow_api.py
[2023-01-31T13:20:34.816+0000] {processor.py:743} INFO - Processing file /home/airflow/.local/lib/python3.7/site-packages/airflow/example_dags/tutorial_taskflow_api.py for tasks to queue
[2023-01-31T13:20:34.817+0000] {logging_mixin.py:137} INFO - [2023-01-31T13:20:34.816+0000] {dagbag.py:538} INFO - Filling up the DagBag from /home/airflow/.local/lib/python3.7/site-packages/airflow/example_dags/tutorial_taskflow_api.py
[2023-01-31T13:20:34.839+0000] {processor.py:753} INFO - DAG(s) dict_keys(['tutorial_taskflow_api']) retrieved from /home/airflow/.local/lib/python3.7/site-packages/airflow/example_dags/tutorial_taskflow_api.py
[2023-01-31T13:20:34.868+0000] {logging_mixin.py:137} INFO - [2023-01-31T13:20:34.867+0000] {dag.py:2690} INFO - Sync 1 DAGs
[2023-01-31T13:20:34.893+0000] {logging_mixin.py:137} INFO - [2023-01-31T13:20:34.893+0000] {dag.py:3441} INFO - Setting next_dagrun for tutorial_taskflow_api to None, run_after=None
[2023-01-31T13:20:34.921+0000] {processor.py:175} INFO - Processing /home/airflow/.local/lib/python3.7/site-packages/airflow/example_dags/tutorial_taskflow_api.py took 0.115 seconds
[2023-01-31T13:21:05.439+0000] {processor.py:153} INFO - Started process (PID=2725) to work on /home/airflow/.local/lib/python3.7/site-packages/airflow/example_dags/tutorial_taskflow_api.py
[2023-01-31T13:21:05.440+0000] {processor.py:743} INFO - Processing file /home/airflow/.local/lib/python3.7/site-packages/airflow/example_dags/tutorial_taskflow_api.py for tasks to queue
[2023-01-31T13:21:05.441+0000] {logging_mixin.py:137} INFO - [2023-01-31T13:21:05.441+0000] {dagbag.py:538} INFO - Filling up the DagBag from /home/airflow/.local/lib/python3.7/site-packages/airflow/example_dags/tutorial_taskflow_api.py
[2023-01-31T13:21:05.463+0000] {processor.py:753} INFO - DAG(s) dict_keys(['tutorial_taskflow_api']) retrieved from /home/airflow/.local/lib/python3.7/site-packages/airflow/example_dags/tutorial_taskflow_api.py
[2023-01-31T13:21:05.496+0000] {logging_mixin.py:137} INFO - [2023-01-31T13:21:05.496+0000] {dag.py:2690} INFO - Sync 1 DAGs
[2023-01-31T13:21:05.523+0000] {logging_mixin.py:137} INFO - [2023-01-31T13:21:05.523+0000] {dag.py:3441} INFO - Setting next_dagrun for tutorial_taskflow_api to None, run_after=None
[2023-01-31T13:21:05.558+0000] {processor.py:175} INFO - Processing /home/airflow/.local/lib/python3.7/site-packages/airflow/example_dags/tutorial_taskflow_api.py took 0.123 seconds
[2023-01-31T13:21:35.847+0000] {processor.py:153} INFO - Started process (PID=2789) to work on /home/airflow/.local/lib/python3.7/site-packages/airflow/example_dags/tutorial_taskflow_api.py
[2023-01-31T13:21:35.848+0000] {processor.py:743} INFO - Processing file /home/airflow/.local/lib/python3.7/site-packages/airflow/example_dags/tutorial_taskflow_api.py for tasks to queue
[2023-01-31T13:21:35.849+0000] {logging_mixin.py:137} INFO - [2023-01-31T13:21:35.849+0000] {dagbag.py:538} INFO - Filling up the DagBag from /home/airflow/.local/lib/python3.7/site-packages/airflow/example_dags/tutorial_taskflow_api.py
[2023-01-31T13:21:35.871+0000] {processor.py:753} INFO - DAG(s) dict_keys(['tutorial_taskflow_api']) retrieved from /home/airflow/.local/lib/python3.7/site-packages/airflow/example_dags/tutorial_taskflow_api.py
[2023-01-31T13:21:35.905+0000] {logging_mixin.py:137} INFO - [2023-01-31T13:21:35.905+0000] {dag.py:2690} INFO - Sync 1 DAGs
[2023-01-31T13:21:35.939+0000] {logging_mixin.py:137} INFO - [2023-01-31T13:21:35.939+0000] {dag.py:3441} INFO - Setting next_dagrun for tutorial_taskflow_api to None, run_after=None
[2023-01-31T13:21:35.973+0000] {processor.py:175} INFO - Processing /home/airflow/.local/lib/python3.7/site-packages/airflow/example_dags/tutorial_taskflow_api.py took 0.130 seconds
[2023-01-31T13:22:07.391+0000] {processor.py:153} INFO - Started process (PID=2864) to work on /home/airflow/.local/lib/python3.7/site-packages/airflow/example_dags/tutorial_taskflow_api.py
[2023-01-31T13:22:07.401+0000] {processor.py:743} INFO - Processing file /home/airflow/.local/lib/python3.7/site-packages/airflow/example_dags/tutorial_taskflow_api.py for tasks to queue
[2023-01-31T13:22:07.402+0000] {logging_mixin.py:137} INFO - [2023-01-31T13:22:07.402+0000] {dagbag.py:538} INFO - Filling up the DagBag from /home/airflow/.local/lib/python3.7/site-packages/airflow/example_dags/tutorial_taskflow_api.py
[2023-01-31T13:22:07.435+0000] {processor.py:753} INFO - DAG(s) dict_keys(['tutorial_taskflow_api']) retrieved from /home/airflow/.local/lib/python3.7/site-packages/airflow/example_dags/tutorial_taskflow_api.py
[2023-01-31T13:22:07.473+0000] {logging_mixin.py:137} INFO - [2023-01-31T13:22:07.473+0000] {dag.py:2690} INFO - Sync 1 DAGs
[2023-01-31T13:22:07.512+0000] {logging_mixin.py:137} INFO - [2023-01-31T13:22:07.512+0000] {dag.py:3441} INFO - Setting next_dagrun for tutorial_taskflow_api to None, run_after=None
[2023-01-31T13:22:07.554+0000] {processor.py:175} INFO - Processing /home/airflow/.local/lib/python3.7/site-packages/airflow/example_dags/tutorial_taskflow_api.py took 0.169 seconds
[2023-01-31T13:22:38.172+0000] {processor.py:153} INFO - Started process (PID=2933) to work on /home/airflow/.local/lib/python3.7/site-packages/airflow/example_dags/tutorial_taskflow_api.py
[2023-01-31T13:22:38.173+0000] {processor.py:743} INFO - Processing file /home/airflow/.local/lib/python3.7/site-packages/airflow/example_dags/tutorial_taskflow_api.py for tasks to queue
[2023-01-31T13:22:38.174+0000] {logging_mixin.py:137} INFO - [2023-01-31T13:22:38.174+0000] {dagbag.py:538} INFO - Filling up the DagBag from /home/airflow/.local/lib/python3.7/site-packages/airflow/example_dags/tutorial_taskflow_api.py
[2023-01-31T13:22:38.197+0000] {processor.py:753} INFO - DAG(s) dict_keys(['tutorial_taskflow_api']) retrieved from /home/airflow/.local/lib/python3.7/site-packages/airflow/example_dags/tutorial_taskflow_api.py
[2023-01-31T13:22:38.222+0000] {logging_mixin.py:137} INFO - [2023-01-31T13:22:38.222+0000] {dag.py:2690} INFO - Sync 1 DAGs
[2023-01-31T13:22:38.248+0000] {logging_mixin.py:137} INFO - [2023-01-31T13:22:38.248+0000] {dag.py:3441} INFO - Setting next_dagrun for tutorial_taskflow_api to None, run_after=None
[2023-01-31T13:22:38.277+0000] {processor.py:175} INFO - Processing /home/airflow/.local/lib/python3.7/site-packages/airflow/example_dags/tutorial_taskflow_api.py took 0.108 seconds
[2023-01-31T13:23:08.640+0000] {processor.py:153} INFO - Started process (PID=2999) to work on /home/airflow/.local/lib/python3.7/site-packages/airflow/example_dags/tutorial_taskflow_api.py
[2023-01-31T13:23:08.641+0000] {processor.py:743} INFO - Processing file /home/airflow/.local/lib/python3.7/site-packages/airflow/example_dags/tutorial_taskflow_api.py for tasks to queue
[2023-01-31T13:23:08.642+0000] {logging_mixin.py:137} INFO - [2023-01-31T13:23:08.642+0000] {dagbag.py:538} INFO - Filling up the DagBag from /home/airflow/.local/lib/python3.7/site-packages/airflow/example_dags/tutorial_taskflow_api.py
[2023-01-31T13:23:08.664+0000] {processor.py:753} INFO - DAG(s) dict_keys(['tutorial_taskflow_api']) retrieved from /home/airflow/.local/lib/python3.7/site-packages/airflow/example_dags/tutorial_taskflow_api.py
[2023-01-31T13:23:08.700+0000] {logging_mixin.py:137} INFO - [2023-01-31T13:23:08.700+0000] {dag.py:2690} INFO - Sync 1 DAGs
[2023-01-31T13:23:08.738+0000] {logging_mixin.py:137} INFO - [2023-01-31T13:23:08.738+0000] {dag.py:3441} INFO - Setting next_dagrun for tutorial_taskflow_api to None, run_after=None
[2023-01-31T13:23:08.795+0000] {processor.py:175} INFO - Processing /home/airflow/.local/lib/python3.7/site-packages/airflow/example_dags/tutorial_taskflow_api.py took 0.160 seconds
[2023-01-31T13:23:39.057+0000] {processor.py:153} INFO - Started process (PID=3076) to work on /home/airflow/.local/lib/python3.7/site-packages/airflow/example_dags/tutorial_taskflow_api.py
[2023-01-31T13:23:39.058+0000] {processor.py:743} INFO - Processing file /home/airflow/.local/lib/python3.7/site-packages/airflow/example_dags/tutorial_taskflow_api.py for tasks to queue
[2023-01-31T13:23:39.058+0000] {logging_mixin.py:137} INFO - [2023-01-31T13:23:39.058+0000] {dagbag.py:538} INFO - Filling up the DagBag from /home/airflow/.local/lib/python3.7/site-packages/airflow/example_dags/tutorial_taskflow_api.py
[2023-01-31T13:23:39.082+0000] {processor.py:753} INFO - DAG(s) dict_keys(['tutorial_taskflow_api']) retrieved from /home/airflow/.local/lib/python3.7/site-packages/airflow/example_dags/tutorial_taskflow_api.py
[2023-01-31T13:23:39.111+0000] {logging_mixin.py:137} INFO - [2023-01-31T13:23:39.111+0000] {dag.py:2690} INFO - Sync 1 DAGs
[2023-01-31T13:23:39.136+0000] {logging_mixin.py:137} INFO - [2023-01-31T13:23:39.136+0000] {dag.py:3441} INFO - Setting next_dagrun for tutorial_taskflow_api to None, run_after=None
[2023-01-31T13:23:39.161+0000] {processor.py:175} INFO - Processing /home/airflow/.local/lib/python3.7/site-packages/airflow/example_dags/tutorial_taskflow_api.py took 0.108 seconds
[2023-01-31T13:24:09.622+0000] {processor.py:153} INFO - Started process (PID=3141) to work on /home/airflow/.local/lib/python3.7/site-packages/airflow/example_dags/tutorial_taskflow_api.py
[2023-01-31T13:24:09.623+0000] {processor.py:743} INFO - Processing file /home/airflow/.local/lib/python3.7/site-packages/airflow/example_dags/tutorial_taskflow_api.py for tasks to queue
[2023-01-31T13:24:09.624+0000] {logging_mixin.py:137} INFO - [2023-01-31T13:24:09.624+0000] {dagbag.py:538} INFO - Filling up the DagBag from /home/airflow/.local/lib/python3.7/site-packages/airflow/example_dags/tutorial_taskflow_api.py
[2023-01-31T13:24:09.658+0000] {processor.py:753} INFO - DAG(s) dict_keys(['tutorial_taskflow_api']) retrieved from /home/airflow/.local/lib/python3.7/site-packages/airflow/example_dags/tutorial_taskflow_api.py
[2023-01-31T13:24:09.698+0000] {logging_mixin.py:137} INFO - [2023-01-31T13:24:09.697+0000] {dag.py:2690} INFO - Sync 1 DAGs
[2023-01-31T13:24:09.736+0000] {logging_mixin.py:137} INFO - [2023-01-31T13:24:09.736+0000] {dag.py:3441} INFO - Setting next_dagrun for tutorial_taskflow_api to None, run_after=None
[2023-01-31T13:24:09.775+0000] {processor.py:175} INFO - Processing /home/airflow/.local/lib/python3.7/site-packages/airflow/example_dags/tutorial_taskflow_api.py took 0.158 seconds
[2023-01-31T13:24:40.327+0000] {processor.py:153} INFO - Started process (PID=3219) to work on /home/airflow/.local/lib/python3.7/site-packages/airflow/example_dags/tutorial_taskflow_api.py
[2023-01-31T13:24:40.328+0000] {processor.py:743} INFO - Processing file /home/airflow/.local/lib/python3.7/site-packages/airflow/example_dags/tutorial_taskflow_api.py for tasks to queue
[2023-01-31T13:24:40.329+0000] {logging_mixin.py:137} INFO - [2023-01-31T13:24:40.328+0000] {dagbag.py:538} INFO - Filling up the DagBag from /home/airflow/.local/lib/python3.7/site-packages/airflow/example_dags/tutorial_taskflow_api.py
[2023-01-31T13:24:40.350+0000] {processor.py:753} INFO - DAG(s) dict_keys(['tutorial_taskflow_api']) retrieved from /home/airflow/.local/lib/python3.7/site-packages/airflow/example_dags/tutorial_taskflow_api.py
[2023-01-31T13:24:40.383+0000] {logging_mixin.py:137} INFO - [2023-01-31T13:24:40.383+0000] {dag.py:2690} INFO - Sync 1 DAGs
[2023-01-31T13:24:40.416+0000] {logging_mixin.py:137} INFO - [2023-01-31T13:24:40.415+0000] {dag.py:3441} INFO - Setting next_dagrun for tutorial_taskflow_api to None, run_after=None
[2023-01-31T13:24:40.446+0000] {processor.py:175} INFO - Processing /home/airflow/.local/lib/python3.7/site-packages/airflow/example_dags/tutorial_taskflow_api.py took 0.124 seconds
[2023-01-31T13:25:11.599+0000] {processor.py:153} INFO - Started process (PID=3284) to work on /home/airflow/.local/lib/python3.7/site-packages/airflow/example_dags/tutorial_taskflow_api.py
[2023-01-31T13:25:11.600+0000] {processor.py:743} INFO - Processing file /home/airflow/.local/lib/python3.7/site-packages/airflow/example_dags/tutorial_taskflow_api.py for tasks to queue
[2023-01-31T13:25:11.601+0000] {logging_mixin.py:137} INFO - [2023-01-31T13:25:11.601+0000] {dagbag.py:538} INFO - Filling up the DagBag from /home/airflow/.local/lib/python3.7/site-packages/airflow/example_dags/tutorial_taskflow_api.py
[2023-01-31T13:25:11.632+0000] {processor.py:753} INFO - DAG(s) dict_keys(['tutorial_taskflow_api']) retrieved from /home/airflow/.local/lib/python3.7/site-packages/airflow/example_dags/tutorial_taskflow_api.py
[2023-01-31T13:25:11.670+0000] {logging_mixin.py:137} INFO - [2023-01-31T13:25:11.670+0000] {dag.py:2690} INFO - Sync 1 DAGs
[2023-01-31T13:25:11.711+0000] {logging_mixin.py:137} INFO - [2023-01-31T13:25:11.711+0000] {dag.py:3441} INFO - Setting next_dagrun for tutorial_taskflow_api to None, run_after=None
[2023-01-31T13:25:11.748+0000] {processor.py:175} INFO - Processing /home/airflow/.local/lib/python3.7/site-packages/airflow/example_dags/tutorial_taskflow_api.py took 0.154 seconds
[2023-01-31T13:25:42.184+0000] {processor.py:153} INFO - Started process (PID=3362) to work on /home/airflow/.local/lib/python3.7/site-packages/airflow/example_dags/tutorial_taskflow_api.py
[2023-01-31T13:25:42.185+0000] {processor.py:743} INFO - Processing file /home/airflow/.local/lib/python3.7/site-packages/airflow/example_dags/tutorial_taskflow_api.py for tasks to queue
[2023-01-31T13:25:42.186+0000] {logging_mixin.py:137} INFO - [2023-01-31T13:25:42.186+0000] {dagbag.py:538} INFO - Filling up the DagBag from /home/airflow/.local/lib/python3.7/site-packages/airflow/example_dags/tutorial_taskflow_api.py
[2023-01-31T13:25:42.210+0000] {processor.py:753} INFO - DAG(s) dict_keys(['tutorial_taskflow_api']) retrieved from /home/airflow/.local/lib/python3.7/site-packages/airflow/example_dags/tutorial_taskflow_api.py
[2023-01-31T13:25:42.241+0000] {logging_mixin.py:137} INFO - [2023-01-31T13:25:42.241+0000] {dag.py:2690} INFO - Sync 1 DAGs
[2023-01-31T13:25:42.268+0000] {logging_mixin.py:137} INFO - [2023-01-31T13:25:42.268+0000] {dag.py:3441} INFO - Setting next_dagrun for tutorial_taskflow_api to None, run_after=None
[2023-01-31T13:25:42.299+0000] {processor.py:175} INFO - Processing /home/airflow/.local/lib/python3.7/site-packages/airflow/example_dags/tutorial_taskflow_api.py took 0.120 seconds
[2023-01-31T13:26:13.426+0000] {processor.py:153} INFO - Started process (PID=3428) to work on /home/airflow/.local/lib/python3.7/site-packages/airflow/example_dags/tutorial_taskflow_api.py
[2023-01-31T13:26:13.427+0000] {processor.py:743} INFO - Processing file /home/airflow/.local/lib/python3.7/site-packages/airflow/example_dags/tutorial_taskflow_api.py for tasks to queue
[2023-01-31T13:26:13.428+0000] {logging_mixin.py:137} INFO - [2023-01-31T13:26:13.428+0000] {dagbag.py:538} INFO - Filling up the DagBag from /home/airflow/.local/lib/python3.7/site-packages/airflow/example_dags/tutorial_taskflow_api.py
[2023-01-31T13:26:13.458+0000] {processor.py:753} INFO - DAG(s) dict_keys(['tutorial_taskflow_api']) retrieved from /home/airflow/.local/lib/python3.7/site-packages/airflow/example_dags/tutorial_taskflow_api.py
[2023-01-31T13:26:13.492+0000] {logging_mixin.py:137} INFO - [2023-01-31T13:26:13.492+0000] {dag.py:2690} INFO - Sync 1 DAGs
[2023-01-31T13:26:13.531+0000] {logging_mixin.py:137} INFO - [2023-01-31T13:26:13.531+0000] {dag.py:3441} INFO - Setting next_dagrun for tutorial_taskflow_api to None, run_after=None
[2023-01-31T13:26:13.574+0000] {processor.py:175} INFO - Processing /home/airflow/.local/lib/python3.7/site-packages/airflow/example_dags/tutorial_taskflow_api.py took 0.152 seconds
[2023-01-31T13:26:43.615+0000] {processor.py:153} INFO - Started process (PID=3506) to work on /home/airflow/.local/lib/python3.7/site-packages/airflow/example_dags/tutorial_taskflow_api.py
[2023-01-31T13:26:43.616+0000] {processor.py:743} INFO - Processing file /home/airflow/.local/lib/python3.7/site-packages/airflow/example_dags/tutorial_taskflow_api.py for tasks to queue
[2023-01-31T13:26:43.617+0000] {logging_mixin.py:137} INFO - [2023-01-31T13:26:43.617+0000] {dagbag.py:538} INFO - Filling up the DagBag from /home/airflow/.local/lib/python3.7/site-packages/airflow/example_dags/tutorial_taskflow_api.py
[2023-01-31T13:26:43.639+0000] {processor.py:753} INFO - DAG(s) dict_keys(['tutorial_taskflow_api']) retrieved from /home/airflow/.local/lib/python3.7/site-packages/airflow/example_dags/tutorial_taskflow_api.py
[2023-01-31T13:26:43.668+0000] {logging_mixin.py:137} INFO - [2023-01-31T13:26:43.668+0000] {dag.py:2690} INFO - Sync 1 DAGs
[2023-01-31T13:26:43.696+0000] {logging_mixin.py:137} INFO - [2023-01-31T13:26:43.696+0000] {dag.py:3441} INFO - Setting next_dagrun for tutorial_taskflow_api to None, run_after=None
[2023-01-31T13:26:43.726+0000] {processor.py:175} INFO - Processing /home/airflow/.local/lib/python3.7/site-packages/airflow/example_dags/tutorial_taskflow_api.py took 0.115 seconds
[2023-01-31T13:27:14.642+0000] {processor.py:153} INFO - Started process (PID=3571) to work on /home/airflow/.local/lib/python3.7/site-packages/airflow/example_dags/tutorial_taskflow_api.py
[2023-01-31T13:27:14.643+0000] {processor.py:743} INFO - Processing file /home/airflow/.local/lib/python3.7/site-packages/airflow/example_dags/tutorial_taskflow_api.py for tasks to queue
[2023-01-31T13:27:14.644+0000] {logging_mixin.py:137} INFO - [2023-01-31T13:27:14.644+0000] {dagbag.py:538} INFO - Filling up the DagBag from /home/airflow/.local/lib/python3.7/site-packages/airflow/example_dags/tutorial_taskflow_api.py
[2023-01-31T13:27:14.676+0000] {processor.py:753} INFO - DAG(s) dict_keys(['tutorial_taskflow_api']) retrieved from /home/airflow/.local/lib/python3.7/site-packages/airflow/example_dags/tutorial_taskflow_api.py
[2023-01-31T13:27:14.712+0000] {logging_mixin.py:137} INFO - [2023-01-31T13:27:14.712+0000] {dag.py:2690} INFO - Sync 1 DAGs
[2023-01-31T13:27:14.750+0000] {logging_mixin.py:137} INFO - [2023-01-31T13:27:14.750+0000] {dag.py:3441} INFO - Setting next_dagrun for tutorial_taskflow_api to None, run_after=None
[2023-01-31T13:27:14.782+0000] {processor.py:175} INFO - Processing /home/airflow/.local/lib/python3.7/site-packages/airflow/example_dags/tutorial_taskflow_api.py took 0.146 seconds
[2023-01-31T13:27:45.241+0000] {processor.py:153} INFO - Started process (PID=3649) to work on /home/airflow/.local/lib/python3.7/site-packages/airflow/example_dags/tutorial_taskflow_api.py
[2023-01-31T13:27:45.247+0000] {processor.py:743} INFO - Processing file /home/airflow/.local/lib/python3.7/site-packages/airflow/example_dags/tutorial_taskflow_api.py for tasks to queue
[2023-01-31T13:27:45.248+0000] {logging_mixin.py:137} INFO - [2023-01-31T13:27:45.248+0000] {dagbag.py:538} INFO - Filling up the DagBag from /home/airflow/.local/lib/python3.7/site-packages/airflow/example_dags/tutorial_taskflow_api.py
[2023-01-31T13:27:45.273+0000] {processor.py:753} INFO - DAG(s) dict_keys(['tutorial_taskflow_api']) retrieved from /home/airflow/.local/lib/python3.7/site-packages/airflow/example_dags/tutorial_taskflow_api.py
[2023-01-31T13:27:45.300+0000] {logging_mixin.py:137} INFO - [2023-01-31T13:27:45.299+0000] {dag.py:2690} INFO - Sync 1 DAGs
[2023-01-31T13:27:45.327+0000] {logging_mixin.py:137} INFO - [2023-01-31T13:27:45.327+0000] {dag.py:3441} INFO - Setting next_dagrun for tutorial_taskflow_api to None, run_after=None
[2023-01-31T13:27:45.353+0000] {processor.py:175} INFO - Processing /home/airflow/.local/lib/python3.7/site-packages/airflow/example_dags/tutorial_taskflow_api.py took 0.117 seconds
[2023-01-31T13:28:15.617+0000] {processor.py:153} INFO - Started process (PID=3716) to work on /home/airflow/.local/lib/python3.7/site-packages/airflow/example_dags/tutorial_taskflow_api.py
[2023-01-31T13:28:15.618+0000] {processor.py:743} INFO - Processing file /home/airflow/.local/lib/python3.7/site-packages/airflow/example_dags/tutorial_taskflow_api.py for tasks to queue
[2023-01-31T13:28:15.619+0000] {logging_mixin.py:137} INFO - [2023-01-31T13:28:15.619+0000] {dagbag.py:538} INFO - Filling up the DagBag from /home/airflow/.local/lib/python3.7/site-packages/airflow/example_dags/tutorial_taskflow_api.py
[2023-01-31T13:28:15.644+0000] {processor.py:753} INFO - DAG(s) dict_keys(['tutorial_taskflow_api']) retrieved from /home/airflow/.local/lib/python3.7/site-packages/airflow/example_dags/tutorial_taskflow_api.py
[2023-01-31T13:28:15.674+0000] {logging_mixin.py:137} INFO - [2023-01-31T13:28:15.674+0000] {dag.py:2690} INFO - Sync 1 DAGs
[2023-01-31T13:28:15.703+0000] {logging_mixin.py:137} INFO - [2023-01-31T13:28:15.703+0000] {dag.py:3441} INFO - Setting next_dagrun for tutorial_taskflow_api to None, run_after=None
[2023-01-31T13:28:15.730+0000] {processor.py:175} INFO - Processing /home/airflow/.local/lib/python3.7/site-packages/airflow/example_dags/tutorial_taskflow_api.py took 0.118 seconds
[2023-01-31T13:28:45.846+0000] {processor.py:153} INFO - Started process (PID=3791) to work on /home/airflow/.local/lib/python3.7/site-packages/airflow/example_dags/tutorial_taskflow_api.py
[2023-01-31T13:28:45.848+0000] {processor.py:743} INFO - Processing file /home/airflow/.local/lib/python3.7/site-packages/airflow/example_dags/tutorial_taskflow_api.py for tasks to queue
[2023-01-31T13:28:45.849+0000] {logging_mixin.py:137} INFO - [2023-01-31T13:28:45.849+0000] {dagbag.py:538} INFO - Filling up the DagBag from /home/airflow/.local/lib/python3.7/site-packages/airflow/example_dags/tutorial_taskflow_api.py
[2023-01-31T13:28:45.871+0000] {processor.py:753} INFO - DAG(s) dict_keys(['tutorial_taskflow_api']) retrieved from /home/airflow/.local/lib/python3.7/site-packages/airflow/example_dags/tutorial_taskflow_api.py
[2023-01-31T13:28:45.903+0000] {logging_mixin.py:137} INFO - [2023-01-31T13:28:45.903+0000] {dag.py:2690} INFO - Sync 1 DAGs
[2023-01-31T13:28:45.930+0000] {logging_mixin.py:137} INFO - [2023-01-31T13:28:45.929+0000] {dag.py:3441} INFO - Setting next_dagrun for tutorial_taskflow_api to None, run_after=None
[2023-01-31T13:28:45.959+0000] {processor.py:175} INFO - Processing /home/airflow/.local/lib/python3.7/site-packages/airflow/example_dags/tutorial_taskflow_api.py took 0.117 seconds
[2023-01-31T13:29:16.385+0000] {processor.py:153} INFO - Started process (PID=3861) to work on /home/airflow/.local/lib/python3.7/site-packages/airflow/example_dags/tutorial_taskflow_api.py
[2023-01-31T13:29:16.386+0000] {processor.py:743} INFO - Processing file /home/airflow/.local/lib/python3.7/site-packages/airflow/example_dags/tutorial_taskflow_api.py for tasks to queue
[2023-01-31T13:29:16.387+0000] {logging_mixin.py:137} INFO - [2023-01-31T13:29:16.387+0000] {dagbag.py:538} INFO - Filling up the DagBag from /home/airflow/.local/lib/python3.7/site-packages/airflow/example_dags/tutorial_taskflow_api.py
[2023-01-31T13:29:16.410+0000] {processor.py:753} INFO - DAG(s) dict_keys(['tutorial_taskflow_api']) retrieved from /home/airflow/.local/lib/python3.7/site-packages/airflow/example_dags/tutorial_taskflow_api.py
[2023-01-31T13:29:16.436+0000] {logging_mixin.py:137} INFO - [2023-01-31T13:29:16.436+0000] {dag.py:2690} INFO - Sync 1 DAGs
[2023-01-31T13:29:16.472+0000] {logging_mixin.py:137} INFO - [2023-01-31T13:29:16.472+0000] {dag.py:3441} INFO - Setting next_dagrun for tutorial_taskflow_api to None, run_after=None
[2023-01-31T13:29:16.508+0000] {processor.py:175} INFO - Processing /home/airflow/.local/lib/python3.7/site-packages/airflow/example_dags/tutorial_taskflow_api.py took 0.128 seconds
[2023-01-31T13:29:46.738+0000] {processor.py:153} INFO - Started process (PID=3926) to work on /home/airflow/.local/lib/python3.7/site-packages/airflow/example_dags/tutorial_taskflow_api.py
[2023-01-31T13:29:46.739+0000] {processor.py:743} INFO - Processing file /home/airflow/.local/lib/python3.7/site-packages/airflow/example_dags/tutorial_taskflow_api.py for tasks to queue
[2023-01-31T13:29:46.739+0000] {logging_mixin.py:137} INFO - [2023-01-31T13:29:46.739+0000] {dagbag.py:538} INFO - Filling up the DagBag from /home/airflow/.local/lib/python3.7/site-packages/airflow/example_dags/tutorial_taskflow_api.py
[2023-01-31T13:29:46.763+0000] {processor.py:753} INFO - DAG(s) dict_keys(['tutorial_taskflow_api']) retrieved from /home/airflow/.local/lib/python3.7/site-packages/airflow/example_dags/tutorial_taskflow_api.py
[2023-01-31T13:29:46.793+0000] {logging_mixin.py:137} INFO - [2023-01-31T13:29:46.793+0000] {dag.py:2690} INFO - Sync 1 DAGs
[2023-01-31T13:29:46.819+0000] {logging_mixin.py:137} INFO - [2023-01-31T13:29:46.819+0000] {dag.py:3441} INFO - Setting next_dagrun for tutorial_taskflow_api to None, run_after=None
[2023-01-31T13:29:46.859+0000] {processor.py:175} INFO - Processing /home/airflow/.local/lib/python3.7/site-packages/airflow/example_dags/tutorial_taskflow_api.py took 0.126 seconds
[2023-01-31T13:30:17.259+0000] {processor.py:153} INFO - Started process (PID=4004) to work on /home/airflow/.local/lib/python3.7/site-packages/airflow/example_dags/tutorial_taskflow_api.py
[2023-01-31T13:30:17.260+0000] {processor.py:743} INFO - Processing file /home/airflow/.local/lib/python3.7/site-packages/airflow/example_dags/tutorial_taskflow_api.py for tasks to queue
[2023-01-31T13:30:17.261+0000] {logging_mixin.py:137} INFO - [2023-01-31T13:30:17.260+0000] {dagbag.py:538} INFO - Filling up the DagBag from /home/airflow/.local/lib/python3.7/site-packages/airflow/example_dags/tutorial_taskflow_api.py
[2023-01-31T13:30:17.283+0000] {processor.py:753} INFO - DAG(s) dict_keys(['tutorial_taskflow_api']) retrieved from /home/airflow/.local/lib/python3.7/site-packages/airflow/example_dags/tutorial_taskflow_api.py
[2023-01-31T13:30:17.311+0000] {logging_mixin.py:137} INFO - [2023-01-31T13:30:17.311+0000] {dag.py:2690} INFO - Sync 1 DAGs
[2023-01-31T13:30:17.339+0000] {logging_mixin.py:137} INFO - [2023-01-31T13:30:17.339+0000] {dag.py:3441} INFO - Setting next_dagrun for tutorial_taskflow_api to None, run_after=None
[2023-01-31T13:30:17.369+0000] {processor.py:175} INFO - Processing /home/airflow/.local/lib/python3.7/site-packages/airflow/example_dags/tutorial_taskflow_api.py took 0.115 seconds
[2023-01-31T13:30:47.733+0000] {processor.py:153} INFO - Started process (PID=4069) to work on /home/airflow/.local/lib/python3.7/site-packages/airflow/example_dags/tutorial_taskflow_api.py
[2023-01-31T13:30:47.734+0000] {processor.py:743} INFO - Processing file /home/airflow/.local/lib/python3.7/site-packages/airflow/example_dags/tutorial_taskflow_api.py for tasks to queue
[2023-01-31T13:30:47.735+0000] {logging_mixin.py:137} INFO - [2023-01-31T13:30:47.735+0000] {dagbag.py:538} INFO - Filling up the DagBag from /home/airflow/.local/lib/python3.7/site-packages/airflow/example_dags/tutorial_taskflow_api.py
[2023-01-31T13:30:47.758+0000] {processor.py:753} INFO - DAG(s) dict_keys(['tutorial_taskflow_api']) retrieved from /home/airflow/.local/lib/python3.7/site-packages/airflow/example_dags/tutorial_taskflow_api.py
[2023-01-31T13:30:47.791+0000] {logging_mixin.py:137} INFO - [2023-01-31T13:30:47.791+0000] {dag.py:2690} INFO - Sync 1 DAGs
[2023-01-31T13:30:47.826+0000] {logging_mixin.py:137} INFO - [2023-01-31T13:30:47.826+0000] {dag.py:3441} INFO - Setting next_dagrun for tutorial_taskflow_api to None, run_after=None
[2023-01-31T13:30:47.860+0000] {processor.py:175} INFO - Processing /home/airflow/.local/lib/python3.7/site-packages/airflow/example_dags/tutorial_taskflow_api.py took 0.131 seconds
[2023-01-31T13:31:18.830+0000] {processor.py:153} INFO - Started process (PID=4146) to work on /home/airflow/.local/lib/python3.7/site-packages/airflow/example_dags/tutorial_taskflow_api.py
[2023-01-31T13:31:18.831+0000] {processor.py:743} INFO - Processing file /home/airflow/.local/lib/python3.7/site-packages/airflow/example_dags/tutorial_taskflow_api.py for tasks to queue
[2023-01-31T13:31:18.831+0000] {logging_mixin.py:137} INFO - [2023-01-31T13:31:18.831+0000] {dagbag.py:538} INFO - Filling up the DagBag from /home/airflow/.local/lib/python3.7/site-packages/airflow/example_dags/tutorial_taskflow_api.py
[2023-01-31T13:31:18.853+0000] {processor.py:753} INFO - DAG(s) dict_keys(['tutorial_taskflow_api']) retrieved from /home/airflow/.local/lib/python3.7/site-packages/airflow/example_dags/tutorial_taskflow_api.py
[2023-01-31T13:31:18.880+0000] {logging_mixin.py:137} INFO - [2023-01-31T13:31:18.880+0000] {dag.py:2690} INFO - Sync 1 DAGs
[2023-01-31T13:31:18.904+0000] {logging_mixin.py:137} INFO - [2023-01-31T13:31:18.904+0000] {dag.py:3441} INFO - Setting next_dagrun for tutorial_taskflow_api to None, run_after=None
[2023-01-31T13:31:18.929+0000] {processor.py:175} INFO - Processing /home/airflow/.local/lib/python3.7/site-packages/airflow/example_dags/tutorial_taskflow_api.py took 0.103 seconds
