[2023-01-26T17:15:55.580+0000] {processor.py:153} INFO - Started process (PID=70) to work on /home/airflow/.local/lib/python3.7/site-packages/airflow/example_dags/example_sensor_decorator.py
[2023-01-26T17:15:55.581+0000] {processor.py:743} INFO - Processing file /home/airflow/.local/lib/python3.7/site-packages/airflow/example_dags/example_sensor_decorator.py for tasks to queue
[2023-01-26T17:15:55.582+0000] {logging_mixin.py:137} INFO - [2023-01-26T17:15:55.582+0000] {dagbag.py:538} INFO - Filling up the DagBag from /home/airflow/.local/lib/python3.7/site-packages/airflow/example_dags/example_sensor_decorator.py
[2023-01-26T17:15:55.821+0000] {processor.py:753} INFO - DAG(s) dict_keys(['example_sensor_decorator']) retrieved from /home/airflow/.local/lib/python3.7/site-packages/airflow/example_dags/example_sensor_decorator.py
[2023-01-26T17:15:55.857+0000] {logging_mixin.py:137} INFO - [2023-01-26T17:15:55.857+0000] {dag.py:2690} INFO - Sync 1 DAGs
[2023-01-26T17:15:55.896+0000] {logging_mixin.py:137} INFO - [2023-01-26T17:15:55.895+0000] {dag.py:3441} INFO - Setting next_dagrun for example_sensor_decorator to None, run_after=None
[2023-01-26T17:15:55.966+0000] {processor.py:175} INFO - Processing /home/airflow/.local/lib/python3.7/site-packages/airflow/example_dags/example_sensor_decorator.py took 0.391 seconds
[2023-01-26T17:16:26.340+0000] {processor.py:153} INFO - Started process (PID=133) to work on /home/airflow/.local/lib/python3.7/site-packages/airflow/example_dags/example_sensor_decorator.py
[2023-01-26T17:16:26.341+0000] {processor.py:743} INFO - Processing file /home/airflow/.local/lib/python3.7/site-packages/airflow/example_dags/example_sensor_decorator.py for tasks to queue
[2023-01-26T17:16:26.341+0000] {logging_mixin.py:137} INFO - [2023-01-26T17:16:26.341+0000] {dagbag.py:538} INFO - Filling up the DagBag from /home/airflow/.local/lib/python3.7/site-packages/airflow/example_dags/example_sensor_decorator.py
[2023-01-26T17:16:26.367+0000] {processor.py:753} INFO - DAG(s) dict_keys(['example_sensor_decorator']) retrieved from /home/airflow/.local/lib/python3.7/site-packages/airflow/example_dags/example_sensor_decorator.py
[2023-01-26T17:16:26.397+0000] {logging_mixin.py:137} INFO - [2023-01-26T17:16:26.397+0000] {dag.py:2690} INFO - Sync 1 DAGs
[2023-01-26T17:16:26.426+0000] {logging_mixin.py:137} INFO - [2023-01-26T17:16:26.426+0000] {dag.py:3441} INFO - Setting next_dagrun for example_sensor_decorator to None, run_after=None
[2023-01-26T17:16:26.453+0000] {processor.py:175} INFO - Processing /home/airflow/.local/lib/python3.7/site-packages/airflow/example_dags/example_sensor_decorator.py took 0.117 seconds
[2023-01-26T17:16:56.559+0000] {processor.py:153} INFO - Started process (PID=199) to work on /home/airflow/.local/lib/python3.7/site-packages/airflow/example_dags/example_sensor_decorator.py
[2023-01-26T17:16:56.559+0000] {processor.py:743} INFO - Processing file /home/airflow/.local/lib/python3.7/site-packages/airflow/example_dags/example_sensor_decorator.py for tasks to queue
[2023-01-26T17:16:56.560+0000] {logging_mixin.py:137} INFO - [2023-01-26T17:16:56.560+0000] {dagbag.py:538} INFO - Filling up the DagBag from /home/airflow/.local/lib/python3.7/site-packages/airflow/example_dags/example_sensor_decorator.py
[2023-01-26T17:16:56.590+0000] {processor.py:753} INFO - DAG(s) dict_keys(['example_sensor_decorator']) retrieved from /home/airflow/.local/lib/python3.7/site-packages/airflow/example_dags/example_sensor_decorator.py
[2023-01-26T17:16:56.623+0000] {logging_mixin.py:137} INFO - [2023-01-26T17:16:56.622+0000] {dag.py:2690} INFO - Sync 1 DAGs
[2023-01-26T17:16:56.650+0000] {logging_mixin.py:137} INFO - [2023-01-26T17:16:56.650+0000] {dag.py:3441} INFO - Setting next_dagrun for example_sensor_decorator to None, run_after=None
[2023-01-26T17:16:56.673+0000] {processor.py:175} INFO - Processing /home/airflow/.local/lib/python3.7/site-packages/airflow/example_dags/example_sensor_decorator.py took 0.118 seconds
[2023-01-26T17:17:27.481+0000] {processor.py:153} INFO - Started process (PID=276) to work on /home/airflow/.local/lib/python3.7/site-packages/airflow/example_dags/example_sensor_decorator.py
[2023-01-26T17:17:27.482+0000] {processor.py:743} INFO - Processing file /home/airflow/.local/lib/python3.7/site-packages/airflow/example_dags/example_sensor_decorator.py for tasks to queue
[2023-01-26T17:17:27.483+0000] {logging_mixin.py:137} INFO - [2023-01-26T17:17:27.482+0000] {dagbag.py:538} INFO - Filling up the DagBag from /home/airflow/.local/lib/python3.7/site-packages/airflow/example_dags/example_sensor_decorator.py
[2023-01-26T17:17:27.506+0000] {processor.py:753} INFO - DAG(s) dict_keys(['example_sensor_decorator']) retrieved from /home/airflow/.local/lib/python3.7/site-packages/airflow/example_dags/example_sensor_decorator.py
[2023-01-26T17:17:27.528+0000] {logging_mixin.py:137} INFO - [2023-01-26T17:17:27.527+0000] {dag.py:2690} INFO - Sync 1 DAGs
[2023-01-26T17:17:27.558+0000] {logging_mixin.py:137} INFO - [2023-01-26T17:17:27.558+0000] {dag.py:3441} INFO - Setting next_dagrun for example_sensor_decorator to None, run_after=None
[2023-01-26T17:17:27.582+0000] {processor.py:175} INFO - Processing /home/airflow/.local/lib/python3.7/site-packages/airflow/example_dags/example_sensor_decorator.py took 0.104 seconds
[2023-01-26T17:17:58.335+0000] {processor.py:153} INFO - Started process (PID=342) to work on /home/airflow/.local/lib/python3.7/site-packages/airflow/example_dags/example_sensor_decorator.py
[2023-01-26T17:17:58.336+0000] {processor.py:743} INFO - Processing file /home/airflow/.local/lib/python3.7/site-packages/airflow/example_dags/example_sensor_decorator.py for tasks to queue
[2023-01-26T17:17:58.336+0000] {logging_mixin.py:137} INFO - [2023-01-26T17:17:58.336+0000] {dagbag.py:538} INFO - Filling up the DagBag from /home/airflow/.local/lib/python3.7/site-packages/airflow/example_dags/example_sensor_decorator.py
[2023-01-26T17:17:58.362+0000] {processor.py:753} INFO - DAG(s) dict_keys(['example_sensor_decorator']) retrieved from /home/airflow/.local/lib/python3.7/site-packages/airflow/example_dags/example_sensor_decorator.py
[2023-01-26T17:17:58.387+0000] {logging_mixin.py:137} INFO - [2023-01-26T17:17:58.387+0000] {dag.py:2690} INFO - Sync 1 DAGs
[2023-01-26T17:17:58.415+0000] {logging_mixin.py:137} INFO - [2023-01-26T17:17:58.415+0000] {dag.py:3441} INFO - Setting next_dagrun for example_sensor_decorator to None, run_after=None
[2023-01-26T17:17:58.456+0000] {processor.py:175} INFO - Processing /home/airflow/.local/lib/python3.7/site-packages/airflow/example_dags/example_sensor_decorator.py took 0.125 seconds
[2023-01-26T17:18:28.795+0000] {processor.py:153} INFO - Started process (PID=420) to work on /home/airflow/.local/lib/python3.7/site-packages/airflow/example_dags/example_sensor_decorator.py
[2023-01-26T17:18:28.796+0000] {processor.py:743} INFO - Processing file /home/airflow/.local/lib/python3.7/site-packages/airflow/example_dags/example_sensor_decorator.py for tasks to queue
[2023-01-26T17:18:28.797+0000] {logging_mixin.py:137} INFO - [2023-01-26T17:18:28.797+0000] {dagbag.py:538} INFO - Filling up the DagBag from /home/airflow/.local/lib/python3.7/site-packages/airflow/example_dags/example_sensor_decorator.py
[2023-01-26T17:18:28.820+0000] {processor.py:753} INFO - DAG(s) dict_keys(['example_sensor_decorator']) retrieved from /home/airflow/.local/lib/python3.7/site-packages/airflow/example_dags/example_sensor_decorator.py
[2023-01-26T17:18:28.846+0000] {logging_mixin.py:137} INFO - [2023-01-26T17:18:28.846+0000] {dag.py:2690} INFO - Sync 1 DAGs
[2023-01-26T17:18:28.869+0000] {logging_mixin.py:137} INFO - [2023-01-26T17:18:28.869+0000] {dag.py:3441} INFO - Setting next_dagrun for example_sensor_decorator to None, run_after=None
[2023-01-26T17:18:28.898+0000] {processor.py:175} INFO - Processing /home/airflow/.local/lib/python3.7/site-packages/airflow/example_dags/example_sensor_decorator.py took 0.106 seconds
[2023-01-26T17:18:58.926+0000] {processor.py:153} INFO - Started process (PID=485) to work on /home/airflow/.local/lib/python3.7/site-packages/airflow/example_dags/example_sensor_decorator.py
[2023-01-26T17:18:58.927+0000] {processor.py:743} INFO - Processing file /home/airflow/.local/lib/python3.7/site-packages/airflow/example_dags/example_sensor_decorator.py for tasks to queue
[2023-01-26T17:18:58.927+0000] {logging_mixin.py:137} INFO - [2023-01-26T17:18:58.927+0000] {dagbag.py:538} INFO - Filling up the DagBag from /home/airflow/.local/lib/python3.7/site-packages/airflow/example_dags/example_sensor_decorator.py
[2023-01-26T17:18:58.954+0000] {processor.py:753} INFO - DAG(s) dict_keys(['example_sensor_decorator']) retrieved from /home/airflow/.local/lib/python3.7/site-packages/airflow/example_dags/example_sensor_decorator.py
[2023-01-26T17:18:58.977+0000] {logging_mixin.py:137} INFO - [2023-01-26T17:18:58.977+0000] {dag.py:2690} INFO - Sync 1 DAGs
[2023-01-26T17:18:58.999+0000] {logging_mixin.py:137} INFO - [2023-01-26T17:18:58.999+0000] {dag.py:3441} INFO - Setting next_dagrun for example_sensor_decorator to None, run_after=None
[2023-01-26T17:18:59.021+0000] {processor.py:175} INFO - Processing /home/airflow/.local/lib/python3.7/site-packages/airflow/example_dags/example_sensor_decorator.py took 0.098 seconds
[2023-01-26T17:19:29.061+0000] {processor.py:153} INFO - Started process (PID=563) to work on /home/airflow/.local/lib/python3.7/site-packages/airflow/example_dags/example_sensor_decorator.py
[2023-01-26T17:19:29.062+0000] {processor.py:743} INFO - Processing file /home/airflow/.local/lib/python3.7/site-packages/airflow/example_dags/example_sensor_decorator.py for tasks to queue
[2023-01-26T17:19:29.063+0000] {logging_mixin.py:137} INFO - [2023-01-26T17:19:29.063+0000] {dagbag.py:538} INFO - Filling up the DagBag from /home/airflow/.local/lib/python3.7/site-packages/airflow/example_dags/example_sensor_decorator.py
[2023-01-26T17:19:29.086+0000] {processor.py:753} INFO - DAG(s) dict_keys(['example_sensor_decorator']) retrieved from /home/airflow/.local/lib/python3.7/site-packages/airflow/example_dags/example_sensor_decorator.py
[2023-01-26T17:19:29.117+0000] {logging_mixin.py:137} INFO - [2023-01-26T17:19:29.116+0000] {dag.py:2690} INFO - Sync 1 DAGs
[2023-01-26T17:19:29.147+0000] {logging_mixin.py:137} INFO - [2023-01-26T17:19:29.147+0000] {dag.py:3441} INFO - Setting next_dagrun for example_sensor_decorator to None, run_after=None
[2023-01-26T17:19:29.178+0000] {processor.py:175} INFO - Processing /home/airflow/.local/lib/python3.7/site-packages/airflow/example_dags/example_sensor_decorator.py took 0.121 seconds
[2023-01-26T17:19:59.221+0000] {processor.py:153} INFO - Started process (PID=628) to work on /home/airflow/.local/lib/python3.7/site-packages/airflow/example_dags/example_sensor_decorator.py
[2023-01-26T17:19:59.222+0000] {processor.py:743} INFO - Processing file /home/airflow/.local/lib/python3.7/site-packages/airflow/example_dags/example_sensor_decorator.py for tasks to queue
[2023-01-26T17:19:59.222+0000] {logging_mixin.py:137} INFO - [2023-01-26T17:19:59.222+0000] {dagbag.py:538} INFO - Filling up the DagBag from /home/airflow/.local/lib/python3.7/site-packages/airflow/example_dags/example_sensor_decorator.py
[2023-01-26T17:19:59.247+0000] {processor.py:753} INFO - DAG(s) dict_keys(['example_sensor_decorator']) retrieved from /home/airflow/.local/lib/python3.7/site-packages/airflow/example_dags/example_sensor_decorator.py
[2023-01-26T17:19:59.269+0000] {logging_mixin.py:137} INFO - [2023-01-26T17:19:59.269+0000] {dag.py:2690} INFO - Sync 1 DAGs
[2023-01-26T17:19:59.294+0000] {logging_mixin.py:137} INFO - [2023-01-26T17:19:59.294+0000] {dag.py:3441} INFO - Setting next_dagrun for example_sensor_decorator to None, run_after=None
[2023-01-26T17:19:59.323+0000] {processor.py:175} INFO - Processing /home/airflow/.local/lib/python3.7/site-packages/airflow/example_dags/example_sensor_decorator.py took 0.106 seconds
[2023-01-26T17:20:29.731+0000] {processor.py:153} INFO - Started process (PID=704) to work on /home/airflow/.local/lib/python3.7/site-packages/airflow/example_dags/example_sensor_decorator.py
[2023-01-26T17:20:29.735+0000] {processor.py:743} INFO - Processing file /home/airflow/.local/lib/python3.7/site-packages/airflow/example_dags/example_sensor_decorator.py for tasks to queue
[2023-01-26T17:20:29.736+0000] {logging_mixin.py:137} INFO - [2023-01-26T17:20:29.736+0000] {dagbag.py:538} INFO - Filling up the DagBag from /home/airflow/.local/lib/python3.7/site-packages/airflow/example_dags/example_sensor_decorator.py
[2023-01-26T17:20:29.765+0000] {processor.py:753} INFO - DAG(s) dict_keys(['example_sensor_decorator']) retrieved from /home/airflow/.local/lib/python3.7/site-packages/airflow/example_dags/example_sensor_decorator.py
[2023-01-26T17:20:29.796+0000] {logging_mixin.py:137} INFO - [2023-01-26T17:20:29.796+0000] {dag.py:2690} INFO - Sync 1 DAGs
[2023-01-26T17:20:29.825+0000] {logging_mixin.py:137} INFO - [2023-01-26T17:20:29.825+0000] {dag.py:3441} INFO - Setting next_dagrun for example_sensor_decorator to None, run_after=None
[2023-01-26T17:20:29.851+0000] {processor.py:175} INFO - Processing /home/airflow/.local/lib/python3.7/site-packages/airflow/example_dags/example_sensor_decorator.py took 0.124 seconds
[2023-01-26T17:21:00.388+0000] {processor.py:153} INFO - Started process (PID=769) to work on /home/airflow/.local/lib/python3.7/site-packages/airflow/example_dags/example_sensor_decorator.py
[2023-01-26T17:21:00.389+0000] {processor.py:743} INFO - Processing file /home/airflow/.local/lib/python3.7/site-packages/airflow/example_dags/example_sensor_decorator.py for tasks to queue
[2023-01-26T17:21:00.390+0000] {logging_mixin.py:137} INFO - [2023-01-26T17:21:00.390+0000] {dagbag.py:538} INFO - Filling up the DagBag from /home/airflow/.local/lib/python3.7/site-packages/airflow/example_dags/example_sensor_decorator.py
[2023-01-26T17:21:00.412+0000] {processor.py:753} INFO - DAG(s) dict_keys(['example_sensor_decorator']) retrieved from /home/airflow/.local/lib/python3.7/site-packages/airflow/example_dags/example_sensor_decorator.py
[2023-01-26T17:21:00.433+0000] {logging_mixin.py:137} INFO - [2023-01-26T17:21:00.433+0000] {dag.py:2690} INFO - Sync 1 DAGs
[2023-01-26T17:21:00.456+0000] {logging_mixin.py:137} INFO - [2023-01-26T17:21:00.456+0000] {dag.py:3441} INFO - Setting next_dagrun for example_sensor_decorator to None, run_after=None
[2023-01-26T17:21:00.479+0000] {processor.py:175} INFO - Processing /home/airflow/.local/lib/python3.7/site-packages/airflow/example_dags/example_sensor_decorator.py took 0.104 seconds
[2023-01-26T17:21:31.067+0000] {processor.py:153} INFO - Started process (PID=846) to work on /home/airflow/.local/lib/python3.7/site-packages/airflow/example_dags/example_sensor_decorator.py
[2023-01-26T17:21:31.075+0000] {processor.py:743} INFO - Processing file /home/airflow/.local/lib/python3.7/site-packages/airflow/example_dags/example_sensor_decorator.py for tasks to queue
[2023-01-26T17:21:31.076+0000] {logging_mixin.py:137} INFO - [2023-01-26T17:21:31.076+0000] {dagbag.py:538} INFO - Filling up the DagBag from /home/airflow/.local/lib/python3.7/site-packages/airflow/example_dags/example_sensor_decorator.py
[2023-01-26T17:21:31.123+0000] {processor.py:753} INFO - DAG(s) dict_keys(['example_sensor_decorator']) retrieved from /home/airflow/.local/lib/python3.7/site-packages/airflow/example_dags/example_sensor_decorator.py
[2023-01-26T17:21:31.158+0000] {logging_mixin.py:137} INFO - [2023-01-26T17:21:31.158+0000] {dag.py:2690} INFO - Sync 1 DAGs
[2023-01-26T17:21:31.197+0000] {logging_mixin.py:137} INFO - [2023-01-26T17:21:31.197+0000] {dag.py:3441} INFO - Setting next_dagrun for example_sensor_decorator to None, run_after=None
[2023-01-26T17:21:31.235+0000] {processor.py:175} INFO - Processing /home/airflow/.local/lib/python3.7/site-packages/airflow/example_dags/example_sensor_decorator.py took 0.172 seconds
[2023-01-26T17:22:02.002+0000] {processor.py:153} INFO - Started process (PID=911) to work on /home/airflow/.local/lib/python3.7/site-packages/airflow/example_dags/example_sensor_decorator.py
[2023-01-26T17:22:02.002+0000] {processor.py:743} INFO - Processing file /home/airflow/.local/lib/python3.7/site-packages/airflow/example_dags/example_sensor_decorator.py for tasks to queue
[2023-01-26T17:22:02.003+0000] {logging_mixin.py:137} INFO - [2023-01-26T17:22:02.003+0000] {dagbag.py:538} INFO - Filling up the DagBag from /home/airflow/.local/lib/python3.7/site-packages/airflow/example_dags/example_sensor_decorator.py
[2023-01-26T17:22:02.032+0000] {processor.py:753} INFO - DAG(s) dict_keys(['example_sensor_decorator']) retrieved from /home/airflow/.local/lib/python3.7/site-packages/airflow/example_dags/example_sensor_decorator.py
[2023-01-26T17:22:02.062+0000] {logging_mixin.py:137} INFO - [2023-01-26T17:22:02.062+0000] {dag.py:2690} INFO - Sync 1 DAGs
[2023-01-26T17:22:02.091+0000] {logging_mixin.py:137} INFO - [2023-01-26T17:22:02.091+0000] {dag.py:3441} INFO - Setting next_dagrun for example_sensor_decorator to None, run_after=None
[2023-01-26T17:22:02.117+0000] {processor.py:175} INFO - Processing /home/airflow/.local/lib/python3.7/site-packages/airflow/example_dags/example_sensor_decorator.py took 0.119 seconds
[2023-01-26T17:22:32.556+0000] {processor.py:153} INFO - Started process (PID=988) to work on /home/airflow/.local/lib/python3.7/site-packages/airflow/example_dags/example_sensor_decorator.py
[2023-01-26T17:22:32.557+0000] {processor.py:743} INFO - Processing file /home/airflow/.local/lib/python3.7/site-packages/airflow/example_dags/example_sensor_decorator.py for tasks to queue
[2023-01-26T17:22:32.558+0000] {logging_mixin.py:137} INFO - [2023-01-26T17:22:32.558+0000] {dagbag.py:538} INFO - Filling up the DagBag from /home/airflow/.local/lib/python3.7/site-packages/airflow/example_dags/example_sensor_decorator.py
[2023-01-26T17:22:32.587+0000] {processor.py:753} INFO - DAG(s) dict_keys(['example_sensor_decorator']) retrieved from /home/airflow/.local/lib/python3.7/site-packages/airflow/example_dags/example_sensor_decorator.py
[2023-01-26T17:22:32.616+0000] {logging_mixin.py:137} INFO - [2023-01-26T17:22:32.616+0000] {dag.py:2690} INFO - Sync 1 DAGs
[2023-01-26T17:22:32.650+0000] {logging_mixin.py:137} INFO - [2023-01-26T17:22:32.649+0000] {dag.py:3441} INFO - Setting next_dagrun for example_sensor_decorator to None, run_after=None
[2023-01-26T17:22:32.678+0000] {processor.py:175} INFO - Processing /home/airflow/.local/lib/python3.7/site-packages/airflow/example_dags/example_sensor_decorator.py took 0.126 seconds
[2023-01-26T17:23:03.343+0000] {processor.py:153} INFO - Started process (PID=1053) to work on /home/airflow/.local/lib/python3.7/site-packages/airflow/example_dags/example_sensor_decorator.py
[2023-01-26T17:23:03.344+0000] {processor.py:743} INFO - Processing file /home/airflow/.local/lib/python3.7/site-packages/airflow/example_dags/example_sensor_decorator.py for tasks to queue
[2023-01-26T17:23:03.345+0000] {logging_mixin.py:137} INFO - [2023-01-26T17:23:03.345+0000] {dagbag.py:538} INFO - Filling up the DagBag from /home/airflow/.local/lib/python3.7/site-packages/airflow/example_dags/example_sensor_decorator.py
[2023-01-26T17:23:03.374+0000] {processor.py:753} INFO - DAG(s) dict_keys(['example_sensor_decorator']) retrieved from /home/airflow/.local/lib/python3.7/site-packages/airflow/example_dags/example_sensor_decorator.py
[2023-01-26T17:23:03.428+0000] {logging_mixin.py:137} INFO - [2023-01-26T17:23:03.428+0000] {dag.py:2690} INFO - Sync 1 DAGs
[2023-01-26T17:23:03.497+0000] {logging_mixin.py:137} INFO - [2023-01-26T17:23:03.497+0000] {dag.py:3441} INFO - Setting next_dagrun for example_sensor_decorator to None, run_after=None
[2023-01-26T17:23:03.527+0000] {processor.py:175} INFO - Processing /home/airflow/.local/lib/python3.7/site-packages/airflow/example_dags/example_sensor_decorator.py took 0.188 seconds
[2023-01-26T17:23:33.616+0000] {processor.py:153} INFO - Started process (PID=1130) to work on /home/airflow/.local/lib/python3.7/site-packages/airflow/example_dags/example_sensor_decorator.py
[2023-01-26T17:23:33.617+0000] {processor.py:743} INFO - Processing file /home/airflow/.local/lib/python3.7/site-packages/airflow/example_dags/example_sensor_decorator.py for tasks to queue
[2023-01-26T17:23:33.618+0000] {logging_mixin.py:137} INFO - [2023-01-26T17:23:33.618+0000] {dagbag.py:538} INFO - Filling up the DagBag from /home/airflow/.local/lib/python3.7/site-packages/airflow/example_dags/example_sensor_decorator.py
[2023-01-26T17:23:33.644+0000] {processor.py:753} INFO - DAG(s) dict_keys(['example_sensor_decorator']) retrieved from /home/airflow/.local/lib/python3.7/site-packages/airflow/example_dags/example_sensor_decorator.py
[2023-01-26T17:23:33.665+0000] {logging_mixin.py:137} INFO - [2023-01-26T17:23:33.665+0000] {dag.py:2690} INFO - Sync 1 DAGs
[2023-01-26T17:23:33.688+0000] {logging_mixin.py:137} INFO - [2023-01-26T17:23:33.688+0000] {dag.py:3441} INFO - Setting next_dagrun for example_sensor_decorator to None, run_after=None
[2023-01-26T17:23:33.714+0000] {processor.py:175} INFO - Processing /home/airflow/.local/lib/python3.7/site-packages/airflow/example_dags/example_sensor_decorator.py took 0.103 seconds
[2023-01-26T17:24:04.482+0000] {processor.py:153} INFO - Started process (PID=1195) to work on /home/airflow/.local/lib/python3.7/site-packages/airflow/example_dags/example_sensor_decorator.py
[2023-01-26T17:24:04.482+0000] {processor.py:743} INFO - Processing file /home/airflow/.local/lib/python3.7/site-packages/airflow/example_dags/example_sensor_decorator.py for tasks to queue
[2023-01-26T17:24:04.483+0000] {logging_mixin.py:137} INFO - [2023-01-26T17:24:04.483+0000] {dagbag.py:538} INFO - Filling up the DagBag from /home/airflow/.local/lib/python3.7/site-packages/airflow/example_dags/example_sensor_decorator.py
[2023-01-26T17:24:04.512+0000] {processor.py:753} INFO - DAG(s) dict_keys(['example_sensor_decorator']) retrieved from /home/airflow/.local/lib/python3.7/site-packages/airflow/example_dags/example_sensor_decorator.py
[2023-01-26T17:24:04.541+0000] {logging_mixin.py:137} INFO - [2023-01-26T17:24:04.541+0000] {dag.py:2690} INFO - Sync 1 DAGs
[2023-01-26T17:24:04.566+0000] {logging_mixin.py:137} INFO - [2023-01-26T17:24:04.566+0000] {dag.py:3441} INFO - Setting next_dagrun for example_sensor_decorator to None, run_after=None
[2023-01-26T17:24:04.592+0000] {processor.py:175} INFO - Processing /home/airflow/.local/lib/python3.7/site-packages/airflow/example_dags/example_sensor_decorator.py took 0.114 seconds
[2023-01-26T17:24:35.556+0000] {processor.py:153} INFO - Started process (PID=1272) to work on /home/airflow/.local/lib/python3.7/site-packages/airflow/example_dags/example_sensor_decorator.py
[2023-01-26T17:24:35.557+0000] {processor.py:743} INFO - Processing file /home/airflow/.local/lib/python3.7/site-packages/airflow/example_dags/example_sensor_decorator.py for tasks to queue
[2023-01-26T17:24:35.557+0000] {logging_mixin.py:137} INFO - [2023-01-26T17:24:35.557+0000] {dagbag.py:538} INFO - Filling up the DagBag from /home/airflow/.local/lib/python3.7/site-packages/airflow/example_dags/example_sensor_decorator.py
[2023-01-26T17:24:35.582+0000] {processor.py:753} INFO - DAG(s) dict_keys(['example_sensor_decorator']) retrieved from /home/airflow/.local/lib/python3.7/site-packages/airflow/example_dags/example_sensor_decorator.py
[2023-01-26T17:24:35.610+0000] {logging_mixin.py:137} INFO - [2023-01-26T17:24:35.610+0000] {dag.py:2690} INFO - Sync 1 DAGs
[2023-01-26T17:24:35.640+0000] {logging_mixin.py:137} INFO - [2023-01-26T17:24:35.640+0000] {dag.py:3441} INFO - Setting next_dagrun for example_sensor_decorator to None, run_after=None
[2023-01-26T17:24:35.710+0000] {processor.py:175} INFO - Processing /home/airflow/.local/lib/python3.7/site-packages/airflow/example_dags/example_sensor_decorator.py took 0.158 seconds
[2023-01-26T17:25:05.816+0000] {processor.py:153} INFO - Started process (PID=1337) to work on /home/airflow/.local/lib/python3.7/site-packages/airflow/example_dags/example_sensor_decorator.py
[2023-01-26T17:25:05.816+0000] {processor.py:743} INFO - Processing file /home/airflow/.local/lib/python3.7/site-packages/airflow/example_dags/example_sensor_decorator.py for tasks to queue
[2023-01-26T17:25:05.817+0000] {logging_mixin.py:137} INFO - [2023-01-26T17:25:05.817+0000] {dagbag.py:538} INFO - Filling up the DagBag from /home/airflow/.local/lib/python3.7/site-packages/airflow/example_dags/example_sensor_decorator.py
[2023-01-26T17:25:05.846+0000] {processor.py:753} INFO - DAG(s) dict_keys(['example_sensor_decorator']) retrieved from /home/airflow/.local/lib/python3.7/site-packages/airflow/example_dags/example_sensor_decorator.py
[2023-01-26T17:25:05.875+0000] {logging_mixin.py:137} INFO - [2023-01-26T17:25:05.875+0000] {dag.py:2690} INFO - Sync 1 DAGs
[2023-01-26T17:25:05.913+0000] {logging_mixin.py:137} INFO - [2023-01-26T17:25:05.913+0000] {dag.py:3441} INFO - Setting next_dagrun for example_sensor_decorator to None, run_after=None
[2023-01-26T17:25:05.946+0000] {processor.py:175} INFO - Processing /home/airflow/.local/lib/python3.7/site-packages/airflow/example_dags/example_sensor_decorator.py took 0.135 seconds
[2023-01-26T17:25:36.678+0000] {processor.py:153} INFO - Started process (PID=1414) to work on /home/airflow/.local/lib/python3.7/site-packages/airflow/example_dags/example_sensor_decorator.py
[2023-01-26T17:25:36.679+0000] {processor.py:743} INFO - Processing file /home/airflow/.local/lib/python3.7/site-packages/airflow/example_dags/example_sensor_decorator.py for tasks to queue
[2023-01-26T17:25:36.679+0000] {logging_mixin.py:137} INFO - [2023-01-26T17:25:36.679+0000] {dagbag.py:538} INFO - Filling up the DagBag from /home/airflow/.local/lib/python3.7/site-packages/airflow/example_dags/example_sensor_decorator.py
[2023-01-26T17:25:36.703+0000] {processor.py:753} INFO - DAG(s) dict_keys(['example_sensor_decorator']) retrieved from /home/airflow/.local/lib/python3.7/site-packages/airflow/example_dags/example_sensor_decorator.py
[2023-01-26T17:25:36.730+0000] {logging_mixin.py:137} INFO - [2023-01-26T17:25:36.730+0000] {dag.py:2690} INFO - Sync 1 DAGs
[2023-01-26T17:25:36.761+0000] {logging_mixin.py:137} INFO - [2023-01-26T17:25:36.761+0000] {dag.py:3441} INFO - Setting next_dagrun for example_sensor_decorator to None, run_after=None
[2023-01-26T17:25:36.786+0000] {processor.py:175} INFO - Processing /home/airflow/.local/lib/python3.7/site-packages/airflow/example_dags/example_sensor_decorator.py took 0.112 seconds
[2023-01-26T17:26:07.308+0000] {processor.py:153} INFO - Started process (PID=1479) to work on /home/airflow/.local/lib/python3.7/site-packages/airflow/example_dags/example_sensor_decorator.py
[2023-01-26T17:26:07.309+0000] {processor.py:743} INFO - Processing file /home/airflow/.local/lib/python3.7/site-packages/airflow/example_dags/example_sensor_decorator.py for tasks to queue
[2023-01-26T17:26:07.310+0000] {logging_mixin.py:137} INFO - [2023-01-26T17:26:07.310+0000] {dagbag.py:538} INFO - Filling up the DagBag from /home/airflow/.local/lib/python3.7/site-packages/airflow/example_dags/example_sensor_decorator.py
[2023-01-26T17:26:07.343+0000] {processor.py:753} INFO - DAG(s) dict_keys(['example_sensor_decorator']) retrieved from /home/airflow/.local/lib/python3.7/site-packages/airflow/example_dags/example_sensor_decorator.py
[2023-01-26T17:26:07.375+0000] {logging_mixin.py:137} INFO - [2023-01-26T17:26:07.375+0000] {dag.py:2690} INFO - Sync 1 DAGs
[2023-01-26T17:26:07.410+0000] {logging_mixin.py:137} INFO - [2023-01-26T17:26:07.410+0000] {dag.py:3441} INFO - Setting next_dagrun for example_sensor_decorator to None, run_after=None
[2023-01-26T17:26:07.438+0000] {processor.py:175} INFO - Processing /home/airflow/.local/lib/python3.7/site-packages/airflow/example_dags/example_sensor_decorator.py took 0.134 seconds
[2023-01-26T17:26:38.105+0000] {processor.py:153} INFO - Started process (PID=1556) to work on /home/airflow/.local/lib/python3.7/site-packages/airflow/example_dags/example_sensor_decorator.py
[2023-01-26T17:26:38.105+0000] {processor.py:743} INFO - Processing file /home/airflow/.local/lib/python3.7/site-packages/airflow/example_dags/example_sensor_decorator.py for tasks to queue
[2023-01-26T17:26:38.106+0000] {logging_mixin.py:137} INFO - [2023-01-26T17:26:38.106+0000] {dagbag.py:538} INFO - Filling up the DagBag from /home/airflow/.local/lib/python3.7/site-packages/airflow/example_dags/example_sensor_decorator.py
[2023-01-26T17:26:38.126+0000] {processor.py:753} INFO - DAG(s) dict_keys(['example_sensor_decorator']) retrieved from /home/airflow/.local/lib/python3.7/site-packages/airflow/example_dags/example_sensor_decorator.py
[2023-01-26T17:26:38.159+0000] {logging_mixin.py:137} INFO - [2023-01-26T17:26:38.158+0000] {dag.py:2690} INFO - Sync 1 DAGs
[2023-01-26T17:26:38.192+0000] {logging_mixin.py:137} INFO - [2023-01-26T17:26:38.191+0000] {dag.py:3441} INFO - Setting next_dagrun for example_sensor_decorator to None, run_after=None
[2023-01-26T17:26:38.219+0000] {processor.py:175} INFO - Processing /home/airflow/.local/lib/python3.7/site-packages/airflow/example_dags/example_sensor_decorator.py took 0.118 seconds
[2023-01-26T17:27:08.645+0000] {processor.py:153} INFO - Started process (PID=1622) to work on /home/airflow/.local/lib/python3.7/site-packages/airflow/example_dags/example_sensor_decorator.py
[2023-01-26T17:27:08.646+0000] {processor.py:743} INFO - Processing file /home/airflow/.local/lib/python3.7/site-packages/airflow/example_dags/example_sensor_decorator.py for tasks to queue
[2023-01-26T17:27:08.646+0000] {logging_mixin.py:137} INFO - [2023-01-26T17:27:08.646+0000] {dagbag.py:538} INFO - Filling up the DagBag from /home/airflow/.local/lib/python3.7/site-packages/airflow/example_dags/example_sensor_decorator.py
[2023-01-26T17:27:08.676+0000] {processor.py:753} INFO - DAG(s) dict_keys(['example_sensor_decorator']) retrieved from /home/airflow/.local/lib/python3.7/site-packages/airflow/example_dags/example_sensor_decorator.py
[2023-01-26T17:27:08.731+0000] {logging_mixin.py:137} INFO - [2023-01-26T17:27:08.730+0000] {dag.py:2690} INFO - Sync 1 DAGs
[2023-01-26T17:27:08.772+0000] {logging_mixin.py:137} INFO - [2023-01-26T17:27:08.771+0000] {dag.py:3441} INFO - Setting next_dagrun for example_sensor_decorator to None, run_after=None
[2023-01-26T17:27:08.801+0000] {processor.py:175} INFO - Processing /home/airflow/.local/lib/python3.7/site-packages/airflow/example_dags/example_sensor_decorator.py took 0.160 seconds
[2023-01-26T17:27:39.735+0000] {processor.py:153} INFO - Started process (PID=1699) to work on /home/airflow/.local/lib/python3.7/site-packages/airflow/example_dags/example_sensor_decorator.py
[2023-01-26T17:27:39.736+0000] {processor.py:743} INFO - Processing file /home/airflow/.local/lib/python3.7/site-packages/airflow/example_dags/example_sensor_decorator.py for tasks to queue
[2023-01-26T17:27:39.737+0000] {logging_mixin.py:137} INFO - [2023-01-26T17:27:39.736+0000] {dagbag.py:538} INFO - Filling up the DagBag from /home/airflow/.local/lib/python3.7/site-packages/airflow/example_dags/example_sensor_decorator.py
[2023-01-26T17:27:39.761+0000] {processor.py:753} INFO - DAG(s) dict_keys(['example_sensor_decorator']) retrieved from /home/airflow/.local/lib/python3.7/site-packages/airflow/example_dags/example_sensor_decorator.py
[2023-01-26T17:27:39.784+0000] {logging_mixin.py:137} INFO - [2023-01-26T17:27:39.784+0000] {dag.py:2690} INFO - Sync 1 DAGs
[2023-01-26T17:27:39.808+0000] {logging_mixin.py:137} INFO - [2023-01-26T17:27:39.808+0000] {dag.py:3441} INFO - Setting next_dagrun for example_sensor_decorator to None, run_after=None
[2023-01-26T17:27:39.836+0000] {processor.py:175} INFO - Processing /home/airflow/.local/lib/python3.7/site-packages/airflow/example_dags/example_sensor_decorator.py took 0.105 seconds
[2023-01-26T17:28:09.889+0000] {processor.py:153} INFO - Started process (PID=1764) to work on /home/airflow/.local/lib/python3.7/site-packages/airflow/example_dags/example_sensor_decorator.py
[2023-01-26T17:28:09.890+0000] {processor.py:743} INFO - Processing file /home/airflow/.local/lib/python3.7/site-packages/airflow/example_dags/example_sensor_decorator.py for tasks to queue
[2023-01-26T17:28:09.890+0000] {logging_mixin.py:137} INFO - [2023-01-26T17:28:09.890+0000] {dagbag.py:538} INFO - Filling up the DagBag from /home/airflow/.local/lib/python3.7/site-packages/airflow/example_dags/example_sensor_decorator.py
[2023-01-26T17:28:09.918+0000] {processor.py:753} INFO - DAG(s) dict_keys(['example_sensor_decorator']) retrieved from /home/airflow/.local/lib/python3.7/site-packages/airflow/example_dags/example_sensor_decorator.py
[2023-01-26T17:28:09.940+0000] {logging_mixin.py:137} INFO - [2023-01-26T17:28:09.940+0000] {dag.py:2690} INFO - Sync 1 DAGs
[2023-01-26T17:28:09.962+0000] {logging_mixin.py:137} INFO - [2023-01-26T17:28:09.962+0000] {dag.py:3441} INFO - Setting next_dagrun for example_sensor_decorator to None, run_after=None
[2023-01-26T17:28:09.985+0000] {processor.py:175} INFO - Processing /home/airflow/.local/lib/python3.7/site-packages/airflow/example_dags/example_sensor_decorator.py took 0.100 seconds
[2023-01-26T17:28:40.008+0000] {processor.py:153} INFO - Started process (PID=1841) to work on /home/airflow/.local/lib/python3.7/site-packages/airflow/example_dags/example_sensor_decorator.py
[2023-01-26T17:28:40.009+0000] {processor.py:743} INFO - Processing file /home/airflow/.local/lib/python3.7/site-packages/airflow/example_dags/example_sensor_decorator.py for tasks to queue
[2023-01-26T17:28:40.010+0000] {logging_mixin.py:137} INFO - [2023-01-26T17:28:40.010+0000] {dagbag.py:538} INFO - Filling up the DagBag from /home/airflow/.local/lib/python3.7/site-packages/airflow/example_dags/example_sensor_decorator.py
[2023-01-26T17:28:40.035+0000] {processor.py:753} INFO - DAG(s) dict_keys(['example_sensor_decorator']) retrieved from /home/airflow/.local/lib/python3.7/site-packages/airflow/example_dags/example_sensor_decorator.py
[2023-01-26T17:28:40.057+0000] {logging_mixin.py:137} INFO - [2023-01-26T17:28:40.057+0000] {dag.py:2690} INFO - Sync 1 DAGs
[2023-01-26T17:28:40.079+0000] {logging_mixin.py:137} INFO - [2023-01-26T17:28:40.079+0000] {dag.py:3441} INFO - Setting next_dagrun for example_sensor_decorator to None, run_after=None
[2023-01-26T17:28:40.102+0000] {processor.py:175} INFO - Processing /home/airflow/.local/lib/python3.7/site-packages/airflow/example_dags/example_sensor_decorator.py took 0.099 seconds
[2023-01-26T17:29:10.228+0000] {processor.py:153} INFO - Started process (PID=1907) to work on /home/airflow/.local/lib/python3.7/site-packages/airflow/example_dags/example_sensor_decorator.py
[2023-01-26T17:29:10.229+0000] {processor.py:743} INFO - Processing file /home/airflow/.local/lib/python3.7/site-packages/airflow/example_dags/example_sensor_decorator.py for tasks to queue
[2023-01-26T17:29:10.230+0000] {logging_mixin.py:137} INFO - [2023-01-26T17:29:10.229+0000] {dagbag.py:538} INFO - Filling up the DagBag from /home/airflow/.local/lib/python3.7/site-packages/airflow/example_dags/example_sensor_decorator.py
[2023-01-26T17:29:10.253+0000] {processor.py:753} INFO - DAG(s) dict_keys(['example_sensor_decorator']) retrieved from /home/airflow/.local/lib/python3.7/site-packages/airflow/example_dags/example_sensor_decorator.py
[2023-01-26T17:29:10.275+0000] {logging_mixin.py:137} INFO - [2023-01-26T17:29:10.275+0000] {dag.py:2690} INFO - Sync 1 DAGs
[2023-01-26T17:29:10.309+0000] {logging_mixin.py:137} INFO - [2023-01-26T17:29:10.309+0000] {dag.py:3441} INFO - Setting next_dagrun for example_sensor_decorator to None, run_after=None
[2023-01-26T17:29:10.334+0000] {processor.py:175} INFO - Processing /home/airflow/.local/lib/python3.7/site-packages/airflow/example_dags/example_sensor_decorator.py took 0.109 seconds
[2023-01-26T17:29:41.175+0000] {processor.py:153} INFO - Started process (PID=1984) to work on /home/airflow/.local/lib/python3.7/site-packages/airflow/example_dags/example_sensor_decorator.py
[2023-01-26T17:29:41.176+0000] {processor.py:743} INFO - Processing file /home/airflow/.local/lib/python3.7/site-packages/airflow/example_dags/example_sensor_decorator.py for tasks to queue
[2023-01-26T17:29:41.177+0000] {logging_mixin.py:137} INFO - [2023-01-26T17:29:41.176+0000] {dagbag.py:538} INFO - Filling up the DagBag from /home/airflow/.local/lib/python3.7/site-packages/airflow/example_dags/example_sensor_decorator.py
[2023-01-26T17:29:41.198+0000] {processor.py:753} INFO - DAG(s) dict_keys(['example_sensor_decorator']) retrieved from /home/airflow/.local/lib/python3.7/site-packages/airflow/example_dags/example_sensor_decorator.py
[2023-01-26T17:29:41.220+0000] {logging_mixin.py:137} INFO - [2023-01-26T17:29:41.220+0000] {dag.py:2690} INFO - Sync 1 DAGs
[2023-01-26T17:29:41.242+0000] {logging_mixin.py:137} INFO - [2023-01-26T17:29:41.242+0000] {dag.py:3441} INFO - Setting next_dagrun for example_sensor_decorator to None, run_after=None
[2023-01-26T17:29:41.268+0000] {processor.py:175} INFO - Processing /home/airflow/.local/lib/python3.7/site-packages/airflow/example_dags/example_sensor_decorator.py took 0.096 seconds
[2023-01-26T17:30:11.894+0000] {processor.py:153} INFO - Started process (PID=2050) to work on /home/airflow/.local/lib/python3.7/site-packages/airflow/example_dags/example_sensor_decorator.py
[2023-01-26T17:30:11.895+0000] {processor.py:743} INFO - Processing file /home/airflow/.local/lib/python3.7/site-packages/airflow/example_dags/example_sensor_decorator.py for tasks to queue
[2023-01-26T17:30:11.895+0000] {logging_mixin.py:137} INFO - [2023-01-26T17:30:11.895+0000] {dagbag.py:538} INFO - Filling up the DagBag from /home/airflow/.local/lib/python3.7/site-packages/airflow/example_dags/example_sensor_decorator.py
[2023-01-26T17:30:11.925+0000] {processor.py:753} INFO - DAG(s) dict_keys(['example_sensor_decorator']) retrieved from /home/airflow/.local/lib/python3.7/site-packages/airflow/example_dags/example_sensor_decorator.py
[2023-01-26T17:30:11.953+0000] {logging_mixin.py:137} INFO - [2023-01-26T17:30:11.953+0000] {dag.py:2690} INFO - Sync 1 DAGs
[2023-01-26T17:30:11.980+0000] {logging_mixin.py:137} INFO - [2023-01-26T17:30:11.980+0000] {dag.py:3441} INFO - Setting next_dagrun for example_sensor_decorator to None, run_after=None
[2023-01-26T17:30:12.008+0000] {processor.py:175} INFO - Processing /home/airflow/.local/lib/python3.7/site-packages/airflow/example_dags/example_sensor_decorator.py took 0.118 seconds
[2023-01-26T17:30:42.741+0000] {processor.py:153} INFO - Started process (PID=2127) to work on /home/airflow/.local/lib/python3.7/site-packages/airflow/example_dags/example_sensor_decorator.py
[2023-01-26T17:30:42.742+0000] {processor.py:743} INFO - Processing file /home/airflow/.local/lib/python3.7/site-packages/airflow/example_dags/example_sensor_decorator.py for tasks to queue
[2023-01-26T17:30:42.743+0000] {logging_mixin.py:137} INFO - [2023-01-26T17:30:42.743+0000] {dagbag.py:538} INFO - Filling up the DagBag from /home/airflow/.local/lib/python3.7/site-packages/airflow/example_dags/example_sensor_decorator.py
[2023-01-26T17:30:42.771+0000] {processor.py:753} INFO - DAG(s) dict_keys(['example_sensor_decorator']) retrieved from /home/airflow/.local/lib/python3.7/site-packages/airflow/example_dags/example_sensor_decorator.py
[2023-01-26T17:30:42.795+0000] {logging_mixin.py:137} INFO - [2023-01-26T17:30:42.795+0000] {dag.py:2690} INFO - Sync 1 DAGs
[2023-01-26T17:30:42.824+0000] {logging_mixin.py:137} INFO - [2023-01-26T17:30:42.824+0000] {dag.py:3441} INFO - Setting next_dagrun for example_sensor_decorator to None, run_after=None
[2023-01-26T17:30:42.852+0000] {processor.py:175} INFO - Processing /home/airflow/.local/lib/python3.7/site-packages/airflow/example_dags/example_sensor_decorator.py took 0.115 seconds
[2023-01-26T17:31:13.553+0000] {processor.py:153} INFO - Started process (PID=2194) to work on /home/airflow/.local/lib/python3.7/site-packages/airflow/example_dags/example_sensor_decorator.py
[2023-01-26T17:31:13.554+0000] {processor.py:743} INFO - Processing file /home/airflow/.local/lib/python3.7/site-packages/airflow/example_dags/example_sensor_decorator.py for tasks to queue
[2023-01-26T17:31:13.555+0000] {logging_mixin.py:137} INFO - [2023-01-26T17:31:13.554+0000] {dagbag.py:538} INFO - Filling up the DagBag from /home/airflow/.local/lib/python3.7/site-packages/airflow/example_dags/example_sensor_decorator.py
[2023-01-26T17:31:13.581+0000] {processor.py:753} INFO - DAG(s) dict_keys(['example_sensor_decorator']) retrieved from /home/airflow/.local/lib/python3.7/site-packages/airflow/example_dags/example_sensor_decorator.py
[2023-01-26T17:31:13.603+0000] {logging_mixin.py:137} INFO - [2023-01-26T17:31:13.603+0000] {dag.py:2690} INFO - Sync 1 DAGs
[2023-01-26T17:31:13.626+0000] {logging_mixin.py:137} INFO - [2023-01-26T17:31:13.626+0000] {dag.py:3441} INFO - Setting next_dagrun for example_sensor_decorator to None, run_after=None
[2023-01-26T17:31:13.653+0000] {processor.py:175} INFO - Processing /home/airflow/.local/lib/python3.7/site-packages/airflow/example_dags/example_sensor_decorator.py took 0.104 seconds
[2023-01-26T17:31:43.789+0000] {processor.py:153} INFO - Started process (PID=2272) to work on /home/airflow/.local/lib/python3.7/site-packages/airflow/example_dags/example_sensor_decorator.py
[2023-01-26T17:31:43.789+0000] {processor.py:743} INFO - Processing file /home/airflow/.local/lib/python3.7/site-packages/airflow/example_dags/example_sensor_decorator.py for tasks to queue
[2023-01-26T17:31:43.790+0000] {logging_mixin.py:137} INFO - [2023-01-26T17:31:43.790+0000] {dagbag.py:538} INFO - Filling up the DagBag from /home/airflow/.local/lib/python3.7/site-packages/airflow/example_dags/example_sensor_decorator.py
[2023-01-26T17:31:43.811+0000] {processor.py:753} INFO - DAG(s) dict_keys(['example_sensor_decorator']) retrieved from /home/airflow/.local/lib/python3.7/site-packages/airflow/example_dags/example_sensor_decorator.py
[2023-01-26T17:31:43.839+0000] {logging_mixin.py:137} INFO - [2023-01-26T17:31:43.839+0000] {dag.py:2690} INFO - Sync 1 DAGs
[2023-01-26T17:31:43.866+0000] {logging_mixin.py:137} INFO - [2023-01-26T17:31:43.866+0000] {dag.py:3441} INFO - Setting next_dagrun for example_sensor_decorator to None, run_after=None
[2023-01-26T17:31:43.893+0000] {processor.py:175} INFO - Processing /home/airflow/.local/lib/python3.7/site-packages/airflow/example_dags/example_sensor_decorator.py took 0.108 seconds
[2023-01-26T17:32:13.922+0000] {processor.py:153} INFO - Started process (PID=2337) to work on /home/airflow/.local/lib/python3.7/site-packages/airflow/example_dags/example_sensor_decorator.py
[2023-01-26T17:32:13.923+0000] {processor.py:743} INFO - Processing file /home/airflow/.local/lib/python3.7/site-packages/airflow/example_dags/example_sensor_decorator.py for tasks to queue
[2023-01-26T17:32:13.924+0000] {logging_mixin.py:137} INFO - [2023-01-26T17:32:13.924+0000] {dagbag.py:538} INFO - Filling up the DagBag from /home/airflow/.local/lib/python3.7/site-packages/airflow/example_dags/example_sensor_decorator.py
[2023-01-26T17:32:13.946+0000] {processor.py:753} INFO - DAG(s) dict_keys(['example_sensor_decorator']) retrieved from /home/airflow/.local/lib/python3.7/site-packages/airflow/example_dags/example_sensor_decorator.py
[2023-01-26T17:32:13.969+0000] {logging_mixin.py:137} INFO - [2023-01-26T17:32:13.968+0000] {dag.py:2690} INFO - Sync 1 DAGs
[2023-01-26T17:32:13.991+0000] {logging_mixin.py:137} INFO - [2023-01-26T17:32:13.991+0000] {dag.py:3441} INFO - Setting next_dagrun for example_sensor_decorator to None, run_after=None
[2023-01-26T17:32:14.014+0000] {processor.py:175} INFO - Processing /home/airflow/.local/lib/python3.7/site-packages/airflow/example_dags/example_sensor_decorator.py took 0.095 seconds
[2023-01-26T17:32:44.767+0000] {processor.py:153} INFO - Started process (PID=2415) to work on /home/airflow/.local/lib/python3.7/site-packages/airflow/example_dags/example_sensor_decorator.py
[2023-01-26T17:32:44.768+0000] {processor.py:743} INFO - Processing file /home/airflow/.local/lib/python3.7/site-packages/airflow/example_dags/example_sensor_decorator.py for tasks to queue
[2023-01-26T17:32:44.768+0000] {logging_mixin.py:137} INFO - [2023-01-26T17:32:44.768+0000] {dagbag.py:538} INFO - Filling up the DagBag from /home/airflow/.local/lib/python3.7/site-packages/airflow/example_dags/example_sensor_decorator.py
[2023-01-26T17:32:44.790+0000] {processor.py:753} INFO - DAG(s) dict_keys(['example_sensor_decorator']) retrieved from /home/airflow/.local/lib/python3.7/site-packages/airflow/example_dags/example_sensor_decorator.py
[2023-01-26T17:32:44.817+0000] {logging_mixin.py:137} INFO - [2023-01-26T17:32:44.817+0000] {dag.py:2690} INFO - Sync 1 DAGs
[2023-01-26T17:32:44.844+0000] {logging_mixin.py:137} INFO - [2023-01-26T17:32:44.844+0000] {dag.py:3441} INFO - Setting next_dagrun for example_sensor_decorator to None, run_after=None
[2023-01-26T17:32:44.868+0000] {processor.py:175} INFO - Processing /home/airflow/.local/lib/python3.7/site-packages/airflow/example_dags/example_sensor_decorator.py took 0.105 seconds
[2023-01-26T17:33:15.752+0000] {processor.py:153} INFO - Started process (PID=2481) to work on /home/airflow/.local/lib/python3.7/site-packages/airflow/example_dags/example_sensor_decorator.py
[2023-01-26T17:33:15.753+0000] {processor.py:743} INFO - Processing file /home/airflow/.local/lib/python3.7/site-packages/airflow/example_dags/example_sensor_decorator.py for tasks to queue
[2023-01-26T17:33:15.754+0000] {logging_mixin.py:137} INFO - [2023-01-26T17:33:15.754+0000] {dagbag.py:538} INFO - Filling up the DagBag from /home/airflow/.local/lib/python3.7/site-packages/airflow/example_dags/example_sensor_decorator.py
[2023-01-26T17:33:15.775+0000] {processor.py:753} INFO - DAG(s) dict_keys(['example_sensor_decorator']) retrieved from /home/airflow/.local/lib/python3.7/site-packages/airflow/example_dags/example_sensor_decorator.py
[2023-01-26T17:33:15.798+0000] {logging_mixin.py:137} INFO - [2023-01-26T17:33:15.798+0000] {dag.py:2690} INFO - Sync 1 DAGs
[2023-01-26T17:33:15.823+0000] {logging_mixin.py:137} INFO - [2023-01-26T17:33:15.823+0000] {dag.py:3441} INFO - Setting next_dagrun for example_sensor_decorator to None, run_after=None
[2023-01-26T17:33:15.846+0000] {processor.py:175} INFO - Processing /home/airflow/.local/lib/python3.7/site-packages/airflow/example_dags/example_sensor_decorator.py took 0.097 seconds
[2023-01-26T17:33:45.902+0000] {processor.py:153} INFO - Started process (PID=2557) to work on /home/airflow/.local/lib/python3.7/site-packages/airflow/example_dags/example_sensor_decorator.py
[2023-01-26T17:33:45.903+0000] {processor.py:743} INFO - Processing file /home/airflow/.local/lib/python3.7/site-packages/airflow/example_dags/example_sensor_decorator.py for tasks to queue
[2023-01-26T17:33:45.904+0000] {logging_mixin.py:137} INFO - [2023-01-26T17:33:45.903+0000] {dagbag.py:538} INFO - Filling up the DagBag from /home/airflow/.local/lib/python3.7/site-packages/airflow/example_dags/example_sensor_decorator.py
[2023-01-26T17:33:45.929+0000] {processor.py:753} INFO - DAG(s) dict_keys(['example_sensor_decorator']) retrieved from /home/airflow/.local/lib/python3.7/site-packages/airflow/example_dags/example_sensor_decorator.py
[2023-01-26T17:33:45.951+0000] {logging_mixin.py:137} INFO - [2023-01-26T17:33:45.951+0000] {dag.py:2690} INFO - Sync 1 DAGs
[2023-01-26T17:33:45.972+0000] {logging_mixin.py:137} INFO - [2023-01-26T17:33:45.972+0000] {dag.py:3441} INFO - Setting next_dagrun for example_sensor_decorator to None, run_after=None
[2023-01-26T17:33:45.995+0000] {processor.py:175} INFO - Processing /home/airflow/.local/lib/python3.7/site-packages/airflow/example_dags/example_sensor_decorator.py took 0.096 seconds
[2023-01-26T17:34:16.519+0000] {processor.py:153} INFO - Started process (PID=2622) to work on /home/airflow/.local/lib/python3.7/site-packages/airflow/example_dags/example_sensor_decorator.py
[2023-01-26T17:34:16.520+0000] {processor.py:743} INFO - Processing file /home/airflow/.local/lib/python3.7/site-packages/airflow/example_dags/example_sensor_decorator.py for tasks to queue
[2023-01-26T17:34:16.521+0000] {logging_mixin.py:137} INFO - [2023-01-26T17:34:16.521+0000] {dagbag.py:538} INFO - Filling up the DagBag from /home/airflow/.local/lib/python3.7/site-packages/airflow/example_dags/example_sensor_decorator.py
[2023-01-26T17:34:16.548+0000] {processor.py:753} INFO - DAG(s) dict_keys(['example_sensor_decorator']) retrieved from /home/airflow/.local/lib/python3.7/site-packages/airflow/example_dags/example_sensor_decorator.py
[2023-01-26T17:34:16.583+0000] {logging_mixin.py:137} INFO - [2023-01-26T17:34:16.583+0000] {dag.py:2690} INFO - Sync 1 DAGs
[2023-01-26T17:34:16.612+0000] {logging_mixin.py:137} INFO - [2023-01-26T17:34:16.611+0000] {dag.py:3441} INFO - Setting next_dagrun for example_sensor_decorator to None, run_after=None
[2023-01-26T17:34:16.646+0000] {processor.py:175} INFO - Processing /home/airflow/.local/lib/python3.7/site-packages/airflow/example_dags/example_sensor_decorator.py took 0.131 seconds
[2023-01-26T17:34:47.343+0000] {processor.py:153} INFO - Started process (PID=2699) to work on /home/airflow/.local/lib/python3.7/site-packages/airflow/example_dags/example_sensor_decorator.py
[2023-01-26T17:34:47.344+0000] {processor.py:743} INFO - Processing file /home/airflow/.local/lib/python3.7/site-packages/airflow/example_dags/example_sensor_decorator.py for tasks to queue
[2023-01-26T17:34:47.345+0000] {logging_mixin.py:137} INFO - [2023-01-26T17:34:47.345+0000] {dagbag.py:538} INFO - Filling up the DagBag from /home/airflow/.local/lib/python3.7/site-packages/airflow/example_dags/example_sensor_decorator.py
[2023-01-26T17:34:47.369+0000] {processor.py:753} INFO - DAG(s) dict_keys(['example_sensor_decorator']) retrieved from /home/airflow/.local/lib/python3.7/site-packages/airflow/example_dags/example_sensor_decorator.py
[2023-01-26T17:34:47.396+0000] {logging_mixin.py:137} INFO - [2023-01-26T17:34:47.396+0000] {dag.py:2690} INFO - Sync 1 DAGs
[2023-01-26T17:34:47.425+0000] {logging_mixin.py:137} INFO - [2023-01-26T17:34:47.425+0000] {dag.py:3441} INFO - Setting next_dagrun for example_sensor_decorator to None, run_after=None
[2023-01-26T17:34:47.449+0000] {processor.py:175} INFO - Processing /home/airflow/.local/lib/python3.7/site-packages/airflow/example_dags/example_sensor_decorator.py took 0.110 seconds
[2023-01-26T17:35:18.058+0000] {processor.py:153} INFO - Started process (PID=2764) to work on /home/airflow/.local/lib/python3.7/site-packages/airflow/example_dags/example_sensor_decorator.py
[2023-01-26T17:35:18.059+0000] {processor.py:743} INFO - Processing file /home/airflow/.local/lib/python3.7/site-packages/airflow/example_dags/example_sensor_decorator.py for tasks to queue
[2023-01-26T17:35:18.060+0000] {logging_mixin.py:137} INFO - [2023-01-26T17:35:18.060+0000] {dagbag.py:538} INFO - Filling up the DagBag from /home/airflow/.local/lib/python3.7/site-packages/airflow/example_dags/example_sensor_decorator.py
[2023-01-26T17:35:18.099+0000] {processor.py:753} INFO - DAG(s) dict_keys(['example_sensor_decorator']) retrieved from /home/airflow/.local/lib/python3.7/site-packages/airflow/example_dags/example_sensor_decorator.py
[2023-01-26T17:35:18.131+0000] {logging_mixin.py:137} INFO - [2023-01-26T17:35:18.131+0000] {dag.py:2690} INFO - Sync 1 DAGs
[2023-01-26T17:35:18.159+0000] {logging_mixin.py:137} INFO - [2023-01-26T17:35:18.159+0000] {dag.py:3441} INFO - Setting next_dagrun for example_sensor_decorator to None, run_after=None
[2023-01-26T17:35:18.182+0000] {processor.py:175} INFO - Processing /home/airflow/.local/lib/python3.7/site-packages/airflow/example_dags/example_sensor_decorator.py took 0.128 seconds
[2023-01-26T17:35:48.327+0000] {processor.py:153} INFO - Started process (PID=2842) to work on /home/airflow/.local/lib/python3.7/site-packages/airflow/example_dags/example_sensor_decorator.py
[2023-01-26T17:35:48.328+0000] {processor.py:743} INFO - Processing file /home/airflow/.local/lib/python3.7/site-packages/airflow/example_dags/example_sensor_decorator.py for tasks to queue
[2023-01-26T17:35:48.328+0000] {logging_mixin.py:137} INFO - [2023-01-26T17:35:48.328+0000] {dagbag.py:538} INFO - Filling up the DagBag from /home/airflow/.local/lib/python3.7/site-packages/airflow/example_dags/example_sensor_decorator.py
[2023-01-26T17:35:48.351+0000] {processor.py:753} INFO - DAG(s) dict_keys(['example_sensor_decorator']) retrieved from /home/airflow/.local/lib/python3.7/site-packages/airflow/example_dags/example_sensor_decorator.py
[2023-01-26T17:35:48.372+0000] {logging_mixin.py:137} INFO - [2023-01-26T17:35:48.372+0000] {dag.py:2690} INFO - Sync 1 DAGs
[2023-01-26T17:35:48.396+0000] {logging_mixin.py:137} INFO - [2023-01-26T17:35:48.396+0000] {dag.py:3441} INFO - Setting next_dagrun for example_sensor_decorator to None, run_after=None
[2023-01-26T17:35:48.424+0000] {processor.py:175} INFO - Processing /home/airflow/.local/lib/python3.7/site-packages/airflow/example_dags/example_sensor_decorator.py took 0.101 seconds
[2023-01-26T17:36:19.033+0000] {processor.py:153} INFO - Started process (PID=2908) to work on /home/airflow/.local/lib/python3.7/site-packages/airflow/example_dags/example_sensor_decorator.py
[2023-01-26T17:36:19.034+0000] {processor.py:743} INFO - Processing file /home/airflow/.local/lib/python3.7/site-packages/airflow/example_dags/example_sensor_decorator.py for tasks to queue
[2023-01-26T17:36:19.034+0000] {logging_mixin.py:137} INFO - [2023-01-26T17:36:19.034+0000] {dagbag.py:538} INFO - Filling up the DagBag from /home/airflow/.local/lib/python3.7/site-packages/airflow/example_dags/example_sensor_decorator.py
[2023-01-26T17:36:19.056+0000] {processor.py:753} INFO - DAG(s) dict_keys(['example_sensor_decorator']) retrieved from /home/airflow/.local/lib/python3.7/site-packages/airflow/example_dags/example_sensor_decorator.py
[2023-01-26T17:36:19.082+0000] {logging_mixin.py:137} INFO - [2023-01-26T17:36:19.082+0000] {dag.py:2690} INFO - Sync 1 DAGs
[2023-01-26T17:36:19.112+0000] {logging_mixin.py:137} INFO - [2023-01-26T17:36:19.112+0000] {dag.py:3441} INFO - Setting next_dagrun for example_sensor_decorator to None, run_after=None
[2023-01-26T17:36:19.147+0000] {processor.py:175} INFO - Processing /home/airflow/.local/lib/python3.7/site-packages/airflow/example_dags/example_sensor_decorator.py took 0.117 seconds
[2023-01-26T17:36:49.966+0000] {processor.py:153} INFO - Started process (PID=2984) to work on /home/airflow/.local/lib/python3.7/site-packages/airflow/example_dags/example_sensor_decorator.py
[2023-01-26T17:36:49.967+0000] {processor.py:743} INFO - Processing file /home/airflow/.local/lib/python3.7/site-packages/airflow/example_dags/example_sensor_decorator.py for tasks to queue
[2023-01-26T17:36:49.967+0000] {logging_mixin.py:137} INFO - [2023-01-26T17:36:49.967+0000] {dagbag.py:538} INFO - Filling up the DagBag from /home/airflow/.local/lib/python3.7/site-packages/airflow/example_dags/example_sensor_decorator.py
[2023-01-26T17:36:49.990+0000] {processor.py:753} INFO - DAG(s) dict_keys(['example_sensor_decorator']) retrieved from /home/airflow/.local/lib/python3.7/site-packages/airflow/example_dags/example_sensor_decorator.py
[2023-01-26T17:36:50.012+0000] {logging_mixin.py:137} INFO - [2023-01-26T17:36:50.012+0000] {dag.py:2690} INFO - Sync 1 DAGs
[2023-01-26T17:36:50.033+0000] {logging_mixin.py:137} INFO - [2023-01-26T17:36:50.033+0000] {dag.py:3441} INFO - Setting next_dagrun for example_sensor_decorator to None, run_after=None
[2023-01-26T17:36:50.058+0000] {processor.py:175} INFO - Processing /home/airflow/.local/lib/python3.7/site-packages/airflow/example_dags/example_sensor_decorator.py took 0.095 seconds
[2023-01-26T17:37:20.834+0000] {processor.py:153} INFO - Started process (PID=3049) to work on /home/airflow/.local/lib/python3.7/site-packages/airflow/example_dags/example_sensor_decorator.py
[2023-01-26T17:37:20.835+0000] {processor.py:743} INFO - Processing file /home/airflow/.local/lib/python3.7/site-packages/airflow/example_dags/example_sensor_decorator.py for tasks to queue
[2023-01-26T17:37:20.835+0000] {logging_mixin.py:137} INFO - [2023-01-26T17:37:20.835+0000] {dagbag.py:538} INFO - Filling up the DagBag from /home/airflow/.local/lib/python3.7/site-packages/airflow/example_dags/example_sensor_decorator.py
[2023-01-26T17:37:20.865+0000] {processor.py:753} INFO - DAG(s) dict_keys(['example_sensor_decorator']) retrieved from /home/airflow/.local/lib/python3.7/site-packages/airflow/example_dags/example_sensor_decorator.py
[2023-01-26T17:37:20.895+0000] {logging_mixin.py:137} INFO - [2023-01-26T17:37:20.895+0000] {dag.py:2690} INFO - Sync 1 DAGs
[2023-01-26T17:37:20.930+0000] {logging_mixin.py:137} INFO - [2023-01-26T17:37:20.929+0000] {dag.py:3441} INFO - Setting next_dagrun for example_sensor_decorator to None, run_after=None
[2023-01-26T17:37:20.959+0000] {processor.py:175} INFO - Processing /home/airflow/.local/lib/python3.7/site-packages/airflow/example_dags/example_sensor_decorator.py took 0.129 seconds
[2023-01-26T17:37:51.665+0000] {processor.py:153} INFO - Started process (PID=3126) to work on /home/airflow/.local/lib/python3.7/site-packages/airflow/example_dags/example_sensor_decorator.py
[2023-01-26T17:37:51.666+0000] {processor.py:743} INFO - Processing file /home/airflow/.local/lib/python3.7/site-packages/airflow/example_dags/example_sensor_decorator.py for tasks to queue
[2023-01-26T17:37:51.667+0000] {logging_mixin.py:137} INFO - [2023-01-26T17:37:51.667+0000] {dagbag.py:538} INFO - Filling up the DagBag from /home/airflow/.local/lib/python3.7/site-packages/airflow/example_dags/example_sensor_decorator.py
[2023-01-26T17:37:51.690+0000] {processor.py:753} INFO - DAG(s) dict_keys(['example_sensor_decorator']) retrieved from /home/airflow/.local/lib/python3.7/site-packages/airflow/example_dags/example_sensor_decorator.py
[2023-01-26T17:37:51.717+0000] {logging_mixin.py:137} INFO - [2023-01-26T17:37:51.717+0000] {dag.py:2690} INFO - Sync 1 DAGs
[2023-01-26T17:37:51.749+0000] {logging_mixin.py:137} INFO - [2023-01-26T17:37:51.749+0000] {dag.py:3441} INFO - Setting next_dagrun for example_sensor_decorator to None, run_after=None
[2023-01-26T17:37:51.774+0000] {processor.py:175} INFO - Processing /home/airflow/.local/lib/python3.7/site-packages/airflow/example_dags/example_sensor_decorator.py took 0.112 seconds
[2023-01-26T17:38:22.415+0000] {processor.py:153} INFO - Started process (PID=3192) to work on /home/airflow/.local/lib/python3.7/site-packages/airflow/example_dags/example_sensor_decorator.py
[2023-01-26T17:38:22.417+0000] {processor.py:743} INFO - Processing file /home/airflow/.local/lib/python3.7/site-packages/airflow/example_dags/example_sensor_decorator.py for tasks to queue
[2023-01-26T17:38:22.420+0000] {logging_mixin.py:137} INFO - [2023-01-26T17:38:22.420+0000] {dagbag.py:538} INFO - Filling up the DagBag from /home/airflow/.local/lib/python3.7/site-packages/airflow/example_dags/example_sensor_decorator.py
[2023-01-26T17:38:22.456+0000] {processor.py:753} INFO - DAG(s) dict_keys(['example_sensor_decorator']) retrieved from /home/airflow/.local/lib/python3.7/site-packages/airflow/example_dags/example_sensor_decorator.py
[2023-01-26T17:38:22.493+0000] {logging_mixin.py:137} INFO - [2023-01-26T17:38:22.493+0000] {dag.py:2690} INFO - Sync 1 DAGs
[2023-01-26T17:38:22.527+0000] {logging_mixin.py:137} INFO - [2023-01-26T17:38:22.526+0000] {dag.py:3441} INFO - Setting next_dagrun for example_sensor_decorator to None, run_after=None
[2023-01-26T17:38:22.560+0000] {processor.py:175} INFO - Processing /home/airflow/.local/lib/python3.7/site-packages/airflow/example_dags/example_sensor_decorator.py took 0.149 seconds
[2023-01-26T17:38:53.159+0000] {processor.py:153} INFO - Started process (PID=3269) to work on /home/airflow/.local/lib/python3.7/site-packages/airflow/example_dags/example_sensor_decorator.py
[2023-01-26T17:38:53.160+0000] {processor.py:743} INFO - Processing file /home/airflow/.local/lib/python3.7/site-packages/airflow/example_dags/example_sensor_decorator.py for tasks to queue
[2023-01-26T17:38:53.161+0000] {logging_mixin.py:137} INFO - [2023-01-26T17:38:53.160+0000] {dagbag.py:538} INFO - Filling up the DagBag from /home/airflow/.local/lib/python3.7/site-packages/airflow/example_dags/example_sensor_decorator.py
[2023-01-26T17:38:53.184+0000] {processor.py:753} INFO - DAG(s) dict_keys(['example_sensor_decorator']) retrieved from /home/airflow/.local/lib/python3.7/site-packages/airflow/example_dags/example_sensor_decorator.py
[2023-01-26T17:38:53.213+0000] {logging_mixin.py:137} INFO - [2023-01-26T17:38:53.213+0000] {dag.py:2690} INFO - Sync 1 DAGs
[2023-01-26T17:38:53.238+0000] {logging_mixin.py:137} INFO - [2023-01-26T17:38:53.238+0000] {dag.py:3441} INFO - Setting next_dagrun for example_sensor_decorator to None, run_after=None
[2023-01-26T17:38:53.264+0000] {processor.py:175} INFO - Processing /home/airflow/.local/lib/python3.7/site-packages/airflow/example_dags/example_sensor_decorator.py took 0.109 seconds
[2023-01-26T17:39:23.950+0000] {processor.py:153} INFO - Started process (PID=3335) to work on /home/airflow/.local/lib/python3.7/site-packages/airflow/example_dags/example_sensor_decorator.py
[2023-01-26T17:39:23.951+0000] {processor.py:743} INFO - Processing file /home/airflow/.local/lib/python3.7/site-packages/airflow/example_dags/example_sensor_decorator.py for tasks to queue
[2023-01-26T17:39:23.952+0000] {logging_mixin.py:137} INFO - [2023-01-26T17:39:23.952+0000] {dagbag.py:538} INFO - Filling up the DagBag from /home/airflow/.local/lib/python3.7/site-packages/airflow/example_dags/example_sensor_decorator.py
[2023-01-26T17:39:23.974+0000] {processor.py:753} INFO - DAG(s) dict_keys(['example_sensor_decorator']) retrieved from /home/airflow/.local/lib/python3.7/site-packages/airflow/example_dags/example_sensor_decorator.py
[2023-01-26T17:39:23.996+0000] {logging_mixin.py:137} INFO - [2023-01-26T17:39:23.996+0000] {dag.py:2690} INFO - Sync 1 DAGs
[2023-01-26T17:39:24.020+0000] {logging_mixin.py:137} INFO - [2023-01-26T17:39:24.020+0000] {dag.py:3441} INFO - Setting next_dagrun for example_sensor_decorator to None, run_after=None
[2023-01-26T17:39:24.046+0000] {processor.py:175} INFO - Processing /home/airflow/.local/lib/python3.7/site-packages/airflow/example_dags/example_sensor_decorator.py took 0.099 seconds
[2023-01-26T17:39:54.323+0000] {processor.py:153} INFO - Started process (PID=3412) to work on /home/airflow/.local/lib/python3.7/site-packages/airflow/example_dags/example_sensor_decorator.py
[2023-01-26T17:39:54.324+0000] {processor.py:743} INFO - Processing file /home/airflow/.local/lib/python3.7/site-packages/airflow/example_dags/example_sensor_decorator.py for tasks to queue
[2023-01-26T17:39:54.325+0000] {logging_mixin.py:137} INFO - [2023-01-26T17:39:54.325+0000] {dagbag.py:538} INFO - Filling up the DagBag from /home/airflow/.local/lib/python3.7/site-packages/airflow/example_dags/example_sensor_decorator.py
[2023-01-26T17:39:54.353+0000] {processor.py:753} INFO - DAG(s) dict_keys(['example_sensor_decorator']) retrieved from /home/airflow/.local/lib/python3.7/site-packages/airflow/example_dags/example_sensor_decorator.py
[2023-01-26T17:39:54.382+0000] {logging_mixin.py:137} INFO - [2023-01-26T17:39:54.382+0000] {dag.py:2690} INFO - Sync 1 DAGs
[2023-01-26T17:39:54.417+0000] {logging_mixin.py:137} INFO - [2023-01-26T17:39:54.417+0000] {dag.py:3441} INFO - Setting next_dagrun for example_sensor_decorator to None, run_after=None
[2023-01-26T17:39:54.446+0000] {processor.py:175} INFO - Processing /home/airflow/.local/lib/python3.7/site-packages/airflow/example_dags/example_sensor_decorator.py took 0.126 seconds
[2023-01-26T17:40:24.518+0000] {processor.py:153} INFO - Started process (PID=3478) to work on /home/airflow/.local/lib/python3.7/site-packages/airflow/example_dags/example_sensor_decorator.py
[2023-01-26T17:40:24.519+0000] {processor.py:743} INFO - Processing file /home/airflow/.local/lib/python3.7/site-packages/airflow/example_dags/example_sensor_decorator.py for tasks to queue
[2023-01-26T17:40:24.519+0000] {logging_mixin.py:137} INFO - [2023-01-26T17:40:24.519+0000] {dagbag.py:538} INFO - Filling up the DagBag from /home/airflow/.local/lib/python3.7/site-packages/airflow/example_dags/example_sensor_decorator.py
[2023-01-26T17:40:24.540+0000] {processor.py:753} INFO - DAG(s) dict_keys(['example_sensor_decorator']) retrieved from /home/airflow/.local/lib/python3.7/site-packages/airflow/example_dags/example_sensor_decorator.py
[2023-01-26T17:40:24.563+0000] {logging_mixin.py:137} INFO - [2023-01-26T17:40:24.563+0000] {dag.py:2690} INFO - Sync 1 DAGs
[2023-01-26T17:40:24.584+0000] {logging_mixin.py:137} INFO - [2023-01-26T17:40:24.584+0000] {dag.py:3441} INFO - Setting next_dagrun for example_sensor_decorator to None, run_after=None
[2023-01-26T17:40:24.618+0000] {processor.py:175} INFO - Processing /home/airflow/.local/lib/python3.7/site-packages/airflow/example_dags/example_sensor_decorator.py took 0.103 seconds
[2023-01-26T17:40:54.682+0000] {processor.py:153} INFO - Started process (PID=3552) to work on /home/airflow/.local/lib/python3.7/site-packages/airflow/example_dags/example_sensor_decorator.py
[2023-01-26T17:40:54.683+0000] {processor.py:743} INFO - Processing file /home/airflow/.local/lib/python3.7/site-packages/airflow/example_dags/example_sensor_decorator.py for tasks to queue
[2023-01-26T17:40:54.684+0000] {logging_mixin.py:137} INFO - [2023-01-26T17:40:54.684+0000] {dagbag.py:538} INFO - Filling up the DagBag from /home/airflow/.local/lib/python3.7/site-packages/airflow/example_dags/example_sensor_decorator.py
[2023-01-26T17:40:54.725+0000] {processor.py:753} INFO - DAG(s) dict_keys(['example_sensor_decorator']) retrieved from /home/airflow/.local/lib/python3.7/site-packages/airflow/example_dags/example_sensor_decorator.py
[2023-01-26T17:40:54.760+0000] {logging_mixin.py:137} INFO - [2023-01-26T17:40:54.760+0000] {dag.py:2690} INFO - Sync 1 DAGs
[2023-01-26T17:40:54.799+0000] {logging_mixin.py:137} INFO - [2023-01-26T17:40:54.798+0000] {dag.py:3441} INFO - Setting next_dagrun for example_sensor_decorator to None, run_after=None
[2023-01-26T17:40:54.838+0000] {processor.py:175} INFO - Processing /home/airflow/.local/lib/python3.7/site-packages/airflow/example_dags/example_sensor_decorator.py took 0.161 seconds
[2023-01-26T17:41:25.356+0000] {processor.py:153} INFO - Started process (PID=3621) to work on /home/airflow/.local/lib/python3.7/site-packages/airflow/example_dags/example_sensor_decorator.py
[2023-01-26T17:41:25.356+0000] {processor.py:743} INFO - Processing file /home/airflow/.local/lib/python3.7/site-packages/airflow/example_dags/example_sensor_decorator.py for tasks to queue
[2023-01-26T17:41:25.357+0000] {logging_mixin.py:137} INFO - [2023-01-26T17:41:25.357+0000] {dagbag.py:538} INFO - Filling up the DagBag from /home/airflow/.local/lib/python3.7/site-packages/airflow/example_dags/example_sensor_decorator.py
[2023-01-26T17:41:25.377+0000] {processor.py:753} INFO - DAG(s) dict_keys(['example_sensor_decorator']) retrieved from /home/airflow/.local/lib/python3.7/site-packages/airflow/example_dags/example_sensor_decorator.py
[2023-01-26T17:41:25.404+0000] {logging_mixin.py:137} INFO - [2023-01-26T17:41:25.404+0000] {dag.py:2690} INFO - Sync 1 DAGs
[2023-01-26T17:41:25.434+0000] {logging_mixin.py:137} INFO - [2023-01-26T17:41:25.434+0000] {dag.py:3441} INFO - Setting next_dagrun for example_sensor_decorator to None, run_after=None
[2023-01-26T17:41:25.460+0000] {processor.py:175} INFO - Processing /home/airflow/.local/lib/python3.7/site-packages/airflow/example_dags/example_sensor_decorator.py took 0.108 seconds
[2023-01-26T17:41:55.720+0000] {processor.py:153} INFO - Started process (PID=3688) to work on /home/airflow/.local/lib/python3.7/site-packages/airflow/example_dags/example_sensor_decorator.py
[2023-01-26T17:41:55.721+0000] {processor.py:743} INFO - Processing file /home/airflow/.local/lib/python3.7/site-packages/airflow/example_dags/example_sensor_decorator.py for tasks to queue
[2023-01-26T17:41:55.722+0000] {logging_mixin.py:137} INFO - [2023-01-26T17:41:55.722+0000] {dagbag.py:538} INFO - Filling up the DagBag from /home/airflow/.local/lib/python3.7/site-packages/airflow/example_dags/example_sensor_decorator.py
[2023-01-26T17:41:55.751+0000] {processor.py:753} INFO - DAG(s) dict_keys(['example_sensor_decorator']) retrieved from /home/airflow/.local/lib/python3.7/site-packages/airflow/example_dags/example_sensor_decorator.py
[2023-01-26T17:41:55.780+0000] {logging_mixin.py:137} INFO - [2023-01-26T17:41:55.780+0000] {dag.py:2690} INFO - Sync 1 DAGs
[2023-01-26T17:41:55.804+0000] {logging_mixin.py:137} INFO - [2023-01-26T17:41:55.804+0000] {dag.py:3441} INFO - Setting next_dagrun for example_sensor_decorator to None, run_after=None
[2023-01-26T17:41:55.832+0000] {processor.py:175} INFO - Processing /home/airflow/.local/lib/python3.7/site-packages/airflow/example_dags/example_sensor_decorator.py took 0.116 seconds
[2023-01-26T17:42:26.015+0000] {processor.py:153} INFO - Started process (PID=3764) to work on /home/airflow/.local/lib/python3.7/site-packages/airflow/example_dags/example_sensor_decorator.py
[2023-01-26T17:42:26.015+0000] {processor.py:743} INFO - Processing file /home/airflow/.local/lib/python3.7/site-packages/airflow/example_dags/example_sensor_decorator.py for tasks to queue
[2023-01-26T17:42:26.016+0000] {logging_mixin.py:137} INFO - [2023-01-26T17:42:26.016+0000] {dagbag.py:538} INFO - Filling up the DagBag from /home/airflow/.local/lib/python3.7/site-packages/airflow/example_dags/example_sensor_decorator.py
[2023-01-26T17:42:26.037+0000] {processor.py:753} INFO - DAG(s) dict_keys(['example_sensor_decorator']) retrieved from /home/airflow/.local/lib/python3.7/site-packages/airflow/example_dags/example_sensor_decorator.py
[2023-01-26T17:42:26.058+0000] {logging_mixin.py:137} INFO - [2023-01-26T17:42:26.058+0000] {dag.py:2690} INFO - Sync 1 DAGs
[2023-01-26T17:42:26.080+0000] {logging_mixin.py:137} INFO - [2023-01-26T17:42:26.079+0000] {dag.py:3441} INFO - Setting next_dagrun for example_sensor_decorator to None, run_after=None
[2023-01-26T17:42:26.103+0000] {processor.py:175} INFO - Processing /home/airflow/.local/lib/python3.7/site-packages/airflow/example_dags/example_sensor_decorator.py took 0.091 seconds
[2023-01-26T17:42:56.490+0000] {processor.py:153} INFO - Started process (PID=3830) to work on /home/airflow/.local/lib/python3.7/site-packages/airflow/example_dags/example_sensor_decorator.py
[2023-01-26T17:42:56.491+0000] {processor.py:743} INFO - Processing file /home/airflow/.local/lib/python3.7/site-packages/airflow/example_dags/example_sensor_decorator.py for tasks to queue
[2023-01-26T17:42:56.492+0000] {logging_mixin.py:137} INFO - [2023-01-26T17:42:56.492+0000] {dagbag.py:538} INFO - Filling up the DagBag from /home/airflow/.local/lib/python3.7/site-packages/airflow/example_dags/example_sensor_decorator.py
[2023-01-26T17:42:56.521+0000] {processor.py:753} INFO - DAG(s) dict_keys(['example_sensor_decorator']) retrieved from /home/airflow/.local/lib/python3.7/site-packages/airflow/example_dags/example_sensor_decorator.py
[2023-01-26T17:42:56.551+0000] {logging_mixin.py:137} INFO - [2023-01-26T17:42:56.550+0000] {dag.py:2690} INFO - Sync 1 DAGs
[2023-01-26T17:42:56.579+0000] {logging_mixin.py:137} INFO - [2023-01-26T17:42:56.579+0000] {dag.py:3441} INFO - Setting next_dagrun for example_sensor_decorator to None, run_after=None
[2023-01-26T17:42:56.608+0000] {processor.py:175} INFO - Processing /home/airflow/.local/lib/python3.7/site-packages/airflow/example_dags/example_sensor_decorator.py took 0.122 seconds
[2023-01-26T17:43:26.718+0000] {processor.py:153} INFO - Started process (PID=3907) to work on /home/airflow/.local/lib/python3.7/site-packages/airflow/example_dags/example_sensor_decorator.py
[2023-01-26T17:43:26.719+0000] {processor.py:743} INFO - Processing file /home/airflow/.local/lib/python3.7/site-packages/airflow/example_dags/example_sensor_decorator.py for tasks to queue
[2023-01-26T17:43:26.720+0000] {logging_mixin.py:137} INFO - [2023-01-26T17:43:26.720+0000] {dagbag.py:538} INFO - Filling up the DagBag from /home/airflow/.local/lib/python3.7/site-packages/airflow/example_dags/example_sensor_decorator.py
[2023-01-26T17:43:26.740+0000] {processor.py:753} INFO - DAG(s) dict_keys(['example_sensor_decorator']) retrieved from /home/airflow/.local/lib/python3.7/site-packages/airflow/example_dags/example_sensor_decorator.py
[2023-01-26T17:43:26.760+0000] {logging_mixin.py:137} INFO - [2023-01-26T17:43:26.760+0000] {dag.py:2690} INFO - Sync 1 DAGs
[2023-01-26T17:43:26.783+0000] {logging_mixin.py:137} INFO - [2023-01-26T17:43:26.782+0000] {dag.py:3441} INFO - Setting next_dagrun for example_sensor_decorator to None, run_after=None
[2023-01-26T17:43:26.805+0000] {processor.py:175} INFO - Processing /home/airflow/.local/lib/python3.7/site-packages/airflow/example_dags/example_sensor_decorator.py took 0.090 seconds
[2023-01-26T17:43:56.864+0000] {processor.py:153} INFO - Started process (PID=3973) to work on /home/airflow/.local/lib/python3.7/site-packages/airflow/example_dags/example_sensor_decorator.py
[2023-01-26T17:43:56.865+0000] {processor.py:743} INFO - Processing file /home/airflow/.local/lib/python3.7/site-packages/airflow/example_dags/example_sensor_decorator.py for tasks to queue
[2023-01-26T17:43:56.866+0000] {logging_mixin.py:137} INFO - [2023-01-26T17:43:56.866+0000] {dagbag.py:538} INFO - Filling up the DagBag from /home/airflow/.local/lib/python3.7/site-packages/airflow/example_dags/example_sensor_decorator.py
[2023-01-26T17:43:56.898+0000] {processor.py:753} INFO - DAG(s) dict_keys(['example_sensor_decorator']) retrieved from /home/airflow/.local/lib/python3.7/site-packages/airflow/example_dags/example_sensor_decorator.py
[2023-01-26T17:43:56.930+0000] {logging_mixin.py:137} INFO - [2023-01-26T17:43:56.930+0000] {dag.py:2690} INFO - Sync 1 DAGs
[2023-01-26T17:43:56.961+0000] {logging_mixin.py:137} INFO - [2023-01-26T17:43:56.961+0000] {dag.py:3441} INFO - Setting next_dagrun for example_sensor_decorator to None, run_after=None
[2023-01-26T17:43:56.990+0000] {processor.py:175} INFO - Processing /home/airflow/.local/lib/python3.7/site-packages/airflow/example_dags/example_sensor_decorator.py took 0.131 seconds
[2023-01-26T17:44:27.603+0000] {processor.py:153} INFO - Started process (PID=4052) to work on /home/airflow/.local/lib/python3.7/site-packages/airflow/example_dags/example_sensor_decorator.py
[2023-01-26T17:44:27.604+0000] {processor.py:743} INFO - Processing file /home/airflow/.local/lib/python3.7/site-packages/airflow/example_dags/example_sensor_decorator.py for tasks to queue
[2023-01-26T17:44:27.605+0000] {logging_mixin.py:137} INFO - [2023-01-26T17:44:27.604+0000] {dagbag.py:538} INFO - Filling up the DagBag from /home/airflow/.local/lib/python3.7/site-packages/airflow/example_dags/example_sensor_decorator.py
[2023-01-26T17:44:27.625+0000] {processor.py:753} INFO - DAG(s) dict_keys(['example_sensor_decorator']) retrieved from /home/airflow/.local/lib/python3.7/site-packages/airflow/example_dags/example_sensor_decorator.py
[2023-01-26T17:44:27.652+0000] {logging_mixin.py:137} INFO - [2023-01-26T17:44:27.651+0000] {dag.py:2690} INFO - Sync 1 DAGs
[2023-01-26T17:44:27.680+0000] {logging_mixin.py:137} INFO - [2023-01-26T17:44:27.680+0000] {dag.py:3441} INFO - Setting next_dagrun for example_sensor_decorator to None, run_after=None
[2023-01-26T17:44:27.705+0000] {processor.py:175} INFO - Processing /home/airflow/.local/lib/python3.7/site-packages/airflow/example_dags/example_sensor_decorator.py took 0.105 seconds
[2023-01-26T17:44:58.623+0000] {processor.py:153} INFO - Started process (PID=4117) to work on /home/airflow/.local/lib/python3.7/site-packages/airflow/example_dags/example_sensor_decorator.py
[2023-01-26T17:44:58.624+0000] {processor.py:743} INFO - Processing file /home/airflow/.local/lib/python3.7/site-packages/airflow/example_dags/example_sensor_decorator.py for tasks to queue
[2023-01-26T17:44:58.625+0000] {logging_mixin.py:137} INFO - [2023-01-26T17:44:58.624+0000] {dagbag.py:538} INFO - Filling up the DagBag from /home/airflow/.local/lib/python3.7/site-packages/airflow/example_dags/example_sensor_decorator.py
[2023-01-26T17:44:58.674+0000] {processor.py:753} INFO - DAG(s) dict_keys(['example_sensor_decorator']) retrieved from /home/airflow/.local/lib/python3.7/site-packages/airflow/example_dags/example_sensor_decorator.py
[2023-01-26T17:44:58.713+0000] {logging_mixin.py:137} INFO - [2023-01-26T17:44:58.713+0000] {dag.py:2690} INFO - Sync 1 DAGs
[2023-01-26T17:44:58.747+0000] {logging_mixin.py:137} INFO - [2023-01-26T17:44:58.747+0000] {dag.py:3441} INFO - Setting next_dagrun for example_sensor_decorator to None, run_after=None
[2023-01-26T17:44:58.779+0000] {processor.py:175} INFO - Processing /home/airflow/.local/lib/python3.7/site-packages/airflow/example_dags/example_sensor_decorator.py took 0.161 seconds
[2023-01-26T17:45:28.801+0000] {processor.py:153} INFO - Started process (PID=4194) to work on /home/airflow/.local/lib/python3.7/site-packages/airflow/example_dags/example_sensor_decorator.py
[2023-01-26T17:45:28.802+0000] {processor.py:743} INFO - Processing file /home/airflow/.local/lib/python3.7/site-packages/airflow/example_dags/example_sensor_decorator.py for tasks to queue
[2023-01-26T17:45:28.803+0000] {logging_mixin.py:137} INFO - [2023-01-26T17:45:28.803+0000] {dagbag.py:538} INFO - Filling up the DagBag from /home/airflow/.local/lib/python3.7/site-packages/airflow/example_dags/example_sensor_decorator.py
[2023-01-26T17:45:28.825+0000] {processor.py:753} INFO - DAG(s) dict_keys(['example_sensor_decorator']) retrieved from /home/airflow/.local/lib/python3.7/site-packages/airflow/example_dags/example_sensor_decorator.py
[2023-01-26T17:45:28.851+0000] {logging_mixin.py:137} INFO - [2023-01-26T17:45:28.851+0000] {dag.py:2690} INFO - Sync 1 DAGs
[2023-01-26T17:45:28.875+0000] {logging_mixin.py:137} INFO - [2023-01-26T17:45:28.875+0000] {dag.py:3441} INFO - Setting next_dagrun for example_sensor_decorator to None, run_after=None
[2023-01-26T17:45:28.902+0000] {processor.py:175} INFO - Processing /home/airflow/.local/lib/python3.7/site-packages/airflow/example_dags/example_sensor_decorator.py took 0.105 seconds
[2023-01-26T17:45:59.297+0000] {processor.py:153} INFO - Started process (PID=4259) to work on /home/airflow/.local/lib/python3.7/site-packages/airflow/example_dags/example_sensor_decorator.py
[2023-01-26T17:45:59.298+0000] {processor.py:743} INFO - Processing file /home/airflow/.local/lib/python3.7/site-packages/airflow/example_dags/example_sensor_decorator.py for tasks to queue
[2023-01-26T17:45:59.299+0000] {logging_mixin.py:137} INFO - [2023-01-26T17:45:59.299+0000] {dagbag.py:538} INFO - Filling up the DagBag from /home/airflow/.local/lib/python3.7/site-packages/airflow/example_dags/example_sensor_decorator.py
[2023-01-26T17:45:59.329+0000] {processor.py:753} INFO - DAG(s) dict_keys(['example_sensor_decorator']) retrieved from /home/airflow/.local/lib/python3.7/site-packages/airflow/example_dags/example_sensor_decorator.py
[2023-01-26T17:45:59.364+0000] {logging_mixin.py:137} INFO - [2023-01-26T17:45:59.363+0000] {dag.py:2690} INFO - Sync 1 DAGs
[2023-01-26T17:45:59.392+0000] {logging_mixin.py:137} INFO - [2023-01-26T17:45:59.391+0000] {dag.py:3441} INFO - Setting next_dagrun for example_sensor_decorator to None, run_after=None
[2023-01-26T17:45:59.415+0000] {processor.py:175} INFO - Processing /home/airflow/.local/lib/python3.7/site-packages/airflow/example_dags/example_sensor_decorator.py took 0.123 seconds
[2023-01-26T17:46:30.074+0000] {processor.py:153} INFO - Started process (PID=4336) to work on /home/airflow/.local/lib/python3.7/site-packages/airflow/example_dags/example_sensor_decorator.py
[2023-01-26T17:46:30.075+0000] {processor.py:743} INFO - Processing file /home/airflow/.local/lib/python3.7/site-packages/airflow/example_dags/example_sensor_decorator.py for tasks to queue
[2023-01-26T17:46:30.076+0000] {logging_mixin.py:137} INFO - [2023-01-26T17:46:30.076+0000] {dagbag.py:538} INFO - Filling up the DagBag from /home/airflow/.local/lib/python3.7/site-packages/airflow/example_dags/example_sensor_decorator.py
[2023-01-26T17:46:30.098+0000] {processor.py:753} INFO - DAG(s) dict_keys(['example_sensor_decorator']) retrieved from /home/airflow/.local/lib/python3.7/site-packages/airflow/example_dags/example_sensor_decorator.py
[2023-01-26T17:46:30.121+0000] {logging_mixin.py:137} INFO - [2023-01-26T17:46:30.121+0000] {dag.py:2690} INFO - Sync 1 DAGs
[2023-01-26T17:46:30.144+0000] {logging_mixin.py:137} INFO - [2023-01-26T17:46:30.144+0000] {dag.py:3441} INFO - Setting next_dagrun for example_sensor_decorator to None, run_after=None
[2023-01-26T17:46:30.166+0000] {processor.py:175} INFO - Processing /home/airflow/.local/lib/python3.7/site-packages/airflow/example_dags/example_sensor_decorator.py took 0.095 seconds
[2023-01-26T17:47:00.788+0000] {processor.py:153} INFO - Started process (PID=4402) to work on /home/airflow/.local/lib/python3.7/site-packages/airflow/example_dags/example_sensor_decorator.py
[2023-01-26T17:47:00.790+0000] {processor.py:743} INFO - Processing file /home/airflow/.local/lib/python3.7/site-packages/airflow/example_dags/example_sensor_decorator.py for tasks to queue
[2023-01-26T17:47:00.791+0000] {logging_mixin.py:137} INFO - [2023-01-26T17:47:00.791+0000] {dagbag.py:538} INFO - Filling up the DagBag from /home/airflow/.local/lib/python3.7/site-packages/airflow/example_dags/example_sensor_decorator.py
[2023-01-26T17:47:00.819+0000] {processor.py:753} INFO - DAG(s) dict_keys(['example_sensor_decorator']) retrieved from /home/airflow/.local/lib/python3.7/site-packages/airflow/example_dags/example_sensor_decorator.py
[2023-01-26T17:47:00.850+0000] {logging_mixin.py:137} INFO - [2023-01-26T17:47:00.849+0000] {dag.py:2690} INFO - Sync 1 DAGs
[2023-01-26T17:47:00.885+0000] {logging_mixin.py:137} INFO - [2023-01-26T17:47:00.885+0000] {dag.py:3441} INFO - Setting next_dagrun for example_sensor_decorator to None, run_after=None
[2023-01-26T17:47:00.915+0000] {processor.py:175} INFO - Processing /home/airflow/.local/lib/python3.7/site-packages/airflow/example_dags/example_sensor_decorator.py took 0.131 seconds
[2023-01-26T17:47:31.587+0000] {processor.py:153} INFO - Started process (PID=4479) to work on /home/airflow/.local/lib/python3.7/site-packages/airflow/example_dags/example_sensor_decorator.py
[2023-01-26T17:47:31.588+0000] {processor.py:743} INFO - Processing file /home/airflow/.local/lib/python3.7/site-packages/airflow/example_dags/example_sensor_decorator.py for tasks to queue
[2023-01-26T17:47:31.589+0000] {logging_mixin.py:137} INFO - [2023-01-26T17:47:31.588+0000] {dagbag.py:538} INFO - Filling up the DagBag from /home/airflow/.local/lib/python3.7/site-packages/airflow/example_dags/example_sensor_decorator.py
[2023-01-26T17:47:31.616+0000] {processor.py:753} INFO - DAG(s) dict_keys(['example_sensor_decorator']) retrieved from /home/airflow/.local/lib/python3.7/site-packages/airflow/example_dags/example_sensor_decorator.py
[2023-01-26T17:47:31.639+0000] {logging_mixin.py:137} INFO - [2023-01-26T17:47:31.639+0000] {dag.py:2690} INFO - Sync 1 DAGs
[2023-01-26T17:47:31.662+0000] {logging_mixin.py:137} INFO - [2023-01-26T17:47:31.662+0000] {dag.py:3441} INFO - Setting next_dagrun for example_sensor_decorator to None, run_after=None
[2023-01-26T17:47:31.685+0000] {processor.py:175} INFO - Processing /home/airflow/.local/lib/python3.7/site-packages/airflow/example_dags/example_sensor_decorator.py took 0.102 seconds
[2023-01-26T17:48:02.135+0000] {processor.py:153} INFO - Started process (PID=4544) to work on /home/airflow/.local/lib/python3.7/site-packages/airflow/example_dags/example_sensor_decorator.py
[2023-01-26T17:48:02.136+0000] {processor.py:743} INFO - Processing file /home/airflow/.local/lib/python3.7/site-packages/airflow/example_dags/example_sensor_decorator.py for tasks to queue
[2023-01-26T17:48:02.136+0000] {logging_mixin.py:137} INFO - [2023-01-26T17:48:02.136+0000] {dagbag.py:538} INFO - Filling up the DagBag from /home/airflow/.local/lib/python3.7/site-packages/airflow/example_dags/example_sensor_decorator.py
[2023-01-26T17:48:02.158+0000] {processor.py:753} INFO - DAG(s) dict_keys(['example_sensor_decorator']) retrieved from /home/airflow/.local/lib/python3.7/site-packages/airflow/example_dags/example_sensor_decorator.py
[2023-01-26T17:48:02.181+0000] {logging_mixin.py:137} INFO - [2023-01-26T17:48:02.181+0000] {dag.py:2690} INFO - Sync 1 DAGs
[2023-01-26T17:48:02.203+0000] {logging_mixin.py:137} INFO - [2023-01-26T17:48:02.203+0000] {dag.py:3441} INFO - Setting next_dagrun for example_sensor_decorator to None, run_after=None
[2023-01-26T17:48:02.230+0000] {processor.py:175} INFO - Processing /home/airflow/.local/lib/python3.7/site-packages/airflow/example_dags/example_sensor_decorator.py took 0.098 seconds
[2023-01-26T17:48:32.692+0000] {processor.py:153} INFO - Started process (PID=4622) to work on /home/airflow/.local/lib/python3.7/site-packages/airflow/example_dags/example_sensor_decorator.py
[2023-01-26T17:48:32.693+0000] {processor.py:743} INFO - Processing file /home/airflow/.local/lib/python3.7/site-packages/airflow/example_dags/example_sensor_decorator.py for tasks to queue
[2023-01-26T17:48:32.694+0000] {logging_mixin.py:137} INFO - [2023-01-26T17:48:32.694+0000] {dagbag.py:538} INFO - Filling up the DagBag from /home/airflow/.local/lib/python3.7/site-packages/airflow/example_dags/example_sensor_decorator.py
[2023-01-26T17:48:32.719+0000] {processor.py:753} INFO - DAG(s) dict_keys(['example_sensor_decorator']) retrieved from /home/airflow/.local/lib/python3.7/site-packages/airflow/example_dags/example_sensor_decorator.py
[2023-01-26T17:48:32.742+0000] {logging_mixin.py:137} INFO - [2023-01-26T17:48:32.742+0000] {dag.py:2690} INFO - Sync 1 DAGs
[2023-01-26T17:48:32.764+0000] {logging_mixin.py:137} INFO - [2023-01-26T17:48:32.764+0000] {dag.py:3441} INFO - Setting next_dagrun for example_sensor_decorator to None, run_after=None
[2023-01-26T17:48:32.789+0000] {processor.py:175} INFO - Processing /home/airflow/.local/lib/python3.7/site-packages/airflow/example_dags/example_sensor_decorator.py took 0.101 seconds
[2023-01-26T17:49:03.472+0000] {processor.py:153} INFO - Started process (PID=4696) to work on /home/airflow/.local/lib/python3.7/site-packages/airflow/example_dags/example_sensor_decorator.py
[2023-01-26T17:49:03.473+0000] {processor.py:743} INFO - Processing file /home/airflow/.local/lib/python3.7/site-packages/airflow/example_dags/example_sensor_decorator.py for tasks to queue
[2023-01-26T17:49:03.474+0000] {logging_mixin.py:137} INFO - [2023-01-26T17:49:03.474+0000] {dagbag.py:538} INFO - Filling up the DagBag from /home/airflow/.local/lib/python3.7/site-packages/airflow/example_dags/example_sensor_decorator.py
[2023-01-26T17:49:03.503+0000] {processor.py:753} INFO - DAG(s) dict_keys(['example_sensor_decorator']) retrieved from /home/airflow/.local/lib/python3.7/site-packages/airflow/example_dags/example_sensor_decorator.py
[2023-01-26T17:49:03.529+0000] {logging_mixin.py:137} INFO - [2023-01-26T17:49:03.529+0000] {dag.py:2690} INFO - Sync 1 DAGs
[2023-01-26T17:49:03.561+0000] {logging_mixin.py:137} INFO - [2023-01-26T17:49:03.561+0000] {dag.py:3441} INFO - Setting next_dagrun for example_sensor_decorator to None, run_after=None
[2023-01-26T17:49:03.584+0000] {processor.py:175} INFO - Processing /home/airflow/.local/lib/python3.7/site-packages/airflow/example_dags/example_sensor_decorator.py took 0.116 seconds
[2023-01-26T17:49:34.452+0000] {processor.py:153} INFO - Started process (PID=4764) to work on /home/airflow/.local/lib/python3.7/site-packages/airflow/example_dags/example_sensor_decorator.py
[2023-01-26T17:49:34.453+0000] {processor.py:743} INFO - Processing file /home/airflow/.local/lib/python3.7/site-packages/airflow/example_dags/example_sensor_decorator.py for tasks to queue
[2023-01-26T17:49:34.454+0000] {logging_mixin.py:137} INFO - [2023-01-26T17:49:34.454+0000] {dagbag.py:538} INFO - Filling up the DagBag from /home/airflow/.local/lib/python3.7/site-packages/airflow/example_dags/example_sensor_decorator.py
[2023-01-26T17:49:34.479+0000] {processor.py:753} INFO - DAG(s) dict_keys(['example_sensor_decorator']) retrieved from /home/airflow/.local/lib/python3.7/site-packages/airflow/example_dags/example_sensor_decorator.py
[2023-01-26T17:49:34.508+0000] {logging_mixin.py:137} INFO - [2023-01-26T17:49:34.508+0000] {dag.py:2690} INFO - Sync 1 DAGs
[2023-01-26T17:49:34.534+0000] {logging_mixin.py:137} INFO - [2023-01-26T17:49:34.534+0000] {dag.py:3441} INFO - Setting next_dagrun for example_sensor_decorator to None, run_after=None
[2023-01-26T17:49:34.557+0000] {processor.py:175} INFO - Processing /home/airflow/.local/lib/python3.7/site-packages/airflow/example_dags/example_sensor_decorator.py took 0.108 seconds
[2023-01-26T17:50:05.556+0000] {processor.py:153} INFO - Started process (PID=4841) to work on /home/airflow/.local/lib/python3.7/site-packages/airflow/example_dags/example_sensor_decorator.py
[2023-01-26T17:50:05.557+0000] {processor.py:743} INFO - Processing file /home/airflow/.local/lib/python3.7/site-packages/airflow/example_dags/example_sensor_decorator.py for tasks to queue
[2023-01-26T17:50:05.558+0000] {logging_mixin.py:137} INFO - [2023-01-26T17:50:05.558+0000] {dagbag.py:538} INFO - Filling up the DagBag from /home/airflow/.local/lib/python3.7/site-packages/airflow/example_dags/example_sensor_decorator.py
[2023-01-26T17:50:05.587+0000] {processor.py:753} INFO - DAG(s) dict_keys(['example_sensor_decorator']) retrieved from /home/airflow/.local/lib/python3.7/site-packages/airflow/example_dags/example_sensor_decorator.py
[2023-01-26T17:50:05.617+0000] {logging_mixin.py:137} INFO - [2023-01-26T17:50:05.617+0000] {dag.py:2690} INFO - Sync 1 DAGs
[2023-01-26T17:50:05.643+0000] {logging_mixin.py:137} INFO - [2023-01-26T17:50:05.643+0000] {dag.py:3441} INFO - Setting next_dagrun for example_sensor_decorator to None, run_after=None
[2023-01-26T17:50:05.674+0000] {processor.py:175} INFO - Processing /home/airflow/.local/lib/python3.7/site-packages/airflow/example_dags/example_sensor_decorator.py took 0.122 seconds
[2023-01-26T17:50:35.847+0000] {processor.py:153} INFO - Started process (PID=4907) to work on /home/airflow/.local/lib/python3.7/site-packages/airflow/example_dags/example_sensor_decorator.py
[2023-01-26T17:50:35.848+0000] {processor.py:743} INFO - Processing file /home/airflow/.local/lib/python3.7/site-packages/airflow/example_dags/example_sensor_decorator.py for tasks to queue
[2023-01-26T17:50:35.849+0000] {logging_mixin.py:137} INFO - [2023-01-26T17:50:35.849+0000] {dagbag.py:538} INFO - Filling up the DagBag from /home/airflow/.local/lib/python3.7/site-packages/airflow/example_dags/example_sensor_decorator.py
[2023-01-26T17:50:35.869+0000] {processor.py:753} INFO - DAG(s) dict_keys(['example_sensor_decorator']) retrieved from /home/airflow/.local/lib/python3.7/site-packages/airflow/example_dags/example_sensor_decorator.py
[2023-01-26T17:50:35.891+0000] {logging_mixin.py:137} INFO - [2023-01-26T17:50:35.890+0000] {dag.py:2690} INFO - Sync 1 DAGs
[2023-01-26T17:50:35.913+0000] {logging_mixin.py:137} INFO - [2023-01-26T17:50:35.913+0000] {dag.py:3441} INFO - Setting next_dagrun for example_sensor_decorator to None, run_after=None
[2023-01-26T17:50:35.940+0000] {processor.py:175} INFO - Processing /home/airflow/.local/lib/python3.7/site-packages/airflow/example_dags/example_sensor_decorator.py took 0.096 seconds
