[2023-01-26T17:15:56.830+0000] {processor.py:153} INFO - Started process (PID=77) to work on /home/airflow/.local/lib/python3.7/site-packages/airflow/example_dags/example_kubernetes_executor.py
[2023-01-26T17:15:56.830+0000] {processor.py:743} INFO - Processing file /home/airflow/.local/lib/python3.7/site-packages/airflow/example_dags/example_kubernetes_executor.py for tasks to queue
[2023-01-26T17:15:56.831+0000] {logging_mixin.py:137} INFO - [2023-01-26T17:15:56.831+0000] {dagbag.py:538} INFO - Filling up the DagBag from /home/airflow/.local/lib/python3.7/site-packages/airflow/example_dags/example_kubernetes_executor.py
[2023-01-26T17:15:56.857+0000] {processor.py:753} INFO - DAG(s) dict_keys(['example_kubernetes_executor']) retrieved from /home/airflow/.local/lib/python3.7/site-packages/airflow/example_dags/example_kubernetes_executor.py
[2023-01-26T17:15:56.884+0000] {logging_mixin.py:137} INFO - [2023-01-26T17:15:56.884+0000] {dag.py:2690} INFO - Sync 1 DAGs
[2023-01-26T17:15:56.907+0000] {logging_mixin.py:137} INFO - [2023-01-26T17:15:56.906+0000] {dag.py:3441} INFO - Setting next_dagrun for example_kubernetes_executor to None, run_after=None
[2023-01-26T17:15:56.948+0000] {processor.py:175} INFO - Processing /home/airflow/.local/lib/python3.7/site-packages/airflow/example_dags/example_kubernetes_executor.py took 0.121 seconds
[2023-01-26T17:16:27.024+0000] {processor.py:153} INFO - Started process (PID=139) to work on /home/airflow/.local/lib/python3.7/site-packages/airflow/example_dags/example_kubernetes_executor.py
[2023-01-26T17:16:27.032+0000] {processor.py:743} INFO - Processing file /home/airflow/.local/lib/python3.7/site-packages/airflow/example_dags/example_kubernetes_executor.py for tasks to queue
[2023-01-26T17:16:27.032+0000] {logging_mixin.py:137} INFO - [2023-01-26T17:16:27.032+0000] {dagbag.py:538} INFO - Filling up the DagBag from /home/airflow/.local/lib/python3.7/site-packages/airflow/example_dags/example_kubernetes_executor.py
[2023-01-26T17:16:27.060+0000] {processor.py:753} INFO - DAG(s) dict_keys(['example_kubernetes_executor']) retrieved from /home/airflow/.local/lib/python3.7/site-packages/airflow/example_dags/example_kubernetes_executor.py
[2023-01-26T17:16:27.087+0000] {logging_mixin.py:137} INFO - [2023-01-26T17:16:27.087+0000] {dag.py:2690} INFO - Sync 1 DAGs
[2023-01-26T17:16:27.108+0000] {logging_mixin.py:137} INFO - [2023-01-26T17:16:27.108+0000] {dag.py:3441} INFO - Setting next_dagrun for example_kubernetes_executor to None, run_after=None
[2023-01-26T17:16:27.130+0000] {processor.py:175} INFO - Processing /home/airflow/.local/lib/python3.7/site-packages/airflow/example_dags/example_kubernetes_executor.py took 0.110 seconds
[2023-01-26T17:16:57.175+0000] {processor.py:153} INFO - Started process (PID=211) to work on /home/airflow/.local/lib/python3.7/site-packages/airflow/example_dags/example_kubernetes_executor.py
[2023-01-26T17:16:57.176+0000] {processor.py:743} INFO - Processing file /home/airflow/.local/lib/python3.7/site-packages/airflow/example_dags/example_kubernetes_executor.py for tasks to queue
[2023-01-26T17:16:57.177+0000] {logging_mixin.py:137} INFO - [2023-01-26T17:16:57.177+0000] {dagbag.py:538} INFO - Filling up the DagBag from /home/airflow/.local/lib/python3.7/site-packages/airflow/example_dags/example_kubernetes_executor.py
[2023-01-26T17:16:57.218+0000] {processor.py:753} INFO - DAG(s) dict_keys(['example_kubernetes_executor']) retrieved from /home/airflow/.local/lib/python3.7/site-packages/airflow/example_dags/example_kubernetes_executor.py
[2023-01-26T17:16:57.270+0000] {logging_mixin.py:137} INFO - [2023-01-26T17:16:57.270+0000] {dag.py:2690} INFO - Sync 1 DAGs
[2023-01-26T17:16:57.311+0000] {logging_mixin.py:137} INFO - [2023-01-26T17:16:57.311+0000] {dag.py:3441} INFO - Setting next_dagrun for example_kubernetes_executor to None, run_after=None
[2023-01-26T17:16:57.341+0000] {processor.py:175} INFO - Processing /home/airflow/.local/lib/python3.7/site-packages/airflow/example_dags/example_kubernetes_executor.py took 0.170 seconds
[2023-01-26T17:17:27.966+0000] {processor.py:153} INFO - Started process (PID=282) to work on /home/airflow/.local/lib/python3.7/site-packages/airflow/example_dags/example_kubernetes_executor.py
[2023-01-26T17:17:27.967+0000] {processor.py:743} INFO - Processing file /home/airflow/.local/lib/python3.7/site-packages/airflow/example_dags/example_kubernetes_executor.py for tasks to queue
[2023-01-26T17:17:27.967+0000] {logging_mixin.py:137} INFO - [2023-01-26T17:17:27.967+0000] {dagbag.py:538} INFO - Filling up the DagBag from /home/airflow/.local/lib/python3.7/site-packages/airflow/example_dags/example_kubernetes_executor.py
[2023-01-26T17:17:27.993+0000] {processor.py:753} INFO - DAG(s) dict_keys(['example_kubernetes_executor']) retrieved from /home/airflow/.local/lib/python3.7/site-packages/airflow/example_dags/example_kubernetes_executor.py
[2023-01-26T17:17:28.020+0000] {logging_mixin.py:137} INFO - [2023-01-26T17:17:28.020+0000] {dag.py:2690} INFO - Sync 1 DAGs
[2023-01-26T17:17:28.041+0000] {logging_mixin.py:137} INFO - [2023-01-26T17:17:28.041+0000] {dag.py:3441} INFO - Setting next_dagrun for example_kubernetes_executor to None, run_after=None
[2023-01-26T17:17:28.066+0000] {processor.py:175} INFO - Processing /home/airflow/.local/lib/python3.7/site-packages/airflow/example_dags/example_kubernetes_executor.py took 0.104 seconds
[2023-01-26T17:17:58.769+0000] {processor.py:153} INFO - Started process (PID=348) to work on /home/airflow/.local/lib/python3.7/site-packages/airflow/example_dags/example_kubernetes_executor.py
[2023-01-26T17:17:58.770+0000] {processor.py:743} INFO - Processing file /home/airflow/.local/lib/python3.7/site-packages/airflow/example_dags/example_kubernetes_executor.py for tasks to queue
[2023-01-26T17:17:58.771+0000] {logging_mixin.py:137} INFO - [2023-01-26T17:17:58.771+0000] {dagbag.py:538} INFO - Filling up the DagBag from /home/airflow/.local/lib/python3.7/site-packages/airflow/example_dags/example_kubernetes_executor.py
[2023-01-26T17:17:58.801+0000] {processor.py:753} INFO - DAG(s) dict_keys(['example_kubernetes_executor']) retrieved from /home/airflow/.local/lib/python3.7/site-packages/airflow/example_dags/example_kubernetes_executor.py
[2023-01-26T17:17:58.829+0000] {logging_mixin.py:137} INFO - [2023-01-26T17:17:58.829+0000] {dag.py:2690} INFO - Sync 1 DAGs
[2023-01-26T17:17:58.852+0000] {logging_mixin.py:137} INFO - [2023-01-26T17:17:58.852+0000] {dag.py:3441} INFO - Setting next_dagrun for example_kubernetes_executor to None, run_after=None
[2023-01-26T17:17:58.877+0000] {processor.py:175} INFO - Processing /home/airflow/.local/lib/python3.7/site-packages/airflow/example_dags/example_kubernetes_executor.py took 0.112 seconds
[2023-01-26T17:18:29.268+0000] {processor.py:153} INFO - Started process (PID=426) to work on /home/airflow/.local/lib/python3.7/site-packages/airflow/example_dags/example_kubernetes_executor.py
[2023-01-26T17:18:29.268+0000] {processor.py:743} INFO - Processing file /home/airflow/.local/lib/python3.7/site-packages/airflow/example_dags/example_kubernetes_executor.py for tasks to queue
[2023-01-26T17:18:29.269+0000] {logging_mixin.py:137} INFO - [2023-01-26T17:18:29.269+0000] {dagbag.py:538} INFO - Filling up the DagBag from /home/airflow/.local/lib/python3.7/site-packages/airflow/example_dags/example_kubernetes_executor.py
[2023-01-26T17:18:29.296+0000] {processor.py:753} INFO - DAG(s) dict_keys(['example_kubernetes_executor']) retrieved from /home/airflow/.local/lib/python3.7/site-packages/airflow/example_dags/example_kubernetes_executor.py
[2023-01-26T17:18:29.323+0000] {logging_mixin.py:137} INFO - [2023-01-26T17:18:29.323+0000] {dag.py:2690} INFO - Sync 1 DAGs
[2023-01-26T17:18:29.344+0000] {logging_mixin.py:137} INFO - [2023-01-26T17:18:29.344+0000] {dag.py:3441} INFO - Setting next_dagrun for example_kubernetes_executor to None, run_after=None
[2023-01-26T17:18:29.367+0000] {processor.py:175} INFO - Processing /home/airflow/.local/lib/python3.7/site-packages/airflow/example_dags/example_kubernetes_executor.py took 0.103 seconds
[2023-01-26T17:19:00.374+0000] {processor.py:153} INFO - Started process (PID=491) to work on /home/airflow/.local/lib/python3.7/site-packages/airflow/example_dags/example_kubernetes_executor.py
[2023-01-26T17:19:00.375+0000] {processor.py:743} INFO - Processing file /home/airflow/.local/lib/python3.7/site-packages/airflow/example_dags/example_kubernetes_executor.py for tasks to queue
[2023-01-26T17:19:00.376+0000] {logging_mixin.py:137} INFO - [2023-01-26T17:19:00.376+0000] {dagbag.py:538} INFO - Filling up the DagBag from /home/airflow/.local/lib/python3.7/site-packages/airflow/example_dags/example_kubernetes_executor.py
[2023-01-26T17:19:00.413+0000] {processor.py:753} INFO - DAG(s) dict_keys(['example_kubernetes_executor']) retrieved from /home/airflow/.local/lib/python3.7/site-packages/airflow/example_dags/example_kubernetes_executor.py
[2023-01-26T17:19:00.446+0000] {logging_mixin.py:137} INFO - [2023-01-26T17:19:00.446+0000] {dag.py:2690} INFO - Sync 1 DAGs
[2023-01-26T17:19:00.472+0000] {logging_mixin.py:137} INFO - [2023-01-26T17:19:00.472+0000] {dag.py:3441} INFO - Setting next_dagrun for example_kubernetes_executor to None, run_after=None
[2023-01-26T17:19:00.497+0000] {processor.py:175} INFO - Processing /home/airflow/.local/lib/python3.7/site-packages/airflow/example_dags/example_kubernetes_executor.py took 0.128 seconds
[2023-01-26T17:19:30.633+0000] {processor.py:153} INFO - Started process (PID=569) to work on /home/airflow/.local/lib/python3.7/site-packages/airflow/example_dags/example_kubernetes_executor.py
[2023-01-26T17:19:30.634+0000] {processor.py:743} INFO - Processing file /home/airflow/.local/lib/python3.7/site-packages/airflow/example_dags/example_kubernetes_executor.py for tasks to queue
[2023-01-26T17:19:30.635+0000] {logging_mixin.py:137} INFO - [2023-01-26T17:19:30.634+0000] {dagbag.py:538} INFO - Filling up the DagBag from /home/airflow/.local/lib/python3.7/site-packages/airflow/example_dags/example_kubernetes_executor.py
[2023-01-26T17:19:30.674+0000] {processor.py:753} INFO - DAG(s) dict_keys(['example_kubernetes_executor']) retrieved from /home/airflow/.local/lib/python3.7/site-packages/airflow/example_dags/example_kubernetes_executor.py
[2023-01-26T17:19:30.711+0000] {logging_mixin.py:137} INFO - [2023-01-26T17:19:30.711+0000] {dag.py:2690} INFO - Sync 1 DAGs
[2023-01-26T17:19:30.742+0000] {logging_mixin.py:137} INFO - [2023-01-26T17:19:30.742+0000] {dag.py:3441} INFO - Setting next_dagrun for example_kubernetes_executor to None, run_after=None
[2023-01-26T17:19:30.766+0000] {processor.py:175} INFO - Processing /home/airflow/.local/lib/python3.7/site-packages/airflow/example_dags/example_kubernetes_executor.py took 0.138 seconds
[2023-01-26T17:20:00.915+0000] {processor.py:153} INFO - Started process (PID=634) to work on /home/airflow/.local/lib/python3.7/site-packages/airflow/example_dags/example_kubernetes_executor.py
[2023-01-26T17:20:00.916+0000] {processor.py:743} INFO - Processing file /home/airflow/.local/lib/python3.7/site-packages/airflow/example_dags/example_kubernetes_executor.py for tasks to queue
[2023-01-26T17:20:00.917+0000] {logging_mixin.py:137} INFO - [2023-01-26T17:20:00.916+0000] {dagbag.py:538} INFO - Filling up the DagBag from /home/airflow/.local/lib/python3.7/site-packages/airflow/example_dags/example_kubernetes_executor.py
[2023-01-26T17:20:00.957+0000] {processor.py:753} INFO - DAG(s) dict_keys(['example_kubernetes_executor']) retrieved from /home/airflow/.local/lib/python3.7/site-packages/airflow/example_dags/example_kubernetes_executor.py
[2023-01-26T17:20:00.989+0000] {logging_mixin.py:137} INFO - [2023-01-26T17:20:00.988+0000] {dag.py:2690} INFO - Sync 1 DAGs
[2023-01-26T17:20:01.011+0000] {logging_mixin.py:137} INFO - [2023-01-26T17:20:01.011+0000] {dag.py:3441} INFO - Setting next_dagrun for example_kubernetes_executor to None, run_after=None
[2023-01-26T17:20:01.036+0000] {processor.py:175} INFO - Processing /home/airflow/.local/lib/python3.7/site-packages/airflow/example_dags/example_kubernetes_executor.py took 0.125 seconds
[2023-01-26T17:20:31.107+0000] {processor.py:153} INFO - Started process (PID=710) to work on /home/airflow/.local/lib/python3.7/site-packages/airflow/example_dags/example_kubernetes_executor.py
[2023-01-26T17:20:31.108+0000] {processor.py:743} INFO - Processing file /home/airflow/.local/lib/python3.7/site-packages/airflow/example_dags/example_kubernetes_executor.py for tasks to queue
[2023-01-26T17:20:31.109+0000] {logging_mixin.py:137} INFO - [2023-01-26T17:20:31.109+0000] {dagbag.py:538} INFO - Filling up the DagBag from /home/airflow/.local/lib/python3.7/site-packages/airflow/example_dags/example_kubernetes_executor.py
[2023-01-26T17:20:31.135+0000] {processor.py:753} INFO - DAG(s) dict_keys(['example_kubernetes_executor']) retrieved from /home/airflow/.local/lib/python3.7/site-packages/airflow/example_dags/example_kubernetes_executor.py
[2023-01-26T17:20:31.163+0000] {logging_mixin.py:137} INFO - [2023-01-26T17:20:31.163+0000] {dag.py:2690} INFO - Sync 1 DAGs
[2023-01-26T17:20:31.185+0000] {logging_mixin.py:137} INFO - [2023-01-26T17:20:31.185+0000] {dag.py:3441} INFO - Setting next_dagrun for example_kubernetes_executor to None, run_after=None
[2023-01-26T17:20:31.207+0000] {processor.py:175} INFO - Processing /home/airflow/.local/lib/python3.7/site-packages/airflow/example_dags/example_kubernetes_executor.py took 0.104 seconds
[2023-01-26T17:21:01.905+0000] {processor.py:153} INFO - Started process (PID=775) to work on /home/airflow/.local/lib/python3.7/site-packages/airflow/example_dags/example_kubernetes_executor.py
[2023-01-26T17:21:01.906+0000] {processor.py:743} INFO - Processing file /home/airflow/.local/lib/python3.7/site-packages/airflow/example_dags/example_kubernetes_executor.py for tasks to queue
[2023-01-26T17:21:01.907+0000] {logging_mixin.py:137} INFO - [2023-01-26T17:21:01.907+0000] {dagbag.py:538} INFO - Filling up the DagBag from /home/airflow/.local/lib/python3.7/site-packages/airflow/example_dags/example_kubernetes_executor.py
[2023-01-26T17:21:01.963+0000] {processor.py:753} INFO - DAG(s) dict_keys(['example_kubernetes_executor']) retrieved from /home/airflow/.local/lib/python3.7/site-packages/airflow/example_dags/example_kubernetes_executor.py
[2023-01-26T17:21:02.014+0000] {logging_mixin.py:137} INFO - [2023-01-26T17:21:02.014+0000] {dag.py:2690} INFO - Sync 1 DAGs
[2023-01-26T17:21:02.047+0000] {logging_mixin.py:137} INFO - [2023-01-26T17:21:02.047+0000] {dag.py:3441} INFO - Setting next_dagrun for example_kubernetes_executor to None, run_after=None
[2023-01-26T17:21:02.077+0000] {processor.py:175} INFO - Processing /home/airflow/.local/lib/python3.7/site-packages/airflow/example_dags/example_kubernetes_executor.py took 0.176 seconds
[2023-01-26T17:21:32.526+0000] {processor.py:153} INFO - Started process (PID=852) to work on /home/airflow/.local/lib/python3.7/site-packages/airflow/example_dags/example_kubernetes_executor.py
[2023-01-26T17:21:32.527+0000] {processor.py:743} INFO - Processing file /home/airflow/.local/lib/python3.7/site-packages/airflow/example_dags/example_kubernetes_executor.py for tasks to queue
[2023-01-26T17:21:32.528+0000] {logging_mixin.py:137} INFO - [2023-01-26T17:21:32.528+0000] {dagbag.py:538} INFO - Filling up the DagBag from /home/airflow/.local/lib/python3.7/site-packages/airflow/example_dags/example_kubernetes_executor.py
[2023-01-26T17:21:32.557+0000] {processor.py:753} INFO - DAG(s) dict_keys(['example_kubernetes_executor']) retrieved from /home/airflow/.local/lib/python3.7/site-packages/airflow/example_dags/example_kubernetes_executor.py
[2023-01-26T17:21:32.586+0000] {logging_mixin.py:137} INFO - [2023-01-26T17:21:32.586+0000] {dag.py:2690} INFO - Sync 1 DAGs
[2023-01-26T17:21:32.610+0000] {logging_mixin.py:137} INFO - [2023-01-26T17:21:32.609+0000] {dag.py:3441} INFO - Setting next_dagrun for example_kubernetes_executor to None, run_after=None
[2023-01-26T17:21:32.634+0000] {processor.py:175} INFO - Processing /home/airflow/.local/lib/python3.7/site-packages/airflow/example_dags/example_kubernetes_executor.py took 0.112 seconds
[2023-01-26T17:22:03.443+0000] {processor.py:153} INFO - Started process (PID=917) to work on /home/airflow/.local/lib/python3.7/site-packages/airflow/example_dags/example_kubernetes_executor.py
[2023-01-26T17:22:03.444+0000] {processor.py:743} INFO - Processing file /home/airflow/.local/lib/python3.7/site-packages/airflow/example_dags/example_kubernetes_executor.py for tasks to queue
[2023-01-26T17:22:03.445+0000] {logging_mixin.py:137} INFO - [2023-01-26T17:22:03.444+0000] {dagbag.py:538} INFO - Filling up the DagBag from /home/airflow/.local/lib/python3.7/site-packages/airflow/example_dags/example_kubernetes_executor.py
[2023-01-26T17:22:03.471+0000] {processor.py:753} INFO - DAG(s) dict_keys(['example_kubernetes_executor']) retrieved from /home/airflow/.local/lib/python3.7/site-packages/airflow/example_dags/example_kubernetes_executor.py
[2023-01-26T17:22:03.503+0000] {logging_mixin.py:137} INFO - [2023-01-26T17:22:03.503+0000] {dag.py:2690} INFO - Sync 1 DAGs
[2023-01-26T17:22:03.529+0000] {logging_mixin.py:137} INFO - [2023-01-26T17:22:03.529+0000] {dag.py:3441} INFO - Setting next_dagrun for example_kubernetes_executor to None, run_after=None
[2023-01-26T17:22:03.561+0000] {processor.py:175} INFO - Processing /home/airflow/.local/lib/python3.7/site-packages/airflow/example_dags/example_kubernetes_executor.py took 0.121 seconds
[2023-01-26T17:22:33.929+0000] {processor.py:153} INFO - Started process (PID=994) to work on /home/airflow/.local/lib/python3.7/site-packages/airflow/example_dags/example_kubernetes_executor.py
[2023-01-26T17:22:33.929+0000] {processor.py:743} INFO - Processing file /home/airflow/.local/lib/python3.7/site-packages/airflow/example_dags/example_kubernetes_executor.py for tasks to queue
[2023-01-26T17:22:33.930+0000] {logging_mixin.py:137} INFO - [2023-01-26T17:22:33.930+0000] {dagbag.py:538} INFO - Filling up the DagBag from /home/airflow/.local/lib/python3.7/site-packages/airflow/example_dags/example_kubernetes_executor.py
[2023-01-26T17:22:33.965+0000] {processor.py:753} INFO - DAG(s) dict_keys(['example_kubernetes_executor']) retrieved from /home/airflow/.local/lib/python3.7/site-packages/airflow/example_dags/example_kubernetes_executor.py
[2023-01-26T17:22:33.995+0000] {logging_mixin.py:137} INFO - [2023-01-26T17:22:33.995+0000] {dag.py:2690} INFO - Sync 1 DAGs
[2023-01-26T17:22:34.022+0000] {logging_mixin.py:137} INFO - [2023-01-26T17:22:34.021+0000] {dag.py:3441} INFO - Setting next_dagrun for example_kubernetes_executor to None, run_after=None
[2023-01-26T17:22:34.044+0000] {processor.py:175} INFO - Processing /home/airflow/.local/lib/python3.7/site-packages/airflow/example_dags/example_kubernetes_executor.py took 0.119 seconds
[2023-01-26T17:23:04.768+0000] {processor.py:153} INFO - Started process (PID=1059) to work on /home/airflow/.local/lib/python3.7/site-packages/airflow/example_dags/example_kubernetes_executor.py
[2023-01-26T17:23:04.769+0000] {processor.py:743} INFO - Processing file /home/airflow/.local/lib/python3.7/site-packages/airflow/example_dags/example_kubernetes_executor.py for tasks to queue
[2023-01-26T17:23:04.770+0000] {logging_mixin.py:137} INFO - [2023-01-26T17:23:04.770+0000] {dagbag.py:538} INFO - Filling up the DagBag from /home/airflow/.local/lib/python3.7/site-packages/airflow/example_dags/example_kubernetes_executor.py
[2023-01-26T17:23:04.805+0000] {processor.py:753} INFO - DAG(s) dict_keys(['example_kubernetes_executor']) retrieved from /home/airflow/.local/lib/python3.7/site-packages/airflow/example_dags/example_kubernetes_executor.py
[2023-01-26T17:23:04.841+0000] {logging_mixin.py:137} INFO - [2023-01-26T17:23:04.841+0000] {dag.py:2690} INFO - Sync 1 DAGs
[2023-01-26T17:23:04.864+0000] {logging_mixin.py:137} INFO - [2023-01-26T17:23:04.864+0000] {dag.py:3441} INFO - Setting next_dagrun for example_kubernetes_executor to None, run_after=None
[2023-01-26T17:23:04.889+0000] {processor.py:175} INFO - Processing /home/airflow/.local/lib/python3.7/site-packages/airflow/example_dags/example_kubernetes_executor.py took 0.124 seconds
[2023-01-26T17:23:35.018+0000] {processor.py:153} INFO - Started process (PID=1136) to work on /home/airflow/.local/lib/python3.7/site-packages/airflow/example_dags/example_kubernetes_executor.py
[2023-01-26T17:23:35.019+0000] {processor.py:743} INFO - Processing file /home/airflow/.local/lib/python3.7/site-packages/airflow/example_dags/example_kubernetes_executor.py for tasks to queue
[2023-01-26T17:23:35.020+0000] {logging_mixin.py:137} INFO - [2023-01-26T17:23:35.019+0000] {dagbag.py:538} INFO - Filling up the DagBag from /home/airflow/.local/lib/python3.7/site-packages/airflow/example_dags/example_kubernetes_executor.py
[2023-01-26T17:23:35.047+0000] {processor.py:753} INFO - DAG(s) dict_keys(['example_kubernetes_executor']) retrieved from /home/airflow/.local/lib/python3.7/site-packages/airflow/example_dags/example_kubernetes_executor.py
[2023-01-26T17:23:35.082+0000] {logging_mixin.py:137} INFO - [2023-01-26T17:23:35.082+0000] {dag.py:2690} INFO - Sync 1 DAGs
[2023-01-26T17:23:35.112+0000] {logging_mixin.py:137} INFO - [2023-01-26T17:23:35.112+0000] {dag.py:3441} INFO - Setting next_dagrun for example_kubernetes_executor to None, run_after=None
[2023-01-26T17:23:35.141+0000] {processor.py:175} INFO - Processing /home/airflow/.local/lib/python3.7/site-packages/airflow/example_dags/example_kubernetes_executor.py took 0.128 seconds
[2023-01-26T17:24:05.919+0000] {processor.py:153} INFO - Started process (PID=1201) to work on /home/airflow/.local/lib/python3.7/site-packages/airflow/example_dags/example_kubernetes_executor.py
[2023-01-26T17:24:05.920+0000] {processor.py:743} INFO - Processing file /home/airflow/.local/lib/python3.7/site-packages/airflow/example_dags/example_kubernetes_executor.py for tasks to queue
[2023-01-26T17:24:05.920+0000] {logging_mixin.py:137} INFO - [2023-01-26T17:24:05.920+0000] {dagbag.py:538} INFO - Filling up the DagBag from /home/airflow/.local/lib/python3.7/site-packages/airflow/example_dags/example_kubernetes_executor.py
[2023-01-26T17:24:05.955+0000] {processor.py:753} INFO - DAG(s) dict_keys(['example_kubernetes_executor']) retrieved from /home/airflow/.local/lib/python3.7/site-packages/airflow/example_dags/example_kubernetes_executor.py
[2023-01-26T17:24:05.992+0000] {logging_mixin.py:137} INFO - [2023-01-26T17:24:05.992+0000] {dag.py:2690} INFO - Sync 1 DAGs
[2023-01-26T17:24:06.019+0000] {logging_mixin.py:137} INFO - [2023-01-26T17:24:06.019+0000] {dag.py:3441} INFO - Setting next_dagrun for example_kubernetes_executor to None, run_after=None
[2023-01-26T17:24:06.048+0000] {processor.py:175} INFO - Processing /home/airflow/.local/lib/python3.7/site-packages/airflow/example_dags/example_kubernetes_executor.py took 0.133 seconds
[2023-01-26T17:24:36.939+0000] {processor.py:153} INFO - Started process (PID=1278) to work on /home/airflow/.local/lib/python3.7/site-packages/airflow/example_dags/example_kubernetes_executor.py
[2023-01-26T17:24:36.940+0000] {processor.py:743} INFO - Processing file /home/airflow/.local/lib/python3.7/site-packages/airflow/example_dags/example_kubernetes_executor.py for tasks to queue
[2023-01-26T17:24:36.941+0000] {logging_mixin.py:137} INFO - [2023-01-26T17:24:36.941+0000] {dagbag.py:538} INFO - Filling up the DagBag from /home/airflow/.local/lib/python3.7/site-packages/airflow/example_dags/example_kubernetes_executor.py
[2023-01-26T17:24:36.980+0000] {processor.py:753} INFO - DAG(s) dict_keys(['example_kubernetes_executor']) retrieved from /home/airflow/.local/lib/python3.7/site-packages/airflow/example_dags/example_kubernetes_executor.py
[2023-01-26T17:24:37.010+0000] {logging_mixin.py:137} INFO - [2023-01-26T17:24:37.010+0000] {dag.py:2690} INFO - Sync 1 DAGs
[2023-01-26T17:24:37.039+0000] {logging_mixin.py:137} INFO - [2023-01-26T17:24:37.039+0000] {dag.py:3441} INFO - Setting next_dagrun for example_kubernetes_executor to None, run_after=None
[2023-01-26T17:24:37.067+0000] {processor.py:175} INFO - Processing /home/airflow/.local/lib/python3.7/site-packages/airflow/example_dags/example_kubernetes_executor.py took 0.133 seconds
[2023-01-26T17:25:07.293+0000] {processor.py:153} INFO - Started process (PID=1343) to work on /home/airflow/.local/lib/python3.7/site-packages/airflow/example_dags/example_kubernetes_executor.py
[2023-01-26T17:25:07.294+0000] {processor.py:743} INFO - Processing file /home/airflow/.local/lib/python3.7/site-packages/airflow/example_dags/example_kubernetes_executor.py for tasks to queue
[2023-01-26T17:25:07.295+0000] {logging_mixin.py:137} INFO - [2023-01-26T17:25:07.295+0000] {dagbag.py:538} INFO - Filling up the DagBag from /home/airflow/.local/lib/python3.7/site-packages/airflow/example_dags/example_kubernetes_executor.py
[2023-01-26T17:25:07.334+0000] {processor.py:753} INFO - DAG(s) dict_keys(['example_kubernetes_executor']) retrieved from /home/airflow/.local/lib/python3.7/site-packages/airflow/example_dags/example_kubernetes_executor.py
[2023-01-26T17:25:07.372+0000] {logging_mixin.py:137} INFO - [2023-01-26T17:25:07.371+0000] {dag.py:2690} INFO - Sync 1 DAGs
[2023-01-26T17:25:07.405+0000] {logging_mixin.py:137} INFO - [2023-01-26T17:25:07.405+0000] {dag.py:3441} INFO - Setting next_dagrun for example_kubernetes_executor to None, run_after=None
[2023-01-26T17:25:07.434+0000] {processor.py:175} INFO - Processing /home/airflow/.local/lib/python3.7/site-packages/airflow/example_dags/example_kubernetes_executor.py took 0.146 seconds
[2023-01-26T17:25:38.060+0000] {processor.py:153} INFO - Started process (PID=1420) to work on /home/airflow/.local/lib/python3.7/site-packages/airflow/example_dags/example_kubernetes_executor.py
[2023-01-26T17:25:38.060+0000] {processor.py:743} INFO - Processing file /home/airflow/.local/lib/python3.7/site-packages/airflow/example_dags/example_kubernetes_executor.py for tasks to queue
[2023-01-26T17:25:38.061+0000] {logging_mixin.py:137} INFO - [2023-01-26T17:25:38.061+0000] {dagbag.py:538} INFO - Filling up the DagBag from /home/airflow/.local/lib/python3.7/site-packages/airflow/example_dags/example_kubernetes_executor.py
[2023-01-26T17:25:38.089+0000] {processor.py:753} INFO - DAG(s) dict_keys(['example_kubernetes_executor']) retrieved from /home/airflow/.local/lib/python3.7/site-packages/airflow/example_dags/example_kubernetes_executor.py
[2023-01-26T17:25:38.119+0000] {logging_mixin.py:137} INFO - [2023-01-26T17:25:38.119+0000] {dag.py:2690} INFO - Sync 1 DAGs
[2023-01-26T17:25:38.142+0000] {logging_mixin.py:137} INFO - [2023-01-26T17:25:38.142+0000] {dag.py:3441} INFO - Setting next_dagrun for example_kubernetes_executor to None, run_after=None
[2023-01-26T17:25:38.165+0000] {processor.py:175} INFO - Processing /home/airflow/.local/lib/python3.7/site-packages/airflow/example_dags/example_kubernetes_executor.py took 0.108 seconds
[2023-01-26T17:26:08.728+0000] {processor.py:153} INFO - Started process (PID=1485) to work on /home/airflow/.local/lib/python3.7/site-packages/airflow/example_dags/example_kubernetes_executor.py
[2023-01-26T17:26:08.729+0000] {processor.py:743} INFO - Processing file /home/airflow/.local/lib/python3.7/site-packages/airflow/example_dags/example_kubernetes_executor.py for tasks to queue
[2023-01-26T17:26:08.730+0000] {logging_mixin.py:137} INFO - [2023-01-26T17:26:08.729+0000] {dagbag.py:538} INFO - Filling up the DagBag from /home/airflow/.local/lib/python3.7/site-packages/airflow/example_dags/example_kubernetes_executor.py
[2023-01-26T17:26:08.757+0000] {processor.py:753} INFO - DAG(s) dict_keys(['example_kubernetes_executor']) retrieved from /home/airflow/.local/lib/python3.7/site-packages/airflow/example_dags/example_kubernetes_executor.py
[2023-01-26T17:26:08.783+0000] {logging_mixin.py:137} INFO - [2023-01-26T17:26:08.782+0000] {dag.py:2690} INFO - Sync 1 DAGs
[2023-01-26T17:26:08.806+0000] {logging_mixin.py:137} INFO - [2023-01-26T17:26:08.806+0000] {dag.py:3441} INFO - Setting next_dagrun for example_kubernetes_executor to None, run_after=None
[2023-01-26T17:26:08.828+0000] {processor.py:175} INFO - Processing /home/airflow/.local/lib/python3.7/site-packages/airflow/example_dags/example_kubernetes_executor.py took 0.104 seconds
[2023-01-26T17:26:39.497+0000] {processor.py:153} INFO - Started process (PID=1562) to work on /home/airflow/.local/lib/python3.7/site-packages/airflow/example_dags/example_kubernetes_executor.py
[2023-01-26T17:26:39.498+0000] {processor.py:743} INFO - Processing file /home/airflow/.local/lib/python3.7/site-packages/airflow/example_dags/example_kubernetes_executor.py for tasks to queue
[2023-01-26T17:26:39.498+0000] {logging_mixin.py:137} INFO - [2023-01-26T17:26:39.498+0000] {dagbag.py:538} INFO - Filling up the DagBag from /home/airflow/.local/lib/python3.7/site-packages/airflow/example_dags/example_kubernetes_executor.py
[2023-01-26T17:26:39.525+0000] {processor.py:753} INFO - DAG(s) dict_keys(['example_kubernetes_executor']) retrieved from /home/airflow/.local/lib/python3.7/site-packages/airflow/example_dags/example_kubernetes_executor.py
[2023-01-26T17:26:39.554+0000] {logging_mixin.py:137} INFO - [2023-01-26T17:26:39.554+0000] {dag.py:2690} INFO - Sync 1 DAGs
[2023-01-26T17:26:39.577+0000] {logging_mixin.py:137} INFO - [2023-01-26T17:26:39.577+0000] {dag.py:3441} INFO - Setting next_dagrun for example_kubernetes_executor to None, run_after=None
[2023-01-26T17:26:39.606+0000] {processor.py:175} INFO - Processing /home/airflow/.local/lib/python3.7/site-packages/airflow/example_dags/example_kubernetes_executor.py took 0.112 seconds
[2023-01-26T17:27:10.132+0000] {processor.py:153} INFO - Started process (PID=1628) to work on /home/airflow/.local/lib/python3.7/site-packages/airflow/example_dags/example_kubernetes_executor.py
[2023-01-26T17:27:10.133+0000] {processor.py:743} INFO - Processing file /home/airflow/.local/lib/python3.7/site-packages/airflow/example_dags/example_kubernetes_executor.py for tasks to queue
[2023-01-26T17:27:10.134+0000] {logging_mixin.py:137} INFO - [2023-01-26T17:27:10.133+0000] {dagbag.py:538} INFO - Filling up the DagBag from /home/airflow/.local/lib/python3.7/site-packages/airflow/example_dags/example_kubernetes_executor.py
[2023-01-26T17:27:10.167+0000] {processor.py:753} INFO - DAG(s) dict_keys(['example_kubernetes_executor']) retrieved from /home/airflow/.local/lib/python3.7/site-packages/airflow/example_dags/example_kubernetes_executor.py
[2023-01-26T17:27:10.203+0000] {logging_mixin.py:137} INFO - [2023-01-26T17:27:10.203+0000] {dag.py:2690} INFO - Sync 1 DAGs
[2023-01-26T17:27:10.242+0000] {logging_mixin.py:137} INFO - [2023-01-26T17:27:10.242+0000] {dag.py:3441} INFO - Setting next_dagrun for example_kubernetes_executor to None, run_after=None
[2023-01-26T17:27:10.267+0000] {processor.py:175} INFO - Processing /home/airflow/.local/lib/python3.7/site-packages/airflow/example_dags/example_kubernetes_executor.py took 0.140 seconds
[2023-01-26T17:27:41.139+0000] {processor.py:153} INFO - Started process (PID=1705) to work on /home/airflow/.local/lib/python3.7/site-packages/airflow/example_dags/example_kubernetes_executor.py
[2023-01-26T17:27:41.140+0000] {processor.py:743} INFO - Processing file /home/airflow/.local/lib/python3.7/site-packages/airflow/example_dags/example_kubernetes_executor.py for tasks to queue
[2023-01-26T17:27:41.141+0000] {logging_mixin.py:137} INFO - [2023-01-26T17:27:41.140+0000] {dagbag.py:538} INFO - Filling up the DagBag from /home/airflow/.local/lib/python3.7/site-packages/airflow/example_dags/example_kubernetes_executor.py
[2023-01-26T17:27:41.167+0000] {processor.py:753} INFO - DAG(s) dict_keys(['example_kubernetes_executor']) retrieved from /home/airflow/.local/lib/python3.7/site-packages/airflow/example_dags/example_kubernetes_executor.py
[2023-01-26T17:27:41.200+0000] {logging_mixin.py:137} INFO - [2023-01-26T17:27:41.200+0000] {dag.py:2690} INFO - Sync 1 DAGs
[2023-01-26T17:27:41.232+0000] {logging_mixin.py:137} INFO - [2023-01-26T17:27:41.231+0000] {dag.py:3441} INFO - Setting next_dagrun for example_kubernetes_executor to None, run_after=None
[2023-01-26T17:27:41.254+0000] {processor.py:175} INFO - Processing /home/airflow/.local/lib/python3.7/site-packages/airflow/example_dags/example_kubernetes_executor.py took 0.118 seconds
[2023-01-26T17:28:11.415+0000] {processor.py:153} INFO - Started process (PID=1770) to work on /home/airflow/.local/lib/python3.7/site-packages/airflow/example_dags/example_kubernetes_executor.py
[2023-01-26T17:28:11.416+0000] {processor.py:743} INFO - Processing file /home/airflow/.local/lib/python3.7/site-packages/airflow/example_dags/example_kubernetes_executor.py for tasks to queue
[2023-01-26T17:28:11.417+0000] {logging_mixin.py:137} INFO - [2023-01-26T17:28:11.417+0000] {dagbag.py:538} INFO - Filling up the DagBag from /home/airflow/.local/lib/python3.7/site-packages/airflow/example_dags/example_kubernetes_executor.py
[2023-01-26T17:28:11.448+0000] {processor.py:753} INFO - DAG(s) dict_keys(['example_kubernetes_executor']) retrieved from /home/airflow/.local/lib/python3.7/site-packages/airflow/example_dags/example_kubernetes_executor.py
[2023-01-26T17:28:11.484+0000] {logging_mixin.py:137} INFO - [2023-01-26T17:28:11.484+0000] {dag.py:2690} INFO - Sync 1 DAGs
[2023-01-26T17:28:11.517+0000] {logging_mixin.py:137} INFO - [2023-01-26T17:28:11.517+0000] {dag.py:3441} INFO - Setting next_dagrun for example_kubernetes_executor to None, run_after=None
[2023-01-26T17:28:11.549+0000] {processor.py:175} INFO - Processing /home/airflow/.local/lib/python3.7/site-packages/airflow/example_dags/example_kubernetes_executor.py took 0.138 seconds
[2023-01-26T17:28:41.585+0000] {processor.py:153} INFO - Started process (PID=1848) to work on /home/airflow/.local/lib/python3.7/site-packages/airflow/example_dags/example_kubernetes_executor.py
[2023-01-26T17:28:41.586+0000] {processor.py:743} INFO - Processing file /home/airflow/.local/lib/python3.7/site-packages/airflow/example_dags/example_kubernetes_executor.py for tasks to queue
[2023-01-26T17:28:41.586+0000] {logging_mixin.py:137} INFO - [2023-01-26T17:28:41.586+0000] {dagbag.py:538} INFO - Filling up the DagBag from /home/airflow/.local/lib/python3.7/site-packages/airflow/example_dags/example_kubernetes_executor.py
[2023-01-26T17:28:41.612+0000] {processor.py:753} INFO - DAG(s) dict_keys(['example_kubernetes_executor']) retrieved from /home/airflow/.local/lib/python3.7/site-packages/airflow/example_dags/example_kubernetes_executor.py
[2023-01-26T17:28:41.639+0000] {logging_mixin.py:137} INFO - [2023-01-26T17:28:41.639+0000] {dag.py:2690} INFO - Sync 1 DAGs
[2023-01-26T17:28:41.662+0000] {logging_mixin.py:137} INFO - [2023-01-26T17:28:41.662+0000] {dag.py:3441} INFO - Setting next_dagrun for example_kubernetes_executor to None, run_after=None
[2023-01-26T17:28:41.685+0000] {processor.py:175} INFO - Processing /home/airflow/.local/lib/python3.7/site-packages/airflow/example_dags/example_kubernetes_executor.py took 0.104 seconds
[2023-01-26T17:29:11.782+0000] {processor.py:153} INFO - Started process (PID=1913) to work on /home/airflow/.local/lib/python3.7/site-packages/airflow/example_dags/example_kubernetes_executor.py
[2023-01-26T17:29:11.783+0000] {processor.py:743} INFO - Processing file /home/airflow/.local/lib/python3.7/site-packages/airflow/example_dags/example_kubernetes_executor.py for tasks to queue
[2023-01-26T17:29:11.784+0000] {logging_mixin.py:137} INFO - [2023-01-26T17:29:11.783+0000] {dagbag.py:538} INFO - Filling up the DagBag from /home/airflow/.local/lib/python3.7/site-packages/airflow/example_dags/example_kubernetes_executor.py
[2023-01-26T17:29:11.822+0000] {processor.py:753} INFO - DAG(s) dict_keys(['example_kubernetes_executor']) retrieved from /home/airflow/.local/lib/python3.7/site-packages/airflow/example_dags/example_kubernetes_executor.py
[2023-01-26T17:29:11.859+0000] {logging_mixin.py:137} INFO - [2023-01-26T17:29:11.858+0000] {dag.py:2690} INFO - Sync 1 DAGs
[2023-01-26T17:29:11.895+0000] {logging_mixin.py:137} INFO - [2023-01-26T17:29:11.895+0000] {dag.py:3441} INFO - Setting next_dagrun for example_kubernetes_executor to None, run_after=None
[2023-01-26T17:29:11.926+0000] {processor.py:175} INFO - Processing /home/airflow/.local/lib/python3.7/site-packages/airflow/example_dags/example_kubernetes_executor.py took 0.148 seconds
[2023-01-26T17:29:42.601+0000] {processor.py:153} INFO - Started process (PID=1990) to work on /home/airflow/.local/lib/python3.7/site-packages/airflow/example_dags/example_kubernetes_executor.py
[2023-01-26T17:29:42.603+0000] {processor.py:743} INFO - Processing file /home/airflow/.local/lib/python3.7/site-packages/airflow/example_dags/example_kubernetes_executor.py for tasks to queue
[2023-01-26T17:29:42.603+0000] {logging_mixin.py:137} INFO - [2023-01-26T17:29:42.603+0000] {dagbag.py:538} INFO - Filling up the DagBag from /home/airflow/.local/lib/python3.7/site-packages/airflow/example_dags/example_kubernetes_executor.py
[2023-01-26T17:29:42.632+0000] {processor.py:753} INFO - DAG(s) dict_keys(['example_kubernetes_executor']) retrieved from /home/airflow/.local/lib/python3.7/site-packages/airflow/example_dags/example_kubernetes_executor.py
[2023-01-26T17:29:42.661+0000] {logging_mixin.py:137} INFO - [2023-01-26T17:29:42.661+0000] {dag.py:2690} INFO - Sync 1 DAGs
[2023-01-26T17:29:42.684+0000] {logging_mixin.py:137} INFO - [2023-01-26T17:29:42.684+0000] {dag.py:3441} INFO - Setting next_dagrun for example_kubernetes_executor to None, run_after=None
[2023-01-26T17:29:42.710+0000] {processor.py:175} INFO - Processing /home/airflow/.local/lib/python3.7/site-packages/airflow/example_dags/example_kubernetes_executor.py took 0.113 seconds
[2023-01-26T17:30:13.380+0000] {processor.py:153} INFO - Started process (PID=2063) to work on /home/airflow/.local/lib/python3.7/site-packages/airflow/example_dags/example_kubernetes_executor.py
[2023-01-26T17:30:13.381+0000] {processor.py:743} INFO - Processing file /home/airflow/.local/lib/python3.7/site-packages/airflow/example_dags/example_kubernetes_executor.py for tasks to queue
[2023-01-26T17:30:13.382+0000] {logging_mixin.py:137} INFO - [2023-01-26T17:30:13.382+0000] {dagbag.py:538} INFO - Filling up the DagBag from /home/airflow/.local/lib/python3.7/site-packages/airflow/example_dags/example_kubernetes_executor.py
[2023-01-26T17:30:13.422+0000] {processor.py:753} INFO - DAG(s) dict_keys(['example_kubernetes_executor']) retrieved from /home/airflow/.local/lib/python3.7/site-packages/airflow/example_dags/example_kubernetes_executor.py
[2023-01-26T17:30:13.461+0000] {logging_mixin.py:137} INFO - [2023-01-26T17:30:13.460+0000] {dag.py:2690} INFO - Sync 1 DAGs
[2023-01-26T17:30:13.495+0000] {logging_mixin.py:137} INFO - [2023-01-26T17:30:13.495+0000] {dag.py:3441} INFO - Setting next_dagrun for example_kubernetes_executor to None, run_after=None
[2023-01-26T17:30:13.526+0000] {processor.py:175} INFO - Processing /home/airflow/.local/lib/python3.7/site-packages/airflow/example_dags/example_kubernetes_executor.py took 0.150 seconds
[2023-01-26T17:30:44.113+0000] {processor.py:153} INFO - Started process (PID=2133) to work on /home/airflow/.local/lib/python3.7/site-packages/airflow/example_dags/example_kubernetes_executor.py
[2023-01-26T17:30:44.114+0000] {processor.py:743} INFO - Processing file /home/airflow/.local/lib/python3.7/site-packages/airflow/example_dags/example_kubernetes_executor.py for tasks to queue
[2023-01-26T17:30:44.115+0000] {logging_mixin.py:137} INFO - [2023-01-26T17:30:44.115+0000] {dagbag.py:538} INFO - Filling up the DagBag from /home/airflow/.local/lib/python3.7/site-packages/airflow/example_dags/example_kubernetes_executor.py
[2023-01-26T17:30:44.144+0000] {processor.py:753} INFO - DAG(s) dict_keys(['example_kubernetes_executor']) retrieved from /home/airflow/.local/lib/python3.7/site-packages/airflow/example_dags/example_kubernetes_executor.py
[2023-01-26T17:30:44.175+0000] {logging_mixin.py:137} INFO - [2023-01-26T17:30:44.174+0000] {dag.py:2690} INFO - Sync 1 DAGs
[2023-01-26T17:30:44.203+0000] {logging_mixin.py:137} INFO - [2023-01-26T17:30:44.203+0000] {dag.py:3441} INFO - Setting next_dagrun for example_kubernetes_executor to None, run_after=None
[2023-01-26T17:30:44.228+0000] {processor.py:175} INFO - Processing /home/airflow/.local/lib/python3.7/site-packages/airflow/example_dags/example_kubernetes_executor.py took 0.118 seconds
[2023-01-26T17:31:15.049+0000] {processor.py:153} INFO - Started process (PID=2210) to work on /home/airflow/.local/lib/python3.7/site-packages/airflow/example_dags/example_kubernetes_executor.py
[2023-01-26T17:31:15.050+0000] {processor.py:743} INFO - Processing file /home/airflow/.local/lib/python3.7/site-packages/airflow/example_dags/example_kubernetes_executor.py for tasks to queue
[2023-01-26T17:31:15.051+0000] {logging_mixin.py:137} INFO - [2023-01-26T17:31:15.051+0000] {dagbag.py:538} INFO - Filling up the DagBag from /home/airflow/.local/lib/python3.7/site-packages/airflow/example_dags/example_kubernetes_executor.py
[2023-01-26T17:31:15.092+0000] {processor.py:753} INFO - DAG(s) dict_keys(['example_kubernetes_executor']) retrieved from /home/airflow/.local/lib/python3.7/site-packages/airflow/example_dags/example_kubernetes_executor.py
[2023-01-26T17:31:15.134+0000] {logging_mixin.py:137} INFO - [2023-01-26T17:31:15.134+0000] {dag.py:2690} INFO - Sync 1 DAGs
[2023-01-26T17:31:15.162+0000] {logging_mixin.py:137} INFO - [2023-01-26T17:31:15.162+0000] {dag.py:3441} INFO - Setting next_dagrun for example_kubernetes_executor to None, run_after=None
[2023-01-26T17:31:15.188+0000] {processor.py:175} INFO - Processing /home/airflow/.local/lib/python3.7/site-packages/airflow/example_dags/example_kubernetes_executor.py took 0.144 seconds
[2023-01-26T17:31:45.238+0000] {processor.py:153} INFO - Started process (PID=2278) to work on /home/airflow/.local/lib/python3.7/site-packages/airflow/example_dags/example_kubernetes_executor.py
[2023-01-26T17:31:45.239+0000] {processor.py:743} INFO - Processing file /home/airflow/.local/lib/python3.7/site-packages/airflow/example_dags/example_kubernetes_executor.py for tasks to queue
[2023-01-26T17:31:45.239+0000] {logging_mixin.py:137} INFO - [2023-01-26T17:31:45.239+0000] {dagbag.py:538} INFO - Filling up the DagBag from /home/airflow/.local/lib/python3.7/site-packages/airflow/example_dags/example_kubernetes_executor.py
[2023-01-26T17:31:45.268+0000] {processor.py:753} INFO - DAG(s) dict_keys(['example_kubernetes_executor']) retrieved from /home/airflow/.local/lib/python3.7/site-packages/airflow/example_dags/example_kubernetes_executor.py
[2023-01-26T17:31:45.295+0000] {logging_mixin.py:137} INFO - [2023-01-26T17:31:45.295+0000] {dag.py:2690} INFO - Sync 1 DAGs
[2023-01-26T17:31:45.317+0000] {logging_mixin.py:137} INFO - [2023-01-26T17:31:45.317+0000] {dag.py:3441} INFO - Setting next_dagrun for example_kubernetes_executor to None, run_after=None
[2023-01-26T17:31:45.345+0000] {processor.py:175} INFO - Processing /home/airflow/.local/lib/python3.7/site-packages/airflow/example_dags/example_kubernetes_executor.py took 0.111 seconds
[2023-01-26T17:32:15.509+0000] {processor.py:153} INFO - Started process (PID=2349) to work on /home/airflow/.local/lib/python3.7/site-packages/airflow/example_dags/example_kubernetes_executor.py
[2023-01-26T17:32:15.517+0000] {processor.py:743} INFO - Processing file /home/airflow/.local/lib/python3.7/site-packages/airflow/example_dags/example_kubernetes_executor.py for tasks to queue
[2023-01-26T17:32:15.518+0000] {logging_mixin.py:137} INFO - [2023-01-26T17:32:15.518+0000] {dagbag.py:538} INFO - Filling up the DagBag from /home/airflow/.local/lib/python3.7/site-packages/airflow/example_dags/example_kubernetes_executor.py
[2023-01-26T17:32:15.559+0000] {processor.py:753} INFO - DAG(s) dict_keys(['example_kubernetes_executor']) retrieved from /home/airflow/.local/lib/python3.7/site-packages/airflow/example_dags/example_kubernetes_executor.py
[2023-01-26T17:32:15.603+0000] {logging_mixin.py:137} INFO - [2023-01-26T17:32:15.603+0000] {dag.py:2690} INFO - Sync 1 DAGs
[2023-01-26T17:32:15.640+0000] {logging_mixin.py:137} INFO - [2023-01-26T17:32:15.640+0000] {dag.py:3441} INFO - Setting next_dagrun for example_kubernetes_executor to None, run_after=None
[2023-01-26T17:32:15.685+0000] {processor.py:175} INFO - Processing /home/airflow/.local/lib/python3.7/site-packages/airflow/example_dags/example_kubernetes_executor.py took 0.193 seconds
[2023-01-26T17:32:46.148+0000] {processor.py:153} INFO - Started process (PID=2421) to work on /home/airflow/.local/lib/python3.7/site-packages/airflow/example_dags/example_kubernetes_executor.py
[2023-01-26T17:32:46.149+0000] {processor.py:743} INFO - Processing file /home/airflow/.local/lib/python3.7/site-packages/airflow/example_dags/example_kubernetes_executor.py for tasks to queue
[2023-01-26T17:32:46.150+0000] {logging_mixin.py:137} INFO - [2023-01-26T17:32:46.149+0000] {dagbag.py:538} INFO - Filling up the DagBag from /home/airflow/.local/lib/python3.7/site-packages/airflow/example_dags/example_kubernetes_executor.py
[2023-01-26T17:32:46.185+0000] {processor.py:753} INFO - DAG(s) dict_keys(['example_kubernetes_executor']) retrieved from /home/airflow/.local/lib/python3.7/site-packages/airflow/example_dags/example_kubernetes_executor.py
[2023-01-26T17:32:46.222+0000] {logging_mixin.py:137} INFO - [2023-01-26T17:32:46.222+0000] {dag.py:2690} INFO - Sync 1 DAGs
[2023-01-26T17:32:46.250+0000] {logging_mixin.py:137} INFO - [2023-01-26T17:32:46.250+0000] {dag.py:3441} INFO - Setting next_dagrun for example_kubernetes_executor to None, run_after=None
[2023-01-26T17:32:46.271+0000] {processor.py:175} INFO - Processing /home/airflow/.local/lib/python3.7/site-packages/airflow/example_dags/example_kubernetes_executor.py took 0.126 seconds
[2023-01-26T17:33:17.213+0000] {processor.py:153} INFO - Started process (PID=2487) to work on /home/airflow/.local/lib/python3.7/site-packages/airflow/example_dags/example_kubernetes_executor.py
[2023-01-26T17:33:17.215+0000] {processor.py:743} INFO - Processing file /home/airflow/.local/lib/python3.7/site-packages/airflow/example_dags/example_kubernetes_executor.py for tasks to queue
[2023-01-26T17:33:17.216+0000] {logging_mixin.py:137} INFO - [2023-01-26T17:33:17.216+0000] {dagbag.py:538} INFO - Filling up the DagBag from /home/airflow/.local/lib/python3.7/site-packages/airflow/example_dags/example_kubernetes_executor.py
[2023-01-26T17:33:17.280+0000] {processor.py:753} INFO - DAG(s) dict_keys(['example_kubernetes_executor']) retrieved from /home/airflow/.local/lib/python3.7/site-packages/airflow/example_dags/example_kubernetes_executor.py
[2023-01-26T17:33:17.320+0000] {logging_mixin.py:137} INFO - [2023-01-26T17:33:17.320+0000] {dag.py:2690} INFO - Sync 1 DAGs
[2023-01-26T17:33:17.357+0000] {logging_mixin.py:137} INFO - [2023-01-26T17:33:17.357+0000] {dag.py:3441} INFO - Setting next_dagrun for example_kubernetes_executor to None, run_after=None
[2023-01-26T17:33:17.384+0000] {processor.py:175} INFO - Processing /home/airflow/.local/lib/python3.7/site-packages/airflow/example_dags/example_kubernetes_executor.py took 0.176 seconds
[2023-01-26T17:33:48.285+0000] {processor.py:153} INFO - Started process (PID=2563) to work on /home/airflow/.local/lib/python3.7/site-packages/airflow/example_dags/example_kubernetes_executor.py
[2023-01-26T17:33:48.285+0000] {processor.py:743} INFO - Processing file /home/airflow/.local/lib/python3.7/site-packages/airflow/example_dags/example_kubernetes_executor.py for tasks to queue
[2023-01-26T17:33:48.286+0000] {logging_mixin.py:137} INFO - [2023-01-26T17:33:48.286+0000] {dagbag.py:538} INFO - Filling up the DagBag from /home/airflow/.local/lib/python3.7/site-packages/airflow/example_dags/example_kubernetes_executor.py
[2023-01-26T17:33:48.326+0000] {processor.py:753} INFO - DAG(s) dict_keys(['example_kubernetes_executor']) retrieved from /home/airflow/.local/lib/python3.7/site-packages/airflow/example_dags/example_kubernetes_executor.py
[2023-01-26T17:33:48.357+0000] {logging_mixin.py:137} INFO - [2023-01-26T17:33:48.357+0000] {dag.py:2690} INFO - Sync 1 DAGs
[2023-01-26T17:33:48.382+0000] {logging_mixin.py:137} INFO - [2023-01-26T17:33:48.382+0000] {dag.py:3441} INFO - Setting next_dagrun for example_kubernetes_executor to None, run_after=None
[2023-01-26T17:33:48.411+0000] {processor.py:175} INFO - Processing /home/airflow/.local/lib/python3.7/site-packages/airflow/example_dags/example_kubernetes_executor.py took 0.129 seconds
[2023-01-26T17:34:19.001+0000] {processor.py:153} INFO - Started process (PID=2628) to work on /home/airflow/.local/lib/python3.7/site-packages/airflow/example_dags/example_kubernetes_executor.py
[2023-01-26T17:34:19.002+0000] {processor.py:743} INFO - Processing file /home/airflow/.local/lib/python3.7/site-packages/airflow/example_dags/example_kubernetes_executor.py for tasks to queue
[2023-01-26T17:34:19.003+0000] {logging_mixin.py:137} INFO - [2023-01-26T17:34:19.003+0000] {dagbag.py:538} INFO - Filling up the DagBag from /home/airflow/.local/lib/python3.7/site-packages/airflow/example_dags/example_kubernetes_executor.py
[2023-01-26T17:34:19.047+0000] {processor.py:753} INFO - DAG(s) dict_keys(['example_kubernetes_executor']) retrieved from /home/airflow/.local/lib/python3.7/site-packages/airflow/example_dags/example_kubernetes_executor.py
[2023-01-26T17:34:19.091+0000] {logging_mixin.py:137} INFO - [2023-01-26T17:34:19.090+0000] {dag.py:2690} INFO - Sync 1 DAGs
[2023-01-26T17:34:19.129+0000] {logging_mixin.py:137} INFO - [2023-01-26T17:34:19.129+0000] {dag.py:3441} INFO - Setting next_dagrun for example_kubernetes_executor to None, run_after=None
[2023-01-26T17:34:19.161+0000] {processor.py:175} INFO - Processing /home/airflow/.local/lib/python3.7/site-packages/airflow/example_dags/example_kubernetes_executor.py took 0.165 seconds
[2023-01-26T17:34:49.719+0000] {processor.py:153} INFO - Started process (PID=2705) to work on /home/airflow/.local/lib/python3.7/site-packages/airflow/example_dags/example_kubernetes_executor.py
[2023-01-26T17:34:49.720+0000] {processor.py:743} INFO - Processing file /home/airflow/.local/lib/python3.7/site-packages/airflow/example_dags/example_kubernetes_executor.py for tasks to queue
[2023-01-26T17:34:49.721+0000] {logging_mixin.py:137} INFO - [2023-01-26T17:34:49.721+0000] {dagbag.py:538} INFO - Filling up the DagBag from /home/airflow/.local/lib/python3.7/site-packages/airflow/example_dags/example_kubernetes_executor.py
[2023-01-26T17:34:49.749+0000] {processor.py:753} INFO - DAG(s) dict_keys(['example_kubernetes_executor']) retrieved from /home/airflow/.local/lib/python3.7/site-packages/airflow/example_dags/example_kubernetes_executor.py
[2023-01-26T17:34:49.778+0000] {logging_mixin.py:137} INFO - [2023-01-26T17:34:49.778+0000] {dag.py:2690} INFO - Sync 1 DAGs
[2023-01-26T17:34:49.802+0000] {logging_mixin.py:137} INFO - [2023-01-26T17:34:49.802+0000] {dag.py:3441} INFO - Setting next_dagrun for example_kubernetes_executor to None, run_after=None
[2023-01-26T17:34:49.828+0000] {processor.py:175} INFO - Processing /home/airflow/.local/lib/python3.7/site-packages/airflow/example_dags/example_kubernetes_executor.py took 0.113 seconds
[2023-01-26T17:35:20.486+0000] {processor.py:153} INFO - Started process (PID=2770) to work on /home/airflow/.local/lib/python3.7/site-packages/airflow/example_dags/example_kubernetes_executor.py
[2023-01-26T17:35:20.487+0000] {processor.py:743} INFO - Processing file /home/airflow/.local/lib/python3.7/site-packages/airflow/example_dags/example_kubernetes_executor.py for tasks to queue
[2023-01-26T17:35:20.488+0000] {logging_mixin.py:137} INFO - [2023-01-26T17:35:20.488+0000] {dagbag.py:538} INFO - Filling up the DagBag from /home/airflow/.local/lib/python3.7/site-packages/airflow/example_dags/example_kubernetes_executor.py
[2023-01-26T17:35:20.527+0000] {processor.py:753} INFO - DAG(s) dict_keys(['example_kubernetes_executor']) retrieved from /home/airflow/.local/lib/python3.7/site-packages/airflow/example_dags/example_kubernetes_executor.py
[2023-01-26T17:35:20.567+0000] {logging_mixin.py:137} INFO - [2023-01-26T17:35:20.567+0000] {dag.py:2690} INFO - Sync 1 DAGs
[2023-01-26T17:35:20.602+0000] {logging_mixin.py:137} INFO - [2023-01-26T17:35:20.602+0000] {dag.py:3441} INFO - Setting next_dagrun for example_kubernetes_executor to None, run_after=None
[2023-01-26T17:35:20.646+0000] {processor.py:175} INFO - Processing /home/airflow/.local/lib/python3.7/site-packages/airflow/example_dags/example_kubernetes_executor.py took 0.164 seconds
[2023-01-26T17:35:50.697+0000] {processor.py:153} INFO - Started process (PID=2848) to work on /home/airflow/.local/lib/python3.7/site-packages/airflow/example_dags/example_kubernetes_executor.py
[2023-01-26T17:35:50.698+0000] {processor.py:743} INFO - Processing file /home/airflow/.local/lib/python3.7/site-packages/airflow/example_dags/example_kubernetes_executor.py for tasks to queue
[2023-01-26T17:35:50.699+0000] {logging_mixin.py:137} INFO - [2023-01-26T17:35:50.699+0000] {dagbag.py:538} INFO - Filling up the DagBag from /home/airflow/.local/lib/python3.7/site-packages/airflow/example_dags/example_kubernetes_executor.py
[2023-01-26T17:35:50.727+0000] {processor.py:753} INFO - DAG(s) dict_keys(['example_kubernetes_executor']) retrieved from /home/airflow/.local/lib/python3.7/site-packages/airflow/example_dags/example_kubernetes_executor.py
[2023-01-26T17:35:50.762+0000] {logging_mixin.py:137} INFO - [2023-01-26T17:35:50.762+0000] {dag.py:2690} INFO - Sync 1 DAGs
[2023-01-26T17:35:50.790+0000] {logging_mixin.py:137} INFO - [2023-01-26T17:35:50.790+0000] {dag.py:3441} INFO - Setting next_dagrun for example_kubernetes_executor to None, run_after=None
[2023-01-26T17:35:50.812+0000] {processor.py:175} INFO - Processing /home/airflow/.local/lib/python3.7/site-packages/airflow/example_dags/example_kubernetes_executor.py took 0.119 seconds
[2023-01-26T17:36:21.465+0000] {processor.py:153} INFO - Started process (PID=2914) to work on /home/airflow/.local/lib/python3.7/site-packages/airflow/example_dags/example_kubernetes_executor.py
[2023-01-26T17:36:21.467+0000] {processor.py:743} INFO - Processing file /home/airflow/.local/lib/python3.7/site-packages/airflow/example_dags/example_kubernetes_executor.py for tasks to queue
[2023-01-26T17:36:21.468+0000] {logging_mixin.py:137} INFO - [2023-01-26T17:36:21.468+0000] {dagbag.py:538} INFO - Filling up the DagBag from /home/airflow/.local/lib/python3.7/site-packages/airflow/example_dags/example_kubernetes_executor.py
[2023-01-26T17:36:21.500+0000] {processor.py:753} INFO - DAG(s) dict_keys(['example_kubernetes_executor']) retrieved from /home/airflow/.local/lib/python3.7/site-packages/airflow/example_dags/example_kubernetes_executor.py
[2023-01-26T17:36:21.531+0000] {logging_mixin.py:137} INFO - [2023-01-26T17:36:21.530+0000] {dag.py:2690} INFO - Sync 1 DAGs
[2023-01-26T17:36:21.554+0000] {logging_mixin.py:137} INFO - [2023-01-26T17:36:21.554+0000] {dag.py:3441} INFO - Setting next_dagrun for example_kubernetes_executor to None, run_after=None
[2023-01-26T17:36:21.576+0000] {processor.py:175} INFO - Processing /home/airflow/.local/lib/python3.7/site-packages/airflow/example_dags/example_kubernetes_executor.py took 0.115 seconds
[2023-01-26T17:36:52.327+0000] {processor.py:153} INFO - Started process (PID=2990) to work on /home/airflow/.local/lib/python3.7/site-packages/airflow/example_dags/example_kubernetes_executor.py
[2023-01-26T17:36:52.328+0000] {processor.py:743} INFO - Processing file /home/airflow/.local/lib/python3.7/site-packages/airflow/example_dags/example_kubernetes_executor.py for tasks to queue
[2023-01-26T17:36:52.329+0000] {logging_mixin.py:137} INFO - [2023-01-26T17:36:52.329+0000] {dagbag.py:538} INFO - Filling up the DagBag from /home/airflow/.local/lib/python3.7/site-packages/airflow/example_dags/example_kubernetes_executor.py
[2023-01-26T17:36:52.357+0000] {processor.py:753} INFO - DAG(s) dict_keys(['example_kubernetes_executor']) retrieved from /home/airflow/.local/lib/python3.7/site-packages/airflow/example_dags/example_kubernetes_executor.py
[2023-01-26T17:36:52.388+0000] {logging_mixin.py:137} INFO - [2023-01-26T17:36:52.387+0000] {dag.py:2690} INFO - Sync 1 DAGs
[2023-01-26T17:36:52.411+0000] {logging_mixin.py:137} INFO - [2023-01-26T17:36:52.411+0000] {dag.py:3441} INFO - Setting next_dagrun for example_kubernetes_executor to None, run_after=None
[2023-01-26T17:36:52.434+0000] {processor.py:175} INFO - Processing /home/airflow/.local/lib/python3.7/site-packages/airflow/example_dags/example_kubernetes_executor.py took 0.110 seconds
[2023-01-26T17:37:23.343+0000] {processor.py:153} INFO - Started process (PID=3055) to work on /home/airflow/.local/lib/python3.7/site-packages/airflow/example_dags/example_kubernetes_executor.py
[2023-01-26T17:37:23.343+0000] {processor.py:743} INFO - Processing file /home/airflow/.local/lib/python3.7/site-packages/airflow/example_dags/example_kubernetes_executor.py for tasks to queue
[2023-01-26T17:37:23.344+0000] {logging_mixin.py:137} INFO - [2023-01-26T17:37:23.344+0000] {dagbag.py:538} INFO - Filling up the DagBag from /home/airflow/.local/lib/python3.7/site-packages/airflow/example_dags/example_kubernetes_executor.py
[2023-01-26T17:37:23.372+0000] {processor.py:753} INFO - DAG(s) dict_keys(['example_kubernetes_executor']) retrieved from /home/airflow/.local/lib/python3.7/site-packages/airflow/example_dags/example_kubernetes_executor.py
[2023-01-26T17:37:23.399+0000] {logging_mixin.py:137} INFO - [2023-01-26T17:37:23.399+0000] {dag.py:2690} INFO - Sync 1 DAGs
[2023-01-26T17:37:23.420+0000] {logging_mixin.py:137} INFO - [2023-01-26T17:37:23.420+0000] {dag.py:3441} INFO - Setting next_dagrun for example_kubernetes_executor to None, run_after=None
[2023-01-26T17:37:23.445+0000] {processor.py:175} INFO - Processing /home/airflow/.local/lib/python3.7/site-packages/airflow/example_dags/example_kubernetes_executor.py took 0.105 seconds
[2023-01-26T17:37:54.050+0000] {processor.py:153} INFO - Started process (PID=3132) to work on /home/airflow/.local/lib/python3.7/site-packages/airflow/example_dags/example_kubernetes_executor.py
[2023-01-26T17:37:54.050+0000] {processor.py:743} INFO - Processing file /home/airflow/.local/lib/python3.7/site-packages/airflow/example_dags/example_kubernetes_executor.py for tasks to queue
[2023-01-26T17:37:54.051+0000] {logging_mixin.py:137} INFO - [2023-01-26T17:37:54.051+0000] {dagbag.py:538} INFO - Filling up the DagBag from /home/airflow/.local/lib/python3.7/site-packages/airflow/example_dags/example_kubernetes_executor.py
[2023-01-26T17:37:54.086+0000] {processor.py:753} INFO - DAG(s) dict_keys(['example_kubernetes_executor']) retrieved from /home/airflow/.local/lib/python3.7/site-packages/airflow/example_dags/example_kubernetes_executor.py
[2023-01-26T17:37:54.117+0000] {logging_mixin.py:137} INFO - [2023-01-26T17:37:54.117+0000] {dag.py:2690} INFO - Sync 1 DAGs
[2023-01-26T17:37:54.145+0000] {logging_mixin.py:137} INFO - [2023-01-26T17:37:54.145+0000] {dag.py:3441} INFO - Setting next_dagrun for example_kubernetes_executor to None, run_after=None
[2023-01-26T17:37:54.168+0000] {processor.py:175} INFO - Processing /home/airflow/.local/lib/python3.7/site-packages/airflow/example_dags/example_kubernetes_executor.py took 0.122 seconds
[2023-01-26T17:38:24.827+0000] {processor.py:153} INFO - Started process (PID=3198) to work on /home/airflow/.local/lib/python3.7/site-packages/airflow/example_dags/example_kubernetes_executor.py
[2023-01-26T17:38:24.833+0000] {processor.py:743} INFO - Processing file /home/airflow/.local/lib/python3.7/site-packages/airflow/example_dags/example_kubernetes_executor.py for tasks to queue
[2023-01-26T17:38:24.834+0000] {logging_mixin.py:137} INFO - [2023-01-26T17:38:24.834+0000] {dagbag.py:538} INFO - Filling up the DagBag from /home/airflow/.local/lib/python3.7/site-packages/airflow/example_dags/example_kubernetes_executor.py
[2023-01-26T17:38:24.874+0000] {processor.py:753} INFO - DAG(s) dict_keys(['example_kubernetes_executor']) retrieved from /home/airflow/.local/lib/python3.7/site-packages/airflow/example_dags/example_kubernetes_executor.py
[2023-01-26T17:38:24.914+0000] {logging_mixin.py:137} INFO - [2023-01-26T17:38:24.913+0000] {dag.py:2690} INFO - Sync 1 DAGs
[2023-01-26T17:38:24.955+0000] {logging_mixin.py:137} INFO - [2023-01-26T17:38:24.955+0000] {dag.py:3441} INFO - Setting next_dagrun for example_kubernetes_executor to None, run_after=None
[2023-01-26T17:38:24.998+0000] {processor.py:175} INFO - Processing /home/airflow/.local/lib/python3.7/site-packages/airflow/example_dags/example_kubernetes_executor.py took 0.177 seconds
[2023-01-26T17:38:55.460+0000] {processor.py:153} INFO - Started process (PID=3275) to work on /home/airflow/.local/lib/python3.7/site-packages/airflow/example_dags/example_kubernetes_executor.py
[2023-01-26T17:38:55.461+0000] {processor.py:743} INFO - Processing file /home/airflow/.local/lib/python3.7/site-packages/airflow/example_dags/example_kubernetes_executor.py for tasks to queue
[2023-01-26T17:38:55.462+0000] {logging_mixin.py:137} INFO - [2023-01-26T17:38:55.461+0000] {dagbag.py:538} INFO - Filling up the DagBag from /home/airflow/.local/lib/python3.7/site-packages/airflow/example_dags/example_kubernetes_executor.py
[2023-01-26T17:38:55.489+0000] {processor.py:753} INFO - DAG(s) dict_keys(['example_kubernetes_executor']) retrieved from /home/airflow/.local/lib/python3.7/site-packages/airflow/example_dags/example_kubernetes_executor.py
[2023-01-26T17:38:55.517+0000] {logging_mixin.py:137} INFO - [2023-01-26T17:38:55.517+0000] {dag.py:2690} INFO - Sync 1 DAGs
[2023-01-26T17:38:55.541+0000] {logging_mixin.py:137} INFO - [2023-01-26T17:38:55.541+0000] {dag.py:3441} INFO - Setting next_dagrun for example_kubernetes_executor to None, run_after=None
[2023-01-26T17:38:55.563+0000] {processor.py:175} INFO - Processing /home/airflow/.local/lib/python3.7/site-packages/airflow/example_dags/example_kubernetes_executor.py took 0.106 seconds
[2023-01-26T17:39:26.373+0000] {processor.py:153} INFO - Started process (PID=3341) to work on /home/airflow/.local/lib/python3.7/site-packages/airflow/example_dags/example_kubernetes_executor.py
[2023-01-26T17:39:26.374+0000] {processor.py:743} INFO - Processing file /home/airflow/.local/lib/python3.7/site-packages/airflow/example_dags/example_kubernetes_executor.py for tasks to queue
[2023-01-26T17:39:26.374+0000] {logging_mixin.py:137} INFO - [2023-01-26T17:39:26.374+0000] {dagbag.py:538} INFO - Filling up the DagBag from /home/airflow/.local/lib/python3.7/site-packages/airflow/example_dags/example_kubernetes_executor.py
[2023-01-26T17:39:26.400+0000] {processor.py:753} INFO - DAG(s) dict_keys(['example_kubernetes_executor']) retrieved from /home/airflow/.local/lib/python3.7/site-packages/airflow/example_dags/example_kubernetes_executor.py
[2023-01-26T17:39:26.429+0000] {logging_mixin.py:137} INFO - [2023-01-26T17:39:26.429+0000] {dag.py:2690} INFO - Sync 1 DAGs
[2023-01-26T17:39:26.452+0000] {logging_mixin.py:137} INFO - [2023-01-26T17:39:26.452+0000] {dag.py:3441} INFO - Setting next_dagrun for example_kubernetes_executor to None, run_after=None
[2023-01-26T17:39:26.477+0000] {processor.py:175} INFO - Processing /home/airflow/.local/lib/python3.7/site-packages/airflow/example_dags/example_kubernetes_executor.py took 0.107 seconds
[2023-01-26T17:39:56.707+0000] {processor.py:153} INFO - Started process (PID=3418) to work on /home/airflow/.local/lib/python3.7/site-packages/airflow/example_dags/example_kubernetes_executor.py
[2023-01-26T17:39:56.708+0000] {processor.py:743} INFO - Processing file /home/airflow/.local/lib/python3.7/site-packages/airflow/example_dags/example_kubernetes_executor.py for tasks to queue
[2023-01-26T17:39:56.709+0000] {logging_mixin.py:137} INFO - [2023-01-26T17:39:56.709+0000] {dagbag.py:538} INFO - Filling up the DagBag from /home/airflow/.local/lib/python3.7/site-packages/airflow/example_dags/example_kubernetes_executor.py
[2023-01-26T17:39:56.740+0000] {processor.py:753} INFO - DAG(s) dict_keys(['example_kubernetes_executor']) retrieved from /home/airflow/.local/lib/python3.7/site-packages/airflow/example_dags/example_kubernetes_executor.py
[2023-01-26T17:39:56.767+0000] {logging_mixin.py:137} INFO - [2023-01-26T17:39:56.767+0000] {dag.py:2690} INFO - Sync 1 DAGs
[2023-01-26T17:39:56.791+0000] {logging_mixin.py:137} INFO - [2023-01-26T17:39:56.791+0000] {dag.py:3441} INFO - Setting next_dagrun for example_kubernetes_executor to None, run_after=None
[2023-01-26T17:39:56.828+0000] {processor.py:175} INFO - Processing /home/airflow/.local/lib/python3.7/site-packages/airflow/example_dags/example_kubernetes_executor.py took 0.126 seconds
[2023-01-26T17:40:26.876+0000] {processor.py:153} INFO - Started process (PID=3484) to work on /home/airflow/.local/lib/python3.7/site-packages/airflow/example_dags/example_kubernetes_executor.py
[2023-01-26T17:40:26.876+0000] {processor.py:743} INFO - Processing file /home/airflow/.local/lib/python3.7/site-packages/airflow/example_dags/example_kubernetes_executor.py for tasks to queue
[2023-01-26T17:40:26.877+0000] {logging_mixin.py:137} INFO - [2023-01-26T17:40:26.877+0000] {dagbag.py:538} INFO - Filling up the DagBag from /home/airflow/.local/lib/python3.7/site-packages/airflow/example_dags/example_kubernetes_executor.py
[2023-01-26T17:40:26.903+0000] {processor.py:753} INFO - DAG(s) dict_keys(['example_kubernetes_executor']) retrieved from /home/airflow/.local/lib/python3.7/site-packages/airflow/example_dags/example_kubernetes_executor.py
[2023-01-26T17:40:26.939+0000] {logging_mixin.py:137} INFO - [2023-01-26T17:40:26.939+0000] {dag.py:2690} INFO - Sync 1 DAGs
[2023-01-26T17:40:26.961+0000] {logging_mixin.py:137} INFO - [2023-01-26T17:40:26.961+0000] {dag.py:3441} INFO - Setting next_dagrun for example_kubernetes_executor to None, run_after=None
[2023-01-26T17:40:26.985+0000] {processor.py:175} INFO - Processing /home/airflow/.local/lib/python3.7/site-packages/airflow/example_dags/example_kubernetes_executor.py took 0.113 seconds
[2023-01-26T17:40:57.221+0000] {processor.py:153} INFO - Started process (PID=3561) to work on /home/airflow/.local/lib/python3.7/site-packages/airflow/example_dags/example_kubernetes_executor.py
[2023-01-26T17:40:57.222+0000] {processor.py:743} INFO - Processing file /home/airflow/.local/lib/python3.7/site-packages/airflow/example_dags/example_kubernetes_executor.py for tasks to queue
[2023-01-26T17:40:57.223+0000] {logging_mixin.py:137} INFO - [2023-01-26T17:40:57.223+0000] {dagbag.py:538} INFO - Filling up the DagBag from /home/airflow/.local/lib/python3.7/site-packages/airflow/example_dags/example_kubernetes_executor.py
[2023-01-26T17:40:57.264+0000] {processor.py:753} INFO - DAG(s) dict_keys(['example_kubernetes_executor']) retrieved from /home/airflow/.local/lib/python3.7/site-packages/airflow/example_dags/example_kubernetes_executor.py
[2023-01-26T17:40:57.322+0000] {logging_mixin.py:137} INFO - [2023-01-26T17:40:57.322+0000] {dag.py:2690} INFO - Sync 1 DAGs
[2023-01-26T17:40:57.363+0000] {logging_mixin.py:137} INFO - [2023-01-26T17:40:57.363+0000] {dag.py:3441} INFO - Setting next_dagrun for example_kubernetes_executor to None, run_after=None
[2023-01-26T17:40:57.394+0000] {processor.py:175} INFO - Processing /home/airflow/.local/lib/python3.7/site-packages/airflow/example_dags/example_kubernetes_executor.py took 0.177 seconds
[2023-01-26T17:41:27.740+0000] {processor.py:153} INFO - Started process (PID=3627) to work on /home/airflow/.local/lib/python3.7/site-packages/airflow/example_dags/example_kubernetes_executor.py
[2023-01-26T17:41:27.741+0000] {processor.py:743} INFO - Processing file /home/airflow/.local/lib/python3.7/site-packages/airflow/example_dags/example_kubernetes_executor.py for tasks to queue
[2023-01-26T17:41:27.742+0000] {logging_mixin.py:137} INFO - [2023-01-26T17:41:27.742+0000] {dagbag.py:538} INFO - Filling up the DagBag from /home/airflow/.local/lib/python3.7/site-packages/airflow/example_dags/example_kubernetes_executor.py
[2023-01-26T17:41:27.770+0000] {processor.py:753} INFO - DAG(s) dict_keys(['example_kubernetes_executor']) retrieved from /home/airflow/.local/lib/python3.7/site-packages/airflow/example_dags/example_kubernetes_executor.py
[2023-01-26T17:41:27.799+0000] {logging_mixin.py:137} INFO - [2023-01-26T17:41:27.799+0000] {dag.py:2690} INFO - Sync 1 DAGs
[2023-01-26T17:41:27.831+0000] {logging_mixin.py:137} INFO - [2023-01-26T17:41:27.831+0000] {dag.py:3441} INFO - Setting next_dagrun for example_kubernetes_executor to None, run_after=None
[2023-01-26T17:41:27.857+0000] {processor.py:175} INFO - Processing /home/airflow/.local/lib/python3.7/site-packages/airflow/example_dags/example_kubernetes_executor.py took 0.120 seconds
[2023-01-26T17:41:58.213+0000] {processor.py:153} INFO - Started process (PID=3705) to work on /home/airflow/.local/lib/python3.7/site-packages/airflow/example_dags/example_kubernetes_executor.py
[2023-01-26T17:41:58.214+0000] {processor.py:743} INFO - Processing file /home/airflow/.local/lib/python3.7/site-packages/airflow/example_dags/example_kubernetes_executor.py for tasks to queue
[2023-01-26T17:41:58.215+0000] {logging_mixin.py:137} INFO - [2023-01-26T17:41:58.215+0000] {dagbag.py:538} INFO - Filling up the DagBag from /home/airflow/.local/lib/python3.7/site-packages/airflow/example_dags/example_kubernetes_executor.py
[2023-01-26T17:41:58.261+0000] {processor.py:753} INFO - DAG(s) dict_keys(['example_kubernetes_executor']) retrieved from /home/airflow/.local/lib/python3.7/site-packages/airflow/example_dags/example_kubernetes_executor.py
[2023-01-26T17:41:58.306+0000] {logging_mixin.py:137} INFO - [2023-01-26T17:41:58.306+0000] {dag.py:2690} INFO - Sync 1 DAGs
[2023-01-26T17:41:58.351+0000] {logging_mixin.py:137} INFO - [2023-01-26T17:41:58.351+0000] {dag.py:3441} INFO - Setting next_dagrun for example_kubernetes_executor to None, run_after=None
[2023-01-26T17:41:58.398+0000] {processor.py:175} INFO - Processing /home/airflow/.local/lib/python3.7/site-packages/airflow/example_dags/example_kubernetes_executor.py took 0.190 seconds
[2023-01-26T17:42:28.522+0000] {processor.py:153} INFO - Started process (PID=3770) to work on /home/airflow/.local/lib/python3.7/site-packages/airflow/example_dags/example_kubernetes_executor.py
[2023-01-26T17:42:28.523+0000] {processor.py:743} INFO - Processing file /home/airflow/.local/lib/python3.7/site-packages/airflow/example_dags/example_kubernetes_executor.py for tasks to queue
[2023-01-26T17:42:28.524+0000] {logging_mixin.py:137} INFO - [2023-01-26T17:42:28.524+0000] {dagbag.py:538} INFO - Filling up the DagBag from /home/airflow/.local/lib/python3.7/site-packages/airflow/example_dags/example_kubernetes_executor.py
[2023-01-26T17:42:28.552+0000] {processor.py:753} INFO - DAG(s) dict_keys(['example_kubernetes_executor']) retrieved from /home/airflow/.local/lib/python3.7/site-packages/airflow/example_dags/example_kubernetes_executor.py
[2023-01-26T17:42:28.592+0000] {logging_mixin.py:137} INFO - [2023-01-26T17:42:28.592+0000] {dag.py:2690} INFO - Sync 1 DAGs
[2023-01-26T17:42:28.615+0000] {logging_mixin.py:137} INFO - [2023-01-26T17:42:28.614+0000] {dag.py:3441} INFO - Setting next_dagrun for example_kubernetes_executor to None, run_after=None
[2023-01-26T17:42:28.641+0000] {processor.py:175} INFO - Processing /home/airflow/.local/lib/python3.7/site-packages/airflow/example_dags/example_kubernetes_executor.py took 0.121 seconds
[2023-01-26T17:42:58.908+0000] {processor.py:153} INFO - Started process (PID=3845) to work on /home/airflow/.local/lib/python3.7/site-packages/airflow/example_dags/example_kubernetes_executor.py
[2023-01-26T17:42:58.910+0000] {processor.py:743} INFO - Processing file /home/airflow/.local/lib/python3.7/site-packages/airflow/example_dags/example_kubernetes_executor.py for tasks to queue
[2023-01-26T17:42:58.910+0000] {logging_mixin.py:137} INFO - [2023-01-26T17:42:58.910+0000] {dagbag.py:538} INFO - Filling up the DagBag from /home/airflow/.local/lib/python3.7/site-packages/airflow/example_dags/example_kubernetes_executor.py
[2023-01-26T17:42:58.952+0000] {processor.py:753} INFO - DAG(s) dict_keys(['example_kubernetes_executor']) retrieved from /home/airflow/.local/lib/python3.7/site-packages/airflow/example_dags/example_kubernetes_executor.py
[2023-01-26T17:42:58.991+0000] {logging_mixin.py:137} INFO - [2023-01-26T17:42:58.991+0000] {dag.py:2690} INFO - Sync 1 DAGs
[2023-01-26T17:42:59.026+0000] {logging_mixin.py:137} INFO - [2023-01-26T17:42:59.026+0000] {dag.py:3441} INFO - Setting next_dagrun for example_kubernetes_executor to None, run_after=None
[2023-01-26T17:42:59.056+0000] {processor.py:175} INFO - Processing /home/airflow/.local/lib/python3.7/site-packages/airflow/example_dags/example_kubernetes_executor.py took 0.152 seconds
[2023-01-26T17:43:29.166+0000] {processor.py:153} INFO - Started process (PID=3913) to work on /home/airflow/.local/lib/python3.7/site-packages/airflow/example_dags/example_kubernetes_executor.py
[2023-01-26T17:43:29.167+0000] {processor.py:743} INFO - Processing file /home/airflow/.local/lib/python3.7/site-packages/airflow/example_dags/example_kubernetes_executor.py for tasks to queue
[2023-01-26T17:43:29.168+0000] {logging_mixin.py:137} INFO - [2023-01-26T17:43:29.168+0000] {dagbag.py:538} INFO - Filling up the DagBag from /home/airflow/.local/lib/python3.7/site-packages/airflow/example_dags/example_kubernetes_executor.py
[2023-01-26T17:43:29.193+0000] {processor.py:753} INFO - DAG(s) dict_keys(['example_kubernetes_executor']) retrieved from /home/airflow/.local/lib/python3.7/site-packages/airflow/example_dags/example_kubernetes_executor.py
[2023-01-26T17:43:29.220+0000] {logging_mixin.py:137} INFO - [2023-01-26T17:43:29.220+0000] {dag.py:2690} INFO - Sync 1 DAGs
[2023-01-26T17:43:29.242+0000] {logging_mixin.py:137} INFO - [2023-01-26T17:43:29.242+0000] {dag.py:3441} INFO - Setting next_dagrun for example_kubernetes_executor to None, run_after=None
[2023-01-26T17:43:29.265+0000] {processor.py:175} INFO - Processing /home/airflow/.local/lib/python3.7/site-packages/airflow/example_dags/example_kubernetes_executor.py took 0.102 seconds
[2023-01-26T17:43:59.334+0000] {processor.py:153} INFO - Started process (PID=3979) to work on /home/airflow/.local/lib/python3.7/site-packages/airflow/example_dags/example_kubernetes_executor.py
[2023-01-26T17:43:59.335+0000] {processor.py:743} INFO - Processing file /home/airflow/.local/lib/python3.7/site-packages/airflow/example_dags/example_kubernetes_executor.py for tasks to queue
[2023-01-26T17:43:59.336+0000] {logging_mixin.py:137} INFO - [2023-01-26T17:43:59.335+0000] {dagbag.py:538} INFO - Filling up the DagBag from /home/airflow/.local/lib/python3.7/site-packages/airflow/example_dags/example_kubernetes_executor.py
[2023-01-26T17:43:59.364+0000] {processor.py:753} INFO - DAG(s) dict_keys(['example_kubernetes_executor']) retrieved from /home/airflow/.local/lib/python3.7/site-packages/airflow/example_dags/example_kubernetes_executor.py
[2023-01-26T17:43:59.392+0000] {logging_mixin.py:137} INFO - [2023-01-26T17:43:59.392+0000] {dag.py:2690} INFO - Sync 1 DAGs
[2023-01-26T17:43:59.420+0000] {logging_mixin.py:137} INFO - [2023-01-26T17:43:59.420+0000] {dag.py:3441} INFO - Setting next_dagrun for example_kubernetes_executor to None, run_after=None
[2023-01-26T17:43:59.446+0000] {processor.py:175} INFO - Processing /home/airflow/.local/lib/python3.7/site-packages/airflow/example_dags/example_kubernetes_executor.py took 0.115 seconds
[2023-01-26T17:44:29.974+0000] {processor.py:153} INFO - Started process (PID=4058) to work on /home/airflow/.local/lib/python3.7/site-packages/airflow/example_dags/example_kubernetes_executor.py
[2023-01-26T17:44:29.975+0000] {processor.py:743} INFO - Processing file /home/airflow/.local/lib/python3.7/site-packages/airflow/example_dags/example_kubernetes_executor.py for tasks to queue
[2023-01-26T17:44:29.975+0000] {logging_mixin.py:137} INFO - [2023-01-26T17:44:29.975+0000] {dagbag.py:538} INFO - Filling up the DagBag from /home/airflow/.local/lib/python3.7/site-packages/airflow/example_dags/example_kubernetes_executor.py
[2023-01-26T17:44:30.006+0000] {processor.py:753} INFO - DAG(s) dict_keys(['example_kubernetes_executor']) retrieved from /home/airflow/.local/lib/python3.7/site-packages/airflow/example_dags/example_kubernetes_executor.py
[2023-01-26T17:44:30.042+0000] {logging_mixin.py:137} INFO - [2023-01-26T17:44:30.041+0000] {dag.py:2690} INFO - Sync 1 DAGs
[2023-01-26T17:44:30.068+0000] {logging_mixin.py:137} INFO - [2023-01-26T17:44:30.068+0000] {dag.py:3441} INFO - Setting next_dagrun for example_kubernetes_executor to None, run_after=None
[2023-01-26T17:44:30.091+0000] {processor.py:175} INFO - Processing /home/airflow/.local/lib/python3.7/site-packages/airflow/example_dags/example_kubernetes_executor.py took 0.120 seconds
[2023-01-26T17:45:01.119+0000] {processor.py:153} INFO - Started process (PID=4132) to work on /home/airflow/.local/lib/python3.7/site-packages/airflow/example_dags/example_kubernetes_executor.py
[2023-01-26T17:45:01.120+0000] {processor.py:743} INFO - Processing file /home/airflow/.local/lib/python3.7/site-packages/airflow/example_dags/example_kubernetes_executor.py for tasks to queue
[2023-01-26T17:45:01.121+0000] {logging_mixin.py:137} INFO - [2023-01-26T17:45:01.121+0000] {dagbag.py:538} INFO - Filling up the DagBag from /home/airflow/.local/lib/python3.7/site-packages/airflow/example_dags/example_kubernetes_executor.py
[2023-01-26T17:45:01.165+0000] {processor.py:753} INFO - DAG(s) dict_keys(['example_kubernetes_executor']) retrieved from /home/airflow/.local/lib/python3.7/site-packages/airflow/example_dags/example_kubernetes_executor.py
[2023-01-26T17:45:01.204+0000] {logging_mixin.py:137} INFO - [2023-01-26T17:45:01.204+0000] {dag.py:2690} INFO - Sync 1 DAGs
[2023-01-26T17:45:01.239+0000] {logging_mixin.py:137} INFO - [2023-01-26T17:45:01.238+0000] {dag.py:3441} INFO - Setting next_dagrun for example_kubernetes_executor to None, run_after=None
[2023-01-26T17:45:01.274+0000] {processor.py:175} INFO - Processing /home/airflow/.local/lib/python3.7/site-packages/airflow/example_dags/example_kubernetes_executor.py took 0.160 seconds
[2023-01-26T17:45:31.301+0000] {processor.py:153} INFO - Started process (PID=4200) to work on /home/airflow/.local/lib/python3.7/site-packages/airflow/example_dags/example_kubernetes_executor.py
[2023-01-26T17:45:31.302+0000] {processor.py:743} INFO - Processing file /home/airflow/.local/lib/python3.7/site-packages/airflow/example_dags/example_kubernetes_executor.py for tasks to queue
[2023-01-26T17:45:31.303+0000] {logging_mixin.py:137} INFO - [2023-01-26T17:45:31.303+0000] {dagbag.py:538} INFO - Filling up the DagBag from /home/airflow/.local/lib/python3.7/site-packages/airflow/example_dags/example_kubernetes_executor.py
[2023-01-26T17:45:31.330+0000] {processor.py:753} INFO - DAG(s) dict_keys(['example_kubernetes_executor']) retrieved from /home/airflow/.local/lib/python3.7/site-packages/airflow/example_dags/example_kubernetes_executor.py
[2023-01-26T17:45:31.358+0000] {logging_mixin.py:137} INFO - [2023-01-26T17:45:31.358+0000] {dag.py:2690} INFO - Sync 1 DAGs
[2023-01-26T17:45:31.382+0000] {logging_mixin.py:137} INFO - [2023-01-26T17:45:31.382+0000] {dag.py:3441} INFO - Setting next_dagrun for example_kubernetes_executor to None, run_after=None
[2023-01-26T17:45:31.407+0000] {processor.py:175} INFO - Processing /home/airflow/.local/lib/python3.7/site-packages/airflow/example_dags/example_kubernetes_executor.py took 0.110 seconds
[2023-01-26T17:46:01.738+0000] {processor.py:153} INFO - Started process (PID=4274) to work on /home/airflow/.local/lib/python3.7/site-packages/airflow/example_dags/example_kubernetes_executor.py
[2023-01-26T17:46:01.739+0000] {processor.py:743} INFO - Processing file /home/airflow/.local/lib/python3.7/site-packages/airflow/example_dags/example_kubernetes_executor.py for tasks to queue
[2023-01-26T17:46:01.740+0000] {logging_mixin.py:137} INFO - [2023-01-26T17:46:01.740+0000] {dagbag.py:538} INFO - Filling up the DagBag from /home/airflow/.local/lib/python3.7/site-packages/airflow/example_dags/example_kubernetes_executor.py
[2023-01-26T17:46:01.779+0000] {processor.py:753} INFO - DAG(s) dict_keys(['example_kubernetes_executor']) retrieved from /home/airflow/.local/lib/python3.7/site-packages/airflow/example_dags/example_kubernetes_executor.py
[2023-01-26T17:46:01.820+0000] {logging_mixin.py:137} INFO - [2023-01-26T17:46:01.819+0000] {dag.py:2690} INFO - Sync 1 DAGs
[2023-01-26T17:46:01.844+0000] {logging_mixin.py:137} INFO - [2023-01-26T17:46:01.844+0000] {dag.py:3441} INFO - Setting next_dagrun for example_kubernetes_executor to None, run_after=None
[2023-01-26T17:46:01.868+0000] {processor.py:175} INFO - Processing /home/airflow/.local/lib/python3.7/site-packages/airflow/example_dags/example_kubernetes_executor.py took 0.135 seconds
[2023-01-26T17:46:32.426+0000] {processor.py:153} INFO - Started process (PID=4342) to work on /home/airflow/.local/lib/python3.7/site-packages/airflow/example_dags/example_kubernetes_executor.py
[2023-01-26T17:46:32.427+0000] {processor.py:743} INFO - Processing file /home/airflow/.local/lib/python3.7/site-packages/airflow/example_dags/example_kubernetes_executor.py for tasks to queue
[2023-01-26T17:46:32.427+0000] {logging_mixin.py:137} INFO - [2023-01-26T17:46:32.427+0000] {dagbag.py:538} INFO - Filling up the DagBag from /home/airflow/.local/lib/python3.7/site-packages/airflow/example_dags/example_kubernetes_executor.py
[2023-01-26T17:46:32.455+0000] {processor.py:753} INFO - DAG(s) dict_keys(['example_kubernetes_executor']) retrieved from /home/airflow/.local/lib/python3.7/site-packages/airflow/example_dags/example_kubernetes_executor.py
[2023-01-26T17:46:32.489+0000] {logging_mixin.py:137} INFO - [2023-01-26T17:46:32.489+0000] {dag.py:2690} INFO - Sync 1 DAGs
[2023-01-26T17:46:32.518+0000] {logging_mixin.py:137} INFO - [2023-01-26T17:46:32.518+0000] {dag.py:3441} INFO - Setting next_dagrun for example_kubernetes_executor to None, run_after=None
[2023-01-26T17:46:32.547+0000] {processor.py:175} INFO - Processing /home/airflow/.local/lib/python3.7/site-packages/airflow/example_dags/example_kubernetes_executor.py took 0.124 seconds
[2023-01-26T17:47:03.225+0000] {processor.py:153} INFO - Started process (PID=4420) to work on /home/airflow/.local/lib/python3.7/site-packages/airflow/example_dags/example_kubernetes_executor.py
[2023-01-26T17:47:03.226+0000] {processor.py:743} INFO - Processing file /home/airflow/.local/lib/python3.7/site-packages/airflow/example_dags/example_kubernetes_executor.py for tasks to queue
[2023-01-26T17:47:03.227+0000] {logging_mixin.py:137} INFO - [2023-01-26T17:47:03.227+0000] {dagbag.py:538} INFO - Filling up the DagBag from /home/airflow/.local/lib/python3.7/site-packages/airflow/example_dags/example_kubernetes_executor.py
[2023-01-26T17:47:03.265+0000] {processor.py:753} INFO - DAG(s) dict_keys(['example_kubernetes_executor']) retrieved from /home/airflow/.local/lib/python3.7/site-packages/airflow/example_dags/example_kubernetes_executor.py
[2023-01-26T17:47:03.294+0000] {logging_mixin.py:137} INFO - [2023-01-26T17:47:03.294+0000] {dag.py:2690} INFO - Sync 1 DAGs
[2023-01-26T17:47:03.318+0000] {logging_mixin.py:137} INFO - [2023-01-26T17:47:03.318+0000] {dag.py:3441} INFO - Setting next_dagrun for example_kubernetes_executor to None, run_after=None
[2023-01-26T17:47:03.341+0000] {processor.py:175} INFO - Processing /home/airflow/.local/lib/python3.7/site-packages/airflow/example_dags/example_kubernetes_executor.py took 0.121 seconds
[2023-01-26T17:47:34.009+0000] {processor.py:153} INFO - Started process (PID=4485) to work on /home/airflow/.local/lib/python3.7/site-packages/airflow/example_dags/example_kubernetes_executor.py
[2023-01-26T17:47:34.010+0000] {processor.py:743} INFO - Processing file /home/airflow/.local/lib/python3.7/site-packages/airflow/example_dags/example_kubernetes_executor.py for tasks to queue
[2023-01-26T17:47:34.011+0000] {logging_mixin.py:137} INFO - [2023-01-26T17:47:34.011+0000] {dagbag.py:538} INFO - Filling up the DagBag from /home/airflow/.local/lib/python3.7/site-packages/airflow/example_dags/example_kubernetes_executor.py
[2023-01-26T17:47:34.055+0000] {processor.py:753} INFO - DAG(s) dict_keys(['example_kubernetes_executor']) retrieved from /home/airflow/.local/lib/python3.7/site-packages/airflow/example_dags/example_kubernetes_executor.py
[2023-01-26T17:47:34.102+0000] {logging_mixin.py:137} INFO - [2023-01-26T17:47:34.102+0000] {dag.py:2690} INFO - Sync 1 DAGs
[2023-01-26T17:47:34.145+0000] {logging_mixin.py:137} INFO - [2023-01-26T17:47:34.145+0000] {dag.py:3441} INFO - Setting next_dagrun for example_kubernetes_executor to None, run_after=None
[2023-01-26T17:47:34.176+0000] {processor.py:175} INFO - Processing /home/airflow/.local/lib/python3.7/site-packages/airflow/example_dags/example_kubernetes_executor.py took 0.171 seconds
[2023-01-26T17:48:04.548+0000] {processor.py:153} INFO - Started process (PID=4563) to work on /home/airflow/.local/lib/python3.7/site-packages/airflow/example_dags/example_kubernetes_executor.py
[2023-01-26T17:48:04.550+0000] {processor.py:743} INFO - Processing file /home/airflow/.local/lib/python3.7/site-packages/airflow/example_dags/example_kubernetes_executor.py for tasks to queue
[2023-01-26T17:48:04.551+0000] {logging_mixin.py:137} INFO - [2023-01-26T17:48:04.551+0000] {dagbag.py:538} INFO - Filling up the DagBag from /home/airflow/.local/lib/python3.7/site-packages/airflow/example_dags/example_kubernetes_executor.py
[2023-01-26T17:48:04.577+0000] {processor.py:753} INFO - DAG(s) dict_keys(['example_kubernetes_executor']) retrieved from /home/airflow/.local/lib/python3.7/site-packages/airflow/example_dags/example_kubernetes_executor.py
[2023-01-26T17:48:04.603+0000] {logging_mixin.py:137} INFO - [2023-01-26T17:48:04.603+0000] {dag.py:2690} INFO - Sync 1 DAGs
[2023-01-26T17:48:04.624+0000] {logging_mixin.py:137} INFO - [2023-01-26T17:48:04.624+0000] {dag.py:3441} INFO - Setting next_dagrun for example_kubernetes_executor to None, run_after=None
[2023-01-26T17:48:04.648+0000] {processor.py:175} INFO - Processing /home/airflow/.local/lib/python3.7/site-packages/airflow/example_dags/example_kubernetes_executor.py took 0.103 seconds
[2023-01-26T17:48:35.059+0000] {processor.py:153} INFO - Started process (PID=4628) to work on /home/airflow/.local/lib/python3.7/site-packages/airflow/example_dags/example_kubernetes_executor.py
[2023-01-26T17:48:35.059+0000] {processor.py:743} INFO - Processing file /home/airflow/.local/lib/python3.7/site-packages/airflow/example_dags/example_kubernetes_executor.py for tasks to queue
[2023-01-26T17:48:35.060+0000] {logging_mixin.py:137} INFO - [2023-01-26T17:48:35.060+0000] {dagbag.py:538} INFO - Filling up the DagBag from /home/airflow/.local/lib/python3.7/site-packages/airflow/example_dags/example_kubernetes_executor.py
[2023-01-26T17:48:35.092+0000] {processor.py:753} INFO - DAG(s) dict_keys(['example_kubernetes_executor']) retrieved from /home/airflow/.local/lib/python3.7/site-packages/airflow/example_dags/example_kubernetes_executor.py
[2023-01-26T17:48:35.127+0000] {logging_mixin.py:137} INFO - [2023-01-26T17:48:35.127+0000] {dag.py:2690} INFO - Sync 1 DAGs
[2023-01-26T17:48:35.157+0000] {logging_mixin.py:137} INFO - [2023-01-26T17:48:35.157+0000] {dag.py:3441} INFO - Setting next_dagrun for example_kubernetes_executor to None, run_after=None
[2023-01-26T17:48:35.179+0000] {processor.py:175} INFO - Processing /home/airflow/.local/lib/python3.7/site-packages/airflow/example_dags/example_kubernetes_executor.py took 0.124 seconds
[2023-01-26T17:49:05.825+0000] {processor.py:153} INFO - Started process (PID=4705) to work on /home/airflow/.local/lib/python3.7/site-packages/airflow/example_dags/example_kubernetes_executor.py
[2023-01-26T17:49:05.826+0000] {processor.py:743} INFO - Processing file /home/airflow/.local/lib/python3.7/site-packages/airflow/example_dags/example_kubernetes_executor.py for tasks to queue
[2023-01-26T17:49:05.827+0000] {logging_mixin.py:137} INFO - [2023-01-26T17:49:05.826+0000] {dagbag.py:538} INFO - Filling up the DagBag from /home/airflow/.local/lib/python3.7/site-packages/airflow/example_dags/example_kubernetes_executor.py
[2023-01-26T17:49:05.854+0000] {processor.py:753} INFO - DAG(s) dict_keys(['example_kubernetes_executor']) retrieved from /home/airflow/.local/lib/python3.7/site-packages/airflow/example_dags/example_kubernetes_executor.py
[2023-01-26T17:49:05.882+0000] {logging_mixin.py:137} INFO - [2023-01-26T17:49:05.882+0000] {dag.py:2690} INFO - Sync 1 DAGs
[2023-01-26T17:49:05.906+0000] {logging_mixin.py:137} INFO - [2023-01-26T17:49:05.906+0000] {dag.py:3441} INFO - Setting next_dagrun for example_kubernetes_executor to None, run_after=None
[2023-01-26T17:49:05.931+0000] {processor.py:175} INFO - Processing /home/airflow/.local/lib/python3.7/site-packages/airflow/example_dags/example_kubernetes_executor.py took 0.109 seconds
[2023-01-26T17:49:36.829+0000] {processor.py:153} INFO - Started process (PID=4770) to work on /home/airflow/.local/lib/python3.7/site-packages/airflow/example_dags/example_kubernetes_executor.py
[2023-01-26T17:49:36.830+0000] {processor.py:743} INFO - Processing file /home/airflow/.local/lib/python3.7/site-packages/airflow/example_dags/example_kubernetes_executor.py for tasks to queue
[2023-01-26T17:49:36.831+0000] {logging_mixin.py:137} INFO - [2023-01-26T17:49:36.831+0000] {dagbag.py:538} INFO - Filling up the DagBag from /home/airflow/.local/lib/python3.7/site-packages/airflow/example_dags/example_kubernetes_executor.py
[2023-01-26T17:49:36.857+0000] {processor.py:753} INFO - DAG(s) dict_keys(['example_kubernetes_executor']) retrieved from /home/airflow/.local/lib/python3.7/site-packages/airflow/example_dags/example_kubernetes_executor.py
[2023-01-26T17:49:36.891+0000] {logging_mixin.py:137} INFO - [2023-01-26T17:49:36.891+0000] {dag.py:2690} INFO - Sync 1 DAGs
[2023-01-26T17:49:36.914+0000] {logging_mixin.py:137} INFO - [2023-01-26T17:49:36.913+0000] {dag.py:3441} INFO - Setting next_dagrun for example_kubernetes_executor to None, run_after=None
[2023-01-26T17:49:36.939+0000] {processor.py:175} INFO - Processing /home/airflow/.local/lib/python3.7/site-packages/airflow/example_dags/example_kubernetes_executor.py took 0.113 seconds
[2023-01-26T17:50:06.964+0000] {processor.py:153} INFO - Started process (PID=4847) to work on /home/airflow/.local/lib/python3.7/site-packages/airflow/example_dags/example_kubernetes_executor.py
[2023-01-26T17:50:06.965+0000] {processor.py:743} INFO - Processing file /home/airflow/.local/lib/python3.7/site-packages/airflow/example_dags/example_kubernetes_executor.py for tasks to queue
[2023-01-26T17:50:06.965+0000] {logging_mixin.py:137} INFO - [2023-01-26T17:50:06.965+0000] {dagbag.py:538} INFO - Filling up the DagBag from /home/airflow/.local/lib/python3.7/site-packages/airflow/example_dags/example_kubernetes_executor.py
[2023-01-26T17:50:06.998+0000] {processor.py:753} INFO - DAG(s) dict_keys(['example_kubernetes_executor']) retrieved from /home/airflow/.local/lib/python3.7/site-packages/airflow/example_dags/example_kubernetes_executor.py
[2023-01-26T17:50:07.034+0000] {logging_mixin.py:137} INFO - [2023-01-26T17:50:07.034+0000] {dag.py:2690} INFO - Sync 1 DAGs
[2023-01-26T17:50:07.061+0000] {logging_mixin.py:137} INFO - [2023-01-26T17:50:07.061+0000] {dag.py:3441} INFO - Setting next_dagrun for example_kubernetes_executor to None, run_after=None
[2023-01-26T17:50:07.087+0000] {processor.py:175} INFO - Processing /home/airflow/.local/lib/python3.7/site-packages/airflow/example_dags/example_kubernetes_executor.py took 0.126 seconds
[2023-01-26T17:50:37.214+0000] {processor.py:153} INFO - Started process (PID=4913) to work on /home/airflow/.local/lib/python3.7/site-packages/airflow/example_dags/example_kubernetes_executor.py
[2023-01-26T17:50:37.215+0000] {processor.py:743} INFO - Processing file /home/airflow/.local/lib/python3.7/site-packages/airflow/example_dags/example_kubernetes_executor.py for tasks to queue
[2023-01-26T17:50:37.216+0000] {logging_mixin.py:137} INFO - [2023-01-26T17:50:37.216+0000] {dagbag.py:538} INFO - Filling up the DagBag from /home/airflow/.local/lib/python3.7/site-packages/airflow/example_dags/example_kubernetes_executor.py
[2023-01-26T17:50:37.247+0000] {processor.py:753} INFO - DAG(s) dict_keys(['example_kubernetes_executor']) retrieved from /home/airflow/.local/lib/python3.7/site-packages/airflow/example_dags/example_kubernetes_executor.py
[2023-01-26T17:50:37.294+0000] {logging_mixin.py:137} INFO - [2023-01-26T17:50:37.294+0000] {dag.py:2690} INFO - Sync 1 DAGs
[2023-01-26T17:50:37.321+0000] {logging_mixin.py:137} INFO - [2023-01-26T17:50:37.321+0000] {dag.py:3441} INFO - Setting next_dagrun for example_kubernetes_executor to None, run_after=None
[2023-01-26T17:50:37.344+0000] {processor.py:175} INFO - Processing /home/airflow/.local/lib/python3.7/site-packages/airflow/example_dags/example_kubernetes_executor.py took 0.134 seconds
