[2023-01-26T17:15:56.652+0000] {processor.py:153} INFO - Started process (PID=75) to work on /home/airflow/.local/lib/python3.7/site-packages/airflow/example_dags/example_local_kubernetes_executor.py
[2023-01-26T17:15:56.654+0000] {processor.py:743} INFO - Processing file /home/airflow/.local/lib/python3.7/site-packages/airflow/example_dags/example_local_kubernetes_executor.py for tasks to queue
[2023-01-26T17:15:56.655+0000] {logging_mixin.py:137} INFO - [2023-01-26T17:15:56.655+0000] {dagbag.py:538} INFO - Filling up the DagBag from /home/airflow/.local/lib/python3.7/site-packages/airflow/example_dags/example_local_kubernetes_executor.py
[2023-01-26T17:15:56.680+0000] {processor.py:753} INFO - DAG(s) dict_keys(['example_local_kubernetes_executor']) retrieved from /home/airflow/.local/lib/python3.7/site-packages/airflow/example_dags/example_local_kubernetes_executor.py
[2023-01-26T17:15:56.747+0000] {logging_mixin.py:137} INFO - [2023-01-26T17:15:56.747+0000] {dag.py:2690} INFO - Sync 1 DAGs
[2023-01-26T17:15:56.770+0000] {logging_mixin.py:137} INFO - [2023-01-26T17:15:56.770+0000] {dag.py:3441} INFO - Setting next_dagrun for example_local_kubernetes_executor to None, run_after=None
[2023-01-26T17:15:56.810+0000] {processor.py:175} INFO - Processing /home/airflow/.local/lib/python3.7/site-packages/airflow/example_dags/example_local_kubernetes_executor.py took 0.171 seconds
[2023-01-26T17:16:26.901+0000] {processor.py:153} INFO - Started process (PID=138) to work on /home/airflow/.local/lib/python3.7/site-packages/airflow/example_dags/example_local_kubernetes_executor.py
[2023-01-26T17:16:26.902+0000] {processor.py:743} INFO - Processing file /home/airflow/.local/lib/python3.7/site-packages/airflow/example_dags/example_local_kubernetes_executor.py for tasks to queue
[2023-01-26T17:16:26.903+0000] {logging_mixin.py:137} INFO - [2023-01-26T17:16:26.903+0000] {dagbag.py:538} INFO - Filling up the DagBag from /home/airflow/.local/lib/python3.7/site-packages/airflow/example_dags/example_local_kubernetes_executor.py
[2023-01-26T17:16:26.925+0000] {processor.py:753} INFO - DAG(s) dict_keys(['example_local_kubernetes_executor']) retrieved from /home/airflow/.local/lib/python3.7/site-packages/airflow/example_dags/example_local_kubernetes_executor.py
[2023-01-26T17:16:26.950+0000] {logging_mixin.py:137} INFO - [2023-01-26T17:16:26.950+0000] {dag.py:2690} INFO - Sync 1 DAGs
[2023-01-26T17:16:26.977+0000] {logging_mixin.py:137} INFO - [2023-01-26T17:16:26.977+0000] {dag.py:3441} INFO - Setting next_dagrun for example_local_kubernetes_executor to None, run_after=None
[2023-01-26T17:16:27.001+0000] {processor.py:175} INFO - Processing /home/airflow/.local/lib/python3.7/site-packages/airflow/example_dags/example_local_kubernetes_executor.py took 0.103 seconds
[2023-01-26T17:16:57.030+0000] {processor.py:153} INFO - Started process (PID=204) to work on /home/airflow/.local/lib/python3.7/site-packages/airflow/example_dags/example_local_kubernetes_executor.py
[2023-01-26T17:16:57.030+0000] {processor.py:743} INFO - Processing file /home/airflow/.local/lib/python3.7/site-packages/airflow/example_dags/example_local_kubernetes_executor.py for tasks to queue
[2023-01-26T17:16:57.031+0000] {logging_mixin.py:137} INFO - [2023-01-26T17:16:57.031+0000] {dagbag.py:538} INFO - Filling up the DagBag from /home/airflow/.local/lib/python3.7/site-packages/airflow/example_dags/example_local_kubernetes_executor.py
[2023-01-26T17:16:57.052+0000] {processor.py:753} INFO - DAG(s) dict_keys(['example_local_kubernetes_executor']) retrieved from /home/airflow/.local/lib/python3.7/site-packages/airflow/example_dags/example_local_kubernetes_executor.py
[2023-01-26T17:16:57.085+0000] {logging_mixin.py:137} INFO - [2023-01-26T17:16:57.085+0000] {dag.py:2690} INFO - Sync 1 DAGs
[2023-01-26T17:16:57.120+0000] {logging_mixin.py:137} INFO - [2023-01-26T17:16:57.120+0000] {dag.py:3441} INFO - Setting next_dagrun for example_local_kubernetes_executor to None, run_after=None
[2023-01-26T17:16:57.149+0000] {processor.py:175} INFO - Processing /home/airflow/.local/lib/python3.7/site-packages/airflow/example_dags/example_local_kubernetes_executor.py took 0.124 seconds
[2023-01-26T17:17:27.824+0000] {processor.py:153} INFO - Started process (PID=281) to work on /home/airflow/.local/lib/python3.7/site-packages/airflow/example_dags/example_local_kubernetes_executor.py
[2023-01-26T17:17:27.825+0000] {processor.py:743} INFO - Processing file /home/airflow/.local/lib/python3.7/site-packages/airflow/example_dags/example_local_kubernetes_executor.py for tasks to queue
[2023-01-26T17:17:27.826+0000] {logging_mixin.py:137} INFO - [2023-01-26T17:17:27.825+0000] {dagbag.py:538} INFO - Filling up the DagBag from /home/airflow/.local/lib/python3.7/site-packages/airflow/example_dags/example_local_kubernetes_executor.py
[2023-01-26T17:17:27.847+0000] {processor.py:753} INFO - DAG(s) dict_keys(['example_local_kubernetes_executor']) retrieved from /home/airflow/.local/lib/python3.7/site-packages/airflow/example_dags/example_local_kubernetes_executor.py
[2023-01-26T17:17:27.878+0000] {logging_mixin.py:137} INFO - [2023-01-26T17:17:27.878+0000] {dag.py:2690} INFO - Sync 1 DAGs
[2023-01-26T17:17:27.912+0000] {logging_mixin.py:137} INFO - [2023-01-26T17:17:27.912+0000] {dag.py:3441} INFO - Setting next_dagrun for example_local_kubernetes_executor to None, run_after=None
[2023-01-26T17:17:27.953+0000] {processor.py:175} INFO - Processing /home/airflow/.local/lib/python3.7/site-packages/airflow/example_dags/example_local_kubernetes_executor.py took 0.132 seconds
[2023-01-26T17:17:58.729+0000] {processor.py:153} INFO - Started process (PID=347) to work on /home/airflow/.local/lib/python3.7/site-packages/airflow/example_dags/example_local_kubernetes_executor.py
[2023-01-26T17:17:58.730+0000] {processor.py:743} INFO - Processing file /home/airflow/.local/lib/python3.7/site-packages/airflow/example_dags/example_local_kubernetes_executor.py for tasks to queue
[2023-01-26T17:17:58.731+0000] {logging_mixin.py:137} INFO - [2023-01-26T17:17:58.731+0000] {dagbag.py:538} INFO - Filling up the DagBag from /home/airflow/.local/lib/python3.7/site-packages/airflow/example_dags/example_local_kubernetes_executor.py
[2023-01-26T17:17:58.762+0000] {processor.py:753} INFO - DAG(s) dict_keys(['example_local_kubernetes_executor']) retrieved from /home/airflow/.local/lib/python3.7/site-packages/airflow/example_dags/example_local_kubernetes_executor.py
[2023-01-26T17:17:58.798+0000] {logging_mixin.py:137} INFO - [2023-01-26T17:17:58.797+0000] {dag.py:2690} INFO - Sync 1 DAGs
[2023-01-26T17:17:58.833+0000] {logging_mixin.py:137} INFO - [2023-01-26T17:17:58.833+0000] {dag.py:3441} INFO - Setting next_dagrun for example_local_kubernetes_executor to None, run_after=None
[2023-01-26T17:17:58.862+0000] {processor.py:175} INFO - Processing /home/airflow/.local/lib/python3.7/site-packages/airflow/example_dags/example_local_kubernetes_executor.py took 0.137 seconds
[2023-01-26T17:18:29.264+0000] {processor.py:153} INFO - Started process (PID=425) to work on /home/airflow/.local/lib/python3.7/site-packages/airflow/example_dags/example_local_kubernetes_executor.py
[2023-01-26T17:18:29.264+0000] {processor.py:743} INFO - Processing file /home/airflow/.local/lib/python3.7/site-packages/airflow/example_dags/example_local_kubernetes_executor.py for tasks to queue
[2023-01-26T17:18:29.265+0000] {logging_mixin.py:137} INFO - [2023-01-26T17:18:29.265+0000] {dagbag.py:538} INFO - Filling up the DagBag from /home/airflow/.local/lib/python3.7/site-packages/airflow/example_dags/example_local_kubernetes_executor.py
[2023-01-26T17:18:29.287+0000] {processor.py:753} INFO - DAG(s) dict_keys(['example_local_kubernetes_executor']) retrieved from /home/airflow/.local/lib/python3.7/site-packages/airflow/example_dags/example_local_kubernetes_executor.py
[2023-01-26T17:18:29.313+0000] {logging_mixin.py:137} INFO - [2023-01-26T17:18:29.313+0000] {dag.py:2690} INFO - Sync 1 DAGs
[2023-01-26T17:18:29.335+0000] {logging_mixin.py:137} INFO - [2023-01-26T17:18:29.335+0000] {dag.py:3441} INFO - Setting next_dagrun for example_local_kubernetes_executor to None, run_after=None
[2023-01-26T17:18:29.359+0000] {processor.py:175} INFO - Processing /home/airflow/.local/lib/python3.7/site-packages/airflow/example_dags/example_local_kubernetes_executor.py took 0.099 seconds
[2023-01-26T17:19:00.312+0000] {processor.py:153} INFO - Started process (PID=490) to work on /home/airflow/.local/lib/python3.7/site-packages/airflow/example_dags/example_local_kubernetes_executor.py
[2023-01-26T17:19:00.313+0000] {processor.py:743} INFO - Processing file /home/airflow/.local/lib/python3.7/site-packages/airflow/example_dags/example_local_kubernetes_executor.py for tasks to queue
[2023-01-26T17:19:00.314+0000] {logging_mixin.py:137} INFO - [2023-01-26T17:19:00.313+0000] {dagbag.py:538} INFO - Filling up the DagBag from /home/airflow/.local/lib/python3.7/site-packages/airflow/example_dags/example_local_kubernetes_executor.py
[2023-01-26T17:19:00.341+0000] {processor.py:753} INFO - DAG(s) dict_keys(['example_local_kubernetes_executor']) retrieved from /home/airflow/.local/lib/python3.7/site-packages/airflow/example_dags/example_local_kubernetes_executor.py
[2023-01-26T17:19:00.372+0000] {logging_mixin.py:137} INFO - [2023-01-26T17:19:00.372+0000] {dag.py:2690} INFO - Sync 1 DAGs
[2023-01-26T17:19:00.405+0000] {logging_mixin.py:137} INFO - [2023-01-26T17:19:00.405+0000] {dag.py:3441} INFO - Setting next_dagrun for example_local_kubernetes_executor to None, run_after=None
[2023-01-26T17:19:00.436+0000] {processor.py:175} INFO - Processing /home/airflow/.local/lib/python3.7/site-packages/airflow/example_dags/example_local_kubernetes_executor.py took 0.129 seconds
[2023-01-26T17:19:30.624+0000] {processor.py:153} INFO - Started process (PID=568) to work on /home/airflow/.local/lib/python3.7/site-packages/airflow/example_dags/example_local_kubernetes_executor.py
[2023-01-26T17:19:30.625+0000] {processor.py:743} INFO - Processing file /home/airflow/.local/lib/python3.7/site-packages/airflow/example_dags/example_local_kubernetes_executor.py for tasks to queue
[2023-01-26T17:19:30.625+0000] {logging_mixin.py:137} INFO - [2023-01-26T17:19:30.625+0000] {dagbag.py:538} INFO - Filling up the DagBag from /home/airflow/.local/lib/python3.7/site-packages/airflow/example_dags/example_local_kubernetes_executor.py
[2023-01-26T17:19:30.647+0000] {processor.py:753} INFO - DAG(s) dict_keys(['example_local_kubernetes_executor']) retrieved from /home/airflow/.local/lib/python3.7/site-packages/airflow/example_dags/example_local_kubernetes_executor.py
[2023-01-26T17:19:30.673+0000] {logging_mixin.py:137} INFO - [2023-01-26T17:19:30.673+0000] {dag.py:2690} INFO - Sync 1 DAGs
[2023-01-26T17:19:30.707+0000] {logging_mixin.py:137} INFO - [2023-01-26T17:19:30.707+0000] {dag.py:3441} INFO - Setting next_dagrun for example_local_kubernetes_executor to None, run_after=None
[2023-01-26T17:19:30.735+0000] {processor.py:175} INFO - Processing /home/airflow/.local/lib/python3.7/site-packages/airflow/example_dags/example_local_kubernetes_executor.py took 0.115 seconds
[2023-01-26T17:20:00.763+0000] {processor.py:153} INFO - Started process (PID=633) to work on /home/airflow/.local/lib/python3.7/site-packages/airflow/example_dags/example_local_kubernetes_executor.py
[2023-01-26T17:20:00.764+0000] {processor.py:743} INFO - Processing file /home/airflow/.local/lib/python3.7/site-packages/airflow/example_dags/example_local_kubernetes_executor.py for tasks to queue
[2023-01-26T17:20:00.765+0000] {logging_mixin.py:137} INFO - [2023-01-26T17:20:00.765+0000] {dagbag.py:538} INFO - Filling up the DagBag from /home/airflow/.local/lib/python3.7/site-packages/airflow/example_dags/example_local_kubernetes_executor.py
[2023-01-26T17:20:00.789+0000] {processor.py:753} INFO - DAG(s) dict_keys(['example_local_kubernetes_executor']) retrieved from /home/airflow/.local/lib/python3.7/site-packages/airflow/example_dags/example_local_kubernetes_executor.py
[2023-01-26T17:20:00.822+0000] {logging_mixin.py:137} INFO - [2023-01-26T17:20:00.822+0000] {dag.py:2690} INFO - Sync 1 DAGs
[2023-01-26T17:20:00.857+0000] {logging_mixin.py:137} INFO - [2023-01-26T17:20:00.857+0000] {dag.py:3441} INFO - Setting next_dagrun for example_local_kubernetes_executor to None, run_after=None
[2023-01-26T17:20:00.888+0000] {processor.py:175} INFO - Processing /home/airflow/.local/lib/python3.7/site-packages/airflow/example_dags/example_local_kubernetes_executor.py took 0.129 seconds
[2023-01-26T17:20:31.088+0000] {processor.py:153} INFO - Started process (PID=709) to work on /home/airflow/.local/lib/python3.7/site-packages/airflow/example_dags/example_local_kubernetes_executor.py
[2023-01-26T17:20:31.090+0000] {processor.py:743} INFO - Processing file /home/airflow/.local/lib/python3.7/site-packages/airflow/example_dags/example_local_kubernetes_executor.py for tasks to queue
[2023-01-26T17:20:31.090+0000] {logging_mixin.py:137} INFO - [2023-01-26T17:20:31.090+0000] {dagbag.py:538} INFO - Filling up the DagBag from /home/airflow/.local/lib/python3.7/site-packages/airflow/example_dags/example_local_kubernetes_executor.py
[2023-01-26T17:20:31.115+0000] {processor.py:753} INFO - DAG(s) dict_keys(['example_local_kubernetes_executor']) retrieved from /home/airflow/.local/lib/python3.7/site-packages/airflow/example_dags/example_local_kubernetes_executor.py
[2023-01-26T17:20:31.143+0000] {logging_mixin.py:137} INFO - [2023-01-26T17:20:31.142+0000] {dag.py:2690} INFO - Sync 1 DAGs
[2023-01-26T17:20:31.165+0000] {logging_mixin.py:137} INFO - [2023-01-26T17:20:31.165+0000] {dag.py:3441} INFO - Setting next_dagrun for example_local_kubernetes_executor to None, run_after=None
[2023-01-26T17:20:31.188+0000] {processor.py:175} INFO - Processing /home/airflow/.local/lib/python3.7/site-packages/airflow/example_dags/example_local_kubernetes_executor.py took 0.104 seconds
[2023-01-26T17:21:01.767+0000] {processor.py:153} INFO - Started process (PID=774) to work on /home/airflow/.local/lib/python3.7/site-packages/airflow/example_dags/example_local_kubernetes_executor.py
[2023-01-26T17:21:01.768+0000] {processor.py:743} INFO - Processing file /home/airflow/.local/lib/python3.7/site-packages/airflow/example_dags/example_local_kubernetes_executor.py for tasks to queue
[2023-01-26T17:21:01.768+0000] {logging_mixin.py:137} INFO - [2023-01-26T17:21:01.768+0000] {dagbag.py:538} INFO - Filling up the DagBag from /home/airflow/.local/lib/python3.7/site-packages/airflow/example_dags/example_local_kubernetes_executor.py
[2023-01-26T17:21:01.790+0000] {processor.py:753} INFO - DAG(s) dict_keys(['example_local_kubernetes_executor']) retrieved from /home/airflow/.local/lib/python3.7/site-packages/airflow/example_dags/example_local_kubernetes_executor.py
[2023-01-26T17:21:01.822+0000] {logging_mixin.py:137} INFO - [2023-01-26T17:21:01.821+0000] {dag.py:2690} INFO - Sync 1 DAGs
[2023-01-26T17:21:01.854+0000] {logging_mixin.py:137} INFO - [2023-01-26T17:21:01.854+0000] {dag.py:3441} INFO - Setting next_dagrun for example_local_kubernetes_executor to None, run_after=None
[2023-01-26T17:21:01.884+0000] {processor.py:175} INFO - Processing /home/airflow/.local/lib/python3.7/site-packages/airflow/example_dags/example_local_kubernetes_executor.py took 0.120 seconds
[2023-01-26T17:21:32.501+0000] {processor.py:153} INFO - Started process (PID=851) to work on /home/airflow/.local/lib/python3.7/site-packages/airflow/example_dags/example_local_kubernetes_executor.py
[2023-01-26T17:21:32.502+0000] {processor.py:743} INFO - Processing file /home/airflow/.local/lib/python3.7/site-packages/airflow/example_dags/example_local_kubernetes_executor.py for tasks to queue
[2023-01-26T17:21:32.503+0000] {logging_mixin.py:137} INFO - [2023-01-26T17:21:32.503+0000] {dagbag.py:538} INFO - Filling up the DagBag from /home/airflow/.local/lib/python3.7/site-packages/airflow/example_dags/example_local_kubernetes_executor.py
[2023-01-26T17:21:32.529+0000] {processor.py:753} INFO - DAG(s) dict_keys(['example_local_kubernetes_executor']) retrieved from /home/airflow/.local/lib/python3.7/site-packages/airflow/example_dags/example_local_kubernetes_executor.py
[2023-01-26T17:21:32.558+0000] {logging_mixin.py:137} INFO - [2023-01-26T17:21:32.558+0000] {dag.py:2690} INFO - Sync 1 DAGs
[2023-01-26T17:21:32.584+0000] {logging_mixin.py:137} INFO - [2023-01-26T17:21:32.584+0000] {dag.py:3441} INFO - Setting next_dagrun for example_local_kubernetes_executor to None, run_after=None
[2023-01-26T17:21:32.607+0000] {processor.py:175} INFO - Processing /home/airflow/.local/lib/python3.7/site-packages/airflow/example_dags/example_local_kubernetes_executor.py took 0.110 seconds
[2023-01-26T17:22:03.384+0000] {processor.py:153} INFO - Started process (PID=916) to work on /home/airflow/.local/lib/python3.7/site-packages/airflow/example_dags/example_local_kubernetes_executor.py
[2023-01-26T17:22:03.385+0000] {processor.py:743} INFO - Processing file /home/airflow/.local/lib/python3.7/site-packages/airflow/example_dags/example_local_kubernetes_executor.py for tasks to queue
[2023-01-26T17:22:03.385+0000] {logging_mixin.py:137} INFO - [2023-01-26T17:22:03.385+0000] {dagbag.py:538} INFO - Filling up the DagBag from /home/airflow/.local/lib/python3.7/site-packages/airflow/example_dags/example_local_kubernetes_executor.py
[2023-01-26T17:22:03.408+0000] {processor.py:753} INFO - DAG(s) dict_keys(['example_local_kubernetes_executor']) retrieved from /home/airflow/.local/lib/python3.7/site-packages/airflow/example_dags/example_local_kubernetes_executor.py
[2023-01-26T17:22:03.448+0000] {logging_mixin.py:137} INFO - [2023-01-26T17:22:03.447+0000] {dag.py:2690} INFO - Sync 1 DAGs
[2023-01-26T17:22:03.482+0000] {logging_mixin.py:137} INFO - [2023-01-26T17:22:03.482+0000] {dag.py:3441} INFO - Setting next_dagrun for example_local_kubernetes_executor to None, run_after=None
[2023-01-26T17:22:03.512+0000] {processor.py:175} INFO - Processing /home/airflow/.local/lib/python3.7/site-packages/airflow/example_dags/example_local_kubernetes_executor.py took 0.131 seconds
[2023-01-26T17:22:33.906+0000] {processor.py:153} INFO - Started process (PID=993) to work on /home/airflow/.local/lib/python3.7/site-packages/airflow/example_dags/example_local_kubernetes_executor.py
[2023-01-26T17:22:33.907+0000] {processor.py:743} INFO - Processing file /home/airflow/.local/lib/python3.7/site-packages/airflow/example_dags/example_local_kubernetes_executor.py for tasks to queue
[2023-01-26T17:22:33.908+0000] {logging_mixin.py:137} INFO - [2023-01-26T17:22:33.908+0000] {dagbag.py:538} INFO - Filling up the DagBag from /home/airflow/.local/lib/python3.7/site-packages/airflow/example_dags/example_local_kubernetes_executor.py
[2023-01-26T17:22:33.933+0000] {processor.py:753} INFO - DAG(s) dict_keys(['example_local_kubernetes_executor']) retrieved from /home/airflow/.local/lib/python3.7/site-packages/airflow/example_dags/example_local_kubernetes_executor.py
[2023-01-26T17:22:33.964+0000] {logging_mixin.py:137} INFO - [2023-01-26T17:22:33.964+0000] {dag.py:2690} INFO - Sync 1 DAGs
[2023-01-26T17:22:33.989+0000] {logging_mixin.py:137} INFO - [2023-01-26T17:22:33.989+0000] {dag.py:3441} INFO - Setting next_dagrun for example_local_kubernetes_executor to None, run_after=None
[2023-01-26T17:22:34.013+0000] {processor.py:175} INFO - Processing /home/airflow/.local/lib/python3.7/site-packages/airflow/example_dags/example_local_kubernetes_executor.py took 0.110 seconds
[2023-01-26T17:23:04.751+0000] {processor.py:153} INFO - Started process (PID=1058) to work on /home/airflow/.local/lib/python3.7/site-packages/airflow/example_dags/example_local_kubernetes_executor.py
[2023-01-26T17:23:04.751+0000] {processor.py:743} INFO - Processing file /home/airflow/.local/lib/python3.7/site-packages/airflow/example_dags/example_local_kubernetes_executor.py for tasks to queue
[2023-01-26T17:23:04.752+0000] {logging_mixin.py:137} INFO - [2023-01-26T17:23:04.752+0000] {dagbag.py:538} INFO - Filling up the DagBag from /home/airflow/.local/lib/python3.7/site-packages/airflow/example_dags/example_local_kubernetes_executor.py
[2023-01-26T17:23:04.776+0000] {processor.py:753} INFO - DAG(s) dict_keys(['example_local_kubernetes_executor']) retrieved from /home/airflow/.local/lib/python3.7/site-packages/airflow/example_dags/example_local_kubernetes_executor.py
[2023-01-26T17:23:04.809+0000] {logging_mixin.py:137} INFO - [2023-01-26T17:23:04.809+0000] {dag.py:2690} INFO - Sync 1 DAGs
[2023-01-26T17:23:04.841+0000] {logging_mixin.py:137} INFO - [2023-01-26T17:23:04.841+0000] {dag.py:3441} INFO - Setting next_dagrun for example_local_kubernetes_executor to None, run_after=None
[2023-01-26T17:23:04.870+0000] {processor.py:175} INFO - Processing /home/airflow/.local/lib/python3.7/site-packages/airflow/example_dags/example_local_kubernetes_executor.py took 0.123 seconds
[2023-01-26T17:23:34.989+0000] {processor.py:153} INFO - Started process (PID=1135) to work on /home/airflow/.local/lib/python3.7/site-packages/airflow/example_dags/example_local_kubernetes_executor.py
[2023-01-26T17:23:34.990+0000] {processor.py:743} INFO - Processing file /home/airflow/.local/lib/python3.7/site-packages/airflow/example_dags/example_local_kubernetes_executor.py for tasks to queue
[2023-01-26T17:23:34.991+0000] {logging_mixin.py:137} INFO - [2023-01-26T17:23:34.991+0000] {dagbag.py:538} INFO - Filling up the DagBag from /home/airflow/.local/lib/python3.7/site-packages/airflow/example_dags/example_local_kubernetes_executor.py
[2023-01-26T17:23:35.017+0000] {processor.py:753} INFO - DAG(s) dict_keys(['example_local_kubernetes_executor']) retrieved from /home/airflow/.local/lib/python3.7/site-packages/airflow/example_dags/example_local_kubernetes_executor.py
[2023-01-26T17:23:35.043+0000] {logging_mixin.py:137} INFO - [2023-01-26T17:23:35.043+0000] {dag.py:2690} INFO - Sync 1 DAGs
[2023-01-26T17:23:35.068+0000] {logging_mixin.py:137} INFO - [2023-01-26T17:23:35.068+0000] {dag.py:3441} INFO - Setting next_dagrun for example_local_kubernetes_executor to None, run_after=None
[2023-01-26T17:23:35.093+0000] {processor.py:175} INFO - Processing /home/airflow/.local/lib/python3.7/site-packages/airflow/example_dags/example_local_kubernetes_executor.py took 0.108 seconds
[2023-01-26T17:24:05.886+0000] {processor.py:153} INFO - Started process (PID=1200) to work on /home/airflow/.local/lib/python3.7/site-packages/airflow/example_dags/example_local_kubernetes_executor.py
[2023-01-26T17:24:05.892+0000] {processor.py:743} INFO - Processing file /home/airflow/.local/lib/python3.7/site-packages/airflow/example_dags/example_local_kubernetes_executor.py for tasks to queue
[2023-01-26T17:24:05.893+0000] {logging_mixin.py:137} INFO - [2023-01-26T17:24:05.892+0000] {dagbag.py:538} INFO - Filling up the DagBag from /home/airflow/.local/lib/python3.7/site-packages/airflow/example_dags/example_local_kubernetes_executor.py
[2023-01-26T17:24:05.923+0000] {processor.py:753} INFO - DAG(s) dict_keys(['example_local_kubernetes_executor']) retrieved from /home/airflow/.local/lib/python3.7/site-packages/airflow/example_dags/example_local_kubernetes_executor.py
[2023-01-26T17:24:05.957+0000] {logging_mixin.py:137} INFO - [2023-01-26T17:24:05.957+0000] {dag.py:2690} INFO - Sync 1 DAGs
[2023-01-26T17:24:05.988+0000] {logging_mixin.py:137} INFO - [2023-01-26T17:24:05.988+0000] {dag.py:3441} INFO - Setting next_dagrun for example_local_kubernetes_executor to None, run_after=None
[2023-01-26T17:24:06.017+0000] {processor.py:175} INFO - Processing /home/airflow/.local/lib/python3.7/site-packages/airflow/example_dags/example_local_kubernetes_executor.py took 0.136 seconds
[2023-01-26T17:24:36.910+0000] {processor.py:153} INFO - Started process (PID=1277) to work on /home/airflow/.local/lib/python3.7/site-packages/airflow/example_dags/example_local_kubernetes_executor.py
[2023-01-26T17:24:36.911+0000] {processor.py:743} INFO - Processing file /home/airflow/.local/lib/python3.7/site-packages/airflow/example_dags/example_local_kubernetes_executor.py for tasks to queue
[2023-01-26T17:24:36.911+0000] {logging_mixin.py:137} INFO - [2023-01-26T17:24:36.911+0000] {dagbag.py:538} INFO - Filling up the DagBag from /home/airflow/.local/lib/python3.7/site-packages/airflow/example_dags/example_local_kubernetes_executor.py
[2023-01-26T17:24:36.936+0000] {processor.py:753} INFO - DAG(s) dict_keys(['example_local_kubernetes_executor']) retrieved from /home/airflow/.local/lib/python3.7/site-packages/airflow/example_dags/example_local_kubernetes_executor.py
[2023-01-26T17:24:36.969+0000] {logging_mixin.py:137} INFO - [2023-01-26T17:24:36.969+0000] {dag.py:2690} INFO - Sync 1 DAGs
[2023-01-26T17:24:36.999+0000] {logging_mixin.py:137} INFO - [2023-01-26T17:24:36.999+0000] {dag.py:3441} INFO - Setting next_dagrun for example_local_kubernetes_executor to None, run_after=None
[2023-01-26T17:24:37.023+0000] {processor.py:175} INFO - Processing /home/airflow/.local/lib/python3.7/site-packages/airflow/example_dags/example_local_kubernetes_executor.py took 0.117 seconds
[2023-01-26T17:25:07.239+0000] {processor.py:153} INFO - Started process (PID=1342) to work on /home/airflow/.local/lib/python3.7/site-packages/airflow/example_dags/example_local_kubernetes_executor.py
[2023-01-26T17:25:07.240+0000] {processor.py:743} INFO - Processing file /home/airflow/.local/lib/python3.7/site-packages/airflow/example_dags/example_local_kubernetes_executor.py for tasks to queue
[2023-01-26T17:25:07.241+0000] {logging_mixin.py:137} INFO - [2023-01-26T17:25:07.241+0000] {dagbag.py:538} INFO - Filling up the DagBag from /home/airflow/.local/lib/python3.7/site-packages/airflow/example_dags/example_local_kubernetes_executor.py
[2023-01-26T17:25:07.264+0000] {processor.py:753} INFO - DAG(s) dict_keys(['example_local_kubernetes_executor']) retrieved from /home/airflow/.local/lib/python3.7/site-packages/airflow/example_dags/example_local_kubernetes_executor.py
[2023-01-26T17:25:07.299+0000] {logging_mixin.py:137} INFO - [2023-01-26T17:25:07.299+0000] {dag.py:2690} INFO - Sync 1 DAGs
[2023-01-26T17:25:07.323+0000] {logging_mixin.py:137} INFO - [2023-01-26T17:25:07.323+0000] {dag.py:3441} INFO - Setting next_dagrun for example_local_kubernetes_executor to None, run_after=None
[2023-01-26T17:25:07.350+0000] {processor.py:175} INFO - Processing /home/airflow/.local/lib/python3.7/site-packages/airflow/example_dags/example_local_kubernetes_executor.py took 0.116 seconds
[2023-01-26T17:25:38.039+0000] {processor.py:153} INFO - Started process (PID=1419) to work on /home/airflow/.local/lib/python3.7/site-packages/airflow/example_dags/example_local_kubernetes_executor.py
[2023-01-26T17:25:38.039+0000] {processor.py:743} INFO - Processing file /home/airflow/.local/lib/python3.7/site-packages/airflow/example_dags/example_local_kubernetes_executor.py for tasks to queue
[2023-01-26T17:25:38.040+0000] {logging_mixin.py:137} INFO - [2023-01-26T17:25:38.040+0000] {dagbag.py:538} INFO - Filling up the DagBag from /home/airflow/.local/lib/python3.7/site-packages/airflow/example_dags/example_local_kubernetes_executor.py
[2023-01-26T17:25:38.062+0000] {processor.py:753} INFO - DAG(s) dict_keys(['example_local_kubernetes_executor']) retrieved from /home/airflow/.local/lib/python3.7/site-packages/airflow/example_dags/example_local_kubernetes_executor.py
[2023-01-26T17:25:38.087+0000] {logging_mixin.py:137} INFO - [2023-01-26T17:25:38.087+0000] {dag.py:2690} INFO - Sync 1 DAGs
[2023-01-26T17:25:38.112+0000] {logging_mixin.py:137} INFO - [2023-01-26T17:25:38.112+0000] {dag.py:3441} INFO - Setting next_dagrun for example_local_kubernetes_executor to None, run_after=None
[2023-01-26T17:25:38.136+0000] {processor.py:175} INFO - Processing /home/airflow/.local/lib/python3.7/site-packages/airflow/example_dags/example_local_kubernetes_executor.py took 0.102 seconds
[2023-01-26T17:26:08.700+0000] {processor.py:153} INFO - Started process (PID=1484) to work on /home/airflow/.local/lib/python3.7/site-packages/airflow/example_dags/example_local_kubernetes_executor.py
[2023-01-26T17:26:08.701+0000] {processor.py:743} INFO - Processing file /home/airflow/.local/lib/python3.7/site-packages/airflow/example_dags/example_local_kubernetes_executor.py for tasks to queue
[2023-01-26T17:26:08.701+0000] {logging_mixin.py:137} INFO - [2023-01-26T17:26:08.701+0000] {dagbag.py:538} INFO - Filling up the DagBag from /home/airflow/.local/lib/python3.7/site-packages/airflow/example_dags/example_local_kubernetes_executor.py
[2023-01-26T17:26:08.725+0000] {processor.py:753} INFO - DAG(s) dict_keys(['example_local_kubernetes_executor']) retrieved from /home/airflow/.local/lib/python3.7/site-packages/airflow/example_dags/example_local_kubernetes_executor.py
[2023-01-26T17:26:08.751+0000] {logging_mixin.py:137} INFO - [2023-01-26T17:26:08.751+0000] {dag.py:2690} INFO - Sync 1 DAGs
[2023-01-26T17:26:08.772+0000] {logging_mixin.py:137} INFO - [2023-01-26T17:26:08.772+0000] {dag.py:3441} INFO - Setting next_dagrun for example_local_kubernetes_executor to None, run_after=None
[2023-01-26T17:26:08.794+0000] {processor.py:175} INFO - Processing /home/airflow/.local/lib/python3.7/site-packages/airflow/example_dags/example_local_kubernetes_executor.py took 0.098 seconds
[2023-01-26T17:26:39.484+0000] {processor.py:153} INFO - Started process (PID=1561) to work on /home/airflow/.local/lib/python3.7/site-packages/airflow/example_dags/example_local_kubernetes_executor.py
[2023-01-26T17:26:39.485+0000] {processor.py:743} INFO - Processing file /home/airflow/.local/lib/python3.7/site-packages/airflow/example_dags/example_local_kubernetes_executor.py for tasks to queue
[2023-01-26T17:26:39.485+0000] {logging_mixin.py:137} INFO - [2023-01-26T17:26:39.485+0000] {dagbag.py:538} INFO - Filling up the DagBag from /home/airflow/.local/lib/python3.7/site-packages/airflow/example_dags/example_local_kubernetes_executor.py
[2023-01-26T17:26:39.507+0000] {processor.py:753} INFO - DAG(s) dict_keys(['example_local_kubernetes_executor']) retrieved from /home/airflow/.local/lib/python3.7/site-packages/airflow/example_dags/example_local_kubernetes_executor.py
[2023-01-26T17:26:39.532+0000] {logging_mixin.py:137} INFO - [2023-01-26T17:26:39.532+0000] {dag.py:2690} INFO - Sync 1 DAGs
[2023-01-26T17:26:39.556+0000] {logging_mixin.py:137} INFO - [2023-01-26T17:26:39.555+0000] {dag.py:3441} INFO - Setting next_dagrun for example_local_kubernetes_executor to None, run_after=None
[2023-01-26T17:26:39.581+0000] {processor.py:175} INFO - Processing /home/airflow/.local/lib/python3.7/site-packages/airflow/example_dags/example_local_kubernetes_executor.py took 0.101 seconds
[2023-01-26T17:27:10.069+0000] {processor.py:153} INFO - Started process (PID=1627) to work on /home/airflow/.local/lib/python3.7/site-packages/airflow/example_dags/example_local_kubernetes_executor.py
[2023-01-26T17:27:10.070+0000] {processor.py:743} INFO - Processing file /home/airflow/.local/lib/python3.7/site-packages/airflow/example_dags/example_local_kubernetes_executor.py for tasks to queue
[2023-01-26T17:27:10.070+0000] {logging_mixin.py:137} INFO - [2023-01-26T17:27:10.070+0000] {dagbag.py:538} INFO - Filling up the DagBag from /home/airflow/.local/lib/python3.7/site-packages/airflow/example_dags/example_local_kubernetes_executor.py
[2023-01-26T17:27:10.094+0000] {processor.py:753} INFO - DAG(s) dict_keys(['example_local_kubernetes_executor']) retrieved from /home/airflow/.local/lib/python3.7/site-packages/airflow/example_dags/example_local_kubernetes_executor.py
[2023-01-26T17:27:10.123+0000] {logging_mixin.py:137} INFO - [2023-01-26T17:27:10.122+0000] {dag.py:2690} INFO - Sync 1 DAGs
[2023-01-26T17:27:10.157+0000] {logging_mixin.py:137} INFO - [2023-01-26T17:27:10.157+0000] {dag.py:3441} INFO - Setting next_dagrun for example_local_kubernetes_executor to None, run_after=None
[2023-01-26T17:27:10.185+0000] {processor.py:175} INFO - Processing /home/airflow/.local/lib/python3.7/site-packages/airflow/example_dags/example_local_kubernetes_executor.py took 0.121 seconds
[2023-01-26T17:27:41.102+0000] {processor.py:153} INFO - Started process (PID=1704) to work on /home/airflow/.local/lib/python3.7/site-packages/airflow/example_dags/example_local_kubernetes_executor.py
[2023-01-26T17:27:41.103+0000] {processor.py:743} INFO - Processing file /home/airflow/.local/lib/python3.7/site-packages/airflow/example_dags/example_local_kubernetes_executor.py for tasks to queue
[2023-01-26T17:27:41.103+0000] {logging_mixin.py:137} INFO - [2023-01-26T17:27:41.103+0000] {dagbag.py:538} INFO - Filling up the DagBag from /home/airflow/.local/lib/python3.7/site-packages/airflow/example_dags/example_local_kubernetes_executor.py
[2023-01-26T17:27:41.127+0000] {processor.py:753} INFO - DAG(s) dict_keys(['example_local_kubernetes_executor']) retrieved from /home/airflow/.local/lib/python3.7/site-packages/airflow/example_dags/example_local_kubernetes_executor.py
[2023-01-26T17:27:41.153+0000] {logging_mixin.py:137} INFO - [2023-01-26T17:27:41.153+0000] {dag.py:2690} INFO - Sync 1 DAGs
[2023-01-26T17:27:41.176+0000] {logging_mixin.py:137} INFO - [2023-01-26T17:27:41.176+0000] {dag.py:3441} INFO - Setting next_dagrun for example_local_kubernetes_executor to None, run_after=None
[2023-01-26T17:27:41.206+0000] {processor.py:175} INFO - Processing /home/airflow/.local/lib/python3.7/site-packages/airflow/example_dags/example_local_kubernetes_executor.py took 0.107 seconds
[2023-01-26T17:28:11.280+0000] {processor.py:153} INFO - Started process (PID=1769) to work on /home/airflow/.local/lib/python3.7/site-packages/airflow/example_dags/example_local_kubernetes_executor.py
[2023-01-26T17:28:11.281+0000] {processor.py:743} INFO - Processing file /home/airflow/.local/lib/python3.7/site-packages/airflow/example_dags/example_local_kubernetes_executor.py for tasks to queue
[2023-01-26T17:28:11.282+0000] {logging_mixin.py:137} INFO - [2023-01-26T17:28:11.281+0000] {dagbag.py:538} INFO - Filling up the DagBag from /home/airflow/.local/lib/python3.7/site-packages/airflow/example_dags/example_local_kubernetes_executor.py
[2023-01-26T17:28:11.303+0000] {processor.py:753} INFO - DAG(s) dict_keys(['example_local_kubernetes_executor']) retrieved from /home/airflow/.local/lib/python3.7/site-packages/airflow/example_dags/example_local_kubernetes_executor.py
[2023-01-26T17:28:11.328+0000] {logging_mixin.py:137} INFO - [2023-01-26T17:28:11.328+0000] {dag.py:2690} INFO - Sync 1 DAGs
[2023-01-26T17:28:11.350+0000] {logging_mixin.py:137} INFO - [2023-01-26T17:28:11.350+0000] {dag.py:3441} INFO - Setting next_dagrun for example_local_kubernetes_executor to None, run_after=None
[2023-01-26T17:28:11.377+0000] {processor.py:175} INFO - Processing /home/airflow/.local/lib/python3.7/site-packages/airflow/example_dags/example_local_kubernetes_executor.py took 0.100 seconds
[2023-01-26T17:28:41.469+0000] {processor.py:153} INFO - Started process (PID=1847) to work on /home/airflow/.local/lib/python3.7/site-packages/airflow/example_dags/example_local_kubernetes_executor.py
[2023-01-26T17:28:41.469+0000] {processor.py:743} INFO - Processing file /home/airflow/.local/lib/python3.7/site-packages/airflow/example_dags/example_local_kubernetes_executor.py for tasks to queue
[2023-01-26T17:28:41.470+0000] {logging_mixin.py:137} INFO - [2023-01-26T17:28:41.470+0000] {dagbag.py:538} INFO - Filling up the DagBag from /home/airflow/.local/lib/python3.7/site-packages/airflow/example_dags/example_local_kubernetes_executor.py
[2023-01-26T17:28:41.493+0000] {processor.py:753} INFO - DAG(s) dict_keys(['example_local_kubernetes_executor']) retrieved from /home/airflow/.local/lib/python3.7/site-packages/airflow/example_dags/example_local_kubernetes_executor.py
[2023-01-26T17:28:41.519+0000] {logging_mixin.py:137} INFO - [2023-01-26T17:28:41.519+0000] {dag.py:2690} INFO - Sync 1 DAGs
[2023-01-26T17:28:41.541+0000] {logging_mixin.py:137} INFO - [2023-01-26T17:28:41.541+0000] {dag.py:3441} INFO - Setting next_dagrun for example_local_kubernetes_executor to None, run_after=None
[2023-01-26T17:28:41.567+0000] {processor.py:175} INFO - Processing /home/airflow/.local/lib/python3.7/site-packages/airflow/example_dags/example_local_kubernetes_executor.py took 0.102 seconds
[2023-01-26T17:29:11.640+0000] {processor.py:153} INFO - Started process (PID=1912) to work on /home/airflow/.local/lib/python3.7/site-packages/airflow/example_dags/example_local_kubernetes_executor.py
[2023-01-26T17:29:11.641+0000] {processor.py:743} INFO - Processing file /home/airflow/.local/lib/python3.7/site-packages/airflow/example_dags/example_local_kubernetes_executor.py for tasks to queue
[2023-01-26T17:29:11.642+0000] {logging_mixin.py:137} INFO - [2023-01-26T17:29:11.642+0000] {dagbag.py:538} INFO - Filling up the DagBag from /home/airflow/.local/lib/python3.7/site-packages/airflow/example_dags/example_local_kubernetes_executor.py
[2023-01-26T17:29:11.663+0000] {processor.py:753} INFO - DAG(s) dict_keys(['example_local_kubernetes_executor']) retrieved from /home/airflow/.local/lib/python3.7/site-packages/airflow/example_dags/example_local_kubernetes_executor.py
[2023-01-26T17:29:11.697+0000] {logging_mixin.py:137} INFO - [2023-01-26T17:29:11.697+0000] {dag.py:2690} INFO - Sync 1 DAGs
[2023-01-26T17:29:11.732+0000] {logging_mixin.py:137} INFO - [2023-01-26T17:29:11.732+0000] {dag.py:3441} INFO - Setting next_dagrun for example_local_kubernetes_executor to None, run_after=None
[2023-01-26T17:29:11.768+0000] {processor.py:175} INFO - Processing /home/airflow/.local/lib/python3.7/site-packages/airflow/example_dags/example_local_kubernetes_executor.py took 0.131 seconds
[2023-01-26T17:29:42.518+0000] {processor.py:153} INFO - Started process (PID=1989) to work on /home/airflow/.local/lib/python3.7/site-packages/airflow/example_dags/example_local_kubernetes_executor.py
[2023-01-26T17:29:42.519+0000] {processor.py:743} INFO - Processing file /home/airflow/.local/lib/python3.7/site-packages/airflow/example_dags/example_local_kubernetes_executor.py for tasks to queue
[2023-01-26T17:29:42.519+0000] {logging_mixin.py:137} INFO - [2023-01-26T17:29:42.519+0000] {dagbag.py:538} INFO - Filling up the DagBag from /home/airflow/.local/lib/python3.7/site-packages/airflow/example_dags/example_local_kubernetes_executor.py
[2023-01-26T17:29:42.541+0000] {processor.py:753} INFO - DAG(s) dict_keys(['example_local_kubernetes_executor']) retrieved from /home/airflow/.local/lib/python3.7/site-packages/airflow/example_dags/example_local_kubernetes_executor.py
[2023-01-26T17:29:42.567+0000] {logging_mixin.py:137} INFO - [2023-01-26T17:29:42.567+0000] {dag.py:2690} INFO - Sync 1 DAGs
[2023-01-26T17:29:42.594+0000] {logging_mixin.py:137} INFO - [2023-01-26T17:29:42.593+0000] {dag.py:3441} INFO - Setting next_dagrun for example_local_kubernetes_executor to None, run_after=None
[2023-01-26T17:29:42.624+0000] {processor.py:175} INFO - Processing /home/airflow/.local/lib/python3.7/site-packages/airflow/example_dags/example_local_kubernetes_executor.py took 0.110 seconds
[2023-01-26T17:30:13.336+0000] {processor.py:153} INFO - Started process (PID=2062) to work on /home/airflow/.local/lib/python3.7/site-packages/airflow/example_dags/example_local_kubernetes_executor.py
[2023-01-26T17:30:13.342+0000] {processor.py:743} INFO - Processing file /home/airflow/.local/lib/python3.7/site-packages/airflow/example_dags/example_local_kubernetes_executor.py for tasks to queue
[2023-01-26T17:30:13.343+0000] {logging_mixin.py:137} INFO - [2023-01-26T17:30:13.342+0000] {dagbag.py:538} INFO - Filling up the DagBag from /home/airflow/.local/lib/python3.7/site-packages/airflow/example_dags/example_local_kubernetes_executor.py
[2023-01-26T17:30:13.374+0000] {processor.py:753} INFO - DAG(s) dict_keys(['example_local_kubernetes_executor']) retrieved from /home/airflow/.local/lib/python3.7/site-packages/airflow/example_dags/example_local_kubernetes_executor.py
[2023-01-26T17:30:13.417+0000] {logging_mixin.py:137} INFO - [2023-01-26T17:30:13.417+0000] {dag.py:2690} INFO - Sync 1 DAGs
[2023-01-26T17:30:13.452+0000] {logging_mixin.py:137} INFO - [2023-01-26T17:30:13.452+0000] {dag.py:3441} INFO - Setting next_dagrun for example_local_kubernetes_executor to None, run_after=None
[2023-01-26T17:30:13.482+0000] {processor.py:175} INFO - Processing /home/airflow/.local/lib/python3.7/site-packages/airflow/example_dags/example_local_kubernetes_executor.py took 0.150 seconds
[2023-01-26T17:30:44.095+0000] {processor.py:153} INFO - Started process (PID=2132) to work on /home/airflow/.local/lib/python3.7/site-packages/airflow/example_dags/example_local_kubernetes_executor.py
[2023-01-26T17:30:44.096+0000] {processor.py:743} INFO - Processing file /home/airflow/.local/lib/python3.7/site-packages/airflow/example_dags/example_local_kubernetes_executor.py for tasks to queue
[2023-01-26T17:30:44.097+0000] {logging_mixin.py:137} INFO - [2023-01-26T17:30:44.097+0000] {dagbag.py:538} INFO - Filling up the DagBag from /home/airflow/.local/lib/python3.7/site-packages/airflow/example_dags/example_local_kubernetes_executor.py
[2023-01-26T17:30:44.124+0000] {processor.py:753} INFO - DAG(s) dict_keys(['example_local_kubernetes_executor']) retrieved from /home/airflow/.local/lib/python3.7/site-packages/airflow/example_dags/example_local_kubernetes_executor.py
[2023-01-26T17:30:44.157+0000] {logging_mixin.py:137} INFO - [2023-01-26T17:30:44.157+0000] {dag.py:2690} INFO - Sync 1 DAGs
[2023-01-26T17:30:44.184+0000] {logging_mixin.py:137} INFO - [2023-01-26T17:30:44.184+0000] {dag.py:3441} INFO - Setting next_dagrun for example_local_kubernetes_executor to None, run_after=None
[2023-01-26T17:30:44.211+0000] {processor.py:175} INFO - Processing /home/airflow/.local/lib/python3.7/site-packages/airflow/example_dags/example_local_kubernetes_executor.py took 0.120 seconds
[2023-01-26T17:31:15.026+0000] {processor.py:153} INFO - Started process (PID=2209) to work on /home/airflow/.local/lib/python3.7/site-packages/airflow/example_dags/example_local_kubernetes_executor.py
[2023-01-26T17:31:15.027+0000] {processor.py:743} INFO - Processing file /home/airflow/.local/lib/python3.7/site-packages/airflow/example_dags/example_local_kubernetes_executor.py for tasks to queue
[2023-01-26T17:31:15.027+0000] {logging_mixin.py:137} INFO - [2023-01-26T17:31:15.027+0000] {dagbag.py:538} INFO - Filling up the DagBag from /home/airflow/.local/lib/python3.7/site-packages/airflow/example_dags/example_local_kubernetes_executor.py
[2023-01-26T17:31:15.060+0000] {processor.py:753} INFO - DAG(s) dict_keys(['example_local_kubernetes_executor']) retrieved from /home/airflow/.local/lib/python3.7/site-packages/airflow/example_dags/example_local_kubernetes_executor.py
[2023-01-26T17:31:15.095+0000] {logging_mixin.py:137} INFO - [2023-01-26T17:31:15.095+0000] {dag.py:2690} INFO - Sync 1 DAGs
[2023-01-26T17:31:15.130+0000] {logging_mixin.py:137} INFO - [2023-01-26T17:31:15.130+0000] {dag.py:3441} INFO - Setting next_dagrun for example_local_kubernetes_executor to None, run_after=None
[2023-01-26T17:31:15.167+0000] {processor.py:175} INFO - Processing /home/airflow/.local/lib/python3.7/site-packages/airflow/example_dags/example_local_kubernetes_executor.py took 0.146 seconds
[2023-01-26T17:31:45.234+0000] {processor.py:153} INFO - Started process (PID=2277) to work on /home/airflow/.local/lib/python3.7/site-packages/airflow/example_dags/example_local_kubernetes_executor.py
[2023-01-26T17:31:45.235+0000] {processor.py:743} INFO - Processing file /home/airflow/.local/lib/python3.7/site-packages/airflow/example_dags/example_local_kubernetes_executor.py for tasks to queue
[2023-01-26T17:31:45.235+0000] {logging_mixin.py:137} INFO - [2023-01-26T17:31:45.235+0000] {dagbag.py:538} INFO - Filling up the DagBag from /home/airflow/.local/lib/python3.7/site-packages/airflow/example_dags/example_local_kubernetes_executor.py
[2023-01-26T17:31:45.262+0000] {processor.py:753} INFO - DAG(s) dict_keys(['example_local_kubernetes_executor']) retrieved from /home/airflow/.local/lib/python3.7/site-packages/airflow/example_dags/example_local_kubernetes_executor.py
[2023-01-26T17:31:45.289+0000] {logging_mixin.py:137} INFO - [2023-01-26T17:31:45.289+0000] {dag.py:2690} INFO - Sync 1 DAGs
[2023-01-26T17:31:45.311+0000] {logging_mixin.py:137} INFO - [2023-01-26T17:31:45.311+0000] {dag.py:3441} INFO - Setting next_dagrun for example_local_kubernetes_executor to None, run_after=None
[2023-01-26T17:31:45.338+0000] {processor.py:175} INFO - Processing /home/airflow/.local/lib/python3.7/site-packages/airflow/example_dags/example_local_kubernetes_executor.py took 0.107 seconds
[2023-01-26T17:32:15.474+0000] {processor.py:153} INFO - Started process (PID=2348) to work on /home/airflow/.local/lib/python3.7/site-packages/airflow/example_dags/example_local_kubernetes_executor.py
[2023-01-26T17:32:15.475+0000] {processor.py:743} INFO - Processing file /home/airflow/.local/lib/python3.7/site-packages/airflow/example_dags/example_local_kubernetes_executor.py for tasks to queue
[2023-01-26T17:32:15.476+0000] {logging_mixin.py:137} INFO - [2023-01-26T17:32:15.476+0000] {dagbag.py:538} INFO - Filling up the DagBag from /home/airflow/.local/lib/python3.7/site-packages/airflow/example_dags/example_local_kubernetes_executor.py
[2023-01-26T17:32:15.512+0000] {processor.py:753} INFO - DAG(s) dict_keys(['example_local_kubernetes_executor']) retrieved from /home/airflow/.local/lib/python3.7/site-packages/airflow/example_dags/example_local_kubernetes_executor.py
[2023-01-26T17:32:15.560+0000] {logging_mixin.py:137} INFO - [2023-01-26T17:32:15.560+0000] {dag.py:2690} INFO - Sync 1 DAGs
[2023-01-26T17:32:15.602+0000] {logging_mixin.py:137} INFO - [2023-01-26T17:32:15.602+0000] {dag.py:3441} INFO - Setting next_dagrun for example_local_kubernetes_executor to None, run_after=None
[2023-01-26T17:32:15.655+0000] {processor.py:175} INFO - Processing /home/airflow/.local/lib/python3.7/site-packages/airflow/example_dags/example_local_kubernetes_executor.py took 0.186 seconds
[2023-01-26T17:32:46.125+0000] {processor.py:153} INFO - Started process (PID=2420) to work on /home/airflow/.local/lib/python3.7/site-packages/airflow/example_dags/example_local_kubernetes_executor.py
[2023-01-26T17:32:46.126+0000] {processor.py:743} INFO - Processing file /home/airflow/.local/lib/python3.7/site-packages/airflow/example_dags/example_local_kubernetes_executor.py for tasks to queue
[2023-01-26T17:32:46.126+0000] {logging_mixin.py:137} INFO - [2023-01-26T17:32:46.126+0000] {dagbag.py:538} INFO - Filling up the DagBag from /home/airflow/.local/lib/python3.7/site-packages/airflow/example_dags/example_local_kubernetes_executor.py
[2023-01-26T17:32:46.151+0000] {processor.py:753} INFO - DAG(s) dict_keys(['example_local_kubernetes_executor']) retrieved from /home/airflow/.local/lib/python3.7/site-packages/airflow/example_dags/example_local_kubernetes_executor.py
[2023-01-26T17:32:46.182+0000] {logging_mixin.py:137} INFO - [2023-01-26T17:32:46.182+0000] {dag.py:2690} INFO - Sync 1 DAGs
[2023-01-26T17:32:46.207+0000] {logging_mixin.py:137} INFO - [2023-01-26T17:32:46.207+0000] {dag.py:3441} INFO - Setting next_dagrun for example_local_kubernetes_executor to None, run_after=None
[2023-01-26T17:32:46.231+0000] {processor.py:175} INFO - Processing /home/airflow/.local/lib/python3.7/site-packages/airflow/example_dags/example_local_kubernetes_executor.py took 0.109 seconds
[2023-01-26T17:33:17.168+0000] {processor.py:153} INFO - Started process (PID=2486) to work on /home/airflow/.local/lib/python3.7/site-packages/airflow/example_dags/example_local_kubernetes_executor.py
[2023-01-26T17:33:17.175+0000] {processor.py:743} INFO - Processing file /home/airflow/.local/lib/python3.7/site-packages/airflow/example_dags/example_local_kubernetes_executor.py for tasks to queue
[2023-01-26T17:33:17.176+0000] {logging_mixin.py:137} INFO - [2023-01-26T17:33:17.176+0000] {dagbag.py:538} INFO - Filling up the DagBag from /home/airflow/.local/lib/python3.7/site-packages/airflow/example_dags/example_local_kubernetes_executor.py
[2023-01-26T17:33:17.201+0000] {processor.py:753} INFO - DAG(s) dict_keys(['example_local_kubernetes_executor']) retrieved from /home/airflow/.local/lib/python3.7/site-packages/airflow/example_dags/example_local_kubernetes_executor.py
[2023-01-26T17:33:17.248+0000] {logging_mixin.py:137} INFO - [2023-01-26T17:33:17.248+0000] {dag.py:2690} INFO - Sync 1 DAGs
[2023-01-26T17:33:17.297+0000] {logging_mixin.py:137} INFO - [2023-01-26T17:33:17.297+0000] {dag.py:3441} INFO - Setting next_dagrun for example_local_kubernetes_executor to None, run_after=None
[2023-01-26T17:33:17.334+0000] {processor.py:175} INFO - Processing /home/airflow/.local/lib/python3.7/site-packages/airflow/example_dags/example_local_kubernetes_executor.py took 0.169 seconds
[2023-01-26T17:33:48.270+0000] {processor.py:153} INFO - Started process (PID=2562) to work on /home/airflow/.local/lib/python3.7/site-packages/airflow/example_dags/example_local_kubernetes_executor.py
[2023-01-26T17:33:48.271+0000] {processor.py:743} INFO - Processing file /home/airflow/.local/lib/python3.7/site-packages/airflow/example_dags/example_local_kubernetes_executor.py for tasks to queue
[2023-01-26T17:33:48.271+0000] {logging_mixin.py:137} INFO - [2023-01-26T17:33:48.271+0000] {dagbag.py:538} INFO - Filling up the DagBag from /home/airflow/.local/lib/python3.7/site-packages/airflow/example_dags/example_local_kubernetes_executor.py
[2023-01-26T17:33:48.294+0000] {processor.py:753} INFO - DAG(s) dict_keys(['example_local_kubernetes_executor']) retrieved from /home/airflow/.local/lib/python3.7/site-packages/airflow/example_dags/example_local_kubernetes_executor.py
[2023-01-26T17:33:48.334+0000] {logging_mixin.py:137} INFO - [2023-01-26T17:33:48.334+0000] {dag.py:2690} INFO - Sync 1 DAGs
[2023-01-26T17:33:48.361+0000] {logging_mixin.py:137} INFO - [2023-01-26T17:33:48.361+0000] {dag.py:3441} INFO - Setting next_dagrun for example_local_kubernetes_executor to None, run_after=None
[2023-01-26T17:33:48.385+0000] {processor.py:175} INFO - Processing /home/airflow/.local/lib/python3.7/site-packages/airflow/example_dags/example_local_kubernetes_executor.py took 0.118 seconds
[2023-01-26T17:34:18.975+0000] {processor.py:153} INFO - Started process (PID=2627) to work on /home/airflow/.local/lib/python3.7/site-packages/airflow/example_dags/example_local_kubernetes_executor.py
[2023-01-26T17:34:18.976+0000] {processor.py:743} INFO - Processing file /home/airflow/.local/lib/python3.7/site-packages/airflow/example_dags/example_local_kubernetes_executor.py for tasks to queue
[2023-01-26T17:34:18.977+0000] {logging_mixin.py:137} INFO - [2023-01-26T17:34:18.977+0000] {dagbag.py:538} INFO - Filling up the DagBag from /home/airflow/.local/lib/python3.7/site-packages/airflow/example_dags/example_local_kubernetes_executor.py
[2023-01-26T17:34:19.008+0000] {processor.py:753} INFO - DAG(s) dict_keys(['example_local_kubernetes_executor']) retrieved from /home/airflow/.local/lib/python3.7/site-packages/airflow/example_dags/example_local_kubernetes_executor.py
[2023-01-26T17:34:19.044+0000] {logging_mixin.py:137} INFO - [2023-01-26T17:34:19.043+0000] {dag.py:2690} INFO - Sync 1 DAGs
[2023-01-26T17:34:19.087+0000] {logging_mixin.py:137} INFO - [2023-01-26T17:34:19.087+0000] {dag.py:3441} INFO - Setting next_dagrun for example_local_kubernetes_executor to None, run_after=None
[2023-01-26T17:34:19.119+0000] {processor.py:175} INFO - Processing /home/airflow/.local/lib/python3.7/site-packages/airflow/example_dags/example_local_kubernetes_executor.py took 0.151 seconds
[2023-01-26T17:34:49.695+0000] {processor.py:153} INFO - Started process (PID=2704) to work on /home/airflow/.local/lib/python3.7/site-packages/airflow/example_dags/example_local_kubernetes_executor.py
[2023-01-26T17:34:49.699+0000] {processor.py:743} INFO - Processing file /home/airflow/.local/lib/python3.7/site-packages/airflow/example_dags/example_local_kubernetes_executor.py for tasks to queue
[2023-01-26T17:34:49.700+0000] {logging_mixin.py:137} INFO - [2023-01-26T17:34:49.700+0000] {dagbag.py:538} INFO - Filling up the DagBag from /home/airflow/.local/lib/python3.7/site-packages/airflow/example_dags/example_local_kubernetes_executor.py
[2023-01-26T17:34:49.723+0000] {processor.py:753} INFO - DAG(s) dict_keys(['example_local_kubernetes_executor']) retrieved from /home/airflow/.local/lib/python3.7/site-packages/airflow/example_dags/example_local_kubernetes_executor.py
[2023-01-26T17:34:49.749+0000] {logging_mixin.py:137} INFO - [2023-01-26T17:34:49.749+0000] {dag.py:2690} INFO - Sync 1 DAGs
[2023-01-26T17:34:49.774+0000] {logging_mixin.py:137} INFO - [2023-01-26T17:34:49.773+0000] {dag.py:3441} INFO - Setting next_dagrun for example_local_kubernetes_executor to None, run_after=None
[2023-01-26T17:34:49.797+0000] {processor.py:175} INFO - Processing /home/airflow/.local/lib/python3.7/site-packages/airflow/example_dags/example_local_kubernetes_executor.py took 0.106 seconds
[2023-01-26T17:35:20.457+0000] {processor.py:153} INFO - Started process (PID=2769) to work on /home/airflow/.local/lib/python3.7/site-packages/airflow/example_dags/example_local_kubernetes_executor.py
[2023-01-26T17:35:20.458+0000] {processor.py:743} INFO - Processing file /home/airflow/.local/lib/python3.7/site-packages/airflow/example_dags/example_local_kubernetes_executor.py for tasks to queue
[2023-01-26T17:35:20.459+0000] {logging_mixin.py:137} INFO - [2023-01-26T17:35:20.459+0000] {dagbag.py:538} INFO - Filling up the DagBag from /home/airflow/.local/lib/python3.7/site-packages/airflow/example_dags/example_local_kubernetes_executor.py
[2023-01-26T17:35:20.492+0000] {processor.py:753} INFO - DAG(s) dict_keys(['example_local_kubernetes_executor']) retrieved from /home/airflow/.local/lib/python3.7/site-packages/airflow/example_dags/example_local_kubernetes_executor.py
[2023-01-26T17:35:20.529+0000] {logging_mixin.py:137} INFO - [2023-01-26T17:35:20.529+0000] {dag.py:2690} INFO - Sync 1 DAGs
[2023-01-26T17:35:20.566+0000] {logging_mixin.py:137} INFO - [2023-01-26T17:35:20.566+0000] {dag.py:3441} INFO - Setting next_dagrun for example_local_kubernetes_executor to None, run_after=None
[2023-01-26T17:35:20.598+0000] {processor.py:175} INFO - Processing /home/airflow/.local/lib/python3.7/site-packages/airflow/example_dags/example_local_kubernetes_executor.py took 0.146 seconds
[2023-01-26T17:35:50.682+0000] {processor.py:153} INFO - Started process (PID=2847) to work on /home/airflow/.local/lib/python3.7/site-packages/airflow/example_dags/example_local_kubernetes_executor.py
[2023-01-26T17:35:50.682+0000] {processor.py:743} INFO - Processing file /home/airflow/.local/lib/python3.7/site-packages/airflow/example_dags/example_local_kubernetes_executor.py for tasks to queue
[2023-01-26T17:35:50.683+0000] {logging_mixin.py:137} INFO - [2023-01-26T17:35:50.683+0000] {dagbag.py:538} INFO - Filling up the DagBag from /home/airflow/.local/lib/python3.7/site-packages/airflow/example_dags/example_local_kubernetes_executor.py
[2023-01-26T17:35:50.711+0000] {processor.py:753} INFO - DAG(s) dict_keys(['example_local_kubernetes_executor']) retrieved from /home/airflow/.local/lib/python3.7/site-packages/airflow/example_dags/example_local_kubernetes_executor.py
[2023-01-26T17:35:50.736+0000] {logging_mixin.py:137} INFO - [2023-01-26T17:35:50.736+0000] {dag.py:2690} INFO - Sync 1 DAGs
[2023-01-26T17:35:50.769+0000] {logging_mixin.py:137} INFO - [2023-01-26T17:35:50.769+0000] {dag.py:3441} INFO - Setting next_dagrun for example_local_kubernetes_executor to None, run_after=None
[2023-01-26T17:35:50.796+0000] {processor.py:175} INFO - Processing /home/airflow/.local/lib/python3.7/site-packages/airflow/example_dags/example_local_kubernetes_executor.py took 0.118 seconds
[2023-01-26T17:36:21.419+0000] {processor.py:153} INFO - Started process (PID=2913) to work on /home/airflow/.local/lib/python3.7/site-packages/airflow/example_dags/example_local_kubernetes_executor.py
[2023-01-26T17:36:21.420+0000] {processor.py:743} INFO - Processing file /home/airflow/.local/lib/python3.7/site-packages/airflow/example_dags/example_local_kubernetes_executor.py for tasks to queue
[2023-01-26T17:36:21.421+0000] {logging_mixin.py:137} INFO - [2023-01-26T17:36:21.420+0000] {dagbag.py:538} INFO - Filling up the DagBag from /home/airflow/.local/lib/python3.7/site-packages/airflow/example_dags/example_local_kubernetes_executor.py
[2023-01-26T17:36:21.450+0000] {processor.py:753} INFO - DAG(s) dict_keys(['example_local_kubernetes_executor']) retrieved from /home/airflow/.local/lib/python3.7/site-packages/airflow/example_dags/example_local_kubernetes_executor.py
[2023-01-26T17:36:21.479+0000] {logging_mixin.py:137} INFO - [2023-01-26T17:36:21.479+0000] {dag.py:2690} INFO - Sync 1 DAGs
[2023-01-26T17:36:21.504+0000] {logging_mixin.py:137} INFO - [2023-01-26T17:36:21.504+0000] {dag.py:3441} INFO - Setting next_dagrun for example_local_kubernetes_executor to None, run_after=None
[2023-01-26T17:36:21.529+0000] {processor.py:175} INFO - Processing /home/airflow/.local/lib/python3.7/site-packages/airflow/example_dags/example_local_kubernetes_executor.py took 0.114 seconds
[2023-01-26T17:36:52.300+0000] {processor.py:153} INFO - Started process (PID=2989) to work on /home/airflow/.local/lib/python3.7/site-packages/airflow/example_dags/example_local_kubernetes_executor.py
[2023-01-26T17:36:52.301+0000] {processor.py:743} INFO - Processing file /home/airflow/.local/lib/python3.7/site-packages/airflow/example_dags/example_local_kubernetes_executor.py for tasks to queue
[2023-01-26T17:36:52.301+0000] {logging_mixin.py:137} INFO - [2023-01-26T17:36:52.301+0000] {dagbag.py:538} INFO - Filling up the DagBag from /home/airflow/.local/lib/python3.7/site-packages/airflow/example_dags/example_local_kubernetes_executor.py
[2023-01-26T17:36:52.324+0000] {processor.py:753} INFO - DAG(s) dict_keys(['example_local_kubernetes_executor']) retrieved from /home/airflow/.local/lib/python3.7/site-packages/airflow/example_dags/example_local_kubernetes_executor.py
[2023-01-26T17:36:52.349+0000] {logging_mixin.py:137} INFO - [2023-01-26T17:36:52.348+0000] {dag.py:2690} INFO - Sync 1 DAGs
[2023-01-26T17:36:52.372+0000] {logging_mixin.py:137} INFO - [2023-01-26T17:36:52.372+0000] {dag.py:3441} INFO - Setting next_dagrun for example_local_kubernetes_executor to None, run_after=None
[2023-01-26T17:36:52.395+0000] {processor.py:175} INFO - Processing /home/airflow/.local/lib/python3.7/site-packages/airflow/example_dags/example_local_kubernetes_executor.py took 0.099 seconds
[2023-01-26T17:37:23.189+0000] {processor.py:153} INFO - Started process (PID=3054) to work on /home/airflow/.local/lib/python3.7/site-packages/airflow/example_dags/example_local_kubernetes_executor.py
[2023-01-26T17:37:23.198+0000] {processor.py:743} INFO - Processing file /home/airflow/.local/lib/python3.7/site-packages/airflow/example_dags/example_local_kubernetes_executor.py for tasks to queue
[2023-01-26T17:37:23.199+0000] {logging_mixin.py:137} INFO - [2023-01-26T17:37:23.199+0000] {dagbag.py:538} INFO - Filling up the DagBag from /home/airflow/.local/lib/python3.7/site-packages/airflow/example_dags/example_local_kubernetes_executor.py
[2023-01-26T17:37:23.230+0000] {processor.py:753} INFO - DAG(s) dict_keys(['example_local_kubernetes_executor']) retrieved from /home/airflow/.local/lib/python3.7/site-packages/airflow/example_dags/example_local_kubernetes_executor.py
[2023-01-26T17:37:23.263+0000] {logging_mixin.py:137} INFO - [2023-01-26T17:37:23.263+0000] {dag.py:2690} INFO - Sync 1 DAGs
[2023-01-26T17:37:23.296+0000] {logging_mixin.py:137} INFO - [2023-01-26T17:37:23.296+0000] {dag.py:3441} INFO - Setting next_dagrun for example_local_kubernetes_executor to None, run_after=None
[2023-01-26T17:37:23.322+0000] {processor.py:175} INFO - Processing /home/airflow/.local/lib/python3.7/site-packages/airflow/example_dags/example_local_kubernetes_executor.py took 0.137 seconds
[2023-01-26T17:37:54.035+0000] {processor.py:153} INFO - Started process (PID=3131) to work on /home/airflow/.local/lib/python3.7/site-packages/airflow/example_dags/example_local_kubernetes_executor.py
[2023-01-26T17:37:54.035+0000] {processor.py:743} INFO - Processing file /home/airflow/.local/lib/python3.7/site-packages/airflow/example_dags/example_local_kubernetes_executor.py for tasks to queue
[2023-01-26T17:37:54.036+0000] {logging_mixin.py:137} INFO - [2023-01-26T17:37:54.036+0000] {dagbag.py:538} INFO - Filling up the DagBag from /home/airflow/.local/lib/python3.7/site-packages/airflow/example_dags/example_local_kubernetes_executor.py
[2023-01-26T17:37:54.059+0000] {processor.py:753} INFO - DAG(s) dict_keys(['example_local_kubernetes_executor']) retrieved from /home/airflow/.local/lib/python3.7/site-packages/airflow/example_dags/example_local_kubernetes_executor.py
[2023-01-26T17:37:54.088+0000] {logging_mixin.py:137} INFO - [2023-01-26T17:37:54.087+0000] {dag.py:2690} INFO - Sync 1 DAGs
[2023-01-26T17:37:54.112+0000] {logging_mixin.py:137} INFO - [2023-01-26T17:37:54.112+0000] {dag.py:3441} INFO - Setting next_dagrun for example_local_kubernetes_executor to None, run_after=None
[2023-01-26T17:37:54.140+0000] {processor.py:175} INFO - Processing /home/airflow/.local/lib/python3.7/site-packages/airflow/example_dags/example_local_kubernetes_executor.py took 0.110 seconds
[2023-01-26T17:38:24.776+0000] {processor.py:153} INFO - Started process (PID=3197) to work on /home/airflow/.local/lib/python3.7/site-packages/airflow/example_dags/example_local_kubernetes_executor.py
[2023-01-26T17:38:24.784+0000] {processor.py:743} INFO - Processing file /home/airflow/.local/lib/python3.7/site-packages/airflow/example_dags/example_local_kubernetes_executor.py for tasks to queue
[2023-01-26T17:38:24.784+0000] {logging_mixin.py:137} INFO - [2023-01-26T17:38:24.784+0000] {dagbag.py:538} INFO - Filling up the DagBag from /home/airflow/.local/lib/python3.7/site-packages/airflow/example_dags/example_local_kubernetes_executor.py
[2023-01-26T17:38:24.815+0000] {processor.py:753} INFO - DAG(s) dict_keys(['example_local_kubernetes_executor']) retrieved from /home/airflow/.local/lib/python3.7/site-packages/airflow/example_dags/example_local_kubernetes_executor.py
[2023-01-26T17:38:24.848+0000] {logging_mixin.py:137} INFO - [2023-01-26T17:38:24.847+0000] {dag.py:2690} INFO - Sync 1 DAGs
[2023-01-26T17:38:24.879+0000] {logging_mixin.py:137} INFO - [2023-01-26T17:38:24.879+0000] {dag.py:3441} INFO - Setting next_dagrun for example_local_kubernetes_executor to None, run_after=None
[2023-01-26T17:38:24.917+0000] {processor.py:175} INFO - Processing /home/airflow/.local/lib/python3.7/site-packages/airflow/example_dags/example_local_kubernetes_executor.py took 0.145 seconds
[2023-01-26T17:38:55.426+0000] {processor.py:153} INFO - Started process (PID=3274) to work on /home/airflow/.local/lib/python3.7/site-packages/airflow/example_dags/example_local_kubernetes_executor.py
[2023-01-26T17:38:55.427+0000] {processor.py:743} INFO - Processing file /home/airflow/.local/lib/python3.7/site-packages/airflow/example_dags/example_local_kubernetes_executor.py for tasks to queue
[2023-01-26T17:38:55.428+0000] {logging_mixin.py:137} INFO - [2023-01-26T17:38:55.427+0000] {dagbag.py:538} INFO - Filling up the DagBag from /home/airflow/.local/lib/python3.7/site-packages/airflow/example_dags/example_local_kubernetes_executor.py
[2023-01-26T17:38:55.453+0000] {processor.py:753} INFO - DAG(s) dict_keys(['example_local_kubernetes_executor']) retrieved from /home/airflow/.local/lib/python3.7/site-packages/airflow/example_dags/example_local_kubernetes_executor.py
[2023-01-26T17:38:55.477+0000] {logging_mixin.py:137} INFO - [2023-01-26T17:38:55.477+0000] {dag.py:2690} INFO - Sync 1 DAGs
[2023-01-26T17:38:55.501+0000] {logging_mixin.py:137} INFO - [2023-01-26T17:38:55.501+0000] {dag.py:3441} INFO - Setting next_dagrun for example_local_kubernetes_executor to None, run_after=None
[2023-01-26T17:38:55.525+0000] {processor.py:175} INFO - Processing /home/airflow/.local/lib/python3.7/site-packages/airflow/example_dags/example_local_kubernetes_executor.py took 0.103 seconds
[2023-01-26T17:39:26.344+0000] {processor.py:153} INFO - Started process (PID=3340) to work on /home/airflow/.local/lib/python3.7/site-packages/airflow/example_dags/example_local_kubernetes_executor.py
[2023-01-26T17:39:26.346+0000] {processor.py:743} INFO - Processing file /home/airflow/.local/lib/python3.7/site-packages/airflow/example_dags/example_local_kubernetes_executor.py for tasks to queue
[2023-01-26T17:39:26.347+0000] {logging_mixin.py:137} INFO - [2023-01-26T17:39:26.347+0000] {dagbag.py:538} INFO - Filling up the DagBag from /home/airflow/.local/lib/python3.7/site-packages/airflow/example_dags/example_local_kubernetes_executor.py
[2023-01-26T17:39:26.370+0000] {processor.py:753} INFO - DAG(s) dict_keys(['example_local_kubernetes_executor']) retrieved from /home/airflow/.local/lib/python3.7/site-packages/airflow/example_dags/example_local_kubernetes_executor.py
[2023-01-26T17:39:26.397+0000] {logging_mixin.py:137} INFO - [2023-01-26T17:39:26.397+0000] {dag.py:2690} INFO - Sync 1 DAGs
[2023-01-26T17:39:26.422+0000] {logging_mixin.py:137} INFO - [2023-01-26T17:39:26.422+0000] {dag.py:3441} INFO - Setting next_dagrun for example_local_kubernetes_executor to None, run_after=None
[2023-01-26T17:39:26.448+0000] {processor.py:175} INFO - Processing /home/airflow/.local/lib/python3.7/site-packages/airflow/example_dags/example_local_kubernetes_executor.py took 0.108 seconds
[2023-01-26T17:39:56.689+0000] {processor.py:153} INFO - Started process (PID=3417) to work on /home/airflow/.local/lib/python3.7/site-packages/airflow/example_dags/example_local_kubernetes_executor.py
[2023-01-26T17:39:56.689+0000] {processor.py:743} INFO - Processing file /home/airflow/.local/lib/python3.7/site-packages/airflow/example_dags/example_local_kubernetes_executor.py for tasks to queue
[2023-01-26T17:39:56.690+0000] {logging_mixin.py:137} INFO - [2023-01-26T17:39:56.690+0000] {dagbag.py:538} INFO - Filling up the DagBag from /home/airflow/.local/lib/python3.7/site-packages/airflow/example_dags/example_local_kubernetes_executor.py
[2023-01-26T17:39:56.717+0000] {processor.py:753} INFO - DAG(s) dict_keys(['example_local_kubernetes_executor']) retrieved from /home/airflow/.local/lib/python3.7/site-packages/airflow/example_dags/example_local_kubernetes_executor.py
[2023-01-26T17:39:56.751+0000] {logging_mixin.py:137} INFO - [2023-01-26T17:39:56.751+0000] {dag.py:2690} INFO - Sync 1 DAGs
[2023-01-26T17:39:56.786+0000] {logging_mixin.py:137} INFO - [2023-01-26T17:39:56.785+0000] {dag.py:3441} INFO - Setting next_dagrun for example_local_kubernetes_executor to None, run_after=None
[2023-01-26T17:39:56.814+0000] {processor.py:175} INFO - Processing /home/airflow/.local/lib/python3.7/site-packages/airflow/example_dags/example_local_kubernetes_executor.py took 0.130 seconds
[2023-01-26T17:40:26.861+0000] {processor.py:153} INFO - Started process (PID=3483) to work on /home/airflow/.local/lib/python3.7/site-packages/airflow/example_dags/example_local_kubernetes_executor.py
[2023-01-26T17:40:26.862+0000] {processor.py:743} INFO - Processing file /home/airflow/.local/lib/python3.7/site-packages/airflow/example_dags/example_local_kubernetes_executor.py for tasks to queue
[2023-01-26T17:40:26.863+0000] {logging_mixin.py:137} INFO - [2023-01-26T17:40:26.862+0000] {dagbag.py:538} INFO - Filling up the DagBag from /home/airflow/.local/lib/python3.7/site-packages/airflow/example_dags/example_local_kubernetes_executor.py
[2023-01-26T17:40:26.886+0000] {processor.py:753} INFO - DAG(s) dict_keys(['example_local_kubernetes_executor']) retrieved from /home/airflow/.local/lib/python3.7/site-packages/airflow/example_dags/example_local_kubernetes_executor.py
[2023-01-26T17:40:26.913+0000] {logging_mixin.py:137} INFO - [2023-01-26T17:40:26.913+0000] {dag.py:2690} INFO - Sync 1 DAGs
[2023-01-26T17:40:26.942+0000] {logging_mixin.py:137} INFO - [2023-01-26T17:40:26.942+0000] {dag.py:3441} INFO - Setting next_dagrun for example_local_kubernetes_executor to None, run_after=None
[2023-01-26T17:40:26.967+0000] {processor.py:175} INFO - Processing /home/airflow/.local/lib/python3.7/site-packages/airflow/example_dags/example_local_kubernetes_executor.py took 0.109 seconds
[2023-01-26T17:40:57.175+0000] {processor.py:153} INFO - Started process (PID=3560) to work on /home/airflow/.local/lib/python3.7/site-packages/airflow/example_dags/example_local_kubernetes_executor.py
[2023-01-26T17:40:57.176+0000] {processor.py:743} INFO - Processing file /home/airflow/.local/lib/python3.7/site-packages/airflow/example_dags/example_local_kubernetes_executor.py for tasks to queue
[2023-01-26T17:40:57.177+0000] {logging_mixin.py:137} INFO - [2023-01-26T17:40:57.177+0000] {dagbag.py:538} INFO - Filling up the DagBag from /home/airflow/.local/lib/python3.7/site-packages/airflow/example_dags/example_local_kubernetes_executor.py
[2023-01-26T17:40:57.205+0000] {processor.py:753} INFO - DAG(s) dict_keys(['example_local_kubernetes_executor']) retrieved from /home/airflow/.local/lib/python3.7/site-packages/airflow/example_dags/example_local_kubernetes_executor.py
[2023-01-26T17:40:57.230+0000] {logging_mixin.py:137} INFO - [2023-01-26T17:40:57.230+0000] {dag.py:2690} INFO - Sync 1 DAGs
[2023-01-26T17:40:57.253+0000] {logging_mixin.py:137} INFO - [2023-01-26T17:40:57.253+0000] {dag.py:3441} INFO - Setting next_dagrun for example_local_kubernetes_executor to None, run_after=None
[2023-01-26T17:40:57.299+0000] {processor.py:175} INFO - Processing /home/airflow/.local/lib/python3.7/site-packages/airflow/example_dags/example_local_kubernetes_executor.py took 0.127 seconds
[2023-01-26T17:41:27.719+0000] {processor.py:153} INFO - Started process (PID=3626) to work on /home/airflow/.local/lib/python3.7/site-packages/airflow/example_dags/example_local_kubernetes_executor.py
[2023-01-26T17:41:27.720+0000] {processor.py:743} INFO - Processing file /home/airflow/.local/lib/python3.7/site-packages/airflow/example_dags/example_local_kubernetes_executor.py for tasks to queue
[2023-01-26T17:41:27.721+0000] {logging_mixin.py:137} INFO - [2023-01-26T17:41:27.721+0000] {dagbag.py:538} INFO - Filling up the DagBag from /home/airflow/.local/lib/python3.7/site-packages/airflow/example_dags/example_local_kubernetes_executor.py
[2023-01-26T17:41:27.747+0000] {processor.py:753} INFO - DAG(s) dict_keys(['example_local_kubernetes_executor']) retrieved from /home/airflow/.local/lib/python3.7/site-packages/airflow/example_dags/example_local_kubernetes_executor.py
[2023-01-26T17:41:27.772+0000] {logging_mixin.py:137} INFO - [2023-01-26T17:41:27.772+0000] {dag.py:2690} INFO - Sync 1 DAGs
[2023-01-26T17:41:27.797+0000] {logging_mixin.py:137} INFO - [2023-01-26T17:41:27.797+0000] {dag.py:3441} INFO - Setting next_dagrun for example_local_kubernetes_executor to None, run_after=None
[2023-01-26T17:41:27.824+0000] {processor.py:175} INFO - Processing /home/airflow/.local/lib/python3.7/site-packages/airflow/example_dags/example_local_kubernetes_executor.py took 0.108 seconds
[2023-01-26T17:41:58.199+0000] {processor.py:153} INFO - Started process (PID=3704) to work on /home/airflow/.local/lib/python3.7/site-packages/airflow/example_dags/example_local_kubernetes_executor.py
[2023-01-26T17:41:58.200+0000] {processor.py:743} INFO - Processing file /home/airflow/.local/lib/python3.7/site-packages/airflow/example_dags/example_local_kubernetes_executor.py for tasks to queue
[2023-01-26T17:41:58.201+0000] {logging_mixin.py:137} INFO - [2023-01-26T17:41:58.201+0000] {dagbag.py:538} INFO - Filling up the DagBag from /home/airflow/.local/lib/python3.7/site-packages/airflow/example_dags/example_local_kubernetes_executor.py
[2023-01-26T17:41:58.233+0000] {processor.py:753} INFO - DAG(s) dict_keys(['example_local_kubernetes_executor']) retrieved from /home/airflow/.local/lib/python3.7/site-packages/airflow/example_dags/example_local_kubernetes_executor.py
[2023-01-26T17:41:58.272+0000] {logging_mixin.py:137} INFO - [2023-01-26T17:41:58.272+0000] {dag.py:2690} INFO - Sync 1 DAGs
[2023-01-26T17:41:58.309+0000] {logging_mixin.py:137} INFO - [2023-01-26T17:41:58.309+0000] {dag.py:3441} INFO - Setting next_dagrun for example_local_kubernetes_executor to None, run_after=None
[2023-01-26T17:41:58.342+0000] {processor.py:175} INFO - Processing /home/airflow/.local/lib/python3.7/site-packages/airflow/example_dags/example_local_kubernetes_executor.py took 0.149 seconds
[2023-01-26T17:42:28.413+0000] {processor.py:153} INFO - Started process (PID=3769) to work on /home/airflow/.local/lib/python3.7/site-packages/airflow/example_dags/example_local_kubernetes_executor.py
[2023-01-26T17:42:28.413+0000] {processor.py:743} INFO - Processing file /home/airflow/.local/lib/python3.7/site-packages/airflow/example_dags/example_local_kubernetes_executor.py for tasks to queue
[2023-01-26T17:42:28.414+0000] {logging_mixin.py:137} INFO - [2023-01-26T17:42:28.414+0000] {dagbag.py:538} INFO - Filling up the DagBag from /home/airflow/.local/lib/python3.7/site-packages/airflow/example_dags/example_local_kubernetes_executor.py
[2023-01-26T17:42:28.435+0000] {processor.py:753} INFO - DAG(s) dict_keys(['example_local_kubernetes_executor']) retrieved from /home/airflow/.local/lib/python3.7/site-packages/airflow/example_dags/example_local_kubernetes_executor.py
[2023-01-26T17:42:28.460+0000] {logging_mixin.py:137} INFO - [2023-01-26T17:42:28.460+0000] {dag.py:2690} INFO - Sync 1 DAGs
[2023-01-26T17:42:28.481+0000] {logging_mixin.py:137} INFO - [2023-01-26T17:42:28.481+0000] {dag.py:3441} INFO - Setting next_dagrun for example_local_kubernetes_executor to None, run_after=None
[2023-01-26T17:42:28.504+0000] {processor.py:175} INFO - Processing /home/airflow/.local/lib/python3.7/site-packages/airflow/example_dags/example_local_kubernetes_executor.py took 0.095 seconds
[2023-01-26T17:42:58.880+0000] {processor.py:153} INFO - Started process (PID=3844) to work on /home/airflow/.local/lib/python3.7/site-packages/airflow/example_dags/example_local_kubernetes_executor.py
[2023-01-26T17:42:58.881+0000] {processor.py:743} INFO - Processing file /home/airflow/.local/lib/python3.7/site-packages/airflow/example_dags/example_local_kubernetes_executor.py for tasks to queue
[2023-01-26T17:42:58.884+0000] {logging_mixin.py:137} INFO - [2023-01-26T17:42:58.884+0000] {dagbag.py:538} INFO - Filling up the DagBag from /home/airflow/.local/lib/python3.7/site-packages/airflow/example_dags/example_local_kubernetes_executor.py
[2023-01-26T17:42:58.916+0000] {processor.py:753} INFO - DAG(s) dict_keys(['example_local_kubernetes_executor']) retrieved from /home/airflow/.local/lib/python3.7/site-packages/airflow/example_dags/example_local_kubernetes_executor.py
[2023-01-26T17:42:58.950+0000] {logging_mixin.py:137} INFO - [2023-01-26T17:42:58.950+0000] {dag.py:2690} INFO - Sync 1 DAGs
[2023-01-26T17:42:58.987+0000] {logging_mixin.py:137} INFO - [2023-01-26T17:42:58.987+0000] {dag.py:3441} INFO - Setting next_dagrun for example_local_kubernetes_executor to None, run_after=None
[2023-01-26T17:42:59.018+0000] {processor.py:175} INFO - Processing /home/airflow/.local/lib/python3.7/site-packages/airflow/example_dags/example_local_kubernetes_executor.py took 0.144 seconds
[2023-01-26T17:43:29.057+0000] {processor.py:153} INFO - Started process (PID=3912) to work on /home/airflow/.local/lib/python3.7/site-packages/airflow/example_dags/example_local_kubernetes_executor.py
[2023-01-26T17:43:29.058+0000] {processor.py:743} INFO - Processing file /home/airflow/.local/lib/python3.7/site-packages/airflow/example_dags/example_local_kubernetes_executor.py for tasks to queue
[2023-01-26T17:43:29.058+0000] {logging_mixin.py:137} INFO - [2023-01-26T17:43:29.058+0000] {dagbag.py:538} INFO - Filling up the DagBag from /home/airflow/.local/lib/python3.7/site-packages/airflow/example_dags/example_local_kubernetes_executor.py
[2023-01-26T17:43:29.080+0000] {processor.py:753} INFO - DAG(s) dict_keys(['example_local_kubernetes_executor']) retrieved from /home/airflow/.local/lib/python3.7/site-packages/airflow/example_dags/example_local_kubernetes_executor.py
[2023-01-26T17:43:29.104+0000] {logging_mixin.py:137} INFO - [2023-01-26T17:43:29.104+0000] {dag.py:2690} INFO - Sync 1 DAGs
[2023-01-26T17:43:29.127+0000] {logging_mixin.py:137} INFO - [2023-01-26T17:43:29.127+0000] {dag.py:3441} INFO - Setting next_dagrun for example_local_kubernetes_executor to None, run_after=None
[2023-01-26T17:43:29.149+0000] {processor.py:175} INFO - Processing /home/airflow/.local/lib/python3.7/site-packages/airflow/example_dags/example_local_kubernetes_executor.py took 0.095 seconds
[2023-01-26T17:43:59.309+0000] {processor.py:153} INFO - Started process (PID=3978) to work on /home/airflow/.local/lib/python3.7/site-packages/airflow/example_dags/example_local_kubernetes_executor.py
[2023-01-26T17:43:59.310+0000] {processor.py:743} INFO - Processing file /home/airflow/.local/lib/python3.7/site-packages/airflow/example_dags/example_local_kubernetes_executor.py for tasks to queue
[2023-01-26T17:43:59.311+0000] {logging_mixin.py:137} INFO - [2023-01-26T17:43:59.311+0000] {dagbag.py:538} INFO - Filling up the DagBag from /home/airflow/.local/lib/python3.7/site-packages/airflow/example_dags/example_local_kubernetes_executor.py
[2023-01-26T17:43:59.335+0000] {processor.py:753} INFO - DAG(s) dict_keys(['example_local_kubernetes_executor']) retrieved from /home/airflow/.local/lib/python3.7/site-packages/airflow/example_dags/example_local_kubernetes_executor.py
[2023-01-26T17:43:59.361+0000] {logging_mixin.py:137} INFO - [2023-01-26T17:43:59.361+0000] {dag.py:2690} INFO - Sync 1 DAGs
[2023-01-26T17:43:59.384+0000] {logging_mixin.py:137} INFO - [2023-01-26T17:43:59.384+0000] {dag.py:3441} INFO - Setting next_dagrun for example_local_kubernetes_executor to None, run_after=None
[2023-01-26T17:43:59.408+0000] {processor.py:175} INFO - Processing /home/airflow/.local/lib/python3.7/site-packages/airflow/example_dags/example_local_kubernetes_executor.py took 0.104 seconds
[2023-01-26T17:44:29.963+0000] {processor.py:153} INFO - Started process (PID=4057) to work on /home/airflow/.local/lib/python3.7/site-packages/airflow/example_dags/example_local_kubernetes_executor.py
[2023-01-26T17:44:29.964+0000] {processor.py:743} INFO - Processing file /home/airflow/.local/lib/python3.7/site-packages/airflow/example_dags/example_local_kubernetes_executor.py for tasks to queue
[2023-01-26T17:44:29.965+0000] {logging_mixin.py:137} INFO - [2023-01-26T17:44:29.965+0000] {dagbag.py:538} INFO - Filling up the DagBag from /home/airflow/.local/lib/python3.7/site-packages/airflow/example_dags/example_local_kubernetes_executor.py
[2023-01-26T17:44:29.987+0000] {processor.py:753} INFO - DAG(s) dict_keys(['example_local_kubernetes_executor']) retrieved from /home/airflow/.local/lib/python3.7/site-packages/airflow/example_dags/example_local_kubernetes_executor.py
[2023-01-26T17:44:30.016+0000] {logging_mixin.py:137} INFO - [2023-01-26T17:44:30.016+0000] {dag.py:2690} INFO - Sync 1 DAGs
[2023-01-26T17:44:30.048+0000] {logging_mixin.py:137} INFO - [2023-01-26T17:44:30.048+0000] {dag.py:3441} INFO - Setting next_dagrun for example_local_kubernetes_executor to None, run_after=None
[2023-01-26T17:44:30.073+0000] {processor.py:175} INFO - Processing /home/airflow/.local/lib/python3.7/site-packages/airflow/example_dags/example_local_kubernetes_executor.py took 0.114 seconds
[2023-01-26T17:45:01.027+0000] {processor.py:153} INFO - Started process (PID=4131) to work on /home/airflow/.local/lib/python3.7/site-packages/airflow/example_dags/example_local_kubernetes_executor.py
[2023-01-26T17:45:01.028+0000] {processor.py:743} INFO - Processing file /home/airflow/.local/lib/python3.7/site-packages/airflow/example_dags/example_local_kubernetes_executor.py for tasks to queue
[2023-01-26T17:45:01.029+0000] {logging_mixin.py:137} INFO - [2023-01-26T17:45:01.029+0000] {dagbag.py:538} INFO - Filling up the DagBag from /home/airflow/.local/lib/python3.7/site-packages/airflow/example_dags/example_local_kubernetes_executor.py
[2023-01-26T17:45:01.062+0000] {processor.py:753} INFO - DAG(s) dict_keys(['example_local_kubernetes_executor']) retrieved from /home/airflow/.local/lib/python3.7/site-packages/airflow/example_dags/example_local_kubernetes_executor.py
[2023-01-26T17:45:01.135+0000] {logging_mixin.py:137} INFO - [2023-01-26T17:45:01.135+0000] {dag.py:2690} INFO - Sync 1 DAGs
[2023-01-26T17:45:01.165+0000] {logging_mixin.py:137} INFO - [2023-01-26T17:45:01.164+0000] {dag.py:3441} INFO - Setting next_dagrun for example_local_kubernetes_executor to None, run_after=None
[2023-01-26T17:45:01.193+0000] {processor.py:175} INFO - Processing /home/airflow/.local/lib/python3.7/site-packages/airflow/example_dags/example_local_kubernetes_executor.py took 0.171 seconds
[2023-01-26T17:45:31.296+0000] {processor.py:153} INFO - Started process (PID=4199) to work on /home/airflow/.local/lib/python3.7/site-packages/airflow/example_dags/example_local_kubernetes_executor.py
[2023-01-26T17:45:31.297+0000] {processor.py:743} INFO - Processing file /home/airflow/.local/lib/python3.7/site-packages/airflow/example_dags/example_local_kubernetes_executor.py for tasks to queue
[2023-01-26T17:45:31.297+0000] {logging_mixin.py:137} INFO - [2023-01-26T17:45:31.297+0000] {dagbag.py:538} INFO - Filling up the DagBag from /home/airflow/.local/lib/python3.7/site-packages/airflow/example_dags/example_local_kubernetes_executor.py
[2023-01-26T17:45:31.320+0000] {processor.py:753} INFO - DAG(s) dict_keys(['example_local_kubernetes_executor']) retrieved from /home/airflow/.local/lib/python3.7/site-packages/airflow/example_dags/example_local_kubernetes_executor.py
[2023-01-26T17:45:31.348+0000] {logging_mixin.py:137} INFO - [2023-01-26T17:45:31.348+0000] {dag.py:2690} INFO - Sync 1 DAGs
[2023-01-26T17:45:31.371+0000] {logging_mixin.py:137} INFO - [2023-01-26T17:45:31.371+0000] {dag.py:3441} INFO - Setting next_dagrun for example_local_kubernetes_executor to None, run_after=None
[2023-01-26T17:45:31.395+0000] {processor.py:175} INFO - Processing /home/airflow/.local/lib/python3.7/site-packages/airflow/example_dags/example_local_kubernetes_executor.py took 0.103 seconds
[2023-01-26T17:46:01.689+0000] {processor.py:153} INFO - Started process (PID=4273) to work on /home/airflow/.local/lib/python3.7/site-packages/airflow/example_dags/example_local_kubernetes_executor.py
[2023-01-26T17:46:01.690+0000] {processor.py:743} INFO - Processing file /home/airflow/.local/lib/python3.7/site-packages/airflow/example_dags/example_local_kubernetes_executor.py for tasks to queue
[2023-01-26T17:46:01.690+0000] {logging_mixin.py:137} INFO - [2023-01-26T17:46:01.690+0000] {dagbag.py:538} INFO - Filling up the DagBag from /home/airflow/.local/lib/python3.7/site-packages/airflow/example_dags/example_local_kubernetes_executor.py
[2023-01-26T17:46:01.717+0000] {processor.py:753} INFO - DAG(s) dict_keys(['example_local_kubernetes_executor']) retrieved from /home/airflow/.local/lib/python3.7/site-packages/airflow/example_dags/example_local_kubernetes_executor.py
[2023-01-26T17:46:01.743+0000] {logging_mixin.py:137} INFO - [2023-01-26T17:46:01.743+0000] {dag.py:2690} INFO - Sync 1 DAGs
[2023-01-26T17:46:01.764+0000] {logging_mixin.py:137} INFO - [2023-01-26T17:46:01.764+0000] {dag.py:3441} INFO - Setting next_dagrun for example_local_kubernetes_executor to None, run_after=None
[2023-01-26T17:46:01.789+0000] {processor.py:175} INFO - Processing /home/airflow/.local/lib/python3.7/site-packages/airflow/example_dags/example_local_kubernetes_executor.py took 0.103 seconds
[2023-01-26T17:46:32.416+0000] {processor.py:153} INFO - Started process (PID=4341) to work on /home/airflow/.local/lib/python3.7/site-packages/airflow/example_dags/example_local_kubernetes_executor.py
[2023-01-26T17:46:32.417+0000] {processor.py:743} INFO - Processing file /home/airflow/.local/lib/python3.7/site-packages/airflow/example_dags/example_local_kubernetes_executor.py for tasks to queue
[2023-01-26T17:46:32.418+0000] {logging_mixin.py:137} INFO - [2023-01-26T17:46:32.418+0000] {dagbag.py:538} INFO - Filling up the DagBag from /home/airflow/.local/lib/python3.7/site-packages/airflow/example_dags/example_local_kubernetes_executor.py
[2023-01-26T17:46:32.440+0000] {processor.py:753} INFO - DAG(s) dict_keys(['example_local_kubernetes_executor']) retrieved from /home/airflow/.local/lib/python3.7/site-packages/airflow/example_dags/example_local_kubernetes_executor.py
[2023-01-26T17:46:32.467+0000] {logging_mixin.py:137} INFO - [2023-01-26T17:46:32.467+0000] {dag.py:2690} INFO - Sync 1 DAGs
[2023-01-26T17:46:32.499+0000] {logging_mixin.py:137} INFO - [2023-01-26T17:46:32.499+0000] {dag.py:3441} INFO - Setting next_dagrun for example_local_kubernetes_executor to None, run_after=None
[2023-01-26T17:46:32.530+0000] {processor.py:175} INFO - Processing /home/airflow/.local/lib/python3.7/site-packages/airflow/example_dags/example_local_kubernetes_executor.py took 0.118 seconds
[2023-01-26T17:47:03.171+0000] {processor.py:153} INFO - Started process (PID=4419) to work on /home/airflow/.local/lib/python3.7/site-packages/airflow/example_dags/example_local_kubernetes_executor.py
[2023-01-26T17:47:03.172+0000] {processor.py:743} INFO - Processing file /home/airflow/.local/lib/python3.7/site-packages/airflow/example_dags/example_local_kubernetes_executor.py for tasks to queue
[2023-01-26T17:47:03.173+0000] {logging_mixin.py:137} INFO - [2023-01-26T17:47:03.173+0000] {dagbag.py:538} INFO - Filling up the DagBag from /home/airflow/.local/lib/python3.7/site-packages/airflow/example_dags/example_local_kubernetes_executor.py
[2023-01-26T17:47:03.199+0000] {processor.py:753} INFO - DAG(s) dict_keys(['example_local_kubernetes_executor']) retrieved from /home/airflow/.local/lib/python3.7/site-packages/airflow/example_dags/example_local_kubernetes_executor.py
[2023-01-26T17:47:03.231+0000] {logging_mixin.py:137} INFO - [2023-01-26T17:47:03.231+0000] {dag.py:2690} INFO - Sync 1 DAGs
[2023-01-26T17:47:03.267+0000] {logging_mixin.py:137} INFO - [2023-01-26T17:47:03.266+0000] {dag.py:3441} INFO - Setting next_dagrun for example_local_kubernetes_executor to None, run_after=None
[2023-01-26T17:47:03.297+0000] {processor.py:175} INFO - Processing /home/airflow/.local/lib/python3.7/site-packages/airflow/example_dags/example_local_kubernetes_executor.py took 0.130 seconds
[2023-01-26T17:47:33.994+0000] {processor.py:153} INFO - Started process (PID=4484) to work on /home/airflow/.local/lib/python3.7/site-packages/airflow/example_dags/example_local_kubernetes_executor.py
[2023-01-26T17:47:33.995+0000] {processor.py:743} INFO - Processing file /home/airflow/.local/lib/python3.7/site-packages/airflow/example_dags/example_local_kubernetes_executor.py for tasks to queue
[2023-01-26T17:47:33.996+0000] {logging_mixin.py:137} INFO - [2023-01-26T17:47:33.996+0000] {dagbag.py:538} INFO - Filling up the DagBag from /home/airflow/.local/lib/python3.7/site-packages/airflow/example_dags/example_local_kubernetes_executor.py
[2023-01-26T17:47:34.028+0000] {processor.py:753} INFO - DAG(s) dict_keys(['example_local_kubernetes_executor']) retrieved from /home/airflow/.local/lib/python3.7/site-packages/airflow/example_dags/example_local_kubernetes_executor.py
[2023-01-26T17:47:34.063+0000] {logging_mixin.py:137} INFO - [2023-01-26T17:47:34.063+0000] {dag.py:2690} INFO - Sync 1 DAGs
[2023-01-26T17:47:34.089+0000] {logging_mixin.py:137} INFO - [2023-01-26T17:47:34.088+0000] {dag.py:3441} INFO - Setting next_dagrun for example_local_kubernetes_executor to None, run_after=None
[2023-01-26T17:47:34.120+0000] {processor.py:175} INFO - Processing /home/airflow/.local/lib/python3.7/site-packages/airflow/example_dags/example_local_kubernetes_executor.py took 0.130 seconds
[2023-01-26T17:48:04.412+0000] {processor.py:153} INFO - Started process (PID=4562) to work on /home/airflow/.local/lib/python3.7/site-packages/airflow/example_dags/example_local_kubernetes_executor.py
[2023-01-26T17:48:04.412+0000] {processor.py:743} INFO - Processing file /home/airflow/.local/lib/python3.7/site-packages/airflow/example_dags/example_local_kubernetes_executor.py for tasks to queue
[2023-01-26T17:48:04.413+0000] {logging_mixin.py:137} INFO - [2023-01-26T17:48:04.413+0000] {dagbag.py:538} INFO - Filling up the DagBag from /home/airflow/.local/lib/python3.7/site-packages/airflow/example_dags/example_local_kubernetes_executor.py
[2023-01-26T17:48:04.435+0000] {processor.py:753} INFO - DAG(s) dict_keys(['example_local_kubernetes_executor']) retrieved from /home/airflow/.local/lib/python3.7/site-packages/airflow/example_dags/example_local_kubernetes_executor.py
[2023-01-26T17:48:04.468+0000] {logging_mixin.py:137} INFO - [2023-01-26T17:48:04.468+0000] {dag.py:2690} INFO - Sync 1 DAGs
[2023-01-26T17:48:04.503+0000] {logging_mixin.py:137} INFO - [2023-01-26T17:48:04.503+0000] {dag.py:3441} INFO - Setting next_dagrun for example_local_kubernetes_executor to None, run_after=None
[2023-01-26T17:48:04.530+0000] {processor.py:175} INFO - Processing /home/airflow/.local/lib/python3.7/site-packages/airflow/example_dags/example_local_kubernetes_executor.py took 0.121 seconds
[2023-01-26T17:48:35.046+0000] {processor.py:153} INFO - Started process (PID=4627) to work on /home/airflow/.local/lib/python3.7/site-packages/airflow/example_dags/example_local_kubernetes_executor.py
[2023-01-26T17:48:35.047+0000] {processor.py:743} INFO - Processing file /home/airflow/.local/lib/python3.7/site-packages/airflow/example_dags/example_local_kubernetes_executor.py for tasks to queue
[2023-01-26T17:48:35.047+0000] {logging_mixin.py:137} INFO - [2023-01-26T17:48:35.047+0000] {dagbag.py:538} INFO - Filling up the DagBag from /home/airflow/.local/lib/python3.7/site-packages/airflow/example_dags/example_local_kubernetes_executor.py
[2023-01-26T17:48:35.069+0000] {processor.py:753} INFO - DAG(s) dict_keys(['example_local_kubernetes_executor']) retrieved from /home/airflow/.local/lib/python3.7/site-packages/airflow/example_dags/example_local_kubernetes_executor.py
[2023-01-26T17:48:35.099+0000] {logging_mixin.py:137} INFO - [2023-01-26T17:48:35.099+0000] {dag.py:2690} INFO - Sync 1 DAGs
[2023-01-26T17:48:35.129+0000] {logging_mixin.py:137} INFO - [2023-01-26T17:48:35.129+0000] {dag.py:3441} INFO - Setting next_dagrun for example_local_kubernetes_executor to None, run_after=None
[2023-01-26T17:48:35.156+0000] {processor.py:175} INFO - Processing /home/airflow/.local/lib/python3.7/site-packages/airflow/example_dags/example_local_kubernetes_executor.py took 0.114 seconds
[2023-01-26T17:49:05.814+0000] {processor.py:153} INFO - Started process (PID=4704) to work on /home/airflow/.local/lib/python3.7/site-packages/airflow/example_dags/example_local_kubernetes_executor.py
[2023-01-26T17:49:05.815+0000] {processor.py:743} INFO - Processing file /home/airflow/.local/lib/python3.7/site-packages/airflow/example_dags/example_local_kubernetes_executor.py for tasks to queue
[2023-01-26T17:49:05.815+0000] {logging_mixin.py:137} INFO - [2023-01-26T17:49:05.815+0000] {dagbag.py:538} INFO - Filling up the DagBag from /home/airflow/.local/lib/python3.7/site-packages/airflow/example_dags/example_local_kubernetes_executor.py
[2023-01-26T17:49:05.838+0000] {processor.py:753} INFO - DAG(s) dict_keys(['example_local_kubernetes_executor']) retrieved from /home/airflow/.local/lib/python3.7/site-packages/airflow/example_dags/example_local_kubernetes_executor.py
[2023-01-26T17:49:05.864+0000] {logging_mixin.py:137} INFO - [2023-01-26T17:49:05.864+0000] {dag.py:2690} INFO - Sync 1 DAGs
[2023-01-26T17:49:05.888+0000] {logging_mixin.py:137} INFO - [2023-01-26T17:49:05.887+0000] {dag.py:3441} INFO - Setting next_dagrun for example_local_kubernetes_executor to None, run_after=None
[2023-01-26T17:49:05.912+0000] {processor.py:175} INFO - Processing /home/airflow/.local/lib/python3.7/site-packages/airflow/example_dags/example_local_kubernetes_executor.py took 0.102 seconds
[2023-01-26T17:49:36.809+0000] {processor.py:153} INFO - Started process (PID=4769) to work on /home/airflow/.local/lib/python3.7/site-packages/airflow/example_dags/example_local_kubernetes_executor.py
[2023-01-26T17:49:36.809+0000] {processor.py:743} INFO - Processing file /home/airflow/.local/lib/python3.7/site-packages/airflow/example_dags/example_local_kubernetes_executor.py for tasks to queue
[2023-01-26T17:49:36.811+0000] {logging_mixin.py:137} INFO - [2023-01-26T17:49:36.810+0000] {dagbag.py:538} INFO - Filling up the DagBag from /home/airflow/.local/lib/python3.7/site-packages/airflow/example_dags/example_local_kubernetes_executor.py
[2023-01-26T17:49:36.835+0000] {processor.py:753} INFO - DAG(s) dict_keys(['example_local_kubernetes_executor']) retrieved from /home/airflow/.local/lib/python3.7/site-packages/airflow/example_dags/example_local_kubernetes_executor.py
[2023-01-26T17:49:36.859+0000] {logging_mixin.py:137} INFO - [2023-01-26T17:49:36.859+0000] {dag.py:2690} INFO - Sync 1 DAGs
[2023-01-26T17:49:36.890+0000] {logging_mixin.py:137} INFO - [2023-01-26T17:49:36.890+0000] {dag.py:3441} INFO - Setting next_dagrun for example_local_kubernetes_executor to None, run_after=None
[2023-01-26T17:49:36.912+0000] {processor.py:175} INFO - Processing /home/airflow/.local/lib/python3.7/site-packages/airflow/example_dags/example_local_kubernetes_executor.py took 0.107 seconds
[2023-01-26T17:50:06.947+0000] {processor.py:153} INFO - Started process (PID=4846) to work on /home/airflow/.local/lib/python3.7/site-packages/airflow/example_dags/example_local_kubernetes_executor.py
[2023-01-26T17:50:06.948+0000] {processor.py:743} INFO - Processing file /home/airflow/.local/lib/python3.7/site-packages/airflow/example_dags/example_local_kubernetes_executor.py for tasks to queue
[2023-01-26T17:50:06.949+0000] {logging_mixin.py:137} INFO - [2023-01-26T17:50:06.949+0000] {dagbag.py:538} INFO - Filling up the DagBag from /home/airflow/.local/lib/python3.7/site-packages/airflow/example_dags/example_local_kubernetes_executor.py
[2023-01-26T17:50:06.973+0000] {processor.py:753} INFO - DAG(s) dict_keys(['example_local_kubernetes_executor']) retrieved from /home/airflow/.local/lib/python3.7/site-packages/airflow/example_dags/example_local_kubernetes_executor.py
[2023-01-26T17:50:07.004+0000] {logging_mixin.py:137} INFO - [2023-01-26T17:50:07.004+0000] {dag.py:2690} INFO - Sync 1 DAGs
[2023-01-26T17:50:07.034+0000] {logging_mixin.py:137} INFO - [2023-01-26T17:50:07.034+0000] {dag.py:3441} INFO - Setting next_dagrun for example_local_kubernetes_executor to None, run_after=None
[2023-01-26T17:50:07.062+0000] {processor.py:175} INFO - Processing /home/airflow/.local/lib/python3.7/site-packages/airflow/example_dags/example_local_kubernetes_executor.py took 0.119 seconds
[2023-01-26T17:50:37.197+0000] {processor.py:153} INFO - Started process (PID=4912) to work on /home/airflow/.local/lib/python3.7/site-packages/airflow/example_dags/example_local_kubernetes_executor.py
[2023-01-26T17:50:37.198+0000] {processor.py:743} INFO - Processing file /home/airflow/.local/lib/python3.7/site-packages/airflow/example_dags/example_local_kubernetes_executor.py for tasks to queue
[2023-01-26T17:50:37.199+0000] {logging_mixin.py:137} INFO - [2023-01-26T17:50:37.198+0000] {dagbag.py:538} INFO - Filling up the DagBag from /home/airflow/.local/lib/python3.7/site-packages/airflow/example_dags/example_local_kubernetes_executor.py
[2023-01-26T17:50:37.230+0000] {processor.py:753} INFO - DAG(s) dict_keys(['example_local_kubernetes_executor']) retrieved from /home/airflow/.local/lib/python3.7/site-packages/airflow/example_dags/example_local_kubernetes_executor.py
[2023-01-26T17:50:37.259+0000] {logging_mixin.py:137} INFO - [2023-01-26T17:50:37.259+0000] {dag.py:2690} INFO - Sync 1 DAGs
[2023-01-26T17:50:37.291+0000] {logging_mixin.py:137} INFO - [2023-01-26T17:50:37.291+0000] {dag.py:3441} INFO - Setting next_dagrun for example_local_kubernetes_executor to None, run_after=None
[2023-01-26T17:50:37.318+0000] {processor.py:175} INFO - Processing /home/airflow/.local/lib/python3.7/site-packages/airflow/example_dags/example_local_kubernetes_executor.py took 0.126 seconds
