[2023-01-26T17:15:57.348+0000] {processor.py:153} INFO - Started process (PID=80) to work on /home/airflow/.local/lib/python3.7/site-packages/airflow/example_dags/example_short_circuit_decorator.py
[2023-01-26T17:15:57.349+0000] {processor.py:743} INFO - Processing file /home/airflow/.local/lib/python3.7/site-packages/airflow/example_dags/example_short_circuit_decorator.py for tasks to queue
[2023-01-26T17:15:57.350+0000] {logging_mixin.py:137} INFO - [2023-01-26T17:15:57.350+0000] {dagbag.py:538} INFO - Filling up the DagBag from /home/airflow/.local/lib/python3.7/site-packages/airflow/example_dags/example_short_circuit_decorator.py
[2023-01-26T17:15:57.378+0000] {processor.py:753} INFO - DAG(s) dict_keys(['example_short_circuit_decorator']) retrieved from /home/airflow/.local/lib/python3.7/site-packages/airflow/example_dags/example_short_circuit_decorator.py
[2023-01-26T17:15:57.407+0000] {logging_mixin.py:137} INFO - [2023-01-26T17:15:57.407+0000] {dag.py:2690} INFO - Sync 1 DAGs
[2023-01-26T17:15:57.434+0000] {logging_mixin.py:137} INFO - [2023-01-26T17:15:57.434+0000] {dag.py:3441} INFO - Setting next_dagrun for example_short_circuit_decorator to 2023-01-25T17:15:57.433831+00:00, run_after=2023-01-26T17:15:57.433831+00:00
[2023-01-26T17:15:57.461+0000] {processor.py:175} INFO - Processing /home/airflow/.local/lib/python3.7/site-packages/airflow/example_dags/example_short_circuit_decorator.py took 0.115 seconds
[2023-01-26T17:16:28.149+0000] {processor.py:153} INFO - Started process (PID=142) to work on /home/airflow/.local/lib/python3.7/site-packages/airflow/example_dags/example_short_circuit_decorator.py
[2023-01-26T17:16:28.150+0000] {processor.py:743} INFO - Processing file /home/airflow/.local/lib/python3.7/site-packages/airflow/example_dags/example_short_circuit_decorator.py for tasks to queue
[2023-01-26T17:16:28.151+0000] {logging_mixin.py:137} INFO - [2023-01-26T17:16:28.151+0000] {dagbag.py:538} INFO - Filling up the DagBag from /home/airflow/.local/lib/python3.7/site-packages/airflow/example_dags/example_short_circuit_decorator.py
[2023-01-26T17:16:28.174+0000] {processor.py:753} INFO - DAG(s) dict_keys(['example_short_circuit_decorator']) retrieved from /home/airflow/.local/lib/python3.7/site-packages/airflow/example_dags/example_short_circuit_decorator.py
[2023-01-26T17:16:28.197+0000] {logging_mixin.py:137} INFO - [2023-01-26T17:16:28.197+0000] {dag.py:2690} INFO - Sync 1 DAGs
[2023-01-26T17:16:28.222+0000] {logging_mixin.py:137} INFO - [2023-01-26T17:16:28.222+0000] {dag.py:3441} INFO - Setting next_dagrun for example_short_circuit_decorator to 2023-01-25T17:16:28.222015+00:00, run_after=2023-01-26T17:16:28.222015+00:00
[2023-01-26T17:16:28.245+0000] {processor.py:175} INFO - Processing /home/airflow/.local/lib/python3.7/site-packages/airflow/example_dags/example_short_circuit_decorator.py took 0.099 seconds
[2023-01-26T17:16:58.380+0000] {processor.py:153} INFO - Started process (PID=219) to work on /home/airflow/.local/lib/python3.7/site-packages/airflow/example_dags/example_short_circuit_decorator.py
[2023-01-26T17:16:58.382+0000] {processor.py:743} INFO - Processing file /home/airflow/.local/lib/python3.7/site-packages/airflow/example_dags/example_short_circuit_decorator.py for tasks to queue
[2023-01-26T17:16:58.383+0000] {logging_mixin.py:137} INFO - [2023-01-26T17:16:58.383+0000] {dagbag.py:538} INFO - Filling up the DagBag from /home/airflow/.local/lib/python3.7/site-packages/airflow/example_dags/example_short_circuit_decorator.py
[2023-01-26T17:16:58.447+0000] {processor.py:753} INFO - DAG(s) dict_keys(['example_short_circuit_decorator']) retrieved from /home/airflow/.local/lib/python3.7/site-packages/airflow/example_dags/example_short_circuit_decorator.py
[2023-01-26T17:16:58.482+0000] {logging_mixin.py:137} INFO - [2023-01-26T17:16:58.482+0000] {dag.py:2690} INFO - Sync 1 DAGs
[2023-01-26T17:16:58.517+0000] {logging_mixin.py:137} INFO - [2023-01-26T17:16:58.517+0000] {dag.py:3441} INFO - Setting next_dagrun for example_short_circuit_decorator to 2023-01-25T17:16:58.517277+00:00, run_after=2023-01-26T17:16:58.517277+00:00
[2023-01-26T17:16:58.547+0000] {processor.py:175} INFO - Processing /home/airflow/.local/lib/python3.7/site-packages/airflow/example_dags/example_short_circuit_decorator.py took 0.171 seconds
[2023-01-26T17:17:29.102+0000] {processor.py:153} INFO - Started process (PID=285) to work on /home/airflow/.local/lib/python3.7/site-packages/airflow/example_dags/example_short_circuit_decorator.py
[2023-01-26T17:17:29.103+0000] {processor.py:743} INFO - Processing file /home/airflow/.local/lib/python3.7/site-packages/airflow/example_dags/example_short_circuit_decorator.py for tasks to queue
[2023-01-26T17:17:29.104+0000] {logging_mixin.py:137} INFO - [2023-01-26T17:17:29.104+0000] {dagbag.py:538} INFO - Filling up the DagBag from /home/airflow/.local/lib/python3.7/site-packages/airflow/example_dags/example_short_circuit_decorator.py
[2023-01-26T17:17:29.133+0000] {processor.py:753} INFO - DAG(s) dict_keys(['example_short_circuit_decorator']) retrieved from /home/airflow/.local/lib/python3.7/site-packages/airflow/example_dags/example_short_circuit_decorator.py
[2023-01-26T17:17:29.165+0000] {logging_mixin.py:137} INFO - [2023-01-26T17:17:29.165+0000] {dag.py:2690} INFO - Sync 1 DAGs
[2023-01-26T17:17:29.197+0000] {logging_mixin.py:137} INFO - [2023-01-26T17:17:29.197+0000] {dag.py:3441} INFO - Setting next_dagrun for example_short_circuit_decorator to 2023-01-25T17:17:29.197453+00:00, run_after=2023-01-26T17:17:29.197453+00:00
[2023-01-26T17:17:29.228+0000] {processor.py:175} INFO - Processing /home/airflow/.local/lib/python3.7/site-packages/airflow/example_dags/example_short_circuit_decorator.py took 0.128 seconds
[2023-01-26T17:18:00.419+0000] {processor.py:153} INFO - Started process (PID=362) to work on /home/airflow/.local/lib/python3.7/site-packages/airflow/example_dags/example_short_circuit_decorator.py
[2023-01-26T17:18:00.420+0000] {processor.py:743} INFO - Processing file /home/airflow/.local/lib/python3.7/site-packages/airflow/example_dags/example_short_circuit_decorator.py for tasks to queue
[2023-01-26T17:18:00.421+0000] {logging_mixin.py:137} INFO - [2023-01-26T17:18:00.421+0000] {dagbag.py:538} INFO - Filling up the DagBag from /home/airflow/.local/lib/python3.7/site-packages/airflow/example_dags/example_short_circuit_decorator.py
[2023-01-26T17:18:00.457+0000] {processor.py:753} INFO - DAG(s) dict_keys(['example_short_circuit_decorator']) retrieved from /home/airflow/.local/lib/python3.7/site-packages/airflow/example_dags/example_short_circuit_decorator.py
[2023-01-26T17:18:00.494+0000] {logging_mixin.py:137} INFO - [2023-01-26T17:18:00.494+0000] {dag.py:2690} INFO - Sync 1 DAGs
[2023-01-26T17:18:00.532+0000] {logging_mixin.py:137} INFO - [2023-01-26T17:18:00.532+0000] {dag.py:3441} INFO - Setting next_dagrun for example_short_circuit_decorator to 2023-01-25T17:18:00.531920+00:00, run_after=2023-01-26T17:18:00.531920+00:00
[2023-01-26T17:18:00.563+0000] {processor.py:175} INFO - Processing /home/airflow/.local/lib/python3.7/site-packages/airflow/example_dags/example_short_circuit_decorator.py took 0.154 seconds
[2023-01-26T17:18:30.711+0000] {processor.py:153} INFO - Started process (PID=431) to work on /home/airflow/.local/lib/python3.7/site-packages/airflow/example_dags/example_short_circuit_decorator.py
[2023-01-26T17:18:30.712+0000] {processor.py:743} INFO - Processing file /home/airflow/.local/lib/python3.7/site-packages/airflow/example_dags/example_short_circuit_decorator.py for tasks to queue
[2023-01-26T17:18:30.713+0000] {logging_mixin.py:137} INFO - [2023-01-26T17:18:30.713+0000] {dagbag.py:538} INFO - Filling up the DagBag from /home/airflow/.local/lib/python3.7/site-packages/airflow/example_dags/example_short_circuit_decorator.py
[2023-01-26T17:18:30.749+0000] {processor.py:753} INFO - DAG(s) dict_keys(['example_short_circuit_decorator']) retrieved from /home/airflow/.local/lib/python3.7/site-packages/airflow/example_dags/example_short_circuit_decorator.py
[2023-01-26T17:18:30.783+0000] {logging_mixin.py:137} INFO - [2023-01-26T17:18:30.783+0000] {dag.py:2690} INFO - Sync 1 DAGs
[2023-01-26T17:18:30.816+0000] {logging_mixin.py:137} INFO - [2023-01-26T17:18:30.816+0000] {dag.py:3441} INFO - Setting next_dagrun for example_short_circuit_decorator to 2023-01-25T17:18:30.816146+00:00, run_after=2023-01-26T17:18:30.816146+00:00
[2023-01-26T17:18:30.847+0000] {processor.py:175} INFO - Processing /home/airflow/.local/lib/python3.7/site-packages/airflow/example_dags/example_short_circuit_decorator.py took 0.141 seconds
[2023-01-26T17:19:01.867+0000] {processor.py:153} INFO - Started process (PID=506) to work on /home/airflow/.local/lib/python3.7/site-packages/airflow/example_dags/example_short_circuit_decorator.py
[2023-01-26T17:19:01.868+0000] {processor.py:743} INFO - Processing file /home/airflow/.local/lib/python3.7/site-packages/airflow/example_dags/example_short_circuit_decorator.py for tasks to queue
[2023-01-26T17:19:01.868+0000] {logging_mixin.py:137} INFO - [2023-01-26T17:19:01.868+0000] {dagbag.py:538} INFO - Filling up the DagBag from /home/airflow/.local/lib/python3.7/site-packages/airflow/example_dags/example_short_circuit_decorator.py
[2023-01-26T17:19:01.897+0000] {processor.py:753} INFO - DAG(s) dict_keys(['example_short_circuit_decorator']) retrieved from /home/airflow/.local/lib/python3.7/site-packages/airflow/example_dags/example_short_circuit_decorator.py
[2023-01-26T17:19:01.922+0000] {logging_mixin.py:137} INFO - [2023-01-26T17:19:01.921+0000] {dag.py:2690} INFO - Sync 1 DAGs
[2023-01-26T17:19:01.947+0000] {logging_mixin.py:137} INFO - [2023-01-26T17:19:01.946+0000] {dag.py:3441} INFO - Setting next_dagrun for example_short_circuit_decorator to 2023-01-25T17:19:01.946732+00:00, run_after=2023-01-26T17:19:01.946732+00:00
[2023-01-26T17:19:01.969+0000] {processor.py:175} INFO - Processing /home/airflow/.local/lib/python3.7/site-packages/airflow/example_dags/example_short_circuit_decorator.py took 0.106 seconds
[2023-01-26T17:19:32.057+0000] {processor.py:153} INFO - Started process (PID=574) to work on /home/airflow/.local/lib/python3.7/site-packages/airflow/example_dags/example_short_circuit_decorator.py
[2023-01-26T17:19:32.058+0000] {processor.py:743} INFO - Processing file /home/airflow/.local/lib/python3.7/site-packages/airflow/example_dags/example_short_circuit_decorator.py for tasks to queue
[2023-01-26T17:19:32.058+0000] {logging_mixin.py:137} INFO - [2023-01-26T17:19:32.058+0000] {dagbag.py:538} INFO - Filling up the DagBag from /home/airflow/.local/lib/python3.7/site-packages/airflow/example_dags/example_short_circuit_decorator.py
[2023-01-26T17:19:32.081+0000] {processor.py:753} INFO - DAG(s) dict_keys(['example_short_circuit_decorator']) retrieved from /home/airflow/.local/lib/python3.7/site-packages/airflow/example_dags/example_short_circuit_decorator.py
[2023-01-26T17:19:32.112+0000] {logging_mixin.py:137} INFO - [2023-01-26T17:19:32.111+0000] {dag.py:2690} INFO - Sync 1 DAGs
[2023-01-26T17:19:32.135+0000] {logging_mixin.py:137} INFO - [2023-01-26T17:19:32.135+0000] {dag.py:3441} INFO - Setting next_dagrun for example_short_circuit_decorator to 2023-01-25T17:19:32.135494+00:00, run_after=2023-01-26T17:19:32.135494+00:00
[2023-01-26T17:19:32.164+0000] {processor.py:175} INFO - Processing /home/airflow/.local/lib/python3.7/site-packages/airflow/example_dags/example_short_circuit_decorator.py took 0.110 seconds
[2023-01-26T17:20:02.185+0000] {processor.py:153} INFO - Started process (PID=637) to work on /home/airflow/.local/lib/python3.7/site-packages/airflow/example_dags/example_short_circuit_decorator.py
[2023-01-26T17:20:02.186+0000] {processor.py:743} INFO - Processing file /home/airflow/.local/lib/python3.7/site-packages/airflow/example_dags/example_short_circuit_decorator.py for tasks to queue
[2023-01-26T17:20:02.186+0000] {logging_mixin.py:137} INFO - [2023-01-26T17:20:02.186+0000] {dagbag.py:538} INFO - Filling up the DagBag from /home/airflow/.local/lib/python3.7/site-packages/airflow/example_dags/example_short_circuit_decorator.py
[2023-01-26T17:20:02.209+0000] {processor.py:753} INFO - DAG(s) dict_keys(['example_short_circuit_decorator']) retrieved from /home/airflow/.local/lib/python3.7/site-packages/airflow/example_dags/example_short_circuit_decorator.py
[2023-01-26T17:20:02.233+0000] {logging_mixin.py:137} INFO - [2023-01-26T17:20:02.233+0000] {dag.py:2690} INFO - Sync 1 DAGs
[2023-01-26T17:20:02.258+0000] {logging_mixin.py:137} INFO - [2023-01-26T17:20:02.257+0000] {dag.py:3441} INFO - Setting next_dagrun for example_short_circuit_decorator to 2023-01-25T17:20:02.257619+00:00, run_after=2023-01-26T17:20:02.257619+00:00
[2023-01-26T17:20:02.281+0000] {processor.py:175} INFO - Processing /home/airflow/.local/lib/python3.7/site-packages/airflow/example_dags/example_short_circuit_decorator.py took 0.100 seconds
[2023-01-26T17:20:32.349+0000] {processor.py:153} INFO - Started process (PID=713) to work on /home/airflow/.local/lib/python3.7/site-packages/airflow/example_dags/example_short_circuit_decorator.py
[2023-01-26T17:20:32.350+0000] {processor.py:743} INFO - Processing file /home/airflow/.local/lib/python3.7/site-packages/airflow/example_dags/example_short_circuit_decorator.py for tasks to queue
[2023-01-26T17:20:32.350+0000] {logging_mixin.py:137} INFO - [2023-01-26T17:20:32.350+0000] {dagbag.py:538} INFO - Filling up the DagBag from /home/airflow/.local/lib/python3.7/site-packages/airflow/example_dags/example_short_circuit_decorator.py
[2023-01-26T17:20:32.375+0000] {processor.py:753} INFO - DAG(s) dict_keys(['example_short_circuit_decorator']) retrieved from /home/airflow/.local/lib/python3.7/site-packages/airflow/example_dags/example_short_circuit_decorator.py
[2023-01-26T17:20:32.399+0000] {logging_mixin.py:137} INFO - [2023-01-26T17:20:32.399+0000] {dag.py:2690} INFO - Sync 1 DAGs
[2023-01-26T17:20:32.421+0000] {logging_mixin.py:137} INFO - [2023-01-26T17:20:32.421+0000] {dag.py:3441} INFO - Setting next_dagrun for example_short_circuit_decorator to 2023-01-25T17:20:32.420896+00:00, run_after=2023-01-26T17:20:32.420896+00:00
[2023-01-26T17:20:32.444+0000] {processor.py:175} INFO - Processing /home/airflow/.local/lib/python3.7/site-packages/airflow/example_dags/example_short_circuit_decorator.py took 0.098 seconds
[2023-01-26T17:21:03.073+0000] {processor.py:153} INFO - Started process (PID=778) to work on /home/airflow/.local/lib/python3.7/site-packages/airflow/example_dags/example_short_circuit_decorator.py
[2023-01-26T17:21:03.081+0000] {processor.py:743} INFO - Processing file /home/airflow/.local/lib/python3.7/site-packages/airflow/example_dags/example_short_circuit_decorator.py for tasks to queue
[2023-01-26T17:21:03.082+0000] {logging_mixin.py:137} INFO - [2023-01-26T17:21:03.082+0000] {dagbag.py:538} INFO - Filling up the DagBag from /home/airflow/.local/lib/python3.7/site-packages/airflow/example_dags/example_short_circuit_decorator.py
[2023-01-26T17:21:03.110+0000] {processor.py:753} INFO - DAG(s) dict_keys(['example_short_circuit_decorator']) retrieved from /home/airflow/.local/lib/python3.7/site-packages/airflow/example_dags/example_short_circuit_decorator.py
[2023-01-26T17:21:03.133+0000] {logging_mixin.py:137} INFO - [2023-01-26T17:21:03.133+0000] {dag.py:2690} INFO - Sync 1 DAGs
[2023-01-26T17:21:03.162+0000] {logging_mixin.py:137} INFO - [2023-01-26T17:21:03.162+0000] {dag.py:3441} INFO - Setting next_dagrun for example_short_circuit_decorator to 2023-01-25T17:21:03.162226+00:00, run_after=2023-01-26T17:21:03.162226+00:00
[2023-01-26T17:21:03.190+0000] {processor.py:175} INFO - Processing /home/airflow/.local/lib/python3.7/site-packages/airflow/example_dags/example_short_circuit_decorator.py took 0.121 seconds
[2023-01-26T17:21:33.749+0000] {processor.py:153} INFO - Started process (PID=855) to work on /home/airflow/.local/lib/python3.7/site-packages/airflow/example_dags/example_short_circuit_decorator.py
[2023-01-26T17:21:33.750+0000] {processor.py:743} INFO - Processing file /home/airflow/.local/lib/python3.7/site-packages/airflow/example_dags/example_short_circuit_decorator.py for tasks to queue
[2023-01-26T17:21:33.750+0000] {logging_mixin.py:137} INFO - [2023-01-26T17:21:33.750+0000] {dagbag.py:538} INFO - Filling up the DagBag from /home/airflow/.local/lib/python3.7/site-packages/airflow/example_dags/example_short_circuit_decorator.py
[2023-01-26T17:21:33.775+0000] {processor.py:753} INFO - DAG(s) dict_keys(['example_short_circuit_decorator']) retrieved from /home/airflow/.local/lib/python3.7/site-packages/airflow/example_dags/example_short_circuit_decorator.py
[2023-01-26T17:21:33.799+0000] {logging_mixin.py:137} INFO - [2023-01-26T17:21:33.799+0000] {dag.py:2690} INFO - Sync 1 DAGs
[2023-01-26T17:21:33.825+0000] {logging_mixin.py:137} INFO - [2023-01-26T17:21:33.824+0000] {dag.py:3441} INFO - Setting next_dagrun for example_short_circuit_decorator to 2023-01-25T17:21:33.824670+00:00, run_after=2023-01-26T17:21:33.824670+00:00
[2023-01-26T17:21:33.848+0000] {processor.py:175} INFO - Processing /home/airflow/.local/lib/python3.7/site-packages/airflow/example_dags/example_short_circuit_decorator.py took 0.102 seconds
[2023-01-26T17:22:04.658+0000] {processor.py:153} INFO - Started process (PID=920) to work on /home/airflow/.local/lib/python3.7/site-packages/airflow/example_dags/example_short_circuit_decorator.py
[2023-01-26T17:22:04.659+0000] {processor.py:743} INFO - Processing file /home/airflow/.local/lib/python3.7/site-packages/airflow/example_dags/example_short_circuit_decorator.py for tasks to queue
[2023-01-26T17:22:04.659+0000] {logging_mixin.py:137} INFO - [2023-01-26T17:22:04.659+0000] {dagbag.py:538} INFO - Filling up the DagBag from /home/airflow/.local/lib/python3.7/site-packages/airflow/example_dags/example_short_circuit_decorator.py
[2023-01-26T17:22:04.686+0000] {processor.py:753} INFO - DAG(s) dict_keys(['example_short_circuit_decorator']) retrieved from /home/airflow/.local/lib/python3.7/site-packages/airflow/example_dags/example_short_circuit_decorator.py
[2023-01-26T17:22:04.711+0000] {logging_mixin.py:137} INFO - [2023-01-26T17:22:04.710+0000] {dag.py:2690} INFO - Sync 1 DAGs
[2023-01-26T17:22:04.737+0000] {logging_mixin.py:137} INFO - [2023-01-26T17:22:04.737+0000] {dag.py:3441} INFO - Setting next_dagrun for example_short_circuit_decorator to 2023-01-25T17:22:04.737016+00:00, run_after=2023-01-26T17:22:04.737016+00:00
[2023-01-26T17:22:04.769+0000] {processor.py:175} INFO - Processing /home/airflow/.local/lib/python3.7/site-packages/airflow/example_dags/example_short_circuit_decorator.py took 0.114 seconds
[2023-01-26T17:22:35.171+0000] {processor.py:153} INFO - Started process (PID=997) to work on /home/airflow/.local/lib/python3.7/site-packages/airflow/example_dags/example_short_circuit_decorator.py
[2023-01-26T17:22:35.172+0000] {processor.py:743} INFO - Processing file /home/airflow/.local/lib/python3.7/site-packages/airflow/example_dags/example_short_circuit_decorator.py for tasks to queue
[2023-01-26T17:22:35.173+0000] {logging_mixin.py:137} INFO - [2023-01-26T17:22:35.173+0000] {dagbag.py:538} INFO - Filling up the DagBag from /home/airflow/.local/lib/python3.7/site-packages/airflow/example_dags/example_short_circuit_decorator.py
[2023-01-26T17:22:35.198+0000] {processor.py:753} INFO - DAG(s) dict_keys(['example_short_circuit_decorator']) retrieved from /home/airflow/.local/lib/python3.7/site-packages/airflow/example_dags/example_short_circuit_decorator.py
[2023-01-26T17:22:35.228+0000] {logging_mixin.py:137} INFO - [2023-01-26T17:22:35.228+0000] {dag.py:2690} INFO - Sync 1 DAGs
[2023-01-26T17:22:35.250+0000] {logging_mixin.py:137} INFO - [2023-01-26T17:22:35.250+0000] {dag.py:3441} INFO - Setting next_dagrun for example_short_circuit_decorator to 2023-01-25T17:22:35.250598+00:00, run_after=2023-01-26T17:22:35.250598+00:00
[2023-01-26T17:22:35.274+0000] {processor.py:175} INFO - Processing /home/airflow/.local/lib/python3.7/site-packages/airflow/example_dags/example_short_circuit_decorator.py took 0.106 seconds
[2023-01-26T17:23:06.008+0000] {processor.py:153} INFO - Started process (PID=1062) to work on /home/airflow/.local/lib/python3.7/site-packages/airflow/example_dags/example_short_circuit_decorator.py
[2023-01-26T17:23:06.009+0000] {processor.py:743} INFO - Processing file /home/airflow/.local/lib/python3.7/site-packages/airflow/example_dags/example_short_circuit_decorator.py for tasks to queue
[2023-01-26T17:23:06.010+0000] {logging_mixin.py:137} INFO - [2023-01-26T17:23:06.009+0000] {dagbag.py:538} INFO - Filling up the DagBag from /home/airflow/.local/lib/python3.7/site-packages/airflow/example_dags/example_short_circuit_decorator.py
[2023-01-26T17:23:06.037+0000] {processor.py:753} INFO - DAG(s) dict_keys(['example_short_circuit_decorator']) retrieved from /home/airflow/.local/lib/python3.7/site-packages/airflow/example_dags/example_short_circuit_decorator.py
[2023-01-26T17:23:06.077+0000] {logging_mixin.py:137} INFO - [2023-01-26T17:23:06.077+0000] {dag.py:2690} INFO - Sync 1 DAGs
[2023-01-26T17:23:06.112+0000] {logging_mixin.py:137} INFO - [2023-01-26T17:23:06.112+0000] {dag.py:3441} INFO - Setting next_dagrun for example_short_circuit_decorator to 2023-01-25T17:23:06.111964+00:00, run_after=2023-01-26T17:23:06.111964+00:00
[2023-01-26T17:23:06.141+0000] {processor.py:175} INFO - Processing /home/airflow/.local/lib/python3.7/site-packages/airflow/example_dags/example_short_circuit_decorator.py took 0.136 seconds
[2023-01-26T17:23:36.256+0000] {processor.py:153} INFO - Started process (PID=1139) to work on /home/airflow/.local/lib/python3.7/site-packages/airflow/example_dags/example_short_circuit_decorator.py
[2023-01-26T17:23:36.257+0000] {processor.py:743} INFO - Processing file /home/airflow/.local/lib/python3.7/site-packages/airflow/example_dags/example_short_circuit_decorator.py for tasks to queue
[2023-01-26T17:23:36.258+0000] {logging_mixin.py:137} INFO - [2023-01-26T17:23:36.258+0000] {dagbag.py:538} INFO - Filling up the DagBag from /home/airflow/.local/lib/python3.7/site-packages/airflow/example_dags/example_short_circuit_decorator.py
[2023-01-26T17:23:36.285+0000] {processor.py:753} INFO - DAG(s) dict_keys(['example_short_circuit_decorator']) retrieved from /home/airflow/.local/lib/python3.7/site-packages/airflow/example_dags/example_short_circuit_decorator.py
[2023-01-26T17:23:36.309+0000] {logging_mixin.py:137} INFO - [2023-01-26T17:23:36.309+0000] {dag.py:2690} INFO - Sync 1 DAGs
[2023-01-26T17:23:36.333+0000] {logging_mixin.py:137} INFO - [2023-01-26T17:23:36.333+0000] {dag.py:3441} INFO - Setting next_dagrun for example_short_circuit_decorator to 2023-01-25T17:23:36.333564+00:00, run_after=2023-01-26T17:23:36.333564+00:00
[2023-01-26T17:23:36.360+0000] {processor.py:175} INFO - Processing /home/airflow/.local/lib/python3.7/site-packages/airflow/example_dags/example_short_circuit_decorator.py took 0.109 seconds
[2023-01-26T17:24:07.197+0000] {processor.py:153} INFO - Started process (PID=1204) to work on /home/airflow/.local/lib/python3.7/site-packages/airflow/example_dags/example_short_circuit_decorator.py
[2023-01-26T17:24:07.198+0000] {processor.py:743} INFO - Processing file /home/airflow/.local/lib/python3.7/site-packages/airflow/example_dags/example_short_circuit_decorator.py for tasks to queue
[2023-01-26T17:24:07.198+0000] {logging_mixin.py:137} INFO - [2023-01-26T17:24:07.198+0000] {dagbag.py:538} INFO - Filling up the DagBag from /home/airflow/.local/lib/python3.7/site-packages/airflow/example_dags/example_short_circuit_decorator.py
[2023-01-26T17:24:07.228+0000] {processor.py:753} INFO - DAG(s) dict_keys(['example_short_circuit_decorator']) retrieved from /home/airflow/.local/lib/python3.7/site-packages/airflow/example_dags/example_short_circuit_decorator.py
[2023-01-26T17:24:07.257+0000] {logging_mixin.py:137} INFO - [2023-01-26T17:24:07.257+0000] {dag.py:2690} INFO - Sync 1 DAGs
[2023-01-26T17:24:07.285+0000] {logging_mixin.py:137} INFO - [2023-01-26T17:24:07.285+0000] {dag.py:3441} INFO - Setting next_dagrun for example_short_circuit_decorator to 2023-01-25T17:24:07.284866+00:00, run_after=2023-01-26T17:24:07.284866+00:00
[2023-01-26T17:24:07.312+0000] {processor.py:175} INFO - Processing /home/airflow/.local/lib/python3.7/site-packages/airflow/example_dags/example_short_circuit_decorator.py took 0.120 seconds
[2023-01-26T17:24:38.182+0000] {processor.py:153} INFO - Started process (PID=1281) to work on /home/airflow/.local/lib/python3.7/site-packages/airflow/example_dags/example_short_circuit_decorator.py
[2023-01-26T17:24:38.183+0000] {processor.py:743} INFO - Processing file /home/airflow/.local/lib/python3.7/site-packages/airflow/example_dags/example_short_circuit_decorator.py for tasks to queue
[2023-01-26T17:24:38.184+0000] {logging_mixin.py:137} INFO - [2023-01-26T17:24:38.183+0000] {dagbag.py:538} INFO - Filling up the DagBag from /home/airflow/.local/lib/python3.7/site-packages/airflow/example_dags/example_short_circuit_decorator.py
[2023-01-26T17:24:38.208+0000] {processor.py:753} INFO - DAG(s) dict_keys(['example_short_circuit_decorator']) retrieved from /home/airflow/.local/lib/python3.7/site-packages/airflow/example_dags/example_short_circuit_decorator.py
[2023-01-26T17:24:38.231+0000] {logging_mixin.py:137} INFO - [2023-01-26T17:24:38.231+0000] {dag.py:2690} INFO - Sync 1 DAGs
[2023-01-26T17:24:38.255+0000] {logging_mixin.py:137} INFO - [2023-01-26T17:24:38.255+0000] {dag.py:3441} INFO - Setting next_dagrun for example_short_circuit_decorator to 2023-01-25T17:24:38.255161+00:00, run_after=2023-01-26T17:24:38.255161+00:00
[2023-01-26T17:24:38.280+0000] {processor.py:175} INFO - Processing /home/airflow/.local/lib/python3.7/site-packages/airflow/example_dags/example_short_circuit_decorator.py took 0.103 seconds
[2023-01-26T17:25:08.492+0000] {processor.py:153} INFO - Started process (PID=1346) to work on /home/airflow/.local/lib/python3.7/site-packages/airflow/example_dags/example_short_circuit_decorator.py
[2023-01-26T17:25:08.493+0000] {processor.py:743} INFO - Processing file /home/airflow/.local/lib/python3.7/site-packages/airflow/example_dags/example_short_circuit_decorator.py for tasks to queue
[2023-01-26T17:25:08.493+0000] {logging_mixin.py:137} INFO - [2023-01-26T17:25:08.493+0000] {dagbag.py:538} INFO - Filling up the DagBag from /home/airflow/.local/lib/python3.7/site-packages/airflow/example_dags/example_short_circuit_decorator.py
[2023-01-26T17:25:08.518+0000] {processor.py:753} INFO - DAG(s) dict_keys(['example_short_circuit_decorator']) retrieved from /home/airflow/.local/lib/python3.7/site-packages/airflow/example_dags/example_short_circuit_decorator.py
[2023-01-26T17:25:08.542+0000] {logging_mixin.py:137} INFO - [2023-01-26T17:25:08.541+0000] {dag.py:2690} INFO - Sync 1 DAGs
[2023-01-26T17:25:08.566+0000] {logging_mixin.py:137} INFO - [2023-01-26T17:25:08.566+0000] {dag.py:3441} INFO - Setting next_dagrun for example_short_circuit_decorator to 2023-01-25T17:25:08.566266+00:00, run_after=2023-01-26T17:25:08.566266+00:00
[2023-01-26T17:25:08.598+0000] {processor.py:175} INFO - Processing /home/airflow/.local/lib/python3.7/site-packages/airflow/example_dags/example_short_circuit_decorator.py took 0.110 seconds
[2023-01-26T17:25:39.278+0000] {processor.py:153} INFO - Started process (PID=1423) to work on /home/airflow/.local/lib/python3.7/site-packages/airflow/example_dags/example_short_circuit_decorator.py
[2023-01-26T17:25:39.279+0000] {processor.py:743} INFO - Processing file /home/airflow/.local/lib/python3.7/site-packages/airflow/example_dags/example_short_circuit_decorator.py for tasks to queue
[2023-01-26T17:25:39.279+0000] {logging_mixin.py:137} INFO - [2023-01-26T17:25:39.279+0000] {dagbag.py:538} INFO - Filling up the DagBag from /home/airflow/.local/lib/python3.7/site-packages/airflow/example_dags/example_short_circuit_decorator.py
[2023-01-26T17:25:39.302+0000] {processor.py:753} INFO - DAG(s) dict_keys(['example_short_circuit_decorator']) retrieved from /home/airflow/.local/lib/python3.7/site-packages/airflow/example_dags/example_short_circuit_decorator.py
[2023-01-26T17:25:39.326+0000] {logging_mixin.py:137} INFO - [2023-01-26T17:25:39.326+0000] {dag.py:2690} INFO - Sync 1 DAGs
[2023-01-26T17:25:39.350+0000] {logging_mixin.py:137} INFO - [2023-01-26T17:25:39.350+0000] {dag.py:3441} INFO - Setting next_dagrun for example_short_circuit_decorator to 2023-01-25T17:25:39.350497+00:00, run_after=2023-01-26T17:25:39.350497+00:00
[2023-01-26T17:25:39.378+0000] {processor.py:175} INFO - Processing /home/airflow/.local/lib/python3.7/site-packages/airflow/example_dags/example_short_circuit_decorator.py took 0.104 seconds
[2023-01-26T17:26:09.935+0000] {processor.py:153} INFO - Started process (PID=1488) to work on /home/airflow/.local/lib/python3.7/site-packages/airflow/example_dags/example_short_circuit_decorator.py
[2023-01-26T17:26:09.936+0000] {processor.py:743} INFO - Processing file /home/airflow/.local/lib/python3.7/site-packages/airflow/example_dags/example_short_circuit_decorator.py for tasks to queue
[2023-01-26T17:26:09.937+0000] {logging_mixin.py:137} INFO - [2023-01-26T17:26:09.937+0000] {dagbag.py:538} INFO - Filling up the DagBag from /home/airflow/.local/lib/python3.7/site-packages/airflow/example_dags/example_short_circuit_decorator.py
[2023-01-26T17:26:09.962+0000] {processor.py:753} INFO - DAG(s) dict_keys(['example_short_circuit_decorator']) retrieved from /home/airflow/.local/lib/python3.7/site-packages/airflow/example_dags/example_short_circuit_decorator.py
[2023-01-26T17:26:09.994+0000] {logging_mixin.py:137} INFO - [2023-01-26T17:26:09.993+0000] {dag.py:2690} INFO - Sync 1 DAGs
[2023-01-26T17:26:10.026+0000] {logging_mixin.py:137} INFO - [2023-01-26T17:26:10.026+0000] {dag.py:3441} INFO - Setting next_dagrun for example_short_circuit_decorator to 2023-01-25T17:26:10.025892+00:00, run_after=2023-01-26T17:26:10.025892+00:00
[2023-01-26T17:26:10.056+0000] {processor.py:175} INFO - Processing /home/airflow/.local/lib/python3.7/site-packages/airflow/example_dags/example_short_circuit_decorator.py took 0.124 seconds
[2023-01-26T17:26:40.750+0000] {processor.py:153} INFO - Started process (PID=1565) to work on /home/airflow/.local/lib/python3.7/site-packages/airflow/example_dags/example_short_circuit_decorator.py
[2023-01-26T17:26:40.751+0000] {processor.py:743} INFO - Processing file /home/airflow/.local/lib/python3.7/site-packages/airflow/example_dags/example_short_circuit_decorator.py for tasks to queue
[2023-01-26T17:26:40.752+0000] {logging_mixin.py:137} INFO - [2023-01-26T17:26:40.751+0000] {dagbag.py:538} INFO - Filling up the DagBag from /home/airflow/.local/lib/python3.7/site-packages/airflow/example_dags/example_short_circuit_decorator.py
[2023-01-26T17:26:40.778+0000] {processor.py:753} INFO - DAG(s) dict_keys(['example_short_circuit_decorator']) retrieved from /home/airflow/.local/lib/python3.7/site-packages/airflow/example_dags/example_short_circuit_decorator.py
[2023-01-26T17:26:40.806+0000] {logging_mixin.py:137} INFO - [2023-01-26T17:26:40.806+0000] {dag.py:2690} INFO - Sync 1 DAGs
[2023-01-26T17:26:40.833+0000] {logging_mixin.py:137} INFO - [2023-01-26T17:26:40.833+0000] {dag.py:3441} INFO - Setting next_dagrun for example_short_circuit_decorator to 2023-01-25T17:26:40.833229+00:00, run_after=2023-01-26T17:26:40.833229+00:00
[2023-01-26T17:26:40.858+0000] {processor.py:175} INFO - Processing /home/airflow/.local/lib/python3.7/site-packages/airflow/example_dags/example_short_circuit_decorator.py took 0.112 seconds
[2023-01-26T17:27:11.367+0000] {processor.py:153} INFO - Started process (PID=1638) to work on /home/airflow/.local/lib/python3.7/site-packages/airflow/example_dags/example_short_circuit_decorator.py
[2023-01-26T17:27:11.368+0000] {processor.py:743} INFO - Processing file /home/airflow/.local/lib/python3.7/site-packages/airflow/example_dags/example_short_circuit_decorator.py for tasks to queue
[2023-01-26T17:27:11.368+0000] {logging_mixin.py:137} INFO - [2023-01-26T17:27:11.368+0000] {dagbag.py:538} INFO - Filling up the DagBag from /home/airflow/.local/lib/python3.7/site-packages/airflow/example_dags/example_short_circuit_decorator.py
[2023-01-26T17:27:11.400+0000] {processor.py:753} INFO - DAG(s) dict_keys(['example_short_circuit_decorator']) retrieved from /home/airflow/.local/lib/python3.7/site-packages/airflow/example_dags/example_short_circuit_decorator.py
[2023-01-26T17:27:11.425+0000] {logging_mixin.py:137} INFO - [2023-01-26T17:27:11.425+0000] {dag.py:2690} INFO - Sync 1 DAGs
[2023-01-26T17:27:11.449+0000] {logging_mixin.py:137} INFO - [2023-01-26T17:27:11.448+0000] {dag.py:3441} INFO - Setting next_dagrun for example_short_circuit_decorator to 2023-01-25T17:27:11.448727+00:00, run_after=2023-01-26T17:27:11.448727+00:00
[2023-01-26T17:27:11.475+0000] {processor.py:175} INFO - Processing /home/airflow/.local/lib/python3.7/site-packages/airflow/example_dags/example_short_circuit_decorator.py took 0.113 seconds
[2023-01-26T17:27:42.355+0000] {processor.py:153} INFO - Started process (PID=1708) to work on /home/airflow/.local/lib/python3.7/site-packages/airflow/example_dags/example_short_circuit_decorator.py
[2023-01-26T17:27:42.356+0000] {processor.py:743} INFO - Processing file /home/airflow/.local/lib/python3.7/site-packages/airflow/example_dags/example_short_circuit_decorator.py for tasks to queue
[2023-01-26T17:27:42.356+0000] {logging_mixin.py:137} INFO - [2023-01-26T17:27:42.356+0000] {dagbag.py:538} INFO - Filling up the DagBag from /home/airflow/.local/lib/python3.7/site-packages/airflow/example_dags/example_short_circuit_decorator.py
[2023-01-26T17:27:42.380+0000] {processor.py:753} INFO - DAG(s) dict_keys(['example_short_circuit_decorator']) retrieved from /home/airflow/.local/lib/python3.7/site-packages/airflow/example_dags/example_short_circuit_decorator.py
[2023-01-26T17:27:42.406+0000] {logging_mixin.py:137} INFO - [2023-01-26T17:27:42.406+0000] {dag.py:2690} INFO - Sync 1 DAGs
[2023-01-26T17:27:42.431+0000] {logging_mixin.py:137} INFO - [2023-01-26T17:27:42.431+0000] {dag.py:3441} INFO - Setting next_dagrun for example_short_circuit_decorator to 2023-01-25T17:27:42.431132+00:00, run_after=2023-01-26T17:27:42.431132+00:00
[2023-01-26T17:27:42.457+0000] {processor.py:175} INFO - Processing /home/airflow/.local/lib/python3.7/site-packages/airflow/example_dags/example_short_circuit_decorator.py took 0.106 seconds
[2023-01-26T17:28:12.590+0000] {processor.py:153} INFO - Started process (PID=1782) to work on /home/airflow/.local/lib/python3.7/site-packages/airflow/example_dags/example_short_circuit_decorator.py
[2023-01-26T17:28:12.591+0000] {processor.py:743} INFO - Processing file /home/airflow/.local/lib/python3.7/site-packages/airflow/example_dags/example_short_circuit_decorator.py for tasks to queue
[2023-01-26T17:28:12.591+0000] {logging_mixin.py:137} INFO - [2023-01-26T17:28:12.591+0000] {dagbag.py:538} INFO - Filling up the DagBag from /home/airflow/.local/lib/python3.7/site-packages/airflow/example_dags/example_short_circuit_decorator.py
[2023-01-26T17:28:12.616+0000] {processor.py:753} INFO - DAG(s) dict_keys(['example_short_circuit_decorator']) retrieved from /home/airflow/.local/lib/python3.7/site-packages/airflow/example_dags/example_short_circuit_decorator.py
[2023-01-26T17:28:12.648+0000] {logging_mixin.py:137} INFO - [2023-01-26T17:28:12.648+0000] {dag.py:2690} INFO - Sync 1 DAGs
[2023-01-26T17:28:12.683+0000] {logging_mixin.py:137} INFO - [2023-01-26T17:28:12.683+0000] {dag.py:3441} INFO - Setting next_dagrun for example_short_circuit_decorator to 2023-01-25T17:28:12.682982+00:00, run_after=2023-01-26T17:28:12.682982+00:00
[2023-01-26T17:28:12.719+0000] {processor.py:175} INFO - Processing /home/airflow/.local/lib/python3.7/site-packages/airflow/example_dags/example_short_circuit_decorator.py took 0.133 seconds
[2023-01-26T17:28:42.864+0000] {processor.py:153} INFO - Started process (PID=1851) to work on /home/airflow/.local/lib/python3.7/site-packages/airflow/example_dags/example_short_circuit_decorator.py
[2023-01-26T17:28:42.865+0000] {processor.py:743} INFO - Processing file /home/airflow/.local/lib/python3.7/site-packages/airflow/example_dags/example_short_circuit_decorator.py for tasks to queue
[2023-01-26T17:28:42.865+0000] {logging_mixin.py:137} INFO - [2023-01-26T17:28:42.865+0000] {dagbag.py:538} INFO - Filling up the DagBag from /home/airflow/.local/lib/python3.7/site-packages/airflow/example_dags/example_short_circuit_decorator.py
[2023-01-26T17:28:42.889+0000] {processor.py:753} INFO - DAG(s) dict_keys(['example_short_circuit_decorator']) retrieved from /home/airflow/.local/lib/python3.7/site-packages/airflow/example_dags/example_short_circuit_decorator.py
[2023-01-26T17:28:42.922+0000] {logging_mixin.py:137} INFO - [2023-01-26T17:28:42.922+0000] {dag.py:2690} INFO - Sync 1 DAGs
[2023-01-26T17:28:42.958+0000] {logging_mixin.py:137} INFO - [2023-01-26T17:28:42.958+0000] {dag.py:3441} INFO - Setting next_dagrun for example_short_circuit_decorator to 2023-01-25T17:28:42.958377+00:00, run_after=2023-01-26T17:28:42.958377+00:00
[2023-01-26T17:28:42.988+0000] {processor.py:175} INFO - Processing /home/airflow/.local/lib/python3.7/site-packages/airflow/example_dags/example_short_circuit_decorator.py took 0.128 seconds
[2023-01-26T17:29:13.158+0000] {processor.py:153} INFO - Started process (PID=1925) to work on /home/airflow/.local/lib/python3.7/site-packages/airflow/example_dags/example_short_circuit_decorator.py
[2023-01-26T17:29:13.159+0000] {processor.py:743} INFO - Processing file /home/airflow/.local/lib/python3.7/site-packages/airflow/example_dags/example_short_circuit_decorator.py for tasks to queue
[2023-01-26T17:29:13.160+0000] {logging_mixin.py:137} INFO - [2023-01-26T17:29:13.160+0000] {dagbag.py:538} INFO - Filling up the DagBag from /home/airflow/.local/lib/python3.7/site-packages/airflow/example_dags/example_short_circuit_decorator.py
[2023-01-26T17:29:13.193+0000] {processor.py:753} INFO - DAG(s) dict_keys(['example_short_circuit_decorator']) retrieved from /home/airflow/.local/lib/python3.7/site-packages/airflow/example_dags/example_short_circuit_decorator.py
[2023-01-26T17:29:13.229+0000] {logging_mixin.py:137} INFO - [2023-01-26T17:29:13.229+0000] {dag.py:2690} INFO - Sync 1 DAGs
[2023-01-26T17:29:13.262+0000] {logging_mixin.py:137} INFO - [2023-01-26T17:29:13.261+0000] {dag.py:3441} INFO - Setting next_dagrun for example_short_circuit_decorator to 2023-01-25T17:29:13.261704+00:00, run_after=2023-01-26T17:29:13.261704+00:00
[2023-01-26T17:29:13.289+0000] {processor.py:175} INFO - Processing /home/airflow/.local/lib/python3.7/site-packages/airflow/example_dags/example_short_circuit_decorator.py took 0.137 seconds
[2023-01-26T17:29:43.825+0000] {processor.py:153} INFO - Started process (PID=1993) to work on /home/airflow/.local/lib/python3.7/site-packages/airflow/example_dags/example_short_circuit_decorator.py
[2023-01-26T17:29:43.827+0000] {processor.py:743} INFO - Processing file /home/airflow/.local/lib/python3.7/site-packages/airflow/example_dags/example_short_circuit_decorator.py for tasks to queue
[2023-01-26T17:29:43.828+0000] {logging_mixin.py:137} INFO - [2023-01-26T17:29:43.827+0000] {dagbag.py:538} INFO - Filling up the DagBag from /home/airflow/.local/lib/python3.7/site-packages/airflow/example_dags/example_short_circuit_decorator.py
[2023-01-26T17:29:43.857+0000] {processor.py:753} INFO - DAG(s) dict_keys(['example_short_circuit_decorator']) retrieved from /home/airflow/.local/lib/python3.7/site-packages/airflow/example_dags/example_short_circuit_decorator.py
[2023-01-26T17:29:43.890+0000] {logging_mixin.py:137} INFO - [2023-01-26T17:29:43.890+0000] {dag.py:2690} INFO - Sync 1 DAGs
[2023-01-26T17:29:43.914+0000] {logging_mixin.py:137} INFO - [2023-01-26T17:29:43.913+0000] {dag.py:3441} INFO - Setting next_dagrun for example_short_circuit_decorator to 2023-01-25T17:29:43.913644+00:00, run_after=2023-01-26T17:29:43.913644+00:00
[2023-01-26T17:29:43.938+0000] {processor.py:175} INFO - Processing /home/airflow/.local/lib/python3.7/site-packages/airflow/example_dags/example_short_circuit_decorator.py took 0.116 seconds
[2023-01-26T17:30:14.682+0000] {processor.py:153} INFO - Started process (PID=2071) to work on /home/airflow/.local/lib/python3.7/site-packages/airflow/example_dags/example_short_circuit_decorator.py
[2023-01-26T17:30:14.683+0000] {processor.py:743} INFO - Processing file /home/airflow/.local/lib/python3.7/site-packages/airflow/example_dags/example_short_circuit_decorator.py for tasks to queue
[2023-01-26T17:30:14.683+0000] {logging_mixin.py:137} INFO - [2023-01-26T17:30:14.683+0000] {dagbag.py:538} INFO - Filling up the DagBag from /home/airflow/.local/lib/python3.7/site-packages/airflow/example_dags/example_short_circuit_decorator.py
[2023-01-26T17:30:14.707+0000] {processor.py:753} INFO - DAG(s) dict_keys(['example_short_circuit_decorator']) retrieved from /home/airflow/.local/lib/python3.7/site-packages/airflow/example_dags/example_short_circuit_decorator.py
[2023-01-26T17:30:14.732+0000] {logging_mixin.py:137} INFO - [2023-01-26T17:30:14.732+0000] {dag.py:2690} INFO - Sync 1 DAGs
[2023-01-26T17:30:14.755+0000] {logging_mixin.py:137} INFO - [2023-01-26T17:30:14.755+0000] {dag.py:3441} INFO - Setting next_dagrun for example_short_circuit_decorator to 2023-01-25T17:30:14.754960+00:00, run_after=2023-01-26T17:30:14.754960+00:00
[2023-01-26T17:30:14.777+0000] {processor.py:175} INFO - Processing /home/airflow/.local/lib/python3.7/site-packages/airflow/example_dags/example_short_circuit_decorator.py took 0.099 seconds
[2023-01-26T17:30:45.365+0000] {processor.py:153} INFO - Started process (PID=2136) to work on /home/airflow/.local/lib/python3.7/site-packages/airflow/example_dags/example_short_circuit_decorator.py
[2023-01-26T17:30:45.366+0000] {processor.py:743} INFO - Processing file /home/airflow/.local/lib/python3.7/site-packages/airflow/example_dags/example_short_circuit_decorator.py for tasks to queue
[2023-01-26T17:30:45.366+0000] {logging_mixin.py:137} INFO - [2023-01-26T17:30:45.366+0000] {dagbag.py:538} INFO - Filling up the DagBag from /home/airflow/.local/lib/python3.7/site-packages/airflow/example_dags/example_short_circuit_decorator.py
[2023-01-26T17:30:45.389+0000] {processor.py:753} INFO - DAG(s) dict_keys(['example_short_circuit_decorator']) retrieved from /home/airflow/.local/lib/python3.7/site-packages/airflow/example_dags/example_short_circuit_decorator.py
[2023-01-26T17:30:45.415+0000] {logging_mixin.py:137} INFO - [2023-01-26T17:30:45.415+0000] {dag.py:2690} INFO - Sync 1 DAGs
[2023-01-26T17:30:45.438+0000] {logging_mixin.py:137} INFO - [2023-01-26T17:30:45.438+0000] {dag.py:3441} INFO - Setting next_dagrun for example_short_circuit_decorator to 2023-01-25T17:30:45.438215+00:00, run_after=2023-01-26T17:30:45.438215+00:00
[2023-01-26T17:30:45.462+0000] {processor.py:175} INFO - Processing /home/airflow/.local/lib/python3.7/site-packages/airflow/example_dags/example_short_circuit_decorator.py took 0.100 seconds
[2023-01-26T17:31:16.353+0000] {processor.py:153} INFO - Started process (PID=2216) to work on /home/airflow/.local/lib/python3.7/site-packages/airflow/example_dags/example_short_circuit_decorator.py
[2023-01-26T17:31:16.354+0000] {processor.py:743} INFO - Processing file /home/airflow/.local/lib/python3.7/site-packages/airflow/example_dags/example_short_circuit_decorator.py for tasks to queue
[2023-01-26T17:31:16.355+0000] {logging_mixin.py:137} INFO - [2023-01-26T17:31:16.354+0000] {dagbag.py:538} INFO - Filling up the DagBag from /home/airflow/.local/lib/python3.7/site-packages/airflow/example_dags/example_short_circuit_decorator.py
[2023-01-26T17:31:16.388+0000] {processor.py:753} INFO - DAG(s) dict_keys(['example_short_circuit_decorator']) retrieved from /home/airflow/.local/lib/python3.7/site-packages/airflow/example_dags/example_short_circuit_decorator.py
[2023-01-26T17:31:16.423+0000] {logging_mixin.py:137} INFO - [2023-01-26T17:31:16.423+0000] {dag.py:2690} INFO - Sync 1 DAGs
[2023-01-26T17:31:16.447+0000] {logging_mixin.py:137} INFO - [2023-01-26T17:31:16.447+0000] {dag.py:3441} INFO - Setting next_dagrun for example_short_circuit_decorator to 2023-01-25T17:31:16.447442+00:00, run_after=2023-01-26T17:31:16.447442+00:00
[2023-01-26T17:31:16.472+0000] {processor.py:175} INFO - Processing /home/airflow/.local/lib/python3.7/site-packages/airflow/example_dags/example_short_circuit_decorator.py took 0.125 seconds
[2023-01-26T17:31:46.625+0000] {processor.py:153} INFO - Started process (PID=2281) to work on /home/airflow/.local/lib/python3.7/site-packages/airflow/example_dags/example_short_circuit_decorator.py
[2023-01-26T17:31:46.625+0000] {processor.py:743} INFO - Processing file /home/airflow/.local/lib/python3.7/site-packages/airflow/example_dags/example_short_circuit_decorator.py for tasks to queue
[2023-01-26T17:31:46.626+0000] {logging_mixin.py:137} INFO - [2023-01-26T17:31:46.626+0000] {dagbag.py:538} INFO - Filling up the DagBag from /home/airflow/.local/lib/python3.7/site-packages/airflow/example_dags/example_short_circuit_decorator.py
[2023-01-26T17:31:46.650+0000] {processor.py:753} INFO - DAG(s) dict_keys(['example_short_circuit_decorator']) retrieved from /home/airflow/.local/lib/python3.7/site-packages/airflow/example_dags/example_short_circuit_decorator.py
[2023-01-26T17:31:46.674+0000] {logging_mixin.py:137} INFO - [2023-01-26T17:31:46.674+0000] {dag.py:2690} INFO - Sync 1 DAGs
[2023-01-26T17:31:46.698+0000] {logging_mixin.py:137} INFO - [2023-01-26T17:31:46.698+0000] {dag.py:3441} INFO - Setting next_dagrun for example_short_circuit_decorator to 2023-01-25T17:31:46.697868+00:00, run_after=2023-01-26T17:31:46.697868+00:00
[2023-01-26T17:31:46.726+0000] {processor.py:175} INFO - Processing /home/airflow/.local/lib/python3.7/site-packages/airflow/example_dags/example_short_circuit_decorator.py took 0.105 seconds
[2023-01-26T17:32:16.848+0000] {processor.py:153} INFO - Started process (PID=2357) to work on /home/airflow/.local/lib/python3.7/site-packages/airflow/example_dags/example_short_circuit_decorator.py
[2023-01-26T17:32:16.849+0000] {processor.py:743} INFO - Processing file /home/airflow/.local/lib/python3.7/site-packages/airflow/example_dags/example_short_circuit_decorator.py for tasks to queue
[2023-01-26T17:32:16.850+0000] {logging_mixin.py:137} INFO - [2023-01-26T17:32:16.850+0000] {dagbag.py:538} INFO - Filling up the DagBag from /home/airflow/.local/lib/python3.7/site-packages/airflow/example_dags/example_short_circuit_decorator.py
[2023-01-26T17:32:16.883+0000] {processor.py:753} INFO - DAG(s) dict_keys(['example_short_circuit_decorator']) retrieved from /home/airflow/.local/lib/python3.7/site-packages/airflow/example_dags/example_short_circuit_decorator.py
[2023-01-26T17:32:16.915+0000] {logging_mixin.py:137} INFO - [2023-01-26T17:32:16.914+0000] {dag.py:2690} INFO - Sync 1 DAGs
[2023-01-26T17:32:16.949+0000] {logging_mixin.py:137} INFO - [2023-01-26T17:32:16.949+0000] {dag.py:3441} INFO - Setting next_dagrun for example_short_circuit_decorator to 2023-01-25T17:32:16.947317+00:00, run_after=2023-01-26T17:32:16.947317+00:00
[2023-01-26T17:32:16.982+0000] {processor.py:175} INFO - Processing /home/airflow/.local/lib/python3.7/site-packages/airflow/example_dags/example_short_circuit_decorator.py took 0.138 seconds
[2023-01-26T17:32:47.398+0000] {processor.py:153} INFO - Started process (PID=2424) to work on /home/airflow/.local/lib/python3.7/site-packages/airflow/example_dags/example_short_circuit_decorator.py
[2023-01-26T17:32:47.399+0000] {processor.py:743} INFO - Processing file /home/airflow/.local/lib/python3.7/site-packages/airflow/example_dags/example_short_circuit_decorator.py for tasks to queue
[2023-01-26T17:32:47.400+0000] {logging_mixin.py:137} INFO - [2023-01-26T17:32:47.400+0000] {dagbag.py:538} INFO - Filling up the DagBag from /home/airflow/.local/lib/python3.7/site-packages/airflow/example_dags/example_short_circuit_decorator.py
[2023-01-26T17:32:47.425+0000] {processor.py:753} INFO - DAG(s) dict_keys(['example_short_circuit_decorator']) retrieved from /home/airflow/.local/lib/python3.7/site-packages/airflow/example_dags/example_short_circuit_decorator.py
[2023-01-26T17:32:47.449+0000] {logging_mixin.py:137} INFO - [2023-01-26T17:32:47.449+0000] {dag.py:2690} INFO - Sync 1 DAGs
[2023-01-26T17:32:47.472+0000] {logging_mixin.py:137} INFO - [2023-01-26T17:32:47.472+0000] {dag.py:3441} INFO - Setting next_dagrun for example_short_circuit_decorator to 2023-01-25T17:32:47.472472+00:00, run_after=2023-01-26T17:32:47.472472+00:00
[2023-01-26T17:32:47.496+0000] {processor.py:175} INFO - Processing /home/airflow/.local/lib/python3.7/site-packages/airflow/example_dags/example_short_circuit_decorator.py took 0.101 seconds
[2023-01-26T17:33:17.612+0000] {processor.py:153} INFO - Started process (PID=2496) to work on /home/airflow/.local/lib/python3.7/site-packages/airflow/example_dags/example_short_circuit_decorator.py
[2023-01-26T17:33:17.625+0000] {processor.py:743} INFO - Processing file /home/airflow/.local/lib/python3.7/site-packages/airflow/example_dags/example_short_circuit_decorator.py for tasks to queue
[2023-01-26T17:33:17.626+0000] {logging_mixin.py:137} INFO - [2023-01-26T17:33:17.626+0000] {dagbag.py:538} INFO - Filling up the DagBag from /home/airflow/.local/lib/python3.7/site-packages/airflow/example_dags/example_short_circuit_decorator.py
[2023-01-26T17:33:17.667+0000] {processor.py:753} INFO - DAG(s) dict_keys(['example_short_circuit_decorator']) retrieved from /home/airflow/.local/lib/python3.7/site-packages/airflow/example_dags/example_short_circuit_decorator.py
[2023-01-26T17:33:17.703+0000] {logging_mixin.py:137} INFO - [2023-01-26T17:33:17.703+0000] {dag.py:2690} INFO - Sync 1 DAGs
[2023-01-26T17:33:17.740+0000] {logging_mixin.py:137} INFO - [2023-01-26T17:33:17.740+0000] {dag.py:3441} INFO - Setting next_dagrun for example_short_circuit_decorator to 2023-01-25T17:33:17.740361+00:00, run_after=2023-01-26T17:33:17.740361+00:00
[2023-01-26T17:33:17.777+0000] {processor.py:175} INFO - Processing /home/airflow/.local/lib/python3.7/site-packages/airflow/example_dags/example_short_circuit_decorator.py took 0.169 seconds
[2023-01-26T17:33:48.543+0000] {processor.py:153} INFO - Started process (PID=2566) to work on /home/airflow/.local/lib/python3.7/site-packages/airflow/example_dags/example_short_circuit_decorator.py
[2023-01-26T17:33:48.544+0000] {processor.py:743} INFO - Processing file /home/airflow/.local/lib/python3.7/site-packages/airflow/example_dags/example_short_circuit_decorator.py for tasks to queue
[2023-01-26T17:33:48.544+0000] {logging_mixin.py:137} INFO - [2023-01-26T17:33:48.544+0000] {dagbag.py:538} INFO - Filling up the DagBag from /home/airflow/.local/lib/python3.7/site-packages/airflow/example_dags/example_short_circuit_decorator.py
[2023-01-26T17:33:48.568+0000] {processor.py:753} INFO - DAG(s) dict_keys(['example_short_circuit_decorator']) retrieved from /home/airflow/.local/lib/python3.7/site-packages/airflow/example_dags/example_short_circuit_decorator.py
[2023-01-26T17:33:48.591+0000] {logging_mixin.py:137} INFO - [2023-01-26T17:33:48.590+0000] {dag.py:2690} INFO - Sync 1 DAGs
[2023-01-26T17:33:48.614+0000] {logging_mixin.py:137} INFO - [2023-01-26T17:33:48.614+0000] {dag.py:3441} INFO - Setting next_dagrun for example_short_circuit_decorator to 2023-01-25T17:33:48.614465+00:00, run_after=2023-01-26T17:33:48.614465+00:00
[2023-01-26T17:33:48.638+0000] {processor.py:175} INFO - Processing /home/airflow/.local/lib/python3.7/site-packages/airflow/example_dags/example_short_circuit_decorator.py took 0.098 seconds
[2023-01-26T17:34:19.352+0000] {processor.py:153} INFO - Started process (PID=2631) to work on /home/airflow/.local/lib/python3.7/site-packages/airflow/example_dags/example_short_circuit_decorator.py
[2023-01-26T17:34:19.353+0000] {processor.py:743} INFO - Processing file /home/airflow/.local/lib/python3.7/site-packages/airflow/example_dags/example_short_circuit_decorator.py for tasks to queue
[2023-01-26T17:34:19.354+0000] {logging_mixin.py:137} INFO - [2023-01-26T17:34:19.354+0000] {dagbag.py:538} INFO - Filling up the DagBag from /home/airflow/.local/lib/python3.7/site-packages/airflow/example_dags/example_short_circuit_decorator.py
[2023-01-26T17:34:19.392+0000] {processor.py:753} INFO - DAG(s) dict_keys(['example_short_circuit_decorator']) retrieved from /home/airflow/.local/lib/python3.7/site-packages/airflow/example_dags/example_short_circuit_decorator.py
[2023-01-26T17:34:19.430+0000] {logging_mixin.py:137} INFO - [2023-01-26T17:34:19.430+0000] {dag.py:2690} INFO - Sync 1 DAGs
[2023-01-26T17:34:19.466+0000] {logging_mixin.py:137} INFO - [2023-01-26T17:34:19.466+0000] {dag.py:3441} INFO - Setting next_dagrun for example_short_circuit_decorator to 2023-01-25T17:34:19.466275+00:00, run_after=2023-01-26T17:34:19.466275+00:00
[2023-01-26T17:34:19.497+0000] {processor.py:175} INFO - Processing /home/airflow/.local/lib/python3.7/site-packages/airflow/example_dags/example_short_circuit_decorator.py took 0.149 seconds
[2023-01-26T17:34:49.973+0000] {processor.py:153} INFO - Started process (PID=2708) to work on /home/airflow/.local/lib/python3.7/site-packages/airflow/example_dags/example_short_circuit_decorator.py
[2023-01-26T17:34:49.974+0000] {processor.py:743} INFO - Processing file /home/airflow/.local/lib/python3.7/site-packages/airflow/example_dags/example_short_circuit_decorator.py for tasks to queue
[2023-01-26T17:34:49.974+0000] {logging_mixin.py:137} INFO - [2023-01-26T17:34:49.974+0000] {dagbag.py:538} INFO - Filling up the DagBag from /home/airflow/.local/lib/python3.7/site-packages/airflow/example_dags/example_short_circuit_decorator.py
[2023-01-26T17:34:50.000+0000] {processor.py:753} INFO - DAG(s) dict_keys(['example_short_circuit_decorator']) retrieved from /home/airflow/.local/lib/python3.7/site-packages/airflow/example_dags/example_short_circuit_decorator.py
[2023-01-26T17:34:50.027+0000] {logging_mixin.py:137} INFO - [2023-01-26T17:34:50.027+0000] {dag.py:2690} INFO - Sync 1 DAGs
[2023-01-26T17:34:50.049+0000] {logging_mixin.py:137} INFO - [2023-01-26T17:34:50.049+0000] {dag.py:3441} INFO - Setting next_dagrun for example_short_circuit_decorator to 2023-01-25T17:34:50.049605+00:00, run_after=2023-01-26T17:34:50.049605+00:00
[2023-01-26T17:34:50.073+0000] {processor.py:175} INFO - Processing /home/airflow/.local/lib/python3.7/site-packages/airflow/example_dags/example_short_circuit_decorator.py took 0.103 seconds
[2023-01-26T17:35:20.858+0000] {processor.py:153} INFO - Started process (PID=2773) to work on /home/airflow/.local/lib/python3.7/site-packages/airflow/example_dags/example_short_circuit_decorator.py
[2023-01-26T17:35:20.859+0000] {processor.py:743} INFO - Processing file /home/airflow/.local/lib/python3.7/site-packages/airflow/example_dags/example_short_circuit_decorator.py for tasks to queue
[2023-01-26T17:35:20.860+0000] {logging_mixin.py:137} INFO - [2023-01-26T17:35:20.859+0000] {dagbag.py:538} INFO - Filling up the DagBag from /home/airflow/.local/lib/python3.7/site-packages/airflow/example_dags/example_short_circuit_decorator.py
[2023-01-26T17:35:20.894+0000] {processor.py:753} INFO - DAG(s) dict_keys(['example_short_circuit_decorator']) retrieved from /home/airflow/.local/lib/python3.7/site-packages/airflow/example_dags/example_short_circuit_decorator.py
[2023-01-26T17:35:20.943+0000] {logging_mixin.py:137} INFO - [2023-01-26T17:35:20.941+0000] {dag.py:2690} INFO - Sync 1 DAGs
[2023-01-26T17:35:21.023+0000] {logging_mixin.py:137} INFO - [2023-01-26T17:35:21.023+0000] {dag.py:3441} INFO - Setting next_dagrun for example_short_circuit_decorator to 2023-01-25T17:35:21.023057+00:00, run_after=2023-01-26T17:35:21.023057+00:00
[2023-01-26T17:35:21.058+0000] {processor.py:175} INFO - Processing /home/airflow/.local/lib/python3.7/site-packages/airflow/example_dags/example_short_circuit_decorator.py took 0.205 seconds
[2023-01-26T17:35:51.931+0000] {processor.py:153} INFO - Started process (PID=2851) to work on /home/airflow/.local/lib/python3.7/site-packages/airflow/example_dags/example_short_circuit_decorator.py
[2023-01-26T17:35:51.932+0000] {processor.py:743} INFO - Processing file /home/airflow/.local/lib/python3.7/site-packages/airflow/example_dags/example_short_circuit_decorator.py for tasks to queue
[2023-01-26T17:35:51.932+0000] {logging_mixin.py:137} INFO - [2023-01-26T17:35:51.932+0000] {dagbag.py:538} INFO - Filling up the DagBag from /home/airflow/.local/lib/python3.7/site-packages/airflow/example_dags/example_short_circuit_decorator.py
[2023-01-26T17:35:51.957+0000] {processor.py:753} INFO - DAG(s) dict_keys(['example_short_circuit_decorator']) retrieved from /home/airflow/.local/lib/python3.7/site-packages/airflow/example_dags/example_short_circuit_decorator.py
[2023-01-26T17:35:51.984+0000] {logging_mixin.py:137} INFO - [2023-01-26T17:35:51.984+0000] {dag.py:2690} INFO - Sync 1 DAGs
[2023-01-26T17:35:52.017+0000] {logging_mixin.py:137} INFO - [2023-01-26T17:35:52.016+0000] {dag.py:3441} INFO - Setting next_dagrun for example_short_circuit_decorator to 2023-01-25T17:35:52.016520+00:00, run_after=2023-01-26T17:35:52.016520+00:00
[2023-01-26T17:35:52.047+0000] {processor.py:175} INFO - Processing /home/airflow/.local/lib/python3.7/site-packages/airflow/example_dags/example_short_circuit_decorator.py took 0.120 seconds
[2023-01-26T17:36:22.722+0000] {processor.py:153} INFO - Started process (PID=2923) to work on /home/airflow/.local/lib/python3.7/site-packages/airflow/example_dags/example_short_circuit_decorator.py
[2023-01-26T17:36:22.723+0000] {processor.py:743} INFO - Processing file /home/airflow/.local/lib/python3.7/site-packages/airflow/example_dags/example_short_circuit_decorator.py for tasks to queue
[2023-01-26T17:36:22.724+0000] {logging_mixin.py:137} INFO - [2023-01-26T17:36:22.723+0000] {dagbag.py:538} INFO - Filling up the DagBag from /home/airflow/.local/lib/python3.7/site-packages/airflow/example_dags/example_short_circuit_decorator.py
[2023-01-26T17:36:22.759+0000] {processor.py:753} INFO - DAG(s) dict_keys(['example_short_circuit_decorator']) retrieved from /home/airflow/.local/lib/python3.7/site-packages/airflow/example_dags/example_short_circuit_decorator.py
[2023-01-26T17:36:22.803+0000] {logging_mixin.py:137} INFO - [2023-01-26T17:36:22.803+0000] {dag.py:2690} INFO - Sync 1 DAGs
[2023-01-26T17:36:22.843+0000] {logging_mixin.py:137} INFO - [2023-01-26T17:36:22.843+0000] {dag.py:3441} INFO - Setting next_dagrun for example_short_circuit_decorator to 2023-01-25T17:36:22.842818+00:00, run_after=2023-01-26T17:36:22.842818+00:00
[2023-01-26T17:36:22.885+0000] {processor.py:175} INFO - Processing /home/airflow/.local/lib/python3.7/site-packages/airflow/example_dags/example_short_circuit_decorator.py took 0.168 seconds
[2023-01-26T17:36:53.575+0000] {processor.py:153} INFO - Started process (PID=2993) to work on /home/airflow/.local/lib/python3.7/site-packages/airflow/example_dags/example_short_circuit_decorator.py
[2023-01-26T17:36:53.581+0000] {processor.py:743} INFO - Processing file /home/airflow/.local/lib/python3.7/site-packages/airflow/example_dags/example_short_circuit_decorator.py for tasks to queue
[2023-01-26T17:36:53.582+0000] {logging_mixin.py:137} INFO - [2023-01-26T17:36:53.582+0000] {dagbag.py:538} INFO - Filling up the DagBag from /home/airflow/.local/lib/python3.7/site-packages/airflow/example_dags/example_short_circuit_decorator.py
[2023-01-26T17:36:53.609+0000] {processor.py:753} INFO - DAG(s) dict_keys(['example_short_circuit_decorator']) retrieved from /home/airflow/.local/lib/python3.7/site-packages/airflow/example_dags/example_short_circuit_decorator.py
[2023-01-26T17:36:53.633+0000] {logging_mixin.py:137} INFO - [2023-01-26T17:36:53.632+0000] {dag.py:2690} INFO - Sync 1 DAGs
[2023-01-26T17:36:53.657+0000] {logging_mixin.py:137} INFO - [2023-01-26T17:36:53.657+0000] {dag.py:3441} INFO - Setting next_dagrun for example_short_circuit_decorator to 2023-01-25T17:36:53.656919+00:00, run_after=2023-01-26T17:36:53.656919+00:00
[2023-01-26T17:36:53.682+0000] {processor.py:175} INFO - Processing /home/airflow/.local/lib/python3.7/site-packages/airflow/example_dags/example_short_circuit_decorator.py took 0.112 seconds
[2023-01-26T17:37:24.537+0000] {processor.py:153} INFO - Started process (PID=3067) to work on /home/airflow/.local/lib/python3.7/site-packages/airflow/example_dags/example_short_circuit_decorator.py
[2023-01-26T17:37:24.538+0000] {processor.py:743} INFO - Processing file /home/airflow/.local/lib/python3.7/site-packages/airflow/example_dags/example_short_circuit_decorator.py for tasks to queue
[2023-01-26T17:37:24.539+0000] {logging_mixin.py:137} INFO - [2023-01-26T17:37:24.539+0000] {dagbag.py:538} INFO - Filling up the DagBag from /home/airflow/.local/lib/python3.7/site-packages/airflow/example_dags/example_short_circuit_decorator.py
[2023-01-26T17:37:24.574+0000] {processor.py:753} INFO - DAG(s) dict_keys(['example_short_circuit_decorator']) retrieved from /home/airflow/.local/lib/python3.7/site-packages/airflow/example_dags/example_short_circuit_decorator.py
[2023-01-26T17:37:24.606+0000] {logging_mixin.py:137} INFO - [2023-01-26T17:37:24.606+0000] {dag.py:2690} INFO - Sync 1 DAGs
[2023-01-26T17:37:24.641+0000] {logging_mixin.py:137} INFO - [2023-01-26T17:37:24.641+0000] {dag.py:3441} INFO - Setting next_dagrun for example_short_circuit_decorator to 2023-01-25T17:37:24.640779+00:00, run_after=2023-01-26T17:37:24.640779+00:00
[2023-01-26T17:37:24.673+0000] {processor.py:175} INFO - Processing /home/airflow/.local/lib/python3.7/site-packages/airflow/example_dags/example_short_circuit_decorator.py took 0.142 seconds
[2023-01-26T17:37:55.308+0000] {processor.py:153} INFO - Started process (PID=3135) to work on /home/airflow/.local/lib/python3.7/site-packages/airflow/example_dags/example_short_circuit_decorator.py
[2023-01-26T17:37:55.309+0000] {processor.py:743} INFO - Processing file /home/airflow/.local/lib/python3.7/site-packages/airflow/example_dags/example_short_circuit_decorator.py for tasks to queue
[2023-01-26T17:37:55.310+0000] {logging_mixin.py:137} INFO - [2023-01-26T17:37:55.310+0000] {dagbag.py:538} INFO - Filling up the DagBag from /home/airflow/.local/lib/python3.7/site-packages/airflow/example_dags/example_short_circuit_decorator.py
[2023-01-26T17:37:55.336+0000] {processor.py:753} INFO - DAG(s) dict_keys(['example_short_circuit_decorator']) retrieved from /home/airflow/.local/lib/python3.7/site-packages/airflow/example_dags/example_short_circuit_decorator.py
[2023-01-26T17:37:55.364+0000] {logging_mixin.py:137} INFO - [2023-01-26T17:37:55.364+0000] {dag.py:2690} INFO - Sync 1 DAGs
[2023-01-26T17:37:55.389+0000] {logging_mixin.py:137} INFO - [2023-01-26T17:37:55.389+0000] {dag.py:3441} INFO - Setting next_dagrun for example_short_circuit_decorator to 2023-01-25T17:37:55.388888+00:00, run_after=2023-01-26T17:37:55.388888+00:00
[2023-01-26T17:37:55.414+0000] {processor.py:175} INFO - Processing /home/airflow/.local/lib/python3.7/site-packages/airflow/example_dags/example_short_circuit_decorator.py took 0.109 seconds
[2023-01-26T17:38:26.337+0000] {processor.py:153} INFO - Started process (PID=3210) to work on /home/airflow/.local/lib/python3.7/site-packages/airflow/example_dags/example_short_circuit_decorator.py
[2023-01-26T17:38:26.346+0000] {processor.py:743} INFO - Processing file /home/airflow/.local/lib/python3.7/site-packages/airflow/example_dags/example_short_circuit_decorator.py for tasks to queue
[2023-01-26T17:38:26.347+0000] {logging_mixin.py:137} INFO - [2023-01-26T17:38:26.346+0000] {dagbag.py:538} INFO - Filling up the DagBag from /home/airflow/.local/lib/python3.7/site-packages/airflow/example_dags/example_short_circuit_decorator.py
[2023-01-26T17:38:26.391+0000] {processor.py:753} INFO - DAG(s) dict_keys(['example_short_circuit_decorator']) retrieved from /home/airflow/.local/lib/python3.7/site-packages/airflow/example_dags/example_short_circuit_decorator.py
[2023-01-26T17:38:26.450+0000] {logging_mixin.py:137} INFO - [2023-01-26T17:38:26.449+0000] {dag.py:2690} INFO - Sync 1 DAGs
[2023-01-26T17:38:26.520+0000] {logging_mixin.py:137} INFO - [2023-01-26T17:38:26.520+0000] {dag.py:3441} INFO - Setting next_dagrun for example_short_circuit_decorator to 2023-01-25T17:38:26.519741+00:00, run_after=2023-01-26T17:38:26.519741+00:00
[2023-01-26T17:38:26.565+0000] {processor.py:175} INFO - Processing /home/airflow/.local/lib/python3.7/site-packages/airflow/example_dags/example_short_circuit_decorator.py took 0.242 seconds
[2023-01-26T17:38:56.686+0000] {processor.py:153} INFO - Started process (PID=3278) to work on /home/airflow/.local/lib/python3.7/site-packages/airflow/example_dags/example_short_circuit_decorator.py
[2023-01-26T17:38:56.687+0000] {processor.py:743} INFO - Processing file /home/airflow/.local/lib/python3.7/site-packages/airflow/example_dags/example_short_circuit_decorator.py for tasks to queue
[2023-01-26T17:38:56.688+0000] {logging_mixin.py:137} INFO - [2023-01-26T17:38:56.688+0000] {dagbag.py:538} INFO - Filling up the DagBag from /home/airflow/.local/lib/python3.7/site-packages/airflow/example_dags/example_short_circuit_decorator.py
[2023-01-26T17:38:56.713+0000] {processor.py:753} INFO - DAG(s) dict_keys(['example_short_circuit_decorator']) retrieved from /home/airflow/.local/lib/python3.7/site-packages/airflow/example_dags/example_short_circuit_decorator.py
[2023-01-26T17:38:56.738+0000] {logging_mixin.py:137} INFO - [2023-01-26T17:38:56.738+0000] {dag.py:2690} INFO - Sync 1 DAGs
[2023-01-26T17:38:56.762+0000] {logging_mixin.py:137} INFO - [2023-01-26T17:38:56.762+0000] {dag.py:3441} INFO - Setting next_dagrun for example_short_circuit_decorator to 2023-01-25T17:38:56.762020+00:00, run_after=2023-01-26T17:38:56.762020+00:00
[2023-01-26T17:38:56.795+0000] {processor.py:175} INFO - Processing /home/airflow/.local/lib/python3.7/site-packages/airflow/example_dags/example_short_circuit_decorator.py took 0.112 seconds
[2023-01-26T17:39:27.668+0000] {processor.py:153} INFO - Started process (PID=3351) to work on /home/airflow/.local/lib/python3.7/site-packages/airflow/example_dags/example_short_circuit_decorator.py
[2023-01-26T17:39:27.677+0000] {processor.py:743} INFO - Processing file /home/airflow/.local/lib/python3.7/site-packages/airflow/example_dags/example_short_circuit_decorator.py for tasks to queue
[2023-01-26T17:39:27.678+0000] {logging_mixin.py:137} INFO - [2023-01-26T17:39:27.678+0000] {dagbag.py:538} INFO - Filling up the DagBag from /home/airflow/.local/lib/python3.7/site-packages/airflow/example_dags/example_short_circuit_decorator.py
[2023-01-26T17:39:27.720+0000] {processor.py:753} INFO - DAG(s) dict_keys(['example_short_circuit_decorator']) retrieved from /home/airflow/.local/lib/python3.7/site-packages/airflow/example_dags/example_short_circuit_decorator.py
[2023-01-26T17:39:27.762+0000] {logging_mixin.py:137} INFO - [2023-01-26T17:39:27.761+0000] {dag.py:2690} INFO - Sync 1 DAGs
[2023-01-26T17:39:27.801+0000] {logging_mixin.py:137} INFO - [2023-01-26T17:39:27.800+0000] {dag.py:3441} INFO - Setting next_dagrun for example_short_circuit_decorator to 2023-01-25T17:39:27.800609+00:00, run_after=2023-01-26T17:39:27.800609+00:00
[2023-01-26T17:39:27.832+0000] {processor.py:175} INFO - Processing /home/airflow/.local/lib/python3.7/site-packages/airflow/example_dags/example_short_circuit_decorator.py took 0.170 seconds
[2023-01-26T17:39:58.022+0000] {processor.py:153} INFO - Started process (PID=3421) to work on /home/airflow/.local/lib/python3.7/site-packages/airflow/example_dags/example_short_circuit_decorator.py
[2023-01-26T17:39:58.023+0000] {processor.py:743} INFO - Processing file /home/airflow/.local/lib/python3.7/site-packages/airflow/example_dags/example_short_circuit_decorator.py for tasks to queue
[2023-01-26T17:39:58.024+0000] {logging_mixin.py:137} INFO - [2023-01-26T17:39:58.024+0000] {dagbag.py:538} INFO - Filling up the DagBag from /home/airflow/.local/lib/python3.7/site-packages/airflow/example_dags/example_short_circuit_decorator.py
[2023-01-26T17:39:58.049+0000] {processor.py:753} INFO - DAG(s) dict_keys(['example_short_circuit_decorator']) retrieved from /home/airflow/.local/lib/python3.7/site-packages/airflow/example_dags/example_short_circuit_decorator.py
[2023-01-26T17:39:58.077+0000] {logging_mixin.py:137} INFO - [2023-01-26T17:39:58.077+0000] {dag.py:2690} INFO - Sync 1 DAGs
[2023-01-26T17:39:58.100+0000] {logging_mixin.py:137} INFO - [2023-01-26T17:39:58.100+0000] {dag.py:3441} INFO - Setting next_dagrun for example_short_circuit_decorator to 2023-01-25T17:39:58.100231+00:00, run_after=2023-01-26T17:39:58.100231+00:00
[2023-01-26T17:39:58.126+0000] {processor.py:175} INFO - Processing /home/airflow/.local/lib/python3.7/site-packages/airflow/example_dags/example_short_circuit_decorator.py took 0.109 seconds
[2023-01-26T17:40:29.162+0000] {processor.py:153} INFO - Started process (PID=3487) to work on /home/airflow/.local/lib/python3.7/site-packages/airflow/example_dags/example_short_circuit_decorator.py
[2023-01-26T17:40:29.163+0000] {processor.py:743} INFO - Processing file /home/airflow/.local/lib/python3.7/site-packages/airflow/example_dags/example_short_circuit_decorator.py for tasks to queue
[2023-01-26T17:40:29.164+0000] {logging_mixin.py:137} INFO - [2023-01-26T17:40:29.164+0000] {dagbag.py:538} INFO - Filling up the DagBag from /home/airflow/.local/lib/python3.7/site-packages/airflow/example_dags/example_short_circuit_decorator.py
[2023-01-26T17:40:29.198+0000] {processor.py:753} INFO - DAG(s) dict_keys(['example_short_circuit_decorator']) retrieved from /home/airflow/.local/lib/python3.7/site-packages/airflow/example_dags/example_short_circuit_decorator.py
[2023-01-26T17:40:29.235+0000] {logging_mixin.py:137} INFO - [2023-01-26T17:40:29.235+0000] {dag.py:2690} INFO - Sync 1 DAGs
[2023-01-26T17:40:29.274+0000] {logging_mixin.py:137} INFO - [2023-01-26T17:40:29.273+0000] {dag.py:3441} INFO - Setting next_dagrun for example_short_circuit_decorator to 2023-01-25T17:40:29.273534+00:00, run_after=2023-01-26T17:40:29.273534+00:00
[2023-01-26T17:40:29.308+0000] {processor.py:175} INFO - Processing /home/airflow/.local/lib/python3.7/site-packages/airflow/example_dags/example_short_circuit_decorator.py took 0.150 seconds
[2023-01-26T17:40:59.460+0000] {processor.py:153} INFO - Started process (PID=3564) to work on /home/airflow/.local/lib/python3.7/site-packages/airflow/example_dags/example_short_circuit_decorator.py
[2023-01-26T17:40:59.461+0000] {processor.py:743} INFO - Processing file /home/airflow/.local/lib/python3.7/site-packages/airflow/example_dags/example_short_circuit_decorator.py for tasks to queue
[2023-01-26T17:40:59.462+0000] {logging_mixin.py:137} INFO - [2023-01-26T17:40:59.462+0000] {dagbag.py:538} INFO - Filling up the DagBag from /home/airflow/.local/lib/python3.7/site-packages/airflow/example_dags/example_short_circuit_decorator.py
[2023-01-26T17:40:59.486+0000] {processor.py:753} INFO - DAG(s) dict_keys(['example_short_circuit_decorator']) retrieved from /home/airflow/.local/lib/python3.7/site-packages/airflow/example_dags/example_short_circuit_decorator.py
[2023-01-26T17:40:59.511+0000] {logging_mixin.py:137} INFO - [2023-01-26T17:40:59.511+0000] {dag.py:2690} INFO - Sync 1 DAGs
[2023-01-26T17:40:59.535+0000] {logging_mixin.py:137} INFO - [2023-01-26T17:40:59.535+0000] {dag.py:3441} INFO - Setting next_dagrun for example_short_circuit_decorator to 2023-01-25T17:40:59.535007+00:00, run_after=2023-01-26T17:40:59.535007+00:00
[2023-01-26T17:40:59.559+0000] {processor.py:175} INFO - Processing /home/airflow/.local/lib/python3.7/site-packages/airflow/example_dags/example_short_circuit_decorator.py took 0.103 seconds
[2023-01-26T17:41:30.003+0000] {processor.py:153} INFO - Started process (PID=3630) to work on /home/airflow/.local/lib/python3.7/site-packages/airflow/example_dags/example_short_circuit_decorator.py
[2023-01-26T17:41:30.004+0000] {processor.py:743} INFO - Processing file /home/airflow/.local/lib/python3.7/site-packages/airflow/example_dags/example_short_circuit_decorator.py for tasks to queue
[2023-01-26T17:41:30.005+0000] {logging_mixin.py:137} INFO - [2023-01-26T17:41:30.005+0000] {dagbag.py:538} INFO - Filling up the DagBag from /home/airflow/.local/lib/python3.7/site-packages/airflow/example_dags/example_short_circuit_decorator.py
[2023-01-26T17:41:30.032+0000] {processor.py:753} INFO - DAG(s) dict_keys(['example_short_circuit_decorator']) retrieved from /home/airflow/.local/lib/python3.7/site-packages/airflow/example_dags/example_short_circuit_decorator.py
[2023-01-26T17:41:30.061+0000] {logging_mixin.py:137} INFO - [2023-01-26T17:41:30.061+0000] {dag.py:2690} INFO - Sync 1 DAGs
[2023-01-26T17:41:30.084+0000] {logging_mixin.py:137} INFO - [2023-01-26T17:41:30.083+0000] {dag.py:3441} INFO - Setting next_dagrun for example_short_circuit_decorator to 2023-01-25T17:41:30.083672+00:00, run_after=2023-01-26T17:41:30.083672+00:00
[2023-01-26T17:41:30.110+0000] {processor.py:175} INFO - Processing /home/airflow/.local/lib/python3.7/site-packages/airflow/example_dags/example_short_circuit_decorator.py took 0.114 seconds
[2023-01-26T17:42:00.512+0000] {processor.py:153} INFO - Started process (PID=3708) to work on /home/airflow/.local/lib/python3.7/site-packages/airflow/example_dags/example_short_circuit_decorator.py
[2023-01-26T17:42:00.513+0000] {processor.py:743} INFO - Processing file /home/airflow/.local/lib/python3.7/site-packages/airflow/example_dags/example_short_circuit_decorator.py for tasks to queue
[2023-01-26T17:42:00.514+0000] {logging_mixin.py:137} INFO - [2023-01-26T17:42:00.513+0000] {dagbag.py:538} INFO - Filling up the DagBag from /home/airflow/.local/lib/python3.7/site-packages/airflow/example_dags/example_short_circuit_decorator.py
[2023-01-26T17:42:00.542+0000] {processor.py:753} INFO - DAG(s) dict_keys(['example_short_circuit_decorator']) retrieved from /home/airflow/.local/lib/python3.7/site-packages/airflow/example_dags/example_short_circuit_decorator.py
[2023-01-26T17:42:00.567+0000] {logging_mixin.py:137} INFO - [2023-01-26T17:42:00.567+0000] {dag.py:2690} INFO - Sync 1 DAGs
[2023-01-26T17:42:00.592+0000] {logging_mixin.py:137} INFO - [2023-01-26T17:42:00.591+0000] {dag.py:3441} INFO - Setting next_dagrun for example_short_circuit_decorator to 2023-01-25T17:42:00.591640+00:00, run_after=2023-01-26T17:42:00.591640+00:00
[2023-01-26T17:42:00.619+0000] {processor.py:175} INFO - Processing /home/airflow/.local/lib/python3.7/site-packages/airflow/example_dags/example_short_circuit_decorator.py took 0.111 seconds
[2023-01-26T17:42:30.835+0000] {processor.py:153} INFO - Started process (PID=3773) to work on /home/airflow/.local/lib/python3.7/site-packages/airflow/example_dags/example_short_circuit_decorator.py
[2023-01-26T17:42:30.836+0000] {processor.py:743} INFO - Processing file /home/airflow/.local/lib/python3.7/site-packages/airflow/example_dags/example_short_circuit_decorator.py for tasks to queue
[2023-01-26T17:42:30.837+0000] {logging_mixin.py:137} INFO - [2023-01-26T17:42:30.837+0000] {dagbag.py:538} INFO - Filling up the DagBag from /home/airflow/.local/lib/python3.7/site-packages/airflow/example_dags/example_short_circuit_decorator.py
[2023-01-26T17:42:30.867+0000] {processor.py:753} INFO - DAG(s) dict_keys(['example_short_circuit_decorator']) retrieved from /home/airflow/.local/lib/python3.7/site-packages/airflow/example_dags/example_short_circuit_decorator.py
[2023-01-26T17:42:30.906+0000] {logging_mixin.py:137} INFO - [2023-01-26T17:42:30.905+0000] {dag.py:2690} INFO - Sync 1 DAGs
[2023-01-26T17:42:30.944+0000] {logging_mixin.py:137} INFO - [2023-01-26T17:42:30.944+0000] {dag.py:3441} INFO - Setting next_dagrun for example_short_circuit_decorator to 2023-01-25T17:42:30.944330+00:00, run_after=2023-01-26T17:42:30.944330+00:00
[2023-01-26T17:42:30.980+0000] {processor.py:175} INFO - Processing /home/airflow/.local/lib/python3.7/site-packages/airflow/example_dags/example_short_circuit_decorator.py took 0.150 seconds
[2023-01-26T17:43:01.192+0000] {processor.py:153} INFO - Started process (PID=3851) to work on /home/airflow/.local/lib/python3.7/site-packages/airflow/example_dags/example_short_circuit_decorator.py
[2023-01-26T17:43:01.193+0000] {processor.py:743} INFO - Processing file /home/airflow/.local/lib/python3.7/site-packages/airflow/example_dags/example_short_circuit_decorator.py for tasks to queue
[2023-01-26T17:43:01.194+0000] {logging_mixin.py:137} INFO - [2023-01-26T17:43:01.194+0000] {dagbag.py:538} INFO - Filling up the DagBag from /home/airflow/.local/lib/python3.7/site-packages/airflow/example_dags/example_short_circuit_decorator.py
[2023-01-26T17:43:01.219+0000] {processor.py:753} INFO - DAG(s) dict_keys(['example_short_circuit_decorator']) retrieved from /home/airflow/.local/lib/python3.7/site-packages/airflow/example_dags/example_short_circuit_decorator.py
[2023-01-26T17:43:01.243+0000] {logging_mixin.py:137} INFO - [2023-01-26T17:43:01.243+0000] {dag.py:2690} INFO - Sync 1 DAGs
[2023-01-26T17:43:01.268+0000] {logging_mixin.py:137} INFO - [2023-01-26T17:43:01.268+0000] {dag.py:3441} INFO - Setting next_dagrun for example_short_circuit_decorator to 2023-01-25T17:43:01.268006+00:00, run_after=2023-01-26T17:43:01.268006+00:00
[2023-01-26T17:43:01.292+0000] {processor.py:175} INFO - Processing /home/airflow/.local/lib/python3.7/site-packages/airflow/example_dags/example_short_circuit_decorator.py took 0.105 seconds
[2023-01-26T17:43:31.410+0000] {processor.py:153} INFO - Started process (PID=3916) to work on /home/airflow/.local/lib/python3.7/site-packages/airflow/example_dags/example_short_circuit_decorator.py
[2023-01-26T17:43:31.412+0000] {processor.py:743} INFO - Processing file /home/airflow/.local/lib/python3.7/site-packages/airflow/example_dags/example_short_circuit_decorator.py for tasks to queue
[2023-01-26T17:43:31.413+0000] {logging_mixin.py:137} INFO - [2023-01-26T17:43:31.412+0000] {dagbag.py:538} INFO - Filling up the DagBag from /home/airflow/.local/lib/python3.7/site-packages/airflow/example_dags/example_short_circuit_decorator.py
[2023-01-26T17:43:31.440+0000] {processor.py:753} INFO - DAG(s) dict_keys(['example_short_circuit_decorator']) retrieved from /home/airflow/.local/lib/python3.7/site-packages/airflow/example_dags/example_short_circuit_decorator.py
[2023-01-26T17:43:31.472+0000] {logging_mixin.py:137} INFO - [2023-01-26T17:43:31.472+0000] {dag.py:2690} INFO - Sync 1 DAGs
[2023-01-26T17:43:31.502+0000] {logging_mixin.py:137} INFO - [2023-01-26T17:43:31.502+0000] {dag.py:3441} INFO - Setting next_dagrun for example_short_circuit_decorator to 2023-01-25T17:43:31.502426+00:00, run_after=2023-01-26T17:43:31.502426+00:00
[2023-01-26T17:43:31.531+0000] {processor.py:175} INFO - Processing /home/airflow/.local/lib/python3.7/site-packages/airflow/example_dags/example_short_circuit_decorator.py took 0.125 seconds
[2023-01-26T17:44:01.610+0000] {processor.py:153} INFO - Started process (PID=3995) to work on /home/airflow/.local/lib/python3.7/site-packages/airflow/example_dags/example_short_circuit_decorator.py
[2023-01-26T17:44:01.611+0000] {processor.py:743} INFO - Processing file /home/airflow/.local/lib/python3.7/site-packages/airflow/example_dags/example_short_circuit_decorator.py for tasks to queue
[2023-01-26T17:44:01.612+0000] {logging_mixin.py:137} INFO - [2023-01-26T17:44:01.612+0000] {dagbag.py:538} INFO - Filling up the DagBag from /home/airflow/.local/lib/python3.7/site-packages/airflow/example_dags/example_short_circuit_decorator.py
[2023-01-26T17:44:01.640+0000] {processor.py:753} INFO - DAG(s) dict_keys(['example_short_circuit_decorator']) retrieved from /home/airflow/.local/lib/python3.7/site-packages/airflow/example_dags/example_short_circuit_decorator.py
[2023-01-26T17:44:01.671+0000] {logging_mixin.py:137} INFO - [2023-01-26T17:44:01.671+0000] {dag.py:2690} INFO - Sync 1 DAGs
[2023-01-26T17:44:01.700+0000] {logging_mixin.py:137} INFO - [2023-01-26T17:44:01.700+0000] {dag.py:3441} INFO - Setting next_dagrun for example_short_circuit_decorator to 2023-01-25T17:44:01.700031+00:00, run_after=2023-01-26T17:44:01.700031+00:00
[2023-01-26T17:44:01.726+0000] {processor.py:175} INFO - Processing /home/airflow/.local/lib/python3.7/site-packages/airflow/example_dags/example_short_circuit_decorator.py took 0.120 seconds
[2023-01-26T17:44:32.218+0000] {processor.py:153} INFO - Started process (PID=4061) to work on /home/airflow/.local/lib/python3.7/site-packages/airflow/example_dags/example_short_circuit_decorator.py
[2023-01-26T17:44:32.219+0000] {processor.py:743} INFO - Processing file /home/airflow/.local/lib/python3.7/site-packages/airflow/example_dags/example_short_circuit_decorator.py for tasks to queue
[2023-01-26T17:44:32.220+0000] {logging_mixin.py:137} INFO - [2023-01-26T17:44:32.219+0000] {dagbag.py:538} INFO - Filling up the DagBag from /home/airflow/.local/lib/python3.7/site-packages/airflow/example_dags/example_short_circuit_decorator.py
[2023-01-26T17:44:32.250+0000] {processor.py:753} INFO - DAG(s) dict_keys(['example_short_circuit_decorator']) retrieved from /home/airflow/.local/lib/python3.7/site-packages/airflow/example_dags/example_short_circuit_decorator.py
[2023-01-26T17:44:32.283+0000] {logging_mixin.py:137} INFO - [2023-01-26T17:44:32.282+0000] {dag.py:2690} INFO - Sync 1 DAGs
[2023-01-26T17:44:32.310+0000] {logging_mixin.py:137} INFO - [2023-01-26T17:44:32.309+0000] {dag.py:3441} INFO - Setting next_dagrun for example_short_circuit_decorator to 2023-01-25T17:44:32.309652+00:00, run_after=2023-01-26T17:44:32.309652+00:00
[2023-01-26T17:44:32.352+0000] {processor.py:175} INFO - Processing /home/airflow/.local/lib/python3.7/site-packages/airflow/example_dags/example_short_circuit_decorator.py took 0.139 seconds
[2023-01-26T17:45:02.507+0000] {processor.py:153} INFO - Started process (PID=4138) to work on /home/airflow/.local/lib/python3.7/site-packages/airflow/example_dags/example_short_circuit_decorator.py
[2023-01-26T17:45:02.508+0000] {processor.py:743} INFO - Processing file /home/airflow/.local/lib/python3.7/site-packages/airflow/example_dags/example_short_circuit_decorator.py for tasks to queue
[2023-01-26T17:45:02.509+0000] {logging_mixin.py:137} INFO - [2023-01-26T17:45:02.509+0000] {dagbag.py:538} INFO - Filling up the DagBag from /home/airflow/.local/lib/python3.7/site-packages/airflow/example_dags/example_short_circuit_decorator.py
[2023-01-26T17:45:02.546+0000] {processor.py:753} INFO - DAG(s) dict_keys(['example_short_circuit_decorator']) retrieved from /home/airflow/.local/lib/python3.7/site-packages/airflow/example_dags/example_short_circuit_decorator.py
[2023-01-26T17:45:02.580+0000] {logging_mixin.py:137} INFO - [2023-01-26T17:45:02.579+0000] {dag.py:2690} INFO - Sync 1 DAGs
[2023-01-26T17:45:02.613+0000] {logging_mixin.py:137} INFO - [2023-01-26T17:45:02.613+0000] {dag.py:3441} INFO - Setting next_dagrun for example_short_circuit_decorator to 2023-01-25T17:45:02.612815+00:00, run_after=2023-01-26T17:45:02.612815+00:00
[2023-01-26T17:45:02.646+0000] {processor.py:175} INFO - Processing /home/airflow/.local/lib/python3.7/site-packages/airflow/example_dags/example_short_circuit_decorator.py took 0.144 seconds
[2023-01-26T17:45:32.688+0000] {processor.py:153} INFO - Started process (PID=4203) to work on /home/airflow/.local/lib/python3.7/site-packages/airflow/example_dags/example_short_circuit_decorator.py
[2023-01-26T17:45:32.688+0000] {processor.py:743} INFO - Processing file /home/airflow/.local/lib/python3.7/site-packages/airflow/example_dags/example_short_circuit_decorator.py for tasks to queue
[2023-01-26T17:45:32.689+0000] {logging_mixin.py:137} INFO - [2023-01-26T17:45:32.689+0000] {dagbag.py:538} INFO - Filling up the DagBag from /home/airflow/.local/lib/python3.7/site-packages/airflow/example_dags/example_short_circuit_decorator.py
[2023-01-26T17:45:32.712+0000] {processor.py:753} INFO - DAG(s) dict_keys(['example_short_circuit_decorator']) retrieved from /home/airflow/.local/lib/python3.7/site-packages/airflow/example_dags/example_short_circuit_decorator.py
[2023-01-26T17:45:32.743+0000] {logging_mixin.py:137} INFO - [2023-01-26T17:45:32.743+0000] {dag.py:2690} INFO - Sync 1 DAGs
[2023-01-26T17:45:32.774+0000] {logging_mixin.py:137} INFO - [2023-01-26T17:45:32.774+0000] {dag.py:3441} INFO - Setting next_dagrun for example_short_circuit_decorator to 2023-01-25T17:45:32.774164+00:00, run_after=2023-01-26T17:45:32.774164+00:00
[2023-01-26T17:45:32.802+0000] {processor.py:175} INFO - Processing /home/airflow/.local/lib/python3.7/site-packages/airflow/example_dags/example_short_circuit_decorator.py took 0.118 seconds
[2023-01-26T17:46:03.006+0000] {processor.py:153} INFO - Started process (PID=4281) to work on /home/airflow/.local/lib/python3.7/site-packages/airflow/example_dags/example_short_circuit_decorator.py
[2023-01-26T17:46:03.008+0000] {processor.py:743} INFO - Processing file /home/airflow/.local/lib/python3.7/site-packages/airflow/example_dags/example_short_circuit_decorator.py for tasks to queue
[2023-01-26T17:46:03.008+0000] {logging_mixin.py:137} INFO - [2023-01-26T17:46:03.008+0000] {dagbag.py:538} INFO - Filling up the DagBag from /home/airflow/.local/lib/python3.7/site-packages/airflow/example_dags/example_short_circuit_decorator.py
[2023-01-26T17:46:03.043+0000] {processor.py:753} INFO - DAG(s) dict_keys(['example_short_circuit_decorator']) retrieved from /home/airflow/.local/lib/python3.7/site-packages/airflow/example_dags/example_short_circuit_decorator.py
[2023-01-26T17:46:03.075+0000] {logging_mixin.py:137} INFO - [2023-01-26T17:46:03.075+0000] {dag.py:2690} INFO - Sync 1 DAGs
[2023-01-26T17:46:03.118+0000] {logging_mixin.py:137} INFO - [2023-01-26T17:46:03.118+0000] {dag.py:3441} INFO - Setting next_dagrun for example_short_circuit_decorator to 2023-01-25T17:46:03.117750+00:00, run_after=2023-01-26T17:46:03.117750+00:00
[2023-01-26T17:46:03.144+0000] {processor.py:175} INFO - Processing /home/airflow/.local/lib/python3.7/site-packages/airflow/example_dags/example_short_circuit_decorator.py took 0.142 seconds
[2023-01-26T17:46:33.714+0000] {processor.py:153} INFO - Started process (PID=4345) to work on /home/airflow/.local/lib/python3.7/site-packages/airflow/example_dags/example_short_circuit_decorator.py
[2023-01-26T17:46:33.715+0000] {processor.py:743} INFO - Processing file /home/airflow/.local/lib/python3.7/site-packages/airflow/example_dags/example_short_circuit_decorator.py for tasks to queue
[2023-01-26T17:46:33.716+0000] {logging_mixin.py:137} INFO - [2023-01-26T17:46:33.715+0000] {dagbag.py:538} INFO - Filling up the DagBag from /home/airflow/.local/lib/python3.7/site-packages/airflow/example_dags/example_short_circuit_decorator.py
[2023-01-26T17:46:33.750+0000] {processor.py:753} INFO - DAG(s) dict_keys(['example_short_circuit_decorator']) retrieved from /home/airflow/.local/lib/python3.7/site-packages/airflow/example_dags/example_short_circuit_decorator.py
[2023-01-26T17:46:33.783+0000] {logging_mixin.py:137} INFO - [2023-01-26T17:46:33.783+0000] {dag.py:2690} INFO - Sync 1 DAGs
[2023-01-26T17:46:33.818+0000] {logging_mixin.py:137} INFO - [2023-01-26T17:46:33.818+0000] {dag.py:3441} INFO - Setting next_dagrun for example_short_circuit_decorator to 2023-01-25T17:46:33.818192+00:00, run_after=2023-01-26T17:46:33.818192+00:00
[2023-01-26T17:46:33.849+0000] {processor.py:175} INFO - Processing /home/airflow/.local/lib/python3.7/site-packages/airflow/example_dags/example_short_circuit_decorator.py took 0.140 seconds
[2023-01-26T17:47:04.444+0000] {processor.py:153} INFO - Started process (PID=4423) to work on /home/airflow/.local/lib/python3.7/site-packages/airflow/example_dags/example_short_circuit_decorator.py
[2023-01-26T17:47:04.444+0000] {processor.py:743} INFO - Processing file /home/airflow/.local/lib/python3.7/site-packages/airflow/example_dags/example_short_circuit_decorator.py for tasks to queue
[2023-01-26T17:47:04.445+0000] {logging_mixin.py:137} INFO - [2023-01-26T17:47:04.445+0000] {dagbag.py:538} INFO - Filling up the DagBag from /home/airflow/.local/lib/python3.7/site-packages/airflow/example_dags/example_short_circuit_decorator.py
[2023-01-26T17:47:04.469+0000] {processor.py:753} INFO - DAG(s) dict_keys(['example_short_circuit_decorator']) retrieved from /home/airflow/.local/lib/python3.7/site-packages/airflow/example_dags/example_short_circuit_decorator.py
[2023-01-26T17:47:04.492+0000] {logging_mixin.py:137} INFO - [2023-01-26T17:47:04.492+0000] {dag.py:2690} INFO - Sync 1 DAGs
[2023-01-26T17:47:04.518+0000] {logging_mixin.py:137} INFO - [2023-01-26T17:47:04.518+0000] {dag.py:3441} INFO - Setting next_dagrun for example_short_circuit_decorator to 2023-01-25T17:47:04.517953+00:00, run_after=2023-01-26T17:47:04.517953+00:00
[2023-01-26T17:47:04.541+0000] {processor.py:175} INFO - Processing /home/airflow/.local/lib/python3.7/site-packages/airflow/example_dags/example_short_circuit_decorator.py took 0.101 seconds
[2023-01-26T17:47:35.267+0000] {processor.py:153} INFO - Started process (PID=4488) to work on /home/airflow/.local/lib/python3.7/site-packages/airflow/example_dags/example_short_circuit_decorator.py
[2023-01-26T17:47:35.268+0000] {processor.py:743} INFO - Processing file /home/airflow/.local/lib/python3.7/site-packages/airflow/example_dags/example_short_circuit_decorator.py for tasks to queue
[2023-01-26T17:47:35.268+0000] {logging_mixin.py:137} INFO - [2023-01-26T17:47:35.268+0000] {dagbag.py:538} INFO - Filling up the DagBag from /home/airflow/.local/lib/python3.7/site-packages/airflow/example_dags/example_short_circuit_decorator.py
[2023-01-26T17:47:35.298+0000] {processor.py:753} INFO - DAG(s) dict_keys(['example_short_circuit_decorator']) retrieved from /home/airflow/.local/lib/python3.7/site-packages/airflow/example_dags/example_short_circuit_decorator.py
[2023-01-26T17:47:35.323+0000] {logging_mixin.py:137} INFO - [2023-01-26T17:47:35.323+0000] {dag.py:2690} INFO - Sync 1 DAGs
[2023-01-26T17:47:35.348+0000] {logging_mixin.py:137} INFO - [2023-01-26T17:47:35.348+0000] {dag.py:3441} INFO - Setting next_dagrun for example_short_circuit_decorator to 2023-01-25T17:47:35.348135+00:00, run_after=2023-01-26T17:47:35.348135+00:00
[2023-01-26T17:47:35.371+0000] {processor.py:175} INFO - Processing /home/airflow/.local/lib/python3.7/site-packages/airflow/example_dags/example_short_circuit_decorator.py took 0.108 seconds
[2023-01-26T17:48:05.685+0000] {processor.py:153} INFO - Started process (PID=4566) to work on /home/airflow/.local/lib/python3.7/site-packages/airflow/example_dags/example_short_circuit_decorator.py
[2023-01-26T17:48:05.686+0000] {processor.py:743} INFO - Processing file /home/airflow/.local/lib/python3.7/site-packages/airflow/example_dags/example_short_circuit_decorator.py for tasks to queue
[2023-01-26T17:48:05.686+0000] {logging_mixin.py:137} INFO - [2023-01-26T17:48:05.686+0000] {dagbag.py:538} INFO - Filling up the DagBag from /home/airflow/.local/lib/python3.7/site-packages/airflow/example_dags/example_short_circuit_decorator.py
[2023-01-26T17:48:05.713+0000] {processor.py:753} INFO - DAG(s) dict_keys(['example_short_circuit_decorator']) retrieved from /home/airflow/.local/lib/python3.7/site-packages/airflow/example_dags/example_short_circuit_decorator.py
[2023-01-26T17:48:05.741+0000] {logging_mixin.py:137} INFO - [2023-01-26T17:48:05.741+0000] {dag.py:2690} INFO - Sync 1 DAGs
[2023-01-26T17:48:05.762+0000] {logging_mixin.py:137} INFO - [2023-01-26T17:48:05.762+0000] {dag.py:3441} INFO - Setting next_dagrun for example_short_circuit_decorator to 2023-01-25T17:48:05.762554+00:00, run_after=2023-01-26T17:48:05.762554+00:00
[2023-01-26T17:48:05.787+0000] {processor.py:175} INFO - Processing /home/airflow/.local/lib/python3.7/site-packages/airflow/example_dags/example_short_circuit_decorator.py took 0.105 seconds
[2023-01-26T17:48:36.305+0000] {processor.py:153} INFO - Started process (PID=4631) to work on /home/airflow/.local/lib/python3.7/site-packages/airflow/example_dags/example_short_circuit_decorator.py
[2023-01-26T17:48:36.306+0000] {processor.py:743} INFO - Processing file /home/airflow/.local/lib/python3.7/site-packages/airflow/example_dags/example_short_circuit_decorator.py for tasks to queue
[2023-01-26T17:48:36.307+0000] {logging_mixin.py:137} INFO - [2023-01-26T17:48:36.307+0000] {dagbag.py:538} INFO - Filling up the DagBag from /home/airflow/.local/lib/python3.7/site-packages/airflow/example_dags/example_short_circuit_decorator.py
[2023-01-26T17:48:36.330+0000] {processor.py:753} INFO - DAG(s) dict_keys(['example_short_circuit_decorator']) retrieved from /home/airflow/.local/lib/python3.7/site-packages/airflow/example_dags/example_short_circuit_decorator.py
[2023-01-26T17:48:36.354+0000] {logging_mixin.py:137} INFO - [2023-01-26T17:48:36.354+0000] {dag.py:2690} INFO - Sync 1 DAGs
[2023-01-26T17:48:36.378+0000] {logging_mixin.py:137} INFO - [2023-01-26T17:48:36.378+0000] {dag.py:3441} INFO - Setting next_dagrun for example_short_circuit_decorator to 2023-01-25T17:48:36.378205+00:00, run_after=2023-01-26T17:48:36.378205+00:00
[2023-01-26T17:48:36.406+0000] {processor.py:175} INFO - Processing /home/airflow/.local/lib/python3.7/site-packages/airflow/example_dags/example_short_circuit_decorator.py took 0.104 seconds
[2023-01-26T17:49:07.087+0000] {processor.py:153} INFO - Started process (PID=4708) to work on /home/airflow/.local/lib/python3.7/site-packages/airflow/example_dags/example_short_circuit_decorator.py
[2023-01-26T17:49:07.094+0000] {processor.py:743} INFO - Processing file /home/airflow/.local/lib/python3.7/site-packages/airflow/example_dags/example_short_circuit_decorator.py for tasks to queue
[2023-01-26T17:49:07.095+0000] {logging_mixin.py:137} INFO - [2023-01-26T17:49:07.095+0000] {dagbag.py:538} INFO - Filling up the DagBag from /home/airflow/.local/lib/python3.7/site-packages/airflow/example_dags/example_short_circuit_decorator.py
[2023-01-26T17:49:07.121+0000] {processor.py:753} INFO - DAG(s) dict_keys(['example_short_circuit_decorator']) retrieved from /home/airflow/.local/lib/python3.7/site-packages/airflow/example_dags/example_short_circuit_decorator.py
[2023-01-26T17:49:07.144+0000] {logging_mixin.py:137} INFO - [2023-01-26T17:49:07.144+0000] {dag.py:2690} INFO - Sync 1 DAGs
[2023-01-26T17:49:07.169+0000] {logging_mixin.py:137} INFO - [2023-01-26T17:49:07.169+0000] {dag.py:3441} INFO - Setting next_dagrun for example_short_circuit_decorator to 2023-01-25T17:49:07.169477+00:00, run_after=2023-01-26T17:49:07.169477+00:00
[2023-01-26T17:49:07.196+0000] {processor.py:175} INFO - Processing /home/airflow/.local/lib/python3.7/site-packages/airflow/example_dags/example_short_circuit_decorator.py took 0.113 seconds
[2023-01-26T17:49:38.078+0000] {processor.py:153} INFO - Started process (PID=4773) to work on /home/airflow/.local/lib/python3.7/site-packages/airflow/example_dags/example_short_circuit_decorator.py
[2023-01-26T17:49:38.079+0000] {processor.py:743} INFO - Processing file /home/airflow/.local/lib/python3.7/site-packages/airflow/example_dags/example_short_circuit_decorator.py for tasks to queue
[2023-01-26T17:49:38.080+0000] {logging_mixin.py:137} INFO - [2023-01-26T17:49:38.080+0000] {dagbag.py:538} INFO - Filling up the DagBag from /home/airflow/.local/lib/python3.7/site-packages/airflow/example_dags/example_short_circuit_decorator.py
[2023-01-26T17:49:38.114+0000] {processor.py:753} INFO - DAG(s) dict_keys(['example_short_circuit_decorator']) retrieved from /home/airflow/.local/lib/python3.7/site-packages/airflow/example_dags/example_short_circuit_decorator.py
[2023-01-26T17:49:38.162+0000] {logging_mixin.py:137} INFO - [2023-01-26T17:49:38.162+0000] {dag.py:2690} INFO - Sync 1 DAGs
[2023-01-26T17:49:38.199+0000] {logging_mixin.py:137} INFO - [2023-01-26T17:49:38.199+0000] {dag.py:3441} INFO - Setting next_dagrun for example_short_circuit_decorator to 2023-01-25T17:49:38.198971+00:00, run_after=2023-01-26T17:49:38.198971+00:00
[2023-01-26T17:49:38.235+0000] {processor.py:175} INFO - Processing /home/airflow/.local/lib/python3.7/site-packages/airflow/example_dags/example_short_circuit_decorator.py took 0.162 seconds
[2023-01-26T17:50:08.367+0000] {processor.py:153} INFO - Started process (PID=4850) to work on /home/airflow/.local/lib/python3.7/site-packages/airflow/example_dags/example_short_circuit_decorator.py
[2023-01-26T17:50:08.368+0000] {processor.py:743} INFO - Processing file /home/airflow/.local/lib/python3.7/site-packages/airflow/example_dags/example_short_circuit_decorator.py for tasks to queue
[2023-01-26T17:50:08.369+0000] {logging_mixin.py:137} INFO - [2023-01-26T17:50:08.368+0000] {dagbag.py:538} INFO - Filling up the DagBag from /home/airflow/.local/lib/python3.7/site-packages/airflow/example_dags/example_short_circuit_decorator.py
[2023-01-26T17:50:08.402+0000] {processor.py:753} INFO - DAG(s) dict_keys(['example_short_circuit_decorator']) retrieved from /home/airflow/.local/lib/python3.7/site-packages/airflow/example_dags/example_short_circuit_decorator.py
[2023-01-26T17:50:08.426+0000] {logging_mixin.py:137} INFO - [2023-01-26T17:50:08.426+0000] {dag.py:2690} INFO - Sync 1 DAGs
[2023-01-26T17:50:08.448+0000] {logging_mixin.py:137} INFO - [2023-01-26T17:50:08.448+0000] {dag.py:3441} INFO - Setting next_dagrun for example_short_circuit_decorator to 2023-01-25T17:50:08.448525+00:00, run_after=2023-01-26T17:50:08.448525+00:00
[2023-01-26T17:50:08.484+0000] {processor.py:175} INFO - Processing /home/airflow/.local/lib/python3.7/site-packages/airflow/example_dags/example_short_circuit_decorator.py took 0.121 seconds
[2023-01-26T17:50:38.557+0000] {processor.py:153} INFO - Started process (PID=4916) to work on /home/airflow/.local/lib/python3.7/site-packages/airflow/example_dags/example_short_circuit_decorator.py
[2023-01-26T17:50:38.558+0000] {processor.py:743} INFO - Processing file /home/airflow/.local/lib/python3.7/site-packages/airflow/example_dags/example_short_circuit_decorator.py for tasks to queue
[2023-01-26T17:50:38.559+0000] {logging_mixin.py:137} INFO - [2023-01-26T17:50:38.559+0000] {dagbag.py:538} INFO - Filling up the DagBag from /home/airflow/.local/lib/python3.7/site-packages/airflow/example_dags/example_short_circuit_decorator.py
[2023-01-26T17:50:38.593+0000] {processor.py:753} INFO - DAG(s) dict_keys(['example_short_circuit_decorator']) retrieved from /home/airflow/.local/lib/python3.7/site-packages/airflow/example_dags/example_short_circuit_decorator.py
[2023-01-26T17:50:38.617+0000] {logging_mixin.py:137} INFO - [2023-01-26T17:50:38.617+0000] {dag.py:2690} INFO - Sync 1 DAGs
[2023-01-26T17:50:38.642+0000] {logging_mixin.py:137} INFO - [2023-01-26T17:50:38.642+0000] {dag.py:3441} INFO - Setting next_dagrun for example_short_circuit_decorator to 2023-01-25T17:50:38.642511+00:00, run_after=2023-01-26T17:50:38.642511+00:00
[2023-01-26T17:50:38.669+0000] {processor.py:175} INFO - Processing /home/airflow/.local/lib/python3.7/site-packages/airflow/example_dags/example_short_circuit_decorator.py took 0.116 seconds
