[2023-02-08T19:28:48.888+0000] {processor.py:153} INFO - Started process (PID=81) to work on /home/airflow/.local/lib/python3.7/site-packages/airflow/example_dags/example_branch_labels.py
[2023-02-08T19:28:48.889+0000] {processor.py:743} INFO - Processing file /home/airflow/.local/lib/python3.7/site-packages/airflow/example_dags/example_branch_labels.py for tasks to queue
[2023-02-08T19:28:48.890+0000] {logging_mixin.py:137} INFO - [2023-02-08T19:28:48.890+0000] {dagbag.py:538} INFO - Filling up the DagBag from /home/airflow/.local/lib/python3.7/site-packages/airflow/example_dags/example_branch_labels.py
[2023-02-08T19:28:48.916+0000] {processor.py:753} INFO - DAG(s) dict_keys(['example_branch_labels']) retrieved from /home/airflow/.local/lib/python3.7/site-packages/airflow/example_dags/example_branch_labels.py
[2023-02-08T19:28:48.958+0000] {logging_mixin.py:137} INFO - [2023-02-08T19:28:48.957+0000] {dag.py:2690} INFO - Sync 1 DAGs
[2023-02-08T19:28:48.995+0000] {logging_mixin.py:137} INFO - [2023-02-08T19:28:48.995+0000] {dag.py:3441} INFO - Setting next_dagrun for example_branch_labels to 2023-02-07T00:00:00+00:00, run_after=2023-02-08T00:00:00+00:00
[2023-02-08T19:28:49.033+0000] {processor.py:175} INFO - Processing /home/airflow/.local/lib/python3.7/site-packages/airflow/example_dags/example_branch_labels.py took 0.147 seconds
[2023-02-08T19:29:19.134+0000] {processor.py:153} INFO - Started process (PID=144) to work on /home/airflow/.local/lib/python3.7/site-packages/airflow/example_dags/example_branch_labels.py
[2023-02-08T19:29:19.136+0000] {processor.py:743} INFO - Processing file /home/airflow/.local/lib/python3.7/site-packages/airflow/example_dags/example_branch_labels.py for tasks to queue
[2023-02-08T19:29:19.137+0000] {logging_mixin.py:137} INFO - [2023-02-08T19:29:19.136+0000] {dagbag.py:538} INFO - Filling up the DagBag from /home/airflow/.local/lib/python3.7/site-packages/airflow/example_dags/example_branch_labels.py
[2023-02-08T19:29:19.155+0000] {processor.py:753} INFO - DAG(s) dict_keys(['example_branch_labels']) retrieved from /home/airflow/.local/lib/python3.7/site-packages/airflow/example_dags/example_branch_labels.py
[2023-02-08T19:29:19.187+0000] {logging_mixin.py:137} INFO - [2023-02-08T19:29:19.187+0000] {dag.py:2690} INFO - Sync 1 DAGs
[2023-02-08T19:29:19.216+0000] {logging_mixin.py:137} INFO - [2023-02-08T19:29:19.215+0000] {dag.py:3441} INFO - Setting next_dagrun for example_branch_labels to 2023-02-07T00:00:00+00:00, run_after=2023-02-08T00:00:00+00:00
[2023-02-08T19:29:19.245+0000] {processor.py:175} INFO - Processing /home/airflow/.local/lib/python3.7/site-packages/airflow/example_dags/example_branch_labels.py took 0.115 seconds
[2023-02-08T19:29:49.765+0000] {processor.py:153} INFO - Started process (PID=220) to work on /home/airflow/.local/lib/python3.7/site-packages/airflow/example_dags/example_branch_labels.py
[2023-02-08T19:29:49.766+0000] {processor.py:743} INFO - Processing file /home/airflow/.local/lib/python3.7/site-packages/airflow/example_dags/example_branch_labels.py for tasks to queue
[2023-02-08T19:29:49.767+0000] {logging_mixin.py:137} INFO - [2023-02-08T19:29:49.766+0000] {dagbag.py:538} INFO - Filling up the DagBag from /home/airflow/.local/lib/python3.7/site-packages/airflow/example_dags/example_branch_labels.py
[2023-02-08T19:29:49.788+0000] {processor.py:753} INFO - DAG(s) dict_keys(['example_branch_labels']) retrieved from /home/airflow/.local/lib/python3.7/site-packages/airflow/example_dags/example_branch_labels.py
[2023-02-08T19:29:49.828+0000] {logging_mixin.py:137} INFO - [2023-02-08T19:29:49.828+0000] {dag.py:2690} INFO - Sync 1 DAGs
[2023-02-08T19:29:49.871+0000] {logging_mixin.py:137} INFO - [2023-02-08T19:29:49.871+0000] {dag.py:3441} INFO - Setting next_dagrun for example_branch_labels to 2023-02-07T00:00:00+00:00, run_after=2023-02-08T00:00:00+00:00
[2023-02-08T19:29:49.907+0000] {processor.py:175} INFO - Processing /home/airflow/.local/lib/python3.7/site-packages/airflow/example_dags/example_branch_labels.py took 0.148 seconds
[2023-02-08T19:30:20.425+0000] {processor.py:153} INFO - Started process (PID=285) to work on /home/airflow/.local/lib/python3.7/site-packages/airflow/example_dags/example_branch_labels.py
[2023-02-08T19:30:20.427+0000] {processor.py:743} INFO - Processing file /home/airflow/.local/lib/python3.7/site-packages/airflow/example_dags/example_branch_labels.py for tasks to queue
[2023-02-08T19:30:20.427+0000] {logging_mixin.py:137} INFO - [2023-02-08T19:30:20.427+0000] {dagbag.py:538} INFO - Filling up the DagBag from /home/airflow/.local/lib/python3.7/site-packages/airflow/example_dags/example_branch_labels.py
[2023-02-08T19:30:20.444+0000] {processor.py:753} INFO - DAG(s) dict_keys(['example_branch_labels']) retrieved from /home/airflow/.local/lib/python3.7/site-packages/airflow/example_dags/example_branch_labels.py
[2023-02-08T19:30:20.472+0000] {logging_mixin.py:137} INFO - [2023-02-08T19:30:20.472+0000] {dag.py:2690} INFO - Sync 1 DAGs
[2023-02-08T19:30:20.499+0000] {logging_mixin.py:137} INFO - [2023-02-08T19:30:20.498+0000] {dag.py:3441} INFO - Setting next_dagrun for example_branch_labels to 2023-02-07T00:00:00+00:00, run_after=2023-02-08T00:00:00+00:00
[2023-02-08T19:30:20.523+0000] {processor.py:175} INFO - Processing /home/airflow/.local/lib/python3.7/site-packages/airflow/example_dags/example_branch_labels.py took 0.102 seconds
[2023-02-08T19:30:50.962+0000] {processor.py:153} INFO - Started process (PID=351) to work on /home/airflow/.local/lib/python3.7/site-packages/airflow/example_dags/example_branch_labels.py
[2023-02-08T19:30:50.964+0000] {processor.py:743} INFO - Processing file /home/airflow/.local/lib/python3.7/site-packages/airflow/example_dags/example_branch_labels.py for tasks to queue
[2023-02-08T19:30:50.965+0000] {logging_mixin.py:137} INFO - [2023-02-08T19:30:50.965+0000] {dagbag.py:538} INFO - Filling up the DagBag from /home/airflow/.local/lib/python3.7/site-packages/airflow/example_dags/example_branch_labels.py
[2023-02-08T19:30:50.987+0000] {processor.py:753} INFO - DAG(s) dict_keys(['example_branch_labels']) retrieved from /home/airflow/.local/lib/python3.7/site-packages/airflow/example_dags/example_branch_labels.py
[2023-02-08T19:30:51.026+0000] {logging_mixin.py:137} INFO - [2023-02-08T19:30:51.025+0000] {dag.py:2690} INFO - Sync 1 DAGs
[2023-02-08T19:30:51.067+0000] {logging_mixin.py:137} INFO - [2023-02-08T19:30:51.067+0000] {dag.py:3441} INFO - Setting next_dagrun for example_branch_labels to 2023-02-07T00:00:00+00:00, run_after=2023-02-08T00:00:00+00:00
[2023-02-08T19:30:51.102+0000] {processor.py:175} INFO - Processing /home/airflow/.local/lib/python3.7/site-packages/airflow/example_dags/example_branch_labels.py took 0.145 seconds
[2023-02-08T19:31:21.256+0000] {processor.py:153} INFO - Started process (PID=429) to work on /home/airflow/.local/lib/python3.7/site-packages/airflow/example_dags/example_branch_labels.py
[2023-02-08T19:31:21.258+0000] {processor.py:743} INFO - Processing file /home/airflow/.local/lib/python3.7/site-packages/airflow/example_dags/example_branch_labels.py for tasks to queue
[2023-02-08T19:31:21.259+0000] {logging_mixin.py:137} INFO - [2023-02-08T19:31:21.258+0000] {dagbag.py:538} INFO - Filling up the DagBag from /home/airflow/.local/lib/python3.7/site-packages/airflow/example_dags/example_branch_labels.py
[2023-02-08T19:31:21.281+0000] {processor.py:753} INFO - DAG(s) dict_keys(['example_branch_labels']) retrieved from /home/airflow/.local/lib/python3.7/site-packages/airflow/example_dags/example_branch_labels.py
[2023-02-08T19:31:21.319+0000] {logging_mixin.py:137} INFO - [2023-02-08T19:31:21.319+0000] {dag.py:2690} INFO - Sync 1 DAGs
[2023-02-08T19:31:21.360+0000] {logging_mixin.py:137} INFO - [2023-02-08T19:31:21.359+0000] {dag.py:3441} INFO - Setting next_dagrun for example_branch_labels to 2023-02-07T00:00:00+00:00, run_after=2023-02-08T00:00:00+00:00
[2023-02-08T19:31:21.388+0000] {processor.py:175} INFO - Processing /home/airflow/.local/lib/python3.7/site-packages/airflow/example_dags/example_branch_labels.py took 0.137 seconds
[2023-02-08T19:31:51.853+0000] {processor.py:153} INFO - Started process (PID=494) to work on /home/airflow/.local/lib/python3.7/site-packages/airflow/example_dags/example_branch_labels.py
[2023-02-08T19:31:51.855+0000] {processor.py:743} INFO - Processing file /home/airflow/.local/lib/python3.7/site-packages/airflow/example_dags/example_branch_labels.py for tasks to queue
[2023-02-08T19:31:51.856+0000] {logging_mixin.py:137} INFO - [2023-02-08T19:31:51.856+0000] {dagbag.py:538} INFO - Filling up the DagBag from /home/airflow/.local/lib/python3.7/site-packages/airflow/example_dags/example_branch_labels.py
[2023-02-08T19:31:51.875+0000] {processor.py:753} INFO - DAG(s) dict_keys(['example_branch_labels']) retrieved from /home/airflow/.local/lib/python3.7/site-packages/airflow/example_dags/example_branch_labels.py
[2023-02-08T19:31:51.915+0000] {logging_mixin.py:137} INFO - [2023-02-08T19:31:51.915+0000] {dag.py:2690} INFO - Sync 1 DAGs
[2023-02-08T19:31:51.951+0000] {logging_mixin.py:137} INFO - [2023-02-08T19:31:51.951+0000] {dag.py:3441} INFO - Setting next_dagrun for example_branch_labels to 2023-02-07T00:00:00+00:00, run_after=2023-02-08T00:00:00+00:00
[2023-02-08T19:31:51.984+0000] {processor.py:175} INFO - Processing /home/airflow/.local/lib/python3.7/site-packages/airflow/example_dags/example_branch_labels.py took 0.136 seconds
[2023-02-08T19:32:22.126+0000] {processor.py:153} INFO - Started process (PID=561) to work on /home/airflow/.local/lib/python3.7/site-packages/airflow/example_dags/example_branch_labels.py
[2023-02-08T19:32:22.127+0000] {processor.py:743} INFO - Processing file /home/airflow/.local/lib/python3.7/site-packages/airflow/example_dags/example_branch_labels.py for tasks to queue
[2023-02-08T19:32:22.128+0000] {logging_mixin.py:137} INFO - [2023-02-08T19:32:22.128+0000] {dagbag.py:538} INFO - Filling up the DagBag from /home/airflow/.local/lib/python3.7/site-packages/airflow/example_dags/example_branch_labels.py
[2023-02-08T19:32:22.153+0000] {processor.py:753} INFO - DAG(s) dict_keys(['example_branch_labels']) retrieved from /home/airflow/.local/lib/python3.7/site-packages/airflow/example_dags/example_branch_labels.py
[2023-02-08T19:32:22.193+0000] {logging_mixin.py:137} INFO - [2023-02-08T19:32:22.193+0000] {dag.py:2690} INFO - Sync 1 DAGs
[2023-02-08T19:32:22.239+0000] {logging_mixin.py:137} INFO - [2023-02-08T19:32:22.239+0000] {dag.py:3441} INFO - Setting next_dagrun for example_branch_labels to 2023-02-07T00:00:00+00:00, run_after=2023-02-08T00:00:00+00:00
[2023-02-08T19:32:22.272+0000] {processor.py:175} INFO - Processing /home/airflow/.local/lib/python3.7/site-packages/airflow/example_dags/example_branch_labels.py took 0.152 seconds
[2023-02-08T19:32:52.791+0000] {processor.py:153} INFO - Started process (PID=639) to work on /home/airflow/.local/lib/python3.7/site-packages/airflow/example_dags/example_branch_labels.py
[2023-02-08T19:32:52.793+0000] {processor.py:743} INFO - Processing file /home/airflow/.local/lib/python3.7/site-packages/airflow/example_dags/example_branch_labels.py for tasks to queue
[2023-02-08T19:32:52.794+0000] {logging_mixin.py:137} INFO - [2023-02-08T19:32:52.793+0000] {dagbag.py:538} INFO - Filling up the DagBag from /home/airflow/.local/lib/python3.7/site-packages/airflow/example_dags/example_branch_labels.py
[2023-02-08T19:32:52.818+0000] {processor.py:753} INFO - DAG(s) dict_keys(['example_branch_labels']) retrieved from /home/airflow/.local/lib/python3.7/site-packages/airflow/example_dags/example_branch_labels.py
[2023-02-08T19:32:52.848+0000] {logging_mixin.py:137} INFO - [2023-02-08T19:32:52.847+0000] {dag.py:2690} INFO - Sync 1 DAGs
[2023-02-08T19:32:52.876+0000] {logging_mixin.py:137} INFO - [2023-02-08T19:32:52.876+0000] {dag.py:3441} INFO - Setting next_dagrun for example_branch_labels to 2023-02-07T00:00:00+00:00, run_after=2023-02-08T00:00:00+00:00
[2023-02-08T19:32:52.919+0000] {processor.py:175} INFO - Processing /home/airflow/.local/lib/python3.7/site-packages/airflow/example_dags/example_branch_labels.py took 0.133 seconds
[2023-02-08T19:33:22.988+0000] {processor.py:153} INFO - Started process (PID=705) to work on /home/airflow/.local/lib/python3.7/site-packages/airflow/example_dags/example_branch_labels.py
[2023-02-08T19:33:22.989+0000] {processor.py:743} INFO - Processing file /home/airflow/.local/lib/python3.7/site-packages/airflow/example_dags/example_branch_labels.py for tasks to queue
[2023-02-08T19:33:22.990+0000] {logging_mixin.py:137} INFO - [2023-02-08T19:33:22.990+0000] {dagbag.py:538} INFO - Filling up the DagBag from /home/airflow/.local/lib/python3.7/site-packages/airflow/example_dags/example_branch_labels.py
[2023-02-08T19:33:23.007+0000] {processor.py:753} INFO - DAG(s) dict_keys(['example_branch_labels']) retrieved from /home/airflow/.local/lib/python3.7/site-packages/airflow/example_dags/example_branch_labels.py
[2023-02-08T19:33:23.036+0000] {logging_mixin.py:137} INFO - [2023-02-08T19:33:23.036+0000] {dag.py:2690} INFO - Sync 1 DAGs
[2023-02-08T19:33:23.066+0000] {logging_mixin.py:137} INFO - [2023-02-08T19:33:23.065+0000] {dag.py:3441} INFO - Setting next_dagrun for example_branch_labels to 2023-02-07T00:00:00+00:00, run_after=2023-02-08T00:00:00+00:00
[2023-02-08T19:33:23.091+0000] {processor.py:175} INFO - Processing /home/airflow/.local/lib/python3.7/site-packages/airflow/example_dags/example_branch_labels.py took 0.107 seconds
[2023-02-08T19:33:54.304+0000] {processor.py:153} INFO - Started process (PID=778) to work on /home/airflow/.local/lib/python3.7/site-packages/airflow/example_dags/example_branch_labels.py
[2023-02-08T19:33:54.314+0000] {processor.py:743} INFO - Processing file /home/airflow/.local/lib/python3.7/site-packages/airflow/example_dags/example_branch_labels.py for tasks to queue
[2023-02-08T19:33:54.315+0000] {logging_mixin.py:137} INFO - [2023-02-08T19:33:54.315+0000] {dagbag.py:538} INFO - Filling up the DagBag from /home/airflow/.local/lib/python3.7/site-packages/airflow/example_dags/example_branch_labels.py
[2023-02-08T19:33:54.357+0000] {processor.py:753} INFO - DAG(s) dict_keys(['example_branch_labels']) retrieved from /home/airflow/.local/lib/python3.7/site-packages/airflow/example_dags/example_branch_labels.py
[2023-02-08T19:33:54.454+0000] {logging_mixin.py:137} INFO - [2023-02-08T19:33:54.454+0000] {dag.py:2690} INFO - Sync 1 DAGs
[2023-02-08T19:33:54.525+0000] {logging_mixin.py:137} INFO - [2023-02-08T19:33:54.525+0000] {dag.py:3441} INFO - Setting next_dagrun for example_branch_labels to 2023-02-07T00:00:00+00:00, run_after=2023-02-08T00:00:00+00:00
[2023-02-08T19:33:54.586+0000] {processor.py:175} INFO - Processing /home/airflow/.local/lib/python3.7/site-packages/airflow/example_dags/example_branch_labels.py took 0.288 seconds
[2023-02-08T19:34:24.916+0000] {processor.py:153} INFO - Started process (PID=845) to work on /home/airflow/.local/lib/python3.7/site-packages/airflow/example_dags/example_branch_labels.py
[2023-02-08T19:34:24.918+0000] {processor.py:743} INFO - Processing file /home/airflow/.local/lib/python3.7/site-packages/airflow/example_dags/example_branch_labels.py for tasks to queue
[2023-02-08T19:34:24.919+0000] {logging_mixin.py:137} INFO - [2023-02-08T19:34:24.919+0000] {dagbag.py:538} INFO - Filling up the DagBag from /home/airflow/.local/lib/python3.7/site-packages/airflow/example_dags/example_branch_labels.py
[2023-02-08T19:34:24.939+0000] {processor.py:753} INFO - DAG(s) dict_keys(['example_branch_labels']) retrieved from /home/airflow/.local/lib/python3.7/site-packages/airflow/example_dags/example_branch_labels.py
[2023-02-08T19:34:24.972+0000] {logging_mixin.py:137} INFO - [2023-02-08T19:34:24.972+0000] {dag.py:2690} INFO - Sync 1 DAGs
[2023-02-08T19:34:25.004+0000] {logging_mixin.py:137} INFO - [2023-02-08T19:34:25.004+0000] {dag.py:3441} INFO - Setting next_dagrun for example_branch_labels to 2023-02-07T00:00:00+00:00, run_after=2023-02-08T00:00:00+00:00
[2023-02-08T19:34:25.035+0000] {processor.py:175} INFO - Processing /home/airflow/.local/lib/python3.7/site-packages/airflow/example_dags/example_branch_labels.py took 0.124 seconds
[2023-02-08T19:34:55.122+0000] {processor.py:153} INFO - Started process (PID=910) to work on /home/airflow/.local/lib/python3.7/site-packages/airflow/example_dags/example_branch_labels.py
[2023-02-08T19:34:55.123+0000] {processor.py:743} INFO - Processing file /home/airflow/.local/lib/python3.7/site-packages/airflow/example_dags/example_branch_labels.py for tasks to queue
[2023-02-08T19:34:55.124+0000] {logging_mixin.py:137} INFO - [2023-02-08T19:34:55.124+0000] {dagbag.py:538} INFO - Filling up the DagBag from /home/airflow/.local/lib/python3.7/site-packages/airflow/example_dags/example_branch_labels.py
[2023-02-08T19:34:55.140+0000] {processor.py:753} INFO - DAG(s) dict_keys(['example_branch_labels']) retrieved from /home/airflow/.local/lib/python3.7/site-packages/airflow/example_dags/example_branch_labels.py
[2023-02-08T19:34:55.169+0000] {logging_mixin.py:137} INFO - [2023-02-08T19:34:55.169+0000] {dag.py:2690} INFO - Sync 1 DAGs
[2023-02-08T19:34:55.197+0000] {logging_mixin.py:137} INFO - [2023-02-08T19:34:55.197+0000] {dag.py:3441} INFO - Setting next_dagrun for example_branch_labels to 2023-02-07T00:00:00+00:00, run_after=2023-02-08T00:00:00+00:00
[2023-02-08T19:34:55.222+0000] {processor.py:175} INFO - Processing /home/airflow/.local/lib/python3.7/site-packages/airflow/example_dags/example_branch_labels.py took 0.104 seconds
[2023-02-08T19:35:26.051+0000] {processor.py:153} INFO - Started process (PID=983) to work on /home/airflow/.local/lib/python3.7/site-packages/airflow/example_dags/example_branch_labels.py
[2023-02-08T19:35:26.052+0000] {processor.py:743} INFO - Processing file /home/airflow/.local/lib/python3.7/site-packages/airflow/example_dags/example_branch_labels.py for tasks to queue
[2023-02-08T19:35:26.053+0000] {logging_mixin.py:137} INFO - [2023-02-08T19:35:26.053+0000] {dagbag.py:538} INFO - Filling up the DagBag from /home/airflow/.local/lib/python3.7/site-packages/airflow/example_dags/example_branch_labels.py
[2023-02-08T19:35:26.071+0000] {processor.py:753} INFO - DAG(s) dict_keys(['example_branch_labels']) retrieved from /home/airflow/.local/lib/python3.7/site-packages/airflow/example_dags/example_branch_labels.py
[2023-02-08T19:35:26.103+0000] {logging_mixin.py:137} INFO - [2023-02-08T19:35:26.103+0000] {dag.py:2690} INFO - Sync 1 DAGs
[2023-02-08T19:35:26.132+0000] {logging_mixin.py:137} INFO - [2023-02-08T19:35:26.131+0000] {dag.py:3441} INFO - Setting next_dagrun for example_branch_labels to 2023-02-07T00:00:00+00:00, run_after=2023-02-08T00:00:00+00:00
[2023-02-08T19:35:26.157+0000] {processor.py:175} INFO - Processing /home/airflow/.local/lib/python3.7/site-packages/airflow/example_dags/example_branch_labels.py took 0.110 seconds
[2023-02-08T19:35:56.463+0000] {processor.py:153} INFO - Started process (PID=1051) to work on /home/airflow/.local/lib/python3.7/site-packages/airflow/example_dags/example_branch_labels.py
[2023-02-08T19:35:56.464+0000] {processor.py:743} INFO - Processing file /home/airflow/.local/lib/python3.7/site-packages/airflow/example_dags/example_branch_labels.py for tasks to queue
[2023-02-08T19:35:56.465+0000] {logging_mixin.py:137} INFO - [2023-02-08T19:35:56.465+0000] {dagbag.py:538} INFO - Filling up the DagBag from /home/airflow/.local/lib/python3.7/site-packages/airflow/example_dags/example_branch_labels.py
[2023-02-08T19:35:56.486+0000] {processor.py:753} INFO - DAG(s) dict_keys(['example_branch_labels']) retrieved from /home/airflow/.local/lib/python3.7/site-packages/airflow/example_dags/example_branch_labels.py
[2023-02-08T19:35:56.523+0000] {logging_mixin.py:137} INFO - [2023-02-08T19:35:56.522+0000] {dag.py:2690} INFO - Sync 1 DAGs
[2023-02-08T19:35:56.559+0000] {logging_mixin.py:137} INFO - [2023-02-08T19:35:56.559+0000] {dag.py:3441} INFO - Setting next_dagrun for example_branch_labels to 2023-02-07T00:00:00+00:00, run_after=2023-02-08T00:00:00+00:00
[2023-02-08T19:35:56.591+0000] {processor.py:175} INFO - Processing /home/airflow/.local/lib/python3.7/site-packages/airflow/example_dags/example_branch_labels.py took 0.133 seconds
[2023-02-08T19:36:26.814+0000] {processor.py:153} INFO - Started process (PID=1116) to work on /home/airflow/.local/lib/python3.7/site-packages/airflow/example_dags/example_branch_labels.py
[2023-02-08T19:36:26.816+0000] {processor.py:743} INFO - Processing file /home/airflow/.local/lib/python3.7/site-packages/airflow/example_dags/example_branch_labels.py for tasks to queue
[2023-02-08T19:36:26.817+0000] {logging_mixin.py:137} INFO - [2023-02-08T19:36:26.816+0000] {dagbag.py:538} INFO - Filling up the DagBag from /home/airflow/.local/lib/python3.7/site-packages/airflow/example_dags/example_branch_labels.py
[2023-02-08T19:36:26.839+0000] {processor.py:753} INFO - DAG(s) dict_keys(['example_branch_labels']) retrieved from /home/airflow/.local/lib/python3.7/site-packages/airflow/example_dags/example_branch_labels.py
[2023-02-08T19:36:26.875+0000] {logging_mixin.py:137} INFO - [2023-02-08T19:36:26.874+0000] {dag.py:2690} INFO - Sync 1 DAGs
[2023-02-08T19:36:26.914+0000] {logging_mixin.py:137} INFO - [2023-02-08T19:36:26.914+0000] {dag.py:3441} INFO - Setting next_dagrun for example_branch_labels to 2023-02-07T00:00:00+00:00, run_after=2023-02-08T00:00:00+00:00
[2023-02-08T19:36:26.947+0000] {processor.py:175} INFO - Processing /home/airflow/.local/lib/python3.7/site-packages/airflow/example_dags/example_branch_labels.py took 0.138 seconds
[2023-02-08T19:36:57.543+0000] {processor.py:153} INFO - Started process (PID=1194) to work on /home/airflow/.local/lib/python3.7/site-packages/airflow/example_dags/example_branch_labels.py
[2023-02-08T19:36:57.544+0000] {processor.py:743} INFO - Processing file /home/airflow/.local/lib/python3.7/site-packages/airflow/example_dags/example_branch_labels.py for tasks to queue
[2023-02-08T19:36:57.545+0000] {logging_mixin.py:137} INFO - [2023-02-08T19:36:57.544+0000] {dagbag.py:538} INFO - Filling up the DagBag from /home/airflow/.local/lib/python3.7/site-packages/airflow/example_dags/example_branch_labels.py
[2023-02-08T19:36:57.561+0000] {processor.py:753} INFO - DAG(s) dict_keys(['example_branch_labels']) retrieved from /home/airflow/.local/lib/python3.7/site-packages/airflow/example_dags/example_branch_labels.py
[2023-02-08T19:36:57.598+0000] {logging_mixin.py:137} INFO - [2023-02-08T19:36:57.598+0000] {dag.py:2690} INFO - Sync 1 DAGs
[2023-02-08T19:36:57.638+0000] {logging_mixin.py:137} INFO - [2023-02-08T19:36:57.637+0000] {dag.py:3441} INFO - Setting next_dagrun for example_branch_labels to 2023-02-07T00:00:00+00:00, run_after=2023-02-08T00:00:00+00:00
[2023-02-08T19:36:57.670+0000] {processor.py:175} INFO - Processing /home/airflow/.local/lib/python3.7/site-packages/airflow/example_dags/example_branch_labels.py took 0.132 seconds
[2023-02-08T19:37:27.926+0000] {processor.py:153} INFO - Started process (PID=1259) to work on /home/airflow/.local/lib/python3.7/site-packages/airflow/example_dags/example_branch_labels.py
[2023-02-08T19:37:27.928+0000] {processor.py:743} INFO - Processing file /home/airflow/.local/lib/python3.7/site-packages/airflow/example_dags/example_branch_labels.py for tasks to queue
[2023-02-08T19:37:27.929+0000] {logging_mixin.py:137} INFO - [2023-02-08T19:37:27.928+0000] {dagbag.py:538} INFO - Filling up the DagBag from /home/airflow/.local/lib/python3.7/site-packages/airflow/example_dags/example_branch_labels.py
[2023-02-08T19:37:27.951+0000] {processor.py:753} INFO - DAG(s) dict_keys(['example_branch_labels']) retrieved from /home/airflow/.local/lib/python3.7/site-packages/airflow/example_dags/example_branch_labels.py
[2023-02-08T19:37:27.991+0000] {logging_mixin.py:137} INFO - [2023-02-08T19:37:27.991+0000] {dag.py:2690} INFO - Sync 1 DAGs
[2023-02-08T19:37:28.035+0000] {logging_mixin.py:137} INFO - [2023-02-08T19:37:28.035+0000] {dag.py:3441} INFO - Setting next_dagrun for example_branch_labels to 2023-02-07T00:00:00+00:00, run_after=2023-02-08T00:00:00+00:00
[2023-02-08T19:37:28.068+0000] {processor.py:175} INFO - Processing /home/airflow/.local/lib/python3.7/site-packages/airflow/example_dags/example_branch_labels.py took 0.146 seconds
[2023-02-08T19:37:58.970+0000] {processor.py:153} INFO - Started process (PID=1337) to work on /home/airflow/.local/lib/python3.7/site-packages/airflow/example_dags/example_branch_labels.py
[2023-02-08T19:37:58.972+0000] {processor.py:743} INFO - Processing file /home/airflow/.local/lib/python3.7/site-packages/airflow/example_dags/example_branch_labels.py for tasks to queue
[2023-02-08T19:37:58.973+0000] {logging_mixin.py:137} INFO - [2023-02-08T19:37:58.973+0000] {dagbag.py:538} INFO - Filling up the DagBag from /home/airflow/.local/lib/python3.7/site-packages/airflow/example_dags/example_branch_labels.py
[2023-02-08T19:37:58.994+0000] {processor.py:753} INFO - DAG(s) dict_keys(['example_branch_labels']) retrieved from /home/airflow/.local/lib/python3.7/site-packages/airflow/example_dags/example_branch_labels.py
[2023-02-08T19:37:59.047+0000] {logging_mixin.py:137} INFO - [2023-02-08T19:37:59.047+0000] {dag.py:2690} INFO - Sync 1 DAGs
[2023-02-08T19:37:59.091+0000] {logging_mixin.py:137} INFO - [2023-02-08T19:37:59.090+0000] {dag.py:3441} INFO - Setting next_dagrun for example_branch_labels to 2023-02-07T00:00:00+00:00, run_after=2023-02-08T00:00:00+00:00
[2023-02-08T19:37:59.124+0000] {processor.py:175} INFO - Processing /home/airflow/.local/lib/python3.7/site-packages/airflow/example_dags/example_branch_labels.py took 0.160 seconds
[2023-02-08T19:38:29.443+0000] {processor.py:153} INFO - Started process (PID=1402) to work on /home/airflow/.local/lib/python3.7/site-packages/airflow/example_dags/example_branch_labels.py
[2023-02-08T19:38:29.444+0000] {processor.py:743} INFO - Processing file /home/airflow/.local/lib/python3.7/site-packages/airflow/example_dags/example_branch_labels.py for tasks to queue
[2023-02-08T19:38:29.445+0000] {logging_mixin.py:137} INFO - [2023-02-08T19:38:29.445+0000] {dagbag.py:538} INFO - Filling up the DagBag from /home/airflow/.local/lib/python3.7/site-packages/airflow/example_dags/example_branch_labels.py
[2023-02-08T19:38:29.466+0000] {processor.py:753} INFO - DAG(s) dict_keys(['example_branch_labels']) retrieved from /home/airflow/.local/lib/python3.7/site-packages/airflow/example_dags/example_branch_labels.py
[2023-02-08T19:38:29.507+0000] {logging_mixin.py:137} INFO - [2023-02-08T19:38:29.507+0000] {dag.py:2690} INFO - Sync 1 DAGs
[2023-02-08T19:38:29.549+0000] {logging_mixin.py:137} INFO - [2023-02-08T19:38:29.548+0000] {dag.py:3441} INFO - Setting next_dagrun for example_branch_labels to 2023-02-07T00:00:00+00:00, run_after=2023-02-08T00:00:00+00:00
[2023-02-08T19:38:29.583+0000] {processor.py:175} INFO - Processing /home/airflow/.local/lib/python3.7/site-packages/airflow/example_dags/example_branch_labels.py took 0.145 seconds
[2023-02-08T19:38:59.684+0000] {processor.py:153} INFO - Started process (PID=1468) to work on /home/airflow/.local/lib/python3.7/site-packages/airflow/example_dags/example_branch_labels.py
[2023-02-08T19:38:59.686+0000] {processor.py:743} INFO - Processing file /home/airflow/.local/lib/python3.7/site-packages/airflow/example_dags/example_branch_labels.py for tasks to queue
[2023-02-08T19:38:59.687+0000] {logging_mixin.py:137} INFO - [2023-02-08T19:38:59.686+0000] {dagbag.py:538} INFO - Filling up the DagBag from /home/airflow/.local/lib/python3.7/site-packages/airflow/example_dags/example_branch_labels.py
[2023-02-08T19:38:59.703+0000] {processor.py:753} INFO - DAG(s) dict_keys(['example_branch_labels']) retrieved from /home/airflow/.local/lib/python3.7/site-packages/airflow/example_dags/example_branch_labels.py
[2023-02-08T19:38:59.733+0000] {logging_mixin.py:137} INFO - [2023-02-08T19:38:59.733+0000] {dag.py:2690} INFO - Sync 1 DAGs
[2023-02-08T19:38:59.776+0000] {logging_mixin.py:137} INFO - [2023-02-08T19:38:59.775+0000] {dag.py:3441} INFO - Setting next_dagrun for example_branch_labels to 2023-02-07T00:00:00+00:00, run_after=2023-02-08T00:00:00+00:00
[2023-02-08T19:38:59.804+0000] {processor.py:175} INFO - Processing /home/airflow/.local/lib/python3.7/site-packages/airflow/example_dags/example_branch_labels.py took 0.125 seconds
[2023-02-08T19:39:30.560+0000] {processor.py:153} INFO - Started process (PID=1546) to work on /home/airflow/.local/lib/python3.7/site-packages/airflow/example_dags/example_branch_labels.py
[2023-02-08T19:39:30.562+0000] {processor.py:743} INFO - Processing file /home/airflow/.local/lib/python3.7/site-packages/airflow/example_dags/example_branch_labels.py for tasks to queue
[2023-02-08T19:39:30.563+0000] {logging_mixin.py:137} INFO - [2023-02-08T19:39:30.563+0000] {dagbag.py:538} INFO - Filling up the DagBag from /home/airflow/.local/lib/python3.7/site-packages/airflow/example_dags/example_branch_labels.py
[2023-02-08T19:39:30.586+0000] {processor.py:753} INFO - DAG(s) dict_keys(['example_branch_labels']) retrieved from /home/airflow/.local/lib/python3.7/site-packages/airflow/example_dags/example_branch_labels.py
[2023-02-08T19:39:30.622+0000] {logging_mixin.py:137} INFO - [2023-02-08T19:39:30.622+0000] {dag.py:2690} INFO - Sync 1 DAGs
[2023-02-08T19:39:30.654+0000] {logging_mixin.py:137} INFO - [2023-02-08T19:39:30.654+0000] {dag.py:3441} INFO - Setting next_dagrun for example_branch_labels to 2023-02-07T00:00:00+00:00, run_after=2023-02-08T00:00:00+00:00
[2023-02-08T19:39:30.686+0000] {processor.py:175} INFO - Processing /home/airflow/.local/lib/python3.7/site-packages/airflow/example_dags/example_branch_labels.py took 0.131 seconds
[2023-02-08T19:40:00.796+0000] {processor.py:153} INFO - Started process (PID=1611) to work on /home/airflow/.local/lib/python3.7/site-packages/airflow/example_dags/example_branch_labels.py
[2023-02-08T19:40:00.797+0000] {processor.py:743} INFO - Processing file /home/airflow/.local/lib/python3.7/site-packages/airflow/example_dags/example_branch_labels.py for tasks to queue
[2023-02-08T19:40:00.798+0000] {logging_mixin.py:137} INFO - [2023-02-08T19:40:00.797+0000] {dagbag.py:538} INFO - Filling up the DagBag from /home/airflow/.local/lib/python3.7/site-packages/airflow/example_dags/example_branch_labels.py
[2023-02-08T19:40:00.816+0000] {processor.py:753} INFO - DAG(s) dict_keys(['example_branch_labels']) retrieved from /home/airflow/.local/lib/python3.7/site-packages/airflow/example_dags/example_branch_labels.py
[2023-02-08T19:40:00.848+0000] {logging_mixin.py:137} INFO - [2023-02-08T19:40:00.848+0000] {dag.py:2690} INFO - Sync 1 DAGs
[2023-02-08T19:40:00.882+0000] {logging_mixin.py:137} INFO - [2023-02-08T19:40:00.881+0000] {dag.py:3441} INFO - Setting next_dagrun for example_branch_labels to 2023-02-07T00:00:00+00:00, run_after=2023-02-08T00:00:00+00:00
[2023-02-08T19:40:00.920+0000] {processor.py:175} INFO - Processing /home/airflow/.local/lib/python3.7/site-packages/airflow/example_dags/example_branch_labels.py took 0.129 seconds
[2023-02-08T19:40:31.542+0000] {processor.py:153} INFO - Started process (PID=1687) to work on /home/airflow/.local/lib/python3.7/site-packages/airflow/example_dags/example_branch_labels.py
[2023-02-08T19:40:31.543+0000] {processor.py:743} INFO - Processing file /home/airflow/.local/lib/python3.7/site-packages/airflow/example_dags/example_branch_labels.py for tasks to queue
[2023-02-08T19:40:31.545+0000] {logging_mixin.py:137} INFO - [2023-02-08T19:40:31.544+0000] {dagbag.py:538} INFO - Filling up the DagBag from /home/airflow/.local/lib/python3.7/site-packages/airflow/example_dags/example_branch_labels.py
[2023-02-08T19:40:31.576+0000] {processor.py:753} INFO - DAG(s) dict_keys(['example_branch_labels']) retrieved from /home/airflow/.local/lib/python3.7/site-packages/airflow/example_dags/example_branch_labels.py
[2023-02-08T19:40:31.655+0000] {logging_mixin.py:137} INFO - [2023-02-08T19:40:31.655+0000] {dag.py:2690} INFO - Sync 1 DAGs
[2023-02-08T19:40:31.700+0000] {logging_mixin.py:137} INFO - [2023-02-08T19:40:31.700+0000] {dag.py:3441} INFO - Setting next_dagrun for example_branch_labels to 2023-02-07T00:00:00+00:00, run_after=2023-02-08T00:00:00+00:00
[2023-02-08T19:40:31.735+0000] {processor.py:175} INFO - Processing /home/airflow/.local/lib/python3.7/site-packages/airflow/example_dags/example_branch_labels.py took 0.201 seconds
[2023-02-08T19:41:01.845+0000] {processor.py:153} INFO - Started process (PID=1753) to work on /home/airflow/.local/lib/python3.7/site-packages/airflow/example_dags/example_branch_labels.py
[2023-02-08T19:41:01.846+0000] {processor.py:743} INFO - Processing file /home/airflow/.local/lib/python3.7/site-packages/airflow/example_dags/example_branch_labels.py for tasks to queue
[2023-02-08T19:41:01.846+0000] {logging_mixin.py:137} INFO - [2023-02-08T19:41:01.846+0000] {dagbag.py:538} INFO - Filling up the DagBag from /home/airflow/.local/lib/python3.7/site-packages/airflow/example_dags/example_branch_labels.py
[2023-02-08T19:41:01.862+0000] {processor.py:753} INFO - DAG(s) dict_keys(['example_branch_labels']) retrieved from /home/airflow/.local/lib/python3.7/site-packages/airflow/example_dags/example_branch_labels.py
[2023-02-08T19:41:01.891+0000] {logging_mixin.py:137} INFO - [2023-02-08T19:41:01.890+0000] {dag.py:2690} INFO - Sync 1 DAGs
[2023-02-08T19:41:01.917+0000] {logging_mixin.py:137} INFO - [2023-02-08T19:41:01.917+0000] {dag.py:3441} INFO - Setting next_dagrun for example_branch_labels to 2023-02-07T00:00:00+00:00, run_after=2023-02-08T00:00:00+00:00
[2023-02-08T19:41:01.942+0000] {processor.py:175} INFO - Processing /home/airflow/.local/lib/python3.7/site-packages/airflow/example_dags/example_branch_labels.py took 0.102 seconds
[2023-02-08T19:41:31.968+0000] {processor.py:153} INFO - Started process (PID=1818) to work on /home/airflow/.local/lib/python3.7/site-packages/airflow/example_dags/example_branch_labels.py
[2023-02-08T19:41:31.969+0000] {processor.py:743} INFO - Processing file /home/airflow/.local/lib/python3.7/site-packages/airflow/example_dags/example_branch_labels.py for tasks to queue
[2023-02-08T19:41:31.970+0000] {logging_mixin.py:137} INFO - [2023-02-08T19:41:31.970+0000] {dagbag.py:538} INFO - Filling up the DagBag from /home/airflow/.local/lib/python3.7/site-packages/airflow/example_dags/example_branch_labels.py
[2023-02-08T19:41:31.993+0000] {processor.py:753} INFO - DAG(s) dict_keys(['example_branch_labels']) retrieved from /home/airflow/.local/lib/python3.7/site-packages/airflow/example_dags/example_branch_labels.py
[2023-02-08T19:41:32.037+0000] {logging_mixin.py:137} INFO - [2023-02-08T19:41:32.037+0000] {dag.py:2690} INFO - Sync 1 DAGs
[2023-02-08T19:41:32.076+0000] {logging_mixin.py:137} INFO - [2023-02-08T19:41:32.076+0000] {dag.py:3441} INFO - Setting next_dagrun for example_branch_labels to 2023-02-07T00:00:00+00:00, run_after=2023-02-08T00:00:00+00:00
[2023-02-08T19:41:32.107+0000] {processor.py:175} INFO - Processing /home/airflow/.local/lib/python3.7/site-packages/airflow/example_dags/example_branch_labels.py took 0.143 seconds
[2023-02-08T19:42:02.894+0000] {processor.py:153} INFO - Started process (PID=1896) to work on /home/airflow/.local/lib/python3.7/site-packages/airflow/example_dags/example_branch_labels.py
[2023-02-08T19:42:02.896+0000] {processor.py:743} INFO - Processing file /home/airflow/.local/lib/python3.7/site-packages/airflow/example_dags/example_branch_labels.py for tasks to queue
[2023-02-08T19:42:02.897+0000] {logging_mixin.py:137} INFO - [2023-02-08T19:42:02.897+0000] {dagbag.py:538} INFO - Filling up the DagBag from /home/airflow/.local/lib/python3.7/site-packages/airflow/example_dags/example_branch_labels.py
[2023-02-08T19:42:02.920+0000] {processor.py:753} INFO - DAG(s) dict_keys(['example_branch_labels']) retrieved from /home/airflow/.local/lib/python3.7/site-packages/airflow/example_dags/example_branch_labels.py
[2023-02-08T19:42:02.982+0000] {logging_mixin.py:137} INFO - [2023-02-08T19:42:02.982+0000] {dag.py:2690} INFO - Sync 1 DAGs
[2023-02-08T19:42:03.030+0000] {logging_mixin.py:137} INFO - [2023-02-08T19:42:03.030+0000] {dag.py:3441} INFO - Setting next_dagrun for example_branch_labels to 2023-02-07T00:00:00+00:00, run_after=2023-02-08T00:00:00+00:00
[2023-02-08T19:42:03.057+0000] {processor.py:175} INFO - Processing /home/airflow/.local/lib/python3.7/site-packages/airflow/example_dags/example_branch_labels.py took 0.169 seconds
[2023-02-08T19:42:33.159+0000] {processor.py:153} INFO - Started process (PID=1961) to work on /home/airflow/.local/lib/python3.7/site-packages/airflow/example_dags/example_branch_labels.py
[2023-02-08T19:42:33.160+0000] {processor.py:743} INFO - Processing file /home/airflow/.local/lib/python3.7/site-packages/airflow/example_dags/example_branch_labels.py for tasks to queue
[2023-02-08T19:42:33.162+0000] {logging_mixin.py:137} INFO - [2023-02-08T19:42:33.162+0000] {dagbag.py:538} INFO - Filling up the DagBag from /home/airflow/.local/lib/python3.7/site-packages/airflow/example_dags/example_branch_labels.py
[2023-02-08T19:42:33.177+0000] {processor.py:753} INFO - DAG(s) dict_keys(['example_branch_labels']) retrieved from /home/airflow/.local/lib/python3.7/site-packages/airflow/example_dags/example_branch_labels.py
[2023-02-08T19:42:33.208+0000] {logging_mixin.py:137} INFO - [2023-02-08T19:42:33.208+0000] {dag.py:2690} INFO - Sync 1 DAGs
[2023-02-08T19:42:33.246+0000] {logging_mixin.py:137} INFO - [2023-02-08T19:42:33.246+0000] {dag.py:3441} INFO - Setting next_dagrun for example_branch_labels to 2023-02-07T00:00:00+00:00, run_after=2023-02-08T00:00:00+00:00
[2023-02-08T19:42:33.272+0000] {processor.py:175} INFO - Processing /home/airflow/.local/lib/python3.7/site-packages/airflow/example_dags/example_branch_labels.py took 0.116 seconds
[2023-02-08T19:43:03.810+0000] {processor.py:153} INFO - Started process (PID=2034) to work on /home/airflow/.local/lib/python3.7/site-packages/airflow/example_dags/example_branch_labels.py
[2023-02-08T19:43:03.811+0000] {processor.py:743} INFO - Processing file /home/airflow/.local/lib/python3.7/site-packages/airflow/example_dags/example_branch_labels.py for tasks to queue
[2023-02-08T19:43:03.812+0000] {logging_mixin.py:137} INFO - [2023-02-08T19:43:03.812+0000] {dagbag.py:538} INFO - Filling up the DagBag from /home/airflow/.local/lib/python3.7/site-packages/airflow/example_dags/example_branch_labels.py
[2023-02-08T19:43:03.835+0000] {processor.py:753} INFO - DAG(s) dict_keys(['example_branch_labels']) retrieved from /home/airflow/.local/lib/python3.7/site-packages/airflow/example_dags/example_branch_labels.py
[2023-02-08T19:43:03.877+0000] {logging_mixin.py:137} INFO - [2023-02-08T19:43:03.877+0000] {dag.py:2690} INFO - Sync 1 DAGs
[2023-02-08T19:43:03.915+0000] {logging_mixin.py:137} INFO - [2023-02-08T19:43:03.915+0000] {dag.py:3441} INFO - Setting next_dagrun for example_branch_labels to 2023-02-07T00:00:00+00:00, run_after=2023-02-08T00:00:00+00:00
[2023-02-08T19:43:03.948+0000] {processor.py:175} INFO - Processing /home/airflow/.local/lib/python3.7/site-packages/airflow/example_dags/example_branch_labels.py took 0.144 seconds
[2023-02-08T19:43:34.097+0000] {processor.py:153} INFO - Started process (PID=2106) to work on /home/airflow/.local/lib/python3.7/site-packages/airflow/example_dags/example_branch_labels.py
[2023-02-08T19:43:34.098+0000] {processor.py:743} INFO - Processing file /home/airflow/.local/lib/python3.7/site-packages/airflow/example_dags/example_branch_labels.py for tasks to queue
[2023-02-08T19:43:34.098+0000] {logging_mixin.py:137} INFO - [2023-02-08T19:43:34.098+0000] {dagbag.py:538} INFO - Filling up the DagBag from /home/airflow/.local/lib/python3.7/site-packages/airflow/example_dags/example_branch_labels.py
[2023-02-08T19:43:34.114+0000] {processor.py:753} INFO - DAG(s) dict_keys(['example_branch_labels']) retrieved from /home/airflow/.local/lib/python3.7/site-packages/airflow/example_dags/example_branch_labels.py
[2023-02-08T19:43:34.149+0000] {logging_mixin.py:137} INFO - [2023-02-08T19:43:34.149+0000] {dag.py:2690} INFO - Sync 1 DAGs
[2023-02-08T19:43:34.177+0000] {logging_mixin.py:137} INFO - [2023-02-08T19:43:34.177+0000] {dag.py:3441} INFO - Setting next_dagrun for example_branch_labels to 2023-02-07T00:00:00+00:00, run_after=2023-02-08T00:00:00+00:00
[2023-02-08T19:43:34.201+0000] {processor.py:175} INFO - Processing /home/airflow/.local/lib/python3.7/site-packages/airflow/example_dags/example_branch_labels.py took 0.109 seconds
[2023-02-08T19:44:04.452+0000] {processor.py:153} INFO - Started process (PID=2170) to work on /home/airflow/.local/lib/python3.7/site-packages/airflow/example_dags/example_branch_labels.py
[2023-02-08T19:44:04.454+0000] {processor.py:743} INFO - Processing file /home/airflow/.local/lib/python3.7/site-packages/airflow/example_dags/example_branch_labels.py for tasks to queue
[2023-02-08T19:44:04.455+0000] {logging_mixin.py:137} INFO - [2023-02-08T19:44:04.455+0000] {dagbag.py:538} INFO - Filling up the DagBag from /home/airflow/.local/lib/python3.7/site-packages/airflow/example_dags/example_branch_labels.py
[2023-02-08T19:44:04.478+0000] {processor.py:753} INFO - DAG(s) dict_keys(['example_branch_labels']) retrieved from /home/airflow/.local/lib/python3.7/site-packages/airflow/example_dags/example_branch_labels.py
[2023-02-08T19:44:04.522+0000] {logging_mixin.py:137} INFO - [2023-02-08T19:44:04.522+0000] {dag.py:2690} INFO - Sync 1 DAGs
[2023-02-08T19:44:04.562+0000] {logging_mixin.py:137} INFO - [2023-02-08T19:44:04.562+0000] {dag.py:3441} INFO - Setting next_dagrun for example_branch_labels to 2023-02-07T00:00:00+00:00, run_after=2023-02-08T00:00:00+00:00
[2023-02-08T19:44:04.594+0000] {processor.py:175} INFO - Processing /home/airflow/.local/lib/python3.7/site-packages/airflow/example_dags/example_branch_labels.py took 0.147 seconds
[2023-02-08T19:44:35.414+0000] {processor.py:153} INFO - Started process (PID=2249) to work on /home/airflow/.local/lib/python3.7/site-packages/airflow/example_dags/example_branch_labels.py
[2023-02-08T19:44:35.416+0000] {processor.py:743} INFO - Processing file /home/airflow/.local/lib/python3.7/site-packages/airflow/example_dags/example_branch_labels.py for tasks to queue
[2023-02-08T19:44:35.419+0000] {logging_mixin.py:137} INFO - [2023-02-08T19:44:35.419+0000] {dagbag.py:538} INFO - Filling up the DagBag from /home/airflow/.local/lib/python3.7/site-packages/airflow/example_dags/example_branch_labels.py
[2023-02-08T19:44:35.442+0000] {processor.py:753} INFO - DAG(s) dict_keys(['example_branch_labels']) retrieved from /home/airflow/.local/lib/python3.7/site-packages/airflow/example_dags/example_branch_labels.py
[2023-02-08T19:44:35.476+0000] {logging_mixin.py:137} INFO - [2023-02-08T19:44:35.476+0000] {dag.py:2690} INFO - Sync 1 DAGs
[2023-02-08T19:44:35.509+0000] {logging_mixin.py:137} INFO - [2023-02-08T19:44:35.508+0000] {dag.py:3441} INFO - Setting next_dagrun for example_branch_labels to 2023-02-07T00:00:00+00:00, run_after=2023-02-08T00:00:00+00:00
[2023-02-08T19:44:35.536+0000] {processor.py:175} INFO - Processing /home/airflow/.local/lib/python3.7/site-packages/airflow/example_dags/example_branch_labels.py took 0.127 seconds
[2023-02-08T19:45:05.905+0000] {processor.py:153} INFO - Started process (PID=2314) to work on /home/airflow/.local/lib/python3.7/site-packages/airflow/example_dags/example_branch_labels.py
[2023-02-08T19:45:05.907+0000] {processor.py:743} INFO - Processing file /home/airflow/.local/lib/python3.7/site-packages/airflow/example_dags/example_branch_labels.py for tasks to queue
[2023-02-08T19:45:05.908+0000] {logging_mixin.py:137} INFO - [2023-02-08T19:45:05.907+0000] {dagbag.py:538} INFO - Filling up the DagBag from /home/airflow/.local/lib/python3.7/site-packages/airflow/example_dags/example_branch_labels.py
[2023-02-08T19:45:05.923+0000] {processor.py:753} INFO - DAG(s) dict_keys(['example_branch_labels']) retrieved from /home/airflow/.local/lib/python3.7/site-packages/airflow/example_dags/example_branch_labels.py
[2023-02-08T19:45:05.960+0000] {logging_mixin.py:137} INFO - [2023-02-08T19:45:05.960+0000] {dag.py:2690} INFO - Sync 1 DAGs
[2023-02-08T19:45:05.988+0000] {logging_mixin.py:137} INFO - [2023-02-08T19:45:05.988+0000] {dag.py:3441} INFO - Setting next_dagrun for example_branch_labels to 2023-02-07T00:00:00+00:00, run_after=2023-02-08T00:00:00+00:00
[2023-02-08T19:45:06.012+0000] {processor.py:175} INFO - Processing /home/airflow/.local/lib/python3.7/site-packages/airflow/example_dags/example_branch_labels.py took 0.111 seconds
[2023-02-08T19:45:36.678+0000] {processor.py:153} INFO - Started process (PID=2389) to work on /home/airflow/.local/lib/python3.7/site-packages/airflow/example_dags/example_branch_labels.py
[2023-02-08T19:45:36.679+0000] {processor.py:743} INFO - Processing file /home/airflow/.local/lib/python3.7/site-packages/airflow/example_dags/example_branch_labels.py for tasks to queue
[2023-02-08T19:45:36.680+0000] {logging_mixin.py:137} INFO - [2023-02-08T19:45:36.680+0000] {dagbag.py:538} INFO - Filling up the DagBag from /home/airflow/.local/lib/python3.7/site-packages/airflow/example_dags/example_branch_labels.py
[2023-02-08T19:45:36.707+0000] {processor.py:753} INFO - DAG(s) dict_keys(['example_branch_labels']) retrieved from /home/airflow/.local/lib/python3.7/site-packages/airflow/example_dags/example_branch_labels.py
[2023-02-08T19:45:36.810+0000] {logging_mixin.py:137} INFO - [2023-02-08T19:45:36.809+0000] {dag.py:2690} INFO - Sync 1 DAGs
[2023-02-08T19:45:36.898+0000] {logging_mixin.py:137} INFO - [2023-02-08T19:45:36.898+0000] {dag.py:3441} INFO - Setting next_dagrun for example_branch_labels to 2023-02-07T00:00:00+00:00, run_after=2023-02-08T00:00:00+00:00
[2023-02-08T19:45:36.960+0000] {processor.py:175} INFO - Processing /home/airflow/.local/lib/python3.7/site-packages/airflow/example_dags/example_branch_labels.py took 0.287 seconds
[2023-02-08T19:46:07.209+0000] {processor.py:153} INFO - Started process (PID=2456) to work on /home/airflow/.local/lib/python3.7/site-packages/airflow/example_dags/example_branch_labels.py
[2023-02-08T19:46:07.211+0000] {processor.py:743} INFO - Processing file /home/airflow/.local/lib/python3.7/site-packages/airflow/example_dags/example_branch_labels.py for tasks to queue
[2023-02-08T19:46:07.212+0000] {logging_mixin.py:137} INFO - [2023-02-08T19:46:07.211+0000] {dagbag.py:538} INFO - Filling up the DagBag from /home/airflow/.local/lib/python3.7/site-packages/airflow/example_dags/example_branch_labels.py
[2023-02-08T19:46:07.228+0000] {processor.py:753} INFO - DAG(s) dict_keys(['example_branch_labels']) retrieved from /home/airflow/.local/lib/python3.7/site-packages/airflow/example_dags/example_branch_labels.py
[2023-02-08T19:46:07.258+0000] {logging_mixin.py:137} INFO - [2023-02-08T19:46:07.258+0000] {dag.py:2690} INFO - Sync 1 DAGs
[2023-02-08T19:46:07.287+0000] {logging_mixin.py:137} INFO - [2023-02-08T19:46:07.287+0000] {dag.py:3441} INFO - Setting next_dagrun for example_branch_labels to 2023-02-07T00:00:00+00:00, run_after=2023-02-08T00:00:00+00:00
[2023-02-08T19:46:07.312+0000] {processor.py:175} INFO - Processing /home/airflow/.local/lib/python3.7/site-packages/airflow/example_dags/example_branch_labels.py took 0.107 seconds
[2023-02-08T19:46:37.562+0000] {processor.py:153} INFO - Started process (PID=2522) to work on /home/airflow/.local/lib/python3.7/site-packages/airflow/example_dags/example_branch_labels.py
[2023-02-08T19:46:37.563+0000] {processor.py:743} INFO - Processing file /home/airflow/.local/lib/python3.7/site-packages/airflow/example_dags/example_branch_labels.py for tasks to queue
[2023-02-08T19:46:37.565+0000] {logging_mixin.py:137} INFO - [2023-02-08T19:46:37.565+0000] {dagbag.py:538} INFO - Filling up the DagBag from /home/airflow/.local/lib/python3.7/site-packages/airflow/example_dags/example_branch_labels.py
[2023-02-08T19:46:37.585+0000] {processor.py:753} INFO - DAG(s) dict_keys(['example_branch_labels']) retrieved from /home/airflow/.local/lib/python3.7/site-packages/airflow/example_dags/example_branch_labels.py
[2023-02-08T19:46:37.617+0000] {logging_mixin.py:137} INFO - [2023-02-08T19:46:37.617+0000] {dag.py:2690} INFO - Sync 1 DAGs
[2023-02-08T19:46:37.656+0000] {logging_mixin.py:137} INFO - [2023-02-08T19:46:37.656+0000] {dag.py:3441} INFO - Setting next_dagrun for example_branch_labels to 2023-02-07T00:00:00+00:00, run_after=2023-02-08T00:00:00+00:00
[2023-02-08T19:46:37.682+0000] {processor.py:175} INFO - Processing /home/airflow/.local/lib/python3.7/site-packages/airflow/example_dags/example_branch_labels.py took 0.124 seconds
[2023-02-08T19:47:08.382+0000] {processor.py:153} INFO - Started process (PID=2599) to work on /home/airflow/.local/lib/python3.7/site-packages/airflow/example_dags/example_branch_labels.py
[2023-02-08T19:47:08.384+0000] {processor.py:743} INFO - Processing file /home/airflow/.local/lib/python3.7/site-packages/airflow/example_dags/example_branch_labels.py for tasks to queue
[2023-02-08T19:47:08.384+0000] {logging_mixin.py:137} INFO - [2023-02-08T19:47:08.384+0000] {dagbag.py:538} INFO - Filling up the DagBag from /home/airflow/.local/lib/python3.7/site-packages/airflow/example_dags/example_branch_labels.py
[2023-02-08T19:47:08.400+0000] {processor.py:753} INFO - DAG(s) dict_keys(['example_branch_labels']) retrieved from /home/airflow/.local/lib/python3.7/site-packages/airflow/example_dags/example_branch_labels.py
[2023-02-08T19:47:08.428+0000] {logging_mixin.py:137} INFO - [2023-02-08T19:47:08.428+0000] {dag.py:2690} INFO - Sync 1 DAGs
[2023-02-08T19:47:08.458+0000] {logging_mixin.py:137} INFO - [2023-02-08T19:47:08.458+0000] {dag.py:3441} INFO - Setting next_dagrun for example_branch_labels to 2023-02-07T00:00:00+00:00, run_after=2023-02-08T00:00:00+00:00
[2023-02-08T19:47:08.496+0000] {processor.py:175} INFO - Processing /home/airflow/.local/lib/python3.7/site-packages/airflow/example_dags/example_branch_labels.py took 0.117 seconds
[2023-02-08T19:47:38.707+0000] {processor.py:153} INFO - Started process (PID=2665) to work on /home/airflow/.local/lib/python3.7/site-packages/airflow/example_dags/example_branch_labels.py
[2023-02-08T19:47:38.709+0000] {processor.py:743} INFO - Processing file /home/airflow/.local/lib/python3.7/site-packages/airflow/example_dags/example_branch_labels.py for tasks to queue
[2023-02-08T19:47:38.710+0000] {logging_mixin.py:137} INFO - [2023-02-08T19:47:38.710+0000] {dagbag.py:538} INFO - Filling up the DagBag from /home/airflow/.local/lib/python3.7/site-packages/airflow/example_dags/example_branch_labels.py
[2023-02-08T19:47:38.733+0000] {processor.py:753} INFO - DAG(s) dict_keys(['example_branch_labels']) retrieved from /home/airflow/.local/lib/python3.7/site-packages/airflow/example_dags/example_branch_labels.py
[2023-02-08T19:47:38.769+0000] {logging_mixin.py:137} INFO - [2023-02-08T19:47:38.768+0000] {dag.py:2690} INFO - Sync 1 DAGs
[2023-02-08T19:47:38.802+0000] {logging_mixin.py:137} INFO - [2023-02-08T19:47:38.802+0000] {dag.py:3441} INFO - Setting next_dagrun for example_branch_labels to 2023-02-07T00:00:00+00:00, run_after=2023-02-08T00:00:00+00:00
[2023-02-08T19:47:38.826+0000] {processor.py:175} INFO - Processing /home/airflow/.local/lib/python3.7/site-packages/airflow/example_dags/example_branch_labels.py took 0.125 seconds
[2023-02-08T19:48:10.129+0000] {processor.py:153} INFO - Started process (PID=2739) to work on /home/airflow/.local/lib/python3.7/site-packages/airflow/example_dags/example_branch_labels.py
[2023-02-08T19:48:10.136+0000] {processor.py:743} INFO - Processing file /home/airflow/.local/lib/python3.7/site-packages/airflow/example_dags/example_branch_labels.py for tasks to queue
[2023-02-08T19:48:10.137+0000] {logging_mixin.py:137} INFO - [2023-02-08T19:48:10.137+0000] {dagbag.py:538} INFO - Filling up the DagBag from /home/airflow/.local/lib/python3.7/site-packages/airflow/example_dags/example_branch_labels.py
[2023-02-08T19:48:10.191+0000] {processor.py:753} INFO - DAG(s) dict_keys(['example_branch_labels']) retrieved from /home/airflow/.local/lib/python3.7/site-packages/airflow/example_dags/example_branch_labels.py
[2023-02-08T19:48:10.263+0000] {logging_mixin.py:137} INFO - [2023-02-08T19:48:10.263+0000] {dag.py:2690} INFO - Sync 1 DAGs
[2023-02-08T19:48:10.380+0000] {logging_mixin.py:137} INFO - [2023-02-08T19:48:10.380+0000] {dag.py:3441} INFO - Setting next_dagrun for example_branch_labels to 2023-02-07T00:00:00+00:00, run_after=2023-02-08T00:00:00+00:00
[2023-02-08T19:48:10.441+0000] {processor.py:175} INFO - Processing /home/airflow/.local/lib/python3.7/site-packages/airflow/example_dags/example_branch_labels.py took 0.318 seconds
[2023-02-08T19:48:40.727+0000] {processor.py:153} INFO - Started process (PID=2807) to work on /home/airflow/.local/lib/python3.7/site-packages/airflow/example_dags/example_branch_labels.py
[2023-02-08T19:48:40.728+0000] {processor.py:743} INFO - Processing file /home/airflow/.local/lib/python3.7/site-packages/airflow/example_dags/example_branch_labels.py for tasks to queue
[2023-02-08T19:48:40.729+0000] {logging_mixin.py:137} INFO - [2023-02-08T19:48:40.729+0000] {dagbag.py:538} INFO - Filling up the DagBag from /home/airflow/.local/lib/python3.7/site-packages/airflow/example_dags/example_branch_labels.py
[2023-02-08T19:48:40.744+0000] {processor.py:753} INFO - DAG(s) dict_keys(['example_branch_labels']) retrieved from /home/airflow/.local/lib/python3.7/site-packages/airflow/example_dags/example_branch_labels.py
[2023-02-08T19:48:40.772+0000] {logging_mixin.py:137} INFO - [2023-02-08T19:48:40.772+0000] {dag.py:2690} INFO - Sync 1 DAGs
[2023-02-08T19:48:40.799+0000] {logging_mixin.py:137} INFO - [2023-02-08T19:48:40.799+0000] {dag.py:3441} INFO - Setting next_dagrun for example_branch_labels to 2023-02-07T00:00:00+00:00, run_after=2023-02-08T00:00:00+00:00
[2023-02-08T19:48:40.834+0000] {processor.py:175} INFO - Processing /home/airflow/.local/lib/python3.7/site-packages/airflow/example_dags/example_branch_labels.py took 0.112 seconds
[2023-02-08T19:49:11.245+0000] {processor.py:153} INFO - Started process (PID=2873) to work on /home/airflow/.local/lib/python3.7/site-packages/airflow/example_dags/example_branch_labels.py
[2023-02-08T19:49:11.266+0000] {processor.py:743} INFO - Processing file /home/airflow/.local/lib/python3.7/site-packages/airflow/example_dags/example_branch_labels.py for tasks to queue
[2023-02-08T19:49:11.270+0000] {logging_mixin.py:137} INFO - [2023-02-08T19:49:11.270+0000] {dagbag.py:538} INFO - Filling up the DagBag from /home/airflow/.local/lib/python3.7/site-packages/airflow/example_dags/example_branch_labels.py
[2023-02-08T19:49:11.301+0000] {processor.py:753} INFO - DAG(s) dict_keys(['example_branch_labels']) retrieved from /home/airflow/.local/lib/python3.7/site-packages/airflow/example_dags/example_branch_labels.py
[2023-02-08T19:49:11.341+0000] {logging_mixin.py:137} INFO - [2023-02-08T19:49:11.341+0000] {dag.py:2690} INFO - Sync 1 DAGs
[2023-02-08T19:49:11.376+0000] {logging_mixin.py:137} INFO - [2023-02-08T19:49:11.376+0000] {dag.py:3441} INFO - Setting next_dagrun for example_branch_labels to 2023-02-07T00:00:00+00:00, run_after=2023-02-08T00:00:00+00:00
[2023-02-08T19:49:11.412+0000] {processor.py:175} INFO - Processing /home/airflow/.local/lib/python3.7/site-packages/airflow/example_dags/example_branch_labels.py took 0.173 seconds
[2023-02-08T19:49:41.619+0000] {processor.py:153} INFO - Started process (PID=2950) to work on /home/airflow/.local/lib/python3.7/site-packages/airflow/example_dags/example_branch_labels.py
[2023-02-08T19:49:41.627+0000] {processor.py:743} INFO - Processing file /home/airflow/.local/lib/python3.7/site-packages/airflow/example_dags/example_branch_labels.py for tasks to queue
[2023-02-08T19:49:41.628+0000] {logging_mixin.py:137} INFO - [2023-02-08T19:49:41.628+0000] {dagbag.py:538} INFO - Filling up the DagBag from /home/airflow/.local/lib/python3.7/site-packages/airflow/example_dags/example_branch_labels.py
[2023-02-08T19:49:41.652+0000] {processor.py:753} INFO - DAG(s) dict_keys(['example_branch_labels']) retrieved from /home/airflow/.local/lib/python3.7/site-packages/airflow/example_dags/example_branch_labels.py
[2023-02-08T19:49:41.690+0000] {logging_mixin.py:137} INFO - [2023-02-08T19:49:41.690+0000] {dag.py:2690} INFO - Sync 1 DAGs
[2023-02-08T19:49:41.727+0000] {logging_mixin.py:137} INFO - [2023-02-08T19:49:41.727+0000] {dag.py:3441} INFO - Setting next_dagrun for example_branch_labels to 2023-02-07T00:00:00+00:00, run_after=2023-02-08T00:00:00+00:00
[2023-02-08T19:49:41.757+0000] {processor.py:175} INFO - Processing /home/airflow/.local/lib/python3.7/site-packages/airflow/example_dags/example_branch_labels.py took 0.143 seconds
[2023-02-08T19:50:11.917+0000] {processor.py:153} INFO - Started process (PID=3015) to work on /home/airflow/.local/lib/python3.7/site-packages/airflow/example_dags/example_branch_labels.py
[2023-02-08T19:50:11.918+0000] {processor.py:743} INFO - Processing file /home/airflow/.local/lib/python3.7/site-packages/airflow/example_dags/example_branch_labels.py for tasks to queue
[2023-02-08T19:50:11.919+0000] {logging_mixin.py:137} INFO - [2023-02-08T19:50:11.919+0000] {dagbag.py:538} INFO - Filling up the DagBag from /home/airflow/.local/lib/python3.7/site-packages/airflow/example_dags/example_branch_labels.py
[2023-02-08T19:50:11.940+0000] {processor.py:753} INFO - DAG(s) dict_keys(['example_branch_labels']) retrieved from /home/airflow/.local/lib/python3.7/site-packages/airflow/example_dags/example_branch_labels.py
[2023-02-08T19:50:11.973+0000] {logging_mixin.py:137} INFO - [2023-02-08T19:50:11.973+0000] {dag.py:2690} INFO - Sync 1 DAGs
[2023-02-08T19:50:12.006+0000] {logging_mixin.py:137} INFO - [2023-02-08T19:50:12.006+0000] {dag.py:3441} INFO - Setting next_dagrun for example_branch_labels to 2023-02-07T00:00:00+00:00, run_after=2023-02-08T00:00:00+00:00
[2023-02-08T19:50:12.039+0000] {processor.py:175} INFO - Processing /home/airflow/.local/lib/python3.7/site-packages/airflow/example_dags/example_branch_labels.py took 0.126 seconds
[2023-02-08T19:50:43.107+0000] {processor.py:153} INFO - Started process (PID=3088) to work on /home/airflow/.local/lib/python3.7/site-packages/airflow/example_dags/example_branch_labels.py
[2023-02-08T19:50:43.109+0000] {processor.py:743} INFO - Processing file /home/airflow/.local/lib/python3.7/site-packages/airflow/example_dags/example_branch_labels.py for tasks to queue
[2023-02-08T19:50:43.110+0000] {logging_mixin.py:137} INFO - [2023-02-08T19:50:43.109+0000] {dagbag.py:538} INFO - Filling up the DagBag from /home/airflow/.local/lib/python3.7/site-packages/airflow/example_dags/example_branch_labels.py
[2023-02-08T19:50:43.134+0000] {processor.py:753} INFO - DAG(s) dict_keys(['example_branch_labels']) retrieved from /home/airflow/.local/lib/python3.7/site-packages/airflow/example_dags/example_branch_labels.py
[2023-02-08T19:50:43.171+0000] {logging_mixin.py:137} INFO - [2023-02-08T19:50:43.171+0000] {dag.py:2690} INFO - Sync 1 DAGs
[2023-02-08T19:50:43.233+0000] {logging_mixin.py:137} INFO - [2023-02-08T19:50:43.232+0000] {dag.py:3441} INFO - Setting next_dagrun for example_branch_labels to 2023-02-07T00:00:00+00:00, run_after=2023-02-08T00:00:00+00:00
[2023-02-08T19:50:43.283+0000] {processor.py:175} INFO - Processing /home/airflow/.local/lib/python3.7/site-packages/airflow/example_dags/example_branch_labels.py took 0.180 seconds
[2023-02-08T19:51:13.996+0000] {processor.py:153} INFO - Started process (PID=3157) to work on /home/airflow/.local/lib/python3.7/site-packages/airflow/example_dags/example_branch_labels.py
[2023-02-08T19:51:13.997+0000] {processor.py:743} INFO - Processing file /home/airflow/.local/lib/python3.7/site-packages/airflow/example_dags/example_branch_labels.py for tasks to queue
[2023-02-08T19:51:13.997+0000] {logging_mixin.py:137} INFO - [2023-02-08T19:51:13.997+0000] {dagbag.py:538} INFO - Filling up the DagBag from /home/airflow/.local/lib/python3.7/site-packages/airflow/example_dags/example_branch_labels.py
[2023-02-08T19:51:14.013+0000] {processor.py:753} INFO - DAG(s) dict_keys(['example_branch_labels']) retrieved from /home/airflow/.local/lib/python3.7/site-packages/airflow/example_dags/example_branch_labels.py
[2023-02-08T19:51:14.042+0000] {logging_mixin.py:137} INFO - [2023-02-08T19:51:14.042+0000] {dag.py:2690} INFO - Sync 1 DAGs
[2023-02-08T19:51:14.076+0000] {logging_mixin.py:137} INFO - [2023-02-08T19:51:14.075+0000] {dag.py:3441} INFO - Setting next_dagrun for example_branch_labels to 2023-02-07T00:00:00+00:00, run_after=2023-02-08T00:00:00+00:00
[2023-02-08T19:51:14.112+0000] {processor.py:175} INFO - Processing /home/airflow/.local/lib/python3.7/site-packages/airflow/example_dags/example_branch_labels.py took 0.121 seconds
[2023-02-08T19:51:44.738+0000] {processor.py:153} INFO - Started process (PID=3224) to work on /home/airflow/.local/lib/python3.7/site-packages/airflow/example_dags/example_branch_labels.py
[2023-02-08T19:51:44.739+0000] {processor.py:743} INFO - Processing file /home/airflow/.local/lib/python3.7/site-packages/airflow/example_dags/example_branch_labels.py for tasks to queue
[2023-02-08T19:51:44.740+0000] {logging_mixin.py:137} INFO - [2023-02-08T19:51:44.740+0000] {dagbag.py:538} INFO - Filling up the DagBag from /home/airflow/.local/lib/python3.7/site-packages/airflow/example_dags/example_branch_labels.py
[2023-02-08T19:51:44.762+0000] {processor.py:753} INFO - DAG(s) dict_keys(['example_branch_labels']) retrieved from /home/airflow/.local/lib/python3.7/site-packages/airflow/example_dags/example_branch_labels.py
[2023-02-08T19:51:44.801+0000] {logging_mixin.py:137} INFO - [2023-02-08T19:51:44.801+0000] {dag.py:2690} INFO - Sync 1 DAGs
[2023-02-08T19:51:44.845+0000] {logging_mixin.py:137} INFO - [2023-02-08T19:51:44.844+0000] {dag.py:3441} INFO - Setting next_dagrun for example_branch_labels to 2023-02-07T00:00:00+00:00, run_after=2023-02-08T00:00:00+00:00
[2023-02-08T19:51:44.882+0000] {processor.py:175} INFO - Processing /home/airflow/.local/lib/python3.7/site-packages/airflow/example_dags/example_branch_labels.py took 0.151 seconds
[2023-02-08T19:52:15.593+0000] {processor.py:153} INFO - Started process (PID=3301) to work on /home/airflow/.local/lib/python3.7/site-packages/airflow/example_dags/example_branch_labels.py
[2023-02-08T19:52:15.594+0000] {processor.py:743} INFO - Processing file /home/airflow/.local/lib/python3.7/site-packages/airflow/example_dags/example_branch_labels.py for tasks to queue
[2023-02-08T19:52:15.594+0000] {logging_mixin.py:137} INFO - [2023-02-08T19:52:15.594+0000] {dagbag.py:538} INFO - Filling up the DagBag from /home/airflow/.local/lib/python3.7/site-packages/airflow/example_dags/example_branch_labels.py
[2023-02-08T19:52:15.613+0000] {processor.py:753} INFO - DAG(s) dict_keys(['example_branch_labels']) retrieved from /home/airflow/.local/lib/python3.7/site-packages/airflow/example_dags/example_branch_labels.py
[2023-02-08T19:52:15.649+0000] {logging_mixin.py:137} INFO - [2023-02-08T19:52:15.649+0000] {dag.py:2690} INFO - Sync 1 DAGs
[2023-02-08T19:52:15.677+0000] {logging_mixin.py:137} INFO - [2023-02-08T19:52:15.676+0000] {dag.py:3441} INFO - Setting next_dagrun for example_branch_labels to 2023-02-07T00:00:00+00:00, run_after=2023-02-08T00:00:00+00:00
[2023-02-08T19:52:15.707+0000] {processor.py:175} INFO - Processing /home/airflow/.local/lib/python3.7/site-packages/airflow/example_dags/example_branch_labels.py took 0.119 seconds
[2023-02-08T19:52:46.383+0000] {processor.py:153} INFO - Started process (PID=3368) to work on /home/airflow/.local/lib/python3.7/site-packages/airflow/example_dags/example_branch_labels.py
[2023-02-08T19:52:46.384+0000] {processor.py:743} INFO - Processing file /home/airflow/.local/lib/python3.7/site-packages/airflow/example_dags/example_branch_labels.py for tasks to queue
[2023-02-08T19:52:46.385+0000] {logging_mixin.py:137} INFO - [2023-02-08T19:52:46.385+0000] {dagbag.py:538} INFO - Filling up the DagBag from /home/airflow/.local/lib/python3.7/site-packages/airflow/example_dags/example_branch_labels.py
[2023-02-08T19:52:46.404+0000] {processor.py:753} INFO - DAG(s) dict_keys(['example_branch_labels']) retrieved from /home/airflow/.local/lib/python3.7/site-packages/airflow/example_dags/example_branch_labels.py
[2023-02-08T19:52:46.436+0000] {logging_mixin.py:137} INFO - [2023-02-08T19:52:46.435+0000] {dag.py:2690} INFO - Sync 1 DAGs
[2023-02-08T19:52:46.475+0000] {logging_mixin.py:137} INFO - [2023-02-08T19:52:46.475+0000] {dag.py:3441} INFO - Setting next_dagrun for example_branch_labels to 2023-02-07T00:00:00+00:00, run_after=2023-02-08T00:00:00+00:00
[2023-02-08T19:52:46.503+0000] {processor.py:175} INFO - Processing /home/airflow/.local/lib/python3.7/site-packages/airflow/example_dags/example_branch_labels.py took 0.124 seconds
[2023-02-08T19:53:16.719+0000] {processor.py:153} INFO - Started process (PID=3446) to work on /home/airflow/.local/lib/python3.7/site-packages/airflow/example_dags/example_branch_labels.py
[2023-02-08T19:53:16.720+0000] {processor.py:743} INFO - Processing file /home/airflow/.local/lib/python3.7/site-packages/airflow/example_dags/example_branch_labels.py for tasks to queue
[2023-02-08T19:53:16.721+0000] {logging_mixin.py:137} INFO - [2023-02-08T19:53:16.721+0000] {dagbag.py:538} INFO - Filling up the DagBag from /home/airflow/.local/lib/python3.7/site-packages/airflow/example_dags/example_branch_labels.py
[2023-02-08T19:53:16.743+0000] {processor.py:753} INFO - DAG(s) dict_keys(['example_branch_labels']) retrieved from /home/airflow/.local/lib/python3.7/site-packages/airflow/example_dags/example_branch_labels.py
[2023-02-08T19:53:16.787+0000] {logging_mixin.py:137} INFO - [2023-02-08T19:53:16.786+0000] {dag.py:2690} INFO - Sync 1 DAGs
[2023-02-08T19:53:16.826+0000] {logging_mixin.py:137} INFO - [2023-02-08T19:53:16.826+0000] {dag.py:3441} INFO - Setting next_dagrun for example_branch_labels to 2023-02-07T00:00:00+00:00, run_after=2023-02-08T00:00:00+00:00
[2023-02-08T19:53:16.862+0000] {processor.py:175} INFO - Processing /home/airflow/.local/lib/python3.7/site-packages/airflow/example_dags/example_branch_labels.py took 0.149 seconds
[2023-02-08T19:53:47.821+0000] {processor.py:153} INFO - Started process (PID=3510) to work on /home/airflow/.local/lib/python3.7/site-packages/airflow/example_dags/example_branch_labels.py
[2023-02-08T19:53:47.822+0000] {processor.py:743} INFO - Processing file /home/airflow/.local/lib/python3.7/site-packages/airflow/example_dags/example_branch_labels.py for tasks to queue
[2023-02-08T19:53:47.823+0000] {logging_mixin.py:137} INFO - [2023-02-08T19:53:47.823+0000] {dagbag.py:538} INFO - Filling up the DagBag from /home/airflow/.local/lib/python3.7/site-packages/airflow/example_dags/example_branch_labels.py
[2023-02-08T19:53:47.840+0000] {processor.py:753} INFO - DAG(s) dict_keys(['example_branch_labels']) retrieved from /home/airflow/.local/lib/python3.7/site-packages/airflow/example_dags/example_branch_labels.py
[2023-02-08T19:53:47.872+0000] {logging_mixin.py:137} INFO - [2023-02-08T19:53:47.871+0000] {dag.py:2690} INFO - Sync 1 DAGs
[2023-02-08T19:53:47.901+0000] {logging_mixin.py:137} INFO - [2023-02-08T19:53:47.901+0000] {dag.py:3441} INFO - Setting next_dagrun for example_branch_labels to 2023-02-07T00:00:00+00:00, run_after=2023-02-08T00:00:00+00:00
[2023-02-08T19:53:47.929+0000] {processor.py:175} INFO - Processing /home/airflow/.local/lib/python3.7/site-packages/airflow/example_dags/example_branch_labels.py took 0.114 seconds
[2023-02-08T19:54:18.858+0000] {processor.py:153} INFO - Started process (PID=3585) to work on /home/airflow/.local/lib/python3.7/site-packages/airflow/example_dags/example_branch_labels.py
[2023-02-08T19:54:18.860+0000] {processor.py:743} INFO - Processing file /home/airflow/.local/lib/python3.7/site-packages/airflow/example_dags/example_branch_labels.py for tasks to queue
[2023-02-08T19:54:18.861+0000] {logging_mixin.py:137} INFO - [2023-02-08T19:54:18.861+0000] {dagbag.py:538} INFO - Filling up the DagBag from /home/airflow/.local/lib/python3.7/site-packages/airflow/example_dags/example_branch_labels.py
[2023-02-08T19:54:18.884+0000] {processor.py:753} INFO - DAG(s) dict_keys(['example_branch_labels']) retrieved from /home/airflow/.local/lib/python3.7/site-packages/airflow/example_dags/example_branch_labels.py
[2023-02-08T19:54:18.927+0000] {logging_mixin.py:137} INFO - [2023-02-08T19:54:18.926+0000] {dag.py:2690} INFO - Sync 1 DAGs
[2023-02-08T19:54:18.982+0000] {logging_mixin.py:137} INFO - [2023-02-08T19:54:18.981+0000] {dag.py:3441} INFO - Setting next_dagrun for example_branch_labels to 2023-02-07T00:00:00+00:00, run_after=2023-02-08T00:00:00+00:00
[2023-02-08T19:54:19.017+0000] {processor.py:175} INFO - Processing /home/airflow/.local/lib/python3.7/site-packages/airflow/example_dags/example_branch_labels.py took 0.165 seconds
[2023-02-08T19:54:49.238+0000] {processor.py:153} INFO - Started process (PID=3653) to work on /home/airflow/.local/lib/python3.7/site-packages/airflow/example_dags/example_branch_labels.py
[2023-02-08T19:54:49.239+0000] {processor.py:743} INFO - Processing file /home/airflow/.local/lib/python3.7/site-packages/airflow/example_dags/example_branch_labels.py for tasks to queue
[2023-02-08T19:54:49.240+0000] {logging_mixin.py:137} INFO - [2023-02-08T19:54:49.240+0000] {dagbag.py:538} INFO - Filling up the DagBag from /home/airflow/.local/lib/python3.7/site-packages/airflow/example_dags/example_branch_labels.py
[2023-02-08T19:54:49.257+0000] {processor.py:753} INFO - DAG(s) dict_keys(['example_branch_labels']) retrieved from /home/airflow/.local/lib/python3.7/site-packages/airflow/example_dags/example_branch_labels.py
[2023-02-08T19:54:49.286+0000] {logging_mixin.py:137} INFO - [2023-02-08T19:54:49.286+0000] {dag.py:2690} INFO - Sync 1 DAGs
[2023-02-08T19:54:49.314+0000] {logging_mixin.py:137} INFO - [2023-02-08T19:54:49.314+0000] {dag.py:3441} INFO - Setting next_dagrun for example_branch_labels to 2023-02-07T00:00:00+00:00, run_after=2023-02-08T00:00:00+00:00
[2023-02-08T19:54:49.356+0000] {processor.py:175} INFO - Processing /home/airflow/.local/lib/python3.7/site-packages/airflow/example_dags/example_branch_labels.py took 0.124 seconds
[2023-02-08T19:55:19.579+0000] {processor.py:153} INFO - Started process (PID=3717) to work on /home/airflow/.local/lib/python3.7/site-packages/airflow/example_dags/example_branch_labels.py
[2023-02-08T19:55:19.580+0000] {processor.py:743} INFO - Processing file /home/airflow/.local/lib/python3.7/site-packages/airflow/example_dags/example_branch_labels.py for tasks to queue
[2023-02-08T19:55:19.581+0000] {logging_mixin.py:137} INFO - [2023-02-08T19:55:19.580+0000] {dagbag.py:538} INFO - Filling up the DagBag from /home/airflow/.local/lib/python3.7/site-packages/airflow/example_dags/example_branch_labels.py
[2023-02-08T19:55:19.599+0000] {processor.py:753} INFO - DAG(s) dict_keys(['example_branch_labels']) retrieved from /home/airflow/.local/lib/python3.7/site-packages/airflow/example_dags/example_branch_labels.py
[2023-02-08T19:55:19.629+0000] {logging_mixin.py:137} INFO - [2023-02-08T19:55:19.629+0000] {dag.py:2690} INFO - Sync 1 DAGs
[2023-02-08T19:55:19.658+0000] {logging_mixin.py:137} INFO - [2023-02-08T19:55:19.657+0000] {dag.py:3441} INFO - Setting next_dagrun for example_branch_labels to 2023-02-07T00:00:00+00:00, run_after=2023-02-08T00:00:00+00:00
[2023-02-08T19:55:19.684+0000] {processor.py:175} INFO - Processing /home/airflow/.local/lib/python3.7/site-packages/airflow/example_dags/example_branch_labels.py took 0.110 seconds
[2023-02-08T19:55:50.398+0000] {processor.py:153} INFO - Started process (PID=3791) to work on /home/airflow/.local/lib/python3.7/site-packages/airflow/example_dags/example_branch_labels.py
[2023-02-08T19:55:50.399+0000] {processor.py:743} INFO - Processing file /home/airflow/.local/lib/python3.7/site-packages/airflow/example_dags/example_branch_labels.py for tasks to queue
[2023-02-08T19:55:50.400+0000] {logging_mixin.py:137} INFO - [2023-02-08T19:55:50.400+0000] {dagbag.py:538} INFO - Filling up the DagBag from /home/airflow/.local/lib/python3.7/site-packages/airflow/example_dags/example_branch_labels.py
[2023-02-08T19:55:50.426+0000] {processor.py:753} INFO - DAG(s) dict_keys(['example_branch_labels']) retrieved from /home/airflow/.local/lib/python3.7/site-packages/airflow/example_dags/example_branch_labels.py
[2023-02-08T19:55:50.469+0000] {logging_mixin.py:137} INFO - [2023-02-08T19:55:50.469+0000] {dag.py:2690} INFO - Sync 1 DAGs
[2023-02-08T19:55:50.507+0000] {logging_mixin.py:137} INFO - [2023-02-08T19:55:50.506+0000] {dag.py:3441} INFO - Setting next_dagrun for example_branch_labels to 2023-02-07T00:00:00+00:00, run_after=2023-02-08T00:00:00+00:00
[2023-02-08T19:55:50.552+0000] {processor.py:175} INFO - Processing /home/airflow/.local/lib/python3.7/site-packages/airflow/example_dags/example_branch_labels.py took 0.160 seconds
[2023-02-08T19:56:20.602+0000] {processor.py:153} INFO - Started process (PID=3859) to work on /home/airflow/.local/lib/python3.7/site-packages/airflow/example_dags/example_branch_labels.py
[2023-02-08T19:56:20.603+0000] {processor.py:743} INFO - Processing file /home/airflow/.local/lib/python3.7/site-packages/airflow/example_dags/example_branch_labels.py for tasks to queue
[2023-02-08T19:56:20.604+0000] {logging_mixin.py:137} INFO - [2023-02-08T19:56:20.604+0000] {dagbag.py:538} INFO - Filling up the DagBag from /home/airflow/.local/lib/python3.7/site-packages/airflow/example_dags/example_branch_labels.py
[2023-02-08T19:56:20.622+0000] {processor.py:753} INFO - DAG(s) dict_keys(['example_branch_labels']) retrieved from /home/airflow/.local/lib/python3.7/site-packages/airflow/example_dags/example_branch_labels.py
[2023-02-08T19:56:20.658+0000] {logging_mixin.py:137} INFO - [2023-02-08T19:56:20.658+0000] {dag.py:2690} INFO - Sync 1 DAGs
[2023-02-08T19:56:20.689+0000] {logging_mixin.py:137} INFO - [2023-02-08T19:56:20.689+0000] {dag.py:3441} INFO - Setting next_dagrun for example_branch_labels to 2023-02-07T00:00:00+00:00, run_after=2023-02-08T00:00:00+00:00
[2023-02-08T19:56:20.717+0000] {processor.py:175} INFO - Processing /home/airflow/.local/lib/python3.7/site-packages/airflow/example_dags/example_branch_labels.py took 0.119 seconds
[2023-02-08T19:56:51.025+0000] {processor.py:153} INFO - Started process (PID=3925) to work on /home/airflow/.local/lib/python3.7/site-packages/airflow/example_dags/example_branch_labels.py
[2023-02-08T19:56:51.035+0000] {processor.py:743} INFO - Processing file /home/airflow/.local/lib/python3.7/site-packages/airflow/example_dags/example_branch_labels.py for tasks to queue
[2023-02-08T19:56:51.036+0000] {logging_mixin.py:137} INFO - [2023-02-08T19:56:51.036+0000] {dagbag.py:538} INFO - Filling up the DagBag from /home/airflow/.local/lib/python3.7/site-packages/airflow/example_dags/example_branch_labels.py
[2023-02-08T19:56:51.059+0000] {processor.py:753} INFO - DAG(s) dict_keys(['example_branch_labels']) retrieved from /home/airflow/.local/lib/python3.7/site-packages/airflow/example_dags/example_branch_labels.py
[2023-02-08T19:56:51.098+0000] {logging_mixin.py:137} INFO - [2023-02-08T19:56:51.097+0000] {dag.py:2690} INFO - Sync 1 DAGs
[2023-02-08T19:56:51.127+0000] {logging_mixin.py:137} INFO - [2023-02-08T19:56:51.127+0000] {dag.py:3441} INFO - Setting next_dagrun for example_branch_labels to 2023-02-07T00:00:00+00:00, run_after=2023-02-08T00:00:00+00:00
[2023-02-08T19:56:51.152+0000] {processor.py:175} INFO - Processing /home/airflow/.local/lib/python3.7/site-packages/airflow/example_dags/example_branch_labels.py took 0.133 seconds
[2023-02-08T19:57:21.978+0000] {processor.py:153} INFO - Started process (PID=4002) to work on /home/airflow/.local/lib/python3.7/site-packages/airflow/example_dags/example_branch_labels.py
[2023-02-08T19:57:21.980+0000] {processor.py:743} INFO - Processing file /home/airflow/.local/lib/python3.7/site-packages/airflow/example_dags/example_branch_labels.py for tasks to queue
[2023-02-08T19:57:21.980+0000] {logging_mixin.py:137} INFO - [2023-02-08T19:57:21.980+0000] {dagbag.py:538} INFO - Filling up the DagBag from /home/airflow/.local/lib/python3.7/site-packages/airflow/example_dags/example_branch_labels.py
[2023-02-08T19:57:22.000+0000] {processor.py:753} INFO - DAG(s) dict_keys(['example_branch_labels']) retrieved from /home/airflow/.local/lib/python3.7/site-packages/airflow/example_dags/example_branch_labels.py
[2023-02-08T19:57:22.034+0000] {logging_mixin.py:137} INFO - [2023-02-08T19:57:22.034+0000] {dag.py:2690} INFO - Sync 1 DAGs
[2023-02-08T19:57:22.062+0000] {logging_mixin.py:137} INFO - [2023-02-08T19:57:22.062+0000] {dag.py:3441} INFO - Setting next_dagrun for example_branch_labels to 2023-02-07T00:00:00+00:00, run_after=2023-02-08T00:00:00+00:00
[2023-02-08T19:57:22.092+0000] {processor.py:175} INFO - Processing /home/airflow/.local/lib/python3.7/site-packages/airflow/example_dags/example_branch_labels.py took 0.119 seconds
[2023-02-08T19:57:52.515+0000] {processor.py:153} INFO - Started process (PID=4067) to work on /home/airflow/.local/lib/python3.7/site-packages/airflow/example_dags/example_branch_labels.py
[2023-02-08T19:57:52.516+0000] {processor.py:743} INFO - Processing file /home/airflow/.local/lib/python3.7/site-packages/airflow/example_dags/example_branch_labels.py for tasks to queue
[2023-02-08T19:57:52.517+0000] {logging_mixin.py:137} INFO - [2023-02-08T19:57:52.517+0000] {dagbag.py:538} INFO - Filling up the DagBag from /home/airflow/.local/lib/python3.7/site-packages/airflow/example_dags/example_branch_labels.py
[2023-02-08T19:57:52.535+0000] {processor.py:753} INFO - DAG(s) dict_keys(['example_branch_labels']) retrieved from /home/airflow/.local/lib/python3.7/site-packages/airflow/example_dags/example_branch_labels.py
[2023-02-08T19:57:52.567+0000] {logging_mixin.py:137} INFO - [2023-02-08T19:57:52.566+0000] {dag.py:2690} INFO - Sync 1 DAGs
[2023-02-08T19:57:52.597+0000] {logging_mixin.py:137} INFO - [2023-02-08T19:57:52.597+0000] {dag.py:3441} INFO - Setting next_dagrun for example_branch_labels to 2023-02-07T00:00:00+00:00, run_after=2023-02-08T00:00:00+00:00
[2023-02-08T19:57:52.622+0000] {processor.py:175} INFO - Processing /home/airflow/.local/lib/python3.7/site-packages/airflow/example_dags/example_branch_labels.py took 0.111 seconds
[2023-02-08T19:58:23.131+0000] {processor.py:153} INFO - Started process (PID=4140) to work on /home/airflow/.local/lib/python3.7/site-packages/airflow/example_dags/example_branch_labels.py
[2023-02-08T19:58:23.133+0000] {processor.py:743} INFO - Processing file /home/airflow/.local/lib/python3.7/site-packages/airflow/example_dags/example_branch_labels.py for tasks to queue
[2023-02-08T19:58:23.140+0000] {logging_mixin.py:137} INFO - [2023-02-08T19:58:23.140+0000] {dagbag.py:538} INFO - Filling up the DagBag from /home/airflow/.local/lib/python3.7/site-packages/airflow/example_dags/example_branch_labels.py
[2023-02-08T19:58:23.170+0000] {processor.py:753} INFO - DAG(s) dict_keys(['example_branch_labels']) retrieved from /home/airflow/.local/lib/python3.7/site-packages/airflow/example_dags/example_branch_labels.py
[2023-02-08T19:58:23.210+0000] {logging_mixin.py:137} INFO - [2023-02-08T19:58:23.209+0000] {dag.py:2690} INFO - Sync 1 DAGs
[2023-02-08T19:58:23.253+0000] {logging_mixin.py:137} INFO - [2023-02-08T19:58:23.253+0000] {dag.py:3441} INFO - Setting next_dagrun for example_branch_labels to 2023-02-07T00:00:00+00:00, run_after=2023-02-08T00:00:00+00:00
[2023-02-08T19:58:23.290+0000] {processor.py:175} INFO - Processing /home/airflow/.local/lib/python3.7/site-packages/airflow/example_dags/example_branch_labels.py took 0.169 seconds
[2023-02-08T19:58:53.723+0000] {processor.py:153} INFO - Started process (PID=4211) to work on /home/airflow/.local/lib/python3.7/site-packages/airflow/example_dags/example_branch_labels.py
[2023-02-08T19:58:53.725+0000] {processor.py:743} INFO - Processing file /home/airflow/.local/lib/python3.7/site-packages/airflow/example_dags/example_branch_labels.py for tasks to queue
[2023-02-08T19:58:53.726+0000] {logging_mixin.py:137} INFO - [2023-02-08T19:58:53.725+0000] {dagbag.py:538} INFO - Filling up the DagBag from /home/airflow/.local/lib/python3.7/site-packages/airflow/example_dags/example_branch_labels.py
[2023-02-08T19:58:53.745+0000] {processor.py:753} INFO - DAG(s) dict_keys(['example_branch_labels']) retrieved from /home/airflow/.local/lib/python3.7/site-packages/airflow/example_dags/example_branch_labels.py
[2023-02-08T19:58:53.773+0000] {logging_mixin.py:137} INFO - [2023-02-08T19:58:53.773+0000] {dag.py:2690} INFO - Sync 1 DAGs
[2023-02-08T19:58:53.800+0000] {logging_mixin.py:137} INFO - [2023-02-08T19:58:53.800+0000] {dag.py:3441} INFO - Setting next_dagrun for example_branch_labels to 2023-02-07T00:00:00+00:00, run_after=2023-02-08T00:00:00+00:00
[2023-02-08T19:58:53.826+0000] {processor.py:175} INFO - Processing /home/airflow/.local/lib/python3.7/site-packages/airflow/example_dags/example_branch_labels.py took 0.107 seconds
[2023-02-08T19:59:24.345+0000] {processor.py:153} INFO - Started process (PID=4277) to work on /home/airflow/.local/lib/python3.7/site-packages/airflow/example_dags/example_branch_labels.py
[2023-02-08T19:59:24.346+0000] {processor.py:743} INFO - Processing file /home/airflow/.local/lib/python3.7/site-packages/airflow/example_dags/example_branch_labels.py for tasks to queue
[2023-02-08T19:59:24.347+0000] {logging_mixin.py:137} INFO - [2023-02-08T19:59:24.347+0000] {dagbag.py:538} INFO - Filling up the DagBag from /home/airflow/.local/lib/python3.7/site-packages/airflow/example_dags/example_branch_labels.py
[2023-02-08T19:59:24.363+0000] {processor.py:753} INFO - DAG(s) dict_keys(['example_branch_labels']) retrieved from /home/airflow/.local/lib/python3.7/site-packages/airflow/example_dags/example_branch_labels.py
[2023-02-08T19:59:24.394+0000] {logging_mixin.py:137} INFO - [2023-02-08T19:59:24.394+0000] {dag.py:2690} INFO - Sync 1 DAGs
[2023-02-08T19:59:24.423+0000] {logging_mixin.py:137} INFO - [2023-02-08T19:59:24.423+0000] {dag.py:3441} INFO - Setting next_dagrun for example_branch_labels to 2023-02-07T00:00:00+00:00, run_after=2023-02-08T00:00:00+00:00
[2023-02-08T19:59:24.449+0000] {processor.py:175} INFO - Processing /home/airflow/.local/lib/python3.7/site-packages/airflow/example_dags/example_branch_labels.py took 0.108 seconds
[2023-02-08T19:59:55.256+0000] {processor.py:153} INFO - Started process (PID=4354) to work on /home/airflow/.local/lib/python3.7/site-packages/airflow/example_dags/example_branch_labels.py
[2023-02-08T19:59:55.257+0000] {processor.py:743} INFO - Processing file /home/airflow/.local/lib/python3.7/site-packages/airflow/example_dags/example_branch_labels.py for tasks to queue
[2023-02-08T19:59:55.258+0000] {logging_mixin.py:137} INFO - [2023-02-08T19:59:55.257+0000] {dagbag.py:538} INFO - Filling up the DagBag from /home/airflow/.local/lib/python3.7/site-packages/airflow/example_dags/example_branch_labels.py
[2023-02-08T19:59:55.274+0000] {processor.py:753} INFO - DAG(s) dict_keys(['example_branch_labels']) retrieved from /home/airflow/.local/lib/python3.7/site-packages/airflow/example_dags/example_branch_labels.py
[2023-02-08T19:59:55.303+0000] {logging_mixin.py:137} INFO - [2023-02-08T19:59:55.302+0000] {dag.py:2690} INFO - Sync 1 DAGs
[2023-02-08T19:59:55.330+0000] {logging_mixin.py:137} INFO - [2023-02-08T19:59:55.330+0000] {dag.py:3441} INFO - Setting next_dagrun for example_branch_labels to 2023-02-07T00:00:00+00:00, run_after=2023-02-08T00:00:00+00:00
[2023-02-08T19:59:55.359+0000] {processor.py:175} INFO - Processing /home/airflow/.local/lib/python3.7/site-packages/airflow/example_dags/example_branch_labels.py took 0.108 seconds
