[2023-02-08T19:28:46.163+0000] {processor.py:153} INFO - Started process (PID=68) to work on /home/airflow/.local/lib/python3.7/site-packages/airflow/example_dags/example_task_group.py
[2023-02-08T19:28:46.164+0000] {processor.py:743} INFO - Processing file /home/airflow/.local/lib/python3.7/site-packages/airflow/example_dags/example_task_group.py for tasks to queue
[2023-02-08T19:28:46.165+0000] {logging_mixin.py:137} INFO - [2023-02-08T19:28:46.165+0000] {dagbag.py:538} INFO - Filling up the DagBag from /home/airflow/.local/lib/python3.7/site-packages/airflow/example_dags/example_task_group.py
[2023-02-08T19:28:46.189+0000] {processor.py:753} INFO - DAG(s) dict_keys(['example_task_group']) retrieved from /home/airflow/.local/lib/python3.7/site-packages/airflow/example_dags/example_task_group.py
[2023-02-08T19:28:46.220+0000] {logging_mixin.py:137} INFO - [2023-02-08T19:28:46.220+0000] {dag.py:2690} INFO - Sync 1 DAGs
[2023-02-08T19:28:46.262+0000] {logging_mixin.py:137} INFO - [2023-02-08T19:28:46.262+0000] {dag.py:3441} INFO - Setting next_dagrun for example_task_group to 2023-02-07T19:28:46.261565+00:00, run_after=2023-02-08T19:28:46.261565+00:00
[2023-02-08T19:28:46.316+0000] {processor.py:175} INFO - Processing /home/airflow/.local/lib/python3.7/site-packages/airflow/example_dags/example_task_group.py took 0.157 seconds
[2023-02-08T19:29:16.868+0000] {processor.py:153} INFO - Started process (PID=132) to work on /home/airflow/.local/lib/python3.7/site-packages/airflow/example_dags/example_task_group.py
[2023-02-08T19:29:16.869+0000] {processor.py:743} INFO - Processing file /home/airflow/.local/lib/python3.7/site-packages/airflow/example_dags/example_task_group.py for tasks to queue
[2023-02-08T19:29:16.870+0000] {logging_mixin.py:137} INFO - [2023-02-08T19:29:16.870+0000] {dagbag.py:538} INFO - Filling up the DagBag from /home/airflow/.local/lib/python3.7/site-packages/airflow/example_dags/example_task_group.py
[2023-02-08T19:29:16.894+0000] {processor.py:753} INFO - DAG(s) dict_keys(['example_task_group']) retrieved from /home/airflow/.local/lib/python3.7/site-packages/airflow/example_dags/example_task_group.py
[2023-02-08T19:29:16.930+0000] {logging_mixin.py:137} INFO - [2023-02-08T19:29:16.930+0000] {dag.py:2690} INFO - Sync 1 DAGs
[2023-02-08T19:29:16.970+0000] {logging_mixin.py:137} INFO - [2023-02-08T19:29:16.969+0000] {dag.py:3441} INFO - Setting next_dagrun for example_task_group to 2023-02-07T19:29:16.969360+00:00, run_after=2023-02-08T19:29:16.969360+00:00
[2023-02-08T19:29:17.001+0000] {processor.py:175} INFO - Processing /home/airflow/.local/lib/python3.7/site-packages/airflow/example_dags/example_task_group.py took 0.139 seconds
[2023-02-08T19:29:47.078+0000] {processor.py:153} INFO - Started process (PID=196) to work on /home/airflow/.local/lib/python3.7/site-packages/airflow/example_dags/example_task_group.py
[2023-02-08T19:29:47.079+0000] {processor.py:743} INFO - Processing file /home/airflow/.local/lib/python3.7/site-packages/airflow/example_dags/example_task_group.py for tasks to queue
[2023-02-08T19:29:47.079+0000] {logging_mixin.py:137} INFO - [2023-02-08T19:29:47.079+0000] {dagbag.py:538} INFO - Filling up the DagBag from /home/airflow/.local/lib/python3.7/site-packages/airflow/example_dags/example_task_group.py
[2023-02-08T19:29:47.109+0000] {processor.py:753} INFO - DAG(s) dict_keys(['example_task_group']) retrieved from /home/airflow/.local/lib/python3.7/site-packages/airflow/example_dags/example_task_group.py
[2023-02-08T19:29:47.149+0000] {logging_mixin.py:137} INFO - [2023-02-08T19:29:47.148+0000] {dag.py:2690} INFO - Sync 1 DAGs
[2023-02-08T19:29:47.186+0000] {logging_mixin.py:137} INFO - [2023-02-08T19:29:47.186+0000] {dag.py:3441} INFO - Setting next_dagrun for example_task_group to 2023-02-07T19:29:47.185719+00:00, run_after=2023-02-08T19:29:47.185719+00:00
[2023-02-08T19:29:47.228+0000] {processor.py:175} INFO - Processing /home/airflow/.local/lib/python3.7/site-packages/airflow/example_dags/example_task_group.py took 0.155 seconds
[2023-02-08T19:30:17.401+0000] {processor.py:153} INFO - Started process (PID=273) to work on /home/airflow/.local/lib/python3.7/site-packages/airflow/example_dags/example_task_group.py
[2023-02-08T19:30:17.402+0000] {processor.py:743} INFO - Processing file /home/airflow/.local/lib/python3.7/site-packages/airflow/example_dags/example_task_group.py for tasks to queue
[2023-02-08T19:30:17.404+0000] {logging_mixin.py:137} INFO - [2023-02-08T19:30:17.403+0000] {dagbag.py:538} INFO - Filling up the DagBag from /home/airflow/.local/lib/python3.7/site-packages/airflow/example_dags/example_task_group.py
[2023-02-08T19:30:17.424+0000] {processor.py:753} INFO - DAG(s) dict_keys(['example_task_group']) retrieved from /home/airflow/.local/lib/python3.7/site-packages/airflow/example_dags/example_task_group.py
[2023-02-08T19:30:17.459+0000] {logging_mixin.py:137} INFO - [2023-02-08T19:30:17.458+0000] {dag.py:2690} INFO - Sync 1 DAGs
[2023-02-08T19:30:17.495+0000] {logging_mixin.py:137} INFO - [2023-02-08T19:30:17.494+0000] {dag.py:3441} INFO - Setting next_dagrun for example_task_group to 2023-02-07T19:30:17.494599+00:00, run_after=2023-02-08T19:30:17.494599+00:00
[2023-02-08T19:30:17.521+0000] {processor.py:175} INFO - Processing /home/airflow/.local/lib/python3.7/site-packages/airflow/example_dags/example_task_group.py took 0.125 seconds
[2023-02-08T19:30:47.745+0000] {processor.py:153} INFO - Started process (PID=339) to work on /home/airflow/.local/lib/python3.7/site-packages/airflow/example_dags/example_task_group.py
[2023-02-08T19:30:47.746+0000] {processor.py:743} INFO - Processing file /home/airflow/.local/lib/python3.7/site-packages/airflow/example_dags/example_task_group.py for tasks to queue
[2023-02-08T19:30:47.746+0000] {logging_mixin.py:137} INFO - [2023-02-08T19:30:47.746+0000] {dagbag.py:538} INFO - Filling up the DagBag from /home/airflow/.local/lib/python3.7/site-packages/airflow/example_dags/example_task_group.py
[2023-02-08T19:30:47.766+0000] {processor.py:753} INFO - DAG(s) dict_keys(['example_task_group']) retrieved from /home/airflow/.local/lib/python3.7/site-packages/airflow/example_dags/example_task_group.py
[2023-02-08T19:30:47.804+0000] {logging_mixin.py:137} INFO - [2023-02-08T19:30:47.804+0000] {dag.py:2690} INFO - Sync 1 DAGs
[2023-02-08T19:30:47.843+0000] {logging_mixin.py:137} INFO - [2023-02-08T19:30:47.843+0000] {dag.py:3441} INFO - Setting next_dagrun for example_task_group to 2023-02-07T19:30:47.842997+00:00, run_after=2023-02-08T19:30:47.842997+00:00
[2023-02-08T19:30:47.875+0000] {processor.py:175} INFO - Processing /home/airflow/.local/lib/python3.7/site-packages/airflow/example_dags/example_task_group.py took 0.135 seconds
[2023-02-08T19:31:18.699+0000] {processor.py:153} INFO - Started process (PID=412) to work on /home/airflow/.local/lib/python3.7/site-packages/airflow/example_dags/example_task_group.py
[2023-02-08T19:31:18.703+0000] {processor.py:743} INFO - Processing file /home/airflow/.local/lib/python3.7/site-packages/airflow/example_dags/example_task_group.py for tasks to queue
[2023-02-08T19:31:18.704+0000] {logging_mixin.py:137} INFO - [2023-02-08T19:31:18.703+0000] {dagbag.py:538} INFO - Filling up the DagBag from /home/airflow/.local/lib/python3.7/site-packages/airflow/example_dags/example_task_group.py
[2023-02-08T19:31:18.732+0000] {processor.py:753} INFO - DAG(s) dict_keys(['example_task_group']) retrieved from /home/airflow/.local/lib/python3.7/site-packages/airflow/example_dags/example_task_group.py
[2023-02-08T19:31:18.778+0000] {logging_mixin.py:137} INFO - [2023-02-08T19:31:18.777+0000] {dag.py:2690} INFO - Sync 1 DAGs
[2023-02-08T19:31:18.820+0000] {logging_mixin.py:137} INFO - [2023-02-08T19:31:18.820+0000] {dag.py:3441} INFO - Setting next_dagrun for example_task_group to 2023-02-07T19:31:18.820038+00:00, run_after=2023-02-08T19:31:18.820038+00:00
[2023-02-08T19:31:18.861+0000] {processor.py:175} INFO - Processing /home/airflow/.local/lib/python3.7/site-packages/airflow/example_dags/example_task_group.py took 0.169 seconds
[2023-02-08T19:31:48.921+0000] {processor.py:153} INFO - Started process (PID=482) to work on /home/airflow/.local/lib/python3.7/site-packages/airflow/example_dags/example_task_group.py
[2023-02-08T19:31:48.923+0000] {processor.py:743} INFO - Processing file /home/airflow/.local/lib/python3.7/site-packages/airflow/example_dags/example_task_group.py for tasks to queue
[2023-02-08T19:31:48.923+0000] {logging_mixin.py:137} INFO - [2023-02-08T19:31:48.923+0000] {dagbag.py:538} INFO - Filling up the DagBag from /home/airflow/.local/lib/python3.7/site-packages/airflow/example_dags/example_task_group.py
[2023-02-08T19:31:48.948+0000] {processor.py:753} INFO - DAG(s) dict_keys(['example_task_group']) retrieved from /home/airflow/.local/lib/python3.7/site-packages/airflow/example_dags/example_task_group.py
[2023-02-08T19:31:48.982+0000] {logging_mixin.py:137} INFO - [2023-02-08T19:31:48.982+0000] {dag.py:2690} INFO - Sync 1 DAGs
[2023-02-08T19:31:49.012+0000] {logging_mixin.py:137} INFO - [2023-02-08T19:31:49.012+0000] {dag.py:3441} INFO - Setting next_dagrun for example_task_group to 2023-02-07T19:31:49.011916+00:00, run_after=2023-02-08T19:31:49.011916+00:00
[2023-02-08T19:31:49.039+0000] {processor.py:175} INFO - Processing /home/airflow/.local/lib/python3.7/site-packages/airflow/example_dags/example_task_group.py took 0.124 seconds
[2023-02-08T19:32:19.170+0000] {processor.py:153} INFO - Started process (PID=549) to work on /home/airflow/.local/lib/python3.7/site-packages/airflow/example_dags/example_task_group.py
[2023-02-08T19:32:19.171+0000] {processor.py:743} INFO - Processing file /home/airflow/.local/lib/python3.7/site-packages/airflow/example_dags/example_task_group.py for tasks to queue
[2023-02-08T19:32:19.172+0000] {logging_mixin.py:137} INFO - [2023-02-08T19:32:19.172+0000] {dagbag.py:538} INFO - Filling up the DagBag from /home/airflow/.local/lib/python3.7/site-packages/airflow/example_dags/example_task_group.py
[2023-02-08T19:32:19.195+0000] {processor.py:753} INFO - DAG(s) dict_keys(['example_task_group']) retrieved from /home/airflow/.local/lib/python3.7/site-packages/airflow/example_dags/example_task_group.py
[2023-02-08T19:32:19.231+0000] {logging_mixin.py:137} INFO - [2023-02-08T19:32:19.231+0000] {dag.py:2690} INFO - Sync 1 DAGs
[2023-02-08T19:32:19.271+0000] {logging_mixin.py:137} INFO - [2023-02-08T19:32:19.270+0000] {dag.py:3441} INFO - Setting next_dagrun for example_task_group to 2023-02-07T19:32:19.270532+00:00, run_after=2023-02-08T19:32:19.270532+00:00
[2023-02-08T19:32:19.298+0000] {processor.py:175} INFO - Processing /home/airflow/.local/lib/python3.7/site-packages/airflow/example_dags/example_task_group.py took 0.133 seconds
[2023-02-08T19:32:49.802+0000] {processor.py:153} INFO - Started process (PID=627) to work on /home/airflow/.local/lib/python3.7/site-packages/airflow/example_dags/example_task_group.py
[2023-02-08T19:32:49.803+0000] {processor.py:743} INFO - Processing file /home/airflow/.local/lib/python3.7/site-packages/airflow/example_dags/example_task_group.py for tasks to queue
[2023-02-08T19:32:49.804+0000] {logging_mixin.py:137} INFO - [2023-02-08T19:32:49.804+0000] {dagbag.py:538} INFO - Filling up the DagBag from /home/airflow/.local/lib/python3.7/site-packages/airflow/example_dags/example_task_group.py
[2023-02-08T19:32:49.832+0000] {processor.py:753} INFO - DAG(s) dict_keys(['example_task_group']) retrieved from /home/airflow/.local/lib/python3.7/site-packages/airflow/example_dags/example_task_group.py
[2023-02-08T19:32:49.869+0000] {logging_mixin.py:137} INFO - [2023-02-08T19:32:49.869+0000] {dag.py:2690} INFO - Sync 1 DAGs
[2023-02-08T19:32:49.917+0000] {logging_mixin.py:137} INFO - [2023-02-08T19:32:49.915+0000] {dag.py:3441} INFO - Setting next_dagrun for example_task_group to 2023-02-07T19:32:49.915185+00:00, run_after=2023-02-08T19:32:49.915185+00:00
[2023-02-08T19:32:49.960+0000] {processor.py:175} INFO - Processing /home/airflow/.local/lib/python3.7/site-packages/airflow/example_dags/example_task_group.py took 0.162 seconds
[2023-02-08T19:33:20.960+0000] {processor.py:153} INFO - Started process (PID=693) to work on /home/airflow/.local/lib/python3.7/site-packages/airflow/example_dags/example_task_group.py
[2023-02-08T19:33:20.961+0000] {processor.py:743} INFO - Processing file /home/airflow/.local/lib/python3.7/site-packages/airflow/example_dags/example_task_group.py for tasks to queue
[2023-02-08T19:33:20.962+0000] {logging_mixin.py:137} INFO - [2023-02-08T19:33:20.962+0000] {dagbag.py:538} INFO - Filling up the DagBag from /home/airflow/.local/lib/python3.7/site-packages/airflow/example_dags/example_task_group.py
[2023-02-08T19:33:20.979+0000] {processor.py:753} INFO - DAG(s) dict_keys(['example_task_group']) retrieved from /home/airflow/.local/lib/python3.7/site-packages/airflow/example_dags/example_task_group.py
[2023-02-08T19:33:21.009+0000] {logging_mixin.py:137} INFO - [2023-02-08T19:33:21.009+0000] {dag.py:2690} INFO - Sync 1 DAGs
[2023-02-08T19:33:21.041+0000] {logging_mixin.py:137} INFO - [2023-02-08T19:33:21.041+0000] {dag.py:3441} INFO - Setting next_dagrun for example_task_group to 2023-02-07T19:33:21.040818+00:00, run_after=2023-02-08T19:33:21.040818+00:00
[2023-02-08T19:33:21.070+0000] {processor.py:175} INFO - Processing /home/airflow/.local/lib/python3.7/site-packages/airflow/example_dags/example_task_group.py took 0.115 seconds
[2023-02-08T19:33:51.808+0000] {processor.py:153} INFO - Started process (PID=757) to work on /home/airflow/.local/lib/python3.7/site-packages/airflow/example_dags/example_task_group.py
[2023-02-08T19:33:51.809+0000] {processor.py:743} INFO - Processing file /home/airflow/.local/lib/python3.7/site-packages/airflow/example_dags/example_task_group.py for tasks to queue
[2023-02-08T19:33:51.810+0000] {logging_mixin.py:137} INFO - [2023-02-08T19:33:51.809+0000] {dagbag.py:538} INFO - Filling up the DagBag from /home/airflow/.local/lib/python3.7/site-packages/airflow/example_dags/example_task_group.py
[2023-02-08T19:33:51.829+0000] {processor.py:753} INFO - DAG(s) dict_keys(['example_task_group']) retrieved from /home/airflow/.local/lib/python3.7/site-packages/airflow/example_dags/example_task_group.py
[2023-02-08T19:33:51.863+0000] {logging_mixin.py:137} INFO - [2023-02-08T19:33:51.863+0000] {dag.py:2690} INFO - Sync 1 DAGs
[2023-02-08T19:33:51.894+0000] {logging_mixin.py:137} INFO - [2023-02-08T19:33:51.894+0000] {dag.py:3441} INFO - Setting next_dagrun for example_task_group to 2023-02-07T19:33:51.894217+00:00, run_after=2023-02-08T19:33:51.894217+00:00
[2023-02-08T19:33:51.936+0000] {processor.py:175} INFO - Processing /home/airflow/.local/lib/python3.7/site-packages/airflow/example_dags/example_task_group.py took 0.133 seconds
[2023-02-08T19:34:21.976+0000] {processor.py:153} INFO - Started process (PID=833) to work on /home/airflow/.local/lib/python3.7/site-packages/airflow/example_dags/example_task_group.py
[2023-02-08T19:34:21.977+0000] {processor.py:743} INFO - Processing file /home/airflow/.local/lib/python3.7/site-packages/airflow/example_dags/example_task_group.py for tasks to queue
[2023-02-08T19:34:21.978+0000] {logging_mixin.py:137} INFO - [2023-02-08T19:34:21.978+0000] {dagbag.py:538} INFO - Filling up the DagBag from /home/airflow/.local/lib/python3.7/site-packages/airflow/example_dags/example_task_group.py
[2023-02-08T19:34:22.003+0000] {processor.py:753} INFO - DAG(s) dict_keys(['example_task_group']) retrieved from /home/airflow/.local/lib/python3.7/site-packages/airflow/example_dags/example_task_group.py
[2023-02-08T19:34:22.036+0000] {logging_mixin.py:137} INFO - [2023-02-08T19:34:22.036+0000] {dag.py:2690} INFO - Sync 1 DAGs
[2023-02-08T19:34:22.064+0000] {logging_mixin.py:137} INFO - [2023-02-08T19:34:22.064+0000] {dag.py:3441} INFO - Setting next_dagrun for example_task_group to 2023-02-07T19:34:22.063836+00:00, run_after=2023-02-08T19:34:22.063836+00:00
[2023-02-08T19:34:22.097+0000] {processor.py:175} INFO - Processing /home/airflow/.local/lib/python3.7/site-packages/airflow/example_dags/example_task_group.py took 0.127 seconds
[2023-02-08T19:34:52.215+0000] {processor.py:153} INFO - Started process (PID=898) to work on /home/airflow/.local/lib/python3.7/site-packages/airflow/example_dags/example_task_group.py
[2023-02-08T19:34:52.216+0000] {processor.py:743} INFO - Processing file /home/airflow/.local/lib/python3.7/site-packages/airflow/example_dags/example_task_group.py for tasks to queue
[2023-02-08T19:34:52.217+0000] {logging_mixin.py:137} INFO - [2023-02-08T19:34:52.216+0000] {dagbag.py:538} INFO - Filling up the DagBag from /home/airflow/.local/lib/python3.7/site-packages/airflow/example_dags/example_task_group.py
[2023-02-08T19:34:52.234+0000] {processor.py:753} INFO - DAG(s) dict_keys(['example_task_group']) retrieved from /home/airflow/.local/lib/python3.7/site-packages/airflow/example_dags/example_task_group.py
[2023-02-08T19:34:52.260+0000] {logging_mixin.py:137} INFO - [2023-02-08T19:34:52.260+0000] {dag.py:2690} INFO - Sync 1 DAGs
[2023-02-08T19:34:52.286+0000] {logging_mixin.py:137} INFO - [2023-02-08T19:34:52.286+0000] {dag.py:3441} INFO - Setting next_dagrun for example_task_group to 2023-02-07T19:34:52.286220+00:00, run_after=2023-02-08T19:34:52.286220+00:00
[2023-02-08T19:34:52.313+0000] {processor.py:175} INFO - Processing /home/airflow/.local/lib/python3.7/site-packages/airflow/example_dags/example_task_group.py took 0.103 seconds
[2023-02-08T19:35:22.733+0000] {processor.py:153} INFO - Started process (PID=963) to work on /home/airflow/.local/lib/python3.7/site-packages/airflow/example_dags/example_task_group.py
[2023-02-08T19:35:22.734+0000] {processor.py:743} INFO - Processing file /home/airflow/.local/lib/python3.7/site-packages/airflow/example_dags/example_task_group.py for tasks to queue
[2023-02-08T19:35:22.735+0000] {logging_mixin.py:137} INFO - [2023-02-08T19:35:22.735+0000] {dagbag.py:538} INFO - Filling up the DagBag from /home/airflow/.local/lib/python3.7/site-packages/airflow/example_dags/example_task_group.py
[2023-02-08T19:35:22.752+0000] {processor.py:753} INFO - DAG(s) dict_keys(['example_task_group']) retrieved from /home/airflow/.local/lib/python3.7/site-packages/airflow/example_dags/example_task_group.py
[2023-02-08T19:35:22.780+0000] {logging_mixin.py:137} INFO - [2023-02-08T19:35:22.780+0000] {dag.py:2690} INFO - Sync 1 DAGs
[2023-02-08T19:35:22.814+0000] {logging_mixin.py:137} INFO - [2023-02-08T19:35:22.814+0000] {dag.py:3441} INFO - Setting next_dagrun for example_task_group to 2023-02-07T19:35:22.813904+00:00, run_after=2023-02-08T19:35:22.813904+00:00
[2023-02-08T19:35:22.853+0000] {processor.py:175} INFO - Processing /home/airflow/.local/lib/python3.7/site-packages/airflow/example_dags/example_task_group.py took 0.124 seconds
[2023-02-08T19:35:53.573+0000] {processor.py:153} INFO - Started process (PID=1039) to work on /home/airflow/.local/lib/python3.7/site-packages/airflow/example_dags/example_task_group.py
[2023-02-08T19:35:53.574+0000] {processor.py:743} INFO - Processing file /home/airflow/.local/lib/python3.7/site-packages/airflow/example_dags/example_task_group.py for tasks to queue
[2023-02-08T19:35:53.575+0000] {logging_mixin.py:137} INFO - [2023-02-08T19:35:53.575+0000] {dagbag.py:538} INFO - Filling up the DagBag from /home/airflow/.local/lib/python3.7/site-packages/airflow/example_dags/example_task_group.py
[2023-02-08T19:35:53.594+0000] {processor.py:753} INFO - DAG(s) dict_keys(['example_task_group']) retrieved from /home/airflow/.local/lib/python3.7/site-packages/airflow/example_dags/example_task_group.py
[2023-02-08T19:35:53.621+0000] {logging_mixin.py:137} INFO - [2023-02-08T19:35:53.621+0000] {dag.py:2690} INFO - Sync 1 DAGs
[2023-02-08T19:35:53.647+0000] {logging_mixin.py:137} INFO - [2023-02-08T19:35:53.647+0000] {dag.py:3441} INFO - Setting next_dagrun for example_task_group to 2023-02-07T19:35:53.646819+00:00, run_after=2023-02-08T19:35:53.646819+00:00
[2023-02-08T19:35:53.676+0000] {processor.py:175} INFO - Processing /home/airflow/.local/lib/python3.7/site-packages/airflow/example_dags/example_task_group.py took 0.107 seconds
[2023-02-08T19:36:23.775+0000] {processor.py:153} INFO - Started process (PID=1104) to work on /home/airflow/.local/lib/python3.7/site-packages/airflow/example_dags/example_task_group.py
[2023-02-08T19:36:23.777+0000] {processor.py:743} INFO - Processing file /home/airflow/.local/lib/python3.7/site-packages/airflow/example_dags/example_task_group.py for tasks to queue
[2023-02-08T19:36:23.778+0000] {logging_mixin.py:137} INFO - [2023-02-08T19:36:23.778+0000] {dagbag.py:538} INFO - Filling up the DagBag from /home/airflow/.local/lib/python3.7/site-packages/airflow/example_dags/example_task_group.py
[2023-02-08T19:36:23.798+0000] {processor.py:753} INFO - DAG(s) dict_keys(['example_task_group']) retrieved from /home/airflow/.local/lib/python3.7/site-packages/airflow/example_dags/example_task_group.py
[2023-02-08T19:36:23.825+0000] {logging_mixin.py:137} INFO - [2023-02-08T19:36:23.825+0000] {dag.py:2690} INFO - Sync 1 DAGs
[2023-02-08T19:36:23.851+0000] {logging_mixin.py:137} INFO - [2023-02-08T19:36:23.851+0000] {dag.py:3441} INFO - Setting next_dagrun for example_task_group to 2023-02-07T19:36:23.850950+00:00, run_after=2023-02-08T19:36:23.850950+00:00
[2023-02-08T19:36:23.877+0000] {processor.py:175} INFO - Processing /home/airflow/.local/lib/python3.7/site-packages/airflow/example_dags/example_task_group.py took 0.107 seconds
[2023-02-08T19:36:54.575+0000] {processor.py:153} INFO - Started process (PID=1179) to work on /home/airflow/.local/lib/python3.7/site-packages/airflow/example_dags/example_task_group.py
[2023-02-08T19:36:54.578+0000] {processor.py:743} INFO - Processing file /home/airflow/.local/lib/python3.7/site-packages/airflow/example_dags/example_task_group.py for tasks to queue
[2023-02-08T19:36:54.579+0000] {logging_mixin.py:137} INFO - [2023-02-08T19:36:54.578+0000] {dagbag.py:538} INFO - Filling up the DagBag from /home/airflow/.local/lib/python3.7/site-packages/airflow/example_dags/example_task_group.py
[2023-02-08T19:36:54.605+0000] {processor.py:753} INFO - DAG(s) dict_keys(['example_task_group']) retrieved from /home/airflow/.local/lib/python3.7/site-packages/airflow/example_dags/example_task_group.py
[2023-02-08T19:36:54.647+0000] {logging_mixin.py:137} INFO - [2023-02-08T19:36:54.647+0000] {dag.py:2690} INFO - Sync 1 DAGs
[2023-02-08T19:36:54.688+0000] {logging_mixin.py:137} INFO - [2023-02-08T19:36:54.688+0000] {dag.py:3441} INFO - Setting next_dagrun for example_task_group to 2023-02-07T19:36:54.688102+00:00, run_after=2023-02-08T19:36:54.688102+00:00
[2023-02-08T19:36:54.736+0000] {processor.py:175} INFO - Processing /home/airflow/.local/lib/python3.7/site-packages/airflow/example_dags/example_task_group.py took 0.166 seconds
[2023-02-08T19:37:24.875+0000] {processor.py:153} INFO - Started process (PID=1247) to work on /home/airflow/.local/lib/python3.7/site-packages/airflow/example_dags/example_task_group.py
[2023-02-08T19:37:24.876+0000] {processor.py:743} INFO - Processing file /home/airflow/.local/lib/python3.7/site-packages/airflow/example_dags/example_task_group.py for tasks to queue
[2023-02-08T19:37:24.877+0000] {logging_mixin.py:137} INFO - [2023-02-08T19:37:24.877+0000] {dagbag.py:538} INFO - Filling up the DagBag from /home/airflow/.local/lib/python3.7/site-packages/airflow/example_dags/example_task_group.py
[2023-02-08T19:37:24.896+0000] {processor.py:753} INFO - DAG(s) dict_keys(['example_task_group']) retrieved from /home/airflow/.local/lib/python3.7/site-packages/airflow/example_dags/example_task_group.py
[2023-02-08T19:37:24.923+0000] {logging_mixin.py:137} INFO - [2023-02-08T19:37:24.922+0000] {dag.py:2690} INFO - Sync 1 DAGs
[2023-02-08T19:37:24.948+0000] {logging_mixin.py:137} INFO - [2023-02-08T19:37:24.948+0000] {dag.py:3441} INFO - Setting next_dagrun for example_task_group to 2023-02-07T19:37:24.948349+00:00, run_after=2023-02-08T19:37:24.948349+00:00
[2023-02-08T19:37:24.974+0000] {processor.py:175} INFO - Processing /home/airflow/.local/lib/python3.7/site-packages/airflow/example_dags/example_task_group.py took 0.103 seconds
[2023-02-08T19:37:55.749+0000] {processor.py:153} INFO - Started process (PID=1313) to work on /home/airflow/.local/lib/python3.7/site-packages/airflow/example_dags/example_task_group.py
[2023-02-08T19:37:55.751+0000] {processor.py:743} INFO - Processing file /home/airflow/.local/lib/python3.7/site-packages/airflow/example_dags/example_task_group.py for tasks to queue
[2023-02-08T19:37:55.751+0000] {logging_mixin.py:137} INFO - [2023-02-08T19:37:55.751+0000] {dagbag.py:538} INFO - Filling up the DagBag from /home/airflow/.local/lib/python3.7/site-packages/airflow/example_dags/example_task_group.py
[2023-02-08T19:37:55.770+0000] {processor.py:753} INFO - DAG(s) dict_keys(['example_task_group']) retrieved from /home/airflow/.local/lib/python3.7/site-packages/airflow/example_dags/example_task_group.py
[2023-02-08T19:37:55.797+0000] {logging_mixin.py:137} INFO - [2023-02-08T19:37:55.797+0000] {dag.py:2690} INFO - Sync 1 DAGs
[2023-02-08T19:37:55.824+0000] {logging_mixin.py:137} INFO - [2023-02-08T19:37:55.824+0000] {dag.py:3441} INFO - Setting next_dagrun for example_task_group to 2023-02-07T19:37:55.824377+00:00, run_after=2023-02-08T19:37:55.824377+00:00
[2023-02-08T19:37:55.856+0000] {processor.py:175} INFO - Processing /home/airflow/.local/lib/python3.7/site-packages/airflow/example_dags/example_task_group.py took 0.111 seconds
[2023-02-08T19:38:26.328+0000] {processor.py:153} INFO - Started process (PID=1390) to work on /home/airflow/.local/lib/python3.7/site-packages/airflow/example_dags/example_task_group.py
[2023-02-08T19:38:26.330+0000] {processor.py:743} INFO - Processing file /home/airflow/.local/lib/python3.7/site-packages/airflow/example_dags/example_task_group.py for tasks to queue
[2023-02-08T19:38:26.330+0000] {logging_mixin.py:137} INFO - [2023-02-08T19:38:26.330+0000] {dagbag.py:538} INFO - Filling up the DagBag from /home/airflow/.local/lib/python3.7/site-packages/airflow/example_dags/example_task_group.py
[2023-02-08T19:38:26.348+0000] {processor.py:753} INFO - DAG(s) dict_keys(['example_task_group']) retrieved from /home/airflow/.local/lib/python3.7/site-packages/airflow/example_dags/example_task_group.py
[2023-02-08T19:38:26.375+0000] {logging_mixin.py:137} INFO - [2023-02-08T19:38:26.375+0000] {dag.py:2690} INFO - Sync 1 DAGs
[2023-02-08T19:38:26.402+0000] {logging_mixin.py:137} INFO - [2023-02-08T19:38:26.402+0000] {dag.py:3441} INFO - Setting next_dagrun for example_task_group to 2023-02-07T19:38:26.401952+00:00, run_after=2023-02-08T19:38:26.401952+00:00
[2023-02-08T19:38:26.431+0000] {processor.py:175} INFO - Processing /home/airflow/.local/lib/python3.7/site-packages/airflow/example_dags/example_task_group.py took 0.108 seconds
[2023-02-08T19:38:56.672+0000] {processor.py:153} INFO - Started process (PID=1456) to work on /home/airflow/.local/lib/python3.7/site-packages/airflow/example_dags/example_task_group.py
[2023-02-08T19:38:56.673+0000] {processor.py:743} INFO - Processing file /home/airflow/.local/lib/python3.7/site-packages/airflow/example_dags/example_task_group.py for tasks to queue
[2023-02-08T19:38:56.674+0000] {logging_mixin.py:137} INFO - [2023-02-08T19:38:56.674+0000] {dagbag.py:538} INFO - Filling up the DagBag from /home/airflow/.local/lib/python3.7/site-packages/airflow/example_dags/example_task_group.py
[2023-02-08T19:38:56.693+0000] {processor.py:753} INFO - DAG(s) dict_keys(['example_task_group']) retrieved from /home/airflow/.local/lib/python3.7/site-packages/airflow/example_dags/example_task_group.py
[2023-02-08T19:38:56.719+0000] {logging_mixin.py:137} INFO - [2023-02-08T19:38:56.719+0000] {dag.py:2690} INFO - Sync 1 DAGs
[2023-02-08T19:38:56.748+0000] {logging_mixin.py:137} INFO - [2023-02-08T19:38:56.748+0000] {dag.py:3441} INFO - Setting next_dagrun for example_task_group to 2023-02-07T19:38:56.747868+00:00, run_after=2023-02-08T19:38:56.747868+00:00
[2023-02-08T19:38:56.773+0000] {processor.py:175} INFO - Processing /home/airflow/.local/lib/python3.7/site-packages/airflow/example_dags/example_task_group.py took 0.108 seconds
[2023-02-08T19:39:27.419+0000] {processor.py:153} INFO - Started process (PID=1531) to work on /home/airflow/.local/lib/python3.7/site-packages/airflow/example_dags/example_task_group.py
[2023-02-08T19:39:27.435+0000] {processor.py:743} INFO - Processing file /home/airflow/.local/lib/python3.7/site-packages/airflow/example_dags/example_task_group.py for tasks to queue
[2023-02-08T19:39:27.437+0000] {logging_mixin.py:137} INFO - [2023-02-08T19:39:27.437+0000] {dagbag.py:538} INFO - Filling up the DagBag from /home/airflow/.local/lib/python3.7/site-packages/airflow/example_dags/example_task_group.py
[2023-02-08T19:39:27.503+0000] {processor.py:753} INFO - DAG(s) dict_keys(['example_task_group']) retrieved from /home/airflow/.local/lib/python3.7/site-packages/airflow/example_dags/example_task_group.py
[2023-02-08T19:39:27.573+0000] {logging_mixin.py:137} INFO - [2023-02-08T19:39:27.573+0000] {dag.py:2690} INFO - Sync 1 DAGs
[2023-02-08T19:39:27.615+0000] {logging_mixin.py:137} INFO - [2023-02-08T19:39:27.615+0000] {dag.py:3441} INFO - Setting next_dagrun for example_task_group to 2023-02-07T19:39:27.614716+00:00, run_after=2023-02-08T19:39:27.614716+00:00
[2023-02-08T19:39:27.650+0000] {processor.py:175} INFO - Processing /home/airflow/.local/lib/python3.7/site-packages/airflow/example_dags/example_task_group.py took 0.247 seconds
[2023-02-08T19:39:57.914+0000] {processor.py:153} INFO - Started process (PID=1599) to work on /home/airflow/.local/lib/python3.7/site-packages/airflow/example_dags/example_task_group.py
[2023-02-08T19:39:57.915+0000] {processor.py:743} INFO - Processing file /home/airflow/.local/lib/python3.7/site-packages/airflow/example_dags/example_task_group.py for tasks to queue
[2023-02-08T19:39:57.916+0000] {logging_mixin.py:137} INFO - [2023-02-08T19:39:57.916+0000] {dagbag.py:538} INFO - Filling up the DagBag from /home/airflow/.local/lib/python3.7/site-packages/airflow/example_dags/example_task_group.py
[2023-02-08T19:39:57.935+0000] {processor.py:753} INFO - DAG(s) dict_keys(['example_task_group']) retrieved from /home/airflow/.local/lib/python3.7/site-packages/airflow/example_dags/example_task_group.py
[2023-02-08T19:39:57.966+0000] {logging_mixin.py:137} INFO - [2023-02-08T19:39:57.966+0000] {dag.py:2690} INFO - Sync 1 DAGs
[2023-02-08T19:39:57.994+0000] {logging_mixin.py:137} INFO - [2023-02-08T19:39:57.994+0000] {dag.py:3441} INFO - Setting next_dagrun for example_task_group to 2023-02-07T19:39:57.993737+00:00, run_after=2023-02-08T19:39:57.993737+00:00
[2023-02-08T19:39:58.023+0000] {processor.py:175} INFO - Processing /home/airflow/.local/lib/python3.7/site-packages/airflow/example_dags/example_task_group.py took 0.113 seconds
[2023-02-08T19:40:28.930+0000] {processor.py:153} INFO - Started process (PID=1665) to work on /home/airflow/.local/lib/python3.7/site-packages/airflow/example_dags/example_task_group.py
[2023-02-08T19:40:28.931+0000] {processor.py:743} INFO - Processing file /home/airflow/.local/lib/python3.7/site-packages/airflow/example_dags/example_task_group.py for tasks to queue
[2023-02-08T19:40:28.932+0000] {logging_mixin.py:137} INFO - [2023-02-08T19:40:28.932+0000] {dagbag.py:538} INFO - Filling up the DagBag from /home/airflow/.local/lib/python3.7/site-packages/airflow/example_dags/example_task_group.py
[2023-02-08T19:40:28.960+0000] {processor.py:753} INFO - DAG(s) dict_keys(['example_task_group']) retrieved from /home/airflow/.local/lib/python3.7/site-packages/airflow/example_dags/example_task_group.py
[2023-02-08T19:40:28.997+0000] {logging_mixin.py:137} INFO - [2023-02-08T19:40:28.997+0000] {dag.py:2690} INFO - Sync 1 DAGs
[2023-02-08T19:40:29.044+0000] {logging_mixin.py:137} INFO - [2023-02-08T19:40:29.044+0000] {dag.py:3441} INFO - Setting next_dagrun for example_task_group to 2023-02-07T19:40:29.043908+00:00, run_after=2023-02-08T19:40:29.043908+00:00
[2023-02-08T19:40:29.090+0000] {processor.py:175} INFO - Processing /home/airflow/.local/lib/python3.7/site-packages/airflow/example_dags/example_task_group.py took 0.181 seconds
[2023-02-08T19:40:59.749+0000] {processor.py:153} INFO - Started process (PID=1741) to work on /home/airflow/.local/lib/python3.7/site-packages/airflow/example_dags/example_task_group.py
[2023-02-08T19:40:59.751+0000] {processor.py:743} INFO - Processing file /home/airflow/.local/lib/python3.7/site-packages/airflow/example_dags/example_task_group.py for tasks to queue
[2023-02-08T19:40:59.752+0000] {logging_mixin.py:137} INFO - [2023-02-08T19:40:59.752+0000] {dagbag.py:538} INFO - Filling up the DagBag from /home/airflow/.local/lib/python3.7/site-packages/airflow/example_dags/example_task_group.py
[2023-02-08T19:40:59.774+0000] {processor.py:753} INFO - DAG(s) dict_keys(['example_task_group']) retrieved from /home/airflow/.local/lib/python3.7/site-packages/airflow/example_dags/example_task_group.py
[2023-02-08T19:40:59.833+0000] {logging_mixin.py:137} INFO - [2023-02-08T19:40:59.832+0000] {dag.py:2690} INFO - Sync 1 DAGs
[2023-02-08T19:40:59.868+0000] {logging_mixin.py:137} INFO - [2023-02-08T19:40:59.868+0000] {dag.py:3441} INFO - Setting next_dagrun for example_task_group to 2023-02-07T19:40:59.867701+00:00, run_after=2023-02-08T19:40:59.867701+00:00
[2023-02-08T19:40:59.916+0000] {processor.py:175} INFO - Processing /home/airflow/.local/lib/python3.7/site-packages/airflow/example_dags/example_task_group.py took 0.171 seconds
[2023-02-08T19:41:30.038+0000] {processor.py:153} INFO - Started process (PID=1806) to work on /home/airflow/.local/lib/python3.7/site-packages/airflow/example_dags/example_task_group.py
[2023-02-08T19:41:30.039+0000] {processor.py:743} INFO - Processing file /home/airflow/.local/lib/python3.7/site-packages/airflow/example_dags/example_task_group.py for tasks to queue
[2023-02-08T19:41:30.040+0000] {logging_mixin.py:137} INFO - [2023-02-08T19:41:30.040+0000] {dagbag.py:538} INFO - Filling up the DagBag from /home/airflow/.local/lib/python3.7/site-packages/airflow/example_dags/example_task_group.py
[2023-02-08T19:41:30.059+0000] {processor.py:753} INFO - DAG(s) dict_keys(['example_task_group']) retrieved from /home/airflow/.local/lib/python3.7/site-packages/airflow/example_dags/example_task_group.py
[2023-02-08T19:41:30.088+0000] {logging_mixin.py:137} INFO - [2023-02-08T19:41:30.087+0000] {dag.py:2690} INFO - Sync 1 DAGs
[2023-02-08T19:41:30.116+0000] {logging_mixin.py:137} INFO - [2023-02-08T19:41:30.115+0000] {dag.py:3441} INFO - Setting next_dagrun for example_task_group to 2023-02-07T19:41:30.115587+00:00, run_after=2023-02-08T19:41:30.115587+00:00
[2023-02-08T19:41:30.142+0000] {processor.py:175} INFO - Processing /home/airflow/.local/lib/python3.7/site-packages/airflow/example_dags/example_task_group.py took 0.109 seconds
[2023-02-08T19:42:00.738+0000] {processor.py:153} INFO - Started process (PID=1881) to work on /home/airflow/.local/lib/python3.7/site-packages/airflow/example_dags/example_task_group.py
[2023-02-08T19:42:00.740+0000] {processor.py:743} INFO - Processing file /home/airflow/.local/lib/python3.7/site-packages/airflow/example_dags/example_task_group.py for tasks to queue
[2023-02-08T19:42:00.741+0000] {logging_mixin.py:137} INFO - [2023-02-08T19:42:00.741+0000] {dagbag.py:538} INFO - Filling up the DagBag from /home/airflow/.local/lib/python3.7/site-packages/airflow/example_dags/example_task_group.py
[2023-02-08T19:42:00.770+0000] {processor.py:753} INFO - DAG(s) dict_keys(['example_task_group']) retrieved from /home/airflow/.local/lib/python3.7/site-packages/airflow/example_dags/example_task_group.py
[2023-02-08T19:42:00.809+0000] {logging_mixin.py:137} INFO - [2023-02-08T19:42:00.809+0000] {dag.py:2690} INFO - Sync 1 DAGs
[2023-02-08T19:42:00.847+0000] {logging_mixin.py:137} INFO - [2023-02-08T19:42:00.847+0000] {dag.py:3441} INFO - Setting next_dagrun for example_task_group to 2023-02-07T19:42:00.847226+00:00, run_after=2023-02-08T19:42:00.847226+00:00
[2023-02-08T19:42:00.895+0000] {processor.py:175} INFO - Processing /home/airflow/.local/lib/python3.7/site-packages/airflow/example_dags/example_task_group.py took 0.162 seconds
[2023-02-08T19:42:31.032+0000] {processor.py:153} INFO - Started process (PID=1949) to work on /home/airflow/.local/lib/python3.7/site-packages/airflow/example_dags/example_task_group.py
[2023-02-08T19:42:31.033+0000] {processor.py:743} INFO - Processing file /home/airflow/.local/lib/python3.7/site-packages/airflow/example_dags/example_task_group.py for tasks to queue
[2023-02-08T19:42:31.034+0000] {logging_mixin.py:137} INFO - [2023-02-08T19:42:31.034+0000] {dagbag.py:538} INFO - Filling up the DagBag from /home/airflow/.local/lib/python3.7/site-packages/airflow/example_dags/example_task_group.py
[2023-02-08T19:42:31.052+0000] {processor.py:753} INFO - DAG(s) dict_keys(['example_task_group']) retrieved from /home/airflow/.local/lib/python3.7/site-packages/airflow/example_dags/example_task_group.py
[2023-02-08T19:42:31.081+0000] {logging_mixin.py:137} INFO - [2023-02-08T19:42:31.081+0000] {dag.py:2690} INFO - Sync 1 DAGs
[2023-02-08T19:42:31.109+0000] {logging_mixin.py:137} INFO - [2023-02-08T19:42:31.109+0000] {dag.py:3441} INFO - Setting next_dagrun for example_task_group to 2023-02-07T19:42:31.109533+00:00, run_after=2023-02-08T19:42:31.109533+00:00
[2023-02-08T19:42:31.140+0000] {processor.py:175} INFO - Processing /home/airflow/.local/lib/python3.7/site-packages/airflow/example_dags/example_task_group.py took 0.112 seconds
[2023-02-08T19:43:01.369+0000] {processor.py:153} INFO - Started process (PID=2015) to work on /home/airflow/.local/lib/python3.7/site-packages/airflow/example_dags/example_task_group.py
[2023-02-08T19:43:01.371+0000] {processor.py:743} INFO - Processing file /home/airflow/.local/lib/python3.7/site-packages/airflow/example_dags/example_task_group.py for tasks to queue
[2023-02-08T19:43:01.372+0000] {logging_mixin.py:137} INFO - [2023-02-08T19:43:01.372+0000] {dagbag.py:538} INFO - Filling up the DagBag from /home/airflow/.local/lib/python3.7/site-packages/airflow/example_dags/example_task_group.py
[2023-02-08T19:43:01.403+0000] {processor.py:753} INFO - DAG(s) dict_keys(['example_task_group']) retrieved from /home/airflow/.local/lib/python3.7/site-packages/airflow/example_dags/example_task_group.py
[2023-02-08T19:43:01.449+0000] {logging_mixin.py:137} INFO - [2023-02-08T19:43:01.449+0000] {dag.py:2690} INFO - Sync 1 DAGs
[2023-02-08T19:43:01.493+0000] {logging_mixin.py:137} INFO - [2023-02-08T19:43:01.492+0000] {dag.py:3441} INFO - Setting next_dagrun for example_task_group to 2023-02-07T19:43:01.492501+00:00, run_after=2023-02-08T19:43:01.492501+00:00
[2023-02-08T19:43:01.535+0000] {processor.py:175} INFO - Processing /home/airflow/.local/lib/python3.7/site-packages/airflow/example_dags/example_task_group.py took 0.172 seconds
[2023-02-08T19:43:31.980+0000] {processor.py:153} INFO - Started process (PID=2094) to work on /home/airflow/.local/lib/python3.7/site-packages/airflow/example_dags/example_task_group.py
[2023-02-08T19:43:31.981+0000] {processor.py:743} INFO - Processing file /home/airflow/.local/lib/python3.7/site-packages/airflow/example_dags/example_task_group.py for tasks to queue
[2023-02-08T19:43:31.983+0000] {logging_mixin.py:137} INFO - [2023-02-08T19:43:31.982+0000] {dagbag.py:538} INFO - Filling up the DagBag from /home/airflow/.local/lib/python3.7/site-packages/airflow/example_dags/example_task_group.py
[2023-02-08T19:43:32.000+0000] {processor.py:753} INFO - DAG(s) dict_keys(['example_task_group']) retrieved from /home/airflow/.local/lib/python3.7/site-packages/airflow/example_dags/example_task_group.py
[2023-02-08T19:43:32.026+0000] {logging_mixin.py:137} INFO - [2023-02-08T19:43:32.026+0000] {dag.py:2690} INFO - Sync 1 DAGs
[2023-02-08T19:43:32.062+0000] {logging_mixin.py:137} INFO - [2023-02-08T19:43:32.061+0000] {dag.py:3441} INFO - Setting next_dagrun for example_task_group to 2023-02-07T19:43:32.061493+00:00, run_after=2023-02-08T19:43:32.061493+00:00
[2023-02-08T19:43:32.094+0000] {processor.py:175} INFO - Processing /home/airflow/.local/lib/python3.7/site-packages/airflow/example_dags/example_task_group.py took 0.118 seconds
[2023-02-08T19:44:02.492+0000] {processor.py:153} INFO - Started process (PID=2158) to work on /home/airflow/.local/lib/python3.7/site-packages/airflow/example_dags/example_task_group.py
[2023-02-08T19:44:02.493+0000] {processor.py:743} INFO - Processing file /home/airflow/.local/lib/python3.7/site-packages/airflow/example_dags/example_task_group.py for tasks to queue
[2023-02-08T19:44:02.494+0000] {logging_mixin.py:137} INFO - [2023-02-08T19:44:02.494+0000] {dagbag.py:538} INFO - Filling up the DagBag from /home/airflow/.local/lib/python3.7/site-packages/airflow/example_dags/example_task_group.py
[2023-02-08T19:44:02.518+0000] {processor.py:753} INFO - DAG(s) dict_keys(['example_task_group']) retrieved from /home/airflow/.local/lib/python3.7/site-packages/airflow/example_dags/example_task_group.py
[2023-02-08T19:44:02.554+0000] {logging_mixin.py:137} INFO - [2023-02-08T19:44:02.554+0000] {dag.py:2690} INFO - Sync 1 DAGs
[2023-02-08T19:44:02.590+0000] {logging_mixin.py:137} INFO - [2023-02-08T19:44:02.590+0000] {dag.py:3441} INFO - Setting next_dagrun for example_task_group to 2023-02-07T19:44:02.590092+00:00, run_after=2023-02-08T19:44:02.590092+00:00
[2023-02-08T19:44:02.623+0000] {processor.py:175} INFO - Processing /home/airflow/.local/lib/python3.7/site-packages/airflow/example_dags/example_task_group.py took 0.135 seconds
[2023-02-08T19:44:33.309+0000] {processor.py:153} INFO - Started process (PID=2237) to work on /home/airflow/.local/lib/python3.7/site-packages/airflow/example_dags/example_task_group.py
[2023-02-08T19:44:33.314+0000] {processor.py:743} INFO - Processing file /home/airflow/.local/lib/python3.7/site-packages/airflow/example_dags/example_task_group.py for tasks to queue
[2023-02-08T19:44:33.315+0000] {logging_mixin.py:137} INFO - [2023-02-08T19:44:33.315+0000] {dagbag.py:538} INFO - Filling up the DagBag from /home/airflow/.local/lib/python3.7/site-packages/airflow/example_dags/example_task_group.py
[2023-02-08T19:44:33.341+0000] {processor.py:753} INFO - DAG(s) dict_keys(['example_task_group']) retrieved from /home/airflow/.local/lib/python3.7/site-packages/airflow/example_dags/example_task_group.py
[2023-02-08T19:44:33.386+0000] {logging_mixin.py:137} INFO - [2023-02-08T19:44:33.386+0000] {dag.py:2690} INFO - Sync 1 DAGs
[2023-02-08T19:44:33.429+0000] {logging_mixin.py:137} INFO - [2023-02-08T19:44:33.429+0000] {dag.py:3441} INFO - Setting next_dagrun for example_task_group to 2023-02-07T19:44:33.428933+00:00, run_after=2023-02-08T19:44:33.428933+00:00
[2023-02-08T19:44:33.457+0000] {processor.py:175} INFO - Processing /home/airflow/.local/lib/python3.7/site-packages/airflow/example_dags/example_task_group.py took 0.155 seconds
[2023-02-08T19:45:03.816+0000] {processor.py:153} INFO - Started process (PID=2302) to work on /home/airflow/.local/lib/python3.7/site-packages/airflow/example_dags/example_task_group.py
[2023-02-08T19:45:03.817+0000] {processor.py:743} INFO - Processing file /home/airflow/.local/lib/python3.7/site-packages/airflow/example_dags/example_task_group.py for tasks to queue
[2023-02-08T19:45:03.818+0000] {logging_mixin.py:137} INFO - [2023-02-08T19:45:03.818+0000] {dagbag.py:538} INFO - Filling up the DagBag from /home/airflow/.local/lib/python3.7/site-packages/airflow/example_dags/example_task_group.py
[2023-02-08T19:45:03.842+0000] {processor.py:753} INFO - DAG(s) dict_keys(['example_task_group']) retrieved from /home/airflow/.local/lib/python3.7/site-packages/airflow/example_dags/example_task_group.py
[2023-02-08T19:45:03.886+0000] {logging_mixin.py:137} INFO - [2023-02-08T19:45:03.886+0000] {dag.py:2690} INFO - Sync 1 DAGs
[2023-02-08T19:45:03.927+0000] {logging_mixin.py:137} INFO - [2023-02-08T19:45:03.927+0000] {dag.py:3441} INFO - Setting next_dagrun for example_task_group to 2023-02-07T19:45:03.926920+00:00, run_after=2023-02-08T19:45:03.926920+00:00
[2023-02-08T19:45:03.960+0000] {processor.py:175} INFO - Processing /home/airflow/.local/lib/python3.7/site-packages/airflow/example_dags/example_task_group.py took 0.149 seconds
[2023-02-08T19:45:34.439+0000] {processor.py:153} INFO - Started process (PID=2368) to work on /home/airflow/.local/lib/python3.7/site-packages/airflow/example_dags/example_task_group.py
[2023-02-08T19:45:34.440+0000] {processor.py:743} INFO - Processing file /home/airflow/.local/lib/python3.7/site-packages/airflow/example_dags/example_task_group.py for tasks to queue
[2023-02-08T19:45:34.441+0000] {logging_mixin.py:137} INFO - [2023-02-08T19:45:34.441+0000] {dagbag.py:538} INFO - Filling up the DagBag from /home/airflow/.local/lib/python3.7/site-packages/airflow/example_dags/example_task_group.py
[2023-02-08T19:45:34.465+0000] {processor.py:753} INFO - DAG(s) dict_keys(['example_task_group']) retrieved from /home/airflow/.local/lib/python3.7/site-packages/airflow/example_dags/example_task_group.py
[2023-02-08T19:45:34.501+0000] {logging_mixin.py:137} INFO - [2023-02-08T19:45:34.501+0000] {dag.py:2690} INFO - Sync 1 DAGs
[2023-02-08T19:45:34.534+0000] {logging_mixin.py:137} INFO - [2023-02-08T19:45:34.533+0000] {dag.py:3441} INFO - Setting next_dagrun for example_task_group to 2023-02-07T19:45:34.533318+00:00, run_after=2023-02-08T19:45:34.533318+00:00
[2023-02-08T19:45:34.567+0000] {processor.py:175} INFO - Processing /home/airflow/.local/lib/python3.7/site-packages/airflow/example_dags/example_task_group.py took 0.132 seconds
[2023-02-08T19:46:05.168+0000] {processor.py:153} INFO - Started process (PID=2444) to work on /home/airflow/.local/lib/python3.7/site-packages/airflow/example_dags/example_task_group.py
[2023-02-08T19:46:05.169+0000] {processor.py:743} INFO - Processing file /home/airflow/.local/lib/python3.7/site-packages/airflow/example_dags/example_task_group.py for tasks to queue
[2023-02-08T19:46:05.170+0000] {logging_mixin.py:137} INFO - [2023-02-08T19:46:05.170+0000] {dagbag.py:538} INFO - Filling up the DagBag from /home/airflow/.local/lib/python3.7/site-packages/airflow/example_dags/example_task_group.py
[2023-02-08T19:46:05.193+0000] {processor.py:753} INFO - DAG(s) dict_keys(['example_task_group']) retrieved from /home/airflow/.local/lib/python3.7/site-packages/airflow/example_dags/example_task_group.py
[2023-02-08T19:46:05.229+0000] {logging_mixin.py:137} INFO - [2023-02-08T19:46:05.228+0000] {dag.py:2690} INFO - Sync 1 DAGs
[2023-02-08T19:46:05.266+0000] {logging_mixin.py:137} INFO - [2023-02-08T19:46:05.266+0000] {dag.py:3441} INFO - Setting next_dagrun for example_task_group to 2023-02-07T19:46:05.265802+00:00, run_after=2023-02-08T19:46:05.265802+00:00
[2023-02-08T19:46:05.294+0000] {processor.py:175} INFO - Processing /home/airflow/.local/lib/python3.7/site-packages/airflow/example_dags/example_task_group.py took 0.131 seconds
[2023-02-08T19:46:35.687+0000] {processor.py:153} INFO - Started process (PID=2510) to work on /home/airflow/.local/lib/python3.7/site-packages/airflow/example_dags/example_task_group.py
[2023-02-08T19:46:35.688+0000] {processor.py:743} INFO - Processing file /home/airflow/.local/lib/python3.7/site-packages/airflow/example_dags/example_task_group.py for tasks to queue
[2023-02-08T19:46:35.689+0000] {logging_mixin.py:137} INFO - [2023-02-08T19:46:35.689+0000] {dagbag.py:538} INFO - Filling up the DagBag from /home/airflow/.local/lib/python3.7/site-packages/airflow/example_dags/example_task_group.py
[2023-02-08T19:46:35.707+0000] {processor.py:753} INFO - DAG(s) dict_keys(['example_task_group']) retrieved from /home/airflow/.local/lib/python3.7/site-packages/airflow/example_dags/example_task_group.py
[2023-02-08T19:46:35.737+0000] {logging_mixin.py:137} INFO - [2023-02-08T19:46:35.737+0000] {dag.py:2690} INFO - Sync 1 DAGs
[2023-02-08T19:46:35.763+0000] {logging_mixin.py:137} INFO - [2023-02-08T19:46:35.763+0000] {dag.py:3441} INFO - Setting next_dagrun for example_task_group to 2023-02-07T19:46:35.763120+00:00, run_after=2023-02-08T19:46:35.763120+00:00
[2023-02-08T19:46:35.788+0000] {processor.py:175} INFO - Processing /home/airflow/.local/lib/python3.7/site-packages/airflow/example_dags/example_task_group.py took 0.106 seconds
[2023-02-08T19:47:06.417+0000] {processor.py:153} INFO - Started process (PID=2587) to work on /home/airflow/.local/lib/python3.7/site-packages/airflow/example_dags/example_task_group.py
[2023-02-08T19:47:06.419+0000] {processor.py:743} INFO - Processing file /home/airflow/.local/lib/python3.7/site-packages/airflow/example_dags/example_task_group.py for tasks to queue
[2023-02-08T19:47:06.420+0000] {logging_mixin.py:137} INFO - [2023-02-08T19:47:06.420+0000] {dagbag.py:538} INFO - Filling up the DagBag from /home/airflow/.local/lib/python3.7/site-packages/airflow/example_dags/example_task_group.py
[2023-02-08T19:47:06.444+0000] {processor.py:753} INFO - DAG(s) dict_keys(['example_task_group']) retrieved from /home/airflow/.local/lib/python3.7/site-packages/airflow/example_dags/example_task_group.py
[2023-02-08T19:47:06.482+0000] {logging_mixin.py:137} INFO - [2023-02-08T19:47:06.482+0000] {dag.py:2690} INFO - Sync 1 DAGs
[2023-02-08T19:47:06.525+0000] {logging_mixin.py:137} INFO - [2023-02-08T19:47:06.522+0000] {dag.py:3441} INFO - Setting next_dagrun for example_task_group to 2023-02-07T19:47:06.521972+00:00, run_after=2023-02-08T19:47:06.521972+00:00
[2023-02-08T19:47:06.561+0000] {processor.py:175} INFO - Processing /home/airflow/.local/lib/python3.7/site-packages/airflow/example_dags/example_task_group.py took 0.148 seconds
[2023-02-08T19:47:36.619+0000] {processor.py:153} INFO - Started process (PID=2653) to work on /home/airflow/.local/lib/python3.7/site-packages/airflow/example_dags/example_task_group.py
[2023-02-08T19:47:36.620+0000] {processor.py:743} INFO - Processing file /home/airflow/.local/lib/python3.7/site-packages/airflow/example_dags/example_task_group.py for tasks to queue
[2023-02-08T19:47:36.620+0000] {logging_mixin.py:137} INFO - [2023-02-08T19:47:36.620+0000] {dagbag.py:538} INFO - Filling up the DagBag from /home/airflow/.local/lib/python3.7/site-packages/airflow/example_dags/example_task_group.py
[2023-02-08T19:47:36.639+0000] {processor.py:753} INFO - DAG(s) dict_keys(['example_task_group']) retrieved from /home/airflow/.local/lib/python3.7/site-packages/airflow/example_dags/example_task_group.py
[2023-02-08T19:47:36.675+0000] {logging_mixin.py:137} INFO - [2023-02-08T19:47:36.674+0000] {dag.py:2690} INFO - Sync 1 DAGs
[2023-02-08T19:47:36.713+0000] {logging_mixin.py:137} INFO - [2023-02-08T19:47:36.713+0000] {dag.py:3441} INFO - Setting next_dagrun for example_task_group to 2023-02-07T19:47:36.712884+00:00, run_after=2023-02-08T19:47:36.712884+00:00
[2023-02-08T19:47:36.741+0000] {processor.py:175} INFO - Processing /home/airflow/.local/lib/python3.7/site-packages/airflow/example_dags/example_task_group.py took 0.127 seconds
[2023-02-08T19:48:07.584+0000] {processor.py:153} INFO - Started process (PID=2718) to work on /home/airflow/.local/lib/python3.7/site-packages/airflow/example_dags/example_task_group.py
[2023-02-08T19:48:07.586+0000] {processor.py:743} INFO - Processing file /home/airflow/.local/lib/python3.7/site-packages/airflow/example_dags/example_task_group.py for tasks to queue
[2023-02-08T19:48:07.587+0000] {logging_mixin.py:137} INFO - [2023-02-08T19:48:07.586+0000] {dagbag.py:538} INFO - Filling up the DagBag from /home/airflow/.local/lib/python3.7/site-packages/airflow/example_dags/example_task_group.py
[2023-02-08T19:48:07.611+0000] {processor.py:753} INFO - DAG(s) dict_keys(['example_task_group']) retrieved from /home/airflow/.local/lib/python3.7/site-packages/airflow/example_dags/example_task_group.py
[2023-02-08T19:48:07.648+0000] {logging_mixin.py:137} INFO - [2023-02-08T19:48:07.648+0000] {dag.py:2690} INFO - Sync 1 DAGs
[2023-02-08T19:48:07.684+0000] {logging_mixin.py:137} INFO - [2023-02-08T19:48:07.684+0000] {dag.py:3441} INFO - Setting next_dagrun for example_task_group to 2023-02-07T19:48:07.684524+00:00, run_after=2023-02-08T19:48:07.684524+00:00
[2023-02-08T19:48:07.710+0000] {processor.py:175} INFO - Processing /home/airflow/.local/lib/python3.7/site-packages/airflow/example_dags/example_task_group.py took 0.131 seconds
[2023-02-08T19:48:37.827+0000] {processor.py:153} INFO - Started process (PID=2795) to work on /home/airflow/.local/lib/python3.7/site-packages/airflow/example_dags/example_task_group.py
[2023-02-08T19:48:37.828+0000] {processor.py:743} INFO - Processing file /home/airflow/.local/lib/python3.7/site-packages/airflow/example_dags/example_task_group.py for tasks to queue
[2023-02-08T19:48:37.829+0000] {logging_mixin.py:137} INFO - [2023-02-08T19:48:37.829+0000] {dagbag.py:538} INFO - Filling up the DagBag from /home/airflow/.local/lib/python3.7/site-packages/airflow/example_dags/example_task_group.py
[2023-02-08T19:48:37.851+0000] {processor.py:753} INFO - DAG(s) dict_keys(['example_task_group']) retrieved from /home/airflow/.local/lib/python3.7/site-packages/airflow/example_dags/example_task_group.py
[2023-02-08T19:48:37.945+0000] {logging_mixin.py:137} INFO - [2023-02-08T19:48:37.944+0000] {dag.py:2690} INFO - Sync 1 DAGs
[2023-02-08T19:48:37.970+0000] {logging_mixin.py:137} INFO - [2023-02-08T19:48:37.970+0000] {dag.py:3441} INFO - Setting next_dagrun for example_task_group to 2023-02-07T19:48:37.970116+00:00, run_after=2023-02-08T19:48:37.970116+00:00
[2023-02-08T19:48:37.996+0000] {processor.py:175} INFO - Processing /home/airflow/.local/lib/python3.7/site-packages/airflow/example_dags/example_task_group.py took 0.174 seconds
[2023-02-08T19:49:08.040+0000] {processor.py:153} INFO - Started process (PID=2861) to work on /home/airflow/.local/lib/python3.7/site-packages/airflow/example_dags/example_task_group.py
[2023-02-08T19:49:08.042+0000] {processor.py:743} INFO - Processing file /home/airflow/.local/lib/python3.7/site-packages/airflow/example_dags/example_task_group.py for tasks to queue
[2023-02-08T19:49:08.042+0000] {logging_mixin.py:137} INFO - [2023-02-08T19:49:08.042+0000] {dagbag.py:538} INFO - Filling up the DagBag from /home/airflow/.local/lib/python3.7/site-packages/airflow/example_dags/example_task_group.py
[2023-02-08T19:49:08.061+0000] {processor.py:753} INFO - DAG(s) dict_keys(['example_task_group']) retrieved from /home/airflow/.local/lib/python3.7/site-packages/airflow/example_dags/example_task_group.py
[2023-02-08T19:49:08.090+0000] {logging_mixin.py:137} INFO - [2023-02-08T19:49:08.090+0000] {dag.py:2690} INFO - Sync 1 DAGs
[2023-02-08T19:49:08.116+0000] {logging_mixin.py:137} INFO - [2023-02-08T19:49:08.116+0000] {dag.py:3441} INFO - Setting next_dagrun for example_task_group to 2023-02-07T19:49:08.115971+00:00, run_after=2023-02-08T19:49:08.115971+00:00
[2023-02-08T19:49:08.143+0000] {processor.py:175} INFO - Processing /home/airflow/.local/lib/python3.7/site-packages/airflow/example_dags/example_task_group.py took 0.106 seconds
[2023-02-08T19:49:38.356+0000] {processor.py:153} INFO - Started process (PID=2926) to work on /home/airflow/.local/lib/python3.7/site-packages/airflow/example_dags/example_task_group.py
[2023-02-08T19:49:38.357+0000] {processor.py:743} INFO - Processing file /home/airflow/.local/lib/python3.7/site-packages/airflow/example_dags/example_task_group.py for tasks to queue
[2023-02-08T19:49:38.358+0000] {logging_mixin.py:137} INFO - [2023-02-08T19:49:38.358+0000] {dagbag.py:538} INFO - Filling up the DagBag from /home/airflow/.local/lib/python3.7/site-packages/airflow/example_dags/example_task_group.py
[2023-02-08T19:49:38.391+0000] {processor.py:753} INFO - DAG(s) dict_keys(['example_task_group']) retrieved from /home/airflow/.local/lib/python3.7/site-packages/airflow/example_dags/example_task_group.py
[2023-02-08T19:49:38.431+0000] {logging_mixin.py:137} INFO - [2023-02-08T19:49:38.431+0000] {dag.py:2690} INFO - Sync 1 DAGs
[2023-02-08T19:49:38.482+0000] {logging_mixin.py:137} INFO - [2023-02-08T19:49:38.481+0000] {dag.py:3441} INFO - Setting next_dagrun for example_task_group to 2023-02-07T19:49:38.481513+00:00, run_after=2023-02-08T19:49:38.481513+00:00
[2023-02-08T19:49:38.531+0000] {processor.py:175} INFO - Processing /home/airflow/.local/lib/python3.7/site-packages/airflow/example_dags/example_task_group.py took 0.180 seconds
[2023-02-08T19:50:08.922+0000] {processor.py:153} INFO - Started process (PID=3003) to work on /home/airflow/.local/lib/python3.7/site-packages/airflow/example_dags/example_task_group.py
[2023-02-08T19:50:08.923+0000] {processor.py:743} INFO - Processing file /home/airflow/.local/lib/python3.7/site-packages/airflow/example_dags/example_task_group.py for tasks to queue
[2023-02-08T19:50:08.924+0000] {logging_mixin.py:137} INFO - [2023-02-08T19:50:08.924+0000] {dagbag.py:538} INFO - Filling up the DagBag from /home/airflow/.local/lib/python3.7/site-packages/airflow/example_dags/example_task_group.py
[2023-02-08T19:50:08.945+0000] {processor.py:753} INFO - DAG(s) dict_keys(['example_task_group']) retrieved from /home/airflow/.local/lib/python3.7/site-packages/airflow/example_dags/example_task_group.py
[2023-02-08T19:50:08.980+0000] {logging_mixin.py:137} INFO - [2023-02-08T19:50:08.980+0000] {dag.py:2690} INFO - Sync 1 DAGs
[2023-02-08T19:50:09.022+0000] {logging_mixin.py:137} INFO - [2023-02-08T19:50:09.022+0000] {dag.py:3441} INFO - Setting next_dagrun for example_task_group to 2023-02-07T19:50:09.022111+00:00, run_after=2023-02-08T19:50:09.022111+00:00
[2023-02-08T19:50:09.067+0000] {processor.py:175} INFO - Processing /home/airflow/.local/lib/python3.7/site-packages/airflow/example_dags/example_task_group.py took 0.150 seconds
[2023-02-08T19:50:39.750+0000] {processor.py:153} INFO - Started process (PID=3067) to work on /home/airflow/.local/lib/python3.7/site-packages/airflow/example_dags/example_task_group.py
[2023-02-08T19:50:39.751+0000] {processor.py:743} INFO - Processing file /home/airflow/.local/lib/python3.7/site-packages/airflow/example_dags/example_task_group.py for tasks to queue
[2023-02-08T19:50:39.752+0000] {logging_mixin.py:137} INFO - [2023-02-08T19:50:39.752+0000] {dagbag.py:538} INFO - Filling up the DagBag from /home/airflow/.local/lib/python3.7/site-packages/airflow/example_dags/example_task_group.py
[2023-02-08T19:50:39.777+0000] {processor.py:753} INFO - DAG(s) dict_keys(['example_task_group']) retrieved from /home/airflow/.local/lib/python3.7/site-packages/airflow/example_dags/example_task_group.py
[2023-02-08T19:50:39.818+0000] {logging_mixin.py:137} INFO - [2023-02-08T19:50:39.818+0000] {dag.py:2690} INFO - Sync 1 DAGs
[2023-02-08T19:50:39.857+0000] {logging_mixin.py:137} INFO - [2023-02-08T19:50:39.857+0000] {dag.py:3441} INFO - Setting next_dagrun for example_task_group to 2023-02-07T19:50:39.857263+00:00, run_after=2023-02-08T19:50:39.857263+00:00
[2023-02-08T19:50:39.892+0000] {processor.py:175} INFO - Processing /home/airflow/.local/lib/python3.7/site-packages/airflow/example_dags/example_task_group.py took 0.148 seconds
[2023-02-08T19:51:10.743+0000] {processor.py:153} INFO - Started process (PID=3145) to work on /home/airflow/.local/lib/python3.7/site-packages/airflow/example_dags/example_task_group.py
[2023-02-08T19:51:10.745+0000] {processor.py:743} INFO - Processing file /home/airflow/.local/lib/python3.7/site-packages/airflow/example_dags/example_task_group.py for tasks to queue
[2023-02-08T19:51:10.745+0000] {logging_mixin.py:137} INFO - [2023-02-08T19:51:10.745+0000] {dagbag.py:538} INFO - Filling up the DagBag from /home/airflow/.local/lib/python3.7/site-packages/airflow/example_dags/example_task_group.py
[2023-02-08T19:51:10.763+0000] {processor.py:753} INFO - DAG(s) dict_keys(['example_task_group']) retrieved from /home/airflow/.local/lib/python3.7/site-packages/airflow/example_dags/example_task_group.py
[2023-02-08T19:51:10.805+0000] {logging_mixin.py:137} INFO - [2023-02-08T19:51:10.805+0000] {dag.py:2690} INFO - Sync 1 DAGs
[2023-02-08T19:51:10.841+0000] {logging_mixin.py:137} INFO - [2023-02-08T19:51:10.841+0000] {dag.py:3441} INFO - Setting next_dagrun for example_task_group to 2023-02-07T19:51:10.841033+00:00, run_after=2023-02-08T19:51:10.841033+00:00
[2023-02-08T19:51:10.882+0000] {processor.py:175} INFO - Processing /home/airflow/.local/lib/python3.7/site-packages/airflow/example_dags/example_task_group.py took 0.143 seconds
[2023-02-08T19:51:41.613+0000] {processor.py:153} INFO - Started process (PID=3212) to work on /home/airflow/.local/lib/python3.7/site-packages/airflow/example_dags/example_task_group.py
[2023-02-08T19:51:41.616+0000] {processor.py:743} INFO - Processing file /home/airflow/.local/lib/python3.7/site-packages/airflow/example_dags/example_task_group.py for tasks to queue
[2023-02-08T19:51:41.618+0000] {logging_mixin.py:137} INFO - [2023-02-08T19:51:41.618+0000] {dagbag.py:538} INFO - Filling up the DagBag from /home/airflow/.local/lib/python3.7/site-packages/airflow/example_dags/example_task_group.py
[2023-02-08T19:51:41.644+0000] {processor.py:753} INFO - DAG(s) dict_keys(['example_task_group']) retrieved from /home/airflow/.local/lib/python3.7/site-packages/airflow/example_dags/example_task_group.py
[2023-02-08T19:51:41.682+0000] {logging_mixin.py:137} INFO - [2023-02-08T19:51:41.682+0000] {dag.py:2690} INFO - Sync 1 DAGs
[2023-02-08T19:51:41.721+0000] {logging_mixin.py:137} INFO - [2023-02-08T19:51:41.721+0000] {dag.py:3441} INFO - Setting next_dagrun for example_task_group to 2023-02-07T19:51:41.721070+00:00, run_after=2023-02-08T19:51:41.721070+00:00
[2023-02-08T19:51:41.751+0000] {processor.py:175} INFO - Processing /home/airflow/.local/lib/python3.7/site-packages/airflow/example_dags/example_task_group.py took 0.144 seconds
[2023-02-08T19:52:12.536+0000] {processor.py:153} INFO - Started process (PID=3289) to work on /home/airflow/.local/lib/python3.7/site-packages/airflow/example_dags/example_task_group.py
[2023-02-08T19:52:12.538+0000] {processor.py:743} INFO - Processing file /home/airflow/.local/lib/python3.7/site-packages/airflow/example_dags/example_task_group.py for tasks to queue
[2023-02-08T19:52:12.539+0000] {logging_mixin.py:137} INFO - [2023-02-08T19:52:12.538+0000] {dagbag.py:538} INFO - Filling up the DagBag from /home/airflow/.local/lib/python3.7/site-packages/airflow/example_dags/example_task_group.py
[2023-02-08T19:52:12.563+0000] {processor.py:753} INFO - DAG(s) dict_keys(['example_task_group']) retrieved from /home/airflow/.local/lib/python3.7/site-packages/airflow/example_dags/example_task_group.py
[2023-02-08T19:52:12.600+0000] {logging_mixin.py:137} INFO - [2023-02-08T19:52:12.600+0000] {dag.py:2690} INFO - Sync 1 DAGs
[2023-02-08T19:52:12.627+0000] {logging_mixin.py:137} INFO - [2023-02-08T19:52:12.627+0000] {dag.py:3441} INFO - Setting next_dagrun for example_task_group to 2023-02-07T19:52:12.627487+00:00, run_after=2023-02-08T19:52:12.627487+00:00
[2023-02-08T19:52:12.656+0000] {processor.py:175} INFO - Processing /home/airflow/.local/lib/python3.7/site-packages/airflow/example_dags/example_task_group.py took 0.124 seconds
[2023-02-08T19:52:43.221+0000] {processor.py:153} INFO - Started process (PID=3356) to work on /home/airflow/.local/lib/python3.7/site-packages/airflow/example_dags/example_task_group.py
[2023-02-08T19:52:43.222+0000] {processor.py:743} INFO - Processing file /home/airflow/.local/lib/python3.7/site-packages/airflow/example_dags/example_task_group.py for tasks to queue
[2023-02-08T19:52:43.224+0000] {logging_mixin.py:137} INFO - [2023-02-08T19:52:43.223+0000] {dagbag.py:538} INFO - Filling up the DagBag from /home/airflow/.local/lib/python3.7/site-packages/airflow/example_dags/example_task_group.py
[2023-02-08T19:52:43.249+0000] {processor.py:753} INFO - DAG(s) dict_keys(['example_task_group']) retrieved from /home/airflow/.local/lib/python3.7/site-packages/airflow/example_dags/example_task_group.py
[2023-02-08T19:52:43.283+0000] {logging_mixin.py:137} INFO - [2023-02-08T19:52:43.282+0000] {dag.py:2690} INFO - Sync 1 DAGs
[2023-02-08T19:52:43.319+0000] {logging_mixin.py:137} INFO - [2023-02-08T19:52:43.319+0000] {dag.py:3441} INFO - Setting next_dagrun for example_task_group to 2023-02-07T19:52:43.319051+00:00, run_after=2023-02-08T19:52:43.319051+00:00
[2023-02-08T19:52:43.350+0000] {processor.py:175} INFO - Processing /home/airflow/.local/lib/python3.7/site-packages/airflow/example_dags/example_task_group.py took 0.134 seconds
[2023-02-08T19:53:13.572+0000] {processor.py:153} INFO - Started process (PID=3422) to work on /home/airflow/.local/lib/python3.7/site-packages/airflow/example_dags/example_task_group.py
[2023-02-08T19:53:13.573+0000] {processor.py:743} INFO - Processing file /home/airflow/.local/lib/python3.7/site-packages/airflow/example_dags/example_task_group.py for tasks to queue
[2023-02-08T19:53:13.574+0000] {logging_mixin.py:137} INFO - [2023-02-08T19:53:13.574+0000] {dagbag.py:538} INFO - Filling up the DagBag from /home/airflow/.local/lib/python3.7/site-packages/airflow/example_dags/example_task_group.py
[2023-02-08T19:53:13.595+0000] {processor.py:753} INFO - DAG(s) dict_keys(['example_task_group']) retrieved from /home/airflow/.local/lib/python3.7/site-packages/airflow/example_dags/example_task_group.py
[2023-02-08T19:53:13.623+0000] {logging_mixin.py:137} INFO - [2023-02-08T19:53:13.623+0000] {dag.py:2690} INFO - Sync 1 DAGs
[2023-02-08T19:53:13.658+0000] {logging_mixin.py:137} INFO - [2023-02-08T19:53:13.658+0000] {dag.py:3441} INFO - Setting next_dagrun for example_task_group to 2023-02-07T19:53:13.658292+00:00, run_after=2023-02-08T19:53:13.658292+00:00
[2023-02-08T19:53:13.688+0000] {processor.py:175} INFO - Processing /home/airflow/.local/lib/python3.7/site-packages/airflow/example_dags/example_task_group.py took 0.122 seconds
[2023-02-08T19:53:43.789+0000] {processor.py:153} INFO - Started process (PID=3498) to work on /home/airflow/.local/lib/python3.7/site-packages/airflow/example_dags/example_task_group.py
[2023-02-08T19:53:43.790+0000] {processor.py:743} INFO - Processing file /home/airflow/.local/lib/python3.7/site-packages/airflow/example_dags/example_task_group.py for tasks to queue
[2023-02-08T19:53:43.791+0000] {logging_mixin.py:137} INFO - [2023-02-08T19:53:43.791+0000] {dagbag.py:538} INFO - Filling up the DagBag from /home/airflow/.local/lib/python3.7/site-packages/airflow/example_dags/example_task_group.py
[2023-02-08T19:53:43.815+0000] {processor.py:753} INFO - DAG(s) dict_keys(['example_task_group']) retrieved from /home/airflow/.local/lib/python3.7/site-packages/airflow/example_dags/example_task_group.py
[2023-02-08T19:53:43.853+0000] {logging_mixin.py:137} INFO - [2023-02-08T19:53:43.853+0000] {dag.py:2690} INFO - Sync 1 DAGs
[2023-02-08T19:53:43.886+0000] {logging_mixin.py:137} INFO - [2023-02-08T19:53:43.886+0000] {dag.py:3441} INFO - Setting next_dagrun for example_task_group to 2023-02-07T19:53:43.886483+00:00, run_after=2023-02-08T19:53:43.886483+00:00
[2023-02-08T19:53:43.920+0000] {processor.py:175} INFO - Processing /home/airflow/.local/lib/python3.7/site-packages/airflow/example_dags/example_task_group.py took 0.136 seconds
[2023-02-08T19:54:14.518+0000] {processor.py:153} INFO - Started process (PID=3564) to work on /home/airflow/.local/lib/python3.7/site-packages/airflow/example_dags/example_task_group.py
[2023-02-08T19:54:14.519+0000] {processor.py:743} INFO - Processing file /home/airflow/.local/lib/python3.7/site-packages/airflow/example_dags/example_task_group.py for tasks to queue
[2023-02-08T19:54:14.520+0000] {logging_mixin.py:137} INFO - [2023-02-08T19:54:14.520+0000] {dagbag.py:538} INFO - Filling up the DagBag from /home/airflow/.local/lib/python3.7/site-packages/airflow/example_dags/example_task_group.py
[2023-02-08T19:54:14.541+0000] {processor.py:753} INFO - DAG(s) dict_keys(['example_task_group']) retrieved from /home/airflow/.local/lib/python3.7/site-packages/airflow/example_dags/example_task_group.py
[2023-02-08T19:54:14.571+0000] {logging_mixin.py:137} INFO - [2023-02-08T19:54:14.571+0000] {dag.py:2690} INFO - Sync 1 DAGs
[2023-02-08T19:54:14.601+0000] {logging_mixin.py:137} INFO - [2023-02-08T19:54:14.600+0000] {dag.py:3441} INFO - Setting next_dagrun for example_task_group to 2023-02-07T19:54:14.600589+00:00, run_after=2023-02-08T19:54:14.600589+00:00
[2023-02-08T19:54:14.630+0000] {processor.py:175} INFO - Processing /home/airflow/.local/lib/python3.7/site-packages/airflow/example_dags/example_task_group.py took 0.117 seconds
[2023-02-08T19:54:45.172+0000] {processor.py:153} INFO - Started process (PID=3638) to work on /home/airflow/.local/lib/python3.7/site-packages/airflow/example_dags/example_task_group.py
[2023-02-08T19:54:45.174+0000] {processor.py:743} INFO - Processing file /home/airflow/.local/lib/python3.7/site-packages/airflow/example_dags/example_task_group.py for tasks to queue
[2023-02-08T19:54:45.175+0000] {logging_mixin.py:137} INFO - [2023-02-08T19:54:45.175+0000] {dagbag.py:538} INFO - Filling up the DagBag from /home/airflow/.local/lib/python3.7/site-packages/airflow/example_dags/example_task_group.py
[2023-02-08T19:54:45.201+0000] {processor.py:753} INFO - DAG(s) dict_keys(['example_task_group']) retrieved from /home/airflow/.local/lib/python3.7/site-packages/airflow/example_dags/example_task_group.py
[2023-02-08T19:54:45.240+0000] {logging_mixin.py:137} INFO - [2023-02-08T19:54:45.240+0000] {dag.py:2690} INFO - Sync 1 DAGs
[2023-02-08T19:54:45.276+0000] {logging_mixin.py:137} INFO - [2023-02-08T19:54:45.276+0000] {dag.py:3441} INFO - Setting next_dagrun for example_task_group to 2023-02-07T19:54:45.276053+00:00, run_after=2023-02-08T19:54:45.276053+00:00
[2023-02-08T19:54:45.313+0000] {processor.py:175} INFO - Processing /home/airflow/.local/lib/python3.7/site-packages/airflow/example_dags/example_task_group.py took 0.146 seconds
[2023-02-08T19:55:15.685+0000] {processor.py:153} INFO - Started process (PID=3705) to work on /home/airflow/.local/lib/python3.7/site-packages/airflow/example_dags/example_task_group.py
[2023-02-08T19:55:15.686+0000] {processor.py:743} INFO - Processing file /home/airflow/.local/lib/python3.7/site-packages/airflow/example_dags/example_task_group.py for tasks to queue
[2023-02-08T19:55:15.687+0000] {logging_mixin.py:137} INFO - [2023-02-08T19:55:15.687+0000] {dagbag.py:538} INFO - Filling up the DagBag from /home/airflow/.local/lib/python3.7/site-packages/airflow/example_dags/example_task_group.py
[2023-02-08T19:55:15.705+0000] {processor.py:753} INFO - DAG(s) dict_keys(['example_task_group']) retrieved from /home/airflow/.local/lib/python3.7/site-packages/airflow/example_dags/example_task_group.py
[2023-02-08T19:55:15.731+0000] {logging_mixin.py:137} INFO - [2023-02-08T19:55:15.731+0000] {dag.py:2690} INFO - Sync 1 DAGs
[2023-02-08T19:55:15.761+0000] {logging_mixin.py:137} INFO - [2023-02-08T19:55:15.761+0000] {dag.py:3441} INFO - Setting next_dagrun for example_task_group to 2023-02-07T19:55:15.761359+00:00, run_after=2023-02-08T19:55:15.761359+00:00
[2023-02-08T19:55:15.787+0000] {processor.py:175} INFO - Processing /home/airflow/.local/lib/python3.7/site-packages/airflow/example_dags/example_task_group.py took 0.107 seconds
[2023-02-08T19:55:45.922+0000] {processor.py:153} INFO - Started process (PID=3770) to work on /home/airflow/.local/lib/python3.7/site-packages/airflow/example_dags/example_task_group.py
[2023-02-08T19:55:45.923+0000] {processor.py:743} INFO - Processing file /home/airflow/.local/lib/python3.7/site-packages/airflow/example_dags/example_task_group.py for tasks to queue
[2023-02-08T19:55:45.924+0000] {logging_mixin.py:137} INFO - [2023-02-08T19:55:45.924+0000] {dagbag.py:538} INFO - Filling up the DagBag from /home/airflow/.local/lib/python3.7/site-packages/airflow/example_dags/example_task_group.py
[2023-02-08T19:55:45.943+0000] {processor.py:753} INFO - DAG(s) dict_keys(['example_task_group']) retrieved from /home/airflow/.local/lib/python3.7/site-packages/airflow/example_dags/example_task_group.py
[2023-02-08T19:55:45.973+0000] {logging_mixin.py:137} INFO - [2023-02-08T19:55:45.973+0000] {dag.py:2690} INFO - Sync 1 DAGs
[2023-02-08T19:55:46.002+0000] {logging_mixin.py:137} INFO - [2023-02-08T19:55:46.002+0000] {dag.py:3441} INFO - Setting next_dagrun for example_task_group to 2023-02-07T19:55:46.001981+00:00, run_after=2023-02-08T19:55:46.001981+00:00
[2023-02-08T19:55:46.033+0000] {processor.py:175} INFO - Processing /home/airflow/.local/lib/python3.7/site-packages/airflow/example_dags/example_task_group.py took 0.116 seconds
[2023-02-08T19:56:16.372+0000] {processor.py:153} INFO - Started process (PID=3844) to work on /home/airflow/.local/lib/python3.7/site-packages/airflow/example_dags/example_task_group.py
[2023-02-08T19:56:16.373+0000] {processor.py:743} INFO - Processing file /home/airflow/.local/lib/python3.7/site-packages/airflow/example_dags/example_task_group.py for tasks to queue
[2023-02-08T19:56:16.376+0000] {logging_mixin.py:137} INFO - [2023-02-08T19:56:16.376+0000] {dagbag.py:538} INFO - Filling up the DagBag from /home/airflow/.local/lib/python3.7/site-packages/airflow/example_dags/example_task_group.py
[2023-02-08T19:56:16.416+0000] {processor.py:753} INFO - DAG(s) dict_keys(['example_task_group']) retrieved from /home/airflow/.local/lib/python3.7/site-packages/airflow/example_dags/example_task_group.py
[2023-02-08T19:56:16.465+0000] {logging_mixin.py:137} INFO - [2023-02-08T19:56:16.464+0000] {dag.py:2690} INFO - Sync 1 DAGs
[2023-02-08T19:56:16.515+0000] {logging_mixin.py:137} INFO - [2023-02-08T19:56:16.515+0000] {dag.py:3441} INFO - Setting next_dagrun for example_task_group to 2023-02-07T19:56:16.515333+00:00, run_after=2023-02-08T19:56:16.515333+00:00
[2023-02-08T19:56:16.550+0000] {processor.py:175} INFO - Processing /home/airflow/.local/lib/python3.7/site-packages/airflow/example_dags/example_task_group.py took 0.194 seconds
[2023-02-08T19:56:46.979+0000] {processor.py:153} INFO - Started process (PID=3913) to work on /home/airflow/.local/lib/python3.7/site-packages/airflow/example_dags/example_task_group.py
[2023-02-08T19:56:46.980+0000] {processor.py:743} INFO - Processing file /home/airflow/.local/lib/python3.7/site-packages/airflow/example_dags/example_task_group.py for tasks to queue
[2023-02-08T19:56:46.981+0000] {logging_mixin.py:137} INFO - [2023-02-08T19:56:46.981+0000] {dagbag.py:538} INFO - Filling up the DagBag from /home/airflow/.local/lib/python3.7/site-packages/airflow/example_dags/example_task_group.py
[2023-02-08T19:56:46.999+0000] {processor.py:753} INFO - DAG(s) dict_keys(['example_task_group']) retrieved from /home/airflow/.local/lib/python3.7/site-packages/airflow/example_dags/example_task_group.py
[2023-02-08T19:56:47.024+0000] {logging_mixin.py:137} INFO - [2023-02-08T19:56:47.024+0000] {dag.py:2690} INFO - Sync 1 DAGs
[2023-02-08T19:56:47.049+0000] {logging_mixin.py:137} INFO - [2023-02-08T19:56:47.049+0000] {dag.py:3441} INFO - Setting next_dagrun for example_task_group to 2023-02-07T19:56:47.048947+00:00, run_after=2023-02-08T19:56:47.048947+00:00
[2023-02-08T19:56:47.078+0000] {processor.py:175} INFO - Processing /home/airflow/.local/lib/python3.7/site-packages/airflow/example_dags/example_task_group.py took 0.104 seconds
[2023-02-08T19:57:17.798+0000] {processor.py:153} INFO - Started process (PID=3978) to work on /home/airflow/.local/lib/python3.7/site-packages/airflow/example_dags/example_task_group.py
[2023-02-08T19:57:17.799+0000] {processor.py:743} INFO - Processing file /home/airflow/.local/lib/python3.7/site-packages/airflow/example_dags/example_task_group.py for tasks to queue
[2023-02-08T19:57:17.800+0000] {logging_mixin.py:137} INFO - [2023-02-08T19:57:17.800+0000] {dagbag.py:538} INFO - Filling up the DagBag from /home/airflow/.local/lib/python3.7/site-packages/airflow/example_dags/example_task_group.py
[2023-02-08T19:57:17.825+0000] {processor.py:753} INFO - DAG(s) dict_keys(['example_task_group']) retrieved from /home/airflow/.local/lib/python3.7/site-packages/airflow/example_dags/example_task_group.py
[2023-02-08T19:57:17.867+0000] {logging_mixin.py:137} INFO - [2023-02-08T19:57:17.867+0000] {dag.py:2690} INFO - Sync 1 DAGs
[2023-02-08T19:57:17.918+0000] {logging_mixin.py:137} INFO - [2023-02-08T19:57:17.918+0000] {dag.py:3441} INFO - Setting next_dagrun for example_task_group to 2023-02-07T19:57:17.917780+00:00, run_after=2023-02-08T19:57:17.917780+00:00
[2023-02-08T19:57:17.963+0000] {processor.py:175} INFO - Processing /home/airflow/.local/lib/python3.7/site-packages/airflow/example_dags/example_task_group.py took 0.172 seconds
[2023-02-08T19:57:48.410+0000] {processor.py:153} INFO - Started process (PID=4055) to work on /home/airflow/.local/lib/python3.7/site-packages/airflow/example_dags/example_task_group.py
[2023-02-08T19:57:48.411+0000] {processor.py:743} INFO - Processing file /home/airflow/.local/lib/python3.7/site-packages/airflow/example_dags/example_task_group.py for tasks to queue
[2023-02-08T19:57:48.412+0000] {logging_mixin.py:137} INFO - [2023-02-08T19:57:48.412+0000] {dagbag.py:538} INFO - Filling up the DagBag from /home/airflow/.local/lib/python3.7/site-packages/airflow/example_dags/example_task_group.py
[2023-02-08T19:57:48.432+0000] {processor.py:753} INFO - DAG(s) dict_keys(['example_task_group']) retrieved from /home/airflow/.local/lib/python3.7/site-packages/airflow/example_dags/example_task_group.py
[2023-02-08T19:57:48.462+0000] {logging_mixin.py:137} INFO - [2023-02-08T19:57:48.462+0000] {dag.py:2690} INFO - Sync 1 DAGs
[2023-02-08T19:57:48.490+0000] {logging_mixin.py:137} INFO - [2023-02-08T19:57:48.490+0000] {dag.py:3441} INFO - Setting next_dagrun for example_task_group to 2023-02-07T19:57:48.490189+00:00, run_after=2023-02-08T19:57:48.490189+00:00
[2023-02-08T19:57:48.520+0000] {processor.py:175} INFO - Processing /home/airflow/.local/lib/python3.7/site-packages/airflow/example_dags/example_task_group.py took 0.115 seconds
[2023-02-08T19:58:18.897+0000] {processor.py:153} INFO - Started process (PID=4121) to work on /home/airflow/.local/lib/python3.7/site-packages/airflow/example_dags/example_task_group.py
[2023-02-08T19:58:18.898+0000] {processor.py:743} INFO - Processing file /home/airflow/.local/lib/python3.7/site-packages/airflow/example_dags/example_task_group.py for tasks to queue
[2023-02-08T19:58:18.899+0000] {logging_mixin.py:137} INFO - [2023-02-08T19:58:18.898+0000] {dagbag.py:538} INFO - Filling up the DagBag from /home/airflow/.local/lib/python3.7/site-packages/airflow/example_dags/example_task_group.py
[2023-02-08T19:58:18.923+0000] {processor.py:753} INFO - DAG(s) dict_keys(['example_task_group']) retrieved from /home/airflow/.local/lib/python3.7/site-packages/airflow/example_dags/example_task_group.py
[2023-02-08T19:58:18.966+0000] {logging_mixin.py:137} INFO - [2023-02-08T19:58:18.966+0000] {dag.py:2690} INFO - Sync 1 DAGs
[2023-02-08T19:58:19.008+0000] {logging_mixin.py:137} INFO - [2023-02-08T19:58:19.008+0000] {dag.py:3441} INFO - Setting next_dagrun for example_task_group to 2023-02-07T19:58:19.007942+00:00, run_after=2023-02-08T19:58:19.007942+00:00
[2023-02-08T19:58:19.040+0000] {processor.py:175} INFO - Processing /home/airflow/.local/lib/python3.7/site-packages/airflow/example_dags/example_task_group.py took 0.148 seconds
[2023-02-08T19:58:49.688+0000] {processor.py:153} INFO - Started process (PID=4199) to work on /home/airflow/.local/lib/python3.7/site-packages/airflow/example_dags/example_task_group.py
[2023-02-08T19:58:49.689+0000] {processor.py:743} INFO - Processing file /home/airflow/.local/lib/python3.7/site-packages/airflow/example_dags/example_task_group.py for tasks to queue
[2023-02-08T19:58:49.690+0000] {logging_mixin.py:137} INFO - [2023-02-08T19:58:49.690+0000] {dagbag.py:538} INFO - Filling up the DagBag from /home/airflow/.local/lib/python3.7/site-packages/airflow/example_dags/example_task_group.py
[2023-02-08T19:58:49.714+0000] {processor.py:753} INFO - DAG(s) dict_keys(['example_task_group']) retrieved from /home/airflow/.local/lib/python3.7/site-packages/airflow/example_dags/example_task_group.py
[2023-02-08T19:58:49.750+0000] {logging_mixin.py:137} INFO - [2023-02-08T19:58:49.750+0000] {dag.py:2690} INFO - Sync 1 DAGs
[2023-02-08T19:58:49.794+0000] {logging_mixin.py:137} INFO - [2023-02-08T19:58:49.794+0000] {dag.py:3441} INFO - Setting next_dagrun for example_task_group to 2023-02-07T19:58:49.793913+00:00, run_after=2023-02-08T19:58:49.793913+00:00
[2023-02-08T19:58:49.828+0000] {processor.py:175} INFO - Processing /home/airflow/.local/lib/python3.7/site-packages/airflow/example_dags/example_task_group.py took 0.144 seconds
[2023-02-08T19:59:20.091+0000] {processor.py:153} INFO - Started process (PID=4265) to work on /home/airflow/.local/lib/python3.7/site-packages/airflow/example_dags/example_task_group.py
[2023-02-08T19:59:20.093+0000] {processor.py:743} INFO - Processing file /home/airflow/.local/lib/python3.7/site-packages/airflow/example_dags/example_task_group.py for tasks to queue
[2023-02-08T19:59:20.094+0000] {logging_mixin.py:137} INFO - [2023-02-08T19:59:20.094+0000] {dagbag.py:538} INFO - Filling up the DagBag from /home/airflow/.local/lib/python3.7/site-packages/airflow/example_dags/example_task_group.py
[2023-02-08T19:59:20.122+0000] {processor.py:753} INFO - DAG(s) dict_keys(['example_task_group']) retrieved from /home/airflow/.local/lib/python3.7/site-packages/airflow/example_dags/example_task_group.py
[2023-02-08T19:59:20.163+0000] {logging_mixin.py:137} INFO - [2023-02-08T19:59:20.163+0000] {dag.py:2690} INFO - Sync 1 DAGs
[2023-02-08T19:59:20.205+0000] {logging_mixin.py:137} INFO - [2023-02-08T19:59:20.205+0000] {dag.py:3441} INFO - Setting next_dagrun for example_task_group to 2023-02-07T19:59:20.204706+00:00, run_after=2023-02-08T19:59:20.204706+00:00
[2023-02-08T19:59:20.242+0000] {processor.py:175} INFO - Processing /home/airflow/.local/lib/python3.7/site-packages/airflow/example_dags/example_task_group.py took 0.155 seconds
[2023-02-08T19:59:50.956+0000] {processor.py:153} INFO - Started process (PID=4330) to work on /home/airflow/.local/lib/python3.7/site-packages/airflow/example_dags/example_task_group.py
[2023-02-08T19:59:50.957+0000] {processor.py:743} INFO - Processing file /home/airflow/.local/lib/python3.7/site-packages/airflow/example_dags/example_task_group.py for tasks to queue
[2023-02-08T19:59:50.958+0000] {logging_mixin.py:137} INFO - [2023-02-08T19:59:50.958+0000] {dagbag.py:538} INFO - Filling up the DagBag from /home/airflow/.local/lib/python3.7/site-packages/airflow/example_dags/example_task_group.py
[2023-02-08T19:59:50.984+0000] {processor.py:753} INFO - DAG(s) dict_keys(['example_task_group']) retrieved from /home/airflow/.local/lib/python3.7/site-packages/airflow/example_dags/example_task_group.py
[2023-02-08T19:59:51.022+0000] {logging_mixin.py:137} INFO - [2023-02-08T19:59:51.022+0000] {dag.py:2690} INFO - Sync 1 DAGs
[2023-02-08T19:59:51.060+0000] {logging_mixin.py:137} INFO - [2023-02-08T19:59:51.060+0000] {dag.py:3441} INFO - Setting next_dagrun for example_task_group to 2023-02-07T19:59:51.060074+00:00, run_after=2023-02-08T19:59:51.060074+00:00
[2023-02-08T19:59:51.103+0000] {processor.py:175} INFO - Processing /home/airflow/.local/lib/python3.7/site-packages/airflow/example_dags/example_task_group.py took 0.151 seconds
