[2023-02-08T19:28:48.051+0000] {processor.py:153} INFO - Started process (PID=76) to work on /home/airflow/.local/lib/python3.7/site-packages/airflow/example_dags/example_kubernetes_executor.py
[2023-02-08T19:28:48.052+0000] {processor.py:743} INFO - Processing file /home/airflow/.local/lib/python3.7/site-packages/airflow/example_dags/example_kubernetes_executor.py for tasks to queue
[2023-02-08T19:28:48.053+0000] {logging_mixin.py:137} INFO - [2023-02-08T19:28:48.053+0000] {dagbag.py:538} INFO - Filling up the DagBag from /home/airflow/.local/lib/python3.7/site-packages/airflow/example_dags/example_kubernetes_executor.py
[2023-02-08T19:28:48.091+0000] {processor.py:753} INFO - DAG(s) dict_keys(['example_kubernetes_executor']) retrieved from /home/airflow/.local/lib/python3.7/site-packages/airflow/example_dags/example_kubernetes_executor.py
[2023-02-08T19:28:48.127+0000] {logging_mixin.py:137} INFO - [2023-02-08T19:28:48.127+0000] {dag.py:2690} INFO - Sync 1 DAGs
[2023-02-08T19:28:48.154+0000] {logging_mixin.py:137} INFO - [2023-02-08T19:28:48.154+0000] {dag.py:3441} INFO - Setting next_dagrun for example_kubernetes_executor to None, run_after=None
[2023-02-08T19:28:48.213+0000] {processor.py:175} INFO - Processing /home/airflow/.local/lib/python3.7/site-packages/airflow/example_dags/example_kubernetes_executor.py took 0.166 seconds
[2023-02-08T19:29:18.774+0000] {processor.py:153} INFO - Started process (PID=140) to work on /home/airflow/.local/lib/python3.7/site-packages/airflow/example_dags/example_kubernetes_executor.py
[2023-02-08T19:29:18.775+0000] {processor.py:743} INFO - Processing file /home/airflow/.local/lib/python3.7/site-packages/airflow/example_dags/example_kubernetes_executor.py for tasks to queue
[2023-02-08T19:29:18.776+0000] {logging_mixin.py:137} INFO - [2023-02-08T19:29:18.776+0000] {dagbag.py:538} INFO - Filling up the DagBag from /home/airflow/.local/lib/python3.7/site-packages/airflow/example_dags/example_kubernetes_executor.py
[2023-02-08T19:29:18.818+0000] {processor.py:753} INFO - DAG(s) dict_keys(['example_kubernetes_executor']) retrieved from /home/airflow/.local/lib/python3.7/site-packages/airflow/example_dags/example_kubernetes_executor.py
[2023-02-08T19:29:18.864+0000] {logging_mixin.py:137} INFO - [2023-02-08T19:29:18.863+0000] {dag.py:2690} INFO - Sync 1 DAGs
[2023-02-08T19:29:18.897+0000] {logging_mixin.py:137} INFO - [2023-02-08T19:29:18.897+0000] {dag.py:3441} INFO - Setting next_dagrun for example_kubernetes_executor to None, run_after=None
[2023-02-08T19:29:18.938+0000] {processor.py:175} INFO - Processing /home/airflow/.local/lib/python3.7/site-packages/airflow/example_dags/example_kubernetes_executor.py took 0.168 seconds
[2023-02-08T19:29:49.101+0000] {processor.py:153} INFO - Started process (PID=213) to work on /home/airflow/.local/lib/python3.7/site-packages/airflow/example_dags/example_kubernetes_executor.py
[2023-02-08T19:29:49.102+0000] {processor.py:743} INFO - Processing file /home/airflow/.local/lib/python3.7/site-packages/airflow/example_dags/example_kubernetes_executor.py for tasks to queue
[2023-02-08T19:29:49.103+0000] {logging_mixin.py:137} INFO - [2023-02-08T19:29:49.103+0000] {dagbag.py:538} INFO - Filling up the DagBag from /home/airflow/.local/lib/python3.7/site-packages/airflow/example_dags/example_kubernetes_executor.py
[2023-02-08T19:29:49.150+0000] {processor.py:753} INFO - DAG(s) dict_keys(['example_kubernetes_executor']) retrieved from /home/airflow/.local/lib/python3.7/site-packages/airflow/example_dags/example_kubernetes_executor.py
[2023-02-08T19:29:49.206+0000] {logging_mixin.py:137} INFO - [2023-02-08T19:29:49.206+0000] {dag.py:2690} INFO - Sync 1 DAGs
[2023-02-08T19:29:49.258+0000] {logging_mixin.py:137} INFO - [2023-02-08T19:29:49.258+0000] {dag.py:3441} INFO - Setting next_dagrun for example_kubernetes_executor to None, run_after=None
[2023-02-08T19:29:49.292+0000] {processor.py:175} INFO - Processing /home/airflow/.local/lib/python3.7/site-packages/airflow/example_dags/example_kubernetes_executor.py took 0.196 seconds
[2023-02-08T19:30:20.031+0000] {processor.py:153} INFO - Started process (PID=281) to work on /home/airflow/.local/lib/python3.7/site-packages/airflow/example_dags/example_kubernetes_executor.py
[2023-02-08T19:30:20.032+0000] {processor.py:743} INFO - Processing file /home/airflow/.local/lib/python3.7/site-packages/airflow/example_dags/example_kubernetes_executor.py for tasks to queue
[2023-02-08T19:30:20.033+0000] {logging_mixin.py:137} INFO - [2023-02-08T19:30:20.033+0000] {dagbag.py:538} INFO - Filling up the DagBag from /home/airflow/.local/lib/python3.7/site-packages/airflow/example_dags/example_kubernetes_executor.py
[2023-02-08T19:30:20.070+0000] {processor.py:753} INFO - DAG(s) dict_keys(['example_kubernetes_executor']) retrieved from /home/airflow/.local/lib/python3.7/site-packages/airflow/example_dags/example_kubernetes_executor.py
[2023-02-08T19:30:20.113+0000] {logging_mixin.py:137} INFO - [2023-02-08T19:30:20.112+0000] {dag.py:2690} INFO - Sync 1 DAGs
[2023-02-08T19:30:20.151+0000] {logging_mixin.py:137} INFO - [2023-02-08T19:30:20.151+0000] {dag.py:3441} INFO - Setting next_dagrun for example_kubernetes_executor to None, run_after=None
[2023-02-08T19:30:20.194+0000] {processor.py:175} INFO - Processing /home/airflow/.local/lib/python3.7/site-packages/airflow/example_dags/example_kubernetes_executor.py took 0.167 seconds
[2023-02-08T19:30:50.561+0000] {processor.py:153} INFO - Started process (PID=347) to work on /home/airflow/.local/lib/python3.7/site-packages/airflow/example_dags/example_kubernetes_executor.py
[2023-02-08T19:30:50.562+0000] {processor.py:743} INFO - Processing file /home/airflow/.local/lib/python3.7/site-packages/airflow/example_dags/example_kubernetes_executor.py for tasks to queue
[2023-02-08T19:30:50.563+0000] {logging_mixin.py:137} INFO - [2023-02-08T19:30:50.563+0000] {dagbag.py:538} INFO - Filling up the DagBag from /home/airflow/.local/lib/python3.7/site-packages/airflow/example_dags/example_kubernetes_executor.py
[2023-02-08T19:30:50.595+0000] {processor.py:753} INFO - DAG(s) dict_keys(['example_kubernetes_executor']) retrieved from /home/airflow/.local/lib/python3.7/site-packages/airflow/example_dags/example_kubernetes_executor.py
[2023-02-08T19:30:50.629+0000] {logging_mixin.py:137} INFO - [2023-02-08T19:30:50.629+0000] {dag.py:2690} INFO - Sync 1 DAGs
[2023-02-08T19:30:50.670+0000] {logging_mixin.py:137} INFO - [2023-02-08T19:30:50.670+0000] {dag.py:3441} INFO - Setting next_dagrun for example_kubernetes_executor to None, run_after=None
[2023-02-08T19:30:50.712+0000] {processor.py:175} INFO - Processing /home/airflow/.local/lib/python3.7/site-packages/airflow/example_dags/example_kubernetes_executor.py took 0.155 seconds
[2023-02-08T19:31:20.837+0000] {processor.py:153} INFO - Started process (PID=425) to work on /home/airflow/.local/lib/python3.7/site-packages/airflow/example_dags/example_kubernetes_executor.py
[2023-02-08T19:31:20.840+0000] {processor.py:743} INFO - Processing file /home/airflow/.local/lib/python3.7/site-packages/airflow/example_dags/example_kubernetes_executor.py for tasks to queue
[2023-02-08T19:31:20.841+0000] {logging_mixin.py:137} INFO - [2023-02-08T19:31:20.841+0000] {dagbag.py:538} INFO - Filling up the DagBag from /home/airflow/.local/lib/python3.7/site-packages/airflow/example_dags/example_kubernetes_executor.py
[2023-02-08T19:31:20.888+0000] {processor.py:753} INFO - DAG(s) dict_keys(['example_kubernetes_executor']) retrieved from /home/airflow/.local/lib/python3.7/site-packages/airflow/example_dags/example_kubernetes_executor.py
[2023-02-08T19:31:20.933+0000] {logging_mixin.py:137} INFO - [2023-02-08T19:31:20.932+0000] {dag.py:2690} INFO - Sync 1 DAGs
[2023-02-08T19:31:20.970+0000] {logging_mixin.py:137} INFO - [2023-02-08T19:31:20.970+0000] {dag.py:3441} INFO - Setting next_dagrun for example_kubernetes_executor to None, run_after=None
[2023-02-08T19:31:20.997+0000] {processor.py:175} INFO - Processing /home/airflow/.local/lib/python3.7/site-packages/airflow/example_dags/example_kubernetes_executor.py took 0.166 seconds
[2023-02-08T19:31:51.476+0000] {processor.py:153} INFO - Started process (PID=490) to work on /home/airflow/.local/lib/python3.7/site-packages/airflow/example_dags/example_kubernetes_executor.py
[2023-02-08T19:31:51.477+0000] {processor.py:743} INFO - Processing file /home/airflow/.local/lib/python3.7/site-packages/airflow/example_dags/example_kubernetes_executor.py for tasks to queue
[2023-02-08T19:31:51.478+0000] {logging_mixin.py:137} INFO - [2023-02-08T19:31:51.478+0000] {dagbag.py:538} INFO - Filling up the DagBag from /home/airflow/.local/lib/python3.7/site-packages/airflow/example_dags/example_kubernetes_executor.py
[2023-02-08T19:31:51.523+0000] {processor.py:753} INFO - DAG(s) dict_keys(['example_kubernetes_executor']) retrieved from /home/airflow/.local/lib/python3.7/site-packages/airflow/example_dags/example_kubernetes_executor.py
[2023-02-08T19:31:51.566+0000] {logging_mixin.py:137} INFO - [2023-02-08T19:31:51.566+0000] {dag.py:2690} INFO - Sync 1 DAGs
[2023-02-08T19:31:51.611+0000] {logging_mixin.py:137} INFO - [2023-02-08T19:31:51.610+0000] {dag.py:3441} INFO - Setting next_dagrun for example_kubernetes_executor to None, run_after=None
[2023-02-08T19:31:51.646+0000] {processor.py:175} INFO - Processing /home/airflow/.local/lib/python3.7/site-packages/airflow/example_dags/example_kubernetes_executor.py took 0.175 seconds
[2023-02-08T19:32:21.707+0000] {processor.py:153} INFO - Started process (PID=557) to work on /home/airflow/.local/lib/python3.7/site-packages/airflow/example_dags/example_kubernetes_executor.py
[2023-02-08T19:32:21.710+0000] {processor.py:743} INFO - Processing file /home/airflow/.local/lib/python3.7/site-packages/airflow/example_dags/example_kubernetes_executor.py for tasks to queue
[2023-02-08T19:32:21.711+0000] {logging_mixin.py:137} INFO - [2023-02-08T19:32:21.711+0000] {dagbag.py:538} INFO - Filling up the DagBag from /home/airflow/.local/lib/python3.7/site-packages/airflow/example_dags/example_kubernetes_executor.py
[2023-02-08T19:32:21.765+0000] {processor.py:753} INFO - DAG(s) dict_keys(['example_kubernetes_executor']) retrieved from /home/airflow/.local/lib/python3.7/site-packages/airflow/example_dags/example_kubernetes_executor.py
[2023-02-08T19:32:21.815+0000] {logging_mixin.py:137} INFO - [2023-02-08T19:32:21.814+0000] {dag.py:2690} INFO - Sync 1 DAGs
[2023-02-08T19:32:21.859+0000] {logging_mixin.py:137} INFO - [2023-02-08T19:32:21.858+0000] {dag.py:3441} INFO - Setting next_dagrun for example_kubernetes_executor to None, run_after=None
[2023-02-08T19:32:21.897+0000] {processor.py:175} INFO - Processing /home/airflow/.local/lib/python3.7/site-packages/airflow/example_dags/example_kubernetes_executor.py took 0.197 seconds
[2023-02-08T19:32:52.404+0000] {processor.py:153} INFO - Started process (PID=635) to work on /home/airflow/.local/lib/python3.7/site-packages/airflow/example_dags/example_kubernetes_executor.py
[2023-02-08T19:32:52.405+0000] {processor.py:743} INFO - Processing file /home/airflow/.local/lib/python3.7/site-packages/airflow/example_dags/example_kubernetes_executor.py for tasks to queue
[2023-02-08T19:32:52.407+0000] {logging_mixin.py:137} INFO - [2023-02-08T19:32:52.406+0000] {dagbag.py:538} INFO - Filling up the DagBag from /home/airflow/.local/lib/python3.7/site-packages/airflow/example_dags/example_kubernetes_executor.py
[2023-02-08T19:32:52.451+0000] {processor.py:753} INFO - DAG(s) dict_keys(['example_kubernetes_executor']) retrieved from /home/airflow/.local/lib/python3.7/site-packages/airflow/example_dags/example_kubernetes_executor.py
[2023-02-08T19:32:52.498+0000] {logging_mixin.py:137} INFO - [2023-02-08T19:32:52.498+0000] {dag.py:2690} INFO - Sync 1 DAGs
[2023-02-08T19:32:52.538+0000] {logging_mixin.py:137} INFO - [2023-02-08T19:32:52.538+0000] {dag.py:3441} INFO - Setting next_dagrun for example_kubernetes_executor to None, run_after=None
[2023-02-08T19:32:52.564+0000] {processor.py:175} INFO - Processing /home/airflow/.local/lib/python3.7/site-packages/airflow/example_dags/example_kubernetes_executor.py took 0.165 seconds
[2023-02-08T19:33:22.642+0000] {processor.py:153} INFO - Started process (PID=701) to work on /home/airflow/.local/lib/python3.7/site-packages/airflow/example_dags/example_kubernetes_executor.py
[2023-02-08T19:33:22.643+0000] {processor.py:743} INFO - Processing file /home/airflow/.local/lib/python3.7/site-packages/airflow/example_dags/example_kubernetes_executor.py for tasks to queue
[2023-02-08T19:33:22.644+0000] {logging_mixin.py:137} INFO - [2023-02-08T19:33:22.644+0000] {dagbag.py:538} INFO - Filling up the DagBag from /home/airflow/.local/lib/python3.7/site-packages/airflow/example_dags/example_kubernetes_executor.py
[2023-02-08T19:33:22.676+0000] {processor.py:753} INFO - DAG(s) dict_keys(['example_kubernetes_executor']) retrieved from /home/airflow/.local/lib/python3.7/site-packages/airflow/example_dags/example_kubernetes_executor.py
[2023-02-08T19:33:22.712+0000] {logging_mixin.py:137} INFO - [2023-02-08T19:33:22.711+0000] {dag.py:2690} INFO - Sync 1 DAGs
[2023-02-08T19:33:22.739+0000] {logging_mixin.py:137} INFO - [2023-02-08T19:33:22.739+0000] {dag.py:3441} INFO - Setting next_dagrun for example_kubernetes_executor to None, run_after=None
[2023-02-08T19:33:22.767+0000] {processor.py:175} INFO - Processing /home/airflow/.local/lib/python3.7/site-packages/airflow/example_dags/example_kubernetes_executor.py took 0.129 seconds
[2023-02-08T19:33:53.693+0000] {processor.py:153} INFO - Started process (PID=774) to work on /home/airflow/.local/lib/python3.7/site-packages/airflow/example_dags/example_kubernetes_executor.py
[2023-02-08T19:33:53.695+0000] {processor.py:743} INFO - Processing file /home/airflow/.local/lib/python3.7/site-packages/airflow/example_dags/example_kubernetes_executor.py for tasks to queue
[2023-02-08T19:33:53.696+0000] {logging_mixin.py:137} INFO - [2023-02-08T19:33:53.696+0000] {dagbag.py:538} INFO - Filling up the DagBag from /home/airflow/.local/lib/python3.7/site-packages/airflow/example_dags/example_kubernetes_executor.py
[2023-02-08T19:33:53.760+0000] {processor.py:753} INFO - DAG(s) dict_keys(['example_kubernetes_executor']) retrieved from /home/airflow/.local/lib/python3.7/site-packages/airflow/example_dags/example_kubernetes_executor.py
[2023-02-08T19:33:53.807+0000] {logging_mixin.py:137} INFO - [2023-02-08T19:33:53.807+0000] {dag.py:2690} INFO - Sync 1 DAGs
[2023-02-08T19:33:53.855+0000] {logging_mixin.py:137} INFO - [2023-02-08T19:33:53.855+0000] {dag.py:3441} INFO - Setting next_dagrun for example_kubernetes_executor to None, run_after=None
[2023-02-08T19:33:53.893+0000] {processor.py:175} INFO - Processing /home/airflow/.local/lib/python3.7/site-packages/airflow/example_dags/example_kubernetes_executor.py took 0.228 seconds
[2023-02-08T19:34:24.566+0000] {processor.py:153} INFO - Started process (PID=841) to work on /home/airflow/.local/lib/python3.7/site-packages/airflow/example_dags/example_kubernetes_executor.py
[2023-02-08T19:34:24.568+0000] {processor.py:743} INFO - Processing file /home/airflow/.local/lib/python3.7/site-packages/airflow/example_dags/example_kubernetes_executor.py for tasks to queue
[2023-02-08T19:34:24.568+0000] {logging_mixin.py:137} INFO - [2023-02-08T19:34:24.568+0000] {dagbag.py:538} INFO - Filling up the DagBag from /home/airflow/.local/lib/python3.7/site-packages/airflow/example_dags/example_kubernetes_executor.py
[2023-02-08T19:34:24.600+0000] {processor.py:753} INFO - DAG(s) dict_keys(['example_kubernetes_executor']) retrieved from /home/airflow/.local/lib/python3.7/site-packages/airflow/example_dags/example_kubernetes_executor.py
[2023-02-08T19:34:24.642+0000] {logging_mixin.py:137} INFO - [2023-02-08T19:34:24.641+0000] {dag.py:2690} INFO - Sync 1 DAGs
[2023-02-08T19:34:24.670+0000] {logging_mixin.py:137} INFO - [2023-02-08T19:34:24.670+0000] {dag.py:3441} INFO - Setting next_dagrun for example_kubernetes_executor to None, run_after=None
[2023-02-08T19:34:24.697+0000] {processor.py:175} INFO - Processing /home/airflow/.local/lib/python3.7/site-packages/airflow/example_dags/example_kubernetes_executor.py took 0.134 seconds
[2023-02-08T19:34:54.772+0000] {processor.py:153} INFO - Started process (PID=906) to work on /home/airflow/.local/lib/python3.7/site-packages/airflow/example_dags/example_kubernetes_executor.py
[2023-02-08T19:34:54.773+0000] {processor.py:743} INFO - Processing file /home/airflow/.local/lib/python3.7/site-packages/airflow/example_dags/example_kubernetes_executor.py for tasks to queue
[2023-02-08T19:34:54.774+0000] {logging_mixin.py:137} INFO - [2023-02-08T19:34:54.774+0000] {dagbag.py:538} INFO - Filling up the DagBag from /home/airflow/.local/lib/python3.7/site-packages/airflow/example_dags/example_kubernetes_executor.py
[2023-02-08T19:34:54.808+0000] {processor.py:753} INFO - DAG(s) dict_keys(['example_kubernetes_executor']) retrieved from /home/airflow/.local/lib/python3.7/site-packages/airflow/example_dags/example_kubernetes_executor.py
[2023-02-08T19:34:54.850+0000] {logging_mixin.py:137} INFO - [2023-02-08T19:34:54.850+0000] {dag.py:2690} INFO - Sync 1 DAGs
[2023-02-08T19:34:54.884+0000] {logging_mixin.py:137} INFO - [2023-02-08T19:34:54.884+0000] {dag.py:3441} INFO - Setting next_dagrun for example_kubernetes_executor to None, run_after=None
[2023-02-08T19:34:54.913+0000] {processor.py:175} INFO - Processing /home/airflow/.local/lib/python3.7/site-packages/airflow/example_dags/example_kubernetes_executor.py took 0.145 seconds
[2023-02-08T19:35:25.453+0000] {processor.py:153} INFO - Started process (PID=979) to work on /home/airflow/.local/lib/python3.7/site-packages/airflow/example_dags/example_kubernetes_executor.py
[2023-02-08T19:35:25.455+0000] {processor.py:743} INFO - Processing file /home/airflow/.local/lib/python3.7/site-packages/airflow/example_dags/example_kubernetes_executor.py for tasks to queue
[2023-02-08T19:35:25.456+0000] {logging_mixin.py:137} INFO - [2023-02-08T19:35:25.456+0000] {dagbag.py:538} INFO - Filling up the DagBag from /home/airflow/.local/lib/python3.7/site-packages/airflow/example_dags/example_kubernetes_executor.py
[2023-02-08T19:35:25.501+0000] {processor.py:753} INFO - DAG(s) dict_keys(['example_kubernetes_executor']) retrieved from /home/airflow/.local/lib/python3.7/site-packages/airflow/example_dags/example_kubernetes_executor.py
[2023-02-08T19:35:25.546+0000] {logging_mixin.py:137} INFO - [2023-02-08T19:35:25.546+0000] {dag.py:2690} INFO - Sync 1 DAGs
[2023-02-08T19:35:25.600+0000] {logging_mixin.py:137} INFO - [2023-02-08T19:35:25.600+0000] {dag.py:3441} INFO - Setting next_dagrun for example_kubernetes_executor to None, run_after=None
[2023-02-08T19:35:25.635+0000] {processor.py:175} INFO - Processing /home/airflow/.local/lib/python3.7/site-packages/airflow/example_dags/example_kubernetes_executor.py took 0.187 seconds
[2023-02-08T19:35:56.126+0000] {processor.py:153} INFO - Started process (PID=1047) to work on /home/airflow/.local/lib/python3.7/site-packages/airflow/example_dags/example_kubernetes_executor.py
[2023-02-08T19:35:56.127+0000] {processor.py:743} INFO - Processing file /home/airflow/.local/lib/python3.7/site-packages/airflow/example_dags/example_kubernetes_executor.py for tasks to queue
[2023-02-08T19:35:56.128+0000] {logging_mixin.py:137} INFO - [2023-02-08T19:35:56.128+0000] {dagbag.py:538} INFO - Filling up the DagBag from /home/airflow/.local/lib/python3.7/site-packages/airflow/example_dags/example_kubernetes_executor.py
[2023-02-08T19:35:56.160+0000] {processor.py:753} INFO - DAG(s) dict_keys(['example_kubernetes_executor']) retrieved from /home/airflow/.local/lib/python3.7/site-packages/airflow/example_dags/example_kubernetes_executor.py
[2023-02-08T19:35:56.194+0000] {logging_mixin.py:137} INFO - [2023-02-08T19:35:56.194+0000] {dag.py:2690} INFO - Sync 1 DAGs
[2023-02-08T19:35:56.220+0000] {logging_mixin.py:137} INFO - [2023-02-08T19:35:56.220+0000] {dag.py:3441} INFO - Setting next_dagrun for example_kubernetes_executor to None, run_after=None
[2023-02-08T19:35:56.260+0000] {processor.py:175} INFO - Processing /home/airflow/.local/lib/python3.7/site-packages/airflow/example_dags/example_kubernetes_executor.py took 0.137 seconds
[2023-02-08T19:36:26.421+0000] {processor.py:153} INFO - Started process (PID=1112) to work on /home/airflow/.local/lib/python3.7/site-packages/airflow/example_dags/example_kubernetes_executor.py
[2023-02-08T19:36:26.422+0000] {processor.py:743} INFO - Processing file /home/airflow/.local/lib/python3.7/site-packages/airflow/example_dags/example_kubernetes_executor.py for tasks to queue
[2023-02-08T19:36:26.423+0000] {logging_mixin.py:137} INFO - [2023-02-08T19:36:26.423+0000] {dagbag.py:538} INFO - Filling up the DagBag from /home/airflow/.local/lib/python3.7/site-packages/airflow/example_dags/example_kubernetes_executor.py
[2023-02-08T19:36:26.464+0000] {processor.py:753} INFO - DAG(s) dict_keys(['example_kubernetes_executor']) retrieved from /home/airflow/.local/lib/python3.7/site-packages/airflow/example_dags/example_kubernetes_executor.py
[2023-02-08T19:36:26.512+0000] {logging_mixin.py:137} INFO - [2023-02-08T19:36:26.512+0000] {dag.py:2690} INFO - Sync 1 DAGs
[2023-02-08T19:36:26.553+0000] {logging_mixin.py:137} INFO - [2023-02-08T19:36:26.552+0000] {dag.py:3441} INFO - Setting next_dagrun for example_kubernetes_executor to None, run_after=None
[2023-02-08T19:36:26.589+0000] {processor.py:175} INFO - Processing /home/airflow/.local/lib/python3.7/site-packages/airflow/example_dags/example_kubernetes_executor.py took 0.173 seconds
[2023-02-08T19:36:57.222+0000] {processor.py:153} INFO - Started process (PID=1190) to work on /home/airflow/.local/lib/python3.7/site-packages/airflow/example_dags/example_kubernetes_executor.py
[2023-02-08T19:36:57.223+0000] {processor.py:743} INFO - Processing file /home/airflow/.local/lib/python3.7/site-packages/airflow/example_dags/example_kubernetes_executor.py for tasks to queue
[2023-02-08T19:36:57.223+0000] {logging_mixin.py:137} INFO - [2023-02-08T19:36:57.223+0000] {dagbag.py:538} INFO - Filling up the DagBag from /home/airflow/.local/lib/python3.7/site-packages/airflow/example_dags/example_kubernetes_executor.py
[2023-02-08T19:36:57.256+0000] {processor.py:753} INFO - DAG(s) dict_keys(['example_kubernetes_executor']) retrieved from /home/airflow/.local/lib/python3.7/site-packages/airflow/example_dags/example_kubernetes_executor.py
[2023-02-08T19:36:57.289+0000] {logging_mixin.py:137} INFO - [2023-02-08T19:36:57.289+0000] {dag.py:2690} INFO - Sync 1 DAGs
[2023-02-08T19:36:57.317+0000] {logging_mixin.py:137} INFO - [2023-02-08T19:36:57.317+0000] {dag.py:3441} INFO - Setting next_dagrun for example_kubernetes_executor to None, run_after=None
[2023-02-08T19:36:57.344+0000] {processor.py:175} INFO - Processing /home/airflow/.local/lib/python3.7/site-packages/airflow/example_dags/example_kubernetes_executor.py took 0.127 seconds
[2023-02-08T19:37:27.530+0000] {processor.py:153} INFO - Started process (PID=1255) to work on /home/airflow/.local/lib/python3.7/site-packages/airflow/example_dags/example_kubernetes_executor.py
[2023-02-08T19:37:27.531+0000] {processor.py:743} INFO - Processing file /home/airflow/.local/lib/python3.7/site-packages/airflow/example_dags/example_kubernetes_executor.py for tasks to queue
[2023-02-08T19:37:27.532+0000] {logging_mixin.py:137} INFO - [2023-02-08T19:37:27.532+0000] {dagbag.py:538} INFO - Filling up the DagBag from /home/airflow/.local/lib/python3.7/site-packages/airflow/example_dags/example_kubernetes_executor.py
[2023-02-08T19:37:27.569+0000] {processor.py:753} INFO - DAG(s) dict_keys(['example_kubernetes_executor']) retrieved from /home/airflow/.local/lib/python3.7/site-packages/airflow/example_dags/example_kubernetes_executor.py
[2023-02-08T19:37:27.657+0000] {logging_mixin.py:137} INFO - [2023-02-08T19:37:27.657+0000] {dag.py:2690} INFO - Sync 1 DAGs
[2023-02-08T19:37:27.709+0000] {logging_mixin.py:137} INFO - [2023-02-08T19:37:27.709+0000] {dag.py:3441} INFO - Setting next_dagrun for example_kubernetes_executor to None, run_after=None
[2023-02-08T19:37:27.746+0000] {processor.py:175} INFO - Processing /home/airflow/.local/lib/python3.7/site-packages/airflow/example_dags/example_kubernetes_executor.py took 0.220 seconds
[2023-02-08T19:37:58.436+0000] {processor.py:153} INFO - Started process (PID=1330) to work on /home/airflow/.local/lib/python3.7/site-packages/airflow/example_dags/example_kubernetes_executor.py
[2023-02-08T19:37:58.438+0000] {processor.py:743} INFO - Processing file /home/airflow/.local/lib/python3.7/site-packages/airflow/example_dags/example_kubernetes_executor.py for tasks to queue
[2023-02-08T19:37:58.439+0000] {logging_mixin.py:137} INFO - [2023-02-08T19:37:58.439+0000] {dagbag.py:538} INFO - Filling up the DagBag from /home/airflow/.local/lib/python3.7/site-packages/airflow/example_dags/example_kubernetes_executor.py
[2023-02-08T19:37:58.486+0000] {processor.py:753} INFO - DAG(s) dict_keys(['example_kubernetes_executor']) retrieved from /home/airflow/.local/lib/python3.7/site-packages/airflow/example_dags/example_kubernetes_executor.py
[2023-02-08T19:37:58.532+0000] {logging_mixin.py:137} INFO - [2023-02-08T19:37:58.532+0000] {dag.py:2690} INFO - Sync 1 DAGs
[2023-02-08T19:37:58.573+0000] {logging_mixin.py:137} INFO - [2023-02-08T19:37:58.572+0000] {dag.py:3441} INFO - Setting next_dagrun for example_kubernetes_executor to None, run_after=None
[2023-02-08T19:37:58.613+0000] {processor.py:175} INFO - Processing /home/airflow/.local/lib/python3.7/site-packages/airflow/example_dags/example_kubernetes_executor.py took 0.181 seconds
[2023-02-08T19:38:29.025+0000] {processor.py:153} INFO - Started process (PID=1398) to work on /home/airflow/.local/lib/python3.7/site-packages/airflow/example_dags/example_kubernetes_executor.py
[2023-02-08T19:38:29.027+0000] {processor.py:743} INFO - Processing file /home/airflow/.local/lib/python3.7/site-packages/airflow/example_dags/example_kubernetes_executor.py for tasks to queue
[2023-02-08T19:38:29.029+0000] {logging_mixin.py:137} INFO - [2023-02-08T19:38:29.029+0000] {dagbag.py:538} INFO - Filling up the DagBag from /home/airflow/.local/lib/python3.7/site-packages/airflow/example_dags/example_kubernetes_executor.py
[2023-02-08T19:38:29.104+0000] {processor.py:753} INFO - DAG(s) dict_keys(['example_kubernetes_executor']) retrieved from /home/airflow/.local/lib/python3.7/site-packages/airflow/example_dags/example_kubernetes_executor.py
[2023-02-08T19:38:29.152+0000] {logging_mixin.py:137} INFO - [2023-02-08T19:38:29.152+0000] {dag.py:2690} INFO - Sync 1 DAGs
[2023-02-08T19:38:29.188+0000] {logging_mixin.py:137} INFO - [2023-02-08T19:38:29.187+0000] {dag.py:3441} INFO - Setting next_dagrun for example_kubernetes_executor to None, run_after=None
[2023-02-08T19:38:29.216+0000] {processor.py:175} INFO - Processing /home/airflow/.local/lib/python3.7/site-packages/airflow/example_dags/example_kubernetes_executor.py took 0.209 seconds
[2023-02-08T19:38:59.345+0000] {processor.py:153} INFO - Started process (PID=1464) to work on /home/airflow/.local/lib/python3.7/site-packages/airflow/example_dags/example_kubernetes_executor.py
[2023-02-08T19:38:59.346+0000] {processor.py:743} INFO - Processing file /home/airflow/.local/lib/python3.7/site-packages/airflow/example_dags/example_kubernetes_executor.py for tasks to queue
[2023-02-08T19:38:59.347+0000] {logging_mixin.py:137} INFO - [2023-02-08T19:38:59.347+0000] {dagbag.py:538} INFO - Filling up the DagBag from /home/airflow/.local/lib/python3.7/site-packages/airflow/example_dags/example_kubernetes_executor.py
[2023-02-08T19:38:59.377+0000] {processor.py:753} INFO - DAG(s) dict_keys(['example_kubernetes_executor']) retrieved from /home/airflow/.local/lib/python3.7/site-packages/airflow/example_dags/example_kubernetes_executor.py
[2023-02-08T19:38:59.409+0000] {logging_mixin.py:137} INFO - [2023-02-08T19:38:59.409+0000] {dag.py:2690} INFO - Sync 1 DAGs
[2023-02-08T19:38:59.434+0000] {logging_mixin.py:137} INFO - [2023-02-08T19:38:59.434+0000] {dag.py:3441} INFO - Setting next_dagrun for example_kubernetes_executor to None, run_after=None
[2023-02-08T19:38:59.462+0000] {processor.py:175} INFO - Processing /home/airflow/.local/lib/python3.7/site-packages/airflow/example_dags/example_kubernetes_executor.py took 0.120 seconds
[2023-02-08T19:39:30.149+0000] {processor.py:153} INFO - Started process (PID=1542) to work on /home/airflow/.local/lib/python3.7/site-packages/airflow/example_dags/example_kubernetes_executor.py
[2023-02-08T19:39:30.151+0000] {processor.py:743} INFO - Processing file /home/airflow/.local/lib/python3.7/site-packages/airflow/example_dags/example_kubernetes_executor.py for tasks to queue
[2023-02-08T19:39:30.151+0000] {logging_mixin.py:137} INFO - [2023-02-08T19:39:30.151+0000] {dagbag.py:538} INFO - Filling up the DagBag from /home/airflow/.local/lib/python3.7/site-packages/airflow/example_dags/example_kubernetes_executor.py
[2023-02-08T19:39:30.193+0000] {processor.py:753} INFO - DAG(s) dict_keys(['example_kubernetes_executor']) retrieved from /home/airflow/.local/lib/python3.7/site-packages/airflow/example_dags/example_kubernetes_executor.py
[2023-02-08T19:39:30.239+0000] {logging_mixin.py:137} INFO - [2023-02-08T19:39:30.239+0000] {dag.py:2690} INFO - Sync 1 DAGs
[2023-02-08T19:39:30.277+0000] {logging_mixin.py:137} INFO - [2023-02-08T19:39:30.277+0000] {dag.py:3441} INFO - Setting next_dagrun for example_kubernetes_executor to None, run_after=None
[2023-02-08T19:39:30.313+0000] {processor.py:175} INFO - Processing /home/airflow/.local/lib/python3.7/site-packages/airflow/example_dags/example_kubernetes_executor.py took 0.168 seconds
[2023-02-08T19:40:00.481+0000] {processor.py:153} INFO - Started process (PID=1607) to work on /home/airflow/.local/lib/python3.7/site-packages/airflow/example_dags/example_kubernetes_executor.py
[2023-02-08T19:40:00.482+0000] {processor.py:743} INFO - Processing file /home/airflow/.local/lib/python3.7/site-packages/airflow/example_dags/example_kubernetes_executor.py for tasks to queue
[2023-02-08T19:40:00.483+0000] {logging_mixin.py:137} INFO - [2023-02-08T19:40:00.483+0000] {dagbag.py:538} INFO - Filling up the DagBag from /home/airflow/.local/lib/python3.7/site-packages/airflow/example_dags/example_kubernetes_executor.py
[2023-02-08T19:40:00.515+0000] {processor.py:753} INFO - DAG(s) dict_keys(['example_kubernetes_executor']) retrieved from /home/airflow/.local/lib/python3.7/site-packages/airflow/example_dags/example_kubernetes_executor.py
[2023-02-08T19:40:00.546+0000] {logging_mixin.py:137} INFO - [2023-02-08T19:40:00.546+0000] {dag.py:2690} INFO - Sync 1 DAGs
[2023-02-08T19:40:00.575+0000] {logging_mixin.py:137} INFO - [2023-02-08T19:40:00.575+0000] {dag.py:3441} INFO - Setting next_dagrun for example_kubernetes_executor to None, run_after=None
[2023-02-08T19:40:00.604+0000] {processor.py:175} INFO - Processing /home/airflow/.local/lib/python3.7/site-packages/airflow/example_dags/example_kubernetes_executor.py took 0.127 seconds
[2023-02-08T19:40:30.874+0000] {processor.py:153} INFO - Started process (PID=1681) to work on /home/airflow/.local/lib/python3.7/site-packages/airflow/example_dags/example_kubernetes_executor.py
[2023-02-08T19:40:30.875+0000] {processor.py:743} INFO - Processing file /home/airflow/.local/lib/python3.7/site-packages/airflow/example_dags/example_kubernetes_executor.py for tasks to queue
[2023-02-08T19:40:30.877+0000] {logging_mixin.py:137} INFO - [2023-02-08T19:40:30.877+0000] {dagbag.py:538} INFO - Filling up the DagBag from /home/airflow/.local/lib/python3.7/site-packages/airflow/example_dags/example_kubernetes_executor.py
[2023-02-08T19:40:30.920+0000] {processor.py:753} INFO - DAG(s) dict_keys(['example_kubernetes_executor']) retrieved from /home/airflow/.local/lib/python3.7/site-packages/airflow/example_dags/example_kubernetes_executor.py
[2023-02-08T19:40:30.967+0000] {logging_mixin.py:137} INFO - [2023-02-08T19:40:30.967+0000] {dag.py:2690} INFO - Sync 1 DAGs
[2023-02-08T19:40:31.007+0000] {logging_mixin.py:137} INFO - [2023-02-08T19:40:31.007+0000] {dag.py:3441} INFO - Setting next_dagrun for example_kubernetes_executor to None, run_after=None
[2023-02-08T19:40:31.063+0000] {processor.py:175} INFO - Processing /home/airflow/.local/lib/python3.7/site-packages/airflow/example_dags/example_kubernetes_executor.py took 0.195 seconds
[2023-02-08T19:41:01.371+0000] {processor.py:153} INFO - Started process (PID=1749) to work on /home/airflow/.local/lib/python3.7/site-packages/airflow/example_dags/example_kubernetes_executor.py
[2023-02-08T19:41:01.372+0000] {processor.py:743} INFO - Processing file /home/airflow/.local/lib/python3.7/site-packages/airflow/example_dags/example_kubernetes_executor.py for tasks to queue
[2023-02-08T19:41:01.373+0000] {logging_mixin.py:137} INFO - [2023-02-08T19:41:01.373+0000] {dagbag.py:538} INFO - Filling up the DagBag from /home/airflow/.local/lib/python3.7/site-packages/airflow/example_dags/example_kubernetes_executor.py
[2023-02-08T19:41:01.404+0000] {processor.py:753} INFO - DAG(s) dict_keys(['example_kubernetes_executor']) retrieved from /home/airflow/.local/lib/python3.7/site-packages/airflow/example_dags/example_kubernetes_executor.py
[2023-02-08T19:41:01.439+0000] {logging_mixin.py:137} INFO - [2023-02-08T19:41:01.439+0000] {dag.py:2690} INFO - Sync 1 DAGs
[2023-02-08T19:41:01.465+0000] {logging_mixin.py:137} INFO - [2023-02-08T19:41:01.465+0000] {dag.py:3441} INFO - Setting next_dagrun for example_kubernetes_executor to None, run_after=None
[2023-02-08T19:41:01.499+0000] {processor.py:175} INFO - Processing /home/airflow/.local/lib/python3.7/site-packages/airflow/example_dags/example_kubernetes_executor.py took 0.132 seconds
[2023-02-08T19:41:31.618+0000] {processor.py:153} INFO - Started process (PID=1814) to work on /home/airflow/.local/lib/python3.7/site-packages/airflow/example_dags/example_kubernetes_executor.py
[2023-02-08T19:41:31.621+0000] {processor.py:743} INFO - Processing file /home/airflow/.local/lib/python3.7/site-packages/airflow/example_dags/example_kubernetes_executor.py for tasks to queue
[2023-02-08T19:41:31.622+0000] {logging_mixin.py:137} INFO - [2023-02-08T19:41:31.622+0000] {dagbag.py:538} INFO - Filling up the DagBag from /home/airflow/.local/lib/python3.7/site-packages/airflow/example_dags/example_kubernetes_executor.py
[2023-02-08T19:41:31.657+0000] {processor.py:753} INFO - DAG(s) dict_keys(['example_kubernetes_executor']) retrieved from /home/airflow/.local/lib/python3.7/site-packages/airflow/example_dags/example_kubernetes_executor.py
[2023-02-08T19:41:31.690+0000] {logging_mixin.py:137} INFO - [2023-02-08T19:41:31.690+0000] {dag.py:2690} INFO - Sync 1 DAGs
[2023-02-08T19:41:31.716+0000] {logging_mixin.py:137} INFO - [2023-02-08T19:41:31.716+0000] {dag.py:3441} INFO - Setting next_dagrun for example_kubernetes_executor to None, run_after=None
[2023-02-08T19:41:31.748+0000] {processor.py:175} INFO - Processing /home/airflow/.local/lib/python3.7/site-packages/airflow/example_dags/example_kubernetes_executor.py took 0.138 seconds
[2023-02-08T19:42:02.491+0000] {processor.py:153} INFO - Started process (PID=1892) to work on /home/airflow/.local/lib/python3.7/site-packages/airflow/example_dags/example_kubernetes_executor.py
[2023-02-08T19:42:02.493+0000] {processor.py:743} INFO - Processing file /home/airflow/.local/lib/python3.7/site-packages/airflow/example_dags/example_kubernetes_executor.py for tasks to queue
[2023-02-08T19:42:02.493+0000] {logging_mixin.py:137} INFO - [2023-02-08T19:42:02.493+0000] {dagbag.py:538} INFO - Filling up the DagBag from /home/airflow/.local/lib/python3.7/site-packages/airflow/example_dags/example_kubernetes_executor.py
[2023-02-08T19:42:02.531+0000] {processor.py:753} INFO - DAG(s) dict_keys(['example_kubernetes_executor']) retrieved from /home/airflow/.local/lib/python3.7/site-packages/airflow/example_dags/example_kubernetes_executor.py
[2023-02-08T19:42:02.562+0000] {logging_mixin.py:137} INFO - [2023-02-08T19:42:02.562+0000] {dag.py:2690} INFO - Sync 1 DAGs
[2023-02-08T19:42:02.591+0000] {logging_mixin.py:137} INFO - [2023-02-08T19:42:02.591+0000] {dag.py:3441} INFO - Setting next_dagrun for example_kubernetes_executor to None, run_after=None
[2023-02-08T19:42:02.630+0000] {processor.py:175} INFO - Processing /home/airflow/.local/lib/python3.7/site-packages/airflow/example_dags/example_kubernetes_executor.py took 0.144 seconds
[2023-02-08T19:42:32.713+0000] {processor.py:153} INFO - Started process (PID=1957) to work on /home/airflow/.local/lib/python3.7/site-packages/airflow/example_dags/example_kubernetes_executor.py
[2023-02-08T19:42:32.714+0000] {processor.py:743} INFO - Processing file /home/airflow/.local/lib/python3.7/site-packages/airflow/example_dags/example_kubernetes_executor.py for tasks to queue
[2023-02-08T19:42:32.715+0000] {logging_mixin.py:137} INFO - [2023-02-08T19:42:32.715+0000] {dagbag.py:538} INFO - Filling up the DagBag from /home/airflow/.local/lib/python3.7/site-packages/airflow/example_dags/example_kubernetes_executor.py
[2023-02-08T19:42:32.746+0000] {processor.py:753} INFO - DAG(s) dict_keys(['example_kubernetes_executor']) retrieved from /home/airflow/.local/lib/python3.7/site-packages/airflow/example_dags/example_kubernetes_executor.py
[2023-02-08T19:42:32.788+0000] {logging_mixin.py:137} INFO - [2023-02-08T19:42:32.788+0000] {dag.py:2690} INFO - Sync 1 DAGs
[2023-02-08T19:42:32.812+0000] {logging_mixin.py:137} INFO - [2023-02-08T19:42:32.812+0000] {dag.py:3441} INFO - Setting next_dagrun for example_kubernetes_executor to None, run_after=None
[2023-02-08T19:42:32.837+0000] {processor.py:175} INFO - Processing /home/airflow/.local/lib/python3.7/site-packages/airflow/example_dags/example_kubernetes_executor.py took 0.128 seconds
[2023-02-08T19:43:03.393+0000] {processor.py:153} INFO - Started process (PID=2023) to work on /home/airflow/.local/lib/python3.7/site-packages/airflow/example_dags/example_kubernetes_executor.py
[2023-02-08T19:43:03.406+0000] {processor.py:743} INFO - Processing file /home/airflow/.local/lib/python3.7/site-packages/airflow/example_dags/example_kubernetes_executor.py for tasks to queue
[2023-02-08T19:43:03.407+0000] {logging_mixin.py:137} INFO - [2023-02-08T19:43:03.407+0000] {dagbag.py:538} INFO - Filling up the DagBag from /home/airflow/.local/lib/python3.7/site-packages/airflow/example_dags/example_kubernetes_executor.py
[2023-02-08T19:43:03.458+0000] {processor.py:753} INFO - DAG(s) dict_keys(['example_kubernetes_executor']) retrieved from /home/airflow/.local/lib/python3.7/site-packages/airflow/example_dags/example_kubernetes_executor.py
[2023-02-08T19:43:03.513+0000] {logging_mixin.py:137} INFO - [2023-02-08T19:43:03.513+0000] {dag.py:2690} INFO - Sync 1 DAGs
[2023-02-08T19:43:03.556+0000] {logging_mixin.py:137} INFO - [2023-02-08T19:43:03.556+0000] {dag.py:3441} INFO - Setting next_dagrun for example_kubernetes_executor to None, run_after=None
[2023-02-08T19:43:03.589+0000] {processor.py:175} INFO - Processing /home/airflow/.local/lib/python3.7/site-packages/airflow/example_dags/example_kubernetes_executor.py took 0.201 seconds
[2023-02-08T19:43:33.714+0000] {processor.py:153} INFO - Started process (PID=2102) to work on /home/airflow/.local/lib/python3.7/site-packages/airflow/example_dags/example_kubernetes_executor.py
[2023-02-08T19:43:33.715+0000] {processor.py:743} INFO - Processing file /home/airflow/.local/lib/python3.7/site-packages/airflow/example_dags/example_kubernetes_executor.py for tasks to queue
[2023-02-08T19:43:33.716+0000] {logging_mixin.py:137} INFO - [2023-02-08T19:43:33.716+0000] {dagbag.py:538} INFO - Filling up the DagBag from /home/airflow/.local/lib/python3.7/site-packages/airflow/example_dags/example_kubernetes_executor.py
[2023-02-08T19:43:33.751+0000] {processor.py:753} INFO - DAG(s) dict_keys(['example_kubernetes_executor']) retrieved from /home/airflow/.local/lib/python3.7/site-packages/airflow/example_dags/example_kubernetes_executor.py
[2023-02-08T19:43:33.805+0000] {logging_mixin.py:137} INFO - [2023-02-08T19:43:33.805+0000] {dag.py:2690} INFO - Sync 1 DAGs
[2023-02-08T19:43:33.834+0000] {logging_mixin.py:137} INFO - [2023-02-08T19:43:33.834+0000] {dag.py:3441} INFO - Setting next_dagrun for example_kubernetes_executor to None, run_after=None
[2023-02-08T19:43:33.863+0000] {processor.py:175} INFO - Processing /home/airflow/.local/lib/python3.7/site-packages/airflow/example_dags/example_kubernetes_executor.py took 0.154 seconds
[2023-02-08T19:44:04.118+0000] {processor.py:153} INFO - Started process (PID=2166) to work on /home/airflow/.local/lib/python3.7/site-packages/airflow/example_dags/example_kubernetes_executor.py
[2023-02-08T19:44:04.119+0000] {processor.py:743} INFO - Processing file /home/airflow/.local/lib/python3.7/site-packages/airflow/example_dags/example_kubernetes_executor.py for tasks to queue
[2023-02-08T19:44:04.120+0000] {logging_mixin.py:137} INFO - [2023-02-08T19:44:04.120+0000] {dagbag.py:538} INFO - Filling up the DagBag from /home/airflow/.local/lib/python3.7/site-packages/airflow/example_dags/example_kubernetes_executor.py
[2023-02-08T19:44:04.157+0000] {processor.py:753} INFO - DAG(s) dict_keys(['example_kubernetes_executor']) retrieved from /home/airflow/.local/lib/python3.7/site-packages/airflow/example_dags/example_kubernetes_executor.py
[2023-02-08T19:44:04.189+0000] {logging_mixin.py:137} INFO - [2023-02-08T19:44:04.189+0000] {dag.py:2690} INFO - Sync 1 DAGs
[2023-02-08T19:44:04.218+0000] {logging_mixin.py:137} INFO - [2023-02-08T19:44:04.218+0000] {dag.py:3441} INFO - Setting next_dagrun for example_kubernetes_executor to None, run_after=None
[2023-02-08T19:44:04.277+0000] {processor.py:175} INFO - Processing /home/airflow/.local/lib/python3.7/site-packages/airflow/example_dags/example_kubernetes_executor.py took 0.163 seconds
[2023-02-08T19:44:35.007+0000] {processor.py:153} INFO - Started process (PID=2245) to work on /home/airflow/.local/lib/python3.7/site-packages/airflow/example_dags/example_kubernetes_executor.py
[2023-02-08T19:44:35.009+0000] {processor.py:743} INFO - Processing file /home/airflow/.local/lib/python3.7/site-packages/airflow/example_dags/example_kubernetes_executor.py for tasks to queue
[2023-02-08T19:44:35.010+0000] {logging_mixin.py:137} INFO - [2023-02-08T19:44:35.010+0000] {dagbag.py:538} INFO - Filling up the DagBag from /home/airflow/.local/lib/python3.7/site-packages/airflow/example_dags/example_kubernetes_executor.py
[2023-02-08T19:44:35.054+0000] {processor.py:753} INFO - DAG(s) dict_keys(['example_kubernetes_executor']) retrieved from /home/airflow/.local/lib/python3.7/site-packages/airflow/example_dags/example_kubernetes_executor.py
[2023-02-08T19:44:35.097+0000] {logging_mixin.py:137} INFO - [2023-02-08T19:44:35.097+0000] {dag.py:2690} INFO - Sync 1 DAGs
[2023-02-08T19:44:35.124+0000] {logging_mixin.py:137} INFO - [2023-02-08T19:44:35.124+0000] {dag.py:3441} INFO - Setting next_dagrun for example_kubernetes_executor to None, run_after=None
[2023-02-08T19:44:35.165+0000] {processor.py:175} INFO - Processing /home/airflow/.local/lib/python3.7/site-packages/airflow/example_dags/example_kubernetes_executor.py took 0.162 seconds
[2023-02-08T19:45:05.475+0000] {processor.py:153} INFO - Started process (PID=2310) to work on /home/airflow/.local/lib/python3.7/site-packages/airflow/example_dags/example_kubernetes_executor.py
[2023-02-08T19:45:05.476+0000] {processor.py:743} INFO - Processing file /home/airflow/.local/lib/python3.7/site-packages/airflow/example_dags/example_kubernetes_executor.py for tasks to queue
[2023-02-08T19:45:05.477+0000] {logging_mixin.py:137} INFO - [2023-02-08T19:45:05.477+0000] {dagbag.py:538} INFO - Filling up the DagBag from /home/airflow/.local/lib/python3.7/site-packages/airflow/example_dags/example_kubernetes_executor.py
[2023-02-08T19:45:05.508+0000] {processor.py:753} INFO - DAG(s) dict_keys(['example_kubernetes_executor']) retrieved from /home/airflow/.local/lib/python3.7/site-packages/airflow/example_dags/example_kubernetes_executor.py
[2023-02-08T19:45:05.544+0000] {logging_mixin.py:137} INFO - [2023-02-08T19:45:05.544+0000] {dag.py:2690} INFO - Sync 1 DAGs
[2023-02-08T19:45:05.572+0000] {logging_mixin.py:137} INFO - [2023-02-08T19:45:05.572+0000] {dag.py:3441} INFO - Setting next_dagrun for example_kubernetes_executor to None, run_after=None
[2023-02-08T19:45:05.606+0000] {processor.py:175} INFO - Processing /home/airflow/.local/lib/python3.7/site-packages/airflow/example_dags/example_kubernetes_executor.py took 0.136 seconds
[2023-02-08T19:45:36.256+0000] {processor.py:153} INFO - Started process (PID=2385) to work on /home/airflow/.local/lib/python3.7/site-packages/airflow/example_dags/example_kubernetes_executor.py
[2023-02-08T19:45:36.258+0000] {processor.py:743} INFO - Processing file /home/airflow/.local/lib/python3.7/site-packages/airflow/example_dags/example_kubernetes_executor.py for tasks to queue
[2023-02-08T19:45:36.259+0000] {logging_mixin.py:137} INFO - [2023-02-08T19:45:36.259+0000] {dagbag.py:538} INFO - Filling up the DagBag from /home/airflow/.local/lib/python3.7/site-packages/airflow/example_dags/example_kubernetes_executor.py
[2023-02-08T19:45:36.305+0000] {processor.py:753} INFO - DAG(s) dict_keys(['example_kubernetes_executor']) retrieved from /home/airflow/.local/lib/python3.7/site-packages/airflow/example_dags/example_kubernetes_executor.py
[2023-02-08T19:45:36.351+0000] {logging_mixin.py:137} INFO - [2023-02-08T19:45:36.351+0000] {dag.py:2690} INFO - Sync 1 DAGs
[2023-02-08T19:45:36.391+0000] {logging_mixin.py:137} INFO - [2023-02-08T19:45:36.391+0000] {dag.py:3441} INFO - Setting next_dagrun for example_kubernetes_executor to None, run_after=None
[2023-02-08T19:45:36.427+0000] {processor.py:175} INFO - Processing /home/airflow/.local/lib/python3.7/site-packages/airflow/example_dags/example_kubernetes_executor.py took 0.176 seconds
[2023-02-08T19:46:06.849+0000] {processor.py:153} INFO - Started process (PID=2452) to work on /home/airflow/.local/lib/python3.7/site-packages/airflow/example_dags/example_kubernetes_executor.py
[2023-02-08T19:46:06.859+0000] {processor.py:743} INFO - Processing file /home/airflow/.local/lib/python3.7/site-packages/airflow/example_dags/example_kubernetes_executor.py for tasks to queue
[2023-02-08T19:46:06.860+0000] {logging_mixin.py:137} INFO - [2023-02-08T19:46:06.860+0000] {dagbag.py:538} INFO - Filling up the DagBag from /home/airflow/.local/lib/python3.7/site-packages/airflow/example_dags/example_kubernetes_executor.py
[2023-02-08T19:46:06.904+0000] {processor.py:753} INFO - DAG(s) dict_keys(['example_kubernetes_executor']) retrieved from /home/airflow/.local/lib/python3.7/site-packages/airflow/example_dags/example_kubernetes_executor.py
[2023-02-08T19:46:06.948+0000] {logging_mixin.py:137} INFO - [2023-02-08T19:46:06.948+0000] {dag.py:2690} INFO - Sync 1 DAGs
[2023-02-08T19:46:06.981+0000] {logging_mixin.py:137} INFO - [2023-02-08T19:46:06.981+0000] {dag.py:3441} INFO - Setting next_dagrun for example_kubernetes_executor to None, run_after=None
[2023-02-08T19:46:07.010+0000] {processor.py:175} INFO - Processing /home/airflow/.local/lib/python3.7/site-packages/airflow/example_dags/example_kubernetes_executor.py took 0.164 seconds
[2023-02-08T19:46:37.247+0000] {processor.py:153} INFO - Started process (PID=2518) to work on /home/airflow/.local/lib/python3.7/site-packages/airflow/example_dags/example_kubernetes_executor.py
[2023-02-08T19:46:37.248+0000] {processor.py:743} INFO - Processing file /home/airflow/.local/lib/python3.7/site-packages/airflow/example_dags/example_kubernetes_executor.py for tasks to queue
[2023-02-08T19:46:37.249+0000] {logging_mixin.py:137} INFO - [2023-02-08T19:46:37.249+0000] {dagbag.py:538} INFO - Filling up the DagBag from /home/airflow/.local/lib/python3.7/site-packages/airflow/example_dags/example_kubernetes_executor.py
[2023-02-08T19:46:37.282+0000] {processor.py:753} INFO - DAG(s) dict_keys(['example_kubernetes_executor']) retrieved from /home/airflow/.local/lib/python3.7/site-packages/airflow/example_dags/example_kubernetes_executor.py
[2023-02-08T19:46:37.317+0000] {logging_mixin.py:137} INFO - [2023-02-08T19:46:37.317+0000] {dag.py:2690} INFO - Sync 1 DAGs
[2023-02-08T19:46:37.346+0000] {logging_mixin.py:137} INFO - [2023-02-08T19:46:37.346+0000] {dag.py:3441} INFO - Setting next_dagrun for example_kubernetes_executor to None, run_after=None
[2023-02-08T19:46:37.377+0000] {processor.py:175} INFO - Processing /home/airflow/.local/lib/python3.7/site-packages/airflow/example_dags/example_kubernetes_executor.py took 0.134 seconds
[2023-02-08T19:47:08.086+0000] {processor.py:153} INFO - Started process (PID=2595) to work on /home/airflow/.local/lib/python3.7/site-packages/airflow/example_dags/example_kubernetes_executor.py
[2023-02-08T19:47:08.087+0000] {processor.py:743} INFO - Processing file /home/airflow/.local/lib/python3.7/site-packages/airflow/example_dags/example_kubernetes_executor.py for tasks to queue
[2023-02-08T19:47:08.088+0000] {logging_mixin.py:137} INFO - [2023-02-08T19:47:08.087+0000] {dagbag.py:538} INFO - Filling up the DagBag from /home/airflow/.local/lib/python3.7/site-packages/airflow/example_dags/example_kubernetes_executor.py
[2023-02-08T19:47:08.118+0000] {processor.py:753} INFO - DAG(s) dict_keys(['example_kubernetes_executor']) retrieved from /home/airflow/.local/lib/python3.7/site-packages/airflow/example_dags/example_kubernetes_executor.py
[2023-02-08T19:47:08.152+0000] {logging_mixin.py:137} INFO - [2023-02-08T19:47:08.151+0000] {dag.py:2690} INFO - Sync 1 DAGs
[2023-02-08T19:47:08.182+0000] {logging_mixin.py:137} INFO - [2023-02-08T19:47:08.182+0000] {dag.py:3441} INFO - Setting next_dagrun for example_kubernetes_executor to None, run_after=None
[2023-02-08T19:47:08.210+0000] {processor.py:175} INFO - Processing /home/airflow/.local/lib/python3.7/site-packages/airflow/example_dags/example_kubernetes_executor.py took 0.128 seconds
[2023-02-08T19:47:38.386+0000] {processor.py:153} INFO - Started process (PID=2661) to work on /home/airflow/.local/lib/python3.7/site-packages/airflow/example_dags/example_kubernetes_executor.py
[2023-02-08T19:47:38.387+0000] {processor.py:743} INFO - Processing file /home/airflow/.local/lib/python3.7/site-packages/airflow/example_dags/example_kubernetes_executor.py for tasks to queue
[2023-02-08T19:47:38.388+0000] {logging_mixin.py:137} INFO - [2023-02-08T19:47:38.388+0000] {dagbag.py:538} INFO - Filling up the DagBag from /home/airflow/.local/lib/python3.7/site-packages/airflow/example_dags/example_kubernetes_executor.py
[2023-02-08T19:47:38.418+0000] {processor.py:753} INFO - DAG(s) dict_keys(['example_kubernetes_executor']) retrieved from /home/airflow/.local/lib/python3.7/site-packages/airflow/example_dags/example_kubernetes_executor.py
[2023-02-08T19:47:38.456+0000] {logging_mixin.py:137} INFO - [2023-02-08T19:47:38.456+0000] {dag.py:2690} INFO - Sync 1 DAGs
[2023-02-08T19:47:38.494+0000] {logging_mixin.py:137} INFO - [2023-02-08T19:47:38.493+0000] {dag.py:3441} INFO - Setting next_dagrun for example_kubernetes_executor to None, run_after=None
[2023-02-08T19:47:38.524+0000] {processor.py:175} INFO - Processing /home/airflow/.local/lib/python3.7/site-packages/airflow/example_dags/example_kubernetes_executor.py took 0.141 seconds
[2023-02-08T19:48:09.732+0000] {processor.py:153} INFO - Started process (PID=2735) to work on /home/airflow/.local/lib/python3.7/site-packages/airflow/example_dags/example_kubernetes_executor.py
[2023-02-08T19:48:09.734+0000] {processor.py:743} INFO - Processing file /home/airflow/.local/lib/python3.7/site-packages/airflow/example_dags/example_kubernetes_executor.py for tasks to queue
[2023-02-08T19:48:09.735+0000] {logging_mixin.py:137} INFO - [2023-02-08T19:48:09.735+0000] {dagbag.py:538} INFO - Filling up the DagBag from /home/airflow/.local/lib/python3.7/site-packages/airflow/example_dags/example_kubernetes_executor.py
[2023-02-08T19:48:09.781+0000] {processor.py:753} INFO - DAG(s) dict_keys(['example_kubernetes_executor']) retrieved from /home/airflow/.local/lib/python3.7/site-packages/airflow/example_dags/example_kubernetes_executor.py
[2023-02-08T19:48:09.830+0000] {logging_mixin.py:137} INFO - [2023-02-08T19:48:09.829+0000] {dag.py:2690} INFO - Sync 1 DAGs
[2023-02-08T19:48:09.869+0000] {logging_mixin.py:137} INFO - [2023-02-08T19:48:09.868+0000] {dag.py:3441} INFO - Setting next_dagrun for example_kubernetes_executor to None, run_after=None
[2023-02-08T19:48:09.907+0000] {processor.py:175} INFO - Processing /home/airflow/.local/lib/python3.7/site-packages/airflow/example_dags/example_kubernetes_executor.py took 0.180 seconds
[2023-02-08T19:48:40.406+0000] {processor.py:153} INFO - Started process (PID=2803) to work on /home/airflow/.local/lib/python3.7/site-packages/airflow/example_dags/example_kubernetes_executor.py
[2023-02-08T19:48:40.407+0000] {processor.py:743} INFO - Processing file /home/airflow/.local/lib/python3.7/site-packages/airflow/example_dags/example_kubernetes_executor.py for tasks to queue
[2023-02-08T19:48:40.408+0000] {logging_mixin.py:137} INFO - [2023-02-08T19:48:40.408+0000] {dagbag.py:538} INFO - Filling up the DagBag from /home/airflow/.local/lib/python3.7/site-packages/airflow/example_dags/example_kubernetes_executor.py
[2023-02-08T19:48:40.449+0000] {processor.py:753} INFO - DAG(s) dict_keys(['example_kubernetes_executor']) retrieved from /home/airflow/.local/lib/python3.7/site-packages/airflow/example_dags/example_kubernetes_executor.py
[2023-02-08T19:48:40.492+0000] {logging_mixin.py:137} INFO - [2023-02-08T19:48:40.491+0000] {dag.py:2690} INFO - Sync 1 DAGs
[2023-02-08T19:48:40.522+0000] {logging_mixin.py:137} INFO - [2023-02-08T19:48:40.522+0000] {dag.py:3441} INFO - Setting next_dagrun for example_kubernetes_executor to None, run_after=None
[2023-02-08T19:48:40.552+0000] {processor.py:175} INFO - Processing /home/airflow/.local/lib/python3.7/site-packages/airflow/example_dags/example_kubernetes_executor.py took 0.150 seconds
[2023-02-08T19:49:10.713+0000] {processor.py:153} INFO - Started process (PID=2869) to work on /home/airflow/.local/lib/python3.7/site-packages/airflow/example_dags/example_kubernetes_executor.py
[2023-02-08T19:49:10.715+0000] {processor.py:743} INFO - Processing file /home/airflow/.local/lib/python3.7/site-packages/airflow/example_dags/example_kubernetes_executor.py for tasks to queue
[2023-02-08T19:49:10.716+0000] {logging_mixin.py:137} INFO - [2023-02-08T19:49:10.716+0000] {dagbag.py:538} INFO - Filling up the DagBag from /home/airflow/.local/lib/python3.7/site-packages/airflow/example_dags/example_kubernetes_executor.py
[2023-02-08T19:49:10.761+0000] {processor.py:753} INFO - DAG(s) dict_keys(['example_kubernetes_executor']) retrieved from /home/airflow/.local/lib/python3.7/site-packages/airflow/example_dags/example_kubernetes_executor.py
[2023-02-08T19:49:10.886+0000] {logging_mixin.py:137} INFO - [2023-02-08T19:49:10.885+0000] {dag.py:2690} INFO - Sync 1 DAGs
[2023-02-08T19:49:10.932+0000] {logging_mixin.py:137} INFO - [2023-02-08T19:49:10.932+0000] {dag.py:3441} INFO - Setting next_dagrun for example_kubernetes_executor to None, run_after=None
[2023-02-08T19:49:10.965+0000] {processor.py:175} INFO - Processing /home/airflow/.local/lib/python3.7/site-packages/airflow/example_dags/example_kubernetes_executor.py took 0.262 seconds
[2023-02-08T19:49:41.240+0000] {processor.py:153} INFO - Started process (PID=2946) to work on /home/airflow/.local/lib/python3.7/site-packages/airflow/example_dags/example_kubernetes_executor.py
[2023-02-08T19:49:41.241+0000] {processor.py:743} INFO - Processing file /home/airflow/.local/lib/python3.7/site-packages/airflow/example_dags/example_kubernetes_executor.py for tasks to queue
[2023-02-08T19:49:41.242+0000] {logging_mixin.py:137} INFO - [2023-02-08T19:49:41.242+0000] {dagbag.py:538} INFO - Filling up the DagBag from /home/airflow/.local/lib/python3.7/site-packages/airflow/example_dags/example_kubernetes_executor.py
[2023-02-08T19:49:41.284+0000] {processor.py:753} INFO - DAG(s) dict_keys(['example_kubernetes_executor']) retrieved from /home/airflow/.local/lib/python3.7/site-packages/airflow/example_dags/example_kubernetes_executor.py
[2023-02-08T19:49:41.326+0000] {logging_mixin.py:137} INFO - [2023-02-08T19:49:41.326+0000] {dag.py:2690} INFO - Sync 1 DAGs
[2023-02-08T19:49:41.361+0000] {logging_mixin.py:137} INFO - [2023-02-08T19:49:41.361+0000] {dag.py:3441} INFO - Setting next_dagrun for example_kubernetes_executor to None, run_after=None
[2023-02-08T19:49:41.388+0000] {processor.py:175} INFO - Processing /home/airflow/.local/lib/python3.7/site-packages/airflow/example_dags/example_kubernetes_executor.py took 0.152 seconds
[2023-02-08T19:50:11.617+0000] {processor.py:153} INFO - Started process (PID=3011) to work on /home/airflow/.local/lib/python3.7/site-packages/airflow/example_dags/example_kubernetes_executor.py
[2023-02-08T19:50:11.618+0000] {processor.py:743} INFO - Processing file /home/airflow/.local/lib/python3.7/site-packages/airflow/example_dags/example_kubernetes_executor.py for tasks to queue
[2023-02-08T19:50:11.618+0000] {logging_mixin.py:137} INFO - [2023-02-08T19:50:11.618+0000] {dagbag.py:538} INFO - Filling up the DagBag from /home/airflow/.local/lib/python3.7/site-packages/airflow/example_dags/example_kubernetes_executor.py
[2023-02-08T19:50:11.650+0000] {processor.py:753} INFO - DAG(s) dict_keys(['example_kubernetes_executor']) retrieved from /home/airflow/.local/lib/python3.7/site-packages/airflow/example_dags/example_kubernetes_executor.py
[2023-02-08T19:50:11.690+0000] {logging_mixin.py:137} INFO - [2023-02-08T19:50:11.690+0000] {dag.py:2690} INFO - Sync 1 DAGs
[2023-02-08T19:50:11.729+0000] {logging_mixin.py:137} INFO - [2023-02-08T19:50:11.729+0000] {dag.py:3441} INFO - Setting next_dagrun for example_kubernetes_executor to None, run_after=None
[2023-02-08T19:50:11.756+0000] {processor.py:175} INFO - Processing /home/airflow/.local/lib/python3.7/site-packages/airflow/example_dags/example_kubernetes_executor.py took 0.143 seconds
[2023-02-08T19:50:42.672+0000] {processor.py:153} INFO - Started process (PID=3084) to work on /home/airflow/.local/lib/python3.7/site-packages/airflow/example_dags/example_kubernetes_executor.py
[2023-02-08T19:50:42.673+0000] {processor.py:743} INFO - Processing file /home/airflow/.local/lib/python3.7/site-packages/airflow/example_dags/example_kubernetes_executor.py for tasks to queue
[2023-02-08T19:50:42.675+0000] {logging_mixin.py:137} INFO - [2023-02-08T19:50:42.674+0000] {dagbag.py:538} INFO - Filling up the DagBag from /home/airflow/.local/lib/python3.7/site-packages/airflow/example_dags/example_kubernetes_executor.py
[2023-02-08T19:50:42.719+0000] {processor.py:753} INFO - DAG(s) dict_keys(['example_kubernetes_executor']) retrieved from /home/airflow/.local/lib/python3.7/site-packages/airflow/example_dags/example_kubernetes_executor.py
[2023-02-08T19:50:42.765+0000] {logging_mixin.py:137} INFO - [2023-02-08T19:50:42.765+0000] {dag.py:2690} INFO - Sync 1 DAGs
[2023-02-08T19:50:42.804+0000] {logging_mixin.py:137} INFO - [2023-02-08T19:50:42.804+0000] {dag.py:3441} INFO - Setting next_dagrun for example_kubernetes_executor to None, run_after=None
[2023-02-08T19:50:42.857+0000] {processor.py:175} INFO - Processing /home/airflow/.local/lib/python3.7/site-packages/airflow/example_dags/example_kubernetes_executor.py took 0.189 seconds
[2023-02-08T19:51:13.468+0000] {processor.py:153} INFO - Started process (PID=3153) to work on /home/airflow/.local/lib/python3.7/site-packages/airflow/example_dags/example_kubernetes_executor.py
[2023-02-08T19:51:13.469+0000] {processor.py:743} INFO - Processing file /home/airflow/.local/lib/python3.7/site-packages/airflow/example_dags/example_kubernetes_executor.py for tasks to queue
[2023-02-08T19:51:13.470+0000] {logging_mixin.py:137} INFO - [2023-02-08T19:51:13.470+0000] {dagbag.py:538} INFO - Filling up the DagBag from /home/airflow/.local/lib/python3.7/site-packages/airflow/example_dags/example_kubernetes_executor.py
[2023-02-08T19:51:13.500+0000] {processor.py:753} INFO - DAG(s) dict_keys(['example_kubernetes_executor']) retrieved from /home/airflow/.local/lib/python3.7/site-packages/airflow/example_dags/example_kubernetes_executor.py
[2023-02-08T19:51:13.533+0000] {logging_mixin.py:137} INFO - [2023-02-08T19:51:13.533+0000] {dag.py:2690} INFO - Sync 1 DAGs
[2023-02-08T19:51:13.561+0000] {logging_mixin.py:137} INFO - [2023-02-08T19:51:13.560+0000] {dag.py:3441} INFO - Setting next_dagrun for example_kubernetes_executor to None, run_after=None
[2023-02-08T19:51:13.586+0000] {processor.py:175} INFO - Processing /home/airflow/.local/lib/python3.7/site-packages/airflow/example_dags/example_kubernetes_executor.py took 0.122 seconds
[2023-02-08T19:51:44.365+0000] {processor.py:153} INFO - Started process (PID=3220) to work on /home/airflow/.local/lib/python3.7/site-packages/airflow/example_dags/example_kubernetes_executor.py
[2023-02-08T19:51:44.366+0000] {processor.py:743} INFO - Processing file /home/airflow/.local/lib/python3.7/site-packages/airflow/example_dags/example_kubernetes_executor.py for tasks to queue
[2023-02-08T19:51:44.367+0000] {logging_mixin.py:137} INFO - [2023-02-08T19:51:44.367+0000] {dagbag.py:538} INFO - Filling up the DagBag from /home/airflow/.local/lib/python3.7/site-packages/airflow/example_dags/example_kubernetes_executor.py
[2023-02-08T19:51:44.412+0000] {processor.py:753} INFO - DAG(s) dict_keys(['example_kubernetes_executor']) retrieved from /home/airflow/.local/lib/python3.7/site-packages/airflow/example_dags/example_kubernetes_executor.py
[2023-02-08T19:51:44.460+0000] {logging_mixin.py:137} INFO - [2023-02-08T19:51:44.460+0000] {dag.py:2690} INFO - Sync 1 DAGs
[2023-02-08T19:51:44.505+0000] {logging_mixin.py:137} INFO - [2023-02-08T19:51:44.504+0000] {dag.py:3441} INFO - Setting next_dagrun for example_kubernetes_executor to None, run_after=None
[2023-02-08T19:51:44.545+0000] {processor.py:175} INFO - Processing /home/airflow/.local/lib/python3.7/site-packages/airflow/example_dags/example_kubernetes_executor.py took 0.186 seconds
[2023-02-08T19:52:15.296+0000] {processor.py:153} INFO - Started process (PID=3297) to work on /home/airflow/.local/lib/python3.7/site-packages/airflow/example_dags/example_kubernetes_executor.py
[2023-02-08T19:52:15.297+0000] {processor.py:743} INFO - Processing file /home/airflow/.local/lib/python3.7/site-packages/airflow/example_dags/example_kubernetes_executor.py for tasks to queue
[2023-02-08T19:52:15.298+0000] {logging_mixin.py:137} INFO - [2023-02-08T19:52:15.298+0000] {dagbag.py:538} INFO - Filling up the DagBag from /home/airflow/.local/lib/python3.7/site-packages/airflow/example_dags/example_kubernetes_executor.py
[2023-02-08T19:52:15.346+0000] {processor.py:753} INFO - DAG(s) dict_keys(['example_kubernetes_executor']) retrieved from /home/airflow/.local/lib/python3.7/site-packages/airflow/example_dags/example_kubernetes_executor.py
[2023-02-08T19:52:15.382+0000] {logging_mixin.py:137} INFO - [2023-02-08T19:52:15.382+0000] {dag.py:2690} INFO - Sync 1 DAGs
[2023-02-08T19:52:15.407+0000] {logging_mixin.py:137} INFO - [2023-02-08T19:52:15.406+0000] {dag.py:3441} INFO - Setting next_dagrun for example_kubernetes_executor to None, run_after=None
[2023-02-08T19:52:15.432+0000] {processor.py:175} INFO - Processing /home/airflow/.local/lib/python3.7/site-packages/airflow/example_dags/example_kubernetes_executor.py took 0.142 seconds
[2023-02-08T19:52:45.916+0000] {processor.py:153} INFO - Started process (PID=3364) to work on /home/airflow/.local/lib/python3.7/site-packages/airflow/example_dags/example_kubernetes_executor.py
[2023-02-08T19:52:45.917+0000] {processor.py:743} INFO - Processing file /home/airflow/.local/lib/python3.7/site-packages/airflow/example_dags/example_kubernetes_executor.py for tasks to queue
[2023-02-08T19:52:45.917+0000] {logging_mixin.py:137} INFO - [2023-02-08T19:52:45.917+0000] {dagbag.py:538} INFO - Filling up the DagBag from /home/airflow/.local/lib/python3.7/site-packages/airflow/example_dags/example_kubernetes_executor.py
[2023-02-08T19:52:45.948+0000] {processor.py:753} INFO - DAG(s) dict_keys(['example_kubernetes_executor']) retrieved from /home/airflow/.local/lib/python3.7/site-packages/airflow/example_dags/example_kubernetes_executor.py
[2023-02-08T19:52:45.980+0000] {logging_mixin.py:137} INFO - [2023-02-08T19:52:45.980+0000] {dag.py:2690} INFO - Sync 1 DAGs
[2023-02-08T19:52:46.016+0000] {logging_mixin.py:137} INFO - [2023-02-08T19:52:46.015+0000] {dag.py:3441} INFO - Setting next_dagrun for example_kubernetes_executor to None, run_after=None
[2023-02-08T19:52:46.040+0000] {processor.py:175} INFO - Processing /home/airflow/.local/lib/python3.7/site-packages/airflow/example_dags/example_kubernetes_executor.py took 0.129 seconds
[2023-02-08T19:53:16.328+0000] {processor.py:153} INFO - Started process (PID=3442) to work on /home/airflow/.local/lib/python3.7/site-packages/airflow/example_dags/example_kubernetes_executor.py
[2023-02-08T19:53:16.330+0000] {processor.py:743} INFO - Processing file /home/airflow/.local/lib/python3.7/site-packages/airflow/example_dags/example_kubernetes_executor.py for tasks to queue
[2023-02-08T19:53:16.330+0000] {logging_mixin.py:137} INFO - [2023-02-08T19:53:16.330+0000] {dagbag.py:538} INFO - Filling up the DagBag from /home/airflow/.local/lib/python3.7/site-packages/airflow/example_dags/example_kubernetes_executor.py
[2023-02-08T19:53:16.366+0000] {processor.py:753} INFO - DAG(s) dict_keys(['example_kubernetes_executor']) retrieved from /home/airflow/.local/lib/python3.7/site-packages/airflow/example_dags/example_kubernetes_executor.py
[2023-02-08T19:53:16.411+0000] {logging_mixin.py:137} INFO - [2023-02-08T19:53:16.410+0000] {dag.py:2690} INFO - Sync 1 DAGs
[2023-02-08T19:53:16.452+0000] {logging_mixin.py:137} INFO - [2023-02-08T19:53:16.451+0000] {dag.py:3441} INFO - Setting next_dagrun for example_kubernetes_executor to None, run_after=None
[2023-02-08T19:53:16.488+0000] {processor.py:175} INFO - Processing /home/airflow/.local/lib/python3.7/site-packages/airflow/example_dags/example_kubernetes_executor.py took 0.164 seconds
[2023-02-08T19:53:47.434+0000] {processor.py:153} INFO - Started process (PID=3506) to work on /home/airflow/.local/lib/python3.7/site-packages/airflow/example_dags/example_kubernetes_executor.py
[2023-02-08T19:53:47.435+0000] {processor.py:743} INFO - Processing file /home/airflow/.local/lib/python3.7/site-packages/airflow/example_dags/example_kubernetes_executor.py for tasks to queue
[2023-02-08T19:53:47.436+0000] {logging_mixin.py:137} INFO - [2023-02-08T19:53:47.436+0000] {dagbag.py:538} INFO - Filling up the DagBag from /home/airflow/.local/lib/python3.7/site-packages/airflow/example_dags/example_kubernetes_executor.py
[2023-02-08T19:53:47.469+0000] {processor.py:753} INFO - DAG(s) dict_keys(['example_kubernetes_executor']) retrieved from /home/airflow/.local/lib/python3.7/site-packages/airflow/example_dags/example_kubernetes_executor.py
[2023-02-08T19:53:47.503+0000] {logging_mixin.py:137} INFO - [2023-02-08T19:53:47.503+0000] {dag.py:2690} INFO - Sync 1 DAGs
[2023-02-08T19:53:47.537+0000] {logging_mixin.py:137} INFO - [2023-02-08T19:53:47.537+0000] {dag.py:3441} INFO - Setting next_dagrun for example_kubernetes_executor to None, run_after=None
[2023-02-08T19:53:47.564+0000] {processor.py:175} INFO - Processing /home/airflow/.local/lib/python3.7/site-packages/airflow/example_dags/example_kubernetes_executor.py took 0.134 seconds
[2023-02-08T19:54:18.223+0000] {processor.py:153} INFO - Started process (PID=3579) to work on /home/airflow/.local/lib/python3.7/site-packages/airflow/example_dags/example_kubernetes_executor.py
[2023-02-08T19:54:18.225+0000] {processor.py:743} INFO - Processing file /home/airflow/.local/lib/python3.7/site-packages/airflow/example_dags/example_kubernetes_executor.py for tasks to queue
[2023-02-08T19:54:18.226+0000] {logging_mixin.py:137} INFO - [2023-02-08T19:54:18.226+0000] {dagbag.py:538} INFO - Filling up the DagBag from /home/airflow/.local/lib/python3.7/site-packages/airflow/example_dags/example_kubernetes_executor.py
[2023-02-08T19:54:18.278+0000] {processor.py:753} INFO - DAG(s) dict_keys(['example_kubernetes_executor']) retrieved from /home/airflow/.local/lib/python3.7/site-packages/airflow/example_dags/example_kubernetes_executor.py
[2023-02-08T19:54:18.334+0000] {logging_mixin.py:137} INFO - [2023-02-08T19:54:18.333+0000] {dag.py:2690} INFO - Sync 1 DAGs
[2023-02-08T19:54:18.382+0000] {logging_mixin.py:137} INFO - [2023-02-08T19:54:18.382+0000] {dag.py:3441} INFO - Setting next_dagrun for example_kubernetes_executor to None, run_after=None
[2023-02-08T19:54:18.430+0000] {processor.py:175} INFO - Processing /home/airflow/.local/lib/python3.7/site-packages/airflow/example_dags/example_kubernetes_executor.py took 0.212 seconds
[2023-02-08T19:54:48.859+0000] {processor.py:153} INFO - Started process (PID=3649) to work on /home/airflow/.local/lib/python3.7/site-packages/airflow/example_dags/example_kubernetes_executor.py
[2023-02-08T19:54:48.860+0000] {processor.py:743} INFO - Processing file /home/airflow/.local/lib/python3.7/site-packages/airflow/example_dags/example_kubernetes_executor.py for tasks to queue
[2023-02-08T19:54:48.861+0000] {logging_mixin.py:137} INFO - [2023-02-08T19:54:48.861+0000] {dagbag.py:538} INFO - Filling up the DagBag from /home/airflow/.local/lib/python3.7/site-packages/airflow/example_dags/example_kubernetes_executor.py
[2023-02-08T19:54:48.904+0000] {processor.py:753} INFO - DAG(s) dict_keys(['example_kubernetes_executor']) retrieved from /home/airflow/.local/lib/python3.7/site-packages/airflow/example_dags/example_kubernetes_executor.py
[2023-02-08T19:54:48.949+0000] {logging_mixin.py:137} INFO - [2023-02-08T19:54:48.949+0000] {dag.py:2690} INFO - Sync 1 DAGs
[2023-02-08T19:54:48.982+0000] {logging_mixin.py:137} INFO - [2023-02-08T19:54:48.982+0000] {dag.py:3441} INFO - Setting next_dagrun for example_kubernetes_executor to None, run_after=None
[2023-02-08T19:54:49.008+0000] {processor.py:175} INFO - Processing /home/airflow/.local/lib/python3.7/site-packages/airflow/example_dags/example_kubernetes_executor.py took 0.154 seconds
[2023-02-08T19:55:19.270+0000] {processor.py:153} INFO - Started process (PID=3713) to work on /home/airflow/.local/lib/python3.7/site-packages/airflow/example_dags/example_kubernetes_executor.py
[2023-02-08T19:55:19.271+0000] {processor.py:743} INFO - Processing file /home/airflow/.local/lib/python3.7/site-packages/airflow/example_dags/example_kubernetes_executor.py for tasks to queue
[2023-02-08T19:55:19.272+0000] {logging_mixin.py:137} INFO - [2023-02-08T19:55:19.272+0000] {dagbag.py:538} INFO - Filling up the DagBag from /home/airflow/.local/lib/python3.7/site-packages/airflow/example_dags/example_kubernetes_executor.py
[2023-02-08T19:55:19.303+0000] {processor.py:753} INFO - DAG(s) dict_keys(['example_kubernetes_executor']) retrieved from /home/airflow/.local/lib/python3.7/site-packages/airflow/example_dags/example_kubernetes_executor.py
[2023-02-08T19:55:19.336+0000] {logging_mixin.py:137} INFO - [2023-02-08T19:55:19.335+0000] {dag.py:2690} INFO - Sync 1 DAGs
[2023-02-08T19:55:19.361+0000] {logging_mixin.py:137} INFO - [2023-02-08T19:55:19.361+0000] {dag.py:3441} INFO - Setting next_dagrun for example_kubernetes_executor to None, run_after=None
[2023-02-08T19:55:19.388+0000] {processor.py:175} INFO - Processing /home/airflow/.local/lib/python3.7/site-packages/airflow/example_dags/example_kubernetes_executor.py took 0.122 seconds
[2023-02-08T19:55:49.838+0000] {processor.py:153} INFO - Started process (PID=3785) to work on /home/airflow/.local/lib/python3.7/site-packages/airflow/example_dags/example_kubernetes_executor.py
[2023-02-08T19:55:49.840+0000] {processor.py:743} INFO - Processing file /home/airflow/.local/lib/python3.7/site-packages/airflow/example_dags/example_kubernetes_executor.py for tasks to queue
[2023-02-08T19:55:49.841+0000] {logging_mixin.py:137} INFO - [2023-02-08T19:55:49.841+0000] {dagbag.py:538} INFO - Filling up the DagBag from /home/airflow/.local/lib/python3.7/site-packages/airflow/example_dags/example_kubernetes_executor.py
[2023-02-08T19:55:49.886+0000] {processor.py:753} INFO - DAG(s) dict_keys(['example_kubernetes_executor']) retrieved from /home/airflow/.local/lib/python3.7/site-packages/airflow/example_dags/example_kubernetes_executor.py
[2023-02-08T19:55:49.942+0000] {logging_mixin.py:137} INFO - [2023-02-08T19:55:49.941+0000] {dag.py:2690} INFO - Sync 1 DAGs
[2023-02-08T19:55:49.986+0000] {logging_mixin.py:137} INFO - [2023-02-08T19:55:49.986+0000] {dag.py:3441} INFO - Setting next_dagrun for example_kubernetes_executor to None, run_after=None
[2023-02-08T19:55:50.043+0000] {processor.py:175} INFO - Processing /home/airflow/.local/lib/python3.7/site-packages/airflow/example_dags/example_kubernetes_executor.py took 0.211 seconds
[2023-02-08T19:56:20.221+0000] {processor.py:153} INFO - Started process (PID=3855) to work on /home/airflow/.local/lib/python3.7/site-packages/airflow/example_dags/example_kubernetes_executor.py
[2023-02-08T19:56:20.222+0000] {processor.py:743} INFO - Processing file /home/airflow/.local/lib/python3.7/site-packages/airflow/example_dags/example_kubernetes_executor.py for tasks to queue
[2023-02-08T19:56:20.223+0000] {logging_mixin.py:137} INFO - [2023-02-08T19:56:20.223+0000] {dagbag.py:538} INFO - Filling up the DagBag from /home/airflow/.local/lib/python3.7/site-packages/airflow/example_dags/example_kubernetes_executor.py
[2023-02-08T19:56:20.266+0000] {processor.py:753} INFO - DAG(s) dict_keys(['example_kubernetes_executor']) retrieved from /home/airflow/.local/lib/python3.7/site-packages/airflow/example_dags/example_kubernetes_executor.py
[2023-02-08T19:56:20.301+0000] {logging_mixin.py:137} INFO - [2023-02-08T19:56:20.301+0000] {dag.py:2690} INFO - Sync 1 DAGs
[2023-02-08T19:56:20.330+0000] {logging_mixin.py:137} INFO - [2023-02-08T19:56:20.330+0000] {dag.py:3441} INFO - Setting next_dagrun for example_kubernetes_executor to None, run_after=None
[2023-02-08T19:56:20.365+0000] {processor.py:175} INFO - Processing /home/airflow/.local/lib/python3.7/site-packages/airflow/example_dags/example_kubernetes_executor.py took 0.149 seconds
[2023-02-08T19:56:50.556+0000] {processor.py:153} INFO - Started process (PID=3921) to work on /home/airflow/.local/lib/python3.7/site-packages/airflow/example_dags/example_kubernetes_executor.py
[2023-02-08T19:56:50.557+0000] {processor.py:743} INFO - Processing file /home/airflow/.local/lib/python3.7/site-packages/airflow/example_dags/example_kubernetes_executor.py for tasks to queue
[2023-02-08T19:56:50.558+0000] {logging_mixin.py:137} INFO - [2023-02-08T19:56:50.558+0000] {dagbag.py:538} INFO - Filling up the DagBag from /home/airflow/.local/lib/python3.7/site-packages/airflow/example_dags/example_kubernetes_executor.py
[2023-02-08T19:56:50.602+0000] {processor.py:753} INFO - DAG(s) dict_keys(['example_kubernetes_executor']) retrieved from /home/airflow/.local/lib/python3.7/site-packages/airflow/example_dags/example_kubernetes_executor.py
[2023-02-08T19:56:50.647+0000] {logging_mixin.py:137} INFO - [2023-02-08T19:56:50.647+0000] {dag.py:2690} INFO - Sync 1 DAGs
[2023-02-08T19:56:50.689+0000] {logging_mixin.py:137} INFO - [2023-02-08T19:56:50.688+0000] {dag.py:3441} INFO - Setting next_dagrun for example_kubernetes_executor to None, run_after=None
[2023-02-08T19:56:50.723+0000] {processor.py:175} INFO - Processing /home/airflow/.local/lib/python3.7/site-packages/airflow/example_dags/example_kubernetes_executor.py took 0.171 seconds
[2023-02-08T19:57:21.637+0000] {processor.py:153} INFO - Started process (PID=3998) to work on /home/airflow/.local/lib/python3.7/site-packages/airflow/example_dags/example_kubernetes_executor.py
[2023-02-08T19:57:21.638+0000] {processor.py:743} INFO - Processing file /home/airflow/.local/lib/python3.7/site-packages/airflow/example_dags/example_kubernetes_executor.py for tasks to queue
[2023-02-08T19:57:21.639+0000] {logging_mixin.py:137} INFO - [2023-02-08T19:57:21.639+0000] {dagbag.py:538} INFO - Filling up the DagBag from /home/airflow/.local/lib/python3.7/site-packages/airflow/example_dags/example_kubernetes_executor.py
[2023-02-08T19:57:21.670+0000] {processor.py:753} INFO - DAG(s) dict_keys(['example_kubernetes_executor']) retrieved from /home/airflow/.local/lib/python3.7/site-packages/airflow/example_dags/example_kubernetes_executor.py
[2023-02-08T19:57:21.706+0000] {logging_mixin.py:137} INFO - [2023-02-08T19:57:21.705+0000] {dag.py:2690} INFO - Sync 1 DAGs
[2023-02-08T19:57:21.739+0000] {logging_mixin.py:137} INFO - [2023-02-08T19:57:21.739+0000] {dag.py:3441} INFO - Setting next_dagrun for example_kubernetes_executor to None, run_after=None
[2023-02-08T19:57:21.770+0000] {processor.py:175} INFO - Processing /home/airflow/.local/lib/python3.7/site-packages/airflow/example_dags/example_kubernetes_executor.py took 0.136 seconds
[2023-02-08T19:57:52.136+0000] {processor.py:153} INFO - Started process (PID=4063) to work on /home/airflow/.local/lib/python3.7/site-packages/airflow/example_dags/example_kubernetes_executor.py
[2023-02-08T19:57:52.137+0000] {processor.py:743} INFO - Processing file /home/airflow/.local/lib/python3.7/site-packages/airflow/example_dags/example_kubernetes_executor.py for tasks to queue
[2023-02-08T19:57:52.139+0000] {logging_mixin.py:137} INFO - [2023-02-08T19:57:52.139+0000] {dagbag.py:538} INFO - Filling up the DagBag from /home/airflow/.local/lib/python3.7/site-packages/airflow/example_dags/example_kubernetes_executor.py
[2023-02-08T19:57:52.170+0000] {processor.py:753} INFO - DAG(s) dict_keys(['example_kubernetes_executor']) retrieved from /home/airflow/.local/lib/python3.7/site-packages/airflow/example_dags/example_kubernetes_executor.py
[2023-02-08T19:57:52.204+0000] {logging_mixin.py:137} INFO - [2023-02-08T19:57:52.204+0000] {dag.py:2690} INFO - Sync 1 DAGs
[2023-02-08T19:57:52.232+0000] {logging_mixin.py:137} INFO - [2023-02-08T19:57:52.232+0000] {dag.py:3441} INFO - Setting next_dagrun for example_kubernetes_executor to None, run_after=None
[2023-02-08T19:57:52.259+0000] {processor.py:175} INFO - Processing /home/airflow/.local/lib/python3.7/site-packages/airflow/example_dags/example_kubernetes_executor.py took 0.128 seconds
[2023-02-08T19:58:22.641+0000] {processor.py:153} INFO - Started process (PID=4129) to work on /home/airflow/.local/lib/python3.7/site-packages/airflow/example_dags/example_kubernetes_executor.py
[2023-02-08T19:58:22.643+0000] {processor.py:743} INFO - Processing file /home/airflow/.local/lib/python3.7/site-packages/airflow/example_dags/example_kubernetes_executor.py for tasks to queue
[2023-02-08T19:58:22.644+0000] {logging_mixin.py:137} INFO - [2023-02-08T19:58:22.643+0000] {dagbag.py:538} INFO - Filling up the DagBag from /home/airflow/.local/lib/python3.7/site-packages/airflow/example_dags/example_kubernetes_executor.py
[2023-02-08T19:58:22.682+0000] {processor.py:753} INFO - DAG(s) dict_keys(['example_kubernetes_executor']) retrieved from /home/airflow/.local/lib/python3.7/site-packages/airflow/example_dags/example_kubernetes_executor.py
[2023-02-08T19:58:22.730+0000] {logging_mixin.py:137} INFO - [2023-02-08T19:58:22.729+0000] {dag.py:2690} INFO - Sync 1 DAGs
[2023-02-08T19:58:22.773+0000] {logging_mixin.py:137} INFO - [2023-02-08T19:58:22.773+0000] {dag.py:3441} INFO - Setting next_dagrun for example_kubernetes_executor to None, run_after=None
[2023-02-08T19:58:22.821+0000] {processor.py:175} INFO - Processing /home/airflow/.local/lib/python3.7/site-packages/airflow/example_dags/example_kubernetes_executor.py took 0.184 seconds
[2023-02-08T19:58:53.419+0000] {processor.py:153} INFO - Started process (PID=4207) to work on /home/airflow/.local/lib/python3.7/site-packages/airflow/example_dags/example_kubernetes_executor.py
[2023-02-08T19:58:53.420+0000] {processor.py:743} INFO - Processing file /home/airflow/.local/lib/python3.7/site-packages/airflow/example_dags/example_kubernetes_executor.py for tasks to queue
[2023-02-08T19:58:53.421+0000] {logging_mixin.py:137} INFO - [2023-02-08T19:58:53.420+0000] {dagbag.py:538} INFO - Filling up the DagBag from /home/airflow/.local/lib/python3.7/site-packages/airflow/example_dags/example_kubernetes_executor.py
[2023-02-08T19:58:53.452+0000] {processor.py:753} INFO - DAG(s) dict_keys(['example_kubernetes_executor']) retrieved from /home/airflow/.local/lib/python3.7/site-packages/airflow/example_dags/example_kubernetes_executor.py
[2023-02-08T19:58:53.486+0000] {logging_mixin.py:137} INFO - [2023-02-08T19:58:53.486+0000] {dag.py:2690} INFO - Sync 1 DAGs
[2023-02-08T19:58:53.524+0000] {logging_mixin.py:137} INFO - [2023-02-08T19:58:53.524+0000] {dag.py:3441} INFO - Setting next_dagrun for example_kubernetes_executor to None, run_after=None
[2023-02-08T19:58:53.562+0000] {processor.py:175} INFO - Processing /home/airflow/.local/lib/python3.7/site-packages/airflow/example_dags/example_kubernetes_executor.py took 0.147 seconds
[2023-02-08T19:59:23.856+0000] {processor.py:153} INFO - Started process (PID=4273) to work on /home/airflow/.local/lib/python3.7/site-packages/airflow/example_dags/example_kubernetes_executor.py
[2023-02-08T19:59:23.857+0000] {processor.py:743} INFO - Processing file /home/airflow/.local/lib/python3.7/site-packages/airflow/example_dags/example_kubernetes_executor.py for tasks to queue
[2023-02-08T19:59:23.858+0000] {logging_mixin.py:137} INFO - [2023-02-08T19:59:23.857+0000] {dagbag.py:538} INFO - Filling up the DagBag from /home/airflow/.local/lib/python3.7/site-packages/airflow/example_dags/example_kubernetes_executor.py
[2023-02-08T19:59:23.889+0000] {processor.py:753} INFO - DAG(s) dict_keys(['example_kubernetes_executor']) retrieved from /home/airflow/.local/lib/python3.7/site-packages/airflow/example_dags/example_kubernetes_executor.py
[2023-02-08T19:59:23.929+0000] {logging_mixin.py:137} INFO - [2023-02-08T19:59:23.929+0000] {dag.py:2690} INFO - Sync 1 DAGs
[2023-02-08T19:59:23.964+0000] {logging_mixin.py:137} INFO - [2023-02-08T19:59:23.964+0000] {dag.py:3441} INFO - Setting next_dagrun for example_kubernetes_executor to None, run_after=None
[2023-02-08T19:59:23.991+0000] {processor.py:175} INFO - Processing /home/airflow/.local/lib/python3.7/site-packages/airflow/example_dags/example_kubernetes_executor.py took 0.140 seconds
[2023-02-08T19:59:54.781+0000] {processor.py:153} INFO - Started process (PID=4350) to work on /home/airflow/.local/lib/python3.7/site-packages/airflow/example_dags/example_kubernetes_executor.py
[2023-02-08T19:59:54.783+0000] {processor.py:743} INFO - Processing file /home/airflow/.local/lib/python3.7/site-packages/airflow/example_dags/example_kubernetes_executor.py for tasks to queue
[2023-02-08T19:59:54.783+0000] {logging_mixin.py:137} INFO - [2023-02-08T19:59:54.783+0000] {dagbag.py:538} INFO - Filling up the DagBag from /home/airflow/.local/lib/python3.7/site-packages/airflow/example_dags/example_kubernetes_executor.py
[2023-02-08T19:59:54.815+0000] {processor.py:753} INFO - DAG(s) dict_keys(['example_kubernetes_executor']) retrieved from /home/airflow/.local/lib/python3.7/site-packages/airflow/example_dags/example_kubernetes_executor.py
[2023-02-08T19:59:54.849+0000] {logging_mixin.py:137} INFO - [2023-02-08T19:59:54.849+0000] {dag.py:2690} INFO - Sync 1 DAGs
[2023-02-08T19:59:54.876+0000] {logging_mixin.py:137} INFO - [2023-02-08T19:59:54.876+0000] {dag.py:3441} INFO - Setting next_dagrun for example_kubernetes_executor to None, run_after=None
[2023-02-08T19:59:54.903+0000] {processor.py:175} INFO - Processing /home/airflow/.local/lib/python3.7/site-packages/airflow/example_dags/example_kubernetes_executor.py took 0.126 seconds
