[2023-02-08T19:28:52.056+0000] {processor.py:153} INFO - Started process (PID=99) to work on /home/airflow/.local/lib/python3.7/site-packages/airflow/example_dags/example_bash_operator.py
[2023-02-08T19:28:52.057+0000] {processor.py:743} INFO - Processing file /home/airflow/.local/lib/python3.7/site-packages/airflow/example_dags/example_bash_operator.py for tasks to queue
[2023-02-08T19:28:52.059+0000] {logging_mixin.py:137} INFO - [2023-02-08T19:28:52.058+0000] {dagbag.py:538} INFO - Filling up the DagBag from /home/airflow/.local/lib/python3.7/site-packages/airflow/example_dags/example_bash_operator.py
[2023-02-08T19:28:52.092+0000] {processor.py:753} INFO - DAG(s) dict_keys(['example_bash_operator']) retrieved from /home/airflow/.local/lib/python3.7/site-packages/airflow/example_dags/example_bash_operator.py
[2023-02-08T19:28:52.176+0000] {logging_mixin.py:137} INFO - [2023-02-08T19:28:52.175+0000] {dag.py:2690} INFO - Sync 1 DAGs
[2023-02-08T19:28:52.229+0000] {logging_mixin.py:137} INFO - [2023-02-08T19:28:52.229+0000] {dag.py:3441} INFO - Setting next_dagrun for example_bash_operator to 2023-02-07T00:00:00+00:00, run_after=2023-02-08T00:00:00+00:00
[2023-02-08T19:28:52.275+0000] {processor.py:175} INFO - Processing /home/airflow/.local/lib/python3.7/site-packages/airflow/example_dags/example_bash_operator.py took 0.224 seconds
[2023-02-08T19:29:22.909+0000] {processor.py:153} INFO - Started process (PID=173) to work on /home/airflow/.local/lib/python3.7/site-packages/airflow/example_dags/example_bash_operator.py
[2023-02-08T19:29:22.926+0000] {processor.py:743} INFO - Processing file /home/airflow/.local/lib/python3.7/site-packages/airflow/example_dags/example_bash_operator.py for tasks to queue
[2023-02-08T19:29:22.928+0000] {logging_mixin.py:137} INFO - [2023-02-08T19:29:22.927+0000] {dagbag.py:538} INFO - Filling up the DagBag from /home/airflow/.local/lib/python3.7/site-packages/airflow/example_dags/example_bash_operator.py
[2023-02-08T19:29:23.003+0000] {processor.py:753} INFO - DAG(s) dict_keys(['example_bash_operator']) retrieved from /home/airflow/.local/lib/python3.7/site-packages/airflow/example_dags/example_bash_operator.py
[2023-02-08T19:29:23.066+0000] {logging_mixin.py:137} INFO - [2023-02-08T19:29:23.065+0000] {dag.py:2690} INFO - Sync 1 DAGs
[2023-02-08T19:29:23.123+0000] {logging_mixin.py:137} INFO - [2023-02-08T19:29:23.122+0000] {dag.py:3441} INFO - Setting next_dagrun for example_bash_operator to 2023-02-07T00:00:00+00:00, run_after=2023-02-08T00:00:00+00:00
[2023-02-08T19:29:23.159+0000] {processor.py:175} INFO - Processing /home/airflow/.local/lib/python3.7/site-packages/airflow/example_dags/example_bash_operator.py took 0.255 seconds
[2023-02-08T19:29:53.448+0000] {processor.py:153} INFO - Started process (PID=240) to work on /home/airflow/.local/lib/python3.7/site-packages/airflow/example_dags/example_bash_operator.py
[2023-02-08T19:29:53.450+0000] {processor.py:743} INFO - Processing file /home/airflow/.local/lib/python3.7/site-packages/airflow/example_dags/example_bash_operator.py for tasks to queue
[2023-02-08T19:29:53.451+0000] {logging_mixin.py:137} INFO - [2023-02-08T19:29:53.450+0000] {dagbag.py:538} INFO - Filling up the DagBag from /home/airflow/.local/lib/python3.7/site-packages/airflow/example_dags/example_bash_operator.py
[2023-02-08T19:29:53.488+0000] {processor.py:753} INFO - DAG(s) dict_keys(['example_bash_operator']) retrieved from /home/airflow/.local/lib/python3.7/site-packages/airflow/example_dags/example_bash_operator.py
[2023-02-08T19:29:53.542+0000] {logging_mixin.py:137} INFO - [2023-02-08T19:29:53.542+0000] {dag.py:2690} INFO - Sync 1 DAGs
[2023-02-08T19:29:53.582+0000] {logging_mixin.py:137} INFO - [2023-02-08T19:29:53.582+0000] {dag.py:3441} INFO - Setting next_dagrun for example_bash_operator to 2023-02-07T00:00:00+00:00, run_after=2023-02-08T00:00:00+00:00
[2023-02-08T19:29:53.617+0000] {processor.py:175} INFO - Processing /home/airflow/.local/lib/python3.7/site-packages/airflow/example_dags/example_bash_operator.py took 0.174 seconds
[2023-02-08T19:30:24.017+0000] {processor.py:153} INFO - Started process (PID=305) to work on /home/airflow/.local/lib/python3.7/site-packages/airflow/example_dags/example_bash_operator.py
[2023-02-08T19:30:24.019+0000] {processor.py:743} INFO - Processing file /home/airflow/.local/lib/python3.7/site-packages/airflow/example_dags/example_bash_operator.py for tasks to queue
[2023-02-08T19:30:24.019+0000] {logging_mixin.py:137} INFO - [2023-02-08T19:30:24.019+0000] {dagbag.py:538} INFO - Filling up the DagBag from /home/airflow/.local/lib/python3.7/site-packages/airflow/example_dags/example_bash_operator.py
[2023-02-08T19:30:24.045+0000] {processor.py:753} INFO - DAG(s) dict_keys(['example_bash_operator']) retrieved from /home/airflow/.local/lib/python3.7/site-packages/airflow/example_dags/example_bash_operator.py
[2023-02-08T19:30:24.099+0000] {logging_mixin.py:137} INFO - [2023-02-08T19:30:24.099+0000] {dag.py:2690} INFO - Sync 1 DAGs
[2023-02-08T19:30:24.134+0000] {logging_mixin.py:137} INFO - [2023-02-08T19:30:24.134+0000] {dag.py:3441} INFO - Setting next_dagrun for example_bash_operator to 2023-02-07T00:00:00+00:00, run_after=2023-02-08T00:00:00+00:00
[2023-02-08T19:30:24.177+0000] {processor.py:175} INFO - Processing /home/airflow/.local/lib/python3.7/site-packages/airflow/example_dags/example_bash_operator.py took 0.163 seconds
[2023-02-08T19:30:54.796+0000] {processor.py:153} INFO - Started process (PID=383) to work on /home/airflow/.local/lib/python3.7/site-packages/airflow/example_dags/example_bash_operator.py
[2023-02-08T19:30:54.798+0000] {processor.py:743} INFO - Processing file /home/airflow/.local/lib/python3.7/site-packages/airflow/example_dags/example_bash_operator.py for tasks to queue
[2023-02-08T19:30:54.799+0000] {logging_mixin.py:137} INFO - [2023-02-08T19:30:54.798+0000] {dagbag.py:538} INFO - Filling up the DagBag from /home/airflow/.local/lib/python3.7/site-packages/airflow/example_dags/example_bash_operator.py
[2023-02-08T19:30:54.833+0000] {processor.py:753} INFO - DAG(s) dict_keys(['example_bash_operator']) retrieved from /home/airflow/.local/lib/python3.7/site-packages/airflow/example_dags/example_bash_operator.py
[2023-02-08T19:30:54.892+0000] {logging_mixin.py:137} INFO - [2023-02-08T19:30:54.892+0000] {dag.py:2690} INFO - Sync 1 DAGs
[2023-02-08T19:30:54.936+0000] {logging_mixin.py:137} INFO - [2023-02-08T19:30:54.936+0000] {dag.py:3441} INFO - Setting next_dagrun for example_bash_operator to 2023-02-07T00:00:00+00:00, run_after=2023-02-08T00:00:00+00:00
[2023-02-08T19:30:54.971+0000] {processor.py:175} INFO - Processing /home/airflow/.local/lib/python3.7/site-packages/airflow/example_dags/example_bash_operator.py took 0.181 seconds
[2023-02-08T19:31:25.110+0000] {processor.py:153} INFO - Started process (PID=449) to work on /home/airflow/.local/lib/python3.7/site-packages/airflow/example_dags/example_bash_operator.py
[2023-02-08T19:31:25.111+0000] {processor.py:743} INFO - Processing file /home/airflow/.local/lib/python3.7/site-packages/airflow/example_dags/example_bash_operator.py for tasks to queue
[2023-02-08T19:31:25.112+0000] {logging_mixin.py:137} INFO - [2023-02-08T19:31:25.112+0000] {dagbag.py:538} INFO - Filling up the DagBag from /home/airflow/.local/lib/python3.7/site-packages/airflow/example_dags/example_bash_operator.py
[2023-02-08T19:31:25.136+0000] {processor.py:753} INFO - DAG(s) dict_keys(['example_bash_operator']) retrieved from /home/airflow/.local/lib/python3.7/site-packages/airflow/example_dags/example_bash_operator.py
[2023-02-08T19:31:25.175+0000] {logging_mixin.py:137} INFO - [2023-02-08T19:31:25.174+0000] {dag.py:2690} INFO - Sync 1 DAGs
[2023-02-08T19:31:25.201+0000] {logging_mixin.py:137} INFO - [2023-02-08T19:31:25.201+0000] {dag.py:3441} INFO - Setting next_dagrun for example_bash_operator to 2023-02-07T00:00:00+00:00, run_after=2023-02-08T00:00:00+00:00
[2023-02-08T19:31:25.246+0000] {processor.py:175} INFO - Processing /home/airflow/.local/lib/python3.7/site-packages/airflow/example_dags/example_bash_operator.py took 0.140 seconds
[2023-02-08T19:31:55.366+0000] {processor.py:153} INFO - Started process (PID=514) to work on /home/airflow/.local/lib/python3.7/site-packages/airflow/example_dags/example_bash_operator.py
[2023-02-08T19:31:55.367+0000] {processor.py:743} INFO - Processing file /home/airflow/.local/lib/python3.7/site-packages/airflow/example_dags/example_bash_operator.py for tasks to queue
[2023-02-08T19:31:55.368+0000] {logging_mixin.py:137} INFO - [2023-02-08T19:31:55.368+0000] {dagbag.py:538} INFO - Filling up the DagBag from /home/airflow/.local/lib/python3.7/site-packages/airflow/example_dags/example_bash_operator.py
[2023-02-08T19:31:55.392+0000] {processor.py:753} INFO - DAG(s) dict_keys(['example_bash_operator']) retrieved from /home/airflow/.local/lib/python3.7/site-packages/airflow/example_dags/example_bash_operator.py
[2023-02-08T19:31:55.438+0000] {logging_mixin.py:137} INFO - [2023-02-08T19:31:55.438+0000] {dag.py:2690} INFO - Sync 1 DAGs
[2023-02-08T19:31:55.476+0000] {logging_mixin.py:137} INFO - [2023-02-08T19:31:55.476+0000] {dag.py:3441} INFO - Setting next_dagrun for example_bash_operator to 2023-02-07T00:00:00+00:00, run_after=2023-02-08T00:00:00+00:00
[2023-02-08T19:31:55.507+0000] {processor.py:175} INFO - Processing /home/airflow/.local/lib/python3.7/site-packages/airflow/example_dags/example_bash_operator.py took 0.145 seconds
[2023-02-08T19:32:26.044+0000] {processor.py:153} INFO - Started process (PID=594) to work on /home/airflow/.local/lib/python3.7/site-packages/airflow/example_dags/example_bash_operator.py
[2023-02-08T19:32:26.045+0000] {processor.py:743} INFO - Processing file /home/airflow/.local/lib/python3.7/site-packages/airflow/example_dags/example_bash_operator.py for tasks to queue
[2023-02-08T19:32:26.046+0000] {logging_mixin.py:137} INFO - [2023-02-08T19:32:26.046+0000] {dagbag.py:538} INFO - Filling up the DagBag from /home/airflow/.local/lib/python3.7/site-packages/airflow/example_dags/example_bash_operator.py
[2023-02-08T19:32:26.070+0000] {processor.py:753} INFO - DAG(s) dict_keys(['example_bash_operator']) retrieved from /home/airflow/.local/lib/python3.7/site-packages/airflow/example_dags/example_bash_operator.py
[2023-02-08T19:32:26.114+0000] {logging_mixin.py:137} INFO - [2023-02-08T19:32:26.114+0000] {dag.py:2690} INFO - Sync 1 DAGs
[2023-02-08T19:32:26.144+0000] {logging_mixin.py:137} INFO - [2023-02-08T19:32:26.144+0000] {dag.py:3441} INFO - Setting next_dagrun for example_bash_operator to 2023-02-07T00:00:00+00:00, run_after=2023-02-08T00:00:00+00:00
[2023-02-08T19:32:26.176+0000] {processor.py:175} INFO - Processing /home/airflow/.local/lib/python3.7/site-packages/airflow/example_dags/example_bash_operator.py took 0.137 seconds
[2023-02-08T19:32:56.299+0000] {processor.py:153} INFO - Started process (PID=659) to work on /home/airflow/.local/lib/python3.7/site-packages/airflow/example_dags/example_bash_operator.py
[2023-02-08T19:32:56.300+0000] {processor.py:743} INFO - Processing file /home/airflow/.local/lib/python3.7/site-packages/airflow/example_dags/example_bash_operator.py for tasks to queue
[2023-02-08T19:32:56.301+0000] {logging_mixin.py:137} INFO - [2023-02-08T19:32:56.301+0000] {dagbag.py:538} INFO - Filling up the DagBag from /home/airflow/.local/lib/python3.7/site-packages/airflow/example_dags/example_bash_operator.py
[2023-02-08T19:32:56.326+0000] {processor.py:753} INFO - DAG(s) dict_keys(['example_bash_operator']) retrieved from /home/airflow/.local/lib/python3.7/site-packages/airflow/example_dags/example_bash_operator.py
[2023-02-08T19:32:56.367+0000] {logging_mixin.py:137} INFO - [2023-02-08T19:32:56.366+0000] {dag.py:2690} INFO - Sync 1 DAGs
[2023-02-08T19:32:56.396+0000] {logging_mixin.py:137} INFO - [2023-02-08T19:32:56.396+0000] {dag.py:3441} INFO - Setting next_dagrun for example_bash_operator to 2023-02-07T00:00:00+00:00, run_after=2023-02-08T00:00:00+00:00
[2023-02-08T19:32:56.424+0000] {processor.py:175} INFO - Processing /home/airflow/.local/lib/python3.7/site-packages/airflow/example_dags/example_bash_operator.py took 0.129 seconds
[2023-02-08T19:33:26.881+0000] {processor.py:153} INFO - Started process (PID=731) to work on /home/airflow/.local/lib/python3.7/site-packages/airflow/example_dags/example_bash_operator.py
[2023-02-08T19:33:26.883+0000] {processor.py:743} INFO - Processing file /home/airflow/.local/lib/python3.7/site-packages/airflow/example_dags/example_bash_operator.py for tasks to queue
[2023-02-08T19:33:26.884+0000] {logging_mixin.py:137} INFO - [2023-02-08T19:33:26.884+0000] {dagbag.py:538} INFO - Filling up the DagBag from /home/airflow/.local/lib/python3.7/site-packages/airflow/example_dags/example_bash_operator.py
[2023-02-08T19:33:26.944+0000] {processor.py:753} INFO - DAG(s) dict_keys(['example_bash_operator']) retrieved from /home/airflow/.local/lib/python3.7/site-packages/airflow/example_dags/example_bash_operator.py
[2023-02-08T19:33:27.081+0000] {logging_mixin.py:137} INFO - [2023-02-08T19:33:27.081+0000] {dag.py:2690} INFO - Sync 1 DAGs
[2023-02-08T19:33:27.141+0000] {logging_mixin.py:137} INFO - [2023-02-08T19:33:27.141+0000] {dag.py:3441} INFO - Setting next_dagrun for example_bash_operator to 2023-02-07T00:00:00+00:00, run_after=2023-02-08T00:00:00+00:00
[2023-02-08T19:33:27.181+0000] {processor.py:175} INFO - Processing /home/airflow/.local/lib/python3.7/site-packages/airflow/example_dags/example_bash_operator.py took 0.306 seconds
[2023-02-08T19:33:57.314+0000] {processor.py:153} INFO - Started process (PID=801) to work on /home/airflow/.local/lib/python3.7/site-packages/airflow/example_dags/example_bash_operator.py
[2023-02-08T19:33:57.315+0000] {processor.py:743} INFO - Processing file /home/airflow/.local/lib/python3.7/site-packages/airflow/example_dags/example_bash_operator.py for tasks to queue
[2023-02-08T19:33:57.317+0000] {logging_mixin.py:137} INFO - [2023-02-08T19:33:57.317+0000] {dagbag.py:538} INFO - Filling up the DagBag from /home/airflow/.local/lib/python3.7/site-packages/airflow/example_dags/example_bash_operator.py
[2023-02-08T19:33:57.340+0000] {processor.py:753} INFO - DAG(s) dict_keys(['example_bash_operator']) retrieved from /home/airflow/.local/lib/python3.7/site-packages/airflow/example_dags/example_bash_operator.py
[2023-02-08T19:33:57.380+0000] {logging_mixin.py:137} INFO - [2023-02-08T19:33:57.379+0000] {dag.py:2690} INFO - Sync 1 DAGs
[2023-02-08T19:33:57.410+0000] {logging_mixin.py:137} INFO - [2023-02-08T19:33:57.410+0000] {dag.py:3441} INFO - Setting next_dagrun for example_bash_operator to 2023-02-07T00:00:00+00:00, run_after=2023-02-08T00:00:00+00:00
[2023-02-08T19:33:57.436+0000] {processor.py:175} INFO - Processing /home/airflow/.local/lib/python3.7/site-packages/airflow/example_dags/example_bash_operator.py took 0.126 seconds
[2023-02-08T19:34:27.534+0000] {processor.py:153} INFO - Started process (PID=865) to work on /home/airflow/.local/lib/python3.7/site-packages/airflow/example_dags/example_bash_operator.py
[2023-02-08T19:34:27.535+0000] {processor.py:743} INFO - Processing file /home/airflow/.local/lib/python3.7/site-packages/airflow/example_dags/example_bash_operator.py for tasks to queue
[2023-02-08T19:34:27.535+0000] {logging_mixin.py:137} INFO - [2023-02-08T19:34:27.535+0000] {dagbag.py:538} INFO - Filling up the DagBag from /home/airflow/.local/lib/python3.7/site-packages/airflow/example_dags/example_bash_operator.py
[2023-02-08T19:34:27.560+0000] {processor.py:753} INFO - DAG(s) dict_keys(['example_bash_operator']) retrieved from /home/airflow/.local/lib/python3.7/site-packages/airflow/example_dags/example_bash_operator.py
[2023-02-08T19:34:27.612+0000] {logging_mixin.py:137} INFO - [2023-02-08T19:34:27.612+0000] {dag.py:2690} INFO - Sync 1 DAGs
[2023-02-08T19:34:27.644+0000] {logging_mixin.py:137} INFO - [2023-02-08T19:34:27.644+0000] {dag.py:3441} INFO - Setting next_dagrun for example_bash_operator to 2023-02-07T00:00:00+00:00, run_after=2023-02-08T00:00:00+00:00
[2023-02-08T19:34:27.670+0000] {processor.py:175} INFO - Processing /home/airflow/.local/lib/python3.7/site-packages/airflow/example_dags/example_bash_operator.py took 0.141 seconds
[2023-02-08T19:34:59.708+0000] {processor.py:153} INFO - Started process (PID=939) to work on /home/airflow/.local/lib/python3.7/site-packages/airflow/example_dags/example_bash_operator.py
[2023-02-08T19:34:59.709+0000] {processor.py:743} INFO - Processing file /home/airflow/.local/lib/python3.7/site-packages/airflow/example_dags/example_bash_operator.py for tasks to queue
[2023-02-08T19:34:59.710+0000] {logging_mixin.py:137} INFO - [2023-02-08T19:34:59.710+0000] {dagbag.py:538} INFO - Filling up the DagBag from /home/airflow/.local/lib/python3.7/site-packages/airflow/example_dags/example_bash_operator.py
[2023-02-08T19:34:59.777+0000] {processor.py:753} INFO - DAG(s) dict_keys(['example_bash_operator']) retrieved from /home/airflow/.local/lib/python3.7/site-packages/airflow/example_dags/example_bash_operator.py
[2023-02-08T19:34:59.838+0000] {logging_mixin.py:137} INFO - [2023-02-08T19:34:59.837+0000] {dag.py:2690} INFO - Sync 1 DAGs
[2023-02-08T19:34:59.880+0000] {logging_mixin.py:137} INFO - [2023-02-08T19:34:59.880+0000] {dag.py:3441} INFO - Setting next_dagrun for example_bash_operator to 2023-02-07T00:00:00+00:00, run_after=2023-02-08T00:00:00+00:00
[2023-02-08T19:34:59.914+0000] {processor.py:175} INFO - Processing /home/airflow/.local/lib/python3.7/site-packages/airflow/example_dags/example_bash_operator.py took 0.212 seconds
[2023-02-08T19:35:30.828+0000] {processor.py:153} INFO - Started process (PID=1006) to work on /home/airflow/.local/lib/python3.7/site-packages/airflow/example_dags/example_bash_operator.py
[2023-02-08T19:35:30.829+0000] {processor.py:743} INFO - Processing file /home/airflow/.local/lib/python3.7/site-packages/airflow/example_dags/example_bash_operator.py for tasks to queue
[2023-02-08T19:35:30.830+0000] {logging_mixin.py:137} INFO - [2023-02-08T19:35:30.830+0000] {dagbag.py:538} INFO - Filling up the DagBag from /home/airflow/.local/lib/python3.7/site-packages/airflow/example_dags/example_bash_operator.py
[2023-02-08T19:35:30.854+0000] {processor.py:753} INFO - DAG(s) dict_keys(['example_bash_operator']) retrieved from /home/airflow/.local/lib/python3.7/site-packages/airflow/example_dags/example_bash_operator.py
[2023-02-08T19:35:30.908+0000] {logging_mixin.py:137} INFO - [2023-02-08T19:35:30.908+0000] {dag.py:2690} INFO - Sync 1 DAGs
[2023-02-08T19:35:30.935+0000] {logging_mixin.py:137} INFO - [2023-02-08T19:35:30.935+0000] {dag.py:3441} INFO - Setting next_dagrun for example_bash_operator to 2023-02-07T00:00:00+00:00, run_after=2023-02-08T00:00:00+00:00
[2023-02-08T19:35:30.965+0000] {processor.py:175} INFO - Processing /home/airflow/.local/lib/python3.7/site-packages/airflow/example_dags/example_bash_operator.py took 0.141 seconds
[2023-02-08T19:36:01.046+0000] {processor.py:153} INFO - Started process (PID=1071) to work on /home/airflow/.local/lib/python3.7/site-packages/airflow/example_dags/example_bash_operator.py
[2023-02-08T19:36:01.047+0000] {processor.py:743} INFO - Processing file /home/airflow/.local/lib/python3.7/site-packages/airflow/example_dags/example_bash_operator.py for tasks to queue
[2023-02-08T19:36:01.048+0000] {logging_mixin.py:137} INFO - [2023-02-08T19:36:01.048+0000] {dagbag.py:538} INFO - Filling up the DagBag from /home/airflow/.local/lib/python3.7/site-packages/airflow/example_dags/example_bash_operator.py
[2023-02-08T19:36:01.087+0000] {processor.py:753} INFO - DAG(s) dict_keys(['example_bash_operator']) retrieved from /home/airflow/.local/lib/python3.7/site-packages/airflow/example_dags/example_bash_operator.py
[2023-02-08T19:36:01.148+0000] {logging_mixin.py:137} INFO - [2023-02-08T19:36:01.147+0000] {dag.py:2690} INFO - Sync 1 DAGs
[2023-02-08T19:36:01.190+0000] {logging_mixin.py:137} INFO - [2023-02-08T19:36:01.190+0000] {dag.py:3441} INFO - Setting next_dagrun for example_bash_operator to 2023-02-07T00:00:00+00:00, run_after=2023-02-08T00:00:00+00:00
[2023-02-08T19:36:01.229+0000] {processor.py:175} INFO - Processing /home/airflow/.local/lib/python3.7/site-packages/airflow/example_dags/example_bash_operator.py took 0.187 seconds
[2023-02-08T19:36:31.842+0000] {processor.py:153} INFO - Started process (PID=1148) to work on /home/airflow/.local/lib/python3.7/site-packages/airflow/example_dags/example_bash_operator.py
[2023-02-08T19:36:31.843+0000] {processor.py:743} INFO - Processing file /home/airflow/.local/lib/python3.7/site-packages/airflow/example_dags/example_bash_operator.py for tasks to queue
[2023-02-08T19:36:31.844+0000] {logging_mixin.py:137} INFO - [2023-02-08T19:36:31.844+0000] {dagbag.py:538} INFO - Filling up the DagBag from /home/airflow/.local/lib/python3.7/site-packages/airflow/example_dags/example_bash_operator.py
[2023-02-08T19:36:31.867+0000] {processor.py:753} INFO - DAG(s) dict_keys(['example_bash_operator']) retrieved from /home/airflow/.local/lib/python3.7/site-packages/airflow/example_dags/example_bash_operator.py
[2023-02-08T19:36:31.905+0000] {logging_mixin.py:137} INFO - [2023-02-08T19:36:31.905+0000] {dag.py:2690} INFO - Sync 1 DAGs
[2023-02-08T19:36:31.934+0000] {logging_mixin.py:137} INFO - [2023-02-08T19:36:31.934+0000] {dag.py:3441} INFO - Setting next_dagrun for example_bash_operator to 2023-02-07T00:00:00+00:00, run_after=2023-02-08T00:00:00+00:00
[2023-02-08T19:36:31.960+0000] {processor.py:175} INFO - Processing /home/airflow/.local/lib/python3.7/site-packages/airflow/example_dags/example_bash_operator.py took 0.122 seconds
[2023-02-08T19:37:02.167+0000] {processor.py:153} INFO - Started process (PID=1214) to work on /home/airflow/.local/lib/python3.7/site-packages/airflow/example_dags/example_bash_operator.py
[2023-02-08T19:37:02.169+0000] {processor.py:743} INFO - Processing file /home/airflow/.local/lib/python3.7/site-packages/airflow/example_dags/example_bash_operator.py for tasks to queue
[2023-02-08T19:37:02.170+0000] {logging_mixin.py:137} INFO - [2023-02-08T19:37:02.169+0000] {dagbag.py:538} INFO - Filling up the DagBag from /home/airflow/.local/lib/python3.7/site-packages/airflow/example_dags/example_bash_operator.py
[2023-02-08T19:37:02.203+0000] {processor.py:753} INFO - DAG(s) dict_keys(['example_bash_operator']) retrieved from /home/airflow/.local/lib/python3.7/site-packages/airflow/example_dags/example_bash_operator.py
[2023-02-08T19:37:02.263+0000] {logging_mixin.py:137} INFO - [2023-02-08T19:37:02.263+0000] {dag.py:2690} INFO - Sync 1 DAGs
[2023-02-08T19:37:02.303+0000] {logging_mixin.py:137} INFO - [2023-02-08T19:37:02.303+0000] {dag.py:3441} INFO - Setting next_dagrun for example_bash_operator to 2023-02-07T00:00:00+00:00, run_after=2023-02-08T00:00:00+00:00
[2023-02-08T19:37:02.344+0000] {processor.py:175} INFO - Processing /home/airflow/.local/lib/python3.7/site-packages/airflow/example_dags/example_bash_operator.py took 0.182 seconds
[2023-02-08T19:37:32.689+0000] {processor.py:153} INFO - Started process (PID=1289) to work on /home/airflow/.local/lib/python3.7/site-packages/airflow/example_dags/example_bash_operator.py
[2023-02-08T19:37:32.691+0000] {processor.py:743} INFO - Processing file /home/airflow/.local/lib/python3.7/site-packages/airflow/example_dags/example_bash_operator.py for tasks to queue
[2023-02-08T19:37:32.693+0000] {logging_mixin.py:137} INFO - [2023-02-08T19:37:32.692+0000] {dagbag.py:538} INFO - Filling up the DagBag from /home/airflow/.local/lib/python3.7/site-packages/airflow/example_dags/example_bash_operator.py
[2023-02-08T19:37:32.730+0000] {processor.py:753} INFO - DAG(s) dict_keys(['example_bash_operator']) retrieved from /home/airflow/.local/lib/python3.7/site-packages/airflow/example_dags/example_bash_operator.py
[2023-02-08T19:37:32.790+0000] {logging_mixin.py:137} INFO - [2023-02-08T19:37:32.790+0000] {dag.py:2690} INFO - Sync 1 DAGs
[2023-02-08T19:37:32.835+0000] {logging_mixin.py:137} INFO - [2023-02-08T19:37:32.834+0000] {dag.py:3441} INFO - Setting next_dagrun for example_bash_operator to 2023-02-07T00:00:00+00:00, run_after=2023-02-08T00:00:00+00:00
[2023-02-08T19:37:32.872+0000] {processor.py:175} INFO - Processing /home/airflow/.local/lib/python3.7/site-packages/airflow/example_dags/example_bash_operator.py took 0.190 seconds
[2023-02-08T19:38:03.654+0000] {processor.py:153} INFO - Started process (PID=1357) to work on /home/airflow/.local/lib/python3.7/site-packages/airflow/example_dags/example_bash_operator.py
[2023-02-08T19:38:03.655+0000] {processor.py:743} INFO - Processing file /home/airflow/.local/lib/python3.7/site-packages/airflow/example_dags/example_bash_operator.py for tasks to queue
[2023-02-08T19:38:03.656+0000] {logging_mixin.py:137} INFO - [2023-02-08T19:38:03.656+0000] {dagbag.py:538} INFO - Filling up the DagBag from /home/airflow/.local/lib/python3.7/site-packages/airflow/example_dags/example_bash_operator.py
[2023-02-08T19:38:03.689+0000] {processor.py:753} INFO - DAG(s) dict_keys(['example_bash_operator']) retrieved from /home/airflow/.local/lib/python3.7/site-packages/airflow/example_dags/example_bash_operator.py
[2023-02-08T19:38:03.747+0000] {logging_mixin.py:137} INFO - [2023-02-08T19:38:03.746+0000] {dag.py:2690} INFO - Sync 1 DAGs
[2023-02-08T19:38:03.790+0000] {logging_mixin.py:137} INFO - [2023-02-08T19:38:03.790+0000] {dag.py:3441} INFO - Setting next_dagrun for example_bash_operator to 2023-02-07T00:00:00+00:00, run_after=2023-02-08T00:00:00+00:00
[2023-02-08T19:38:03.825+0000] {processor.py:175} INFO - Processing /home/airflow/.local/lib/python3.7/site-packages/airflow/example_dags/example_bash_operator.py took 0.178 seconds
[2023-02-08T19:38:33.991+0000] {processor.py:153} INFO - Started process (PID=1423) to work on /home/airflow/.local/lib/python3.7/site-packages/airflow/example_dags/example_bash_operator.py
[2023-02-08T19:38:33.992+0000] {processor.py:743} INFO - Processing file /home/airflow/.local/lib/python3.7/site-packages/airflow/example_dags/example_bash_operator.py for tasks to queue
[2023-02-08T19:38:33.993+0000] {logging_mixin.py:137} INFO - [2023-02-08T19:38:33.993+0000] {dagbag.py:538} INFO - Filling up the DagBag from /home/airflow/.local/lib/python3.7/site-packages/airflow/example_dags/example_bash_operator.py
[2023-02-08T19:38:34.018+0000] {processor.py:753} INFO - DAG(s) dict_keys(['example_bash_operator']) retrieved from /home/airflow/.local/lib/python3.7/site-packages/airflow/example_dags/example_bash_operator.py
[2023-02-08T19:38:34.073+0000] {logging_mixin.py:137} INFO - [2023-02-08T19:38:34.073+0000] {dag.py:2690} INFO - Sync 1 DAGs
[2023-02-08T19:38:34.102+0000] {logging_mixin.py:137} INFO - [2023-02-08T19:38:34.102+0000] {dag.py:3441} INFO - Setting next_dagrun for example_bash_operator to 2023-02-07T00:00:00+00:00, run_after=2023-02-08T00:00:00+00:00
[2023-02-08T19:38:34.134+0000] {processor.py:175} INFO - Processing /home/airflow/.local/lib/python3.7/site-packages/airflow/example_dags/example_bash_operator.py took 0.147 seconds
[2023-02-08T19:39:04.722+0000] {processor.py:153} INFO - Started process (PID=1500) to work on /home/airflow/.local/lib/python3.7/site-packages/airflow/example_dags/example_bash_operator.py
[2023-02-08T19:39:04.723+0000] {processor.py:743} INFO - Processing file /home/airflow/.local/lib/python3.7/site-packages/airflow/example_dags/example_bash_operator.py for tasks to queue
[2023-02-08T19:39:04.724+0000] {logging_mixin.py:137} INFO - [2023-02-08T19:39:04.724+0000] {dagbag.py:538} INFO - Filling up the DagBag from /home/airflow/.local/lib/python3.7/site-packages/airflow/example_dags/example_bash_operator.py
[2023-02-08T19:39:04.758+0000] {processor.py:753} INFO - DAG(s) dict_keys(['example_bash_operator']) retrieved from /home/airflow/.local/lib/python3.7/site-packages/airflow/example_dags/example_bash_operator.py
[2023-02-08T19:39:04.815+0000] {logging_mixin.py:137} INFO - [2023-02-08T19:39:04.815+0000] {dag.py:2690} INFO - Sync 1 DAGs
[2023-02-08T19:39:04.856+0000] {logging_mixin.py:137} INFO - [2023-02-08T19:39:04.856+0000] {dag.py:3441} INFO - Setting next_dagrun for example_bash_operator to 2023-02-07T00:00:00+00:00, run_after=2023-02-08T00:00:00+00:00
[2023-02-08T19:39:04.888+0000] {processor.py:175} INFO - Processing /home/airflow/.local/lib/python3.7/site-packages/airflow/example_dags/example_bash_operator.py took 0.172 seconds
[2023-02-08T19:39:35.151+0000] {processor.py:153} INFO - Started process (PID=1566) to work on /home/airflow/.local/lib/python3.7/site-packages/airflow/example_dags/example_bash_operator.py
[2023-02-08T19:39:35.159+0000] {processor.py:743} INFO - Processing file /home/airflow/.local/lib/python3.7/site-packages/airflow/example_dags/example_bash_operator.py for tasks to queue
[2023-02-08T19:39:35.160+0000] {logging_mixin.py:137} INFO - [2023-02-08T19:39:35.160+0000] {dagbag.py:538} INFO - Filling up the DagBag from /home/airflow/.local/lib/python3.7/site-packages/airflow/example_dags/example_bash_operator.py
[2023-02-08T19:39:35.185+0000] {processor.py:753} INFO - DAG(s) dict_keys(['example_bash_operator']) retrieved from /home/airflow/.local/lib/python3.7/site-packages/airflow/example_dags/example_bash_operator.py
[2023-02-08T19:39:35.222+0000] {logging_mixin.py:137} INFO - [2023-02-08T19:39:35.222+0000] {dag.py:2690} INFO - Sync 1 DAGs
[2023-02-08T19:39:35.249+0000] {logging_mixin.py:137} INFO - [2023-02-08T19:39:35.248+0000] {dag.py:3441} INFO - Setting next_dagrun for example_bash_operator to 2023-02-07T00:00:00+00:00, run_after=2023-02-08T00:00:00+00:00
[2023-02-08T19:39:35.274+0000] {processor.py:175} INFO - Processing /home/airflow/.local/lib/python3.7/site-packages/airflow/example_dags/example_bash_operator.py took 0.126 seconds
[2023-02-08T19:40:05.917+0000] {processor.py:153} INFO - Started process (PID=1640) to work on /home/airflow/.local/lib/python3.7/site-packages/airflow/example_dags/example_bash_operator.py
[2023-02-08T19:40:05.918+0000] {processor.py:743} INFO - Processing file /home/airflow/.local/lib/python3.7/site-packages/airflow/example_dags/example_bash_operator.py for tasks to queue
[2023-02-08T19:40:05.919+0000] {logging_mixin.py:137} INFO - [2023-02-08T19:40:05.919+0000] {dagbag.py:538} INFO - Filling up the DagBag from /home/airflow/.local/lib/python3.7/site-packages/airflow/example_dags/example_bash_operator.py
[2023-02-08T19:40:05.956+0000] {processor.py:753} INFO - DAG(s) dict_keys(['example_bash_operator']) retrieved from /home/airflow/.local/lib/python3.7/site-packages/airflow/example_dags/example_bash_operator.py
[2023-02-08T19:40:06.032+0000] {logging_mixin.py:137} INFO - [2023-02-08T19:40:06.032+0000] {dag.py:2690} INFO - Sync 1 DAGs
[2023-02-08T19:40:06.080+0000] {logging_mixin.py:137} INFO - [2023-02-08T19:40:06.080+0000] {dag.py:3441} INFO - Setting next_dagrun for example_bash_operator to 2023-02-07T00:00:00+00:00, run_after=2023-02-08T00:00:00+00:00
[2023-02-08T19:40:06.130+0000] {processor.py:175} INFO - Processing /home/airflow/.local/lib/python3.7/site-packages/airflow/example_dags/example_bash_operator.py took 0.220 seconds
[2023-02-08T19:40:36.192+0000] {processor.py:153} INFO - Started process (PID=1710) to work on /home/airflow/.local/lib/python3.7/site-packages/airflow/example_dags/example_bash_operator.py
[2023-02-08T19:40:36.193+0000] {processor.py:743} INFO - Processing file /home/airflow/.local/lib/python3.7/site-packages/airflow/example_dags/example_bash_operator.py for tasks to queue
[2023-02-08T19:40:36.193+0000] {logging_mixin.py:137} INFO - [2023-02-08T19:40:36.193+0000] {dagbag.py:538} INFO - Filling up the DagBag from /home/airflow/.local/lib/python3.7/site-packages/airflow/example_dags/example_bash_operator.py
[2023-02-08T19:40:36.217+0000] {processor.py:753} INFO - DAG(s) dict_keys(['example_bash_operator']) retrieved from /home/airflow/.local/lib/python3.7/site-packages/airflow/example_dags/example_bash_operator.py
[2023-02-08T19:40:36.255+0000] {logging_mixin.py:137} INFO - [2023-02-08T19:40:36.255+0000] {dag.py:2690} INFO - Sync 1 DAGs
[2023-02-08T19:40:36.282+0000] {logging_mixin.py:137} INFO - [2023-02-08T19:40:36.281+0000] {dag.py:3441} INFO - Setting next_dagrun for example_bash_operator to 2023-02-07T00:00:00+00:00, run_after=2023-02-08T00:00:00+00:00
[2023-02-08T19:40:36.308+0000] {processor.py:175} INFO - Processing /home/airflow/.local/lib/python3.7/site-packages/airflow/example_dags/example_bash_operator.py took 0.121 seconds
[2023-02-08T19:41:06.416+0000] {processor.py:153} INFO - Started process (PID=1773) to work on /home/airflow/.local/lib/python3.7/site-packages/airflow/example_dags/example_bash_operator.py
[2023-02-08T19:41:06.417+0000] {processor.py:743} INFO - Processing file /home/airflow/.local/lib/python3.7/site-packages/airflow/example_dags/example_bash_operator.py for tasks to queue
[2023-02-08T19:41:06.418+0000] {logging_mixin.py:137} INFO - [2023-02-08T19:41:06.418+0000] {dagbag.py:538} INFO - Filling up the DagBag from /home/airflow/.local/lib/python3.7/site-packages/airflow/example_dags/example_bash_operator.py
[2023-02-08T19:41:06.441+0000] {processor.py:753} INFO - DAG(s) dict_keys(['example_bash_operator']) retrieved from /home/airflow/.local/lib/python3.7/site-packages/airflow/example_dags/example_bash_operator.py
[2023-02-08T19:41:06.476+0000] {logging_mixin.py:137} INFO - [2023-02-08T19:41:06.476+0000] {dag.py:2690} INFO - Sync 1 DAGs
[2023-02-08T19:41:06.502+0000] {logging_mixin.py:137} INFO - [2023-02-08T19:41:06.502+0000] {dag.py:3441} INFO - Setting next_dagrun for example_bash_operator to 2023-02-07T00:00:00+00:00, run_after=2023-02-08T00:00:00+00:00
[2023-02-08T19:41:06.528+0000] {processor.py:175} INFO - Processing /home/airflow/.local/lib/python3.7/site-packages/airflow/example_dags/example_bash_operator.py took 0.115 seconds
[2023-02-08T19:41:37.137+0000] {processor.py:153} INFO - Started process (PID=1850) to work on /home/airflow/.local/lib/python3.7/site-packages/airflow/example_dags/example_bash_operator.py
[2023-02-08T19:41:37.138+0000] {processor.py:743} INFO - Processing file /home/airflow/.local/lib/python3.7/site-packages/airflow/example_dags/example_bash_operator.py for tasks to queue
[2023-02-08T19:41:37.139+0000] {logging_mixin.py:137} INFO - [2023-02-08T19:41:37.139+0000] {dagbag.py:538} INFO - Filling up the DagBag from /home/airflow/.local/lib/python3.7/site-packages/airflow/example_dags/example_bash_operator.py
[2023-02-08T19:41:37.165+0000] {processor.py:753} INFO - DAG(s) dict_keys(['example_bash_operator']) retrieved from /home/airflow/.local/lib/python3.7/site-packages/airflow/example_dags/example_bash_operator.py
[2023-02-08T19:41:37.203+0000] {logging_mixin.py:137} INFO - [2023-02-08T19:41:37.203+0000] {dag.py:2690} INFO - Sync 1 DAGs
[2023-02-08T19:41:37.237+0000] {logging_mixin.py:137} INFO - [2023-02-08T19:41:37.237+0000] {dag.py:3441} INFO - Setting next_dagrun for example_bash_operator to 2023-02-07T00:00:00+00:00, run_after=2023-02-08T00:00:00+00:00
[2023-02-08T19:41:37.269+0000] {processor.py:175} INFO - Processing /home/airflow/.local/lib/python3.7/site-packages/airflow/example_dags/example_bash_operator.py took 0.137 seconds
[2023-02-08T19:42:07.510+0000] {processor.py:153} INFO - Started process (PID=1916) to work on /home/airflow/.local/lib/python3.7/site-packages/airflow/example_dags/example_bash_operator.py
[2023-02-08T19:42:07.511+0000] {processor.py:743} INFO - Processing file /home/airflow/.local/lib/python3.7/site-packages/airflow/example_dags/example_bash_operator.py for tasks to queue
[2023-02-08T19:42:07.512+0000] {logging_mixin.py:137} INFO - [2023-02-08T19:42:07.512+0000] {dagbag.py:538} INFO - Filling up the DagBag from /home/airflow/.local/lib/python3.7/site-packages/airflow/example_dags/example_bash_operator.py
[2023-02-08T19:42:07.535+0000] {processor.py:753} INFO - DAG(s) dict_keys(['example_bash_operator']) retrieved from /home/airflow/.local/lib/python3.7/site-packages/airflow/example_dags/example_bash_operator.py
[2023-02-08T19:42:07.571+0000] {logging_mixin.py:137} INFO - [2023-02-08T19:42:07.571+0000] {dag.py:2690} INFO - Sync 1 DAGs
[2023-02-08T19:42:07.601+0000] {logging_mixin.py:137} INFO - [2023-02-08T19:42:07.600+0000] {dag.py:3441} INFO - Setting next_dagrun for example_bash_operator to 2023-02-07T00:00:00+00:00, run_after=2023-02-08T00:00:00+00:00
[2023-02-08T19:42:07.625+0000] {processor.py:175} INFO - Processing /home/airflow/.local/lib/python3.7/site-packages/airflow/example_dags/example_bash_operator.py took 0.121 seconds
[2023-02-08T19:42:38.580+0000] {processor.py:153} INFO - Started process (PID=1990) to work on /home/airflow/.local/lib/python3.7/site-packages/airflow/example_dags/example_bash_operator.py
[2023-02-08T19:42:38.581+0000] {processor.py:743} INFO - Processing file /home/airflow/.local/lib/python3.7/site-packages/airflow/example_dags/example_bash_operator.py for tasks to queue
[2023-02-08T19:42:38.582+0000] {logging_mixin.py:137} INFO - [2023-02-08T19:42:38.582+0000] {dagbag.py:538} INFO - Filling up the DagBag from /home/airflow/.local/lib/python3.7/site-packages/airflow/example_dags/example_bash_operator.py
[2023-02-08T19:42:38.616+0000] {processor.py:753} INFO - DAG(s) dict_keys(['example_bash_operator']) retrieved from /home/airflow/.local/lib/python3.7/site-packages/airflow/example_dags/example_bash_operator.py
[2023-02-08T19:42:38.675+0000] {logging_mixin.py:137} INFO - [2023-02-08T19:42:38.675+0000] {dag.py:2690} INFO - Sync 1 DAGs
[2023-02-08T19:42:38.723+0000] {logging_mixin.py:137} INFO - [2023-02-08T19:42:38.723+0000] {dag.py:3441} INFO - Setting next_dagrun for example_bash_operator to 2023-02-07T00:00:00+00:00, run_after=2023-02-08T00:00:00+00:00
[2023-02-08T19:42:38.761+0000] {processor.py:175} INFO - Processing /home/airflow/.local/lib/python3.7/site-packages/airflow/example_dags/example_bash_operator.py took 0.185 seconds
[2023-02-08T19:43:09.309+0000] {processor.py:153} INFO - Started process (PID=2059) to work on /home/airflow/.local/lib/python3.7/site-packages/airflow/example_dags/example_bash_operator.py
[2023-02-08T19:43:09.310+0000] {processor.py:743} INFO - Processing file /home/airflow/.local/lib/python3.7/site-packages/airflow/example_dags/example_bash_operator.py for tasks to queue
[2023-02-08T19:43:09.311+0000] {logging_mixin.py:137} INFO - [2023-02-08T19:43:09.311+0000] {dagbag.py:538} INFO - Filling up the DagBag from /home/airflow/.local/lib/python3.7/site-packages/airflow/example_dags/example_bash_operator.py
[2023-02-08T19:43:09.336+0000] {processor.py:753} INFO - DAG(s) dict_keys(['example_bash_operator']) retrieved from /home/airflow/.local/lib/python3.7/site-packages/airflow/example_dags/example_bash_operator.py
[2023-02-08T19:43:09.379+0000] {logging_mixin.py:137} INFO - [2023-02-08T19:43:09.379+0000] {dag.py:2690} INFO - Sync 1 DAGs
[2023-02-08T19:43:09.420+0000] {logging_mixin.py:137} INFO - [2023-02-08T19:43:09.419+0000] {dag.py:3441} INFO - Setting next_dagrun for example_bash_operator to 2023-02-07T00:00:00+00:00, run_after=2023-02-08T00:00:00+00:00
[2023-02-08T19:43:09.448+0000] {processor.py:175} INFO - Processing /home/airflow/.local/lib/python3.7/site-packages/airflow/example_dags/example_bash_operator.py took 0.144 seconds
[2023-02-08T19:43:39.693+0000] {processor.py:153} INFO - Started process (PID=2126) to work on /home/airflow/.local/lib/python3.7/site-packages/airflow/example_dags/example_bash_operator.py
[2023-02-08T19:43:39.694+0000] {processor.py:743} INFO - Processing file /home/airflow/.local/lib/python3.7/site-packages/airflow/example_dags/example_bash_operator.py for tasks to queue
[2023-02-08T19:43:39.695+0000] {logging_mixin.py:137} INFO - [2023-02-08T19:43:39.695+0000] {dagbag.py:538} INFO - Filling up the DagBag from /home/airflow/.local/lib/python3.7/site-packages/airflow/example_dags/example_bash_operator.py
[2023-02-08T19:43:39.732+0000] {processor.py:753} INFO - DAG(s) dict_keys(['example_bash_operator']) retrieved from /home/airflow/.local/lib/python3.7/site-packages/airflow/example_dags/example_bash_operator.py
[2023-02-08T19:43:39.790+0000] {logging_mixin.py:137} INFO - [2023-02-08T19:43:39.790+0000] {dag.py:2690} INFO - Sync 1 DAGs
[2023-02-08T19:43:39.846+0000] {logging_mixin.py:137} INFO - [2023-02-08T19:43:39.846+0000] {dag.py:3441} INFO - Setting next_dagrun for example_bash_operator to 2023-02-07T00:00:00+00:00, run_after=2023-02-08T00:00:00+00:00
[2023-02-08T19:43:39.881+0000] {processor.py:175} INFO - Processing /home/airflow/.local/lib/python3.7/site-packages/airflow/example_dags/example_bash_operator.py took 0.196 seconds
[2023-02-08T19:44:10.585+0000] {processor.py:153} INFO - Started process (PID=2202) to work on /home/airflow/.local/lib/python3.7/site-packages/airflow/example_dags/example_bash_operator.py
[2023-02-08T19:44:10.586+0000] {processor.py:743} INFO - Processing file /home/airflow/.local/lib/python3.7/site-packages/airflow/example_dags/example_bash_operator.py for tasks to queue
[2023-02-08T19:44:10.587+0000] {logging_mixin.py:137} INFO - [2023-02-08T19:44:10.586+0000] {dagbag.py:538} INFO - Filling up the DagBag from /home/airflow/.local/lib/python3.7/site-packages/airflow/example_dags/example_bash_operator.py
[2023-02-08T19:44:10.617+0000] {processor.py:753} INFO - DAG(s) dict_keys(['example_bash_operator']) retrieved from /home/airflow/.local/lib/python3.7/site-packages/airflow/example_dags/example_bash_operator.py
[2023-02-08T19:44:10.673+0000] {logging_mixin.py:137} INFO - [2023-02-08T19:44:10.672+0000] {dag.py:2690} INFO - Sync 1 DAGs
[2023-02-08T19:44:10.707+0000] {logging_mixin.py:137} INFO - [2023-02-08T19:44:10.707+0000] {dag.py:3441} INFO - Setting next_dagrun for example_bash_operator to 2023-02-07T00:00:00+00:00, run_after=2023-02-08T00:00:00+00:00
[2023-02-08T19:44:10.740+0000] {processor.py:175} INFO - Processing /home/airflow/.local/lib/python3.7/site-packages/airflow/example_dags/example_bash_operator.py took 0.159 seconds
[2023-02-08T19:44:41.043+0000] {processor.py:153} INFO - Started process (PID=2269) to work on /home/airflow/.local/lib/python3.7/site-packages/airflow/example_dags/example_bash_operator.py
[2023-02-08T19:44:41.044+0000] {processor.py:743} INFO - Processing file /home/airflow/.local/lib/python3.7/site-packages/airflow/example_dags/example_bash_operator.py for tasks to queue
[2023-02-08T19:44:41.045+0000] {logging_mixin.py:137} INFO - [2023-02-08T19:44:41.044+0000] {dagbag.py:538} INFO - Filling up the DagBag from /home/airflow/.local/lib/python3.7/site-packages/airflow/example_dags/example_bash_operator.py
[2023-02-08T19:44:41.075+0000] {processor.py:753} INFO - DAG(s) dict_keys(['example_bash_operator']) retrieved from /home/airflow/.local/lib/python3.7/site-packages/airflow/example_dags/example_bash_operator.py
[2023-02-08T19:44:41.117+0000] {logging_mixin.py:137} INFO - [2023-02-08T19:44:41.117+0000] {dag.py:2690} INFO - Sync 1 DAGs
[2023-02-08T19:44:41.145+0000] {logging_mixin.py:137} INFO - [2023-02-08T19:44:41.145+0000] {dag.py:3441} INFO - Setting next_dagrun for example_bash_operator to 2023-02-07T00:00:00+00:00, run_after=2023-02-08T00:00:00+00:00
[2023-02-08T19:44:41.177+0000] {processor.py:175} INFO - Processing /home/airflow/.local/lib/python3.7/site-packages/airflow/example_dags/example_bash_operator.py took 0.139 seconds
[2023-02-08T19:45:11.663+0000] {processor.py:153} INFO - Started process (PID=2347) to work on /home/airflow/.local/lib/python3.7/site-packages/airflow/example_dags/example_bash_operator.py
[2023-02-08T19:45:11.665+0000] {processor.py:743} INFO - Processing file /home/airflow/.local/lib/python3.7/site-packages/airflow/example_dags/example_bash_operator.py for tasks to queue
[2023-02-08T19:45:11.666+0000] {logging_mixin.py:137} INFO - [2023-02-08T19:45:11.666+0000] {dagbag.py:538} INFO - Filling up the DagBag from /home/airflow/.local/lib/python3.7/site-packages/airflow/example_dags/example_bash_operator.py
[2023-02-08T19:45:11.701+0000] {processor.py:753} INFO - DAG(s) dict_keys(['example_bash_operator']) retrieved from /home/airflow/.local/lib/python3.7/site-packages/airflow/example_dags/example_bash_operator.py
[2023-02-08T19:45:11.758+0000] {logging_mixin.py:137} INFO - [2023-02-08T19:45:11.758+0000] {dag.py:2690} INFO - Sync 1 DAGs
[2023-02-08T19:45:11.805+0000] {logging_mixin.py:137} INFO - [2023-02-08T19:45:11.805+0000] {dag.py:3441} INFO - Setting next_dagrun for example_bash_operator to 2023-02-07T00:00:00+00:00, run_after=2023-02-08T00:00:00+00:00
[2023-02-08T19:45:11.840+0000] {processor.py:175} INFO - Processing /home/airflow/.local/lib/python3.7/site-packages/airflow/example_dags/example_bash_operator.py took 0.182 seconds
[2023-02-08T19:45:42.512+0000] {processor.py:153} INFO - Started process (PID=2412) to work on /home/airflow/.local/lib/python3.7/site-packages/airflow/example_dags/example_bash_operator.py
[2023-02-08T19:45:42.513+0000] {processor.py:743} INFO - Processing file /home/airflow/.local/lib/python3.7/site-packages/airflow/example_dags/example_bash_operator.py for tasks to queue
[2023-02-08T19:45:42.514+0000] {logging_mixin.py:137} INFO - [2023-02-08T19:45:42.514+0000] {dagbag.py:538} INFO - Filling up the DagBag from /home/airflow/.local/lib/python3.7/site-packages/airflow/example_dags/example_bash_operator.py
[2023-02-08T19:45:42.539+0000] {processor.py:753} INFO - DAG(s) dict_keys(['example_bash_operator']) retrieved from /home/airflow/.local/lib/python3.7/site-packages/airflow/example_dags/example_bash_operator.py
[2023-02-08T19:45:42.577+0000] {logging_mixin.py:137} INFO - [2023-02-08T19:45:42.577+0000] {dag.py:2690} INFO - Sync 1 DAGs
[2023-02-08T19:45:42.623+0000] {logging_mixin.py:137} INFO - [2023-02-08T19:45:42.623+0000] {dag.py:3441} INFO - Setting next_dagrun for example_bash_operator to 2023-02-07T00:00:00+00:00, run_after=2023-02-08T00:00:00+00:00
[2023-02-08T19:45:42.654+0000] {processor.py:175} INFO - Processing /home/airflow/.local/lib/python3.7/site-packages/airflow/example_dags/example_bash_operator.py took 0.146 seconds
[2023-02-08T19:46:12.751+0000] {processor.py:153} INFO - Started process (PID=2476) to work on /home/airflow/.local/lib/python3.7/site-packages/airflow/example_dags/example_bash_operator.py
[2023-02-08T19:46:12.753+0000] {processor.py:743} INFO - Processing file /home/airflow/.local/lib/python3.7/site-packages/airflow/example_dags/example_bash_operator.py for tasks to queue
[2023-02-08T19:46:12.754+0000] {logging_mixin.py:137} INFO - [2023-02-08T19:46:12.753+0000] {dagbag.py:538} INFO - Filling up the DagBag from /home/airflow/.local/lib/python3.7/site-packages/airflow/example_dags/example_bash_operator.py
[2023-02-08T19:46:12.788+0000] {processor.py:753} INFO - DAG(s) dict_keys(['example_bash_operator']) retrieved from /home/airflow/.local/lib/python3.7/site-packages/airflow/example_dags/example_bash_operator.py
[2023-02-08T19:46:12.830+0000] {logging_mixin.py:137} INFO - [2023-02-08T19:46:12.830+0000] {dag.py:2690} INFO - Sync 1 DAGs
[2023-02-08T19:46:12.856+0000] {logging_mixin.py:137} INFO - [2023-02-08T19:46:12.856+0000] {dag.py:3441} INFO - Setting next_dagrun for example_bash_operator to 2023-02-07T00:00:00+00:00, run_after=2023-02-08T00:00:00+00:00
[2023-02-08T19:46:12.882+0000] {processor.py:175} INFO - Processing /home/airflow/.local/lib/python3.7/site-packages/airflow/example_dags/example_bash_operator.py took 0.136 seconds
[2023-02-08T19:46:43.681+0000] {processor.py:153} INFO - Started process (PID=2554) to work on /home/airflow/.local/lib/python3.7/site-packages/airflow/example_dags/example_bash_operator.py
[2023-02-08T19:46:43.682+0000] {processor.py:743} INFO - Processing file /home/airflow/.local/lib/python3.7/site-packages/airflow/example_dags/example_bash_operator.py for tasks to queue
[2023-02-08T19:46:43.684+0000] {logging_mixin.py:137} INFO - [2023-02-08T19:46:43.684+0000] {dagbag.py:538} INFO - Filling up the DagBag from /home/airflow/.local/lib/python3.7/site-packages/airflow/example_dags/example_bash_operator.py
[2023-02-08T19:46:43.711+0000] {processor.py:753} INFO - DAG(s) dict_keys(['example_bash_operator']) retrieved from /home/airflow/.local/lib/python3.7/site-packages/airflow/example_dags/example_bash_operator.py
[2023-02-08T19:46:43.763+0000] {logging_mixin.py:137} INFO - [2023-02-08T19:46:43.763+0000] {dag.py:2690} INFO - Sync 1 DAGs
[2023-02-08T19:46:43.790+0000] {logging_mixin.py:137} INFO - [2023-02-08T19:46:43.790+0000] {dag.py:3441} INFO - Setting next_dagrun for example_bash_operator to 2023-02-07T00:00:00+00:00, run_after=2023-02-08T00:00:00+00:00
[2023-02-08T19:46:43.816+0000] {processor.py:175} INFO - Processing /home/airflow/.local/lib/python3.7/site-packages/airflow/example_dags/example_bash_operator.py took 0.140 seconds
[2023-02-08T19:47:13.858+0000] {processor.py:153} INFO - Started process (PID=2619) to work on /home/airflow/.local/lib/python3.7/site-packages/airflow/example_dags/example_bash_operator.py
[2023-02-08T19:47:13.859+0000] {processor.py:743} INFO - Processing file /home/airflow/.local/lib/python3.7/site-packages/airflow/example_dags/example_bash_operator.py for tasks to queue
[2023-02-08T19:47:13.860+0000] {logging_mixin.py:137} INFO - [2023-02-08T19:47:13.860+0000] {dagbag.py:538} INFO - Filling up the DagBag from /home/airflow/.local/lib/python3.7/site-packages/airflow/example_dags/example_bash_operator.py
[2023-02-08T19:47:13.884+0000] {processor.py:753} INFO - DAG(s) dict_keys(['example_bash_operator']) retrieved from /home/airflow/.local/lib/python3.7/site-packages/airflow/example_dags/example_bash_operator.py
[2023-02-08T19:47:13.921+0000] {logging_mixin.py:137} INFO - [2023-02-08T19:47:13.921+0000] {dag.py:2690} INFO - Sync 1 DAGs
[2023-02-08T19:47:13.949+0000] {logging_mixin.py:137} INFO - [2023-02-08T19:47:13.949+0000] {dag.py:3441} INFO - Setting next_dagrun for example_bash_operator to 2023-02-07T00:00:00+00:00, run_after=2023-02-08T00:00:00+00:00
[2023-02-08T19:47:13.974+0000] {processor.py:175} INFO - Processing /home/airflow/.local/lib/python3.7/site-packages/airflow/example_dags/example_bash_operator.py took 0.120 seconds
[2023-02-08T19:47:44.514+0000] {processor.py:153} INFO - Started process (PID=2697) to work on /home/airflow/.local/lib/python3.7/site-packages/airflow/example_dags/example_bash_operator.py
[2023-02-08T19:47:44.515+0000] {processor.py:743} INFO - Processing file /home/airflow/.local/lib/python3.7/site-packages/airflow/example_dags/example_bash_operator.py for tasks to queue
[2023-02-08T19:47:44.516+0000] {logging_mixin.py:137} INFO - [2023-02-08T19:47:44.516+0000] {dagbag.py:538} INFO - Filling up the DagBag from /home/airflow/.local/lib/python3.7/site-packages/airflow/example_dags/example_bash_operator.py
[2023-02-08T19:47:44.550+0000] {processor.py:753} INFO - DAG(s) dict_keys(['example_bash_operator']) retrieved from /home/airflow/.local/lib/python3.7/site-packages/airflow/example_dags/example_bash_operator.py
[2023-02-08T19:47:44.617+0000] {logging_mixin.py:137} INFO - [2023-02-08T19:47:44.617+0000] {dag.py:2690} INFO - Sync 1 DAGs
[2023-02-08T19:47:44.664+0000] {logging_mixin.py:137} INFO - [2023-02-08T19:47:44.664+0000] {dag.py:3441} INFO - Setting next_dagrun for example_bash_operator to 2023-02-07T00:00:00+00:00, run_after=2023-02-08T00:00:00+00:00
[2023-02-08T19:47:44.699+0000] {processor.py:175} INFO - Processing /home/airflow/.local/lib/python3.7/site-packages/airflow/example_dags/example_bash_operator.py took 0.198 seconds
[2023-02-08T19:48:14.955+0000] {processor.py:153} INFO - Started process (PID=2762) to work on /home/airflow/.local/lib/python3.7/site-packages/airflow/example_dags/example_bash_operator.py
[2023-02-08T19:48:14.956+0000] {processor.py:743} INFO - Processing file /home/airflow/.local/lib/python3.7/site-packages/airflow/example_dags/example_bash_operator.py for tasks to queue
[2023-02-08T19:48:14.957+0000] {logging_mixin.py:137} INFO - [2023-02-08T19:48:14.957+0000] {dagbag.py:538} INFO - Filling up the DagBag from /home/airflow/.local/lib/python3.7/site-packages/airflow/example_dags/example_bash_operator.py
[2023-02-08T19:48:14.985+0000] {processor.py:753} INFO - DAG(s) dict_keys(['example_bash_operator']) retrieved from /home/airflow/.local/lib/python3.7/site-packages/airflow/example_dags/example_bash_operator.py
[2023-02-08T19:48:15.031+0000] {logging_mixin.py:137} INFO - [2023-02-08T19:48:15.030+0000] {dag.py:2690} INFO - Sync 1 DAGs
[2023-02-08T19:48:15.058+0000] {logging_mixin.py:137} INFO - [2023-02-08T19:48:15.058+0000] {dag.py:3441} INFO - Setting next_dagrun for example_bash_operator to 2023-02-07T00:00:00+00:00, run_after=2023-02-08T00:00:00+00:00
[2023-02-08T19:48:15.084+0000] {processor.py:175} INFO - Processing /home/airflow/.local/lib/python3.7/site-packages/airflow/example_dags/example_bash_operator.py took 0.133 seconds
[2023-02-08T19:48:45.167+0000] {processor.py:153} INFO - Started process (PID=2827) to work on /home/airflow/.local/lib/python3.7/site-packages/airflow/example_dags/example_bash_operator.py
[2023-02-08T19:48:45.168+0000] {processor.py:743} INFO - Processing file /home/airflow/.local/lib/python3.7/site-packages/airflow/example_dags/example_bash_operator.py for tasks to queue
[2023-02-08T19:48:45.169+0000] {logging_mixin.py:137} INFO - [2023-02-08T19:48:45.169+0000] {dagbag.py:538} INFO - Filling up the DagBag from /home/airflow/.local/lib/python3.7/site-packages/airflow/example_dags/example_bash_operator.py
[2023-02-08T19:48:45.204+0000] {processor.py:753} INFO - DAG(s) dict_keys(['example_bash_operator']) retrieved from /home/airflow/.local/lib/python3.7/site-packages/airflow/example_dags/example_bash_operator.py
[2023-02-08T19:48:45.262+0000] {logging_mixin.py:137} INFO - [2023-02-08T19:48:45.262+0000] {dag.py:2690} INFO - Sync 1 DAGs
[2023-02-08T19:48:45.298+0000] {logging_mixin.py:137} INFO - [2023-02-08T19:48:45.298+0000] {dag.py:3441} INFO - Setting next_dagrun for example_bash_operator to 2023-02-07T00:00:00+00:00, run_after=2023-02-08T00:00:00+00:00
[2023-02-08T19:48:45.326+0000] {processor.py:175} INFO - Processing /home/airflow/.local/lib/python3.7/site-packages/airflow/example_dags/example_bash_operator.py took 0.164 seconds
[2023-02-08T19:49:15.489+0000] {processor.py:153} INFO - Started process (PID=2905) to work on /home/airflow/.local/lib/python3.7/site-packages/airflow/example_dags/example_bash_operator.py
[2023-02-08T19:49:15.490+0000] {processor.py:743} INFO - Processing file /home/airflow/.local/lib/python3.7/site-packages/airflow/example_dags/example_bash_operator.py for tasks to queue
[2023-02-08T19:49:15.491+0000] {logging_mixin.py:137} INFO - [2023-02-08T19:49:15.491+0000] {dagbag.py:538} INFO - Filling up the DagBag from /home/airflow/.local/lib/python3.7/site-packages/airflow/example_dags/example_bash_operator.py
[2023-02-08T19:49:15.514+0000] {processor.py:753} INFO - DAG(s) dict_keys(['example_bash_operator']) retrieved from /home/airflow/.local/lib/python3.7/site-packages/airflow/example_dags/example_bash_operator.py
[2023-02-08T19:49:15.553+0000] {logging_mixin.py:137} INFO - [2023-02-08T19:49:15.553+0000] {dag.py:2690} INFO - Sync 1 DAGs
[2023-02-08T19:49:15.586+0000] {logging_mixin.py:137} INFO - [2023-02-08T19:49:15.586+0000] {dag.py:3441} INFO - Setting next_dagrun for example_bash_operator to 2023-02-07T00:00:00+00:00, run_after=2023-02-08T00:00:00+00:00
[2023-02-08T19:49:15.616+0000] {processor.py:175} INFO - Processing /home/airflow/.local/lib/python3.7/site-packages/airflow/example_dags/example_bash_operator.py took 0.131 seconds
[2023-02-08T19:49:46.217+0000] {processor.py:153} INFO - Started process (PID=2970) to work on /home/airflow/.local/lib/python3.7/site-packages/airflow/example_dags/example_bash_operator.py
[2023-02-08T19:49:46.218+0000] {processor.py:743} INFO - Processing file /home/airflow/.local/lib/python3.7/site-packages/airflow/example_dags/example_bash_operator.py for tasks to queue
[2023-02-08T19:49:46.219+0000] {logging_mixin.py:137} INFO - [2023-02-08T19:49:46.219+0000] {dagbag.py:538} INFO - Filling up the DagBag from /home/airflow/.local/lib/python3.7/site-packages/airflow/example_dags/example_bash_operator.py
[2023-02-08T19:49:46.244+0000] {processor.py:753} INFO - DAG(s) dict_keys(['example_bash_operator']) retrieved from /home/airflow/.local/lib/python3.7/site-packages/airflow/example_dags/example_bash_operator.py
[2023-02-08T19:49:46.284+0000] {logging_mixin.py:137} INFO - [2023-02-08T19:49:46.283+0000] {dag.py:2690} INFO - Sync 1 DAGs
[2023-02-08T19:49:46.311+0000] {logging_mixin.py:137} INFO - [2023-02-08T19:49:46.311+0000] {dag.py:3441} INFO - Setting next_dagrun for example_bash_operator to 2023-02-07T00:00:00+00:00, run_after=2023-02-08T00:00:00+00:00
[2023-02-08T19:49:46.344+0000] {processor.py:175} INFO - Processing /home/airflow/.local/lib/python3.7/site-packages/airflow/example_dags/example_bash_operator.py took 0.132 seconds
[2023-02-08T19:50:16.891+0000] {processor.py:153} INFO - Started process (PID=3043) to work on /home/airflow/.local/lib/python3.7/site-packages/airflow/example_dags/example_bash_operator.py
[2023-02-08T19:50:16.892+0000] {processor.py:743} INFO - Processing file /home/airflow/.local/lib/python3.7/site-packages/airflow/example_dags/example_bash_operator.py for tasks to queue
[2023-02-08T19:50:16.893+0000] {logging_mixin.py:137} INFO - [2023-02-08T19:50:16.893+0000] {dagbag.py:538} INFO - Filling up the DagBag from /home/airflow/.local/lib/python3.7/site-packages/airflow/example_dags/example_bash_operator.py
[2023-02-08T19:50:16.931+0000] {processor.py:753} INFO - DAG(s) dict_keys(['example_bash_operator']) retrieved from /home/airflow/.local/lib/python3.7/site-packages/airflow/example_dags/example_bash_operator.py
[2023-02-08T19:50:16.984+0000] {logging_mixin.py:137} INFO - [2023-02-08T19:50:16.984+0000] {dag.py:2690} INFO - Sync 1 DAGs
[2023-02-08T19:50:17.029+0000] {logging_mixin.py:137} INFO - [2023-02-08T19:50:17.028+0000] {dag.py:3441} INFO - Setting next_dagrun for example_bash_operator to 2023-02-07T00:00:00+00:00, run_after=2023-02-08T00:00:00+00:00
[2023-02-08T19:50:17.067+0000] {processor.py:175} INFO - Processing /home/airflow/.local/lib/python3.7/site-packages/airflow/example_dags/example_bash_operator.py took 0.181 seconds
[2023-02-08T19:50:48.074+0000] {processor.py:153} INFO - Started process (PID=3111) to work on /home/airflow/.local/lib/python3.7/site-packages/airflow/example_dags/example_bash_operator.py
[2023-02-08T19:50:48.075+0000] {processor.py:743} INFO - Processing file /home/airflow/.local/lib/python3.7/site-packages/airflow/example_dags/example_bash_operator.py for tasks to queue
[2023-02-08T19:50:48.076+0000] {logging_mixin.py:137} INFO - [2023-02-08T19:50:48.076+0000] {dagbag.py:538} INFO - Filling up the DagBag from /home/airflow/.local/lib/python3.7/site-packages/airflow/example_dags/example_bash_operator.py
[2023-02-08T19:50:48.113+0000] {processor.py:753} INFO - DAG(s) dict_keys(['example_bash_operator']) retrieved from /home/airflow/.local/lib/python3.7/site-packages/airflow/example_dags/example_bash_operator.py
[2023-02-08T19:50:48.157+0000] {logging_mixin.py:137} INFO - [2023-02-08T19:50:48.157+0000] {dag.py:2690} INFO - Sync 1 DAGs
[2023-02-08T19:50:48.189+0000] {logging_mixin.py:137} INFO - [2023-02-08T19:50:48.189+0000] {dag.py:3441} INFO - Setting next_dagrun for example_bash_operator to 2023-02-07T00:00:00+00:00, run_after=2023-02-08T00:00:00+00:00
[2023-02-08T19:50:48.215+0000] {processor.py:175} INFO - Processing /home/airflow/.local/lib/python3.7/site-packages/airflow/example_dags/example_bash_operator.py took 0.147 seconds
[2023-02-08T19:51:18.898+0000] {processor.py:153} INFO - Started process (PID=3177) to work on /home/airflow/.local/lib/python3.7/site-packages/airflow/example_dags/example_bash_operator.py
[2023-02-08T19:51:18.906+0000] {processor.py:743} INFO - Processing file /home/airflow/.local/lib/python3.7/site-packages/airflow/example_dags/example_bash_operator.py for tasks to queue
[2023-02-08T19:51:18.907+0000] {logging_mixin.py:137} INFO - [2023-02-08T19:51:18.907+0000] {dagbag.py:538} INFO - Filling up the DagBag from /home/airflow/.local/lib/python3.7/site-packages/airflow/example_dags/example_bash_operator.py
[2023-02-08T19:51:18.937+0000] {processor.py:753} INFO - DAG(s) dict_keys(['example_bash_operator']) retrieved from /home/airflow/.local/lib/python3.7/site-packages/airflow/example_dags/example_bash_operator.py
[2023-02-08T19:51:18.984+0000] {logging_mixin.py:137} INFO - [2023-02-08T19:51:18.984+0000] {dag.py:2690} INFO - Sync 1 DAGs
[2023-02-08T19:51:19.013+0000] {logging_mixin.py:137} INFO - [2023-02-08T19:51:19.013+0000] {dag.py:3441} INFO - Setting next_dagrun for example_bash_operator to 2023-02-07T00:00:00+00:00, run_after=2023-02-08T00:00:00+00:00
[2023-02-08T19:51:19.039+0000] {processor.py:175} INFO - Processing /home/airflow/.local/lib/python3.7/site-packages/airflow/example_dags/example_bash_operator.py took 0.149 seconds
[2023-02-08T19:51:49.824+0000] {processor.py:153} INFO - Started process (PID=3256) to work on /home/airflow/.local/lib/python3.7/site-packages/airflow/example_dags/example_bash_operator.py
[2023-02-08T19:51:49.825+0000] {processor.py:743} INFO - Processing file /home/airflow/.local/lib/python3.7/site-packages/airflow/example_dags/example_bash_operator.py for tasks to queue
[2023-02-08T19:51:49.826+0000] {logging_mixin.py:137} INFO - [2023-02-08T19:51:49.826+0000] {dagbag.py:538} INFO - Filling up the DagBag from /home/airflow/.local/lib/python3.7/site-packages/airflow/example_dags/example_bash_operator.py
[2023-02-08T19:51:49.861+0000] {processor.py:753} INFO - DAG(s) dict_keys(['example_bash_operator']) retrieved from /home/airflow/.local/lib/python3.7/site-packages/airflow/example_dags/example_bash_operator.py
[2023-02-08T19:51:49.919+0000] {logging_mixin.py:137} INFO - [2023-02-08T19:51:49.919+0000] {dag.py:2690} INFO - Sync 1 DAGs
[2023-02-08T19:51:49.957+0000] {logging_mixin.py:137} INFO - [2023-02-08T19:51:49.957+0000] {dag.py:3441} INFO - Setting next_dagrun for example_bash_operator to 2023-02-07T00:00:00+00:00, run_after=2023-02-08T00:00:00+00:00
[2023-02-08T19:51:49.988+0000] {processor.py:175} INFO - Processing /home/airflow/.local/lib/python3.7/site-packages/airflow/example_dags/example_bash_operator.py took 0.169 seconds
[2023-02-08T19:52:20.528+0000] {processor.py:153} INFO - Started process (PID=3321) to work on /home/airflow/.local/lib/python3.7/site-packages/airflow/example_dags/example_bash_operator.py
[2023-02-08T19:52:20.529+0000] {processor.py:743} INFO - Processing file /home/airflow/.local/lib/python3.7/site-packages/airflow/example_dags/example_bash_operator.py for tasks to queue
[2023-02-08T19:52:20.530+0000] {logging_mixin.py:137} INFO - [2023-02-08T19:52:20.530+0000] {dagbag.py:538} INFO - Filling up the DagBag from /home/airflow/.local/lib/python3.7/site-packages/airflow/example_dags/example_bash_operator.py
[2023-02-08T19:52:20.555+0000] {processor.py:753} INFO - DAG(s) dict_keys(['example_bash_operator']) retrieved from /home/airflow/.local/lib/python3.7/site-packages/airflow/example_dags/example_bash_operator.py
[2023-02-08T19:52:20.599+0000] {logging_mixin.py:137} INFO - [2023-02-08T19:52:20.599+0000] {dag.py:2690} INFO - Sync 1 DAGs
[2023-02-08T19:52:20.628+0000] {logging_mixin.py:137} INFO - [2023-02-08T19:52:20.628+0000] {dag.py:3441} INFO - Setting next_dagrun for example_bash_operator to 2023-02-07T00:00:00+00:00, run_after=2023-02-08T00:00:00+00:00
[2023-02-08T19:52:20.655+0000] {processor.py:175} INFO - Processing /home/airflow/.local/lib/python3.7/site-packages/airflow/example_dags/example_bash_operator.py took 0.133 seconds
[2023-02-08T19:52:50.851+0000] {processor.py:153} INFO - Started process (PID=3400) to work on /home/airflow/.local/lib/python3.7/site-packages/airflow/example_dags/example_bash_operator.py
[2023-02-08T19:52:50.853+0000] {processor.py:743} INFO - Processing file /home/airflow/.local/lib/python3.7/site-packages/airflow/example_dags/example_bash_operator.py for tasks to queue
[2023-02-08T19:52:50.854+0000] {logging_mixin.py:137} INFO - [2023-02-08T19:52:50.854+0000] {dagbag.py:538} INFO - Filling up the DagBag from /home/airflow/.local/lib/python3.7/site-packages/airflow/example_dags/example_bash_operator.py
[2023-02-08T19:52:50.880+0000] {processor.py:753} INFO - DAG(s) dict_keys(['example_bash_operator']) retrieved from /home/airflow/.local/lib/python3.7/site-packages/airflow/example_dags/example_bash_operator.py
[2023-02-08T19:52:50.922+0000] {logging_mixin.py:137} INFO - [2023-02-08T19:52:50.922+0000] {dag.py:2690} INFO - Sync 1 DAGs
[2023-02-08T19:52:50.952+0000] {logging_mixin.py:137} INFO - [2023-02-08T19:52:50.952+0000] {dag.py:3441} INFO - Setting next_dagrun for example_bash_operator to 2023-02-07T00:00:00+00:00, run_after=2023-02-08T00:00:00+00:00
[2023-02-08T19:52:50.983+0000] {processor.py:175} INFO - Processing /home/airflow/.local/lib/python3.7/site-packages/airflow/example_dags/example_bash_operator.py took 0.137 seconds
[2023-02-08T19:53:21.129+0000] {processor.py:153} INFO - Started process (PID=3466) to work on /home/airflow/.local/lib/python3.7/site-packages/airflow/example_dags/example_bash_operator.py
[2023-02-08T19:53:21.130+0000] {processor.py:743} INFO - Processing file /home/airflow/.local/lib/python3.7/site-packages/airflow/example_dags/example_bash_operator.py for tasks to queue
[2023-02-08T19:53:21.131+0000] {logging_mixin.py:137} INFO - [2023-02-08T19:53:21.131+0000] {dagbag.py:538} INFO - Filling up the DagBag from /home/airflow/.local/lib/python3.7/site-packages/airflow/example_dags/example_bash_operator.py
[2023-02-08T19:53:21.157+0000] {processor.py:753} INFO - DAG(s) dict_keys(['example_bash_operator']) retrieved from /home/airflow/.local/lib/python3.7/site-packages/airflow/example_dags/example_bash_operator.py
[2023-02-08T19:53:21.212+0000] {logging_mixin.py:137} INFO - [2023-02-08T19:53:21.212+0000] {dag.py:2690} INFO - Sync 1 DAGs
[2023-02-08T19:53:21.253+0000] {logging_mixin.py:137} INFO - [2023-02-08T19:53:21.253+0000] {dag.py:3441} INFO - Setting next_dagrun for example_bash_operator to 2023-02-07T00:00:00+00:00, run_after=2023-02-08T00:00:00+00:00
[2023-02-08T19:53:21.284+0000] {processor.py:175} INFO - Processing /home/airflow/.local/lib/python3.7/site-packages/airflow/example_dags/example_bash_operator.py took 0.159 seconds
[2023-02-08T19:53:51.781+0000] {processor.py:153} INFO - Started process (PID=3530) to work on /home/airflow/.local/lib/python3.7/site-packages/airflow/example_dags/example_bash_operator.py
[2023-02-08T19:53:51.782+0000] {processor.py:743} INFO - Processing file /home/airflow/.local/lib/python3.7/site-packages/airflow/example_dags/example_bash_operator.py for tasks to queue
[2023-02-08T19:53:51.783+0000] {logging_mixin.py:137} INFO - [2023-02-08T19:53:51.783+0000] {dagbag.py:538} INFO - Filling up the DagBag from /home/airflow/.local/lib/python3.7/site-packages/airflow/example_dags/example_bash_operator.py
[2023-02-08T19:53:51.813+0000] {processor.py:753} INFO - DAG(s) dict_keys(['example_bash_operator']) retrieved from /home/airflow/.local/lib/python3.7/site-packages/airflow/example_dags/example_bash_operator.py
[2023-02-08T19:53:51.860+0000] {logging_mixin.py:137} INFO - [2023-02-08T19:53:51.860+0000] {dag.py:2690} INFO - Sync 1 DAGs
[2023-02-08T19:53:51.894+0000] {logging_mixin.py:137} INFO - [2023-02-08T19:53:51.893+0000] {dag.py:3441} INFO - Setting next_dagrun for example_bash_operator to 2023-02-07T00:00:00+00:00, run_after=2023-02-08T00:00:00+00:00
[2023-02-08T19:53:51.929+0000] {processor.py:175} INFO - Processing /home/airflow/.local/lib/python3.7/site-packages/airflow/example_dags/example_bash_operator.py took 0.156 seconds
[2023-02-08T19:54:22.288+0000] {processor.py:153} INFO - Started process (PID=3608) to work on /home/airflow/.local/lib/python3.7/site-packages/airflow/example_dags/example_bash_operator.py
[2023-02-08T19:54:22.290+0000] {processor.py:743} INFO - Processing file /home/airflow/.local/lib/python3.7/site-packages/airflow/example_dags/example_bash_operator.py for tasks to queue
[2023-02-08T19:54:22.290+0000] {logging_mixin.py:137} INFO - [2023-02-08T19:54:22.290+0000] {dagbag.py:538} INFO - Filling up the DagBag from /home/airflow/.local/lib/python3.7/site-packages/airflow/example_dags/example_bash_operator.py
[2023-02-08T19:54:22.317+0000] {processor.py:753} INFO - DAG(s) dict_keys(['example_bash_operator']) retrieved from /home/airflow/.local/lib/python3.7/site-packages/airflow/example_dags/example_bash_operator.py
[2023-02-08T19:54:22.366+0000] {logging_mixin.py:137} INFO - [2023-02-08T19:54:22.366+0000] {dag.py:2690} INFO - Sync 1 DAGs
[2023-02-08T19:54:22.409+0000] {logging_mixin.py:137} INFO - [2023-02-08T19:54:22.409+0000] {dag.py:3441} INFO - Setting next_dagrun for example_bash_operator to 2023-02-07T00:00:00+00:00, run_after=2023-02-08T00:00:00+00:00
[2023-02-08T19:54:22.443+0000] {processor.py:175} INFO - Processing /home/airflow/.local/lib/python3.7/site-packages/airflow/example_dags/example_bash_operator.py took 0.160 seconds
[2023-02-08T19:54:52.948+0000] {processor.py:153} INFO - Started process (PID=3673) to work on /home/airflow/.local/lib/python3.7/site-packages/airflow/example_dags/example_bash_operator.py
[2023-02-08T19:54:52.950+0000] {processor.py:743} INFO - Processing file /home/airflow/.local/lib/python3.7/site-packages/airflow/example_dags/example_bash_operator.py for tasks to queue
[2023-02-08T19:54:52.951+0000] {logging_mixin.py:137} INFO - [2023-02-08T19:54:52.950+0000] {dagbag.py:538} INFO - Filling up the DagBag from /home/airflow/.local/lib/python3.7/site-packages/airflow/example_dags/example_bash_operator.py
[2023-02-08T19:54:52.985+0000] {processor.py:753} INFO - DAG(s) dict_keys(['example_bash_operator']) retrieved from /home/airflow/.local/lib/python3.7/site-packages/airflow/example_dags/example_bash_operator.py
[2023-02-08T19:54:53.028+0000] {logging_mixin.py:137} INFO - [2023-02-08T19:54:53.028+0000] {dag.py:2690} INFO - Sync 1 DAGs
[2023-02-08T19:54:53.058+0000] {logging_mixin.py:137} INFO - [2023-02-08T19:54:53.058+0000] {dag.py:3441} INFO - Setting next_dagrun for example_bash_operator to 2023-02-07T00:00:00+00:00, run_after=2023-02-08T00:00:00+00:00
[2023-02-08T19:54:53.088+0000] {processor.py:175} INFO - Processing /home/airflow/.local/lib/python3.7/site-packages/airflow/example_dags/example_bash_operator.py took 0.145 seconds
[2023-02-08T19:55:23.762+0000] {processor.py:153} INFO - Started process (PID=3744) to work on /home/airflow/.local/lib/python3.7/site-packages/airflow/example_dags/example_bash_operator.py
[2023-02-08T19:55:23.773+0000] {processor.py:743} INFO - Processing file /home/airflow/.local/lib/python3.7/site-packages/airflow/example_dags/example_bash_operator.py for tasks to queue
[2023-02-08T19:55:23.774+0000] {logging_mixin.py:137} INFO - [2023-02-08T19:55:23.774+0000] {dagbag.py:538} INFO - Filling up the DagBag from /home/airflow/.local/lib/python3.7/site-packages/airflow/example_dags/example_bash_operator.py
[2023-02-08T19:55:23.893+0000] {processor.py:753} INFO - DAG(s) dict_keys(['example_bash_operator']) retrieved from /home/airflow/.local/lib/python3.7/site-packages/airflow/example_dags/example_bash_operator.py
[2023-02-08T19:55:24.106+0000] {logging_mixin.py:137} INFO - [2023-02-08T19:55:24.106+0000] {dag.py:2690} INFO - Sync 1 DAGs
[2023-02-08T19:55:24.226+0000] {logging_mixin.py:137} INFO - [2023-02-08T19:55:24.226+0000] {dag.py:3441} INFO - Setting next_dagrun for example_bash_operator to 2023-02-07T00:00:00+00:00, run_after=2023-02-08T00:00:00+00:00
[2023-02-08T19:55:24.339+0000] {processor.py:175} INFO - Processing /home/airflow/.local/lib/python3.7/site-packages/airflow/example_dags/example_bash_operator.py took 0.599 seconds
[2023-02-08T19:55:54.467+0000] {processor.py:153} INFO - Started process (PID=3814) to work on /home/airflow/.local/lib/python3.7/site-packages/airflow/example_dags/example_bash_operator.py
[2023-02-08T19:55:54.468+0000] {processor.py:743} INFO - Processing file /home/airflow/.local/lib/python3.7/site-packages/airflow/example_dags/example_bash_operator.py for tasks to queue
[2023-02-08T19:55:54.469+0000] {logging_mixin.py:137} INFO - [2023-02-08T19:55:54.469+0000] {dagbag.py:538} INFO - Filling up the DagBag from /home/airflow/.local/lib/python3.7/site-packages/airflow/example_dags/example_bash_operator.py
[2023-02-08T19:55:54.493+0000] {processor.py:753} INFO - DAG(s) dict_keys(['example_bash_operator']) retrieved from /home/airflow/.local/lib/python3.7/site-packages/airflow/example_dags/example_bash_operator.py
[2023-02-08T19:55:54.533+0000] {logging_mixin.py:137} INFO - [2023-02-08T19:55:54.533+0000] {dag.py:2690} INFO - Sync 1 DAGs
[2023-02-08T19:55:54.561+0000] {logging_mixin.py:137} INFO - [2023-02-08T19:55:54.561+0000] {dag.py:3441} INFO - Setting next_dagrun for example_bash_operator to 2023-02-07T00:00:00+00:00, run_after=2023-02-08T00:00:00+00:00
[2023-02-08T19:55:54.590+0000] {processor.py:175} INFO - Processing /home/airflow/.local/lib/python3.7/site-packages/airflow/example_dags/example_bash_operator.py took 0.128 seconds
[2023-02-08T19:56:25.260+0000] {processor.py:153} INFO - Started process (PID=3879) to work on /home/airflow/.local/lib/python3.7/site-packages/airflow/example_dags/example_bash_operator.py
[2023-02-08T19:56:25.261+0000] {processor.py:743} INFO - Processing file /home/airflow/.local/lib/python3.7/site-packages/airflow/example_dags/example_bash_operator.py for tasks to queue
[2023-02-08T19:56:25.262+0000] {logging_mixin.py:137} INFO - [2023-02-08T19:56:25.261+0000] {dagbag.py:538} INFO - Filling up the DagBag from /home/airflow/.local/lib/python3.7/site-packages/airflow/example_dags/example_bash_operator.py
[2023-02-08T19:56:25.298+0000] {processor.py:753} INFO - DAG(s) dict_keys(['example_bash_operator']) retrieved from /home/airflow/.local/lib/python3.7/site-packages/airflow/example_dags/example_bash_operator.py
[2023-02-08T19:56:25.357+0000] {logging_mixin.py:137} INFO - [2023-02-08T19:56:25.357+0000] {dag.py:2690} INFO - Sync 1 DAGs
[2023-02-08T19:56:25.400+0000] {logging_mixin.py:137} INFO - [2023-02-08T19:56:25.400+0000] {dag.py:3441} INFO - Setting next_dagrun for example_bash_operator to 2023-02-07T00:00:00+00:00, run_after=2023-02-08T00:00:00+00:00
[2023-02-08T19:56:25.440+0000] {processor.py:175} INFO - Processing /home/airflow/.local/lib/python3.7/site-packages/airflow/example_dags/example_bash_operator.py took 0.195 seconds
[2023-02-08T19:56:56.090+0000] {processor.py:153} INFO - Started process (PID=3957) to work on /home/airflow/.local/lib/python3.7/site-packages/airflow/example_dags/example_bash_operator.py
[2023-02-08T19:56:56.091+0000] {processor.py:743} INFO - Processing file /home/airflow/.local/lib/python3.7/site-packages/airflow/example_dags/example_bash_operator.py for tasks to queue
[2023-02-08T19:56:56.092+0000] {logging_mixin.py:137} INFO - [2023-02-08T19:56:56.092+0000] {dagbag.py:538} INFO - Filling up the DagBag from /home/airflow/.local/lib/python3.7/site-packages/airflow/example_dags/example_bash_operator.py
[2023-02-08T19:56:56.126+0000] {processor.py:753} INFO - DAG(s) dict_keys(['example_bash_operator']) retrieved from /home/airflow/.local/lib/python3.7/site-packages/airflow/example_dags/example_bash_operator.py
[2023-02-08T19:56:56.189+0000] {logging_mixin.py:137} INFO - [2023-02-08T19:56:56.189+0000] {dag.py:2690} INFO - Sync 1 DAGs
[2023-02-08T19:56:56.231+0000] {logging_mixin.py:137} INFO - [2023-02-08T19:56:56.230+0000] {dag.py:3441} INFO - Setting next_dagrun for example_bash_operator to 2023-02-07T00:00:00+00:00, run_after=2023-02-08T00:00:00+00:00
[2023-02-08T19:56:56.262+0000] {processor.py:175} INFO - Processing /home/airflow/.local/lib/python3.7/site-packages/airflow/example_dags/example_bash_operator.py took 0.177 seconds
[2023-02-08T19:57:26.719+0000] {processor.py:153} INFO - Started process (PID=4022) to work on /home/airflow/.local/lib/python3.7/site-packages/airflow/example_dags/example_bash_operator.py
[2023-02-08T19:57:26.721+0000] {processor.py:743} INFO - Processing file /home/airflow/.local/lib/python3.7/site-packages/airflow/example_dags/example_bash_operator.py for tasks to queue
[2023-02-08T19:57:26.722+0000] {logging_mixin.py:137} INFO - [2023-02-08T19:57:26.722+0000] {dagbag.py:538} INFO - Filling up the DagBag from /home/airflow/.local/lib/python3.7/site-packages/airflow/example_dags/example_bash_operator.py
[2023-02-08T19:57:26.750+0000] {processor.py:753} INFO - DAG(s) dict_keys(['example_bash_operator']) retrieved from /home/airflow/.local/lib/python3.7/site-packages/airflow/example_dags/example_bash_operator.py
[2023-02-08T19:57:26.789+0000] {logging_mixin.py:137} INFO - [2023-02-08T19:57:26.789+0000] {dag.py:2690} INFO - Sync 1 DAGs
[2023-02-08T19:57:26.830+0000] {logging_mixin.py:137} INFO - [2023-02-08T19:57:26.830+0000] {dag.py:3441} INFO - Setting next_dagrun for example_bash_operator to 2023-02-07T00:00:00+00:00, run_after=2023-02-08T00:00:00+00:00
[2023-02-08T19:57:26.864+0000] {processor.py:175} INFO - Processing /home/airflow/.local/lib/python3.7/site-packages/airflow/example_dags/example_bash_operator.py took 0.150 seconds
[2023-02-08T19:57:57.928+0000] {processor.py:153} INFO - Started process (PID=4096) to work on /home/airflow/.local/lib/python3.7/site-packages/airflow/example_dags/example_bash_operator.py
[2023-02-08T19:57:57.929+0000] {processor.py:743} INFO - Processing file /home/airflow/.local/lib/python3.7/site-packages/airflow/example_dags/example_bash_operator.py for tasks to queue
[2023-02-08T19:57:57.930+0000] {logging_mixin.py:137} INFO - [2023-02-08T19:57:57.930+0000] {dagbag.py:538} INFO - Filling up the DagBag from /home/airflow/.local/lib/python3.7/site-packages/airflow/example_dags/example_bash_operator.py
[2023-02-08T19:57:57.969+0000] {processor.py:753} INFO - DAG(s) dict_keys(['example_bash_operator']) retrieved from /home/airflow/.local/lib/python3.7/site-packages/airflow/example_dags/example_bash_operator.py
[2023-02-08T19:57:58.076+0000] {logging_mixin.py:137} INFO - [2023-02-08T19:57:58.075+0000] {dag.py:2690} INFO - Sync 1 DAGs
[2023-02-08T19:57:58.126+0000] {logging_mixin.py:137} INFO - [2023-02-08T19:57:58.126+0000] {dag.py:3441} INFO - Setting next_dagrun for example_bash_operator to 2023-02-07T00:00:00+00:00, run_after=2023-02-08T00:00:00+00:00
[2023-02-08T19:57:58.169+0000] {processor.py:175} INFO - Processing /home/airflow/.local/lib/python3.7/site-packages/airflow/example_dags/example_bash_operator.py took 0.249 seconds
[2023-02-08T19:58:28.812+0000] {processor.py:153} INFO - Started process (PID=4165) to work on /home/airflow/.local/lib/python3.7/site-packages/airflow/example_dags/example_bash_operator.py
[2023-02-08T19:58:28.813+0000] {processor.py:743} INFO - Processing file /home/airflow/.local/lib/python3.7/site-packages/airflow/example_dags/example_bash_operator.py for tasks to queue
[2023-02-08T19:58:28.814+0000] {logging_mixin.py:137} INFO - [2023-02-08T19:58:28.814+0000] {dagbag.py:538} INFO - Filling up the DagBag from /home/airflow/.local/lib/python3.7/site-packages/airflow/example_dags/example_bash_operator.py
[2023-02-08T19:58:28.838+0000] {processor.py:753} INFO - DAG(s) dict_keys(['example_bash_operator']) retrieved from /home/airflow/.local/lib/python3.7/site-packages/airflow/example_dags/example_bash_operator.py
[2023-02-08T19:58:28.876+0000] {logging_mixin.py:137} INFO - [2023-02-08T19:58:28.876+0000] {dag.py:2690} INFO - Sync 1 DAGs
[2023-02-08T19:58:28.905+0000] {logging_mixin.py:137} INFO - [2023-02-08T19:58:28.905+0000] {dag.py:3441} INFO - Setting next_dagrun for example_bash_operator to 2023-02-07T00:00:00+00:00, run_after=2023-02-08T00:00:00+00:00
[2023-02-08T19:58:28.935+0000] {processor.py:175} INFO - Processing /home/airflow/.local/lib/python3.7/site-packages/airflow/example_dags/example_bash_operator.py took 0.127 seconds
[2023-02-08T19:58:59.266+0000] {processor.py:153} INFO - Started process (PID=4231) to work on /home/airflow/.local/lib/python3.7/site-packages/airflow/example_dags/example_bash_operator.py
[2023-02-08T19:58:59.267+0000] {processor.py:743} INFO - Processing file /home/airflow/.local/lib/python3.7/site-packages/airflow/example_dags/example_bash_operator.py for tasks to queue
[2023-02-08T19:58:59.268+0000] {logging_mixin.py:137} INFO - [2023-02-08T19:58:59.267+0000] {dagbag.py:538} INFO - Filling up the DagBag from /home/airflow/.local/lib/python3.7/site-packages/airflow/example_dags/example_bash_operator.py
[2023-02-08T19:58:59.293+0000] {processor.py:753} INFO - DAG(s) dict_keys(['example_bash_operator']) retrieved from /home/airflow/.local/lib/python3.7/site-packages/airflow/example_dags/example_bash_operator.py
[2023-02-08T19:58:59.336+0000] {logging_mixin.py:137} INFO - [2023-02-08T19:58:59.335+0000] {dag.py:2690} INFO - Sync 1 DAGs
[2023-02-08T19:58:59.367+0000] {logging_mixin.py:137} INFO - [2023-02-08T19:58:59.367+0000] {dag.py:3441} INFO - Setting next_dagrun for example_bash_operator to 2023-02-07T00:00:00+00:00, run_after=2023-02-08T00:00:00+00:00
[2023-02-08T19:58:59.401+0000] {processor.py:175} INFO - Processing /home/airflow/.local/lib/python3.7/site-packages/airflow/example_dags/example_bash_operator.py took 0.140 seconds
[2023-02-08T19:59:30.094+0000] {processor.py:153} INFO - Started process (PID=4308) to work on /home/airflow/.local/lib/python3.7/site-packages/airflow/example_dags/example_bash_operator.py
[2023-02-08T19:59:30.095+0000] {processor.py:743} INFO - Processing file /home/airflow/.local/lib/python3.7/site-packages/airflow/example_dags/example_bash_operator.py for tasks to queue
[2023-02-08T19:59:30.096+0000] {logging_mixin.py:137} INFO - [2023-02-08T19:59:30.096+0000] {dagbag.py:538} INFO - Filling up the DagBag from /home/airflow/.local/lib/python3.7/site-packages/airflow/example_dags/example_bash_operator.py
[2023-02-08T19:59:30.122+0000] {processor.py:753} INFO - DAG(s) dict_keys(['example_bash_operator']) retrieved from /home/airflow/.local/lib/python3.7/site-packages/airflow/example_dags/example_bash_operator.py
[2023-02-08T19:59:30.163+0000] {logging_mixin.py:137} INFO - [2023-02-08T19:59:30.163+0000] {dag.py:2690} INFO - Sync 1 DAGs
[2023-02-08T19:59:30.192+0000] {logging_mixin.py:137} INFO - [2023-02-08T19:59:30.192+0000] {dag.py:3441} INFO - Setting next_dagrun for example_bash_operator to 2023-02-07T00:00:00+00:00, run_after=2023-02-08T00:00:00+00:00
[2023-02-08T19:59:30.220+0000] {processor.py:175} INFO - Processing /home/airflow/.local/lib/python3.7/site-packages/airflow/example_dags/example_bash_operator.py took 0.130 seconds
