[2023-02-08T19:28:48.510+0000] {processor.py:153} INFO - Started process (PID=79) to work on /home/airflow/.local/lib/python3.7/site-packages/airflow/example_dags/example_branch_operator.py
[2023-02-08T19:28:48.511+0000] {processor.py:743} INFO - Processing file /home/airflow/.local/lib/python3.7/site-packages/airflow/example_dags/example_branch_operator.py for tasks to queue
[2023-02-08T19:28:48.512+0000] {logging_mixin.py:137} INFO - [2023-02-08T19:28:48.512+0000] {dagbag.py:538} INFO - Filling up the DagBag from /home/airflow/.local/lib/python3.7/site-packages/airflow/example_dags/example_branch_operator.py
[2023-02-08T19:28:48.548+0000] {processor.py:753} INFO - DAG(s) dict_keys(['example_branch_operator']) retrieved from /home/airflow/.local/lib/python3.7/site-packages/airflow/example_dags/example_branch_operator.py
[2023-02-08T19:28:48.588+0000] {logging_mixin.py:137} INFO - [2023-02-08T19:28:48.588+0000] {dag.py:2690} INFO - Sync 1 DAGs
[2023-02-08T19:28:48.632+0000] {logging_mixin.py:137} INFO - [2023-02-08T19:28:48.632+0000] {dag.py:3441} INFO - Setting next_dagrun for example_branch_operator to 2023-02-07T00:00:00+00:00, run_after=2023-02-08T00:00:00+00:00
[2023-02-08T19:28:48.662+0000] {processor.py:175} INFO - Processing /home/airflow/.local/lib/python3.7/site-packages/airflow/example_dags/example_branch_operator.py took 0.161 seconds
[2023-02-08T19:29:18.968+0000] {processor.py:153} INFO - Started process (PID=142) to work on /home/airflow/.local/lib/python3.7/site-packages/airflow/example_dags/example_branch_operator.py
[2023-02-08T19:29:18.969+0000] {processor.py:743} INFO - Processing file /home/airflow/.local/lib/python3.7/site-packages/airflow/example_dags/example_branch_operator.py for tasks to queue
[2023-02-08T19:29:18.970+0000] {logging_mixin.py:137} INFO - [2023-02-08T19:29:18.970+0000] {dagbag.py:538} INFO - Filling up the DagBag from /home/airflow/.local/lib/python3.7/site-packages/airflow/example_dags/example_branch_operator.py
[2023-02-08T19:29:18.994+0000] {processor.py:753} INFO - DAG(s) dict_keys(['example_branch_operator']) retrieved from /home/airflow/.local/lib/python3.7/site-packages/airflow/example_dags/example_branch_operator.py
[2023-02-08T19:29:19.031+0000] {logging_mixin.py:137} INFO - [2023-02-08T19:29:19.031+0000] {dag.py:2690} INFO - Sync 1 DAGs
[2023-02-08T19:29:19.064+0000] {logging_mixin.py:137} INFO - [2023-02-08T19:29:19.064+0000] {dag.py:3441} INFO - Setting next_dagrun for example_branch_operator to 2023-02-07T00:00:00+00:00, run_after=2023-02-08T00:00:00+00:00
[2023-02-08T19:29:19.103+0000] {processor.py:175} INFO - Processing /home/airflow/.local/lib/python3.7/site-packages/airflow/example_dags/example_branch_operator.py took 0.140 seconds
[2023-02-08T19:29:49.333+0000] {processor.py:153} INFO - Started process (PID=215) to work on /home/airflow/.local/lib/python3.7/site-packages/airflow/example_dags/example_branch_operator.py
[2023-02-08T19:29:49.334+0000] {processor.py:743} INFO - Processing file /home/airflow/.local/lib/python3.7/site-packages/airflow/example_dags/example_branch_operator.py for tasks to queue
[2023-02-08T19:29:49.335+0000] {logging_mixin.py:137} INFO - [2023-02-08T19:29:49.335+0000] {dagbag.py:538} INFO - Filling up the DagBag from /home/airflow/.local/lib/python3.7/site-packages/airflow/example_dags/example_branch_operator.py
[2023-02-08T19:29:49.361+0000] {processor.py:753} INFO - DAG(s) dict_keys(['example_branch_operator']) retrieved from /home/airflow/.local/lib/python3.7/site-packages/airflow/example_dags/example_branch_operator.py
[2023-02-08T19:29:49.405+0000] {logging_mixin.py:137} INFO - [2023-02-08T19:29:49.405+0000] {dag.py:2690} INFO - Sync 1 DAGs
[2023-02-08T19:29:49.496+0000] {logging_mixin.py:137} INFO - [2023-02-08T19:29:49.496+0000] {dag.py:3441} INFO - Setting next_dagrun for example_branch_operator to 2023-02-07T00:00:00+00:00, run_after=2023-02-08T00:00:00+00:00
[2023-02-08T19:29:49.536+0000] {processor.py:175} INFO - Processing /home/airflow/.local/lib/python3.7/site-packages/airflow/example_dags/example_branch_operator.py took 0.210 seconds
[2023-02-08T19:30:20.233+0000] {processor.py:153} INFO - Started process (PID=283) to work on /home/airflow/.local/lib/python3.7/site-packages/airflow/example_dags/example_branch_operator.py
[2023-02-08T19:30:20.234+0000] {processor.py:743} INFO - Processing file /home/airflow/.local/lib/python3.7/site-packages/airflow/example_dags/example_branch_operator.py for tasks to queue
[2023-02-08T19:30:20.235+0000] {logging_mixin.py:137} INFO - [2023-02-08T19:30:20.235+0000] {dagbag.py:538} INFO - Filling up the DagBag from /home/airflow/.local/lib/python3.7/site-packages/airflow/example_dags/example_branch_operator.py
[2023-02-08T19:30:20.257+0000] {processor.py:753} INFO - DAG(s) dict_keys(['example_branch_operator']) retrieved from /home/airflow/.local/lib/python3.7/site-packages/airflow/example_dags/example_branch_operator.py
[2023-02-08T19:30:20.290+0000] {logging_mixin.py:137} INFO - [2023-02-08T19:30:20.290+0000] {dag.py:2690} INFO - Sync 1 DAGs
[2023-02-08T19:30:20.317+0000] {logging_mixin.py:137} INFO - [2023-02-08T19:30:20.317+0000] {dag.py:3441} INFO - Setting next_dagrun for example_branch_operator to 2023-02-07T00:00:00+00:00, run_after=2023-02-08T00:00:00+00:00
[2023-02-08T19:30:20.347+0000] {processor.py:175} INFO - Processing /home/airflow/.local/lib/python3.7/site-packages/airflow/example_dags/example_branch_operator.py took 0.120 seconds
[2023-02-08T19:30:50.755+0000] {processor.py:153} INFO - Started process (PID=349) to work on /home/airflow/.local/lib/python3.7/site-packages/airflow/example_dags/example_branch_operator.py
[2023-02-08T19:30:50.756+0000] {processor.py:743} INFO - Processing file /home/airflow/.local/lib/python3.7/site-packages/airflow/example_dags/example_branch_operator.py for tasks to queue
[2023-02-08T19:30:50.757+0000] {logging_mixin.py:137} INFO - [2023-02-08T19:30:50.757+0000] {dagbag.py:538} INFO - Filling up the DagBag from /home/airflow/.local/lib/python3.7/site-packages/airflow/example_dags/example_branch_operator.py
[2023-02-08T19:30:50.790+0000] {processor.py:753} INFO - DAG(s) dict_keys(['example_branch_operator']) retrieved from /home/airflow/.local/lib/python3.7/site-packages/airflow/example_dags/example_branch_operator.py
[2023-02-08T19:30:50.844+0000] {logging_mixin.py:137} INFO - [2023-02-08T19:30:50.843+0000] {dag.py:2690} INFO - Sync 1 DAGs
[2023-02-08T19:30:50.895+0000] {logging_mixin.py:137} INFO - [2023-02-08T19:30:50.895+0000] {dag.py:3441} INFO - Setting next_dagrun for example_branch_operator to 2023-02-07T00:00:00+00:00, run_after=2023-02-08T00:00:00+00:00
[2023-02-08T19:30:50.928+0000] {processor.py:175} INFO - Processing /home/airflow/.local/lib/python3.7/site-packages/airflow/example_dags/example_branch_operator.py took 0.179 seconds
[2023-02-08T19:31:21.029+0000] {processor.py:153} INFO - Started process (PID=427) to work on /home/airflow/.local/lib/python3.7/site-packages/airflow/example_dags/example_branch_operator.py
[2023-02-08T19:31:21.030+0000] {processor.py:743} INFO - Processing file /home/airflow/.local/lib/python3.7/site-packages/airflow/example_dags/example_branch_operator.py for tasks to queue
[2023-02-08T19:31:21.031+0000] {logging_mixin.py:137} INFO - [2023-02-08T19:31:21.031+0000] {dagbag.py:538} INFO - Filling up the DagBag from /home/airflow/.local/lib/python3.7/site-packages/airflow/example_dags/example_branch_operator.py
[2023-02-08T19:31:21.058+0000] {processor.py:753} INFO - DAG(s) dict_keys(['example_branch_operator']) retrieved from /home/airflow/.local/lib/python3.7/site-packages/airflow/example_dags/example_branch_operator.py
[2023-02-08T19:31:21.094+0000] {logging_mixin.py:137} INFO - [2023-02-08T19:31:21.094+0000] {dag.py:2690} INFO - Sync 1 DAGs
[2023-02-08T19:31:21.124+0000] {logging_mixin.py:137} INFO - [2023-02-08T19:31:21.124+0000] {dag.py:3441} INFO - Setting next_dagrun for example_branch_operator to 2023-02-07T00:00:00+00:00, run_after=2023-02-08T00:00:00+00:00
[2023-02-08T19:31:21.157+0000] {processor.py:175} INFO - Processing /home/airflow/.local/lib/python3.7/site-packages/airflow/example_dags/example_branch_operator.py took 0.133 seconds
[2023-02-08T19:31:51.685+0000] {processor.py:153} INFO - Started process (PID=492) to work on /home/airflow/.local/lib/python3.7/site-packages/airflow/example_dags/example_branch_operator.py
[2023-02-08T19:31:51.687+0000] {processor.py:743} INFO - Processing file /home/airflow/.local/lib/python3.7/site-packages/airflow/example_dags/example_branch_operator.py for tasks to queue
[2023-02-08T19:31:51.688+0000] {logging_mixin.py:137} INFO - [2023-02-08T19:31:51.688+0000] {dagbag.py:538} INFO - Filling up the DagBag from /home/airflow/.local/lib/python3.7/site-packages/airflow/example_dags/example_branch_operator.py
[2023-02-08T19:31:51.713+0000] {processor.py:753} INFO - DAG(s) dict_keys(['example_branch_operator']) retrieved from /home/airflow/.local/lib/python3.7/site-packages/airflow/example_dags/example_branch_operator.py
[2023-02-08T19:31:51.753+0000] {logging_mixin.py:137} INFO - [2023-02-08T19:31:51.753+0000] {dag.py:2690} INFO - Sync 1 DAGs
[2023-02-08T19:31:51.791+0000] {logging_mixin.py:137} INFO - [2023-02-08T19:31:51.791+0000] {dag.py:3441} INFO - Setting next_dagrun for example_branch_operator to 2023-02-07T00:00:00+00:00, run_after=2023-02-08T00:00:00+00:00
[2023-02-08T19:31:51.820+0000] {processor.py:175} INFO - Processing /home/airflow/.local/lib/python3.7/site-packages/airflow/example_dags/example_branch_operator.py took 0.139 seconds
[2023-02-08T19:32:21.932+0000] {processor.py:153} INFO - Started process (PID=559) to work on /home/airflow/.local/lib/python3.7/site-packages/airflow/example_dags/example_branch_operator.py
[2023-02-08T19:32:21.933+0000] {processor.py:743} INFO - Processing file /home/airflow/.local/lib/python3.7/site-packages/airflow/example_dags/example_branch_operator.py for tasks to queue
[2023-02-08T19:32:21.934+0000] {logging_mixin.py:137} INFO - [2023-02-08T19:32:21.934+0000] {dagbag.py:538} INFO - Filling up the DagBag from /home/airflow/.local/lib/python3.7/site-packages/airflow/example_dags/example_branch_operator.py
[2023-02-08T19:32:21.960+0000] {processor.py:753} INFO - DAG(s) dict_keys(['example_branch_operator']) retrieved from /home/airflow/.local/lib/python3.7/site-packages/airflow/example_dags/example_branch_operator.py
[2023-02-08T19:32:22.004+0000] {logging_mixin.py:137} INFO - [2023-02-08T19:32:22.004+0000] {dag.py:2690} INFO - Sync 1 DAGs
[2023-02-08T19:32:22.044+0000] {logging_mixin.py:137} INFO - [2023-02-08T19:32:22.044+0000] {dag.py:3441} INFO - Setting next_dagrun for example_branch_operator to 2023-02-07T00:00:00+00:00, run_after=2023-02-08T00:00:00+00:00
[2023-02-08T19:32:22.087+0000] {processor.py:175} INFO - Processing /home/airflow/.local/lib/python3.7/site-packages/airflow/example_dags/example_branch_operator.py took 0.161 seconds
[2023-02-08T19:32:52.589+0000] {processor.py:153} INFO - Started process (PID=637) to work on /home/airflow/.local/lib/python3.7/site-packages/airflow/example_dags/example_branch_operator.py
[2023-02-08T19:32:52.591+0000] {processor.py:743} INFO - Processing file /home/airflow/.local/lib/python3.7/site-packages/airflow/example_dags/example_branch_operator.py for tasks to queue
[2023-02-08T19:32:52.593+0000] {logging_mixin.py:137} INFO - [2023-02-08T19:32:52.592+0000] {dagbag.py:538} INFO - Filling up the DagBag from /home/airflow/.local/lib/python3.7/site-packages/airflow/example_dags/example_branch_operator.py
[2023-02-08T19:32:52.620+0000] {processor.py:753} INFO - DAG(s) dict_keys(['example_branch_operator']) retrieved from /home/airflow/.local/lib/python3.7/site-packages/airflow/example_dags/example_branch_operator.py
[2023-02-08T19:32:52.692+0000] {logging_mixin.py:137} INFO - [2023-02-08T19:32:52.692+0000] {dag.py:2690} INFO - Sync 1 DAGs
[2023-02-08T19:32:52.727+0000] {logging_mixin.py:137} INFO - [2023-02-08T19:32:52.727+0000] {dag.py:3441} INFO - Setting next_dagrun for example_branch_operator to 2023-02-07T00:00:00+00:00, run_after=2023-02-08T00:00:00+00:00
[2023-02-08T19:32:52.757+0000] {processor.py:175} INFO - Processing /home/airflow/.local/lib/python3.7/site-packages/airflow/example_dags/example_branch_operator.py took 0.173 seconds
[2023-02-08T19:33:22.801+0000] {processor.py:153} INFO - Started process (PID=703) to work on /home/airflow/.local/lib/python3.7/site-packages/airflow/example_dags/example_branch_operator.py
[2023-02-08T19:33:22.802+0000] {processor.py:743} INFO - Processing file /home/airflow/.local/lib/python3.7/site-packages/airflow/example_dags/example_branch_operator.py for tasks to queue
[2023-02-08T19:33:22.803+0000] {logging_mixin.py:137} INFO - [2023-02-08T19:33:22.803+0000] {dagbag.py:538} INFO - Filling up the DagBag from /home/airflow/.local/lib/python3.7/site-packages/airflow/example_dags/example_branch_operator.py
[2023-02-08T19:33:22.822+0000] {processor.py:753} INFO - DAG(s) dict_keys(['example_branch_operator']) retrieved from /home/airflow/.local/lib/python3.7/site-packages/airflow/example_dags/example_branch_operator.py
[2023-02-08T19:33:22.854+0000] {logging_mixin.py:137} INFO - [2023-02-08T19:33:22.853+0000] {dag.py:2690} INFO - Sync 1 DAGs
[2023-02-08T19:33:22.883+0000] {logging_mixin.py:137} INFO - [2023-02-08T19:33:22.883+0000] {dag.py:3441} INFO - Setting next_dagrun for example_branch_operator to 2023-02-07T00:00:00+00:00, run_after=2023-02-08T00:00:00+00:00
[2023-02-08T19:33:22.912+0000] {processor.py:175} INFO - Processing /home/airflow/.local/lib/python3.7/site-packages/airflow/example_dags/example_branch_operator.py took 0.115 seconds
[2023-02-08T19:33:53.972+0000] {processor.py:153} INFO - Started process (PID=776) to work on /home/airflow/.local/lib/python3.7/site-packages/airflow/example_dags/example_branch_operator.py
[2023-02-08T19:33:53.974+0000] {processor.py:743} INFO - Processing file /home/airflow/.local/lib/python3.7/site-packages/airflow/example_dags/example_branch_operator.py for tasks to queue
[2023-02-08T19:33:53.975+0000] {logging_mixin.py:137} INFO - [2023-02-08T19:33:53.975+0000] {dagbag.py:538} INFO - Filling up the DagBag from /home/airflow/.local/lib/python3.7/site-packages/airflow/example_dags/example_branch_operator.py
[2023-02-08T19:33:54.002+0000] {processor.py:753} INFO - DAG(s) dict_keys(['example_branch_operator']) retrieved from /home/airflow/.local/lib/python3.7/site-packages/airflow/example_dags/example_branch_operator.py
[2023-02-08T19:33:54.083+0000] {logging_mixin.py:137} INFO - [2023-02-08T19:33:54.083+0000] {dag.py:2690} INFO - Sync 1 DAGs
[2023-02-08T19:33:54.166+0000] {logging_mixin.py:137} INFO - [2023-02-08T19:33:54.166+0000] {dag.py:3441} INFO - Setting next_dagrun for example_branch_operator to 2023-02-07T00:00:00+00:00, run_after=2023-02-08T00:00:00+00:00
[2023-02-08T19:33:54.222+0000] {processor.py:175} INFO - Processing /home/airflow/.local/lib/python3.7/site-packages/airflow/example_dags/example_branch_operator.py took 0.256 seconds
[2023-02-08T19:34:24.723+0000] {processor.py:153} INFO - Started process (PID=843) to work on /home/airflow/.local/lib/python3.7/site-packages/airflow/example_dags/example_branch_operator.py
[2023-02-08T19:34:24.724+0000] {processor.py:743} INFO - Processing file /home/airflow/.local/lib/python3.7/site-packages/airflow/example_dags/example_branch_operator.py for tasks to queue
[2023-02-08T19:34:24.725+0000] {logging_mixin.py:137} INFO - [2023-02-08T19:34:24.725+0000] {dagbag.py:538} INFO - Filling up the DagBag from /home/airflow/.local/lib/python3.7/site-packages/airflow/example_dags/example_branch_operator.py
[2023-02-08T19:34:24.747+0000] {processor.py:753} INFO - DAG(s) dict_keys(['example_branch_operator']) retrieved from /home/airflow/.local/lib/python3.7/site-packages/airflow/example_dags/example_branch_operator.py
[2023-02-08T19:34:24.787+0000] {logging_mixin.py:137} INFO - [2023-02-08T19:34:24.786+0000] {dag.py:2690} INFO - Sync 1 DAGs
[2023-02-08T19:34:24.828+0000] {logging_mixin.py:137} INFO - [2023-02-08T19:34:24.828+0000] {dag.py:3441} INFO - Setting next_dagrun for example_branch_operator to 2023-02-07T00:00:00+00:00, run_after=2023-02-08T00:00:00+00:00
[2023-02-08T19:34:24.857+0000] {processor.py:175} INFO - Processing /home/airflow/.local/lib/python3.7/site-packages/airflow/example_dags/example_branch_operator.py took 0.138 seconds
[2023-02-08T19:34:54.940+0000] {processor.py:153} INFO - Started process (PID=908) to work on /home/airflow/.local/lib/python3.7/site-packages/airflow/example_dags/example_branch_operator.py
[2023-02-08T19:34:54.941+0000] {processor.py:743} INFO - Processing file /home/airflow/.local/lib/python3.7/site-packages/airflow/example_dags/example_branch_operator.py for tasks to queue
[2023-02-08T19:34:54.941+0000] {logging_mixin.py:137} INFO - [2023-02-08T19:34:54.941+0000] {dagbag.py:538} INFO - Filling up the DagBag from /home/airflow/.local/lib/python3.7/site-packages/airflow/example_dags/example_branch_operator.py
[2023-02-08T19:34:54.960+0000] {processor.py:753} INFO - DAG(s) dict_keys(['example_branch_operator']) retrieved from /home/airflow/.local/lib/python3.7/site-packages/airflow/example_dags/example_branch_operator.py
[2023-02-08T19:34:54.996+0000] {logging_mixin.py:137} INFO - [2023-02-08T19:34:54.996+0000] {dag.py:2690} INFO - Sync 1 DAGs
[2023-02-08T19:34:55.037+0000] {logging_mixin.py:137} INFO - [2023-02-08T19:34:55.037+0000] {dag.py:3441} INFO - Setting next_dagrun for example_branch_operator to 2023-02-07T00:00:00+00:00, run_after=2023-02-08T00:00:00+00:00
[2023-02-08T19:34:55.065+0000] {processor.py:175} INFO - Processing /home/airflow/.local/lib/python3.7/site-packages/airflow/example_dags/example_branch_operator.py took 0.129 seconds
[2023-02-08T19:35:25.697+0000] {processor.py:153} INFO - Started process (PID=981) to work on /home/airflow/.local/lib/python3.7/site-packages/airflow/example_dags/example_branch_operator.py
[2023-02-08T19:35:25.699+0000] {processor.py:743} INFO - Processing file /home/airflow/.local/lib/python3.7/site-packages/airflow/example_dags/example_branch_operator.py for tasks to queue
[2023-02-08T19:35:25.700+0000] {logging_mixin.py:137} INFO - [2023-02-08T19:35:25.700+0000] {dagbag.py:538} INFO - Filling up the DagBag from /home/airflow/.local/lib/python3.7/site-packages/airflow/example_dags/example_branch_operator.py
[2023-02-08T19:35:25.733+0000] {processor.py:753} INFO - DAG(s) dict_keys(['example_branch_operator']) retrieved from /home/airflow/.local/lib/python3.7/site-packages/airflow/example_dags/example_branch_operator.py
[2023-02-08T19:35:25.775+0000] {logging_mixin.py:137} INFO - [2023-02-08T19:35:25.775+0000] {dag.py:2690} INFO - Sync 1 DAGs
[2023-02-08T19:35:25.817+0000] {logging_mixin.py:137} INFO - [2023-02-08T19:35:25.817+0000] {dag.py:3441} INFO - Setting next_dagrun for example_branch_operator to 2023-02-07T00:00:00+00:00, run_after=2023-02-08T00:00:00+00:00
[2023-02-08T19:35:25.854+0000] {processor.py:175} INFO - Processing /home/airflow/.local/lib/python3.7/site-packages/airflow/example_dags/example_branch_operator.py took 0.167 seconds
[2023-02-08T19:35:56.286+0000] {processor.py:153} INFO - Started process (PID=1049) to work on /home/airflow/.local/lib/python3.7/site-packages/airflow/example_dags/example_branch_operator.py
[2023-02-08T19:35:56.287+0000] {processor.py:743} INFO - Processing file /home/airflow/.local/lib/python3.7/site-packages/airflow/example_dags/example_branch_operator.py for tasks to queue
[2023-02-08T19:35:56.287+0000] {logging_mixin.py:137} INFO - [2023-02-08T19:35:56.287+0000] {dagbag.py:538} INFO - Filling up the DagBag from /home/airflow/.local/lib/python3.7/site-packages/airflow/example_dags/example_branch_operator.py
[2023-02-08T19:35:56.307+0000] {processor.py:753} INFO - DAG(s) dict_keys(['example_branch_operator']) retrieved from /home/airflow/.local/lib/python3.7/site-packages/airflow/example_dags/example_branch_operator.py
[2023-02-08T19:35:56.338+0000] {logging_mixin.py:137} INFO - [2023-02-08T19:35:56.338+0000] {dag.py:2690} INFO - Sync 1 DAGs
[2023-02-08T19:35:56.371+0000] {logging_mixin.py:137} INFO - [2023-02-08T19:35:56.371+0000] {dag.py:3441} INFO - Setting next_dagrun for example_branch_operator to 2023-02-07T00:00:00+00:00, run_after=2023-02-08T00:00:00+00:00
[2023-02-08T19:35:56.400+0000] {processor.py:175} INFO - Processing /home/airflow/.local/lib/python3.7/site-packages/airflow/example_dags/example_branch_operator.py took 0.119 seconds
[2023-02-08T19:36:26.624+0000] {processor.py:153} INFO - Started process (PID=1114) to work on /home/airflow/.local/lib/python3.7/site-packages/airflow/example_dags/example_branch_operator.py
[2023-02-08T19:36:26.625+0000] {processor.py:743} INFO - Processing file /home/airflow/.local/lib/python3.7/site-packages/airflow/example_dags/example_branch_operator.py for tasks to queue
[2023-02-08T19:36:26.626+0000] {logging_mixin.py:137} INFO - [2023-02-08T19:36:26.626+0000] {dagbag.py:538} INFO - Filling up the DagBag from /home/airflow/.local/lib/python3.7/site-packages/airflow/example_dags/example_branch_operator.py
[2023-02-08T19:36:26.652+0000] {processor.py:753} INFO - DAG(s) dict_keys(['example_branch_operator']) retrieved from /home/airflow/.local/lib/python3.7/site-packages/airflow/example_dags/example_branch_operator.py
[2023-02-08T19:36:26.693+0000] {logging_mixin.py:137} INFO - [2023-02-08T19:36:26.692+0000] {dag.py:2690} INFO - Sync 1 DAGs
[2023-02-08T19:36:26.734+0000] {logging_mixin.py:137} INFO - [2023-02-08T19:36:26.734+0000] {dag.py:3441} INFO - Setting next_dagrun for example_branch_operator to 2023-02-07T00:00:00+00:00, run_after=2023-02-08T00:00:00+00:00
[2023-02-08T19:36:26.782+0000] {processor.py:175} INFO - Processing /home/airflow/.local/lib/python3.7/site-packages/airflow/example_dags/example_branch_operator.py took 0.164 seconds
[2023-02-08T19:36:57.371+0000] {processor.py:153} INFO - Started process (PID=1192) to work on /home/airflow/.local/lib/python3.7/site-packages/airflow/example_dags/example_branch_operator.py
[2023-02-08T19:36:57.372+0000] {processor.py:743} INFO - Processing file /home/airflow/.local/lib/python3.7/site-packages/airflow/example_dags/example_branch_operator.py for tasks to queue
[2023-02-08T19:36:57.373+0000] {logging_mixin.py:137} INFO - [2023-02-08T19:36:57.373+0000] {dagbag.py:538} INFO - Filling up the DagBag from /home/airflow/.local/lib/python3.7/site-packages/airflow/example_dags/example_branch_operator.py
[2023-02-08T19:36:57.393+0000] {processor.py:753} INFO - DAG(s) dict_keys(['example_branch_operator']) retrieved from /home/airflow/.local/lib/python3.7/site-packages/airflow/example_dags/example_branch_operator.py
[2023-02-08T19:36:57.428+0000] {logging_mixin.py:137} INFO - [2023-02-08T19:36:57.428+0000] {dag.py:2690} INFO - Sync 1 DAGs
[2023-02-08T19:36:57.457+0000] {logging_mixin.py:137} INFO - [2023-02-08T19:36:57.457+0000] {dag.py:3441} INFO - Setting next_dagrun for example_branch_operator to 2023-02-07T00:00:00+00:00, run_after=2023-02-08T00:00:00+00:00
[2023-02-08T19:36:57.488+0000] {processor.py:175} INFO - Processing /home/airflow/.local/lib/python3.7/site-packages/airflow/example_dags/example_branch_operator.py took 0.121 seconds
[2023-02-08T19:37:27.774+0000] {processor.py:153} INFO - Started process (PID=1257) to work on /home/airflow/.local/lib/python3.7/site-packages/airflow/example_dags/example_branch_operator.py
[2023-02-08T19:37:27.775+0000] {processor.py:743} INFO - Processing file /home/airflow/.local/lib/python3.7/site-packages/airflow/example_dags/example_branch_operator.py for tasks to queue
[2023-02-08T19:37:27.776+0000] {logging_mixin.py:137} INFO - [2023-02-08T19:37:27.776+0000] {dagbag.py:538} INFO - Filling up the DagBag from /home/airflow/.local/lib/python3.7/site-packages/airflow/example_dags/example_branch_operator.py
[2023-02-08T19:37:27.795+0000] {processor.py:753} INFO - DAG(s) dict_keys(['example_branch_operator']) retrieved from /home/airflow/.local/lib/python3.7/site-packages/airflow/example_dags/example_branch_operator.py
[2023-02-08T19:37:27.827+0000] {logging_mixin.py:137} INFO - [2023-02-08T19:37:27.826+0000] {dag.py:2690} INFO - Sync 1 DAGs
[2023-02-08T19:37:27.855+0000] {logging_mixin.py:137} INFO - [2023-02-08T19:37:27.854+0000] {dag.py:3441} INFO - Setting next_dagrun for example_branch_operator to 2023-02-07T00:00:00+00:00, run_after=2023-02-08T00:00:00+00:00
[2023-02-08T19:37:27.882+0000] {processor.py:175} INFO - Processing /home/airflow/.local/lib/python3.7/site-packages/airflow/example_dags/example_branch_operator.py took 0.112 seconds
[2023-02-08T19:37:58.649+0000] {processor.py:153} INFO - Started process (PID=1332) to work on /home/airflow/.local/lib/python3.7/site-packages/airflow/example_dags/example_branch_operator.py
[2023-02-08T19:37:58.650+0000] {processor.py:743} INFO - Processing file /home/airflow/.local/lib/python3.7/site-packages/airflow/example_dags/example_branch_operator.py for tasks to queue
[2023-02-08T19:37:58.651+0000] {logging_mixin.py:137} INFO - [2023-02-08T19:37:58.651+0000] {dagbag.py:538} INFO - Filling up the DagBag from /home/airflow/.local/lib/python3.7/site-packages/airflow/example_dags/example_branch_operator.py
[2023-02-08T19:37:58.677+0000] {processor.py:753} INFO - DAG(s) dict_keys(['example_branch_operator']) retrieved from /home/airflow/.local/lib/python3.7/site-packages/airflow/example_dags/example_branch_operator.py
[2023-02-08T19:37:58.722+0000] {logging_mixin.py:137} INFO - [2023-02-08T19:37:58.722+0000] {dag.py:2690} INFO - Sync 1 DAGs
[2023-02-08T19:37:58.768+0000] {logging_mixin.py:137} INFO - [2023-02-08T19:37:58.768+0000] {dag.py:3441} INFO - Setting next_dagrun for example_branch_operator to 2023-02-07T00:00:00+00:00, run_after=2023-02-08T00:00:00+00:00
[2023-02-08T19:37:58.806+0000] {processor.py:175} INFO - Processing /home/airflow/.local/lib/python3.7/site-packages/airflow/example_dags/example_branch_operator.py took 0.163 seconds
[2023-02-08T19:38:29.243+0000] {processor.py:153} INFO - Started process (PID=1400) to work on /home/airflow/.local/lib/python3.7/site-packages/airflow/example_dags/example_branch_operator.py
[2023-02-08T19:38:29.244+0000] {processor.py:743} INFO - Processing file /home/airflow/.local/lib/python3.7/site-packages/airflow/example_dags/example_branch_operator.py for tasks to queue
[2023-02-08T19:38:29.245+0000] {logging_mixin.py:137} INFO - [2023-02-08T19:38:29.245+0000] {dagbag.py:538} INFO - Filling up the DagBag from /home/airflow/.local/lib/python3.7/site-packages/airflow/example_dags/example_branch_operator.py
[2023-02-08T19:38:29.264+0000] {processor.py:753} INFO - DAG(s) dict_keys(['example_branch_operator']) retrieved from /home/airflow/.local/lib/python3.7/site-packages/airflow/example_dags/example_branch_operator.py
[2023-02-08T19:38:29.293+0000] {logging_mixin.py:137} INFO - [2023-02-08T19:38:29.293+0000] {dag.py:2690} INFO - Sync 1 DAGs
[2023-02-08T19:38:29.322+0000] {logging_mixin.py:137} INFO - [2023-02-08T19:38:29.322+0000] {dag.py:3441} INFO - Setting next_dagrun for example_branch_operator to 2023-02-07T00:00:00+00:00, run_after=2023-02-08T00:00:00+00:00
[2023-02-08T19:38:29.355+0000] {processor.py:175} INFO - Processing /home/airflow/.local/lib/python3.7/site-packages/airflow/example_dags/example_branch_operator.py took 0.116 seconds
[2023-02-08T19:38:59.490+0000] {processor.py:153} INFO - Started process (PID=1466) to work on /home/airflow/.local/lib/python3.7/site-packages/airflow/example_dags/example_branch_operator.py
[2023-02-08T19:38:59.491+0000] {processor.py:743} INFO - Processing file /home/airflow/.local/lib/python3.7/site-packages/airflow/example_dags/example_branch_operator.py for tasks to queue
[2023-02-08T19:38:59.492+0000] {logging_mixin.py:137} INFO - [2023-02-08T19:38:59.492+0000] {dagbag.py:538} INFO - Filling up the DagBag from /home/airflow/.local/lib/python3.7/site-packages/airflow/example_dags/example_branch_operator.py
[2023-02-08T19:38:59.510+0000] {processor.py:753} INFO - DAG(s) dict_keys(['example_branch_operator']) retrieved from /home/airflow/.local/lib/python3.7/site-packages/airflow/example_dags/example_branch_operator.py
[2023-02-08T19:38:59.542+0000] {logging_mixin.py:137} INFO - [2023-02-08T19:38:59.542+0000] {dag.py:2690} INFO - Sync 1 DAGs
[2023-02-08T19:38:59.570+0000] {logging_mixin.py:137} INFO - [2023-02-08T19:38:59.570+0000] {dag.py:3441} INFO - Setting next_dagrun for example_branch_operator to 2023-02-07T00:00:00+00:00, run_after=2023-02-08T00:00:00+00:00
[2023-02-08T19:38:59.598+0000] {processor.py:175} INFO - Processing /home/airflow/.local/lib/python3.7/site-packages/airflow/example_dags/example_branch_operator.py took 0.112 seconds
[2023-02-08T19:39:30.338+0000] {processor.py:153} INFO - Started process (PID=1544) to work on /home/airflow/.local/lib/python3.7/site-packages/airflow/example_dags/example_branch_operator.py
[2023-02-08T19:39:30.340+0000] {processor.py:743} INFO - Processing file /home/airflow/.local/lib/python3.7/site-packages/airflow/example_dags/example_branch_operator.py for tasks to queue
[2023-02-08T19:39:30.340+0000] {logging_mixin.py:137} INFO - [2023-02-08T19:39:30.340+0000] {dagbag.py:538} INFO - Filling up the DagBag from /home/airflow/.local/lib/python3.7/site-packages/airflow/example_dags/example_branch_operator.py
[2023-02-08T19:39:30.359+0000] {processor.py:753} INFO - DAG(s) dict_keys(['example_branch_operator']) retrieved from /home/airflow/.local/lib/python3.7/site-packages/airflow/example_dags/example_branch_operator.py
[2023-02-08T19:39:30.390+0000] {logging_mixin.py:137} INFO - [2023-02-08T19:39:30.390+0000] {dag.py:2690} INFO - Sync 1 DAGs
[2023-02-08T19:39:30.418+0000] {logging_mixin.py:137} INFO - [2023-02-08T19:39:30.418+0000] {dag.py:3441} INFO - Setting next_dagrun for example_branch_operator to 2023-02-07T00:00:00+00:00, run_after=2023-02-08T00:00:00+00:00
[2023-02-08T19:39:30.456+0000] {processor.py:175} INFO - Processing /home/airflow/.local/lib/python3.7/site-packages/airflow/example_dags/example_branch_operator.py took 0.121 seconds
[2023-02-08T19:40:00.630+0000] {processor.py:153} INFO - Started process (PID=1609) to work on /home/airflow/.local/lib/python3.7/site-packages/airflow/example_dags/example_branch_operator.py
[2023-02-08T19:40:00.631+0000] {processor.py:743} INFO - Processing file /home/airflow/.local/lib/python3.7/site-packages/airflow/example_dags/example_branch_operator.py for tasks to queue
[2023-02-08T19:40:00.632+0000] {logging_mixin.py:137} INFO - [2023-02-08T19:40:00.632+0000] {dagbag.py:538} INFO - Filling up the DagBag from /home/airflow/.local/lib/python3.7/site-packages/airflow/example_dags/example_branch_operator.py
[2023-02-08T19:40:00.655+0000] {processor.py:753} INFO - DAG(s) dict_keys(['example_branch_operator']) retrieved from /home/airflow/.local/lib/python3.7/site-packages/airflow/example_dags/example_branch_operator.py
[2023-02-08T19:40:00.687+0000] {logging_mixin.py:137} INFO - [2023-02-08T19:40:00.687+0000] {dag.py:2690} INFO - Sync 1 DAGs
[2023-02-08T19:40:00.716+0000] {logging_mixin.py:137} INFO - [2023-02-08T19:40:00.716+0000] {dag.py:3441} INFO - Setting next_dagrun for example_branch_operator to 2023-02-07T00:00:00+00:00, run_after=2023-02-08T00:00:00+00:00
[2023-02-08T19:40:00.748+0000] {processor.py:175} INFO - Processing /home/airflow/.local/lib/python3.7/site-packages/airflow/example_dags/example_branch_operator.py took 0.121 seconds
[2023-02-08T19:40:31.130+0000] {processor.py:153} INFO - Started process (PID=1685) to work on /home/airflow/.local/lib/python3.7/site-packages/airflow/example_dags/example_branch_operator.py
[2023-02-08T19:40:31.132+0000] {processor.py:743} INFO - Processing file /home/airflow/.local/lib/python3.7/site-packages/airflow/example_dags/example_branch_operator.py for tasks to queue
[2023-02-08T19:40:31.133+0000] {logging_mixin.py:137} INFO - [2023-02-08T19:40:31.132+0000] {dagbag.py:538} INFO - Filling up the DagBag from /home/airflow/.local/lib/python3.7/site-packages/airflow/example_dags/example_branch_operator.py
[2023-02-08T19:40:31.172+0000] {processor.py:753} INFO - DAG(s) dict_keys(['example_branch_operator']) retrieved from /home/airflow/.local/lib/python3.7/site-packages/airflow/example_dags/example_branch_operator.py
[2023-02-08T19:40:31.214+0000] {logging_mixin.py:137} INFO - [2023-02-08T19:40:31.214+0000] {dag.py:2690} INFO - Sync 1 DAGs
[2023-02-08T19:40:31.258+0000] {logging_mixin.py:137} INFO - [2023-02-08T19:40:31.258+0000] {dag.py:3441} INFO - Setting next_dagrun for example_branch_operator to 2023-02-07T00:00:00+00:00, run_after=2023-02-08T00:00:00+00:00
[2023-02-08T19:40:31.310+0000] {processor.py:175} INFO - Processing /home/airflow/.local/lib/python3.7/site-packages/airflow/example_dags/example_branch_operator.py took 0.198 seconds
[2023-02-08T19:41:01.462+0000] {processor.py:153} INFO - Started process (PID=1750) to work on /home/airflow/.local/lib/python3.7/site-packages/airflow/example_dags/example_branch_operator.py
[2023-02-08T19:41:01.463+0000] {processor.py:743} INFO - Processing file /home/airflow/.local/lib/python3.7/site-packages/airflow/example_dags/example_branch_operator.py for tasks to queue
[2023-02-08T19:41:01.463+0000] {logging_mixin.py:137} INFO - [2023-02-08T19:41:01.463+0000] {dagbag.py:538} INFO - Filling up the DagBag from /home/airflow/.local/lib/python3.7/site-packages/airflow/example_dags/example_branch_operator.py
[2023-02-08T19:41:01.481+0000] {processor.py:753} INFO - DAG(s) dict_keys(['example_branch_operator']) retrieved from /home/airflow/.local/lib/python3.7/site-packages/airflow/example_dags/example_branch_operator.py
[2023-02-08T19:41:01.513+0000] {logging_mixin.py:137} INFO - [2023-02-08T19:41:01.512+0000] {dag.py:2690} INFO - Sync 1 DAGs
[2023-02-08T19:41:01.540+0000] {logging_mixin.py:137} INFO - [2023-02-08T19:41:01.540+0000] {dag.py:3441} INFO - Setting next_dagrun for example_branch_operator to 2023-02-07T00:00:00+00:00, run_after=2023-02-08T00:00:00+00:00
[2023-02-08T19:41:01.567+0000] {processor.py:175} INFO - Processing /home/airflow/.local/lib/python3.7/site-packages/airflow/example_dags/example_branch_operator.py took 0.110 seconds
[2023-02-08T19:41:31.752+0000] {processor.py:153} INFO - Started process (PID=1815) to work on /home/airflow/.local/lib/python3.7/site-packages/airflow/example_dags/example_branch_operator.py
[2023-02-08T19:41:31.753+0000] {processor.py:743} INFO - Processing file /home/airflow/.local/lib/python3.7/site-packages/airflow/example_dags/example_branch_operator.py for tasks to queue
[2023-02-08T19:41:31.754+0000] {logging_mixin.py:137} INFO - [2023-02-08T19:41:31.754+0000] {dagbag.py:538} INFO - Filling up the DagBag from /home/airflow/.local/lib/python3.7/site-packages/airflow/example_dags/example_branch_operator.py
[2023-02-08T19:41:31.773+0000] {processor.py:753} INFO - DAG(s) dict_keys(['example_branch_operator']) retrieved from /home/airflow/.local/lib/python3.7/site-packages/airflow/example_dags/example_branch_operator.py
[2023-02-08T19:41:31.801+0000] {logging_mixin.py:137} INFO - [2023-02-08T19:41:31.801+0000] {dag.py:2690} INFO - Sync 1 DAGs
[2023-02-08T19:41:31.830+0000] {logging_mixin.py:137} INFO - [2023-02-08T19:41:31.830+0000] {dag.py:3441} INFO - Setting next_dagrun for example_branch_operator to 2023-02-07T00:00:00+00:00, run_after=2023-02-08T00:00:00+00:00
[2023-02-08T19:41:31.859+0000] {processor.py:175} INFO - Processing /home/airflow/.local/lib/python3.7/site-packages/airflow/example_dags/example_branch_operator.py took 0.111 seconds
[2023-02-08T19:42:02.648+0000] {processor.py:153} INFO - Started process (PID=1893) to work on /home/airflow/.local/lib/python3.7/site-packages/airflow/example_dags/example_branch_operator.py
[2023-02-08T19:42:02.649+0000] {processor.py:743} INFO - Processing file /home/airflow/.local/lib/python3.7/site-packages/airflow/example_dags/example_branch_operator.py for tasks to queue
[2023-02-08T19:42:02.650+0000] {logging_mixin.py:137} INFO - [2023-02-08T19:42:02.650+0000] {dagbag.py:538} INFO - Filling up the DagBag from /home/airflow/.local/lib/python3.7/site-packages/airflow/example_dags/example_branch_operator.py
[2023-02-08T19:42:02.678+0000] {processor.py:753} INFO - DAG(s) dict_keys(['example_branch_operator']) retrieved from /home/airflow/.local/lib/python3.7/site-packages/airflow/example_dags/example_branch_operator.py
[2023-02-08T19:42:02.719+0000] {logging_mixin.py:137} INFO - [2023-02-08T19:42:02.718+0000] {dag.py:2690} INFO - Sync 1 DAGs
[2023-02-08T19:42:02.762+0000] {logging_mixin.py:137} INFO - [2023-02-08T19:42:02.762+0000] {dag.py:3441} INFO - Setting next_dagrun for example_branch_operator to 2023-02-07T00:00:00+00:00, run_after=2023-02-08T00:00:00+00:00
[2023-02-08T19:42:02.794+0000] {processor.py:175} INFO - Processing /home/airflow/.local/lib/python3.7/site-packages/airflow/example_dags/example_branch_operator.py took 0.153 seconds
[2023-02-08T19:42:32.851+0000] {processor.py:153} INFO - Started process (PID=1958) to work on /home/airflow/.local/lib/python3.7/site-packages/airflow/example_dags/example_branch_operator.py
[2023-02-08T19:42:32.852+0000] {processor.py:743} INFO - Processing file /home/airflow/.local/lib/python3.7/site-packages/airflow/example_dags/example_branch_operator.py for tasks to queue
[2023-02-08T19:42:32.853+0000] {logging_mixin.py:137} INFO - [2023-02-08T19:42:32.853+0000] {dagbag.py:538} INFO - Filling up the DagBag from /home/airflow/.local/lib/python3.7/site-packages/airflow/example_dags/example_branch_operator.py
[2023-02-08T19:42:32.871+0000] {processor.py:753} INFO - DAG(s) dict_keys(['example_branch_operator']) retrieved from /home/airflow/.local/lib/python3.7/site-packages/airflow/example_dags/example_branch_operator.py
[2023-02-08T19:42:32.899+0000] {logging_mixin.py:137} INFO - [2023-02-08T19:42:32.899+0000] {dag.py:2690} INFO - Sync 1 DAGs
[2023-02-08T19:42:32.926+0000] {logging_mixin.py:137} INFO - [2023-02-08T19:42:32.926+0000] {dag.py:3441} INFO - Setting next_dagrun for example_branch_operator to 2023-02-07T00:00:00+00:00, run_after=2023-02-08T00:00:00+00:00
[2023-02-08T19:42:32.956+0000] {processor.py:175} INFO - Processing /home/airflow/.local/lib/python3.7/site-packages/airflow/example_dags/example_branch_operator.py took 0.110 seconds
[2023-02-08T19:43:03.624+0000] {processor.py:153} INFO - Started process (PID=2032) to work on /home/airflow/.local/lib/python3.7/site-packages/airflow/example_dags/example_branch_operator.py
[2023-02-08T19:43:03.625+0000] {processor.py:743} INFO - Processing file /home/airflow/.local/lib/python3.7/site-packages/airflow/example_dags/example_branch_operator.py for tasks to queue
[2023-02-08T19:43:03.626+0000] {logging_mixin.py:137} INFO - [2023-02-08T19:43:03.626+0000] {dagbag.py:538} INFO - Filling up the DagBag from /home/airflow/.local/lib/python3.7/site-packages/airflow/example_dags/example_branch_operator.py
[2023-02-08T19:43:03.653+0000] {processor.py:753} INFO - DAG(s) dict_keys(['example_branch_operator']) retrieved from /home/airflow/.local/lib/python3.7/site-packages/airflow/example_dags/example_branch_operator.py
[2023-02-08T19:43:03.702+0000] {logging_mixin.py:137} INFO - [2023-02-08T19:43:03.702+0000] {dag.py:2690} INFO - Sync 1 DAGs
[2023-02-08T19:43:03.739+0000] {logging_mixin.py:137} INFO - [2023-02-08T19:43:03.739+0000] {dag.py:3441} INFO - Setting next_dagrun for example_branch_operator to 2023-02-07T00:00:00+00:00, run_after=2023-02-08T00:00:00+00:00
[2023-02-08T19:43:03.774+0000] {processor.py:175} INFO - Processing /home/airflow/.local/lib/python3.7/site-packages/airflow/example_dags/example_branch_operator.py took 0.156 seconds
[2023-02-08T19:43:33.901+0000] {processor.py:153} INFO - Started process (PID=2104) to work on /home/airflow/.local/lib/python3.7/site-packages/airflow/example_dags/example_branch_operator.py
[2023-02-08T19:43:33.903+0000] {processor.py:743} INFO - Processing file /home/airflow/.local/lib/python3.7/site-packages/airflow/example_dags/example_branch_operator.py for tasks to queue
[2023-02-08T19:43:33.903+0000] {logging_mixin.py:137} INFO - [2023-02-08T19:43:33.903+0000] {dagbag.py:538} INFO - Filling up the DagBag from /home/airflow/.local/lib/python3.7/site-packages/airflow/example_dags/example_branch_operator.py
[2023-02-08T19:43:33.930+0000] {processor.py:753} INFO - DAG(s) dict_keys(['example_branch_operator']) retrieved from /home/airflow/.local/lib/python3.7/site-packages/airflow/example_dags/example_branch_operator.py
[2023-02-08T19:43:33.966+0000] {logging_mixin.py:137} INFO - [2023-02-08T19:43:33.966+0000] {dag.py:2690} INFO - Sync 1 DAGs
[2023-02-08T19:43:33.992+0000] {logging_mixin.py:137} INFO - [2023-02-08T19:43:33.992+0000] {dag.py:3441} INFO - Setting next_dagrun for example_branch_operator to 2023-02-07T00:00:00+00:00, run_after=2023-02-08T00:00:00+00:00
[2023-02-08T19:43:34.018+0000] {processor.py:175} INFO - Processing /home/airflow/.local/lib/python3.7/site-packages/airflow/example_dags/example_branch_operator.py took 0.122 seconds
[2023-02-08T19:44:04.304+0000] {processor.py:153} INFO - Started process (PID=2168) to work on /home/airflow/.local/lib/python3.7/site-packages/airflow/example_dags/example_branch_operator.py
[2023-02-08T19:44:04.305+0000] {processor.py:743} INFO - Processing file /home/airflow/.local/lib/python3.7/site-packages/airflow/example_dags/example_branch_operator.py for tasks to queue
[2023-02-08T19:44:04.307+0000] {logging_mixin.py:137} INFO - [2023-02-08T19:44:04.307+0000] {dagbag.py:538} INFO - Filling up the DagBag from /home/airflow/.local/lib/python3.7/site-packages/airflow/example_dags/example_branch_operator.py
[2023-02-08T19:44:04.327+0000] {processor.py:753} INFO - DAG(s) dict_keys(['example_branch_operator']) retrieved from /home/airflow/.local/lib/python3.7/site-packages/airflow/example_dags/example_branch_operator.py
[2023-02-08T19:44:04.360+0000] {logging_mixin.py:137} INFO - [2023-02-08T19:44:04.360+0000] {dag.py:2690} INFO - Sync 1 DAGs
[2023-02-08T19:44:04.393+0000] {logging_mixin.py:137} INFO - [2023-02-08T19:44:04.393+0000] {dag.py:3441} INFO - Setting next_dagrun for example_branch_operator to 2023-02-07T00:00:00+00:00, run_after=2023-02-08T00:00:00+00:00
[2023-02-08T19:44:04.418+0000] {processor.py:175} INFO - Processing /home/airflow/.local/lib/python3.7/site-packages/airflow/example_dags/example_branch_operator.py took 0.119 seconds
[2023-02-08T19:44:35.198+0000] {processor.py:153} INFO - Started process (PID=2247) to work on /home/airflow/.local/lib/python3.7/site-packages/airflow/example_dags/example_branch_operator.py
[2023-02-08T19:44:35.199+0000] {processor.py:743} INFO - Processing file /home/airflow/.local/lib/python3.7/site-packages/airflow/example_dags/example_branch_operator.py for tasks to queue
[2023-02-08T19:44:35.199+0000] {logging_mixin.py:137} INFO - [2023-02-08T19:44:35.199+0000] {dagbag.py:538} INFO - Filling up the DagBag from /home/airflow/.local/lib/python3.7/site-packages/airflow/example_dags/example_branch_operator.py
[2023-02-08T19:44:35.224+0000] {processor.py:753} INFO - DAG(s) dict_keys(['example_branch_operator']) retrieved from /home/airflow/.local/lib/python3.7/site-packages/airflow/example_dags/example_branch_operator.py
[2023-02-08T19:44:35.271+0000] {logging_mixin.py:137} INFO - [2023-02-08T19:44:35.271+0000] {dag.py:2690} INFO - Sync 1 DAGs
[2023-02-08T19:44:35.315+0000] {logging_mixin.py:137} INFO - [2023-02-08T19:44:35.314+0000] {dag.py:3441} INFO - Setting next_dagrun for example_branch_operator to 2023-02-07T00:00:00+00:00, run_after=2023-02-08T00:00:00+00:00
[2023-02-08T19:44:35.353+0000] {processor.py:175} INFO - Processing /home/airflow/.local/lib/python3.7/site-packages/airflow/example_dags/example_branch_operator.py took 0.159 seconds
[2023-02-08T19:45:05.637+0000] {processor.py:153} INFO - Started process (PID=2312) to work on /home/airflow/.local/lib/python3.7/site-packages/airflow/example_dags/example_branch_operator.py
[2023-02-08T19:45:05.638+0000] {processor.py:743} INFO - Processing file /home/airflow/.local/lib/python3.7/site-packages/airflow/example_dags/example_branch_operator.py for tasks to queue
[2023-02-08T19:45:05.639+0000] {logging_mixin.py:137} INFO - [2023-02-08T19:45:05.639+0000] {dagbag.py:538} INFO - Filling up the DagBag from /home/airflow/.local/lib/python3.7/site-packages/airflow/example_dags/example_branch_operator.py
[2023-02-08T19:45:05.657+0000] {processor.py:753} INFO - DAG(s) dict_keys(['example_branch_operator']) retrieved from /home/airflow/.local/lib/python3.7/site-packages/airflow/example_dags/example_branch_operator.py
[2023-02-08T19:45:05.687+0000] {logging_mixin.py:137} INFO - [2023-02-08T19:45:05.687+0000] {dag.py:2690} INFO - Sync 1 DAGs
[2023-02-08T19:45:05.715+0000] {logging_mixin.py:137} INFO - [2023-02-08T19:45:05.714+0000] {dag.py:3441} INFO - Setting next_dagrun for example_branch_operator to 2023-02-07T00:00:00+00:00, run_after=2023-02-08T00:00:00+00:00
[2023-02-08T19:45:05.742+0000] {processor.py:175} INFO - Processing /home/airflow/.local/lib/python3.7/site-packages/airflow/example_dags/example_branch_operator.py took 0.109 seconds
[2023-02-08T19:45:36.464+0000] {processor.py:153} INFO - Started process (PID=2387) to work on /home/airflow/.local/lib/python3.7/site-packages/airflow/example_dags/example_branch_operator.py
[2023-02-08T19:45:36.465+0000] {processor.py:743} INFO - Processing file /home/airflow/.local/lib/python3.7/site-packages/airflow/example_dags/example_branch_operator.py for tasks to queue
[2023-02-08T19:45:36.466+0000] {logging_mixin.py:137} INFO - [2023-02-08T19:45:36.466+0000] {dagbag.py:538} INFO - Filling up the DagBag from /home/airflow/.local/lib/python3.7/site-packages/airflow/example_dags/example_branch_operator.py
[2023-02-08T19:45:36.498+0000] {processor.py:753} INFO - DAG(s) dict_keys(['example_branch_operator']) retrieved from /home/airflow/.local/lib/python3.7/site-packages/airflow/example_dags/example_branch_operator.py
[2023-02-08T19:45:36.542+0000] {logging_mixin.py:137} INFO - [2023-02-08T19:45:36.541+0000] {dag.py:2690} INFO - Sync 1 DAGs
[2023-02-08T19:45:36.585+0000] {logging_mixin.py:137} INFO - [2023-02-08T19:45:36.585+0000] {dag.py:3441} INFO - Setting next_dagrun for example_branch_operator to 2023-02-07T00:00:00+00:00, run_after=2023-02-08T00:00:00+00:00
[2023-02-08T19:45:36.620+0000] {processor.py:175} INFO - Processing /home/airflow/.local/lib/python3.7/site-packages/airflow/example_dags/example_branch_operator.py took 0.161 seconds
[2023-02-08T19:46:07.035+0000] {processor.py:153} INFO - Started process (PID=2454) to work on /home/airflow/.local/lib/python3.7/site-packages/airflow/example_dags/example_branch_operator.py
[2023-02-08T19:46:07.036+0000] {processor.py:743} INFO - Processing file /home/airflow/.local/lib/python3.7/site-packages/airflow/example_dags/example_branch_operator.py for tasks to queue
[2023-02-08T19:46:07.037+0000] {logging_mixin.py:137} INFO - [2023-02-08T19:46:07.037+0000] {dagbag.py:538} INFO - Filling up the DagBag from /home/airflow/.local/lib/python3.7/site-packages/airflow/example_dags/example_branch_operator.py
[2023-02-08T19:46:07.056+0000] {processor.py:753} INFO - DAG(s) dict_keys(['example_branch_operator']) retrieved from /home/airflow/.local/lib/python3.7/site-packages/airflow/example_dags/example_branch_operator.py
[2023-02-08T19:46:07.092+0000] {logging_mixin.py:137} INFO - [2023-02-08T19:46:07.092+0000] {dag.py:2690} INFO - Sync 1 DAGs
[2023-02-08T19:46:07.120+0000] {logging_mixin.py:137} INFO - [2023-02-08T19:46:07.120+0000] {dag.py:3441} INFO - Setting next_dagrun for example_branch_operator to 2023-02-07T00:00:00+00:00, run_after=2023-02-08T00:00:00+00:00
[2023-02-08T19:46:07.146+0000] {processor.py:175} INFO - Processing /home/airflow/.local/lib/python3.7/site-packages/airflow/example_dags/example_branch_operator.py took 0.115 seconds
[2023-02-08T19:46:37.402+0000] {processor.py:153} INFO - Started process (PID=2520) to work on /home/airflow/.local/lib/python3.7/site-packages/airflow/example_dags/example_branch_operator.py
[2023-02-08T19:46:37.403+0000] {processor.py:743} INFO - Processing file /home/airflow/.local/lib/python3.7/site-packages/airflow/example_dags/example_branch_operator.py for tasks to queue
[2023-02-08T19:46:37.403+0000] {logging_mixin.py:137} INFO - [2023-02-08T19:46:37.403+0000] {dagbag.py:538} INFO - Filling up the DagBag from /home/airflow/.local/lib/python3.7/site-packages/airflow/example_dags/example_branch_operator.py
[2023-02-08T19:46:37.424+0000] {processor.py:753} INFO - DAG(s) dict_keys(['example_branch_operator']) retrieved from /home/airflow/.local/lib/python3.7/site-packages/airflow/example_dags/example_branch_operator.py
[2023-02-08T19:46:37.456+0000] {logging_mixin.py:137} INFO - [2023-02-08T19:46:37.456+0000] {dag.py:2690} INFO - Sync 1 DAGs
[2023-02-08T19:46:37.482+0000] {logging_mixin.py:137} INFO - [2023-02-08T19:46:37.482+0000] {dag.py:3441} INFO - Setting next_dagrun for example_branch_operator to 2023-02-07T00:00:00+00:00, run_after=2023-02-08T00:00:00+00:00
[2023-02-08T19:46:37.509+0000] {processor.py:175} INFO - Processing /home/airflow/.local/lib/python3.7/site-packages/airflow/example_dags/example_branch_operator.py took 0.112 seconds
[2023-02-08T19:47:08.234+0000] {processor.py:153} INFO - Started process (PID=2597) to work on /home/airflow/.local/lib/python3.7/site-packages/airflow/example_dags/example_branch_operator.py
[2023-02-08T19:47:08.236+0000] {processor.py:743} INFO - Processing file /home/airflow/.local/lib/python3.7/site-packages/airflow/example_dags/example_branch_operator.py for tasks to queue
[2023-02-08T19:47:08.237+0000] {logging_mixin.py:137} INFO - [2023-02-08T19:47:08.236+0000] {dagbag.py:538} INFO - Filling up the DagBag from /home/airflow/.local/lib/python3.7/site-packages/airflow/example_dags/example_branch_operator.py
[2023-02-08T19:47:08.263+0000] {processor.py:753} INFO - DAG(s) dict_keys(['example_branch_operator']) retrieved from /home/airflow/.local/lib/python3.7/site-packages/airflow/example_dags/example_branch_operator.py
[2023-02-08T19:47:08.295+0000] {logging_mixin.py:137} INFO - [2023-02-08T19:47:08.295+0000] {dag.py:2690} INFO - Sync 1 DAGs
[2023-02-08T19:47:08.324+0000] {logging_mixin.py:137} INFO - [2023-02-08T19:47:08.323+0000] {dag.py:3441} INFO - Setting next_dagrun for example_branch_operator to 2023-02-07T00:00:00+00:00, run_after=2023-02-08T00:00:00+00:00
[2023-02-08T19:47:08.355+0000] {processor.py:175} INFO - Processing /home/airflow/.local/lib/python3.7/site-packages/airflow/example_dags/example_branch_operator.py took 0.124 seconds
[2023-02-08T19:47:38.549+0000] {processor.py:153} INFO - Started process (PID=2663) to work on /home/airflow/.local/lib/python3.7/site-packages/airflow/example_dags/example_branch_operator.py
[2023-02-08T19:47:38.550+0000] {processor.py:743} INFO - Processing file /home/airflow/.local/lib/python3.7/site-packages/airflow/example_dags/example_branch_operator.py for tasks to queue
[2023-02-08T19:47:38.551+0000] {logging_mixin.py:137} INFO - [2023-02-08T19:47:38.551+0000] {dagbag.py:538} INFO - Filling up the DagBag from /home/airflow/.local/lib/python3.7/site-packages/airflow/example_dags/example_branch_operator.py
[2023-02-08T19:47:38.573+0000] {processor.py:753} INFO - DAG(s) dict_keys(['example_branch_operator']) retrieved from /home/airflow/.local/lib/python3.7/site-packages/airflow/example_dags/example_branch_operator.py
[2023-02-08T19:47:38.606+0000] {logging_mixin.py:137} INFO - [2023-02-08T19:47:38.606+0000] {dag.py:2690} INFO - Sync 1 DAGs
[2023-02-08T19:47:38.648+0000] {logging_mixin.py:137} INFO - [2023-02-08T19:47:38.647+0000] {dag.py:3441} INFO - Setting next_dagrun for example_branch_operator to 2023-02-07T00:00:00+00:00, run_after=2023-02-08T00:00:00+00:00
[2023-02-08T19:47:38.676+0000] {processor.py:175} INFO - Processing /home/airflow/.local/lib/python3.7/site-packages/airflow/example_dags/example_branch_operator.py took 0.131 seconds
[2023-02-08T19:48:09.942+0000] {processor.py:153} INFO - Started process (PID=2737) to work on /home/airflow/.local/lib/python3.7/site-packages/airflow/example_dags/example_branch_operator.py
[2023-02-08T19:48:09.943+0000] {processor.py:743} INFO - Processing file /home/airflow/.local/lib/python3.7/site-packages/airflow/example_dags/example_branch_operator.py for tasks to queue
[2023-02-08T19:48:09.944+0000] {logging_mixin.py:137} INFO - [2023-02-08T19:48:09.944+0000] {dagbag.py:538} INFO - Filling up the DagBag from /home/airflow/.local/lib/python3.7/site-packages/airflow/example_dags/example_branch_operator.py
[2023-02-08T19:48:09.972+0000] {processor.py:753} INFO - DAG(s) dict_keys(['example_branch_operator']) retrieved from /home/airflow/.local/lib/python3.7/site-packages/airflow/example_dags/example_branch_operator.py
[2023-02-08T19:48:10.016+0000] {logging_mixin.py:137} INFO - [2023-02-08T19:48:10.016+0000] {dag.py:2690} INFO - Sync 1 DAGs
[2023-02-08T19:48:10.058+0000] {logging_mixin.py:137} INFO - [2023-02-08T19:48:10.058+0000] {dag.py:3441} INFO - Setting next_dagrun for example_branch_operator to 2023-02-07T00:00:00+00:00, run_after=2023-02-08T00:00:00+00:00
[2023-02-08T19:48:10.092+0000] {processor.py:175} INFO - Processing /home/airflow/.local/lib/python3.7/site-packages/airflow/example_dags/example_branch_operator.py took 0.156 seconds
[2023-02-08T19:48:40.580+0000] {processor.py:153} INFO - Started process (PID=2805) to work on /home/airflow/.local/lib/python3.7/site-packages/airflow/example_dags/example_branch_operator.py
[2023-02-08T19:48:40.581+0000] {processor.py:743} INFO - Processing file /home/airflow/.local/lib/python3.7/site-packages/airflow/example_dags/example_branch_operator.py for tasks to queue
[2023-02-08T19:48:40.582+0000] {logging_mixin.py:137} INFO - [2023-02-08T19:48:40.582+0000] {dagbag.py:538} INFO - Filling up the DagBag from /home/airflow/.local/lib/python3.7/site-packages/airflow/example_dags/example_branch_operator.py
[2023-02-08T19:48:40.602+0000] {processor.py:753} INFO - DAG(s) dict_keys(['example_branch_operator']) retrieved from /home/airflow/.local/lib/python3.7/site-packages/airflow/example_dags/example_branch_operator.py
[2023-02-08T19:48:40.631+0000] {logging_mixin.py:137} INFO - [2023-02-08T19:48:40.631+0000] {dag.py:2690} INFO - Sync 1 DAGs
[2023-02-08T19:48:40.658+0000] {logging_mixin.py:137} INFO - [2023-02-08T19:48:40.658+0000] {dag.py:3441} INFO - Setting next_dagrun for example_branch_operator to 2023-02-07T00:00:00+00:00, run_after=2023-02-08T00:00:00+00:00
[2023-02-08T19:48:40.686+0000] {processor.py:175} INFO - Processing /home/airflow/.local/lib/python3.7/site-packages/airflow/example_dags/example_branch_operator.py took 0.110 seconds
[2023-02-08T19:49:11.010+0000] {processor.py:153} INFO - Started process (PID=2871) to work on /home/airflow/.local/lib/python3.7/site-packages/airflow/example_dags/example_branch_operator.py
[2023-02-08T19:49:11.012+0000] {processor.py:743} INFO - Processing file /home/airflow/.local/lib/python3.7/site-packages/airflow/example_dags/example_branch_operator.py for tasks to queue
[2023-02-08T19:49:11.013+0000] {logging_mixin.py:137} INFO - [2023-02-08T19:49:11.012+0000] {dagbag.py:538} INFO - Filling up the DagBag from /home/airflow/.local/lib/python3.7/site-packages/airflow/example_dags/example_branch_operator.py
[2023-02-08T19:49:11.040+0000] {processor.py:753} INFO - DAG(s) dict_keys(['example_branch_operator']) retrieved from /home/airflow/.local/lib/python3.7/site-packages/airflow/example_dags/example_branch_operator.py
[2023-02-08T19:49:11.086+0000] {logging_mixin.py:137} INFO - [2023-02-08T19:49:11.086+0000] {dag.py:2690} INFO - Sync 1 DAGs
[2023-02-08T19:49:11.130+0000] {logging_mixin.py:137} INFO - [2023-02-08T19:49:11.130+0000] {dag.py:3441} INFO - Setting next_dagrun for example_branch_operator to 2023-02-07T00:00:00+00:00, run_after=2023-02-08T00:00:00+00:00
[2023-02-08T19:49:11.166+0000] {processor.py:175} INFO - Processing /home/airflow/.local/lib/python3.7/site-packages/airflow/example_dags/example_branch_operator.py took 0.162 seconds
[2023-02-08T19:49:41.417+0000] {processor.py:153} INFO - Started process (PID=2948) to work on /home/airflow/.local/lib/python3.7/site-packages/airflow/example_dags/example_branch_operator.py
[2023-02-08T19:49:41.419+0000] {processor.py:743} INFO - Processing file /home/airflow/.local/lib/python3.7/site-packages/airflow/example_dags/example_branch_operator.py for tasks to queue
[2023-02-08T19:49:41.420+0000] {logging_mixin.py:137} INFO - [2023-02-08T19:49:41.419+0000] {dagbag.py:538} INFO - Filling up the DagBag from /home/airflow/.local/lib/python3.7/site-packages/airflow/example_dags/example_branch_operator.py
[2023-02-08T19:49:41.447+0000] {processor.py:753} INFO - DAG(s) dict_keys(['example_branch_operator']) retrieved from /home/airflow/.local/lib/python3.7/site-packages/airflow/example_dags/example_branch_operator.py
[2023-02-08T19:49:41.479+0000] {logging_mixin.py:137} INFO - [2023-02-08T19:49:41.479+0000] {dag.py:2690} INFO - Sync 1 DAGs
[2023-02-08T19:49:41.508+0000] {logging_mixin.py:137} INFO - [2023-02-08T19:49:41.508+0000] {dag.py:3441} INFO - Setting next_dagrun for example_branch_operator to 2023-02-07T00:00:00+00:00, run_after=2023-02-08T00:00:00+00:00
[2023-02-08T19:49:41.535+0000] {processor.py:175} INFO - Processing /home/airflow/.local/lib/python3.7/site-packages/airflow/example_dags/example_branch_operator.py took 0.122 seconds
[2023-02-08T19:50:11.782+0000] {processor.py:153} INFO - Started process (PID=3013) to work on /home/airflow/.local/lib/python3.7/site-packages/airflow/example_dags/example_branch_operator.py
[2023-02-08T19:50:11.784+0000] {processor.py:743} INFO - Processing file /home/airflow/.local/lib/python3.7/site-packages/airflow/example_dags/example_branch_operator.py for tasks to queue
[2023-02-08T19:50:11.784+0000] {logging_mixin.py:137} INFO - [2023-02-08T19:50:11.784+0000] {dagbag.py:538} INFO - Filling up the DagBag from /home/airflow/.local/lib/python3.7/site-packages/airflow/example_dags/example_branch_operator.py
[2023-02-08T19:50:11.804+0000] {processor.py:753} INFO - DAG(s) dict_keys(['example_branch_operator']) retrieved from /home/airflow/.local/lib/python3.7/site-packages/airflow/example_dags/example_branch_operator.py
[2023-02-08T19:50:11.836+0000] {logging_mixin.py:137} INFO - [2023-02-08T19:50:11.836+0000] {dag.py:2690} INFO - Sync 1 DAGs
[2023-02-08T19:50:11.863+0000] {logging_mixin.py:137} INFO - [2023-02-08T19:50:11.863+0000] {dag.py:3441} INFO - Setting next_dagrun for example_branch_operator to 2023-02-07T00:00:00+00:00, run_after=2023-02-08T00:00:00+00:00
[2023-02-08T19:50:11.890+0000] {processor.py:175} INFO - Processing /home/airflow/.local/lib/python3.7/site-packages/airflow/example_dags/example_branch_operator.py took 0.112 seconds
[2023-02-08T19:50:42.900+0000] {processor.py:153} INFO - Started process (PID=3086) to work on /home/airflow/.local/lib/python3.7/site-packages/airflow/example_dags/example_branch_operator.py
[2023-02-08T19:50:42.902+0000] {processor.py:743} INFO - Processing file /home/airflow/.local/lib/python3.7/site-packages/airflow/example_dags/example_branch_operator.py for tasks to queue
[2023-02-08T19:50:42.903+0000] {logging_mixin.py:137} INFO - [2023-02-08T19:50:42.902+0000] {dagbag.py:538} INFO - Filling up the DagBag from /home/airflow/.local/lib/python3.7/site-packages/airflow/example_dags/example_branch_operator.py
[2023-02-08T19:50:42.936+0000] {processor.py:753} INFO - DAG(s) dict_keys(['example_branch_operator']) retrieved from /home/airflow/.local/lib/python3.7/site-packages/airflow/example_dags/example_branch_operator.py
[2023-02-08T19:50:42.991+0000] {logging_mixin.py:137} INFO - [2023-02-08T19:50:42.991+0000] {dag.py:2690} INFO - Sync 1 DAGs
[2023-02-08T19:50:43.033+0000] {logging_mixin.py:137} INFO - [2023-02-08T19:50:43.032+0000] {dag.py:3441} INFO - Setting next_dagrun for example_branch_operator to 2023-02-07T00:00:00+00:00, run_after=2023-02-08T00:00:00+00:00
[2023-02-08T19:50:43.069+0000] {processor.py:175} INFO - Processing /home/airflow/.local/lib/python3.7/site-packages/airflow/example_dags/example_branch_operator.py took 0.175 seconds
[2023-02-08T19:51:13.795+0000] {processor.py:153} INFO - Started process (PID=3155) to work on /home/airflow/.local/lib/python3.7/site-packages/airflow/example_dags/example_branch_operator.py
[2023-02-08T19:51:13.799+0000] {processor.py:743} INFO - Processing file /home/airflow/.local/lib/python3.7/site-packages/airflow/example_dags/example_branch_operator.py for tasks to queue
[2023-02-08T19:51:13.800+0000] {logging_mixin.py:137} INFO - [2023-02-08T19:51:13.800+0000] {dagbag.py:538} INFO - Filling up the DagBag from /home/airflow/.local/lib/python3.7/site-packages/airflow/example_dags/example_branch_operator.py
[2023-02-08T19:51:13.834+0000] {processor.py:753} INFO - DAG(s) dict_keys(['example_branch_operator']) retrieved from /home/airflow/.local/lib/python3.7/site-packages/airflow/example_dags/example_branch_operator.py
[2023-02-08T19:51:13.908+0000] {logging_mixin.py:137} INFO - [2023-02-08T19:51:13.908+0000] {dag.py:2690} INFO - Sync 1 DAGs
[2023-02-08T19:51:13.944+0000] {logging_mixin.py:137} INFO - [2023-02-08T19:51:13.944+0000] {dag.py:3441} INFO - Setting next_dagrun for example_branch_operator to 2023-02-07T00:00:00+00:00, run_after=2023-02-08T00:00:00+00:00
[2023-02-08T19:51:13.980+0000] {processor.py:175} INFO - Processing /home/airflow/.local/lib/python3.7/site-packages/airflow/example_dags/example_branch_operator.py took 0.191 seconds
[2023-02-08T19:51:44.583+0000] {processor.py:153} INFO - Started process (PID=3222) to work on /home/airflow/.local/lib/python3.7/site-packages/airflow/example_dags/example_branch_operator.py
[2023-02-08T19:51:44.586+0000] {processor.py:743} INFO - Processing file /home/airflow/.local/lib/python3.7/site-packages/airflow/example_dags/example_branch_operator.py for tasks to queue
[2023-02-08T19:51:44.587+0000] {logging_mixin.py:137} INFO - [2023-02-08T19:51:44.586+0000] {dagbag.py:538} INFO - Filling up the DagBag from /home/airflow/.local/lib/python3.7/site-packages/airflow/example_dags/example_branch_operator.py
[2023-02-08T19:51:44.612+0000] {processor.py:753} INFO - DAG(s) dict_keys(['example_branch_operator']) retrieved from /home/airflow/.local/lib/python3.7/site-packages/airflow/example_dags/example_branch_operator.py
[2023-02-08T19:51:44.647+0000] {logging_mixin.py:137} INFO - [2023-02-08T19:51:44.647+0000] {dag.py:2690} INFO - Sync 1 DAGs
[2023-02-08T19:51:44.675+0000] {logging_mixin.py:137} INFO - [2023-02-08T19:51:44.675+0000] {dag.py:3441} INFO - Setting next_dagrun for example_branch_operator to 2023-02-07T00:00:00+00:00, run_after=2023-02-08T00:00:00+00:00
[2023-02-08T19:51:44.706+0000] {processor.py:175} INFO - Processing /home/airflow/.local/lib/python3.7/site-packages/airflow/example_dags/example_branch_operator.py took 0.128 seconds
[2023-02-08T19:52:15.455+0000] {processor.py:153} INFO - Started process (PID=3299) to work on /home/airflow/.local/lib/python3.7/site-packages/airflow/example_dags/example_branch_operator.py
[2023-02-08T19:52:15.456+0000] {processor.py:743} INFO - Processing file /home/airflow/.local/lib/python3.7/site-packages/airflow/example_dags/example_branch_operator.py for tasks to queue
[2023-02-08T19:52:15.457+0000] {logging_mixin.py:137} INFO - [2023-02-08T19:52:15.457+0000] {dagbag.py:538} INFO - Filling up the DagBag from /home/airflow/.local/lib/python3.7/site-packages/airflow/example_dags/example_branch_operator.py
[2023-02-08T19:52:15.475+0000] {processor.py:753} INFO - DAG(s) dict_keys(['example_branch_operator']) retrieved from /home/airflow/.local/lib/python3.7/site-packages/airflow/example_dags/example_branch_operator.py
[2023-02-08T19:52:15.506+0000] {logging_mixin.py:137} INFO - [2023-02-08T19:52:15.505+0000] {dag.py:2690} INFO - Sync 1 DAGs
[2023-02-08T19:52:15.535+0000] {logging_mixin.py:137} INFO - [2023-02-08T19:52:15.535+0000] {dag.py:3441} INFO - Setting next_dagrun for example_branch_operator to 2023-02-07T00:00:00+00:00, run_after=2023-02-08T00:00:00+00:00
[2023-02-08T19:52:15.564+0000] {processor.py:175} INFO - Processing /home/airflow/.local/lib/python3.7/site-packages/airflow/example_dags/example_branch_operator.py took 0.112 seconds
[2023-02-08T19:52:46.247+0000] {processor.py:153} INFO - Started process (PID=3366) to work on /home/airflow/.local/lib/python3.7/site-packages/airflow/example_dags/example_branch_operator.py
[2023-02-08T19:52:46.248+0000] {processor.py:743} INFO - Processing file /home/airflow/.local/lib/python3.7/site-packages/airflow/example_dags/example_branch_operator.py for tasks to queue
[2023-02-08T19:52:46.249+0000] {logging_mixin.py:137} INFO - [2023-02-08T19:52:46.249+0000] {dagbag.py:538} INFO - Filling up the DagBag from /home/airflow/.local/lib/python3.7/site-packages/airflow/example_dags/example_branch_operator.py
[2023-02-08T19:52:46.268+0000] {processor.py:753} INFO - DAG(s) dict_keys(['example_branch_operator']) retrieved from /home/airflow/.local/lib/python3.7/site-packages/airflow/example_dags/example_branch_operator.py
[2023-02-08T19:52:46.300+0000] {logging_mixin.py:137} INFO - [2023-02-08T19:52:46.300+0000] {dag.py:2690} INFO - Sync 1 DAGs
[2023-02-08T19:52:46.328+0000] {logging_mixin.py:137} INFO - [2023-02-08T19:52:46.328+0000] {dag.py:3441} INFO - Setting next_dagrun for example_branch_operator to 2023-02-07T00:00:00+00:00, run_after=2023-02-08T00:00:00+00:00
[2023-02-08T19:52:46.356+0000] {processor.py:175} INFO - Processing /home/airflow/.local/lib/python3.7/site-packages/airflow/example_dags/example_branch_operator.py took 0.114 seconds
[2023-02-08T19:53:16.523+0000] {processor.py:153} INFO - Started process (PID=3444) to work on /home/airflow/.local/lib/python3.7/site-packages/airflow/example_dags/example_branch_operator.py
[2023-02-08T19:53:16.524+0000] {processor.py:743} INFO - Processing file /home/airflow/.local/lib/python3.7/site-packages/airflow/example_dags/example_branch_operator.py for tasks to queue
[2023-02-08T19:53:16.525+0000] {logging_mixin.py:137} INFO - [2023-02-08T19:53:16.525+0000] {dagbag.py:538} INFO - Filling up the DagBag from /home/airflow/.local/lib/python3.7/site-packages/airflow/example_dags/example_branch_operator.py
[2023-02-08T19:53:16.548+0000] {processor.py:753} INFO - DAG(s) dict_keys(['example_branch_operator']) retrieved from /home/airflow/.local/lib/python3.7/site-packages/airflow/example_dags/example_branch_operator.py
[2023-02-08T19:53:16.578+0000] {logging_mixin.py:137} INFO - [2023-02-08T19:53:16.578+0000] {dag.py:2690} INFO - Sync 1 DAGs
[2023-02-08T19:53:16.611+0000] {logging_mixin.py:137} INFO - [2023-02-08T19:53:16.611+0000] {dag.py:3441} INFO - Setting next_dagrun for example_branch_operator to 2023-02-07T00:00:00+00:00, run_after=2023-02-08T00:00:00+00:00
[2023-02-08T19:53:16.646+0000] {processor.py:175} INFO - Processing /home/airflow/.local/lib/python3.7/site-packages/airflow/example_dags/example_branch_operator.py took 0.129 seconds
[2023-02-08T19:53:47.619+0000] {processor.py:153} INFO - Started process (PID=3508) to work on /home/airflow/.local/lib/python3.7/site-packages/airflow/example_dags/example_branch_operator.py
[2023-02-08T19:53:47.623+0000] {processor.py:743} INFO - Processing file /home/airflow/.local/lib/python3.7/site-packages/airflow/example_dags/example_branch_operator.py for tasks to queue
[2023-02-08T19:53:47.625+0000] {logging_mixin.py:137} INFO - [2023-02-08T19:53:47.624+0000] {dagbag.py:538} INFO - Filling up the DagBag from /home/airflow/.local/lib/python3.7/site-packages/airflow/example_dags/example_branch_operator.py
[2023-02-08T19:53:47.656+0000] {processor.py:753} INFO - DAG(s) dict_keys(['example_branch_operator']) retrieved from /home/airflow/.local/lib/python3.7/site-packages/airflow/example_dags/example_branch_operator.py
[2023-02-08T19:53:47.692+0000] {logging_mixin.py:137} INFO - [2023-02-08T19:53:47.692+0000] {dag.py:2690} INFO - Sync 1 DAGs
[2023-02-08T19:53:47.722+0000] {logging_mixin.py:137} INFO - [2023-02-08T19:53:47.722+0000] {dag.py:3441} INFO - Setting next_dagrun for example_branch_operator to 2023-02-07T00:00:00+00:00, run_after=2023-02-08T00:00:00+00:00
[2023-02-08T19:53:47.752+0000] {processor.py:175} INFO - Processing /home/airflow/.local/lib/python3.7/site-packages/airflow/example_dags/example_branch_operator.py took 0.139 seconds
[2023-02-08T19:54:18.454+0000] {processor.py:153} INFO - Started process (PID=3580) to work on /home/airflow/.local/lib/python3.7/site-packages/airflow/example_dags/example_branch_operator.py
[2023-02-08T19:54:18.455+0000] {processor.py:743} INFO - Processing file /home/airflow/.local/lib/python3.7/site-packages/airflow/example_dags/example_branch_operator.py for tasks to queue
[2023-02-08T19:54:18.456+0000] {logging_mixin.py:137} INFO - [2023-02-08T19:54:18.456+0000] {dagbag.py:538} INFO - Filling up the DagBag from /home/airflow/.local/lib/python3.7/site-packages/airflow/example_dags/example_branch_operator.py
[2023-02-08T19:54:18.484+0000] {processor.py:753} INFO - DAG(s) dict_keys(['example_branch_operator']) retrieved from /home/airflow/.local/lib/python3.7/site-packages/airflow/example_dags/example_branch_operator.py
[2023-02-08T19:54:18.527+0000] {logging_mixin.py:137} INFO - [2023-02-08T19:54:18.526+0000] {dag.py:2690} INFO - Sync 1 DAGs
[2023-02-08T19:54:18.571+0000] {logging_mixin.py:137} INFO - [2023-02-08T19:54:18.571+0000] {dag.py:3441} INFO - Setting next_dagrun for example_branch_operator to 2023-02-07T00:00:00+00:00, run_after=2023-02-08T00:00:00+00:00
[2023-02-08T19:54:18.607+0000] {processor.py:175} INFO - Processing /home/airflow/.local/lib/python3.7/site-packages/airflow/example_dags/example_branch_operator.py took 0.159 seconds
[2023-02-08T19:54:49.035+0000] {processor.py:153} INFO - Started process (PID=3651) to work on /home/airflow/.local/lib/python3.7/site-packages/airflow/example_dags/example_branch_operator.py
[2023-02-08T19:54:49.036+0000] {processor.py:743} INFO - Processing file /home/airflow/.local/lib/python3.7/site-packages/airflow/example_dags/example_branch_operator.py for tasks to queue
[2023-02-08T19:54:49.036+0000] {logging_mixin.py:137} INFO - [2023-02-08T19:54:49.036+0000] {dagbag.py:538} INFO - Filling up the DagBag from /home/airflow/.local/lib/python3.7/site-packages/airflow/example_dags/example_branch_operator.py
[2023-02-08T19:54:49.057+0000] {processor.py:753} INFO - DAG(s) dict_keys(['example_branch_operator']) retrieved from /home/airflow/.local/lib/python3.7/site-packages/airflow/example_dags/example_branch_operator.py
[2023-02-08T19:54:49.100+0000] {logging_mixin.py:137} INFO - [2023-02-08T19:54:49.099+0000] {dag.py:2690} INFO - Sync 1 DAGs
[2023-02-08T19:54:49.153+0000] {logging_mixin.py:137} INFO - [2023-02-08T19:54:49.153+0000] {dag.py:3441} INFO - Setting next_dagrun for example_branch_operator to 2023-02-07T00:00:00+00:00, run_after=2023-02-08T00:00:00+00:00
[2023-02-08T19:54:49.187+0000] {processor.py:175} INFO - Processing /home/airflow/.local/lib/python3.7/site-packages/airflow/example_dags/example_branch_operator.py took 0.156 seconds
[2023-02-08T19:55:19.414+0000] {processor.py:153} INFO - Started process (PID=3715) to work on /home/airflow/.local/lib/python3.7/site-packages/airflow/example_dags/example_branch_operator.py
[2023-02-08T19:55:19.415+0000] {processor.py:743} INFO - Processing file /home/airflow/.local/lib/python3.7/site-packages/airflow/example_dags/example_branch_operator.py for tasks to queue
[2023-02-08T19:55:19.416+0000] {logging_mixin.py:137} INFO - [2023-02-08T19:55:19.416+0000] {dagbag.py:538} INFO - Filling up the DagBag from /home/airflow/.local/lib/python3.7/site-packages/airflow/example_dags/example_branch_operator.py
[2023-02-08T19:55:19.441+0000] {processor.py:753} INFO - DAG(s) dict_keys(['example_branch_operator']) retrieved from /home/airflow/.local/lib/python3.7/site-packages/airflow/example_dags/example_branch_operator.py
[2023-02-08T19:55:19.472+0000] {logging_mixin.py:137} INFO - [2023-02-08T19:55:19.472+0000] {dag.py:2690} INFO - Sync 1 DAGs
[2023-02-08T19:55:19.504+0000] {logging_mixin.py:137} INFO - [2023-02-08T19:55:19.504+0000] {dag.py:3441} INFO - Setting next_dagrun for example_branch_operator to 2023-02-07T00:00:00+00:00, run_after=2023-02-08T00:00:00+00:00
[2023-02-08T19:55:19.530+0000] {processor.py:175} INFO - Processing /home/airflow/.local/lib/python3.7/site-packages/airflow/example_dags/example_branch_operator.py took 0.119 seconds
[2023-02-08T19:55:50.094+0000] {processor.py:153} INFO - Started process (PID=3789) to work on /home/airflow/.local/lib/python3.7/site-packages/airflow/example_dags/example_branch_operator.py
[2023-02-08T19:55:50.096+0000] {processor.py:743} INFO - Processing file /home/airflow/.local/lib/python3.7/site-packages/airflow/example_dags/example_branch_operator.py for tasks to queue
[2023-02-08T19:55:50.097+0000] {logging_mixin.py:137} INFO - [2023-02-08T19:55:50.097+0000] {dagbag.py:538} INFO - Filling up the DagBag from /home/airflow/.local/lib/python3.7/site-packages/airflow/example_dags/example_branch_operator.py
[2023-02-08T19:55:50.128+0000] {processor.py:753} INFO - DAG(s) dict_keys(['example_branch_operator']) retrieved from /home/airflow/.local/lib/python3.7/site-packages/airflow/example_dags/example_branch_operator.py
[2023-02-08T19:55:50.173+0000] {logging_mixin.py:137} INFO - [2023-02-08T19:55:50.173+0000] {dag.py:2690} INFO - Sync 1 DAGs
[2023-02-08T19:55:50.223+0000] {logging_mixin.py:137} INFO - [2023-02-08T19:55:50.223+0000] {dag.py:3441} INFO - Setting next_dagrun for example_branch_operator to 2023-02-07T00:00:00+00:00, run_after=2023-02-08T00:00:00+00:00
[2023-02-08T19:55:50.279+0000] {processor.py:175} INFO - Processing /home/airflow/.local/lib/python3.7/site-packages/airflow/example_dags/example_branch_operator.py took 0.190 seconds
[2023-02-08T19:56:20.370+0000] {processor.py:153} INFO - Started process (PID=3856) to work on /home/airflow/.local/lib/python3.7/site-packages/airflow/example_dags/example_branch_operator.py
[2023-02-08T19:56:20.371+0000] {processor.py:743} INFO - Processing file /home/airflow/.local/lib/python3.7/site-packages/airflow/example_dags/example_branch_operator.py for tasks to queue
[2023-02-08T19:56:20.372+0000] {logging_mixin.py:137} INFO - [2023-02-08T19:56:20.372+0000] {dagbag.py:538} INFO - Filling up the DagBag from /home/airflow/.local/lib/python3.7/site-packages/airflow/example_dags/example_branch_operator.py
[2023-02-08T19:56:20.392+0000] {processor.py:753} INFO - DAG(s) dict_keys(['example_branch_operator']) retrieved from /home/airflow/.local/lib/python3.7/site-packages/airflow/example_dags/example_branch_operator.py
[2023-02-08T19:56:20.431+0000] {logging_mixin.py:137} INFO - [2023-02-08T19:56:20.430+0000] {dag.py:2690} INFO - Sync 1 DAGs
[2023-02-08T19:56:20.467+0000] {logging_mixin.py:137} INFO - [2023-02-08T19:56:20.467+0000] {dag.py:3441} INFO - Setting next_dagrun for example_branch_operator to 2023-02-07T00:00:00+00:00, run_after=2023-02-08T00:00:00+00:00
[2023-02-08T19:56:20.494+0000] {processor.py:175} INFO - Processing /home/airflow/.local/lib/python3.7/site-packages/airflow/example_dags/example_branch_operator.py took 0.128 seconds
[2023-02-08T19:56:50.703+0000] {processor.py:153} INFO - Started process (PID=3922) to work on /home/airflow/.local/lib/python3.7/site-packages/airflow/example_dags/example_branch_operator.py
[2023-02-08T19:56:50.704+0000] {processor.py:743} INFO - Processing file /home/airflow/.local/lib/python3.7/site-packages/airflow/example_dags/example_branch_operator.py for tasks to queue
[2023-02-08T19:56:50.704+0000] {logging_mixin.py:137} INFO - [2023-02-08T19:56:50.704+0000] {dagbag.py:538} INFO - Filling up the DagBag from /home/airflow/.local/lib/python3.7/site-packages/airflow/example_dags/example_branch_operator.py
[2023-02-08T19:56:50.731+0000] {processor.py:753} INFO - DAG(s) dict_keys(['example_branch_operator']) retrieved from /home/airflow/.local/lib/python3.7/site-packages/airflow/example_dags/example_branch_operator.py
[2023-02-08T19:56:50.773+0000] {logging_mixin.py:137} INFO - [2023-02-08T19:56:50.773+0000] {dag.py:2690} INFO - Sync 1 DAGs
[2023-02-08T19:56:50.820+0000] {logging_mixin.py:137} INFO - [2023-02-08T19:56:50.820+0000] {dag.py:3441} INFO - Setting next_dagrun for example_branch_operator to 2023-02-07T00:00:00+00:00, run_after=2023-02-08T00:00:00+00:00
[2023-02-08T19:56:50.857+0000] {processor.py:175} INFO - Processing /home/airflow/.local/lib/python3.7/site-packages/airflow/example_dags/example_branch_operator.py took 0.158 seconds
[2023-02-08T19:57:21.795+0000] {processor.py:153} INFO - Started process (PID=4000) to work on /home/airflow/.local/lib/python3.7/site-packages/airflow/example_dags/example_branch_operator.py
[2023-02-08T19:57:21.796+0000] {processor.py:743} INFO - Processing file /home/airflow/.local/lib/python3.7/site-packages/airflow/example_dags/example_branch_operator.py for tasks to queue
[2023-02-08T19:57:21.797+0000] {logging_mixin.py:137} INFO - [2023-02-08T19:57:21.797+0000] {dagbag.py:538} INFO - Filling up the DagBag from /home/airflow/.local/lib/python3.7/site-packages/airflow/example_dags/example_branch_operator.py
[2023-02-08T19:57:21.818+0000] {processor.py:753} INFO - DAG(s) dict_keys(['example_branch_operator']) retrieved from /home/airflow/.local/lib/python3.7/site-packages/airflow/example_dags/example_branch_operator.py
[2023-02-08T19:57:21.860+0000] {logging_mixin.py:137} INFO - [2023-02-08T19:57:21.859+0000] {dag.py:2690} INFO - Sync 1 DAGs
[2023-02-08T19:57:21.906+0000] {logging_mixin.py:137} INFO - [2023-02-08T19:57:21.906+0000] {dag.py:3441} INFO - Setting next_dagrun for example_branch_operator to 2023-02-07T00:00:00+00:00, run_after=2023-02-08T00:00:00+00:00
[2023-02-08T19:57:21.939+0000] {processor.py:175} INFO - Processing /home/airflow/.local/lib/python3.7/site-packages/airflow/example_dags/example_branch_operator.py took 0.148 seconds
[2023-02-08T19:57:52.291+0000] {processor.py:153} INFO - Started process (PID=4065) to work on /home/airflow/.local/lib/python3.7/site-packages/airflow/example_dags/example_branch_operator.py
[2023-02-08T19:57:52.292+0000] {processor.py:743} INFO - Processing file /home/airflow/.local/lib/python3.7/site-packages/airflow/example_dags/example_branch_operator.py for tasks to queue
[2023-02-08T19:57:52.292+0000] {logging_mixin.py:137} INFO - [2023-02-08T19:57:52.292+0000] {dagbag.py:538} INFO - Filling up the DagBag from /home/airflow/.local/lib/python3.7/site-packages/airflow/example_dags/example_branch_operator.py
[2023-02-08T19:57:52.315+0000] {processor.py:753} INFO - DAG(s) dict_keys(['example_branch_operator']) retrieved from /home/airflow/.local/lib/python3.7/site-packages/airflow/example_dags/example_branch_operator.py
[2023-02-08T19:57:52.354+0000] {logging_mixin.py:137} INFO - [2023-02-08T19:57:52.354+0000] {dag.py:2690} INFO - Sync 1 DAGs
[2023-02-08T19:57:52.396+0000] {logging_mixin.py:137} INFO - [2023-02-08T19:57:52.396+0000] {dag.py:3441} INFO - Setting next_dagrun for example_branch_operator to 2023-02-07T00:00:00+00:00, run_after=2023-02-08T00:00:00+00:00
[2023-02-08T19:57:52.429+0000] {processor.py:175} INFO - Processing /home/airflow/.local/lib/python3.7/site-packages/airflow/example_dags/example_branch_operator.py took 0.143 seconds
[2023-02-08T19:58:22.865+0000] {processor.py:153} INFO - Started process (PID=4138) to work on /home/airflow/.local/lib/python3.7/site-packages/airflow/example_dags/example_branch_operator.py
[2023-02-08T19:58:22.867+0000] {processor.py:743} INFO - Processing file /home/airflow/.local/lib/python3.7/site-packages/airflow/example_dags/example_branch_operator.py for tasks to queue
[2023-02-08T19:58:22.868+0000] {logging_mixin.py:137} INFO - [2023-02-08T19:58:22.868+0000] {dagbag.py:538} INFO - Filling up the DagBag from /home/airflow/.local/lib/python3.7/site-packages/airflow/example_dags/example_branch_operator.py
[2023-02-08T19:58:22.896+0000] {processor.py:753} INFO - DAG(s) dict_keys(['example_branch_operator']) retrieved from /home/airflow/.local/lib/python3.7/site-packages/airflow/example_dags/example_branch_operator.py
[2023-02-08T19:58:22.940+0000] {logging_mixin.py:137} INFO - [2023-02-08T19:58:22.940+0000] {dag.py:2690} INFO - Sync 1 DAGs
[2023-02-08T19:58:22.983+0000] {logging_mixin.py:137} INFO - [2023-02-08T19:58:22.982+0000] {dag.py:3441} INFO - Setting next_dagrun for example_branch_operator to 2023-02-07T00:00:00+00:00, run_after=2023-02-08T00:00:00+00:00
[2023-02-08T19:58:23.039+0000] {processor.py:175} INFO - Processing /home/airflow/.local/lib/python3.7/site-packages/airflow/example_dags/example_branch_operator.py took 0.179 seconds
[2023-02-08T19:58:53.589+0000] {processor.py:153} INFO - Started process (PID=4209) to work on /home/airflow/.local/lib/python3.7/site-packages/airflow/example_dags/example_branch_operator.py
[2023-02-08T19:58:53.590+0000] {processor.py:743} INFO - Processing file /home/airflow/.local/lib/python3.7/site-packages/airflow/example_dags/example_branch_operator.py for tasks to queue
[2023-02-08T19:58:53.591+0000] {logging_mixin.py:137} INFO - [2023-02-08T19:58:53.591+0000] {dagbag.py:538} INFO - Filling up the DagBag from /home/airflow/.local/lib/python3.7/site-packages/airflow/example_dags/example_branch_operator.py
[2023-02-08T19:58:53.612+0000] {processor.py:753} INFO - DAG(s) dict_keys(['example_branch_operator']) retrieved from /home/airflow/.local/lib/python3.7/site-packages/airflow/example_dags/example_branch_operator.py
[2023-02-08T19:58:53.645+0000] {logging_mixin.py:137} INFO - [2023-02-08T19:58:53.644+0000] {dag.py:2690} INFO - Sync 1 DAGs
[2023-02-08T19:58:53.673+0000] {logging_mixin.py:137} INFO - [2023-02-08T19:58:53.673+0000] {dag.py:3441} INFO - Setting next_dagrun for example_branch_operator to 2023-02-07T00:00:00+00:00, run_after=2023-02-08T00:00:00+00:00
[2023-02-08T19:58:53.699+0000] {processor.py:175} INFO - Processing /home/airflow/.local/lib/python3.7/site-packages/airflow/example_dags/example_branch_operator.py took 0.115 seconds
[2023-02-08T19:59:24.199+0000] {processor.py:153} INFO - Started process (PID=4275) to work on /home/airflow/.local/lib/python3.7/site-packages/airflow/example_dags/example_branch_operator.py
[2023-02-08T19:59:24.201+0000] {processor.py:743} INFO - Processing file /home/airflow/.local/lib/python3.7/site-packages/airflow/example_dags/example_branch_operator.py for tasks to queue
[2023-02-08T19:59:24.201+0000] {logging_mixin.py:137} INFO - [2023-02-08T19:59:24.201+0000] {dagbag.py:538} INFO - Filling up the DagBag from /home/airflow/.local/lib/python3.7/site-packages/airflow/example_dags/example_branch_operator.py
[2023-02-08T19:59:24.221+0000] {processor.py:753} INFO - DAG(s) dict_keys(['example_branch_operator']) retrieved from /home/airflow/.local/lib/python3.7/site-packages/airflow/example_dags/example_branch_operator.py
[2023-02-08T19:59:24.259+0000] {logging_mixin.py:137} INFO - [2023-02-08T19:59:24.259+0000] {dag.py:2690} INFO - Sync 1 DAGs
[2023-02-08T19:59:24.293+0000] {logging_mixin.py:137} INFO - [2023-02-08T19:59:24.293+0000] {dag.py:3441} INFO - Setting next_dagrun for example_branch_operator to 2023-02-07T00:00:00+00:00, run_after=2023-02-08T00:00:00+00:00
[2023-02-08T19:59:24.319+0000] {processor.py:175} INFO - Processing /home/airflow/.local/lib/python3.7/site-packages/airflow/example_dags/example_branch_operator.py took 0.126 seconds
[2023-02-08T19:59:55.113+0000] {processor.py:153} INFO - Started process (PID=4352) to work on /home/airflow/.local/lib/python3.7/site-packages/airflow/example_dags/example_branch_operator.py
[2023-02-08T19:59:55.115+0000] {processor.py:743} INFO - Processing file /home/airflow/.local/lib/python3.7/site-packages/airflow/example_dags/example_branch_operator.py for tasks to queue
[2023-02-08T19:59:55.115+0000] {logging_mixin.py:137} INFO - [2023-02-08T19:59:55.115+0000] {dagbag.py:538} INFO - Filling up the DagBag from /home/airflow/.local/lib/python3.7/site-packages/airflow/example_dags/example_branch_operator.py
[2023-02-08T19:59:55.135+0000] {processor.py:753} INFO - DAG(s) dict_keys(['example_branch_operator']) retrieved from /home/airflow/.local/lib/python3.7/site-packages/airflow/example_dags/example_branch_operator.py
[2023-02-08T19:59:55.171+0000] {logging_mixin.py:137} INFO - [2023-02-08T19:59:55.170+0000] {dag.py:2690} INFO - Sync 1 DAGs
[2023-02-08T19:59:55.203+0000] {logging_mixin.py:137} INFO - [2023-02-08T19:59:55.203+0000] {dag.py:3441} INFO - Setting next_dagrun for example_branch_operator to 2023-02-07T00:00:00+00:00, run_after=2023-02-08T00:00:00+00:00
[2023-02-08T19:59:55.229+0000] {processor.py:175} INFO - Processing /home/airflow/.local/lib/python3.7/site-packages/airflow/example_dags/example_branch_operator.py took 0.121 seconds
