[2023-02-09T22:42:26.639+0000] {processor.py:153} INFO - Started process (PID=86) to work on /home/airflow/.local/lib/python3.7/site-packages/airflow/example_dags/example_sensors.py
[2023-02-09T22:42:26.640+0000] {processor.py:743} INFO - Processing file /home/airflow/.local/lib/python3.7/site-packages/airflow/example_dags/example_sensors.py for tasks to queue
[2023-02-09T22:42:26.641+0000] {logging_mixin.py:137} INFO - [2023-02-09T22:42:26.641+0000] {dagbag.py:538} INFO - Filling up the DagBag from /home/airflow/.local/lib/python3.7/site-packages/airflow/example_dags/example_sensors.py
[2023-02-09T22:42:26.705+0000] {processor.py:753} INFO - DAG(s) dict_keys(['example_sensors']) retrieved from /home/airflow/.local/lib/python3.7/site-packages/airflow/example_dags/example_sensors.py
[2023-02-09T22:42:26.748+0000] {logging_mixin.py:137} INFO - [2023-02-09T22:42:26.748+0000] {dag.py:2690} INFO - Sync 1 DAGs
[2023-02-09T22:42:26.802+0000] {logging_mixin.py:137} INFO - [2023-02-09T22:42:26.802+0000] {dag.py:3441} INFO - Setting next_dagrun for example_sensors to None, run_after=None
[2023-02-09T22:42:26.871+0000] {processor.py:175} INFO - Processing /home/airflow/.local/lib/python3.7/site-packages/airflow/example_dags/example_sensors.py took 0.238 seconds
[2023-02-09T22:42:57.739+0000] {processor.py:153} INFO - Started process (PID=153) to work on /home/airflow/.local/lib/python3.7/site-packages/airflow/example_dags/example_sensors.py
[2023-02-09T22:42:57.741+0000] {processor.py:743} INFO - Processing file /home/airflow/.local/lib/python3.7/site-packages/airflow/example_dags/example_sensors.py for tasks to queue
[2023-02-09T22:42:57.742+0000] {logging_mixin.py:137} INFO - [2023-02-09T22:42:57.741+0000] {dagbag.py:538} INFO - Filling up the DagBag from /home/airflow/.local/lib/python3.7/site-packages/airflow/example_dags/example_sensors.py
[2023-02-09T22:42:57.772+0000] {processor.py:753} INFO - DAG(s) dict_keys(['example_sensors']) retrieved from /home/airflow/.local/lib/python3.7/site-packages/airflow/example_dags/example_sensors.py
[2023-02-09T22:42:57.815+0000] {logging_mixin.py:137} INFO - [2023-02-09T22:42:57.815+0000] {dag.py:2690} INFO - Sync 1 DAGs
[2023-02-09T22:42:57.847+0000] {logging_mixin.py:137} INFO - [2023-02-09T22:42:57.846+0000] {dag.py:3441} INFO - Setting next_dagrun for example_sensors to None, run_after=None
[2023-02-09T22:42:57.878+0000] {processor.py:175} INFO - Processing /home/airflow/.local/lib/python3.7/site-packages/airflow/example_dags/example_sensors.py took 0.144 seconds
[2023-02-09T22:43:28.248+0000] {processor.py:153} INFO - Started process (PID=231) to work on /home/airflow/.local/lib/python3.7/site-packages/airflow/example_dags/example_sensors.py
[2023-02-09T22:43:28.249+0000] {processor.py:743} INFO - Processing file /home/airflow/.local/lib/python3.7/site-packages/airflow/example_dags/example_sensors.py for tasks to queue
[2023-02-09T22:43:28.250+0000] {logging_mixin.py:137} INFO - [2023-02-09T22:43:28.250+0000] {dagbag.py:538} INFO - Filling up the DagBag from /home/airflow/.local/lib/python3.7/site-packages/airflow/example_dags/example_sensors.py
[2023-02-09T22:43:28.281+0000] {processor.py:753} INFO - DAG(s) dict_keys(['example_sensors']) retrieved from /home/airflow/.local/lib/python3.7/site-packages/airflow/example_dags/example_sensors.py
[2023-02-09T22:43:28.322+0000] {logging_mixin.py:137} INFO - [2023-02-09T22:43:28.322+0000] {dag.py:2690} INFO - Sync 1 DAGs
[2023-02-09T22:43:28.359+0000] {logging_mixin.py:137} INFO - [2023-02-09T22:43:28.359+0000] {dag.py:3441} INFO - Setting next_dagrun for example_sensors to None, run_after=None
[2023-02-09T22:43:28.392+0000] {processor.py:175} INFO - Processing /home/airflow/.local/lib/python3.7/site-packages/airflow/example_dags/example_sensors.py took 0.149 seconds
[2023-02-09T22:43:59.044+0000] {processor.py:153} INFO - Started process (PID=296) to work on /home/airflow/.local/lib/python3.7/site-packages/airflow/example_dags/example_sensors.py
[2023-02-09T22:43:59.045+0000] {processor.py:743} INFO - Processing file /home/airflow/.local/lib/python3.7/site-packages/airflow/example_dags/example_sensors.py for tasks to queue
[2023-02-09T22:43:59.046+0000] {logging_mixin.py:137} INFO - [2023-02-09T22:43:59.046+0000] {dagbag.py:538} INFO - Filling up the DagBag from /home/airflow/.local/lib/python3.7/site-packages/airflow/example_dags/example_sensors.py
[2023-02-09T22:43:59.067+0000] {processor.py:753} INFO - DAG(s) dict_keys(['example_sensors']) retrieved from /home/airflow/.local/lib/python3.7/site-packages/airflow/example_dags/example_sensors.py
[2023-02-09T22:43:59.106+0000] {logging_mixin.py:137} INFO - [2023-02-09T22:43:59.106+0000] {dag.py:2690} INFO - Sync 1 DAGs
[2023-02-09T22:43:59.138+0000] {logging_mixin.py:137} INFO - [2023-02-09T22:43:59.138+0000] {dag.py:3441} INFO - Setting next_dagrun for example_sensors to None, run_after=None
[2023-02-09T22:43:59.167+0000] {processor.py:175} INFO - Processing /home/airflow/.local/lib/python3.7/site-packages/airflow/example_dags/example_sensors.py took 0.128 seconds
[2023-02-09T22:44:30.358+0000] {processor.py:153} INFO - Started process (PID=372) to work on /home/airflow/.local/lib/python3.7/site-packages/airflow/example_dags/example_sensors.py
[2023-02-09T22:44:30.361+0000] {processor.py:743} INFO - Processing file /home/airflow/.local/lib/python3.7/site-packages/airflow/example_dags/example_sensors.py for tasks to queue
[2023-02-09T22:44:30.362+0000] {logging_mixin.py:137} INFO - [2023-02-09T22:44:30.362+0000] {dagbag.py:538} INFO - Filling up the DagBag from /home/airflow/.local/lib/python3.7/site-packages/airflow/example_dags/example_sensors.py
[2023-02-09T22:44:30.427+0000] {processor.py:753} INFO - DAG(s) dict_keys(['example_sensors']) retrieved from /home/airflow/.local/lib/python3.7/site-packages/airflow/example_dags/example_sensors.py
[2023-02-09T22:44:30.471+0000] {logging_mixin.py:137} INFO - [2023-02-09T22:44:30.470+0000] {dag.py:2690} INFO - Sync 1 DAGs
[2023-02-09T22:44:30.512+0000] {logging_mixin.py:137} INFO - [2023-02-09T22:44:30.511+0000] {dag.py:3441} INFO - Setting next_dagrun for example_sensors to None, run_after=None
[2023-02-09T22:44:30.608+0000] {processor.py:175} INFO - Processing /home/airflow/.local/lib/python3.7/site-packages/airflow/example_dags/example_sensors.py took 0.256 seconds
[2023-02-09T22:45:01.042+0000] {processor.py:153} INFO - Started process (PID=440) to work on /home/airflow/.local/lib/python3.7/site-packages/airflow/example_dags/example_sensors.py
[2023-02-09T22:45:01.044+0000] {processor.py:743} INFO - Processing file /home/airflow/.local/lib/python3.7/site-packages/airflow/example_dags/example_sensors.py for tasks to queue
[2023-02-09T22:45:01.045+0000] {logging_mixin.py:137} INFO - [2023-02-09T22:45:01.044+0000] {dagbag.py:538} INFO - Filling up the DagBag from /home/airflow/.local/lib/python3.7/site-packages/airflow/example_dags/example_sensors.py
[2023-02-09T22:45:01.073+0000] {processor.py:753} INFO - DAG(s) dict_keys(['example_sensors']) retrieved from /home/airflow/.local/lib/python3.7/site-packages/airflow/example_dags/example_sensors.py
[2023-02-09T22:45:01.108+0000] {logging_mixin.py:137} INFO - [2023-02-09T22:45:01.108+0000] {dag.py:2690} INFO - Sync 1 DAGs
[2023-02-09T22:45:01.139+0000] {logging_mixin.py:137} INFO - [2023-02-09T22:45:01.139+0000] {dag.py:3441} INFO - Setting next_dagrun for example_sensors to None, run_after=None
[2023-02-09T22:45:01.166+0000] {processor.py:175} INFO - Processing /home/airflow/.local/lib/python3.7/site-packages/airflow/example_dags/example_sensors.py took 0.128 seconds
[2023-02-09T22:45:31.618+0000] {processor.py:153} INFO - Started process (PID=505) to work on /home/airflow/.local/lib/python3.7/site-packages/airflow/example_dags/example_sensors.py
[2023-02-09T22:45:31.619+0000] {processor.py:743} INFO - Processing file /home/airflow/.local/lib/python3.7/site-packages/airflow/example_dags/example_sensors.py for tasks to queue
[2023-02-09T22:45:31.619+0000] {logging_mixin.py:137} INFO - [2023-02-09T22:45:31.619+0000] {dagbag.py:538} INFO - Filling up the DagBag from /home/airflow/.local/lib/python3.7/site-packages/airflow/example_dags/example_sensors.py
[2023-02-09T22:45:31.641+0000] {processor.py:753} INFO - DAG(s) dict_keys(['example_sensors']) retrieved from /home/airflow/.local/lib/python3.7/site-packages/airflow/example_dags/example_sensors.py
[2023-02-09T22:45:31.672+0000] {logging_mixin.py:137} INFO - [2023-02-09T22:45:31.672+0000] {dag.py:2690} INFO - Sync 1 DAGs
[2023-02-09T22:45:31.698+0000] {logging_mixin.py:137} INFO - [2023-02-09T22:45:31.698+0000] {dag.py:3441} INFO - Setting next_dagrun for example_sensors to None, run_after=None
[2023-02-09T22:45:31.724+0000] {processor.py:175} INFO - Processing /home/airflow/.local/lib/python3.7/site-packages/airflow/example_dags/example_sensors.py took 0.111 seconds
[2023-02-09T22:46:02.023+0000] {processor.py:153} INFO - Started process (PID=578) to work on /home/airflow/.local/lib/python3.7/site-packages/airflow/example_dags/example_sensors.py
[2023-02-09T22:46:02.025+0000] {processor.py:743} INFO - Processing file /home/airflow/.local/lib/python3.7/site-packages/airflow/example_dags/example_sensors.py for tasks to queue
[2023-02-09T22:46:02.026+0000] {logging_mixin.py:137} INFO - [2023-02-09T22:46:02.026+0000] {dagbag.py:538} INFO - Filling up the DagBag from /home/airflow/.local/lib/python3.7/site-packages/airflow/example_dags/example_sensors.py
[2023-02-09T22:46:02.058+0000] {processor.py:753} INFO - DAG(s) dict_keys(['example_sensors']) retrieved from /home/airflow/.local/lib/python3.7/site-packages/airflow/example_dags/example_sensors.py
[2023-02-09T22:46:02.102+0000] {logging_mixin.py:137} INFO - [2023-02-09T22:46:02.102+0000] {dag.py:2690} INFO - Sync 1 DAGs
[2023-02-09T22:46:02.144+0000] {logging_mixin.py:137} INFO - [2023-02-09T22:46:02.144+0000] {dag.py:3441} INFO - Setting next_dagrun for example_sensors to None, run_after=None
[2023-02-09T22:46:02.181+0000] {processor.py:175} INFO - Processing /home/airflow/.local/lib/python3.7/site-packages/airflow/example_dags/example_sensors.py took 0.163 seconds
[2023-02-09T22:46:32.432+0000] {processor.py:153} INFO - Started process (PID=647) to work on /home/airflow/.local/lib/python3.7/site-packages/airflow/example_dags/example_sensors.py
[2023-02-09T22:46:32.433+0000] {processor.py:743} INFO - Processing file /home/airflow/.local/lib/python3.7/site-packages/airflow/example_dags/example_sensors.py for tasks to queue
[2023-02-09T22:46:32.434+0000] {logging_mixin.py:137} INFO - [2023-02-09T22:46:32.434+0000] {dagbag.py:538} INFO - Filling up the DagBag from /home/airflow/.local/lib/python3.7/site-packages/airflow/example_dags/example_sensors.py
[2023-02-09T22:46:32.455+0000] {processor.py:753} INFO - DAG(s) dict_keys(['example_sensors']) retrieved from /home/airflow/.local/lib/python3.7/site-packages/airflow/example_dags/example_sensors.py
[2023-02-09T22:46:32.486+0000] {logging_mixin.py:137} INFO - [2023-02-09T22:46:32.485+0000] {dag.py:2690} INFO - Sync 1 DAGs
[2023-02-09T22:46:32.518+0000] {logging_mixin.py:137} INFO - [2023-02-09T22:46:32.518+0000] {dag.py:3441} INFO - Setting next_dagrun for example_sensors to None, run_after=None
[2023-02-09T22:46:32.585+0000] {processor.py:175} INFO - Processing /home/airflow/.local/lib/python3.7/site-packages/airflow/example_dags/example_sensors.py took 0.157 seconds
[2023-02-09T22:47:02.862+0000] {processor.py:153} INFO - Started process (PID=712) to work on /home/airflow/.local/lib/python3.7/site-packages/airflow/example_dags/example_sensors.py
[2023-02-09T22:47:02.892+0000] {processor.py:743} INFO - Processing file /home/airflow/.local/lib/python3.7/site-packages/airflow/example_dags/example_sensors.py for tasks to queue
[2023-02-09T22:47:02.893+0000] {logging_mixin.py:137} INFO - [2023-02-09T22:47:02.892+0000] {dagbag.py:538} INFO - Filling up the DagBag from /home/airflow/.local/lib/python3.7/site-packages/airflow/example_dags/example_sensors.py
[2023-02-09T22:47:02.941+0000] {processor.py:753} INFO - DAG(s) dict_keys(['example_sensors']) retrieved from /home/airflow/.local/lib/python3.7/site-packages/airflow/example_dags/example_sensors.py
[2023-02-09T22:47:03.050+0000] {logging_mixin.py:137} INFO - [2023-02-09T22:47:03.050+0000] {dag.py:2690} INFO - Sync 1 DAGs
[2023-02-09T22:47:03.090+0000] {logging_mixin.py:137} INFO - [2023-02-09T22:47:03.089+0000] {dag.py:3441} INFO - Setting next_dagrun for example_sensors to None, run_after=None
[2023-02-09T22:47:03.130+0000] {processor.py:175} INFO - Processing /home/airflow/.local/lib/python3.7/site-packages/airflow/example_dags/example_sensors.py took 0.274 seconds
[2023-02-09T22:47:34.158+0000] {processor.py:153} INFO - Started process (PID=792) to work on /home/airflow/.local/lib/python3.7/site-packages/airflow/example_dags/example_sensors.py
[2023-02-09T22:47:34.159+0000] {processor.py:743} INFO - Processing file /home/airflow/.local/lib/python3.7/site-packages/airflow/example_dags/example_sensors.py for tasks to queue
[2023-02-09T22:47:34.160+0000] {logging_mixin.py:137} INFO - [2023-02-09T22:47:34.160+0000] {dagbag.py:538} INFO - Filling up the DagBag from /home/airflow/.local/lib/python3.7/site-packages/airflow/example_dags/example_sensors.py
[2023-02-09T22:47:34.184+0000] {processor.py:753} INFO - DAG(s) dict_keys(['example_sensors']) retrieved from /home/airflow/.local/lib/python3.7/site-packages/airflow/example_dags/example_sensors.py
[2023-02-09T22:47:34.232+0000] {logging_mixin.py:137} INFO - [2023-02-09T22:47:34.232+0000] {dag.py:2690} INFO - Sync 1 DAGs
[2023-02-09T22:47:34.278+0000] {logging_mixin.py:137} INFO - [2023-02-09T22:47:34.278+0000] {dag.py:3441} INFO - Setting next_dagrun for example_sensors to None, run_after=None
[2023-02-09T22:47:34.306+0000] {processor.py:175} INFO - Processing /home/airflow/.local/lib/python3.7/site-packages/airflow/example_dags/example_sensors.py took 0.152 seconds
[2023-02-09T22:48:04.671+0000] {processor.py:153} INFO - Started process (PID=857) to work on /home/airflow/.local/lib/python3.7/site-packages/airflow/example_dags/example_sensors.py
[2023-02-09T22:48:04.672+0000] {processor.py:743} INFO - Processing file /home/airflow/.local/lib/python3.7/site-packages/airflow/example_dags/example_sensors.py for tasks to queue
[2023-02-09T22:48:04.672+0000] {logging_mixin.py:137} INFO - [2023-02-09T22:48:04.672+0000] {dagbag.py:538} INFO - Filling up the DagBag from /home/airflow/.local/lib/python3.7/site-packages/airflow/example_dags/example_sensors.py
[2023-02-09T22:48:04.694+0000] {processor.py:753} INFO - DAG(s) dict_keys(['example_sensors']) retrieved from /home/airflow/.local/lib/python3.7/site-packages/airflow/example_dags/example_sensors.py
[2023-02-09T22:48:04.726+0000] {logging_mixin.py:137} INFO - [2023-02-09T22:48:04.726+0000] {dag.py:2690} INFO - Sync 1 DAGs
[2023-02-09T22:48:04.755+0000] {logging_mixin.py:137} INFO - [2023-02-09T22:48:04.755+0000] {dag.py:3441} INFO - Setting next_dagrun for example_sensors to None, run_after=None
[2023-02-09T22:48:04.788+0000] {processor.py:175} INFO - Processing /home/airflow/.local/lib/python3.7/site-packages/airflow/example_dags/example_sensors.py took 0.122 seconds
[2023-02-09T22:48:35.234+0000] {processor.py:153} INFO - Started process (PID=934) to work on /home/airflow/.local/lib/python3.7/site-packages/airflow/example_dags/example_sensors.py
[2023-02-09T22:48:35.245+0000] {processor.py:743} INFO - Processing file /home/airflow/.local/lib/python3.7/site-packages/airflow/example_dags/example_sensors.py for tasks to queue
[2023-02-09T22:48:35.249+0000] {logging_mixin.py:137} INFO - [2023-02-09T22:48:35.249+0000] {dagbag.py:538} INFO - Filling up the DagBag from /home/airflow/.local/lib/python3.7/site-packages/airflow/example_dags/example_sensors.py
[2023-02-09T22:48:35.287+0000] {processor.py:753} INFO - DAG(s) dict_keys(['example_sensors']) retrieved from /home/airflow/.local/lib/python3.7/site-packages/airflow/example_dags/example_sensors.py
[2023-02-09T22:48:35.335+0000] {logging_mixin.py:137} INFO - [2023-02-09T22:48:35.335+0000] {dag.py:2690} INFO - Sync 1 DAGs
[2023-02-09T22:48:35.378+0000] {logging_mixin.py:137} INFO - [2023-02-09T22:48:35.377+0000] {dag.py:3441} INFO - Setting next_dagrun for example_sensors to None, run_after=None
[2023-02-09T22:48:35.410+0000] {processor.py:175} INFO - Processing /home/airflow/.local/lib/python3.7/site-packages/airflow/example_dags/example_sensors.py took 0.182 seconds
[2023-02-09T22:49:05.885+0000] {processor.py:153} INFO - Started process (PID=1000) to work on /home/airflow/.local/lib/python3.7/site-packages/airflow/example_dags/example_sensors.py
[2023-02-09T22:49:05.886+0000] {processor.py:743} INFO - Processing file /home/airflow/.local/lib/python3.7/site-packages/airflow/example_dags/example_sensors.py for tasks to queue
[2023-02-09T22:49:05.888+0000] {logging_mixin.py:137} INFO - [2023-02-09T22:49:05.887+0000] {dagbag.py:538} INFO - Filling up the DagBag from /home/airflow/.local/lib/python3.7/site-packages/airflow/example_dags/example_sensors.py
[2023-02-09T22:49:05.917+0000] {processor.py:753} INFO - DAG(s) dict_keys(['example_sensors']) retrieved from /home/airflow/.local/lib/python3.7/site-packages/airflow/example_dags/example_sensors.py
[2023-02-09T22:49:05.953+0000] {logging_mixin.py:137} INFO - [2023-02-09T22:49:05.953+0000] {dag.py:2690} INFO - Sync 1 DAGs
[2023-02-09T22:49:05.981+0000] {logging_mixin.py:137} INFO - [2023-02-09T22:49:05.981+0000] {dag.py:3441} INFO - Setting next_dagrun for example_sensors to None, run_after=None
[2023-02-09T22:49:06.016+0000] {processor.py:175} INFO - Processing /home/airflow/.local/lib/python3.7/site-packages/airflow/example_dags/example_sensors.py took 0.137 seconds
[2023-02-09T22:49:36.282+0000] {processor.py:153} INFO - Started process (PID=1067) to work on /home/airflow/.local/lib/python3.7/site-packages/airflow/example_dags/example_sensors.py
[2023-02-09T22:49:36.283+0000] {processor.py:743} INFO - Processing file /home/airflow/.local/lib/python3.7/site-packages/airflow/example_dags/example_sensors.py for tasks to queue
[2023-02-09T22:49:36.284+0000] {logging_mixin.py:137} INFO - [2023-02-09T22:49:36.284+0000] {dagbag.py:538} INFO - Filling up the DagBag from /home/airflow/.local/lib/python3.7/site-packages/airflow/example_dags/example_sensors.py
[2023-02-09T22:49:36.316+0000] {processor.py:753} INFO - DAG(s) dict_keys(['example_sensors']) retrieved from /home/airflow/.local/lib/python3.7/site-packages/airflow/example_dags/example_sensors.py
[2023-02-09T22:49:36.360+0000] {logging_mixin.py:137} INFO - [2023-02-09T22:49:36.360+0000] {dag.py:2690} INFO - Sync 1 DAGs
[2023-02-09T22:49:36.401+0000] {logging_mixin.py:137} INFO - [2023-02-09T22:49:36.400+0000] {dag.py:3441} INFO - Setting next_dagrun for example_sensors to None, run_after=None
[2023-02-09T22:49:36.438+0000] {processor.py:175} INFO - Processing /home/airflow/.local/lib/python3.7/site-packages/airflow/example_dags/example_sensors.py took 0.161 seconds
[2023-02-09T22:50:06.939+0000] {processor.py:153} INFO - Started process (PID=1144) to work on /home/airflow/.local/lib/python3.7/site-packages/airflow/example_dags/example_sensors.py
[2023-02-09T22:50:06.940+0000] {processor.py:743} INFO - Processing file /home/airflow/.local/lib/python3.7/site-packages/airflow/example_dags/example_sensors.py for tasks to queue
[2023-02-09T22:50:06.941+0000] {logging_mixin.py:137} INFO - [2023-02-09T22:50:06.941+0000] {dagbag.py:538} INFO - Filling up the DagBag from /home/airflow/.local/lib/python3.7/site-packages/airflow/example_dags/example_sensors.py
[2023-02-09T22:50:06.972+0000] {processor.py:753} INFO - DAG(s) dict_keys(['example_sensors']) retrieved from /home/airflow/.local/lib/python3.7/site-packages/airflow/example_dags/example_sensors.py
[2023-02-09T22:50:07.006+0000] {logging_mixin.py:137} INFO - [2023-02-09T22:50:07.006+0000] {dag.py:2690} INFO - Sync 1 DAGs
[2023-02-09T22:50:07.040+0000] {logging_mixin.py:137} INFO - [2023-02-09T22:50:07.040+0000] {dag.py:3441} INFO - Setting next_dagrun for example_sensors to None, run_after=None
[2023-02-09T22:50:07.074+0000] {processor.py:175} INFO - Processing /home/airflow/.local/lib/python3.7/site-packages/airflow/example_dags/example_sensors.py took 0.141 seconds
[2023-02-09T22:50:37.284+0000] {processor.py:153} INFO - Started process (PID=1210) to work on /home/airflow/.local/lib/python3.7/site-packages/airflow/example_dags/example_sensors.py
[2023-02-09T22:50:37.285+0000] {processor.py:743} INFO - Processing file /home/airflow/.local/lib/python3.7/site-packages/airflow/example_dags/example_sensors.py for tasks to queue
[2023-02-09T22:50:37.286+0000] {logging_mixin.py:137} INFO - [2023-02-09T22:50:37.286+0000] {dagbag.py:538} INFO - Filling up the DagBag from /home/airflow/.local/lib/python3.7/site-packages/airflow/example_dags/example_sensors.py
[2023-02-09T22:50:37.308+0000] {processor.py:753} INFO - DAG(s) dict_keys(['example_sensors']) retrieved from /home/airflow/.local/lib/python3.7/site-packages/airflow/example_dags/example_sensors.py
[2023-02-09T22:50:37.339+0000] {logging_mixin.py:137} INFO - [2023-02-09T22:50:37.339+0000] {dag.py:2690} INFO - Sync 1 DAGs
[2023-02-09T22:50:37.365+0000] {logging_mixin.py:137} INFO - [2023-02-09T22:50:37.365+0000] {dag.py:3441} INFO - Setting next_dagrun for example_sensors to None, run_after=None
[2023-02-09T22:50:37.400+0000] {processor.py:175} INFO - Processing /home/airflow/.local/lib/python3.7/site-packages/airflow/example_dags/example_sensors.py took 0.121 seconds
[2023-02-09T22:51:08.009+0000] {processor.py:153} INFO - Started process (PID=1283) to work on /home/airflow/.local/lib/python3.7/site-packages/airflow/example_dags/example_sensors.py
[2023-02-09T22:51:08.025+0000] {processor.py:743} INFO - Processing file /home/airflow/.local/lib/python3.7/site-packages/airflow/example_dags/example_sensors.py for tasks to queue
[2023-02-09T22:51:08.027+0000] {logging_mixin.py:137} INFO - [2023-02-09T22:51:08.026+0000] {dagbag.py:538} INFO - Filling up the DagBag from /home/airflow/.local/lib/python3.7/site-packages/airflow/example_dags/example_sensors.py
[2023-02-09T22:51:08.087+0000] {processor.py:753} INFO - DAG(s) dict_keys(['example_sensors']) retrieved from /home/airflow/.local/lib/python3.7/site-packages/airflow/example_dags/example_sensors.py
[2023-02-09T22:51:08.164+0000] {logging_mixin.py:137} INFO - [2023-02-09T22:51:08.163+0000] {dag.py:2690} INFO - Sync 1 DAGs
[2023-02-09T22:51:08.237+0000] {logging_mixin.py:137} INFO - [2023-02-09T22:51:08.237+0000] {dag.py:3441} INFO - Setting next_dagrun for example_sensors to None, run_after=None
[2023-02-09T22:51:08.350+0000] {processor.py:175} INFO - Processing /home/airflow/.local/lib/python3.7/site-packages/airflow/example_dags/example_sensors.py took 0.346 seconds
[2023-02-09T22:51:38.589+0000] {processor.py:153} INFO - Started process (PID=1353) to work on /home/airflow/.local/lib/python3.7/site-packages/airflow/example_dags/example_sensors.py
[2023-02-09T22:51:38.590+0000] {processor.py:743} INFO - Processing file /home/airflow/.local/lib/python3.7/site-packages/airflow/example_dags/example_sensors.py for tasks to queue
[2023-02-09T22:51:38.591+0000] {logging_mixin.py:137} INFO - [2023-02-09T22:51:38.591+0000] {dagbag.py:538} INFO - Filling up the DagBag from /home/airflow/.local/lib/python3.7/site-packages/airflow/example_dags/example_sensors.py
[2023-02-09T22:51:38.613+0000] {processor.py:753} INFO - DAG(s) dict_keys(['example_sensors']) retrieved from /home/airflow/.local/lib/python3.7/site-packages/airflow/example_dags/example_sensors.py
[2023-02-09T22:51:38.652+0000] {logging_mixin.py:137} INFO - [2023-02-09T22:51:38.652+0000] {dag.py:2690} INFO - Sync 1 DAGs
[2023-02-09T22:51:38.691+0000] {logging_mixin.py:137} INFO - [2023-02-09T22:51:38.691+0000] {dag.py:3441} INFO - Setting next_dagrun for example_sensors to None, run_after=None
[2023-02-09T22:51:38.723+0000] {processor.py:175} INFO - Processing /home/airflow/.local/lib/python3.7/site-packages/airflow/example_dags/example_sensors.py took 0.138 seconds
[2023-02-09T22:52:09.029+0000] {processor.py:153} INFO - Started process (PID=1418) to work on /home/airflow/.local/lib/python3.7/site-packages/airflow/example_dags/example_sensors.py
[2023-02-09T22:52:09.031+0000] {processor.py:743} INFO - Processing file /home/airflow/.local/lib/python3.7/site-packages/airflow/example_dags/example_sensors.py for tasks to queue
[2023-02-09T22:52:09.032+0000] {logging_mixin.py:137} INFO - [2023-02-09T22:52:09.031+0000] {dagbag.py:538} INFO - Filling up the DagBag from /home/airflow/.local/lib/python3.7/site-packages/airflow/example_dags/example_sensors.py
[2023-02-09T22:52:09.064+0000] {processor.py:753} INFO - DAG(s) dict_keys(['example_sensors']) retrieved from /home/airflow/.local/lib/python3.7/site-packages/airflow/example_dags/example_sensors.py
[2023-02-09T22:52:09.106+0000] {logging_mixin.py:137} INFO - [2023-02-09T22:52:09.105+0000] {dag.py:2690} INFO - Sync 1 DAGs
[2023-02-09T22:52:09.145+0000] {logging_mixin.py:137} INFO - [2023-02-09T22:52:09.145+0000] {dag.py:3441} INFO - Setting next_dagrun for example_sensors to None, run_after=None
[2023-02-09T22:52:09.177+0000] {processor.py:175} INFO - Processing /home/airflow/.local/lib/python3.7/site-packages/airflow/example_dags/example_sensors.py took 0.153 seconds
[2023-02-09T22:52:40.077+0000] {processor.py:153} INFO - Started process (PID=1495) to work on /home/airflow/.local/lib/python3.7/site-packages/airflow/example_dags/example_sensors.py
[2023-02-09T22:52:40.078+0000] {processor.py:743} INFO - Processing file /home/airflow/.local/lib/python3.7/site-packages/airflow/example_dags/example_sensors.py for tasks to queue
[2023-02-09T22:52:40.079+0000] {logging_mixin.py:137} INFO - [2023-02-09T22:52:40.079+0000] {dagbag.py:538} INFO - Filling up the DagBag from /home/airflow/.local/lib/python3.7/site-packages/airflow/example_dags/example_sensors.py
[2023-02-09T22:52:40.109+0000] {processor.py:753} INFO - DAG(s) dict_keys(['example_sensors']) retrieved from /home/airflow/.local/lib/python3.7/site-packages/airflow/example_dags/example_sensors.py
[2023-02-09T22:52:40.153+0000] {logging_mixin.py:137} INFO - [2023-02-09T22:52:40.153+0000] {dag.py:2690} INFO - Sync 1 DAGs
[2023-02-09T22:52:40.194+0000] {logging_mixin.py:137} INFO - [2023-02-09T22:52:40.193+0000] {dag.py:3441} INFO - Setting next_dagrun for example_sensors to None, run_after=None
[2023-02-09T22:52:40.226+0000] {processor.py:175} INFO - Processing /home/airflow/.local/lib/python3.7/site-packages/airflow/example_dags/example_sensors.py took 0.154 seconds
[2023-02-09T22:53:10.572+0000] {processor.py:153} INFO - Started process (PID=1560) to work on /home/airflow/.local/lib/python3.7/site-packages/airflow/example_dags/example_sensors.py
[2023-02-09T22:53:10.573+0000] {processor.py:743} INFO - Processing file /home/airflow/.local/lib/python3.7/site-packages/airflow/example_dags/example_sensors.py for tasks to queue
[2023-02-09T22:53:10.574+0000] {logging_mixin.py:137} INFO - [2023-02-09T22:53:10.574+0000] {dagbag.py:538} INFO - Filling up the DagBag from /home/airflow/.local/lib/python3.7/site-packages/airflow/example_dags/example_sensors.py
[2023-02-09T22:53:10.596+0000] {processor.py:753} INFO - DAG(s) dict_keys(['example_sensors']) retrieved from /home/airflow/.local/lib/python3.7/site-packages/airflow/example_dags/example_sensors.py
[2023-02-09T22:53:10.626+0000] {logging_mixin.py:137} INFO - [2023-02-09T22:53:10.626+0000] {dag.py:2690} INFO - Sync 1 DAGs
[2023-02-09T22:53:10.652+0000] {logging_mixin.py:137} INFO - [2023-02-09T22:53:10.652+0000] {dag.py:3441} INFO - Setting next_dagrun for example_sensors to None, run_after=None
[2023-02-09T22:53:10.678+0000] {processor.py:175} INFO - Processing /home/airflow/.local/lib/python3.7/site-packages/airflow/example_dags/example_sensors.py took 0.111 seconds
[2023-02-09T22:53:41.332+0000] {processor.py:153} INFO - Started process (PID=1635) to work on /home/airflow/.local/lib/python3.7/site-packages/airflow/example_dags/example_sensors.py
[2023-02-09T22:53:41.333+0000] {processor.py:743} INFO - Processing file /home/airflow/.local/lib/python3.7/site-packages/airflow/example_dags/example_sensors.py for tasks to queue
[2023-02-09T22:53:41.334+0000] {logging_mixin.py:137} INFO - [2023-02-09T22:53:41.334+0000] {dagbag.py:538} INFO - Filling up the DagBag from /home/airflow/.local/lib/python3.7/site-packages/airflow/example_dags/example_sensors.py
[2023-02-09T22:53:41.365+0000] {processor.py:753} INFO - DAG(s) dict_keys(['example_sensors']) retrieved from /home/airflow/.local/lib/python3.7/site-packages/airflow/example_dags/example_sensors.py
[2023-02-09T22:53:41.413+0000] {logging_mixin.py:137} INFO - [2023-02-09T22:53:41.413+0000] {dag.py:2690} INFO - Sync 1 DAGs
[2023-02-09T22:53:41.459+0000] {logging_mixin.py:137} INFO - [2023-02-09T22:53:41.459+0000] {dag.py:3441} INFO - Setting next_dagrun for example_sensors to None, run_after=None
[2023-02-09T22:53:41.502+0000] {processor.py:175} INFO - Processing /home/airflow/.local/lib/python3.7/site-packages/airflow/example_dags/example_sensors.py took 0.176 seconds
[2023-02-09T22:54:11.743+0000] {processor.py:153} INFO - Started process (PID=1704) to work on /home/airflow/.local/lib/python3.7/site-packages/airflow/example_dags/example_sensors.py
[2023-02-09T22:54:11.744+0000] {processor.py:743} INFO - Processing file /home/airflow/.local/lib/python3.7/site-packages/airflow/example_dags/example_sensors.py for tasks to queue
[2023-02-09T22:54:11.745+0000] {logging_mixin.py:137} INFO - [2023-02-09T22:54:11.745+0000] {dagbag.py:538} INFO - Filling up the DagBag from /home/airflow/.local/lib/python3.7/site-packages/airflow/example_dags/example_sensors.py
[2023-02-09T22:54:11.768+0000] {processor.py:753} INFO - DAG(s) dict_keys(['example_sensors']) retrieved from /home/airflow/.local/lib/python3.7/site-packages/airflow/example_dags/example_sensors.py
[2023-02-09T22:54:11.810+0000] {logging_mixin.py:137} INFO - [2023-02-09T22:54:11.810+0000] {dag.py:2690} INFO - Sync 1 DAGs
[2023-02-09T22:54:11.847+0000] {logging_mixin.py:137} INFO - [2023-02-09T22:54:11.847+0000] {dag.py:3441} INFO - Setting next_dagrun for example_sensors to None, run_after=None
[2023-02-09T22:54:11.877+0000] {processor.py:175} INFO - Processing /home/airflow/.local/lib/python3.7/site-packages/airflow/example_dags/example_sensors.py took 0.139 seconds
[2023-02-09T22:54:42.223+0000] {processor.py:153} INFO - Started process (PID=1769) to work on /home/airflow/.local/lib/python3.7/site-packages/airflow/example_dags/example_sensors.py
[2023-02-09T22:54:42.228+0000] {processor.py:743} INFO - Processing file /home/airflow/.local/lib/python3.7/site-packages/airflow/example_dags/example_sensors.py for tasks to queue
[2023-02-09T22:54:42.230+0000] {logging_mixin.py:137} INFO - [2023-02-09T22:54:42.230+0000] {dagbag.py:538} INFO - Filling up the DagBag from /home/airflow/.local/lib/python3.7/site-packages/airflow/example_dags/example_sensors.py
[2023-02-09T22:54:42.255+0000] {processor.py:753} INFO - DAG(s) dict_keys(['example_sensors']) retrieved from /home/airflow/.local/lib/python3.7/site-packages/airflow/example_dags/example_sensors.py
[2023-02-09T22:54:42.287+0000] {logging_mixin.py:137} INFO - [2023-02-09T22:54:42.287+0000] {dag.py:2690} INFO - Sync 1 DAGs
[2023-02-09T22:54:42.316+0000] {logging_mixin.py:137} INFO - [2023-02-09T22:54:42.316+0000] {dag.py:3441} INFO - Setting next_dagrun for example_sensors to None, run_after=None
[2023-02-09T22:54:42.352+0000] {processor.py:175} INFO - Processing /home/airflow/.local/lib/python3.7/site-packages/airflow/example_dags/example_sensors.py took 0.134 seconds
[2023-02-09T22:55:13.036+0000] {processor.py:153} INFO - Started process (PID=1847) to work on /home/airflow/.local/lib/python3.7/site-packages/airflow/example_dags/example_sensors.py
[2023-02-09T22:55:13.037+0000] {processor.py:743} INFO - Processing file /home/airflow/.local/lib/python3.7/site-packages/airflow/example_dags/example_sensors.py for tasks to queue
[2023-02-09T22:55:13.038+0000] {logging_mixin.py:137} INFO - [2023-02-09T22:55:13.037+0000] {dagbag.py:538} INFO - Filling up the DagBag from /home/airflow/.local/lib/python3.7/site-packages/airflow/example_dags/example_sensors.py
[2023-02-09T22:55:13.063+0000] {processor.py:753} INFO - DAG(s) dict_keys(['example_sensors']) retrieved from /home/airflow/.local/lib/python3.7/site-packages/airflow/example_dags/example_sensors.py
[2023-02-09T22:55:13.104+0000] {logging_mixin.py:137} INFO - [2023-02-09T22:55:13.104+0000] {dag.py:2690} INFO - Sync 1 DAGs
[2023-02-09T22:55:13.141+0000] {logging_mixin.py:137} INFO - [2023-02-09T22:55:13.140+0000] {dag.py:3441} INFO - Setting next_dagrun for example_sensors to None, run_after=None
[2023-02-09T22:55:13.175+0000] {processor.py:175} INFO - Processing /home/airflow/.local/lib/python3.7/site-packages/airflow/example_dags/example_sensors.py took 0.144 seconds
[2023-02-09T22:55:43.565+0000] {processor.py:153} INFO - Started process (PID=1913) to work on /home/airflow/.local/lib/python3.7/site-packages/airflow/example_dags/example_sensors.py
[2023-02-09T22:55:43.566+0000] {processor.py:743} INFO - Processing file /home/airflow/.local/lib/python3.7/site-packages/airflow/example_dags/example_sensors.py for tasks to queue
[2023-02-09T22:55:43.567+0000] {logging_mixin.py:137} INFO - [2023-02-09T22:55:43.567+0000] {dagbag.py:538} INFO - Filling up the DagBag from /home/airflow/.local/lib/python3.7/site-packages/airflow/example_dags/example_sensors.py
[2023-02-09T22:55:43.595+0000] {processor.py:753} INFO - DAG(s) dict_keys(['example_sensors']) retrieved from /home/airflow/.local/lib/python3.7/site-packages/airflow/example_dags/example_sensors.py
[2023-02-09T22:55:43.642+0000] {logging_mixin.py:137} INFO - [2023-02-09T22:55:43.641+0000] {dag.py:2690} INFO - Sync 1 DAGs
[2023-02-09T22:55:43.676+0000] {logging_mixin.py:137} INFO - [2023-02-09T22:55:43.676+0000] {dag.py:3441} INFO - Setting next_dagrun for example_sensors to None, run_after=None
[2023-02-09T22:55:43.707+0000] {processor.py:175} INFO - Processing /home/airflow/.local/lib/python3.7/site-packages/airflow/example_dags/example_sensors.py took 0.148 seconds
[2023-02-09T22:56:14.101+0000] {processor.py:153} INFO - Started process (PID=1990) to work on /home/airflow/.local/lib/python3.7/site-packages/airflow/example_dags/example_sensors.py
[2023-02-09T22:56:14.103+0000] {processor.py:743} INFO - Processing file /home/airflow/.local/lib/python3.7/site-packages/airflow/example_dags/example_sensors.py for tasks to queue
[2023-02-09T22:56:14.104+0000] {logging_mixin.py:137} INFO - [2023-02-09T22:56:14.103+0000] {dagbag.py:538} INFO - Filling up the DagBag from /home/airflow/.local/lib/python3.7/site-packages/airflow/example_dags/example_sensors.py
[2023-02-09T22:56:14.135+0000] {processor.py:753} INFO - DAG(s) dict_keys(['example_sensors']) retrieved from /home/airflow/.local/lib/python3.7/site-packages/airflow/example_dags/example_sensors.py
[2023-02-09T22:56:14.179+0000] {logging_mixin.py:137} INFO - [2023-02-09T22:56:14.179+0000] {dag.py:2690} INFO - Sync 1 DAGs
[2023-02-09T22:56:14.220+0000] {logging_mixin.py:137} INFO - [2023-02-09T22:56:14.220+0000] {dag.py:3441} INFO - Setting next_dagrun for example_sensors to None, run_after=None
[2023-02-09T22:56:14.254+0000] {processor.py:175} INFO - Processing /home/airflow/.local/lib/python3.7/site-packages/airflow/example_dags/example_sensors.py took 0.162 seconds
[2023-02-09T22:56:44.790+0000] {processor.py:153} INFO - Started process (PID=2054) to work on /home/airflow/.local/lib/python3.7/site-packages/airflow/example_dags/example_sensors.py
[2023-02-09T22:56:44.791+0000] {processor.py:743} INFO - Processing file /home/airflow/.local/lib/python3.7/site-packages/airflow/example_dags/example_sensors.py for tasks to queue
[2023-02-09T22:56:44.792+0000] {logging_mixin.py:137} INFO - [2023-02-09T22:56:44.792+0000] {dagbag.py:538} INFO - Filling up the DagBag from /home/airflow/.local/lib/python3.7/site-packages/airflow/example_dags/example_sensors.py
[2023-02-09T22:56:44.824+0000] {processor.py:753} INFO - DAG(s) dict_keys(['example_sensors']) retrieved from /home/airflow/.local/lib/python3.7/site-packages/airflow/example_dags/example_sensors.py
[2023-02-09T22:56:44.868+0000] {logging_mixin.py:137} INFO - [2023-02-09T22:56:44.868+0000] {dag.py:2690} INFO - Sync 1 DAGs
[2023-02-09T22:56:44.905+0000] {logging_mixin.py:137} INFO - [2023-02-09T22:56:44.905+0000] {dag.py:3441} INFO - Setting next_dagrun for example_sensors to None, run_after=None
[2023-02-09T22:56:44.937+0000] {processor.py:175} INFO - Processing /home/airflow/.local/lib/python3.7/site-packages/airflow/example_dags/example_sensors.py took 0.160 seconds
[2023-02-09T22:57:15.087+0000] {processor.py:153} INFO - Started process (PID=2118) to work on /home/airflow/.local/lib/python3.7/site-packages/airflow/example_dags/example_sensors.py
[2023-02-09T22:57:15.087+0000] {processor.py:743} INFO - Processing file /home/airflow/.local/lib/python3.7/site-packages/airflow/example_dags/example_sensors.py for tasks to queue
[2023-02-09T22:57:15.088+0000] {logging_mixin.py:137} INFO - [2023-02-09T22:57:15.088+0000] {dagbag.py:538} INFO - Filling up the DagBag from /home/airflow/.local/lib/python3.7/site-packages/airflow/example_dags/example_sensors.py
[2023-02-09T22:57:15.109+0000] {processor.py:753} INFO - DAG(s) dict_keys(['example_sensors']) retrieved from /home/airflow/.local/lib/python3.7/site-packages/airflow/example_dags/example_sensors.py
[2023-02-09T22:57:15.146+0000] {logging_mixin.py:137} INFO - [2023-02-09T22:57:15.146+0000] {dag.py:2690} INFO - Sync 1 DAGs
[2023-02-09T22:57:15.175+0000] {logging_mixin.py:137} INFO - [2023-02-09T22:57:15.174+0000] {dag.py:3441} INFO - Setting next_dagrun for example_sensors to None, run_after=None
[2023-02-09T22:57:15.203+0000] {processor.py:175} INFO - Processing /home/airflow/.local/lib/python3.7/site-packages/airflow/example_dags/example_sensors.py took 0.121 seconds
[2023-02-09T22:57:45.408+0000] {processor.py:153} INFO - Started process (PID=2194) to work on /home/airflow/.local/lib/python3.7/site-packages/airflow/example_dags/example_sensors.py
[2023-02-09T22:57:45.409+0000] {processor.py:743} INFO - Processing file /home/airflow/.local/lib/python3.7/site-packages/airflow/example_dags/example_sensors.py for tasks to queue
[2023-02-09T22:57:45.410+0000] {logging_mixin.py:137} INFO - [2023-02-09T22:57:45.410+0000] {dagbag.py:538} INFO - Filling up the DagBag from /home/airflow/.local/lib/python3.7/site-packages/airflow/example_dags/example_sensors.py
[2023-02-09T22:57:45.440+0000] {processor.py:753} INFO - DAG(s) dict_keys(['example_sensors']) retrieved from /home/airflow/.local/lib/python3.7/site-packages/airflow/example_dags/example_sensors.py
[2023-02-09T22:57:45.487+0000] {logging_mixin.py:137} INFO - [2023-02-09T22:57:45.487+0000] {dag.py:2690} INFO - Sync 1 DAGs
[2023-02-09T22:57:45.529+0000] {logging_mixin.py:137} INFO - [2023-02-09T22:57:45.529+0000] {dag.py:3441} INFO - Setting next_dagrun for example_sensors to None, run_after=None
[2023-02-09T22:57:45.565+0000] {processor.py:175} INFO - Processing /home/airflow/.local/lib/python3.7/site-packages/airflow/example_dags/example_sensors.py took 0.164 seconds
[2023-02-09T22:58:15.794+0000] {processor.py:153} INFO - Started process (PID=2259) to work on /home/airflow/.local/lib/python3.7/site-packages/airflow/example_dags/example_sensors.py
[2023-02-09T22:58:15.795+0000] {processor.py:743} INFO - Processing file /home/airflow/.local/lib/python3.7/site-packages/airflow/example_dags/example_sensors.py for tasks to queue
[2023-02-09T22:58:15.796+0000] {logging_mixin.py:137} INFO - [2023-02-09T22:58:15.796+0000] {dagbag.py:538} INFO - Filling up the DagBag from /home/airflow/.local/lib/python3.7/site-packages/airflow/example_dags/example_sensors.py
[2023-02-09T22:58:15.819+0000] {processor.py:753} INFO - DAG(s) dict_keys(['example_sensors']) retrieved from /home/airflow/.local/lib/python3.7/site-packages/airflow/example_dags/example_sensors.py
[2023-02-09T22:58:15.857+0000] {logging_mixin.py:137} INFO - [2023-02-09T22:58:15.856+0000] {dag.py:2690} INFO - Sync 1 DAGs
[2023-02-09T22:58:15.894+0000] {logging_mixin.py:137} INFO - [2023-02-09T22:58:15.893+0000] {dag.py:3441} INFO - Setting next_dagrun for example_sensors to None, run_after=None
[2023-02-09T22:58:15.926+0000] {processor.py:175} INFO - Processing /home/airflow/.local/lib/python3.7/site-packages/airflow/example_dags/example_sensors.py took 0.137 seconds
[2023-02-09T22:58:46.326+0000] {processor.py:153} INFO - Started process (PID=2325) to work on /home/airflow/.local/lib/python3.7/site-packages/airflow/example_dags/example_sensors.py
[2023-02-09T22:58:46.327+0000] {processor.py:743} INFO - Processing file /home/airflow/.local/lib/python3.7/site-packages/airflow/example_dags/example_sensors.py for tasks to queue
[2023-02-09T22:58:46.328+0000] {logging_mixin.py:137} INFO - [2023-02-09T22:58:46.328+0000] {dagbag.py:538} INFO - Filling up the DagBag from /home/airflow/.local/lib/python3.7/site-packages/airflow/example_dags/example_sensors.py
[2023-02-09T22:58:46.359+0000] {processor.py:753} INFO - DAG(s) dict_keys(['example_sensors']) retrieved from /home/airflow/.local/lib/python3.7/site-packages/airflow/example_dags/example_sensors.py
[2023-02-09T22:58:46.392+0000] {logging_mixin.py:137} INFO - [2023-02-09T22:58:46.391+0000] {dag.py:2690} INFO - Sync 1 DAGs
[2023-02-09T22:58:46.419+0000] {logging_mixin.py:137} INFO - [2023-02-09T22:58:46.419+0000] {dag.py:3441} INFO - Setting next_dagrun for example_sensors to None, run_after=None
[2023-02-09T22:58:46.449+0000] {processor.py:175} INFO - Processing /home/airflow/.local/lib/python3.7/site-packages/airflow/example_dags/example_sensors.py took 0.129 seconds
[2023-02-09T22:59:17.188+0000] {processor.py:153} INFO - Started process (PID=2401) to work on /home/airflow/.local/lib/python3.7/site-packages/airflow/example_dags/example_sensors.py
[2023-02-09T22:59:17.189+0000] {processor.py:743} INFO - Processing file /home/airflow/.local/lib/python3.7/site-packages/airflow/example_dags/example_sensors.py for tasks to queue
[2023-02-09T22:59:17.189+0000] {logging_mixin.py:137} INFO - [2023-02-09T22:59:17.189+0000] {dagbag.py:538} INFO - Filling up the DagBag from /home/airflow/.local/lib/python3.7/site-packages/airflow/example_dags/example_sensors.py
[2023-02-09T22:59:17.212+0000] {processor.py:753} INFO - DAG(s) dict_keys(['example_sensors']) retrieved from /home/airflow/.local/lib/python3.7/site-packages/airflow/example_dags/example_sensors.py
[2023-02-09T22:59:17.252+0000] {logging_mixin.py:137} INFO - [2023-02-09T22:59:17.251+0000] {dag.py:2690} INFO - Sync 1 DAGs
[2023-02-09T22:59:17.281+0000] {logging_mixin.py:137} INFO - [2023-02-09T22:59:17.281+0000] {dag.py:3441} INFO - Setting next_dagrun for example_sensors to None, run_after=None
[2023-02-09T22:59:17.310+0000] {processor.py:175} INFO - Processing /home/airflow/.local/lib/python3.7/site-packages/airflow/example_dags/example_sensors.py took 0.127 seconds
[2023-02-09T22:59:47.559+0000] {processor.py:153} INFO - Started process (PID=2466) to work on /home/airflow/.local/lib/python3.7/site-packages/airflow/example_dags/example_sensors.py
[2023-02-09T22:59:47.560+0000] {processor.py:743} INFO - Processing file /home/airflow/.local/lib/python3.7/site-packages/airflow/example_dags/example_sensors.py for tasks to queue
[2023-02-09T22:59:47.561+0000] {logging_mixin.py:137} INFO - [2023-02-09T22:59:47.561+0000] {dagbag.py:538} INFO - Filling up the DagBag from /home/airflow/.local/lib/python3.7/site-packages/airflow/example_dags/example_sensors.py
[2023-02-09T22:59:47.591+0000] {processor.py:753} INFO - DAG(s) dict_keys(['example_sensors']) retrieved from /home/airflow/.local/lib/python3.7/site-packages/airflow/example_dags/example_sensors.py
[2023-02-09T22:59:47.625+0000] {logging_mixin.py:137} INFO - [2023-02-09T22:59:47.625+0000] {dag.py:2690} INFO - Sync 1 DAGs
[2023-02-09T22:59:47.650+0000] {logging_mixin.py:137} INFO - [2023-02-09T22:59:47.650+0000] {dag.py:3441} INFO - Setting next_dagrun for example_sensors to None, run_after=None
[2023-02-09T22:59:47.677+0000] {processor.py:175} INFO - Processing /home/airflow/.local/lib/python3.7/site-packages/airflow/example_dags/example_sensors.py took 0.124 seconds
[2023-02-09T23:00:18.025+0000] {processor.py:153} INFO - Started process (PID=2540) to work on /home/airflow/.local/lib/python3.7/site-packages/airflow/example_dags/example_sensors.py
[2023-02-09T23:00:18.030+0000] {processor.py:743} INFO - Processing file /home/airflow/.local/lib/python3.7/site-packages/airflow/example_dags/example_sensors.py for tasks to queue
[2023-02-09T23:00:18.031+0000] {logging_mixin.py:137} INFO - [2023-02-09T23:00:18.030+0000] {dagbag.py:538} INFO - Filling up the DagBag from /home/airflow/.local/lib/python3.7/site-packages/airflow/example_dags/example_sensors.py
[2023-02-09T23:00:18.060+0000] {processor.py:753} INFO - DAG(s) dict_keys(['example_sensors']) retrieved from /home/airflow/.local/lib/python3.7/site-packages/airflow/example_dags/example_sensors.py
[2023-02-09T23:00:18.114+0000] {logging_mixin.py:137} INFO - [2023-02-09T23:00:18.114+0000] {dag.py:2690} INFO - Sync 1 DAGs
[2023-02-09T23:00:18.170+0000] {logging_mixin.py:137} INFO - [2023-02-09T23:00:18.170+0000] {dag.py:3441} INFO - Setting next_dagrun for example_sensors to None, run_after=None
[2023-02-09T23:00:18.231+0000] {processor.py:175} INFO - Processing /home/airflow/.local/lib/python3.7/site-packages/airflow/example_dags/example_sensors.py took 0.211 seconds
[2023-02-09T23:00:48.467+0000] {processor.py:153} INFO - Started process (PID=2608) to work on /home/airflow/.local/lib/python3.7/site-packages/airflow/example_dags/example_sensors.py
[2023-02-09T23:00:48.468+0000] {processor.py:743} INFO - Processing file /home/airflow/.local/lib/python3.7/site-packages/airflow/example_dags/example_sensors.py for tasks to queue
[2023-02-09T23:00:48.469+0000] {logging_mixin.py:137} INFO - [2023-02-09T23:00:48.469+0000] {dagbag.py:538} INFO - Filling up the DagBag from /home/airflow/.local/lib/python3.7/site-packages/airflow/example_dags/example_sensors.py
[2023-02-09T23:00:48.493+0000] {processor.py:753} INFO - DAG(s) dict_keys(['example_sensors']) retrieved from /home/airflow/.local/lib/python3.7/site-packages/airflow/example_dags/example_sensors.py
[2023-02-09T23:00:48.526+0000] {logging_mixin.py:137} INFO - [2023-02-09T23:00:48.526+0000] {dag.py:2690} INFO - Sync 1 DAGs
[2023-02-09T23:00:48.559+0000] {logging_mixin.py:137} INFO - [2023-02-09T23:00:48.559+0000] {dag.py:3441} INFO - Setting next_dagrun for example_sensors to None, run_after=None
[2023-02-09T23:00:48.592+0000] {processor.py:175} INFO - Processing /home/airflow/.local/lib/python3.7/site-packages/airflow/example_dags/example_sensors.py took 0.129 seconds
[2023-02-09T23:01:19.359+0000] {processor.py:153} INFO - Started process (PID=2674) to work on /home/airflow/.local/lib/python3.7/site-packages/airflow/example_dags/example_sensors.py
[2023-02-09T23:01:19.360+0000] {processor.py:743} INFO - Processing file /home/airflow/.local/lib/python3.7/site-packages/airflow/example_dags/example_sensors.py for tasks to queue
[2023-02-09T23:01:19.361+0000] {logging_mixin.py:137} INFO - [2023-02-09T23:01:19.361+0000] {dagbag.py:538} INFO - Filling up the DagBag from /home/airflow/.local/lib/python3.7/site-packages/airflow/example_dags/example_sensors.py
[2023-02-09T23:01:19.393+0000] {processor.py:753} INFO - DAG(s) dict_keys(['example_sensors']) retrieved from /home/airflow/.local/lib/python3.7/site-packages/airflow/example_dags/example_sensors.py
[2023-02-09T23:01:19.436+0000] {logging_mixin.py:137} INFO - [2023-02-09T23:01:19.436+0000] {dag.py:2690} INFO - Sync 1 DAGs
[2023-02-09T23:01:19.477+0000] {logging_mixin.py:137} INFO - [2023-02-09T23:01:19.477+0000] {dag.py:3441} INFO - Setting next_dagrun for example_sensors to None, run_after=None
[2023-02-09T23:01:19.513+0000] {processor.py:175} INFO - Processing /home/airflow/.local/lib/python3.7/site-packages/airflow/example_dags/example_sensors.py took 0.160 seconds
[2023-02-09T23:01:49.808+0000] {processor.py:153} INFO - Started process (PID=2750) to work on /home/airflow/.local/lib/python3.7/site-packages/airflow/example_dags/example_sensors.py
[2023-02-09T23:01:49.809+0000] {processor.py:743} INFO - Processing file /home/airflow/.local/lib/python3.7/site-packages/airflow/example_dags/example_sensors.py for tasks to queue
[2023-02-09T23:01:49.810+0000] {logging_mixin.py:137} INFO - [2023-02-09T23:01:49.810+0000] {dagbag.py:538} INFO - Filling up the DagBag from /home/airflow/.local/lib/python3.7/site-packages/airflow/example_dags/example_sensors.py
[2023-02-09T23:01:49.834+0000] {processor.py:753} INFO - DAG(s) dict_keys(['example_sensors']) retrieved from /home/airflow/.local/lib/python3.7/site-packages/airflow/example_dags/example_sensors.py
[2023-02-09T23:01:49.870+0000] {logging_mixin.py:137} INFO - [2023-02-09T23:01:49.869+0000] {dag.py:2690} INFO - Sync 1 DAGs
[2023-02-09T23:01:49.896+0000] {logging_mixin.py:137} INFO - [2023-02-09T23:01:49.896+0000] {dag.py:3441} INFO - Setting next_dagrun for example_sensors to None, run_after=None
[2023-02-09T23:01:49.924+0000] {processor.py:175} INFO - Processing /home/airflow/.local/lib/python3.7/site-packages/airflow/example_dags/example_sensors.py took 0.120 seconds
[2023-02-09T23:02:20.017+0000] {processor.py:153} INFO - Started process (PID=2816) to work on /home/airflow/.local/lib/python3.7/site-packages/airflow/example_dags/example_sensors.py
[2023-02-09T23:02:20.018+0000] {processor.py:743} INFO - Processing file /home/airflow/.local/lib/python3.7/site-packages/airflow/example_dags/example_sensors.py for tasks to queue
[2023-02-09T23:02:20.019+0000] {logging_mixin.py:137} INFO - [2023-02-09T23:02:20.018+0000] {dagbag.py:538} INFO - Filling up the DagBag from /home/airflow/.local/lib/python3.7/site-packages/airflow/example_dags/example_sensors.py
[2023-02-09T23:02:20.040+0000] {processor.py:753} INFO - DAG(s) dict_keys(['example_sensors']) retrieved from /home/airflow/.local/lib/python3.7/site-packages/airflow/example_dags/example_sensors.py
[2023-02-09T23:02:20.071+0000] {logging_mixin.py:137} INFO - [2023-02-09T23:02:20.071+0000] {dag.py:2690} INFO - Sync 1 DAGs
[2023-02-09T23:02:20.097+0000] {logging_mixin.py:137} INFO - [2023-02-09T23:02:20.097+0000] {dag.py:3441} INFO - Setting next_dagrun for example_sensors to None, run_after=None
[2023-02-09T23:02:20.123+0000] {processor.py:175} INFO - Processing /home/airflow/.local/lib/python3.7/site-packages/airflow/example_dags/example_sensors.py took 0.112 seconds
[2023-02-09T23:02:51.008+0000] {processor.py:153} INFO - Started process (PID=2891) to work on /home/airflow/.local/lib/python3.7/site-packages/airflow/example_dags/example_sensors.py
[2023-02-09T23:02:51.009+0000] {processor.py:743} INFO - Processing file /home/airflow/.local/lib/python3.7/site-packages/airflow/example_dags/example_sensors.py for tasks to queue
[2023-02-09T23:02:51.010+0000] {logging_mixin.py:137} INFO - [2023-02-09T23:02:51.010+0000] {dagbag.py:538} INFO - Filling up the DagBag from /home/airflow/.local/lib/python3.7/site-packages/airflow/example_dags/example_sensors.py
[2023-02-09T23:02:51.062+0000] {processor.py:753} INFO - DAG(s) dict_keys(['example_sensors']) retrieved from /home/airflow/.local/lib/python3.7/site-packages/airflow/example_dags/example_sensors.py
[2023-02-09T23:02:51.107+0000] {logging_mixin.py:137} INFO - [2023-02-09T23:02:51.107+0000] {dag.py:2690} INFO - Sync 1 DAGs
[2023-02-09T23:02:51.162+0000] {logging_mixin.py:137} INFO - [2023-02-09T23:02:51.162+0000] {dag.py:3441} INFO - Setting next_dagrun for example_sensors to None, run_after=None
[2023-02-09T23:02:51.204+0000] {processor.py:175} INFO - Processing /home/airflow/.local/lib/python3.7/site-packages/airflow/example_dags/example_sensors.py took 0.203 seconds
[2023-02-09T23:03:21.414+0000] {processor.py:153} INFO - Started process (PID=2959) to work on /home/airflow/.local/lib/python3.7/site-packages/airflow/example_dags/example_sensors.py
[2023-02-09T23:03:21.415+0000] {processor.py:743} INFO - Processing file /home/airflow/.local/lib/python3.7/site-packages/airflow/example_dags/example_sensors.py for tasks to queue
[2023-02-09T23:03:21.416+0000] {logging_mixin.py:137} INFO - [2023-02-09T23:03:21.416+0000] {dagbag.py:538} INFO - Filling up the DagBag from /home/airflow/.local/lib/python3.7/site-packages/airflow/example_dags/example_sensors.py
[2023-02-09T23:03:21.440+0000] {processor.py:753} INFO - DAG(s) dict_keys(['example_sensors']) retrieved from /home/airflow/.local/lib/python3.7/site-packages/airflow/example_dags/example_sensors.py
[2023-02-09T23:03:21.477+0000] {logging_mixin.py:137} INFO - [2023-02-09T23:03:21.477+0000] {dag.py:2690} INFO - Sync 1 DAGs
[2023-02-09T23:03:21.507+0000] {logging_mixin.py:137} INFO - [2023-02-09T23:03:21.507+0000] {dag.py:3441} INFO - Setting next_dagrun for example_sensors to None, run_after=None
[2023-02-09T23:03:21.534+0000] {processor.py:175} INFO - Processing /home/airflow/.local/lib/python3.7/site-packages/airflow/example_dags/example_sensors.py took 0.124 seconds
[2023-02-09T23:03:52.175+0000] {processor.py:153} INFO - Started process (PID=3024) to work on /home/airflow/.local/lib/python3.7/site-packages/airflow/example_dags/example_sensors.py
[2023-02-09T23:03:52.177+0000] {processor.py:743} INFO - Processing file /home/airflow/.local/lib/python3.7/site-packages/airflow/example_dags/example_sensors.py for tasks to queue
[2023-02-09T23:03:52.178+0000] {logging_mixin.py:137} INFO - [2023-02-09T23:03:52.177+0000] {dagbag.py:538} INFO - Filling up the DagBag from /home/airflow/.local/lib/python3.7/site-packages/airflow/example_dags/example_sensors.py
[2023-02-09T23:03:52.205+0000] {processor.py:753} INFO - DAG(s) dict_keys(['example_sensors']) retrieved from /home/airflow/.local/lib/python3.7/site-packages/airflow/example_dags/example_sensors.py
[2023-02-09T23:03:52.250+0000] {logging_mixin.py:137} INFO - [2023-02-09T23:03:52.249+0000] {dag.py:2690} INFO - Sync 1 DAGs
[2023-02-09T23:03:52.290+0000] {logging_mixin.py:137} INFO - [2023-02-09T23:03:52.290+0000] {dag.py:3441} INFO - Setting next_dagrun for example_sensors to None, run_after=None
[2023-02-09T23:03:52.324+0000] {processor.py:175} INFO - Processing /home/airflow/.local/lib/python3.7/site-packages/airflow/example_dags/example_sensors.py took 0.157 seconds
[2023-02-09T23:04:22.543+0000] {processor.py:153} INFO - Started process (PID=3102) to work on /home/airflow/.local/lib/python3.7/site-packages/airflow/example_dags/example_sensors.py
[2023-02-09T23:04:22.544+0000] {processor.py:743} INFO - Processing file /home/airflow/.local/lib/python3.7/site-packages/airflow/example_dags/example_sensors.py for tasks to queue
[2023-02-09T23:04:22.546+0000] {logging_mixin.py:137} INFO - [2023-02-09T23:04:22.545+0000] {dagbag.py:538} INFO - Filling up the DagBag from /home/airflow/.local/lib/python3.7/site-packages/airflow/example_dags/example_sensors.py
[2023-02-09T23:04:22.576+0000] {processor.py:753} INFO - DAG(s) dict_keys(['example_sensors']) retrieved from /home/airflow/.local/lib/python3.7/site-packages/airflow/example_dags/example_sensors.py
[2023-02-09T23:04:22.609+0000] {logging_mixin.py:137} INFO - [2023-02-09T23:04:22.609+0000] {dag.py:2690} INFO - Sync 1 DAGs
[2023-02-09T23:04:22.637+0000] {logging_mixin.py:137} INFO - [2023-02-09T23:04:22.636+0000] {dag.py:3441} INFO - Setting next_dagrun for example_sensors to None, run_after=None
[2023-02-09T23:04:22.668+0000] {processor.py:175} INFO - Processing /home/airflow/.local/lib/python3.7/site-packages/airflow/example_dags/example_sensors.py took 0.129 seconds
[2023-02-09T23:04:52.804+0000] {processor.py:153} INFO - Started process (PID=3167) to work on /home/airflow/.local/lib/python3.7/site-packages/airflow/example_dags/example_sensors.py
[2023-02-09T23:04:52.809+0000] {processor.py:743} INFO - Processing file /home/airflow/.local/lib/python3.7/site-packages/airflow/example_dags/example_sensors.py for tasks to queue
[2023-02-09T23:04:52.810+0000] {logging_mixin.py:137} INFO - [2023-02-09T23:04:52.810+0000] {dagbag.py:538} INFO - Filling up the DagBag from /home/airflow/.local/lib/python3.7/site-packages/airflow/example_dags/example_sensors.py
[2023-02-09T23:04:52.840+0000] {processor.py:753} INFO - DAG(s) dict_keys(['example_sensors']) retrieved from /home/airflow/.local/lib/python3.7/site-packages/airflow/example_dags/example_sensors.py
[2023-02-09T23:04:52.871+0000] {logging_mixin.py:137} INFO - [2023-02-09T23:04:52.871+0000] {dag.py:2690} INFO - Sync 1 DAGs
[2023-02-09T23:04:52.900+0000] {logging_mixin.py:137} INFO - [2023-02-09T23:04:52.900+0000] {dag.py:3441} INFO - Setting next_dagrun for example_sensors to None, run_after=None
[2023-02-09T23:04:52.926+0000] {processor.py:175} INFO - Processing /home/airflow/.local/lib/python3.7/site-packages/airflow/example_dags/example_sensors.py took 0.127 seconds
[2023-02-09T23:05:23.741+0000] {processor.py:153} INFO - Started process (PID=3242) to work on /home/airflow/.local/lib/python3.7/site-packages/airflow/example_dags/example_sensors.py
[2023-02-09T23:05:23.743+0000] {processor.py:743} INFO - Processing file /home/airflow/.local/lib/python3.7/site-packages/airflow/example_dags/example_sensors.py for tasks to queue
[2023-02-09T23:05:23.744+0000] {logging_mixin.py:137} INFO - [2023-02-09T23:05:23.744+0000] {dagbag.py:538} INFO - Filling up the DagBag from /home/airflow/.local/lib/python3.7/site-packages/airflow/example_dags/example_sensors.py
[2023-02-09T23:05:23.779+0000] {processor.py:753} INFO - DAG(s) dict_keys(['example_sensors']) retrieved from /home/airflow/.local/lib/python3.7/site-packages/airflow/example_dags/example_sensors.py
[2023-02-09T23:05:23.835+0000] {logging_mixin.py:137} INFO - [2023-02-09T23:05:23.834+0000] {dag.py:2690} INFO - Sync 1 DAGs
[2023-02-09T23:05:23.946+0000] {logging_mixin.py:137} INFO - [2023-02-09T23:05:23.945+0000] {dag.py:3441} INFO - Setting next_dagrun for example_sensors to None, run_after=None
[2023-02-09T23:05:23.989+0000] {processor.py:175} INFO - Processing /home/airflow/.local/lib/python3.7/site-packages/airflow/example_dags/example_sensors.py took 0.254 seconds
[2023-02-09T23:05:54.380+0000] {processor.py:153} INFO - Started process (PID=3310) to work on /home/airflow/.local/lib/python3.7/site-packages/airflow/example_dags/example_sensors.py
[2023-02-09T23:05:54.381+0000] {processor.py:743} INFO - Processing file /home/airflow/.local/lib/python3.7/site-packages/airflow/example_dags/example_sensors.py for tasks to queue
[2023-02-09T23:05:54.382+0000] {logging_mixin.py:137} INFO - [2023-02-09T23:05:54.382+0000] {dagbag.py:538} INFO - Filling up the DagBag from /home/airflow/.local/lib/python3.7/site-packages/airflow/example_dags/example_sensors.py
[2023-02-09T23:05:54.405+0000] {processor.py:753} INFO - DAG(s) dict_keys(['example_sensors']) retrieved from /home/airflow/.local/lib/python3.7/site-packages/airflow/example_dags/example_sensors.py
[2023-02-09T23:05:54.440+0000] {logging_mixin.py:137} INFO - [2023-02-09T23:05:54.440+0000] {dag.py:2690} INFO - Sync 1 DAGs
[2023-02-09T23:05:54.470+0000] {logging_mixin.py:137} INFO - [2023-02-09T23:05:54.470+0000] {dag.py:3441} INFO - Setting next_dagrun for example_sensors to None, run_after=None
[2023-02-09T23:05:54.501+0000] {processor.py:175} INFO - Processing /home/airflow/.local/lib/python3.7/site-packages/airflow/example_dags/example_sensors.py took 0.126 seconds
[2023-02-09T23:06:25.002+0000] {processor.py:153} INFO - Started process (PID=3376) to work on /home/airflow/.local/lib/python3.7/site-packages/airflow/example_dags/example_sensors.py
[2023-02-09T23:06:25.003+0000] {processor.py:743} INFO - Processing file /home/airflow/.local/lib/python3.7/site-packages/airflow/example_dags/example_sensors.py for tasks to queue
[2023-02-09T23:06:25.004+0000] {logging_mixin.py:137} INFO - [2023-02-09T23:06:25.004+0000] {dagbag.py:538} INFO - Filling up the DagBag from /home/airflow/.local/lib/python3.7/site-packages/airflow/example_dags/example_sensors.py
[2023-02-09T23:06:25.035+0000] {processor.py:753} INFO - DAG(s) dict_keys(['example_sensors']) retrieved from /home/airflow/.local/lib/python3.7/site-packages/airflow/example_dags/example_sensors.py
[2023-02-09T23:06:25.081+0000] {logging_mixin.py:137} INFO - [2023-02-09T23:06:25.080+0000] {dag.py:2690} INFO - Sync 1 DAGs
[2023-02-09T23:06:25.114+0000] {logging_mixin.py:137} INFO - [2023-02-09T23:06:25.113+0000] {dag.py:3441} INFO - Setting next_dagrun for example_sensors to None, run_after=None
[2023-02-09T23:06:25.153+0000] {processor.py:175} INFO - Processing /home/airflow/.local/lib/python3.7/site-packages/airflow/example_dags/example_sensors.py took 0.156 seconds
[2023-02-09T23:06:55.610+0000] {processor.py:153} INFO - Started process (PID=3455) to work on /home/airflow/.local/lib/python3.7/site-packages/airflow/example_dags/example_sensors.py
[2023-02-09T23:06:55.613+0000] {processor.py:743} INFO - Processing file /home/airflow/.local/lib/python3.7/site-packages/airflow/example_dags/example_sensors.py for tasks to queue
[2023-02-09T23:06:55.614+0000] {logging_mixin.py:137} INFO - [2023-02-09T23:06:55.614+0000] {dagbag.py:538} INFO - Filling up the DagBag from /home/airflow/.local/lib/python3.7/site-packages/airflow/example_dags/example_sensors.py
[2023-02-09T23:06:55.646+0000] {processor.py:753} INFO - DAG(s) dict_keys(['example_sensors']) retrieved from /home/airflow/.local/lib/python3.7/site-packages/airflow/example_dags/example_sensors.py
[2023-02-09T23:06:55.694+0000] {logging_mixin.py:137} INFO - [2023-02-09T23:06:55.694+0000] {dag.py:2690} INFO - Sync 1 DAGs
[2023-02-09T23:06:55.740+0000] {logging_mixin.py:137} INFO - [2023-02-09T23:06:55.740+0000] {dag.py:3441} INFO - Setting next_dagrun for example_sensors to None, run_after=None
[2023-02-09T23:06:55.775+0000] {processor.py:175} INFO - Processing /home/airflow/.local/lib/python3.7/site-packages/airflow/example_dags/example_sensors.py took 0.170 seconds
[2023-02-09T23:07:26.106+0000] {processor.py:153} INFO - Started process (PID=3520) to work on /home/airflow/.local/lib/python3.7/site-packages/airflow/example_dags/example_sensors.py
[2023-02-09T23:07:26.107+0000] {processor.py:743} INFO - Processing file /home/airflow/.local/lib/python3.7/site-packages/airflow/example_dags/example_sensors.py for tasks to queue
[2023-02-09T23:07:26.108+0000] {logging_mixin.py:137} INFO - [2023-02-09T23:07:26.108+0000] {dagbag.py:538} INFO - Filling up the DagBag from /home/airflow/.local/lib/python3.7/site-packages/airflow/example_dags/example_sensors.py
[2023-02-09T23:07:26.130+0000] {processor.py:753} INFO - DAG(s) dict_keys(['example_sensors']) retrieved from /home/airflow/.local/lib/python3.7/site-packages/airflow/example_dags/example_sensors.py
[2023-02-09T23:07:26.167+0000] {logging_mixin.py:137} INFO - [2023-02-09T23:07:26.166+0000] {dag.py:2690} INFO - Sync 1 DAGs
[2023-02-09T23:07:26.195+0000] {logging_mixin.py:137} INFO - [2023-02-09T23:07:26.195+0000] {dag.py:3441} INFO - Setting next_dagrun for example_sensors to None, run_after=None
[2023-02-09T23:07:26.224+0000] {processor.py:175} INFO - Processing /home/airflow/.local/lib/python3.7/site-packages/airflow/example_dags/example_sensors.py took 0.122 seconds
[2023-02-09T23:07:57.151+0000] {processor.py:153} INFO - Started process (PID=3586) to work on /home/airflow/.local/lib/python3.7/site-packages/airflow/example_dags/example_sensors.py
[2023-02-09T23:07:57.153+0000] {processor.py:743} INFO - Processing file /home/airflow/.local/lib/python3.7/site-packages/airflow/example_dags/example_sensors.py for tasks to queue
[2023-02-09T23:07:57.154+0000] {logging_mixin.py:137} INFO - [2023-02-09T23:07:57.154+0000] {dagbag.py:538} INFO - Filling up the DagBag from /home/airflow/.local/lib/python3.7/site-packages/airflow/example_dags/example_sensors.py
[2023-02-09T23:07:57.194+0000] {processor.py:753} INFO - DAG(s) dict_keys(['example_sensors']) retrieved from /home/airflow/.local/lib/python3.7/site-packages/airflow/example_dags/example_sensors.py
[2023-02-09T23:07:57.254+0000] {logging_mixin.py:137} INFO - [2023-02-09T23:07:57.254+0000] {dag.py:2690} INFO - Sync 1 DAGs
[2023-02-09T23:07:57.306+0000] {logging_mixin.py:137} INFO - [2023-02-09T23:07:57.306+0000] {dag.py:3441} INFO - Setting next_dagrun for example_sensors to None, run_after=None
[2023-02-09T23:07:57.339+0000] {processor.py:175} INFO - Processing /home/airflow/.local/lib/python3.7/site-packages/airflow/example_dags/example_sensors.py took 0.195 seconds
[2023-02-09T23:08:28.264+0000] {processor.py:153} INFO - Started process (PID=3664) to work on /home/airflow/.local/lib/python3.7/site-packages/airflow/example_dags/example_sensors.py
[2023-02-09T23:08:28.265+0000] {processor.py:743} INFO - Processing file /home/airflow/.local/lib/python3.7/site-packages/airflow/example_dags/example_sensors.py for tasks to queue
[2023-02-09T23:08:28.265+0000] {logging_mixin.py:137} INFO - [2023-02-09T23:08:28.265+0000] {dagbag.py:538} INFO - Filling up the DagBag from /home/airflow/.local/lib/python3.7/site-packages/airflow/example_dags/example_sensors.py
[2023-02-09T23:08:28.291+0000] {processor.py:753} INFO - DAG(s) dict_keys(['example_sensors']) retrieved from /home/airflow/.local/lib/python3.7/site-packages/airflow/example_dags/example_sensors.py
[2023-02-09T23:08:28.323+0000] {logging_mixin.py:137} INFO - [2023-02-09T23:08:28.323+0000] {dag.py:2690} INFO - Sync 1 DAGs
[2023-02-09T23:08:28.353+0000] {logging_mixin.py:137} INFO - [2023-02-09T23:08:28.352+0000] {dag.py:3441} INFO - Setting next_dagrun for example_sensors to None, run_after=None
[2023-02-09T23:08:28.379+0000] {processor.py:175} INFO - Processing /home/airflow/.local/lib/python3.7/site-packages/airflow/example_dags/example_sensors.py took 0.121 seconds
[2023-02-09T23:08:58.808+0000] {processor.py:153} INFO - Started process (PID=3730) to work on /home/airflow/.local/lib/python3.7/site-packages/airflow/example_dags/example_sensors.py
[2023-02-09T23:08:58.809+0000] {processor.py:743} INFO - Processing file /home/airflow/.local/lib/python3.7/site-packages/airflow/example_dags/example_sensors.py for tasks to queue
[2023-02-09T23:08:58.810+0000] {logging_mixin.py:137} INFO - [2023-02-09T23:08:58.810+0000] {dagbag.py:538} INFO - Filling up the DagBag from /home/airflow/.local/lib/python3.7/site-packages/airflow/example_dags/example_sensors.py
[2023-02-09T23:08:58.843+0000] {processor.py:753} INFO - DAG(s) dict_keys(['example_sensors']) retrieved from /home/airflow/.local/lib/python3.7/site-packages/airflow/example_dags/example_sensors.py
[2023-02-09T23:08:58.890+0000] {logging_mixin.py:137} INFO - [2023-02-09T23:08:58.890+0000] {dag.py:2690} INFO - Sync 1 DAGs
[2023-02-09T23:08:58.940+0000] {logging_mixin.py:137} INFO - [2023-02-09T23:08:58.940+0000] {dag.py:3441} INFO - Setting next_dagrun for example_sensors to None, run_after=None
[2023-02-09T23:08:58.979+0000] {processor.py:175} INFO - Processing /home/airflow/.local/lib/python3.7/site-packages/airflow/example_dags/example_sensors.py took 0.177 seconds
[2023-02-09T23:09:29.381+0000] {processor.py:153} INFO - Started process (PID=3807) to work on /home/airflow/.local/lib/python3.7/site-packages/airflow/example_dags/example_sensors.py
[2023-02-09T23:09:29.382+0000] {processor.py:743} INFO - Processing file /home/airflow/.local/lib/python3.7/site-packages/airflow/example_dags/example_sensors.py for tasks to queue
[2023-02-09T23:09:29.383+0000] {logging_mixin.py:137} INFO - [2023-02-09T23:09:29.382+0000] {dagbag.py:538} INFO - Filling up the DagBag from /home/airflow/.local/lib/python3.7/site-packages/airflow/example_dags/example_sensors.py
[2023-02-09T23:09:29.405+0000] {processor.py:753} INFO - DAG(s) dict_keys(['example_sensors']) retrieved from /home/airflow/.local/lib/python3.7/site-packages/airflow/example_dags/example_sensors.py
[2023-02-09T23:09:29.440+0000] {logging_mixin.py:137} INFO - [2023-02-09T23:09:29.440+0000] {dag.py:2690} INFO - Sync 1 DAGs
[2023-02-09T23:09:29.469+0000] {logging_mixin.py:137} INFO - [2023-02-09T23:09:29.468+0000] {dag.py:3441} INFO - Setting next_dagrun for example_sensors to None, run_after=None
[2023-02-09T23:09:29.495+0000] {processor.py:175} INFO - Processing /home/airflow/.local/lib/python3.7/site-packages/airflow/example_dags/example_sensors.py took 0.118 seconds
[2023-02-09T23:09:59.641+0000] {processor.py:153} INFO - Started process (PID=3872) to work on /home/airflow/.local/lib/python3.7/site-packages/airflow/example_dags/example_sensors.py
[2023-02-09T23:09:59.642+0000] {processor.py:743} INFO - Processing file /home/airflow/.local/lib/python3.7/site-packages/airflow/example_dags/example_sensors.py for tasks to queue
[2023-02-09T23:09:59.643+0000] {logging_mixin.py:137} INFO - [2023-02-09T23:09:59.643+0000] {dagbag.py:538} INFO - Filling up the DagBag from /home/airflow/.local/lib/python3.7/site-packages/airflow/example_dags/example_sensors.py
[2023-02-09T23:09:59.665+0000] {processor.py:753} INFO - DAG(s) dict_keys(['example_sensors']) retrieved from /home/airflow/.local/lib/python3.7/site-packages/airflow/example_dags/example_sensors.py
[2023-02-09T23:09:59.702+0000] {logging_mixin.py:137} INFO - [2023-02-09T23:09:59.702+0000] {dag.py:2690} INFO - Sync 1 DAGs
[2023-02-09T23:09:59.731+0000] {logging_mixin.py:137} INFO - [2023-02-09T23:09:59.731+0000] {dag.py:3441} INFO - Setting next_dagrun for example_sensors to None, run_after=None
[2023-02-09T23:09:59.761+0000] {processor.py:175} INFO - Processing /home/airflow/.local/lib/python3.7/site-packages/airflow/example_dags/example_sensors.py took 0.124 seconds
[2023-02-09T23:10:30.058+0000] {processor.py:153} INFO - Started process (PID=3946) to work on /home/airflow/.local/lib/python3.7/site-packages/airflow/example_dags/example_sensors.py
[2023-02-09T23:10:30.059+0000] {processor.py:743} INFO - Processing file /home/airflow/.local/lib/python3.7/site-packages/airflow/example_dags/example_sensors.py for tasks to queue
[2023-02-09T23:10:30.060+0000] {logging_mixin.py:137} INFO - [2023-02-09T23:10:30.060+0000] {dagbag.py:538} INFO - Filling up the DagBag from /home/airflow/.local/lib/python3.7/site-packages/airflow/example_dags/example_sensors.py
[2023-02-09T23:10:30.091+0000] {processor.py:753} INFO - DAG(s) dict_keys(['example_sensors']) retrieved from /home/airflow/.local/lib/python3.7/site-packages/airflow/example_dags/example_sensors.py
[2023-02-09T23:10:30.134+0000] {logging_mixin.py:137} INFO - [2023-02-09T23:10:30.134+0000] {dag.py:2690} INFO - Sync 1 DAGs
[2023-02-09T23:10:30.176+0000] {logging_mixin.py:137} INFO - [2023-02-09T23:10:30.176+0000] {dag.py:3441} INFO - Setting next_dagrun for example_sensors to None, run_after=None
[2023-02-09T23:10:30.207+0000] {processor.py:175} INFO - Processing /home/airflow/.local/lib/python3.7/site-packages/airflow/example_dags/example_sensors.py took 0.154 seconds
[2023-02-09T23:11:00.771+0000] {processor.py:153} INFO - Started process (PID=4014) to work on /home/airflow/.local/lib/python3.7/site-packages/airflow/example_dags/example_sensors.py
[2023-02-09T23:11:00.772+0000] {processor.py:743} INFO - Processing file /home/airflow/.local/lib/python3.7/site-packages/airflow/example_dags/example_sensors.py for tasks to queue
[2023-02-09T23:11:00.773+0000] {logging_mixin.py:137} INFO - [2023-02-09T23:11:00.773+0000] {dagbag.py:538} INFO - Filling up the DagBag from /home/airflow/.local/lib/python3.7/site-packages/airflow/example_dags/example_sensors.py
[2023-02-09T23:11:00.797+0000] {processor.py:753} INFO - DAG(s) dict_keys(['example_sensors']) retrieved from /home/airflow/.local/lib/python3.7/site-packages/airflow/example_dags/example_sensors.py
[2023-02-09T23:11:00.836+0000] {logging_mixin.py:137} INFO - [2023-02-09T23:11:00.835+0000] {dag.py:2690} INFO - Sync 1 DAGs
[2023-02-09T23:11:00.868+0000] {logging_mixin.py:137} INFO - [2023-02-09T23:11:00.868+0000] {dag.py:3441} INFO - Setting next_dagrun for example_sensors to None, run_after=None
[2023-02-09T23:11:00.901+0000] {processor.py:175} INFO - Processing /home/airflow/.local/lib/python3.7/site-packages/airflow/example_dags/example_sensors.py took 0.137 seconds
[2023-02-09T23:11:31.632+0000] {processor.py:153} INFO - Started process (PID=4079) to work on /home/airflow/.local/lib/python3.7/site-packages/airflow/example_dags/example_sensors.py
[2023-02-09T23:11:31.633+0000] {processor.py:743} INFO - Processing file /home/airflow/.local/lib/python3.7/site-packages/airflow/example_dags/example_sensors.py for tasks to queue
[2023-02-09T23:11:31.634+0000] {logging_mixin.py:137} INFO - [2023-02-09T23:11:31.634+0000] {dagbag.py:538} INFO - Filling up the DagBag from /home/airflow/.local/lib/python3.7/site-packages/airflow/example_dags/example_sensors.py
[2023-02-09T23:11:31.668+0000] {processor.py:753} INFO - DAG(s) dict_keys(['example_sensors']) retrieved from /home/airflow/.local/lib/python3.7/site-packages/airflow/example_dags/example_sensors.py
[2023-02-09T23:11:31.712+0000] {logging_mixin.py:137} INFO - [2023-02-09T23:11:31.711+0000] {dag.py:2690} INFO - Sync 1 DAGs
[2023-02-09T23:11:31.751+0000] {logging_mixin.py:137} INFO - [2023-02-09T23:11:31.751+0000] {dag.py:3441} INFO - Setting next_dagrun for example_sensors to None, run_after=None
[2023-02-09T23:11:31.790+0000] {processor.py:175} INFO - Processing /home/airflow/.local/lib/python3.7/site-packages/airflow/example_dags/example_sensors.py took 0.164 seconds
