[2023-02-09T22:42:28.567+0000] {processor.py:153} INFO - Started process (PID=102) to work on /home/airflow/.local/lib/python3.7/site-packages/airflow/example_dags/example_branch_day_of_week_operator.py
[2023-02-09T22:42:28.569+0000] {processor.py:743} INFO - Processing file /home/airflow/.local/lib/python3.7/site-packages/airflow/example_dags/example_branch_day_of_week_operator.py for tasks to queue
[2023-02-09T22:42:28.570+0000] {logging_mixin.py:137} INFO - [2023-02-09T22:42:28.569+0000] {dagbag.py:538} INFO - Filling up the DagBag from /home/airflow/.local/lib/python3.7/site-packages/airflow/example_dags/example_branch_day_of_week_operator.py
[2023-02-09T22:42:28.600+0000] {processor.py:753} INFO - DAG(s) dict_keys(['example_weekday_branch_operator']) retrieved from /home/airflow/.local/lib/python3.7/site-packages/airflow/example_dags/example_branch_day_of_week_operator.py
[2023-02-09T22:42:28.649+0000] {logging_mixin.py:137} INFO - [2023-02-09T22:42:28.648+0000] {dag.py:2690} INFO - Sync 1 DAGs
[2023-02-09T22:42:28.698+0000] {logging_mixin.py:137} INFO - [2023-02-09T22:42:28.697+0000] {dag.py:3441} INFO - Setting next_dagrun for example_weekday_branch_operator to 2023-02-08T00:00:00+00:00, run_after=2023-02-09T00:00:00+00:00
[2023-02-09T22:42:28.741+0000] {processor.py:175} INFO - Processing /home/airflow/.local/lib/python3.7/site-packages/airflow/example_dags/example_branch_day_of_week_operator.py took 0.188 seconds
[2023-02-09T22:42:59.458+0000] {processor.py:153} INFO - Started process (PID=178) to work on /home/airflow/.local/lib/python3.7/site-packages/airflow/example_dags/example_branch_day_of_week_operator.py
[2023-02-09T22:42:59.462+0000] {processor.py:743} INFO - Processing file /home/airflow/.local/lib/python3.7/site-packages/airflow/example_dags/example_branch_day_of_week_operator.py for tasks to queue
[2023-02-09T22:42:59.464+0000] {logging_mixin.py:137} INFO - [2023-02-09T22:42:59.463+0000] {dagbag.py:538} INFO - Filling up the DagBag from /home/airflow/.local/lib/python3.7/site-packages/airflow/example_dags/example_branch_day_of_week_operator.py
[2023-02-09T22:42:59.505+0000] {processor.py:753} INFO - DAG(s) dict_keys(['example_weekday_branch_operator']) retrieved from /home/airflow/.local/lib/python3.7/site-packages/airflow/example_dags/example_branch_day_of_week_operator.py
[2023-02-09T22:42:59.550+0000] {logging_mixin.py:137} INFO - [2023-02-09T22:42:59.550+0000] {dag.py:2690} INFO - Sync 1 DAGs
[2023-02-09T22:42:59.603+0000] {logging_mixin.py:137} INFO - [2023-02-09T22:42:59.602+0000] {dag.py:3441} INFO - Setting next_dagrun for example_weekday_branch_operator to 2023-02-08T00:00:00+00:00, run_after=2023-02-09T00:00:00+00:00
[2023-02-09T22:42:59.671+0000] {processor.py:175} INFO - Processing /home/airflow/.local/lib/python3.7/site-packages/airflow/example_dags/example_branch_day_of_week_operator.py took 0.218 seconds
[2023-02-09T22:43:29.774+0000] {processor.py:153} INFO - Started process (PID=247) to work on /home/airflow/.local/lib/python3.7/site-packages/airflow/example_dags/example_branch_day_of_week_operator.py
[2023-02-09T22:43:29.775+0000] {processor.py:743} INFO - Processing file /home/airflow/.local/lib/python3.7/site-packages/airflow/example_dags/example_branch_day_of_week_operator.py for tasks to queue
[2023-02-09T22:43:29.776+0000] {logging_mixin.py:137} INFO - [2023-02-09T22:43:29.776+0000] {dagbag.py:538} INFO - Filling up the DagBag from /home/airflow/.local/lib/python3.7/site-packages/airflow/example_dags/example_branch_day_of_week_operator.py
[2023-02-09T22:43:29.794+0000] {processor.py:753} INFO - DAG(s) dict_keys(['example_weekday_branch_operator']) retrieved from /home/airflow/.local/lib/python3.7/site-packages/airflow/example_dags/example_branch_day_of_week_operator.py
[2023-02-09T22:43:29.825+0000] {logging_mixin.py:137} INFO - [2023-02-09T22:43:29.824+0000] {dag.py:2690} INFO - Sync 1 DAGs
[2023-02-09T22:43:29.853+0000] {logging_mixin.py:137} INFO - [2023-02-09T22:43:29.852+0000] {dag.py:3441} INFO - Setting next_dagrun for example_weekday_branch_operator to 2023-02-08T00:00:00+00:00, run_after=2023-02-09T00:00:00+00:00
[2023-02-09T22:43:29.880+0000] {processor.py:175} INFO - Processing /home/airflow/.local/lib/python3.7/site-packages/airflow/example_dags/example_branch_day_of_week_operator.py took 0.110 seconds
[2023-02-09T22:44:00.235+0000] {processor.py:153} INFO - Started process (PID=312) to work on /home/airflow/.local/lib/python3.7/site-packages/airflow/example_dags/example_branch_day_of_week_operator.py
[2023-02-09T22:44:00.236+0000] {processor.py:743} INFO - Processing file /home/airflow/.local/lib/python3.7/site-packages/airflow/example_dags/example_branch_day_of_week_operator.py for tasks to queue
[2023-02-09T22:44:00.237+0000] {logging_mixin.py:137} INFO - [2023-02-09T22:44:00.237+0000] {dagbag.py:538} INFO - Filling up the DagBag from /home/airflow/.local/lib/python3.7/site-packages/airflow/example_dags/example_branch_day_of_week_operator.py
[2023-02-09T22:44:00.255+0000] {processor.py:753} INFO - DAG(s) dict_keys(['example_weekday_branch_operator']) retrieved from /home/airflow/.local/lib/python3.7/site-packages/airflow/example_dags/example_branch_day_of_week_operator.py
[2023-02-09T22:44:00.289+0000] {logging_mixin.py:137} INFO - [2023-02-09T22:44:00.289+0000] {dag.py:2690} INFO - Sync 1 DAGs
[2023-02-09T22:44:00.319+0000] {logging_mixin.py:137} INFO - [2023-02-09T22:44:00.319+0000] {dag.py:3441} INFO - Setting next_dagrun for example_weekday_branch_operator to 2023-02-08T00:00:00+00:00, run_after=2023-02-09T00:00:00+00:00
[2023-02-09T22:44:00.348+0000] {processor.py:175} INFO - Processing /home/airflow/.local/lib/python3.7/site-packages/airflow/example_dags/example_branch_day_of_week_operator.py took 0.117 seconds
[2023-02-09T22:44:32.553+0000] {processor.py:153} INFO - Started process (PID=391) to work on /home/airflow/.local/lib/python3.7/site-packages/airflow/example_dags/example_branch_day_of_week_operator.py
[2023-02-09T22:44:32.558+0000] {processor.py:743} INFO - Processing file /home/airflow/.local/lib/python3.7/site-packages/airflow/example_dags/example_branch_day_of_week_operator.py for tasks to queue
[2023-02-09T22:44:32.559+0000] {logging_mixin.py:137} INFO - [2023-02-09T22:44:32.559+0000] {dagbag.py:538} INFO - Filling up the DagBag from /home/airflow/.local/lib/python3.7/site-packages/airflow/example_dags/example_branch_day_of_week_operator.py
[2023-02-09T22:44:32.587+0000] {processor.py:753} INFO - DAG(s) dict_keys(['example_weekday_branch_operator']) retrieved from /home/airflow/.local/lib/python3.7/site-packages/airflow/example_dags/example_branch_day_of_week_operator.py
[2023-02-09T22:44:32.627+0000] {logging_mixin.py:137} INFO - [2023-02-09T22:44:32.627+0000] {dag.py:2690} INFO - Sync 1 DAGs
[2023-02-09T22:44:32.673+0000] {logging_mixin.py:137} INFO - [2023-02-09T22:44:32.672+0000] {dag.py:3441} INFO - Setting next_dagrun for example_weekday_branch_operator to 2023-02-08T00:00:00+00:00, run_after=2023-02-09T00:00:00+00:00
[2023-02-09T22:44:32.712+0000] {processor.py:175} INFO - Processing /home/airflow/.local/lib/python3.7/site-packages/airflow/example_dags/example_branch_day_of_week_operator.py took 0.164 seconds
[2023-02-09T22:45:03.641+0000] {processor.py:153} INFO - Started process (PID=456) to work on /home/airflow/.local/lib/python3.7/site-packages/airflow/example_dags/example_branch_day_of_week_operator.py
[2023-02-09T22:45:03.642+0000] {processor.py:743} INFO - Processing file /home/airflow/.local/lib/python3.7/site-packages/airflow/example_dags/example_branch_day_of_week_operator.py for tasks to queue
[2023-02-09T22:45:03.642+0000] {logging_mixin.py:137} INFO - [2023-02-09T22:45:03.642+0000] {dagbag.py:538} INFO - Filling up the DagBag from /home/airflow/.local/lib/python3.7/site-packages/airflow/example_dags/example_branch_day_of_week_operator.py
[2023-02-09T22:45:03.659+0000] {processor.py:753} INFO - DAG(s) dict_keys(['example_weekday_branch_operator']) retrieved from /home/airflow/.local/lib/python3.7/site-packages/airflow/example_dags/example_branch_day_of_week_operator.py
[2023-02-09T22:45:03.696+0000] {logging_mixin.py:137} INFO - [2023-02-09T22:45:03.695+0000] {dag.py:2690} INFO - Sync 1 DAGs
[2023-02-09T22:45:03.738+0000] {logging_mixin.py:137} INFO - [2023-02-09T22:45:03.738+0000] {dag.py:3441} INFO - Setting next_dagrun for example_weekday_branch_operator to 2023-02-08T00:00:00+00:00, run_after=2023-02-09T00:00:00+00:00
[2023-02-09T22:45:03.769+0000] {processor.py:175} INFO - Processing /home/airflow/.local/lib/python3.7/site-packages/airflow/example_dags/example_branch_day_of_week_operator.py took 0.134 seconds
[2023-02-09T22:45:33.831+0000] {processor.py:153} INFO - Started process (PID=521) to work on /home/airflow/.local/lib/python3.7/site-packages/airflow/example_dags/example_branch_day_of_week_operator.py
[2023-02-09T22:45:33.833+0000] {processor.py:743} INFO - Processing file /home/airflow/.local/lib/python3.7/site-packages/airflow/example_dags/example_branch_day_of_week_operator.py for tasks to queue
[2023-02-09T22:45:33.833+0000] {logging_mixin.py:137} INFO - [2023-02-09T22:45:33.833+0000] {dagbag.py:538} INFO - Filling up the DagBag from /home/airflow/.local/lib/python3.7/site-packages/airflow/example_dags/example_branch_day_of_week_operator.py
[2023-02-09T22:45:33.858+0000] {processor.py:753} INFO - DAG(s) dict_keys(['example_weekday_branch_operator']) retrieved from /home/airflow/.local/lib/python3.7/site-packages/airflow/example_dags/example_branch_day_of_week_operator.py
[2023-02-09T22:45:33.896+0000] {logging_mixin.py:137} INFO - [2023-02-09T22:45:33.896+0000] {dag.py:2690} INFO - Sync 1 DAGs
[2023-02-09T22:45:33.935+0000] {logging_mixin.py:137} INFO - [2023-02-09T22:45:33.935+0000] {dag.py:3441} INFO - Setting next_dagrun for example_weekday_branch_operator to 2023-02-08T00:00:00+00:00, run_after=2023-02-09T00:00:00+00:00
[2023-02-09T22:45:33.974+0000] {processor.py:175} INFO - Processing /home/airflow/.local/lib/python3.7/site-packages/airflow/example_dags/example_branch_day_of_week_operator.py took 0.149 seconds
[2023-02-09T22:46:04.534+0000] {processor.py:153} INFO - Started process (PID=598) to work on /home/airflow/.local/lib/python3.7/site-packages/airflow/example_dags/example_branch_day_of_week_operator.py
[2023-02-09T22:46:04.535+0000] {processor.py:743} INFO - Processing file /home/airflow/.local/lib/python3.7/site-packages/airflow/example_dags/example_branch_day_of_week_operator.py for tasks to queue
[2023-02-09T22:46:04.536+0000] {logging_mixin.py:137} INFO - [2023-02-09T22:46:04.536+0000] {dagbag.py:538} INFO - Filling up the DagBag from /home/airflow/.local/lib/python3.7/site-packages/airflow/example_dags/example_branch_day_of_week_operator.py
[2023-02-09T22:46:04.553+0000] {processor.py:753} INFO - DAG(s) dict_keys(['example_weekday_branch_operator']) retrieved from /home/airflow/.local/lib/python3.7/site-packages/airflow/example_dags/example_branch_day_of_week_operator.py
[2023-02-09T22:46:04.587+0000] {logging_mixin.py:137} INFO - [2023-02-09T22:46:04.586+0000] {dag.py:2690} INFO - Sync 1 DAGs
[2023-02-09T22:46:04.626+0000] {logging_mixin.py:137} INFO - [2023-02-09T22:46:04.626+0000] {dag.py:3441} INFO - Setting next_dagrun for example_weekday_branch_operator to 2023-02-08T00:00:00+00:00, run_after=2023-02-09T00:00:00+00:00
[2023-02-09T22:46:04.655+0000] {processor.py:175} INFO - Processing /home/airflow/.local/lib/python3.7/site-packages/airflow/example_dags/example_branch_day_of_week_operator.py took 0.126 seconds
[2023-02-09T22:46:34.935+0000] {processor.py:153} INFO - Started process (PID=665) to work on /home/airflow/.local/lib/python3.7/site-packages/airflow/example_dags/example_branch_day_of_week_operator.py
[2023-02-09T22:46:34.936+0000] {processor.py:743} INFO - Processing file /home/airflow/.local/lib/python3.7/site-packages/airflow/example_dags/example_branch_day_of_week_operator.py for tasks to queue
[2023-02-09T22:46:34.936+0000] {logging_mixin.py:137} INFO - [2023-02-09T22:46:34.936+0000] {dagbag.py:538} INFO - Filling up the DagBag from /home/airflow/.local/lib/python3.7/site-packages/airflow/example_dags/example_branch_day_of_week_operator.py
[2023-02-09T22:46:34.956+0000] {processor.py:753} INFO - DAG(s) dict_keys(['example_weekday_branch_operator']) retrieved from /home/airflow/.local/lib/python3.7/site-packages/airflow/example_dags/example_branch_day_of_week_operator.py
[2023-02-09T22:46:34.990+0000] {logging_mixin.py:137} INFO - [2023-02-09T22:46:34.990+0000] {dag.py:2690} INFO - Sync 1 DAGs
[2023-02-09T22:46:35.021+0000] {logging_mixin.py:137} INFO - [2023-02-09T22:46:35.021+0000] {dag.py:3441} INFO - Setting next_dagrun for example_weekday_branch_operator to 2023-02-08T00:00:00+00:00, run_after=2023-02-09T00:00:00+00:00
[2023-02-09T22:46:35.047+0000] {processor.py:175} INFO - Processing /home/airflow/.local/lib/python3.7/site-packages/airflow/example_dags/example_branch_day_of_week_operator.py took 0.118 seconds
[2023-02-09T22:47:05.933+0000] {processor.py:153} INFO - Started process (PID=742) to work on /home/airflow/.local/lib/python3.7/site-packages/airflow/example_dags/example_branch_day_of_week_operator.py
[2023-02-09T22:47:05.935+0000] {processor.py:743} INFO - Processing file /home/airflow/.local/lib/python3.7/site-packages/airflow/example_dags/example_branch_day_of_week_operator.py for tasks to queue
[2023-02-09T22:47:05.936+0000] {logging_mixin.py:137} INFO - [2023-02-09T22:47:05.936+0000] {dagbag.py:538} INFO - Filling up the DagBag from /home/airflow/.local/lib/python3.7/site-packages/airflow/example_dags/example_branch_day_of_week_operator.py
[2023-02-09T22:47:05.960+0000] {processor.py:753} INFO - DAG(s) dict_keys(['example_weekday_branch_operator']) retrieved from /home/airflow/.local/lib/python3.7/site-packages/airflow/example_dags/example_branch_day_of_week_operator.py
[2023-02-09T22:47:06.000+0000] {logging_mixin.py:137} INFO - [2023-02-09T22:47:06.000+0000] {dag.py:2690} INFO - Sync 1 DAGs
[2023-02-09T22:47:06.038+0000] {logging_mixin.py:137} INFO - [2023-02-09T22:47:06.037+0000] {dag.py:3441} INFO - Setting next_dagrun for example_weekday_branch_operator to 2023-02-08T00:00:00+00:00, run_after=2023-02-09T00:00:00+00:00
[2023-02-09T22:47:06.073+0000] {processor.py:175} INFO - Processing /home/airflow/.local/lib/python3.7/site-packages/airflow/example_dags/example_branch_day_of_week_operator.py took 0.144 seconds
[2023-02-09T22:47:36.519+0000] {processor.py:153} INFO - Started process (PID=808) to work on /home/airflow/.local/lib/python3.7/site-packages/airflow/example_dags/example_branch_day_of_week_operator.py
[2023-02-09T22:47:36.520+0000] {processor.py:743} INFO - Processing file /home/airflow/.local/lib/python3.7/site-packages/airflow/example_dags/example_branch_day_of_week_operator.py for tasks to queue
[2023-02-09T22:47:36.521+0000] {logging_mixin.py:137} INFO - [2023-02-09T22:47:36.521+0000] {dagbag.py:538} INFO - Filling up the DagBag from /home/airflow/.local/lib/python3.7/site-packages/airflow/example_dags/example_branch_day_of_week_operator.py
[2023-02-09T22:47:36.543+0000] {processor.py:753} INFO - DAG(s) dict_keys(['example_weekday_branch_operator']) retrieved from /home/airflow/.local/lib/python3.7/site-packages/airflow/example_dags/example_branch_day_of_week_operator.py
[2023-02-09T22:47:36.601+0000] {logging_mixin.py:137} INFO - [2023-02-09T22:47:36.601+0000] {dag.py:2690} INFO - Sync 1 DAGs
[2023-02-09T22:47:36.644+0000] {logging_mixin.py:137} INFO - [2023-02-09T22:47:36.643+0000] {dag.py:3441} INFO - Setting next_dagrun for example_weekday_branch_operator to 2023-02-08T00:00:00+00:00, run_after=2023-02-09T00:00:00+00:00
[2023-02-09T22:47:36.680+0000] {processor.py:175} INFO - Processing /home/airflow/.local/lib/python3.7/site-packages/airflow/example_dags/example_branch_day_of_week_operator.py took 0.166 seconds
[2023-02-09T22:48:06.956+0000] {processor.py:153} INFO - Started process (PID=873) to work on /home/airflow/.local/lib/python3.7/site-packages/airflow/example_dags/example_branch_day_of_week_operator.py
[2023-02-09T22:48:06.957+0000] {processor.py:743} INFO - Processing file /home/airflow/.local/lib/python3.7/site-packages/airflow/example_dags/example_branch_day_of_week_operator.py for tasks to queue
[2023-02-09T22:48:06.957+0000] {logging_mixin.py:137} INFO - [2023-02-09T22:48:06.957+0000] {dagbag.py:538} INFO - Filling up the DagBag from /home/airflow/.local/lib/python3.7/site-packages/airflow/example_dags/example_branch_day_of_week_operator.py
[2023-02-09T22:48:06.974+0000] {processor.py:753} INFO - DAG(s) dict_keys(['example_weekday_branch_operator']) retrieved from /home/airflow/.local/lib/python3.7/site-packages/airflow/example_dags/example_branch_day_of_week_operator.py
[2023-02-09T22:48:07.007+0000] {logging_mixin.py:137} INFO - [2023-02-09T22:48:07.007+0000] {dag.py:2690} INFO - Sync 1 DAGs
[2023-02-09T22:48:07.035+0000] {logging_mixin.py:137} INFO - [2023-02-09T22:48:07.035+0000] {dag.py:3441} INFO - Setting next_dagrun for example_weekday_branch_operator to 2023-02-08T00:00:00+00:00, run_after=2023-02-09T00:00:00+00:00
[2023-02-09T22:48:07.070+0000] {processor.py:175} INFO - Processing /home/airflow/.local/lib/python3.7/site-packages/airflow/example_dags/example_branch_day_of_week_operator.py took 0.119 seconds
[2023-02-09T22:48:37.716+0000] {processor.py:153} INFO - Started process (PID=950) to work on /home/airflow/.local/lib/python3.7/site-packages/airflow/example_dags/example_branch_day_of_week_operator.py
[2023-02-09T22:48:37.717+0000] {processor.py:743} INFO - Processing file /home/airflow/.local/lib/python3.7/site-packages/airflow/example_dags/example_branch_day_of_week_operator.py for tasks to queue
[2023-02-09T22:48:37.718+0000] {logging_mixin.py:137} INFO - [2023-02-09T22:48:37.718+0000] {dagbag.py:538} INFO - Filling up the DagBag from /home/airflow/.local/lib/python3.7/site-packages/airflow/example_dags/example_branch_day_of_week_operator.py
[2023-02-09T22:48:37.735+0000] {processor.py:753} INFO - DAG(s) dict_keys(['example_weekday_branch_operator']) retrieved from /home/airflow/.local/lib/python3.7/site-packages/airflow/example_dags/example_branch_day_of_week_operator.py
[2023-02-09T22:48:37.772+0000] {logging_mixin.py:137} INFO - [2023-02-09T22:48:37.772+0000] {dag.py:2690} INFO - Sync 1 DAGs
[2023-02-09T22:48:37.815+0000] {logging_mixin.py:137} INFO - [2023-02-09T22:48:37.815+0000] {dag.py:3441} INFO - Setting next_dagrun for example_weekday_branch_operator to 2023-02-08T00:00:00+00:00, run_after=2023-02-09T00:00:00+00:00
[2023-02-09T22:48:37.852+0000] {processor.py:175} INFO - Processing /home/airflow/.local/lib/python3.7/site-packages/airflow/example_dags/example_branch_day_of_week_operator.py took 0.140 seconds
[2023-02-09T22:49:08.054+0000] {processor.py:153} INFO - Started process (PID=1016) to work on /home/airflow/.local/lib/python3.7/site-packages/airflow/example_dags/example_branch_day_of_week_operator.py
[2023-02-09T22:49:08.055+0000] {processor.py:743} INFO - Processing file /home/airflow/.local/lib/python3.7/site-packages/airflow/example_dags/example_branch_day_of_week_operator.py for tasks to queue
[2023-02-09T22:49:08.056+0000] {logging_mixin.py:137} INFO - [2023-02-09T22:49:08.056+0000] {dagbag.py:538} INFO - Filling up the DagBag from /home/airflow/.local/lib/python3.7/site-packages/airflow/example_dags/example_branch_day_of_week_operator.py
[2023-02-09T22:49:08.072+0000] {processor.py:753} INFO - DAG(s) dict_keys(['example_weekday_branch_operator']) retrieved from /home/airflow/.local/lib/python3.7/site-packages/airflow/example_dags/example_branch_day_of_week_operator.py
[2023-02-09T22:49:08.101+0000] {logging_mixin.py:137} INFO - [2023-02-09T22:49:08.101+0000] {dag.py:2690} INFO - Sync 1 DAGs
[2023-02-09T22:49:08.128+0000] {logging_mixin.py:137} INFO - [2023-02-09T22:49:08.128+0000] {dag.py:3441} INFO - Setting next_dagrun for example_weekday_branch_operator to 2023-02-08T00:00:00+00:00, run_after=2023-02-09T00:00:00+00:00
[2023-02-09T22:49:08.161+0000] {processor.py:175} INFO - Processing /home/airflow/.local/lib/python3.7/site-packages/airflow/example_dags/example_branch_day_of_week_operator.py took 0.111 seconds
[2023-02-09T22:49:39.201+0000] {processor.py:153} INFO - Started process (PID=1095) to work on /home/airflow/.local/lib/python3.7/site-packages/airflow/example_dags/example_branch_day_of_week_operator.py
[2023-02-09T22:49:39.202+0000] {processor.py:743} INFO - Processing file /home/airflow/.local/lib/python3.7/site-packages/airflow/example_dags/example_branch_day_of_week_operator.py for tasks to queue
[2023-02-09T22:49:39.203+0000] {logging_mixin.py:137} INFO - [2023-02-09T22:49:39.203+0000] {dagbag.py:538} INFO - Filling up the DagBag from /home/airflow/.local/lib/python3.7/site-packages/airflow/example_dags/example_branch_day_of_week_operator.py
[2023-02-09T22:49:39.227+0000] {processor.py:753} INFO - DAG(s) dict_keys(['example_weekday_branch_operator']) retrieved from /home/airflow/.local/lib/python3.7/site-packages/airflow/example_dags/example_branch_day_of_week_operator.py
[2023-02-09T22:49:39.261+0000] {logging_mixin.py:137} INFO - [2023-02-09T22:49:39.261+0000] {dag.py:2690} INFO - Sync 1 DAGs
[2023-02-09T22:49:39.303+0000] {logging_mixin.py:137} INFO - [2023-02-09T22:49:39.303+0000] {dag.py:3441} INFO - Setting next_dagrun for example_weekday_branch_operator to 2023-02-08T00:00:00+00:00, run_after=2023-02-09T00:00:00+00:00
[2023-02-09T22:49:39.339+0000] {processor.py:175} INFO - Processing /home/airflow/.local/lib/python3.7/site-packages/airflow/example_dags/example_branch_day_of_week_operator.py took 0.143 seconds
[2023-02-09T22:50:09.414+0000] {processor.py:153} INFO - Started process (PID=1160) to work on /home/airflow/.local/lib/python3.7/site-packages/airflow/example_dags/example_branch_day_of_week_operator.py
[2023-02-09T22:50:09.415+0000] {processor.py:743} INFO - Processing file /home/airflow/.local/lib/python3.7/site-packages/airflow/example_dags/example_branch_day_of_week_operator.py for tasks to queue
[2023-02-09T22:50:09.416+0000] {logging_mixin.py:137} INFO - [2023-02-09T22:50:09.416+0000] {dagbag.py:538} INFO - Filling up the DagBag from /home/airflow/.local/lib/python3.7/site-packages/airflow/example_dags/example_branch_day_of_week_operator.py
[2023-02-09T22:50:09.434+0000] {processor.py:753} INFO - DAG(s) dict_keys(['example_weekday_branch_operator']) retrieved from /home/airflow/.local/lib/python3.7/site-packages/airflow/example_dags/example_branch_day_of_week_operator.py
[2023-02-09T22:50:09.468+0000] {logging_mixin.py:137} INFO - [2023-02-09T22:50:09.468+0000] {dag.py:2690} INFO - Sync 1 DAGs
[2023-02-09T22:50:09.499+0000] {logging_mixin.py:137} INFO - [2023-02-09T22:50:09.499+0000] {dag.py:3441} INFO - Setting next_dagrun for example_weekday_branch_operator to 2023-02-08T00:00:00+00:00, run_after=2023-02-09T00:00:00+00:00
[2023-02-09T22:50:09.526+0000] {processor.py:175} INFO - Processing /home/airflow/.local/lib/python3.7/site-packages/airflow/example_dags/example_branch_day_of_week_operator.py took 0.116 seconds
[2023-02-09T22:50:39.569+0000] {processor.py:153} INFO - Started process (PID=1226) to work on /home/airflow/.local/lib/python3.7/site-packages/airflow/example_dags/example_branch_day_of_week_operator.py
[2023-02-09T22:50:39.570+0000] {processor.py:743} INFO - Processing file /home/airflow/.local/lib/python3.7/site-packages/airflow/example_dags/example_branch_day_of_week_operator.py for tasks to queue
[2023-02-09T22:50:39.571+0000] {logging_mixin.py:137} INFO - [2023-02-09T22:50:39.571+0000] {dagbag.py:538} INFO - Filling up the DagBag from /home/airflow/.local/lib/python3.7/site-packages/airflow/example_dags/example_branch_day_of_week_operator.py
[2023-02-09T22:50:39.589+0000] {processor.py:753} INFO - DAG(s) dict_keys(['example_weekday_branch_operator']) retrieved from /home/airflow/.local/lib/python3.7/site-packages/airflow/example_dags/example_branch_day_of_week_operator.py
[2023-02-09T22:50:39.625+0000] {logging_mixin.py:137} INFO - [2023-02-09T22:50:39.624+0000] {dag.py:2690} INFO - Sync 1 DAGs
[2023-02-09T22:50:39.665+0000] {logging_mixin.py:137} INFO - [2023-02-09T22:50:39.664+0000] {dag.py:3441} INFO - Setting next_dagrun for example_weekday_branch_operator to 2023-02-08T00:00:00+00:00, run_after=2023-02-09T00:00:00+00:00
[2023-02-09T22:50:39.699+0000] {processor.py:175} INFO - Processing /home/airflow/.local/lib/python3.7/site-packages/airflow/example_dags/example_branch_day_of_week_operator.py took 0.134 seconds
[2023-02-09T22:51:10.263+0000] {processor.py:153} INFO - Started process (PID=1304) to work on /home/airflow/.local/lib/python3.7/site-packages/airflow/example_dags/example_branch_day_of_week_operator.py
[2023-02-09T22:51:10.264+0000] {processor.py:743} INFO - Processing file /home/airflow/.local/lib/python3.7/site-packages/airflow/example_dags/example_branch_day_of_week_operator.py for tasks to queue
[2023-02-09T22:51:10.265+0000] {logging_mixin.py:137} INFO - [2023-02-09T22:51:10.265+0000] {dagbag.py:538} INFO - Filling up the DagBag from /home/airflow/.local/lib/python3.7/site-packages/airflow/example_dags/example_branch_day_of_week_operator.py
[2023-02-09T22:51:10.287+0000] {processor.py:753} INFO - DAG(s) dict_keys(['example_weekday_branch_operator']) retrieved from /home/airflow/.local/lib/python3.7/site-packages/airflow/example_dags/example_branch_day_of_week_operator.py
[2023-02-09T22:51:10.326+0000] {logging_mixin.py:137} INFO - [2023-02-09T22:51:10.326+0000] {dag.py:2690} INFO - Sync 1 DAGs
[2023-02-09T22:51:10.368+0000] {logging_mixin.py:137} INFO - [2023-02-09T22:51:10.368+0000] {dag.py:3441} INFO - Setting next_dagrun for example_weekday_branch_operator to 2023-02-08T00:00:00+00:00, run_after=2023-02-09T00:00:00+00:00
[2023-02-09T22:51:10.410+0000] {processor.py:175} INFO - Processing /home/airflow/.local/lib/python3.7/site-packages/airflow/example_dags/example_branch_day_of_week_operator.py took 0.153 seconds
[2023-02-09T22:51:41.066+0000] {processor.py:153} INFO - Started process (PID=1369) to work on /home/airflow/.local/lib/python3.7/site-packages/airflow/example_dags/example_branch_day_of_week_operator.py
[2023-02-09T22:51:41.067+0000] {processor.py:743} INFO - Processing file /home/airflow/.local/lib/python3.7/site-packages/airflow/example_dags/example_branch_day_of_week_operator.py for tasks to queue
[2023-02-09T22:51:41.068+0000] {logging_mixin.py:137} INFO - [2023-02-09T22:51:41.068+0000] {dagbag.py:538} INFO - Filling up the DagBag from /home/airflow/.local/lib/python3.7/site-packages/airflow/example_dags/example_branch_day_of_week_operator.py
[2023-02-09T22:51:41.087+0000] {processor.py:753} INFO - DAG(s) dict_keys(['example_weekday_branch_operator']) retrieved from /home/airflow/.local/lib/python3.7/site-packages/airflow/example_dags/example_branch_day_of_week_operator.py
[2023-02-09T22:51:41.120+0000] {logging_mixin.py:137} INFO - [2023-02-09T22:51:41.119+0000] {dag.py:2690} INFO - Sync 1 DAGs
[2023-02-09T22:51:41.168+0000] {logging_mixin.py:137} INFO - [2023-02-09T22:51:41.167+0000] {dag.py:3441} INFO - Setting next_dagrun for example_weekday_branch_operator to 2023-02-08T00:00:00+00:00, run_after=2023-02-09T00:00:00+00:00
[2023-02-09T22:51:41.203+0000] {processor.py:175} INFO - Processing /home/airflow/.local/lib/python3.7/site-packages/airflow/example_dags/example_branch_day_of_week_operator.py took 0.141 seconds
[2023-02-09T22:52:11.640+0000] {processor.py:153} INFO - Started process (PID=1434) to work on /home/airflow/.local/lib/python3.7/site-packages/airflow/example_dags/example_branch_day_of_week_operator.py
[2023-02-09T22:52:11.645+0000] {processor.py:743} INFO - Processing file /home/airflow/.local/lib/python3.7/site-packages/airflow/example_dags/example_branch_day_of_week_operator.py for tasks to queue
[2023-02-09T22:52:11.647+0000] {logging_mixin.py:137} INFO - [2023-02-09T22:52:11.646+0000] {dagbag.py:538} INFO - Filling up the DagBag from /home/airflow/.local/lib/python3.7/site-packages/airflow/example_dags/example_branch_day_of_week_operator.py
[2023-02-09T22:52:11.672+0000] {processor.py:753} INFO - DAG(s) dict_keys(['example_weekday_branch_operator']) retrieved from /home/airflow/.local/lib/python3.7/site-packages/airflow/example_dags/example_branch_day_of_week_operator.py
[2023-02-09T22:52:11.752+0000] {logging_mixin.py:137} INFO - [2023-02-09T22:52:11.752+0000] {dag.py:2690} INFO - Sync 1 DAGs
[2023-02-09T22:52:11.821+0000] {logging_mixin.py:137} INFO - [2023-02-09T22:52:11.821+0000] {dag.py:3441} INFO - Setting next_dagrun for example_weekday_branch_operator to 2023-02-08T00:00:00+00:00, run_after=2023-02-09T00:00:00+00:00
[2023-02-09T22:52:11.857+0000] {processor.py:175} INFO - Processing /home/airflow/.local/lib/python3.7/site-packages/airflow/example_dags/example_branch_day_of_week_operator.py took 0.223 seconds
[2023-02-09T22:52:42.548+0000] {processor.py:153} INFO - Started process (PID=1511) to work on /home/airflow/.local/lib/python3.7/site-packages/airflow/example_dags/example_branch_day_of_week_operator.py
[2023-02-09T22:52:42.549+0000] {processor.py:743} INFO - Processing file /home/airflow/.local/lib/python3.7/site-packages/airflow/example_dags/example_branch_day_of_week_operator.py for tasks to queue
[2023-02-09T22:52:42.550+0000] {logging_mixin.py:137} INFO - [2023-02-09T22:52:42.550+0000] {dagbag.py:538} INFO - Filling up the DagBag from /home/airflow/.local/lib/python3.7/site-packages/airflow/example_dags/example_branch_day_of_week_operator.py
[2023-02-09T22:52:42.572+0000] {processor.py:753} INFO - DAG(s) dict_keys(['example_weekday_branch_operator']) retrieved from /home/airflow/.local/lib/python3.7/site-packages/airflow/example_dags/example_branch_day_of_week_operator.py
[2023-02-09T22:52:42.603+0000] {logging_mixin.py:137} INFO - [2023-02-09T22:52:42.603+0000] {dag.py:2690} INFO - Sync 1 DAGs
[2023-02-09T22:52:42.634+0000] {logging_mixin.py:137} INFO - [2023-02-09T22:52:42.634+0000] {dag.py:3441} INFO - Setting next_dagrun for example_weekday_branch_operator to 2023-02-08T00:00:00+00:00, run_after=2023-02-09T00:00:00+00:00
[2023-02-09T22:52:42.662+0000] {processor.py:175} INFO - Processing /home/airflow/.local/lib/python3.7/site-packages/airflow/example_dags/example_branch_day_of_week_operator.py took 0.119 seconds
[2023-02-09T22:53:12.788+0000] {processor.py:153} INFO - Started process (PID=1576) to work on /home/airflow/.local/lib/python3.7/site-packages/airflow/example_dags/example_branch_day_of_week_operator.py
[2023-02-09T22:53:12.790+0000] {processor.py:743} INFO - Processing file /home/airflow/.local/lib/python3.7/site-packages/airflow/example_dags/example_branch_day_of_week_operator.py for tasks to queue
[2023-02-09T22:53:12.791+0000] {logging_mixin.py:137} INFO - [2023-02-09T22:53:12.790+0000] {dagbag.py:538} INFO - Filling up the DagBag from /home/airflow/.local/lib/python3.7/site-packages/airflow/example_dags/example_branch_day_of_week_operator.py
[2023-02-09T22:53:12.814+0000] {processor.py:753} INFO - DAG(s) dict_keys(['example_weekday_branch_operator']) retrieved from /home/airflow/.local/lib/python3.7/site-packages/airflow/example_dags/example_branch_day_of_week_operator.py
[2023-02-09T22:53:12.849+0000] {logging_mixin.py:137} INFO - [2023-02-09T22:53:12.849+0000] {dag.py:2690} INFO - Sync 1 DAGs
[2023-02-09T22:53:12.880+0000] {logging_mixin.py:137} INFO - [2023-02-09T22:53:12.880+0000] {dag.py:3441} INFO - Setting next_dagrun for example_weekday_branch_operator to 2023-02-08T00:00:00+00:00, run_after=2023-02-09T00:00:00+00:00
[2023-02-09T22:53:12.914+0000] {processor.py:175} INFO - Processing /home/airflow/.local/lib/python3.7/site-packages/airflow/example_dags/example_branch_day_of_week_operator.py took 0.131 seconds
[2023-02-09T22:53:43.795+0000] {processor.py:153} INFO - Started process (PID=1654) to work on /home/airflow/.local/lib/python3.7/site-packages/airflow/example_dags/example_branch_day_of_week_operator.py
[2023-02-09T22:53:43.796+0000] {processor.py:743} INFO - Processing file /home/airflow/.local/lib/python3.7/site-packages/airflow/example_dags/example_branch_day_of_week_operator.py for tasks to queue
[2023-02-09T22:53:43.797+0000] {logging_mixin.py:137} INFO - [2023-02-09T22:53:43.797+0000] {dagbag.py:538} INFO - Filling up the DagBag from /home/airflow/.local/lib/python3.7/site-packages/airflow/example_dags/example_branch_day_of_week_operator.py
[2023-02-09T22:53:43.817+0000] {processor.py:753} INFO - DAG(s) dict_keys(['example_weekday_branch_operator']) retrieved from /home/airflow/.local/lib/python3.7/site-packages/airflow/example_dags/example_branch_day_of_week_operator.py
[2023-02-09T22:53:43.854+0000] {logging_mixin.py:137} INFO - [2023-02-09T22:53:43.854+0000] {dag.py:2690} INFO - Sync 1 DAGs
[2023-02-09T22:53:43.896+0000] {logging_mixin.py:137} INFO - [2023-02-09T22:53:43.896+0000] {dag.py:3441} INFO - Setting next_dagrun for example_weekday_branch_operator to 2023-02-08T00:00:00+00:00, run_after=2023-02-09T00:00:00+00:00
[2023-02-09T22:53:43.927+0000] {processor.py:175} INFO - Processing /home/airflow/.local/lib/python3.7/site-packages/airflow/example_dags/example_branch_day_of_week_operator.py took 0.138 seconds
[2023-02-09T22:54:14.081+0000] {processor.py:153} INFO - Started process (PID=1720) to work on /home/airflow/.local/lib/python3.7/site-packages/airflow/example_dags/example_branch_day_of_week_operator.py
[2023-02-09T22:54:14.082+0000] {processor.py:743} INFO - Processing file /home/airflow/.local/lib/python3.7/site-packages/airflow/example_dags/example_branch_day_of_week_operator.py for tasks to queue
[2023-02-09T22:54:14.083+0000] {logging_mixin.py:137} INFO - [2023-02-09T22:54:14.083+0000] {dagbag.py:538} INFO - Filling up the DagBag from /home/airflow/.local/lib/python3.7/site-packages/airflow/example_dags/example_branch_day_of_week_operator.py
[2023-02-09T22:54:14.103+0000] {processor.py:753} INFO - DAG(s) dict_keys(['example_weekday_branch_operator']) retrieved from /home/airflow/.local/lib/python3.7/site-packages/airflow/example_dags/example_branch_day_of_week_operator.py
[2023-02-09T22:54:14.140+0000] {logging_mixin.py:137} INFO - [2023-02-09T22:54:14.140+0000] {dag.py:2690} INFO - Sync 1 DAGs
[2023-02-09T22:54:14.180+0000] {logging_mixin.py:137} INFO - [2023-02-09T22:54:14.180+0000] {dag.py:3441} INFO - Setting next_dagrun for example_weekday_branch_operator to 2023-02-08T00:00:00+00:00, run_after=2023-02-09T00:00:00+00:00
[2023-02-09T22:54:14.219+0000] {processor.py:175} INFO - Processing /home/airflow/.local/lib/python3.7/site-packages/airflow/example_dags/example_branch_day_of_week_operator.py took 0.143 seconds
[2023-02-09T22:54:44.690+0000] {processor.py:153} INFO - Started process (PID=1794) to work on /home/airflow/.local/lib/python3.7/site-packages/airflow/example_dags/example_branch_day_of_week_operator.py
[2023-02-09T22:54:44.692+0000] {processor.py:743} INFO - Processing file /home/airflow/.local/lib/python3.7/site-packages/airflow/example_dags/example_branch_day_of_week_operator.py for tasks to queue
[2023-02-09T22:54:44.693+0000] {logging_mixin.py:137} INFO - [2023-02-09T22:54:44.692+0000] {dagbag.py:538} INFO - Filling up the DagBag from /home/airflow/.local/lib/python3.7/site-packages/airflow/example_dags/example_branch_day_of_week_operator.py
[2023-02-09T22:54:44.722+0000] {processor.py:753} INFO - DAG(s) dict_keys(['example_weekday_branch_operator']) retrieved from /home/airflow/.local/lib/python3.7/site-packages/airflow/example_dags/example_branch_day_of_week_operator.py
[2023-02-09T22:54:44.763+0000] {logging_mixin.py:137} INFO - [2023-02-09T22:54:44.763+0000] {dag.py:2690} INFO - Sync 1 DAGs
[2023-02-09T22:54:44.806+0000] {logging_mixin.py:137} INFO - [2023-02-09T22:54:44.806+0000] {dag.py:3441} INFO - Setting next_dagrun for example_weekday_branch_operator to 2023-02-08T00:00:00+00:00, run_after=2023-02-09T00:00:00+00:00
[2023-02-09T22:54:44.844+0000] {processor.py:175} INFO - Processing /home/airflow/.local/lib/python3.7/site-packages/airflow/example_dags/example_branch_day_of_week_operator.py took 0.160 seconds
[2023-02-09T22:55:15.325+0000] {processor.py:153} INFO - Started process (PID=1863) to work on /home/airflow/.local/lib/python3.7/site-packages/airflow/example_dags/example_branch_day_of_week_operator.py
[2023-02-09T22:55:15.326+0000] {processor.py:743} INFO - Processing file /home/airflow/.local/lib/python3.7/site-packages/airflow/example_dags/example_branch_day_of_week_operator.py for tasks to queue
[2023-02-09T22:55:15.327+0000] {logging_mixin.py:137} INFO - [2023-02-09T22:55:15.327+0000] {dagbag.py:538} INFO - Filling up the DagBag from /home/airflow/.local/lib/python3.7/site-packages/airflow/example_dags/example_branch_day_of_week_operator.py
[2023-02-09T22:55:15.346+0000] {processor.py:753} INFO - DAG(s) dict_keys(['example_weekday_branch_operator']) retrieved from /home/airflow/.local/lib/python3.7/site-packages/airflow/example_dags/example_branch_day_of_week_operator.py
[2023-02-09T22:55:15.378+0000] {logging_mixin.py:137} INFO - [2023-02-09T22:55:15.378+0000] {dag.py:2690} INFO - Sync 1 DAGs
[2023-02-09T22:55:15.408+0000] {logging_mixin.py:137} INFO - [2023-02-09T22:55:15.408+0000] {dag.py:3441} INFO - Setting next_dagrun for example_weekday_branch_operator to 2023-02-08T00:00:00+00:00, run_after=2023-02-09T00:00:00+00:00
[2023-02-09T22:55:15.437+0000] {processor.py:175} INFO - Processing /home/airflow/.local/lib/python3.7/site-packages/airflow/example_dags/example_branch_day_of_week_operator.py took 0.117 seconds
[2023-02-09T22:55:45.806+0000] {processor.py:153} INFO - Started process (PID=1929) to work on /home/airflow/.local/lib/python3.7/site-packages/airflow/example_dags/example_branch_day_of_week_operator.py
[2023-02-09T22:55:45.806+0000] {processor.py:743} INFO - Processing file /home/airflow/.local/lib/python3.7/site-packages/airflow/example_dags/example_branch_day_of_week_operator.py for tasks to queue
[2023-02-09T22:55:45.807+0000] {logging_mixin.py:137} INFO - [2023-02-09T22:55:45.807+0000] {dagbag.py:538} INFO - Filling up the DagBag from /home/airflow/.local/lib/python3.7/site-packages/airflow/example_dags/example_branch_day_of_week_operator.py
[2023-02-09T22:55:45.828+0000] {processor.py:753} INFO - DAG(s) dict_keys(['example_weekday_branch_operator']) retrieved from /home/airflow/.local/lib/python3.7/site-packages/airflow/example_dags/example_branch_day_of_week_operator.py
[2023-02-09T22:55:45.858+0000] {logging_mixin.py:137} INFO - [2023-02-09T22:55:45.858+0000] {dag.py:2690} INFO - Sync 1 DAGs
[2023-02-09T22:55:45.893+0000] {logging_mixin.py:137} INFO - [2023-02-09T22:55:45.893+0000] {dag.py:3441} INFO - Setting next_dagrun for example_weekday_branch_operator to 2023-02-08T00:00:00+00:00, run_after=2023-02-09T00:00:00+00:00
[2023-02-09T22:55:45.929+0000] {processor.py:175} INFO - Processing /home/airflow/.local/lib/python3.7/site-packages/airflow/example_dags/example_branch_day_of_week_operator.py took 0.128 seconds
[2023-02-09T22:56:16.710+0000] {processor.py:153} INFO - Started process (PID=2006) to work on /home/airflow/.local/lib/python3.7/site-packages/airflow/example_dags/example_branch_day_of_week_operator.py
[2023-02-09T22:56:16.711+0000] {processor.py:743} INFO - Processing file /home/airflow/.local/lib/python3.7/site-packages/airflow/example_dags/example_branch_day_of_week_operator.py for tasks to queue
[2023-02-09T22:56:16.712+0000] {logging_mixin.py:137} INFO - [2023-02-09T22:56:16.712+0000] {dagbag.py:538} INFO - Filling up the DagBag from /home/airflow/.local/lib/python3.7/site-packages/airflow/example_dags/example_branch_day_of_week_operator.py
[2023-02-09T22:56:16.736+0000] {processor.py:753} INFO - DAG(s) dict_keys(['example_weekday_branch_operator']) retrieved from /home/airflow/.local/lib/python3.7/site-packages/airflow/example_dags/example_branch_day_of_week_operator.py
[2023-02-09T22:56:16.776+0000] {logging_mixin.py:137} INFO - [2023-02-09T22:56:16.776+0000] {dag.py:2690} INFO - Sync 1 DAGs
[2023-02-09T22:56:16.813+0000] {logging_mixin.py:137} INFO - [2023-02-09T22:56:16.812+0000] {dag.py:3441} INFO - Setting next_dagrun for example_weekday_branch_operator to 2023-02-08T00:00:00+00:00, run_after=2023-02-09T00:00:00+00:00
[2023-02-09T22:56:16.840+0000] {processor.py:175} INFO - Processing /home/airflow/.local/lib/python3.7/site-packages/airflow/example_dags/example_branch_day_of_week_operator.py took 0.135 seconds
[2023-02-09T22:56:47.123+0000] {processor.py:153} INFO - Started process (PID=2070) to work on /home/airflow/.local/lib/python3.7/site-packages/airflow/example_dags/example_branch_day_of_week_operator.py
[2023-02-09T22:56:47.124+0000] {processor.py:743} INFO - Processing file /home/airflow/.local/lib/python3.7/site-packages/airflow/example_dags/example_branch_day_of_week_operator.py for tasks to queue
[2023-02-09T22:56:47.125+0000] {logging_mixin.py:137} INFO - [2023-02-09T22:56:47.125+0000] {dagbag.py:538} INFO - Filling up the DagBag from /home/airflow/.local/lib/python3.7/site-packages/airflow/example_dags/example_branch_day_of_week_operator.py
[2023-02-09T22:56:47.146+0000] {processor.py:753} INFO - DAG(s) dict_keys(['example_weekday_branch_operator']) retrieved from /home/airflow/.local/lib/python3.7/site-packages/airflow/example_dags/example_branch_day_of_week_operator.py
[2023-02-09T22:56:47.174+0000] {logging_mixin.py:137} INFO - [2023-02-09T22:56:47.173+0000] {dag.py:2690} INFO - Sync 1 DAGs
[2023-02-09T22:56:47.204+0000] {logging_mixin.py:137} INFO - [2023-02-09T22:56:47.204+0000] {dag.py:3441} INFO - Setting next_dagrun for example_weekday_branch_operator to 2023-02-08T00:00:00+00:00, run_after=2023-02-09T00:00:00+00:00
[2023-02-09T22:56:47.230+0000] {processor.py:175} INFO - Processing /home/airflow/.local/lib/python3.7/site-packages/airflow/example_dags/example_branch_day_of_week_operator.py took 0.110 seconds
[2023-02-09T22:57:17.529+0000] {processor.py:153} INFO - Started process (PID=2143) to work on /home/airflow/.local/lib/python3.7/site-packages/airflow/example_dags/example_branch_day_of_week_operator.py
[2023-02-09T22:57:17.530+0000] {processor.py:743} INFO - Processing file /home/airflow/.local/lib/python3.7/site-packages/airflow/example_dags/example_branch_day_of_week_operator.py for tasks to queue
[2023-02-09T22:57:17.531+0000] {logging_mixin.py:137} INFO - [2023-02-09T22:57:17.531+0000] {dagbag.py:538} INFO - Filling up the DagBag from /home/airflow/.local/lib/python3.7/site-packages/airflow/example_dags/example_branch_day_of_week_operator.py
[2023-02-09T22:57:17.555+0000] {processor.py:753} INFO - DAG(s) dict_keys(['example_weekday_branch_operator']) retrieved from /home/airflow/.local/lib/python3.7/site-packages/airflow/example_dags/example_branch_day_of_week_operator.py
[2023-02-09T22:57:17.598+0000] {logging_mixin.py:137} INFO - [2023-02-09T22:57:17.597+0000] {dag.py:2690} INFO - Sync 1 DAGs
[2023-02-09T22:57:17.662+0000] {logging_mixin.py:137} INFO - [2023-02-09T22:57:17.662+0000] {dag.py:3441} INFO - Setting next_dagrun for example_weekday_branch_operator to 2023-02-08T00:00:00+00:00, run_after=2023-02-09T00:00:00+00:00
[2023-02-09T22:57:17.710+0000] {processor.py:175} INFO - Processing /home/airflow/.local/lib/python3.7/site-packages/airflow/example_dags/example_branch_day_of_week_operator.py took 0.187 seconds
[2023-02-09T22:57:48.030+0000] {processor.py:153} INFO - Started process (PID=2211) to work on /home/airflow/.local/lib/python3.7/site-packages/airflow/example_dags/example_branch_day_of_week_operator.py
[2023-02-09T22:57:48.031+0000] {processor.py:743} INFO - Processing file /home/airflow/.local/lib/python3.7/site-packages/airflow/example_dags/example_branch_day_of_week_operator.py for tasks to queue
[2023-02-09T22:57:48.031+0000] {logging_mixin.py:137} INFO - [2023-02-09T22:57:48.031+0000] {dagbag.py:538} INFO - Filling up the DagBag from /home/airflow/.local/lib/python3.7/site-packages/airflow/example_dags/example_branch_day_of_week_operator.py
[2023-02-09T22:57:48.051+0000] {processor.py:753} INFO - DAG(s) dict_keys(['example_weekday_branch_operator']) retrieved from /home/airflow/.local/lib/python3.7/site-packages/airflow/example_dags/example_branch_day_of_week_operator.py
[2023-02-09T22:57:48.089+0000] {logging_mixin.py:137} INFO - [2023-02-09T22:57:48.089+0000] {dag.py:2690} INFO - Sync 1 DAGs
[2023-02-09T22:57:48.132+0000] {logging_mixin.py:137} INFO - [2023-02-09T22:57:48.131+0000] {dag.py:3441} INFO - Setting next_dagrun for example_weekday_branch_operator to 2023-02-08T00:00:00+00:00, run_after=2023-02-09T00:00:00+00:00
[2023-02-09T22:57:48.163+0000] {processor.py:175} INFO - Processing /home/airflow/.local/lib/python3.7/site-packages/airflow/example_dags/example_branch_day_of_week_operator.py took 0.137 seconds
[2023-02-09T22:58:18.271+0000] {processor.py:153} INFO - Started process (PID=2277) to work on /home/airflow/.local/lib/python3.7/site-packages/airflow/example_dags/example_branch_day_of_week_operator.py
[2023-02-09T22:58:18.272+0000] {processor.py:743} INFO - Processing file /home/airflow/.local/lib/python3.7/site-packages/airflow/example_dags/example_branch_day_of_week_operator.py for tasks to queue
[2023-02-09T22:58:18.273+0000] {logging_mixin.py:137} INFO - [2023-02-09T22:58:18.272+0000] {dagbag.py:538} INFO - Filling up the DagBag from /home/airflow/.local/lib/python3.7/site-packages/airflow/example_dags/example_branch_day_of_week_operator.py
[2023-02-09T22:58:18.291+0000] {processor.py:753} INFO - DAG(s) dict_keys(['example_weekday_branch_operator']) retrieved from /home/airflow/.local/lib/python3.7/site-packages/airflow/example_dags/example_branch_day_of_week_operator.py
[2023-02-09T22:58:18.319+0000] {logging_mixin.py:137} INFO - [2023-02-09T22:58:18.319+0000] {dag.py:2690} INFO - Sync 1 DAGs
[2023-02-09T22:58:18.356+0000] {logging_mixin.py:137} INFO - [2023-02-09T22:58:18.356+0000] {dag.py:3441} INFO - Setting next_dagrun for example_weekday_branch_operator to 2023-02-08T00:00:00+00:00, run_after=2023-02-09T00:00:00+00:00
[2023-02-09T22:58:18.390+0000] {processor.py:175} INFO - Processing /home/airflow/.local/lib/python3.7/site-packages/airflow/example_dags/example_branch_day_of_week_operator.py took 0.124 seconds
[2023-02-09T22:58:49.142+0000] {processor.py:153} INFO - Started process (PID=2354) to work on /home/airflow/.local/lib/python3.7/site-packages/airflow/example_dags/example_branch_day_of_week_operator.py
[2023-02-09T22:58:49.143+0000] {processor.py:743} INFO - Processing file /home/airflow/.local/lib/python3.7/site-packages/airflow/example_dags/example_branch_day_of_week_operator.py for tasks to queue
[2023-02-09T22:58:49.144+0000] {logging_mixin.py:137} INFO - [2023-02-09T22:58:49.144+0000] {dagbag.py:538} INFO - Filling up the DagBag from /home/airflow/.local/lib/python3.7/site-packages/airflow/example_dags/example_branch_day_of_week_operator.py
[2023-02-09T22:58:49.168+0000] {processor.py:753} INFO - DAG(s) dict_keys(['example_weekday_branch_operator']) retrieved from /home/airflow/.local/lib/python3.7/site-packages/airflow/example_dags/example_branch_day_of_week_operator.py
[2023-02-09T22:58:49.207+0000] {logging_mixin.py:137} INFO - [2023-02-09T22:58:49.206+0000] {dag.py:2690} INFO - Sync 1 DAGs
[2023-02-09T22:58:49.251+0000] {logging_mixin.py:137} INFO - [2023-02-09T22:58:49.250+0000] {dag.py:3441} INFO - Setting next_dagrun for example_weekday_branch_operator to 2023-02-08T00:00:00+00:00, run_after=2023-02-09T00:00:00+00:00
[2023-02-09T22:58:49.286+0000] {processor.py:175} INFO - Processing /home/airflow/.local/lib/python3.7/site-packages/airflow/example_dags/example_branch_day_of_week_operator.py took 0.150 seconds
[2023-02-09T22:59:19.633+0000] {processor.py:153} INFO - Started process (PID=2419) to work on /home/airflow/.local/lib/python3.7/site-packages/airflow/example_dags/example_branch_day_of_week_operator.py
[2023-02-09T22:59:19.634+0000] {processor.py:743} INFO - Processing file /home/airflow/.local/lib/python3.7/site-packages/airflow/example_dags/example_branch_day_of_week_operator.py for tasks to queue
[2023-02-09T22:59:19.634+0000] {logging_mixin.py:137} INFO - [2023-02-09T22:59:19.634+0000] {dagbag.py:538} INFO - Filling up the DagBag from /home/airflow/.local/lib/python3.7/site-packages/airflow/example_dags/example_branch_day_of_week_operator.py
[2023-02-09T22:59:19.656+0000] {processor.py:753} INFO - DAG(s) dict_keys(['example_weekday_branch_operator']) retrieved from /home/airflow/.local/lib/python3.7/site-packages/airflow/example_dags/example_branch_day_of_week_operator.py
[2023-02-09T22:59:19.683+0000] {logging_mixin.py:137} INFO - [2023-02-09T22:59:19.683+0000] {dag.py:2690} INFO - Sync 1 DAGs
[2023-02-09T22:59:19.719+0000] {logging_mixin.py:137} INFO - [2023-02-09T22:59:19.719+0000] {dag.py:3441} INFO - Setting next_dagrun for example_weekday_branch_operator to 2023-02-08T00:00:00+00:00, run_after=2023-02-09T00:00:00+00:00
[2023-02-09T22:59:19.748+0000] {processor.py:175} INFO - Processing /home/airflow/.local/lib/python3.7/site-packages/airflow/example_dags/example_branch_day_of_week_operator.py took 0.119 seconds
[2023-02-09T22:59:50.273+0000] {processor.py:153} INFO - Started process (PID=2484) to work on /home/airflow/.local/lib/python3.7/site-packages/airflow/example_dags/example_branch_day_of_week_operator.py
[2023-02-09T22:59:50.274+0000] {processor.py:743} INFO - Processing file /home/airflow/.local/lib/python3.7/site-packages/airflow/example_dags/example_branch_day_of_week_operator.py for tasks to queue
[2023-02-09T22:59:50.275+0000] {logging_mixin.py:137} INFO - [2023-02-09T22:59:50.275+0000] {dagbag.py:538} INFO - Filling up the DagBag from /home/airflow/.local/lib/python3.7/site-packages/airflow/example_dags/example_branch_day_of_week_operator.py
[2023-02-09T22:59:50.300+0000] {processor.py:753} INFO - DAG(s) dict_keys(['example_weekday_branch_operator']) retrieved from /home/airflow/.local/lib/python3.7/site-packages/airflow/example_dags/example_branch_day_of_week_operator.py
[2023-02-09T22:59:50.342+0000] {logging_mixin.py:137} INFO - [2023-02-09T22:59:50.342+0000] {dag.py:2690} INFO - Sync 1 DAGs
[2023-02-09T22:59:50.386+0000] {logging_mixin.py:137} INFO - [2023-02-09T22:59:50.386+0000] {dag.py:3441} INFO - Setting next_dagrun for example_weekday_branch_operator to 2023-02-08T00:00:00+00:00, run_after=2023-02-09T00:00:00+00:00
[2023-02-09T22:59:50.423+0000] {processor.py:175} INFO - Processing /home/airflow/.local/lib/python3.7/site-packages/airflow/example_dags/example_branch_day_of_week_operator.py took 0.156 seconds
[2023-02-09T23:00:20.707+0000] {processor.py:153} INFO - Started process (PID=2561) to work on /home/airflow/.local/lib/python3.7/site-packages/airflow/example_dags/example_branch_day_of_week_operator.py
[2023-02-09T23:00:20.708+0000] {processor.py:743} INFO - Processing file /home/airflow/.local/lib/python3.7/site-packages/airflow/example_dags/example_branch_day_of_week_operator.py for tasks to queue
[2023-02-09T23:00:20.709+0000] {logging_mixin.py:137} INFO - [2023-02-09T23:00:20.708+0000] {dagbag.py:538} INFO - Filling up the DagBag from /home/airflow/.local/lib/python3.7/site-packages/airflow/example_dags/example_branch_day_of_week_operator.py
[2023-02-09T23:00:20.726+0000] {processor.py:753} INFO - DAG(s) dict_keys(['example_weekday_branch_operator']) retrieved from /home/airflow/.local/lib/python3.7/site-packages/airflow/example_dags/example_branch_day_of_week_operator.py
[2023-02-09T23:00:20.759+0000] {logging_mixin.py:137} INFO - [2023-02-09T23:00:20.758+0000] {dag.py:2690} INFO - Sync 1 DAGs
[2023-02-09T23:00:20.788+0000] {logging_mixin.py:137} INFO - [2023-02-09T23:00:20.788+0000] {dag.py:3441} INFO - Setting next_dagrun for example_weekday_branch_operator to 2023-02-08T00:00:00+00:00, run_after=2023-02-09T00:00:00+00:00
[2023-02-09T23:00:20.817+0000] {processor.py:175} INFO - Processing /home/airflow/.local/lib/python3.7/site-packages/airflow/example_dags/example_branch_day_of_week_operator.py took 0.115 seconds
[2023-02-09T23:00:51.181+0000] {processor.py:153} INFO - Started process (PID=2626) to work on /home/airflow/.local/lib/python3.7/site-packages/airflow/example_dags/example_branch_day_of_week_operator.py
[2023-02-09T23:00:51.182+0000] {processor.py:743} INFO - Processing file /home/airflow/.local/lib/python3.7/site-packages/airflow/example_dags/example_branch_day_of_week_operator.py for tasks to queue
[2023-02-09T23:00:51.183+0000] {logging_mixin.py:137} INFO - [2023-02-09T23:00:51.183+0000] {dagbag.py:538} INFO - Filling up the DagBag from /home/airflow/.local/lib/python3.7/site-packages/airflow/example_dags/example_branch_day_of_week_operator.py
[2023-02-09T23:00:51.200+0000] {processor.py:753} INFO - DAG(s) dict_keys(['example_weekday_branch_operator']) retrieved from /home/airflow/.local/lib/python3.7/site-packages/airflow/example_dags/example_branch_day_of_week_operator.py
[2023-02-09T23:00:51.230+0000] {logging_mixin.py:137} INFO - [2023-02-09T23:00:51.230+0000] {dag.py:2690} INFO - Sync 1 DAGs
[2023-02-09T23:00:51.259+0000] {logging_mixin.py:137} INFO - [2023-02-09T23:00:51.259+0000] {dag.py:3441} INFO - Setting next_dagrun for example_weekday_branch_operator to 2023-02-08T00:00:00+00:00, run_after=2023-02-09T00:00:00+00:00
[2023-02-09T23:00:51.287+0000] {processor.py:175} INFO - Processing /home/airflow/.local/lib/python3.7/site-packages/airflow/example_dags/example_branch_day_of_week_operator.py took 0.111 seconds
[2023-02-09T23:01:21.677+0000] {processor.py:153} INFO - Started process (PID=2701) to work on /home/airflow/.local/lib/python3.7/site-packages/airflow/example_dags/example_branch_day_of_week_operator.py
[2023-02-09T23:01:21.681+0000] {processor.py:743} INFO - Processing file /home/airflow/.local/lib/python3.7/site-packages/airflow/example_dags/example_branch_day_of_week_operator.py for tasks to queue
[2023-02-09T23:01:21.682+0000] {logging_mixin.py:137} INFO - [2023-02-09T23:01:21.682+0000] {dagbag.py:538} INFO - Filling up the DagBag from /home/airflow/.local/lib/python3.7/site-packages/airflow/example_dags/example_branch_day_of_week_operator.py
[2023-02-09T23:01:21.716+0000] {processor.py:753} INFO - DAG(s) dict_keys(['example_weekday_branch_operator']) retrieved from /home/airflow/.local/lib/python3.7/site-packages/airflow/example_dags/example_branch_day_of_week_operator.py
[2023-02-09T23:01:21.760+0000] {logging_mixin.py:137} INFO - [2023-02-09T23:01:21.759+0000] {dag.py:2690} INFO - Sync 1 DAGs
[2023-02-09T23:01:21.807+0000] {logging_mixin.py:137} INFO - [2023-02-09T23:01:21.807+0000] {dag.py:3441} INFO - Setting next_dagrun for example_weekday_branch_operator to 2023-02-08T00:00:00+00:00, run_after=2023-02-09T00:00:00+00:00
[2023-02-09T23:01:21.846+0000] {processor.py:175} INFO - Processing /home/airflow/.local/lib/python3.7/site-packages/airflow/example_dags/example_branch_day_of_week_operator.py took 0.176 seconds
[2023-02-09T23:01:51.964+0000] {processor.py:153} INFO - Started process (PID=2768) to work on /home/airflow/.local/lib/python3.7/site-packages/airflow/example_dags/example_branch_day_of_week_operator.py
[2023-02-09T23:01:51.965+0000] {processor.py:743} INFO - Processing file /home/airflow/.local/lib/python3.7/site-packages/airflow/example_dags/example_branch_day_of_week_operator.py for tasks to queue
[2023-02-09T23:01:51.965+0000] {logging_mixin.py:137} INFO - [2023-02-09T23:01:51.965+0000] {dagbag.py:538} INFO - Filling up the DagBag from /home/airflow/.local/lib/python3.7/site-packages/airflow/example_dags/example_branch_day_of_week_operator.py
[2023-02-09T23:01:51.983+0000] {processor.py:753} INFO - DAG(s) dict_keys(['example_weekday_branch_operator']) retrieved from /home/airflow/.local/lib/python3.7/site-packages/airflow/example_dags/example_branch_day_of_week_operator.py
[2023-02-09T23:01:52.018+0000] {logging_mixin.py:137} INFO - [2023-02-09T23:01:52.018+0000] {dag.py:2690} INFO - Sync 1 DAGs
[2023-02-09T23:01:52.060+0000] {logging_mixin.py:137} INFO - [2023-02-09T23:01:52.059+0000] {dag.py:3441} INFO - Setting next_dagrun for example_weekday_branch_operator to 2023-02-08T00:00:00+00:00, run_after=2023-02-09T00:00:00+00:00
[2023-02-09T23:01:52.090+0000] {processor.py:175} INFO - Processing /home/airflow/.local/lib/python3.7/site-packages/airflow/example_dags/example_branch_day_of_week_operator.py took 0.131 seconds
[2023-02-09T23:02:22.725+0000] {processor.py:153} INFO - Started process (PID=2834) to work on /home/airflow/.local/lib/python3.7/site-packages/airflow/example_dags/example_branch_day_of_week_operator.py
[2023-02-09T23:02:22.727+0000] {processor.py:743} INFO - Processing file /home/airflow/.local/lib/python3.7/site-packages/airflow/example_dags/example_branch_day_of_week_operator.py for tasks to queue
[2023-02-09T23:02:22.728+0000] {logging_mixin.py:137} INFO - [2023-02-09T23:02:22.727+0000] {dagbag.py:538} INFO - Filling up the DagBag from /home/airflow/.local/lib/python3.7/site-packages/airflow/example_dags/example_branch_day_of_week_operator.py
[2023-02-09T23:02:22.752+0000] {processor.py:753} INFO - DAG(s) dict_keys(['example_weekday_branch_operator']) retrieved from /home/airflow/.local/lib/python3.7/site-packages/airflow/example_dags/example_branch_day_of_week_operator.py
[2023-02-09T23:02:22.809+0000] {logging_mixin.py:137} INFO - [2023-02-09T23:02:22.808+0000] {dag.py:2690} INFO - Sync 1 DAGs
[2023-02-09T23:02:22.845+0000] {logging_mixin.py:137} INFO - [2023-02-09T23:02:22.845+0000] {dag.py:3441} INFO - Setting next_dagrun for example_weekday_branch_operator to 2023-02-08T00:00:00+00:00, run_after=2023-02-09T00:00:00+00:00
[2023-02-09T23:02:22.877+0000] {processor.py:175} INFO - Processing /home/airflow/.local/lib/python3.7/site-packages/airflow/example_dags/example_branch_day_of_week_operator.py took 0.158 seconds
[2023-02-09T23:02:53.744+0000] {processor.py:153} INFO - Started process (PID=2912) to work on /home/airflow/.local/lib/python3.7/site-packages/airflow/example_dags/example_branch_day_of_week_operator.py
[2023-02-09T23:02:53.745+0000] {processor.py:743} INFO - Processing file /home/airflow/.local/lib/python3.7/site-packages/airflow/example_dags/example_branch_day_of_week_operator.py for tasks to queue
[2023-02-09T23:02:53.746+0000] {logging_mixin.py:137} INFO - [2023-02-09T23:02:53.746+0000] {dagbag.py:538} INFO - Filling up the DagBag from /home/airflow/.local/lib/python3.7/site-packages/airflow/example_dags/example_branch_day_of_week_operator.py
[2023-02-09T23:02:53.769+0000] {processor.py:753} INFO - DAG(s) dict_keys(['example_weekday_branch_operator']) retrieved from /home/airflow/.local/lib/python3.7/site-packages/airflow/example_dags/example_branch_day_of_week_operator.py
[2023-02-09T23:02:53.807+0000] {logging_mixin.py:137} INFO - [2023-02-09T23:02:53.806+0000] {dag.py:2690} INFO - Sync 1 DAGs
[2023-02-09T23:02:53.843+0000] {logging_mixin.py:137} INFO - [2023-02-09T23:02:53.842+0000] {dag.py:3441} INFO - Setting next_dagrun for example_weekday_branch_operator to 2023-02-08T00:00:00+00:00, run_after=2023-02-09T00:00:00+00:00
[2023-02-09T23:02:53.929+0000] {processor.py:175} INFO - Processing /home/airflow/.local/lib/python3.7/site-packages/airflow/example_dags/example_branch_day_of_week_operator.py took 0.191 seconds
[2023-02-09T23:03:24.438+0000] {processor.py:153} INFO - Started process (PID=2977) to work on /home/airflow/.local/lib/python3.7/site-packages/airflow/example_dags/example_branch_day_of_week_operator.py
[2023-02-09T23:03:24.439+0000] {processor.py:743} INFO - Processing file /home/airflow/.local/lib/python3.7/site-packages/airflow/example_dags/example_branch_day_of_week_operator.py for tasks to queue
[2023-02-09T23:03:24.440+0000] {logging_mixin.py:137} INFO - [2023-02-09T23:03:24.440+0000] {dagbag.py:538} INFO - Filling up the DagBag from /home/airflow/.local/lib/python3.7/site-packages/airflow/example_dags/example_branch_day_of_week_operator.py
[2023-02-09T23:03:24.457+0000] {processor.py:753} INFO - DAG(s) dict_keys(['example_weekday_branch_operator']) retrieved from /home/airflow/.local/lib/python3.7/site-packages/airflow/example_dags/example_branch_day_of_week_operator.py
[2023-02-09T23:03:24.484+0000] {logging_mixin.py:137} INFO - [2023-02-09T23:03:24.484+0000] {dag.py:2690} INFO - Sync 1 DAGs
[2023-02-09T23:03:24.526+0000] {logging_mixin.py:137} INFO - [2023-02-09T23:03:24.525+0000] {dag.py:3441} INFO - Setting next_dagrun for example_weekday_branch_operator to 2023-02-08T00:00:00+00:00, run_after=2023-02-09T00:00:00+00:00
[2023-02-09T23:03:24.559+0000] {processor.py:175} INFO - Processing /home/airflow/.local/lib/python3.7/site-packages/airflow/example_dags/example_branch_day_of_week_operator.py took 0.124 seconds
[2023-02-09T23:03:55.309+0000] {processor.py:153} INFO - Started process (PID=3051) to work on /home/airflow/.local/lib/python3.7/site-packages/airflow/example_dags/example_branch_day_of_week_operator.py
[2023-02-09T23:03:55.310+0000] {processor.py:743} INFO - Processing file /home/airflow/.local/lib/python3.7/site-packages/airflow/example_dags/example_branch_day_of_week_operator.py for tasks to queue
[2023-02-09T23:03:55.311+0000] {logging_mixin.py:137} INFO - [2023-02-09T23:03:55.311+0000] {dagbag.py:538} INFO - Filling up the DagBag from /home/airflow/.local/lib/python3.7/site-packages/airflow/example_dags/example_branch_day_of_week_operator.py
[2023-02-09T23:03:55.336+0000] {processor.py:753} INFO - DAG(s) dict_keys(['example_weekday_branch_operator']) retrieved from /home/airflow/.local/lib/python3.7/site-packages/airflow/example_dags/example_branch_day_of_week_operator.py
[2023-02-09T23:03:55.406+0000] {logging_mixin.py:137} INFO - [2023-02-09T23:03:55.405+0000] {dag.py:2690} INFO - Sync 1 DAGs
[2023-02-09T23:03:55.477+0000] {logging_mixin.py:137} INFO - [2023-02-09T23:03:55.477+0000] {dag.py:3441} INFO - Setting next_dagrun for example_weekday_branch_operator to 2023-02-08T00:00:00+00:00, run_after=2023-02-09T00:00:00+00:00
[2023-02-09T23:03:55.513+0000] {processor.py:175} INFO - Processing /home/airflow/.local/lib/python3.7/site-packages/airflow/example_dags/example_branch_day_of_week_operator.py took 0.209 seconds
[2023-02-09T23:04:25.846+0000] {processor.py:153} INFO - Started process (PID=3120) to work on /home/airflow/.local/lib/python3.7/site-packages/airflow/example_dags/example_branch_day_of_week_operator.py
[2023-02-09T23:04:25.847+0000] {processor.py:743} INFO - Processing file /home/airflow/.local/lib/python3.7/site-packages/airflow/example_dags/example_branch_day_of_week_operator.py for tasks to queue
[2023-02-09T23:04:25.848+0000] {logging_mixin.py:137} INFO - [2023-02-09T23:04:25.848+0000] {dagbag.py:538} INFO - Filling up the DagBag from /home/airflow/.local/lib/python3.7/site-packages/airflow/example_dags/example_branch_day_of_week_operator.py
[2023-02-09T23:04:25.866+0000] {processor.py:753} INFO - DAG(s) dict_keys(['example_weekday_branch_operator']) retrieved from /home/airflow/.local/lib/python3.7/site-packages/airflow/example_dags/example_branch_day_of_week_operator.py
[2023-02-09T23:04:25.896+0000] {logging_mixin.py:137} INFO - [2023-02-09T23:04:25.895+0000] {dag.py:2690} INFO - Sync 1 DAGs
[2023-02-09T23:04:25.937+0000] {logging_mixin.py:137} INFO - [2023-02-09T23:04:25.937+0000] {dag.py:3441} INFO - Setting next_dagrun for example_weekday_branch_operator to 2023-02-08T00:00:00+00:00, run_after=2023-02-09T00:00:00+00:00
[2023-02-09T23:04:25.972+0000] {processor.py:175} INFO - Processing /home/airflow/.local/lib/python3.7/site-packages/airflow/example_dags/example_branch_day_of_week_operator.py took 0.130 seconds
[2023-02-09T23:04:56.449+0000] {processor.py:153} INFO - Started process (PID=3185) to work on /home/airflow/.local/lib/python3.7/site-packages/airflow/example_dags/example_branch_day_of_week_operator.py
[2023-02-09T23:04:56.450+0000] {processor.py:743} INFO - Processing file /home/airflow/.local/lib/python3.7/site-packages/airflow/example_dags/example_branch_day_of_week_operator.py for tasks to queue
[2023-02-09T23:04:56.451+0000] {logging_mixin.py:137} INFO - [2023-02-09T23:04:56.450+0000] {dagbag.py:538} INFO - Filling up the DagBag from /home/airflow/.local/lib/python3.7/site-packages/airflow/example_dags/example_branch_day_of_week_operator.py
[2023-02-09T23:04:56.469+0000] {processor.py:753} INFO - DAG(s) dict_keys(['example_weekday_branch_operator']) retrieved from /home/airflow/.local/lib/python3.7/site-packages/airflow/example_dags/example_branch_day_of_week_operator.py
[2023-02-09T23:04:56.507+0000] {logging_mixin.py:137} INFO - [2023-02-09T23:04:56.507+0000] {dag.py:2690} INFO - Sync 1 DAGs
[2023-02-09T23:04:56.551+0000] {logging_mixin.py:137} INFO - [2023-02-09T23:04:56.551+0000] {dag.py:3441} INFO - Setting next_dagrun for example_weekday_branch_operator to 2023-02-08T00:00:00+00:00, run_after=2023-02-09T00:00:00+00:00
[2023-02-09T23:04:56.586+0000] {processor.py:175} INFO - Processing /home/airflow/.local/lib/python3.7/site-packages/airflow/example_dags/example_branch_day_of_week_operator.py took 0.141 seconds
[2023-02-09T23:05:27.564+0000] {processor.py:153} INFO - Started process (PID=3263) to work on /home/airflow/.local/lib/python3.7/site-packages/airflow/example_dags/example_branch_day_of_week_operator.py
[2023-02-09T23:05:27.565+0000] {processor.py:743} INFO - Processing file /home/airflow/.local/lib/python3.7/site-packages/airflow/example_dags/example_branch_day_of_week_operator.py for tasks to queue
[2023-02-09T23:05:27.566+0000] {logging_mixin.py:137} INFO - [2023-02-09T23:05:27.565+0000] {dagbag.py:538} INFO - Filling up the DagBag from /home/airflow/.local/lib/python3.7/site-packages/airflow/example_dags/example_branch_day_of_week_operator.py
[2023-02-09T23:05:27.587+0000] {processor.py:753} INFO - DAG(s) dict_keys(['example_weekday_branch_operator']) retrieved from /home/airflow/.local/lib/python3.7/site-packages/airflow/example_dags/example_branch_day_of_week_operator.py
[2023-02-09T23:05:27.618+0000] {logging_mixin.py:137} INFO - [2023-02-09T23:05:27.618+0000] {dag.py:2690} INFO - Sync 1 DAGs
[2023-02-09T23:05:27.658+0000] {logging_mixin.py:137} INFO - [2023-02-09T23:05:27.658+0000] {dag.py:3441} INFO - Setting next_dagrun for example_weekday_branch_operator to 2023-02-08T00:00:00+00:00, run_after=2023-02-09T00:00:00+00:00
[2023-02-09T23:05:27.693+0000] {processor.py:175} INFO - Processing /home/airflow/.local/lib/python3.7/site-packages/airflow/example_dags/example_branch_day_of_week_operator.py took 0.133 seconds
[2023-02-09T23:05:57.966+0000] {processor.py:153} INFO - Started process (PID=3328) to work on /home/airflow/.local/lib/python3.7/site-packages/airflow/example_dags/example_branch_day_of_week_operator.py
[2023-02-09T23:05:57.967+0000] {processor.py:743} INFO - Processing file /home/airflow/.local/lib/python3.7/site-packages/airflow/example_dags/example_branch_day_of_week_operator.py for tasks to queue
[2023-02-09T23:05:57.968+0000] {logging_mixin.py:137} INFO - [2023-02-09T23:05:57.968+0000] {dagbag.py:538} INFO - Filling up the DagBag from /home/airflow/.local/lib/python3.7/site-packages/airflow/example_dags/example_branch_day_of_week_operator.py
[2023-02-09T23:05:57.986+0000] {processor.py:753} INFO - DAG(s) dict_keys(['example_weekday_branch_operator']) retrieved from /home/airflow/.local/lib/python3.7/site-packages/airflow/example_dags/example_branch_day_of_week_operator.py
[2023-02-09T23:05:58.015+0000] {logging_mixin.py:137} INFO - [2023-02-09T23:05:58.015+0000] {dag.py:2690} INFO - Sync 1 DAGs
[2023-02-09T23:05:58.043+0000] {logging_mixin.py:137} INFO - [2023-02-09T23:05:58.043+0000] {dag.py:3441} INFO - Setting next_dagrun for example_weekday_branch_operator to 2023-02-08T00:00:00+00:00, run_after=2023-02-09T00:00:00+00:00
[2023-02-09T23:05:58.071+0000] {processor.py:175} INFO - Processing /home/airflow/.local/lib/python3.7/site-packages/airflow/example_dags/example_branch_day_of_week_operator.py took 0.110 seconds
[2023-02-09T23:06:29.000+0000] {processor.py:153} INFO - Started process (PID=3406) to work on /home/airflow/.local/lib/python3.7/site-packages/airflow/example_dags/example_branch_day_of_week_operator.py
[2023-02-09T23:06:29.001+0000] {processor.py:743} INFO - Processing file /home/airflow/.local/lib/python3.7/site-packages/airflow/example_dags/example_branch_day_of_week_operator.py for tasks to queue
[2023-02-09T23:06:29.002+0000] {logging_mixin.py:137} INFO - [2023-02-09T23:06:29.002+0000] {dagbag.py:538} INFO - Filling up the DagBag from /home/airflow/.local/lib/python3.7/site-packages/airflow/example_dags/example_branch_day_of_week_operator.py
[2023-02-09T23:06:29.027+0000] {processor.py:753} INFO - DAG(s) dict_keys(['example_weekday_branch_operator']) retrieved from /home/airflow/.local/lib/python3.7/site-packages/airflow/example_dags/example_branch_day_of_week_operator.py
[2023-02-09T23:06:29.069+0000] {logging_mixin.py:137} INFO - [2023-02-09T23:06:29.069+0000] {dag.py:2690} INFO - Sync 1 DAGs
[2023-02-09T23:06:29.122+0000] {logging_mixin.py:137} INFO - [2023-02-09T23:06:29.122+0000] {dag.py:3441} INFO - Setting next_dagrun for example_weekday_branch_operator to 2023-02-08T00:00:00+00:00, run_after=2023-02-09T00:00:00+00:00
[2023-02-09T23:06:29.165+0000] {processor.py:175} INFO - Processing /home/airflow/.local/lib/python3.7/site-packages/airflow/example_dags/example_branch_day_of_week_operator.py took 0.171 seconds
[2023-02-09T23:06:59.240+0000] {processor.py:153} INFO - Started process (PID=3473) to work on /home/airflow/.local/lib/python3.7/site-packages/airflow/example_dags/example_branch_day_of_week_operator.py
[2023-02-09T23:06:59.242+0000] {processor.py:743} INFO - Processing file /home/airflow/.local/lib/python3.7/site-packages/airflow/example_dags/example_branch_day_of_week_operator.py for tasks to queue
[2023-02-09T23:06:59.243+0000] {logging_mixin.py:137} INFO - [2023-02-09T23:06:59.242+0000] {dagbag.py:538} INFO - Filling up the DagBag from /home/airflow/.local/lib/python3.7/site-packages/airflow/example_dags/example_branch_day_of_week_operator.py
[2023-02-09T23:06:59.261+0000] {processor.py:753} INFO - DAG(s) dict_keys(['example_weekday_branch_operator']) retrieved from /home/airflow/.local/lib/python3.7/site-packages/airflow/example_dags/example_branch_day_of_week_operator.py
[2023-02-09T23:06:59.294+0000] {logging_mixin.py:137} INFO - [2023-02-09T23:06:59.293+0000] {dag.py:2690} INFO - Sync 1 DAGs
[2023-02-09T23:06:59.322+0000] {logging_mixin.py:137} INFO - [2023-02-09T23:06:59.322+0000] {dag.py:3441} INFO - Setting next_dagrun for example_weekday_branch_operator to 2023-02-08T00:00:00+00:00, run_after=2023-02-09T00:00:00+00:00
[2023-02-09T23:06:59.348+0000] {processor.py:175} INFO - Processing /home/airflow/.local/lib/python3.7/site-packages/airflow/example_dags/example_branch_day_of_week_operator.py took 0.112 seconds
[2023-02-09T23:07:29.979+0000] {processor.py:153} INFO - Started process (PID=3538) to work on /home/airflow/.local/lib/python3.7/site-packages/airflow/example_dags/example_branch_day_of_week_operator.py
[2023-02-09T23:07:29.980+0000] {processor.py:743} INFO - Processing file /home/airflow/.local/lib/python3.7/site-packages/airflow/example_dags/example_branch_day_of_week_operator.py for tasks to queue
[2023-02-09T23:07:29.980+0000] {logging_mixin.py:137} INFO - [2023-02-09T23:07:29.980+0000] {dagbag.py:538} INFO - Filling up the DagBag from /home/airflow/.local/lib/python3.7/site-packages/airflow/example_dags/example_branch_day_of_week_operator.py
[2023-02-09T23:07:29.998+0000] {processor.py:753} INFO - DAG(s) dict_keys(['example_weekday_branch_operator']) retrieved from /home/airflow/.local/lib/python3.7/site-packages/airflow/example_dags/example_branch_day_of_week_operator.py
[2023-02-09T23:07:30.033+0000] {logging_mixin.py:137} INFO - [2023-02-09T23:07:30.033+0000] {dag.py:2690} INFO - Sync 1 DAGs
[2023-02-09T23:07:30.077+0000] {logging_mixin.py:137} INFO - [2023-02-09T23:07:30.077+0000] {dag.py:3441} INFO - Setting next_dagrun for example_weekday_branch_operator to 2023-02-08T00:00:00+00:00, run_after=2023-02-09T00:00:00+00:00
[2023-02-09T23:07:30.110+0000] {processor.py:175} INFO - Processing /home/airflow/.local/lib/python3.7/site-packages/airflow/example_dags/example_branch_day_of_week_operator.py took 0.135 seconds
[2023-02-09T23:08:00.275+0000] {processor.py:153} INFO - Started process (PID=3617) to work on /home/airflow/.local/lib/python3.7/site-packages/airflow/example_dags/example_branch_day_of_week_operator.py
[2023-02-09T23:08:00.276+0000] {processor.py:743} INFO - Processing file /home/airflow/.local/lib/python3.7/site-packages/airflow/example_dags/example_branch_day_of_week_operator.py for tasks to queue
[2023-02-09T23:08:00.277+0000] {logging_mixin.py:137} INFO - [2023-02-09T23:08:00.277+0000] {dagbag.py:538} INFO - Filling up the DagBag from /home/airflow/.local/lib/python3.7/site-packages/airflow/example_dags/example_branch_day_of_week_operator.py
[2023-02-09T23:08:00.295+0000] {processor.py:753} INFO - DAG(s) dict_keys(['example_weekday_branch_operator']) retrieved from /home/airflow/.local/lib/python3.7/site-packages/airflow/example_dags/example_branch_day_of_week_operator.py
[2023-02-09T23:08:00.328+0000] {logging_mixin.py:137} INFO - [2023-02-09T23:08:00.327+0000] {dag.py:2690} INFO - Sync 1 DAGs
[2023-02-09T23:08:00.358+0000] {logging_mixin.py:137} INFO - [2023-02-09T23:08:00.357+0000] {dag.py:3441} INFO - Setting next_dagrun for example_weekday_branch_operator to 2023-02-08T00:00:00+00:00, run_after=2023-02-09T00:00:00+00:00
[2023-02-09T23:08:00.387+0000] {processor.py:175} INFO - Processing /home/airflow/.local/lib/python3.7/site-packages/airflow/example_dags/example_branch_day_of_week_operator.py took 0.116 seconds
[2023-02-09T23:08:30.598+0000] {processor.py:153} INFO - Started process (PID=3682) to work on /home/airflow/.local/lib/python3.7/site-packages/airflow/example_dags/example_branch_day_of_week_operator.py
[2023-02-09T23:08:30.600+0000] {processor.py:743} INFO - Processing file /home/airflow/.local/lib/python3.7/site-packages/airflow/example_dags/example_branch_day_of_week_operator.py for tasks to queue
[2023-02-09T23:08:30.601+0000] {logging_mixin.py:137} INFO - [2023-02-09T23:08:30.601+0000] {dagbag.py:538} INFO - Filling up the DagBag from /home/airflow/.local/lib/python3.7/site-packages/airflow/example_dags/example_branch_day_of_week_operator.py
[2023-02-09T23:08:30.623+0000] {processor.py:753} INFO - DAG(s) dict_keys(['example_weekday_branch_operator']) retrieved from /home/airflow/.local/lib/python3.7/site-packages/airflow/example_dags/example_branch_day_of_week_operator.py
[2023-02-09T23:08:30.658+0000] {logging_mixin.py:137} INFO - [2023-02-09T23:08:30.657+0000] {dag.py:2690} INFO - Sync 1 DAGs
[2023-02-09T23:08:30.695+0000] {logging_mixin.py:137} INFO - [2023-02-09T23:08:30.695+0000] {dag.py:3441} INFO - Setting next_dagrun for example_weekday_branch_operator to 2023-02-08T00:00:00+00:00, run_after=2023-02-09T00:00:00+00:00
[2023-02-09T23:08:30.731+0000] {processor.py:175} INFO - Processing /home/airflow/.local/lib/python3.7/site-packages/airflow/example_dags/example_branch_day_of_week_operator.py took 0.137 seconds
[2023-02-09T23:09:01.422+0000] {processor.py:153} INFO - Started process (PID=3757) to work on /home/airflow/.local/lib/python3.7/site-packages/airflow/example_dags/example_branch_day_of_week_operator.py
[2023-02-09T23:09:01.424+0000] {processor.py:743} INFO - Processing file /home/airflow/.local/lib/python3.7/site-packages/airflow/example_dags/example_branch_day_of_week_operator.py for tasks to queue
[2023-02-09T23:09:01.425+0000] {logging_mixin.py:137} INFO - [2023-02-09T23:09:01.424+0000] {dagbag.py:538} INFO - Filling up the DagBag from /home/airflow/.local/lib/python3.7/site-packages/airflow/example_dags/example_branch_day_of_week_operator.py
[2023-02-09T23:09:01.449+0000] {processor.py:753} INFO - DAG(s) dict_keys(['example_weekday_branch_operator']) retrieved from /home/airflow/.local/lib/python3.7/site-packages/airflow/example_dags/example_branch_day_of_week_operator.py
[2023-02-09T23:09:01.486+0000] {logging_mixin.py:137} INFO - [2023-02-09T23:09:01.486+0000] {dag.py:2690} INFO - Sync 1 DAGs
[2023-02-09T23:09:01.530+0000] {logging_mixin.py:137} INFO - [2023-02-09T23:09:01.530+0000] {dag.py:3441} INFO - Setting next_dagrun for example_weekday_branch_operator to 2023-02-08T00:00:00+00:00, run_after=2023-02-09T00:00:00+00:00
[2023-02-09T23:09:01.567+0000] {processor.py:175} INFO - Processing /home/airflow/.local/lib/python3.7/site-packages/airflow/example_dags/example_branch_day_of_week_operator.py took 0.152 seconds
[2023-02-09T23:09:31.763+0000] {processor.py:153} INFO - Started process (PID=3825) to work on /home/airflow/.local/lib/python3.7/site-packages/airflow/example_dags/example_branch_day_of_week_operator.py
[2023-02-09T23:09:31.764+0000] {processor.py:743} INFO - Processing file /home/airflow/.local/lib/python3.7/site-packages/airflow/example_dags/example_branch_day_of_week_operator.py for tasks to queue
[2023-02-09T23:09:31.765+0000] {logging_mixin.py:137} INFO - [2023-02-09T23:09:31.765+0000] {dagbag.py:538} INFO - Filling up the DagBag from /home/airflow/.local/lib/python3.7/site-packages/airflow/example_dags/example_branch_day_of_week_operator.py
[2023-02-09T23:09:31.783+0000] {processor.py:753} INFO - DAG(s) dict_keys(['example_weekday_branch_operator']) retrieved from /home/airflow/.local/lib/python3.7/site-packages/airflow/example_dags/example_branch_day_of_week_operator.py
[2023-02-09T23:09:31.815+0000] {logging_mixin.py:137} INFO - [2023-02-09T23:09:31.814+0000] {dag.py:2690} INFO - Sync 1 DAGs
[2023-02-09T23:09:31.843+0000] {logging_mixin.py:137} INFO - [2023-02-09T23:09:31.843+0000] {dag.py:3441} INFO - Setting next_dagrun for example_weekday_branch_operator to 2023-02-08T00:00:00+00:00, run_after=2023-02-09T00:00:00+00:00
[2023-02-09T23:09:31.873+0000] {processor.py:175} INFO - Processing /home/airflow/.local/lib/python3.7/site-packages/airflow/example_dags/example_branch_day_of_week_operator.py took 0.114 seconds
[2023-02-09T23:10:02.608+0000] {processor.py:153} INFO - Started process (PID=3890) to work on /home/airflow/.local/lib/python3.7/site-packages/airflow/example_dags/example_branch_day_of_week_operator.py
[2023-02-09T23:10:02.610+0000] {processor.py:743} INFO - Processing file /home/airflow/.local/lib/python3.7/site-packages/airflow/example_dags/example_branch_day_of_week_operator.py for tasks to queue
[2023-02-09T23:10:02.612+0000] {logging_mixin.py:137} INFO - [2023-02-09T23:10:02.611+0000] {dagbag.py:538} INFO - Filling up the DagBag from /home/airflow/.local/lib/python3.7/site-packages/airflow/example_dags/example_branch_day_of_week_operator.py
[2023-02-09T23:10:02.638+0000] {processor.py:753} INFO - DAG(s) dict_keys(['example_weekday_branch_operator']) retrieved from /home/airflow/.local/lib/python3.7/site-packages/airflow/example_dags/example_branch_day_of_week_operator.py
[2023-02-09T23:10:02.705+0000] {logging_mixin.py:137} INFO - [2023-02-09T23:10:02.705+0000] {dag.py:2690} INFO - Sync 1 DAGs
[2023-02-09T23:10:02.747+0000] {logging_mixin.py:137} INFO - [2023-02-09T23:10:02.746+0000] {dag.py:3441} INFO - Setting next_dagrun for example_weekday_branch_operator to 2023-02-08T00:00:00+00:00, run_after=2023-02-09T00:00:00+00:00
[2023-02-09T23:10:02.789+0000] {processor.py:175} INFO - Processing /home/airflow/.local/lib/python3.7/site-packages/airflow/example_dags/example_branch_day_of_week_operator.py took 0.192 seconds
[2023-02-09T23:10:32.925+0000] {processor.py:153} INFO - Started process (PID=3967) to work on /home/airflow/.local/lib/python3.7/site-packages/airflow/example_dags/example_branch_day_of_week_operator.py
[2023-02-09T23:10:32.926+0000] {processor.py:743} INFO - Processing file /home/airflow/.local/lib/python3.7/site-packages/airflow/example_dags/example_branch_day_of_week_operator.py for tasks to queue
[2023-02-09T23:10:32.926+0000] {logging_mixin.py:137} INFO - [2023-02-09T23:10:32.926+0000] {dagbag.py:538} INFO - Filling up the DagBag from /home/airflow/.local/lib/python3.7/site-packages/airflow/example_dags/example_branch_day_of_week_operator.py
[2023-02-09T23:10:32.944+0000] {processor.py:753} INFO - DAG(s) dict_keys(['example_weekday_branch_operator']) retrieved from /home/airflow/.local/lib/python3.7/site-packages/airflow/example_dags/example_branch_day_of_week_operator.py
[2023-02-09T23:10:32.982+0000] {logging_mixin.py:137} INFO - [2023-02-09T23:10:32.982+0000] {dag.py:2690} INFO - Sync 1 DAGs
[2023-02-09T23:10:33.022+0000] {logging_mixin.py:137} INFO - [2023-02-09T23:10:33.021+0000] {dag.py:3441} INFO - Setting next_dagrun for example_weekday_branch_operator to 2023-02-08T00:00:00+00:00, run_after=2023-02-09T00:00:00+00:00
[2023-02-09T23:10:33.069+0000] {processor.py:175} INFO - Processing /home/airflow/.local/lib/python3.7/site-packages/airflow/example_dags/example_branch_day_of_week_operator.py took 0.149 seconds
[2023-02-09T23:11:03.465+0000] {processor.py:153} INFO - Started process (PID=4032) to work on /home/airflow/.local/lib/python3.7/site-packages/airflow/example_dags/example_branch_day_of_week_operator.py
[2023-02-09T23:11:03.466+0000] {processor.py:743} INFO - Processing file /home/airflow/.local/lib/python3.7/site-packages/airflow/example_dags/example_branch_day_of_week_operator.py for tasks to queue
[2023-02-09T23:11:03.467+0000] {logging_mixin.py:137} INFO - [2023-02-09T23:11:03.467+0000] {dagbag.py:538} INFO - Filling up the DagBag from /home/airflow/.local/lib/python3.7/site-packages/airflow/example_dags/example_branch_day_of_week_operator.py
[2023-02-09T23:11:03.491+0000] {processor.py:753} INFO - DAG(s) dict_keys(['example_weekday_branch_operator']) retrieved from /home/airflow/.local/lib/python3.7/site-packages/airflow/example_dags/example_branch_day_of_week_operator.py
[2023-02-09T23:11:03.531+0000] {logging_mixin.py:137} INFO - [2023-02-09T23:11:03.531+0000] {dag.py:2690} INFO - Sync 1 DAGs
[2023-02-09T23:11:03.577+0000] {logging_mixin.py:137} INFO - [2023-02-09T23:11:03.577+0000] {dag.py:3441} INFO - Setting next_dagrun for example_weekday_branch_operator to 2023-02-08T00:00:00+00:00, run_after=2023-02-09T00:00:00+00:00
[2023-02-09T23:11:03.614+0000] {processor.py:175} INFO - Processing /home/airflow/.local/lib/python3.7/site-packages/airflow/example_dags/example_branch_day_of_week_operator.py took 0.156 seconds
[2023-02-09T23:11:34.325+0000] {processor.py:153} INFO - Started process (PID=4109) to work on /home/airflow/.local/lib/python3.7/site-packages/airflow/example_dags/example_branch_day_of_week_operator.py
[2023-02-09T23:11:34.326+0000] {processor.py:743} INFO - Processing file /home/airflow/.local/lib/python3.7/site-packages/airflow/example_dags/example_branch_day_of_week_operator.py for tasks to queue
[2023-02-09T23:11:34.327+0000] {logging_mixin.py:137} INFO - [2023-02-09T23:11:34.327+0000] {dagbag.py:538} INFO - Filling up the DagBag from /home/airflow/.local/lib/python3.7/site-packages/airflow/example_dags/example_branch_day_of_week_operator.py
[2023-02-09T23:11:34.352+0000] {processor.py:753} INFO - DAG(s) dict_keys(['example_weekday_branch_operator']) retrieved from /home/airflow/.local/lib/python3.7/site-packages/airflow/example_dags/example_branch_day_of_week_operator.py
[2023-02-09T23:11:34.391+0000] {logging_mixin.py:137} INFO - [2023-02-09T23:11:34.391+0000] {dag.py:2690} INFO - Sync 1 DAGs
[2023-02-09T23:11:34.428+0000] {logging_mixin.py:137} INFO - [2023-02-09T23:11:34.428+0000] {dag.py:3441} INFO - Setting next_dagrun for example_weekday_branch_operator to 2023-02-08T00:00:00+00:00, run_after=2023-02-09T00:00:00+00:00
[2023-02-09T23:11:34.463+0000] {processor.py:175} INFO - Processing /home/airflow/.local/lib/python3.7/site-packages/airflow/example_dags/example_branch_day_of_week_operator.py took 0.144 seconds
