[2023-02-09T22:42:25.455+0000] {processor.py:153} INFO - Started process (PID=79) to work on /home/airflow/.local/lib/python3.7/site-packages/airflow/example_dags/example_branch_operator.py
[2023-02-09T22:42:25.456+0000] {processor.py:743} INFO - Processing file /home/airflow/.local/lib/python3.7/site-packages/airflow/example_dags/example_branch_operator.py for tasks to queue
[2023-02-09T22:42:25.457+0000] {logging_mixin.py:137} INFO - [2023-02-09T22:42:25.457+0000] {dagbag.py:538} INFO - Filling up the DagBag from /home/airflow/.local/lib/python3.7/site-packages/airflow/example_dags/example_branch_operator.py
[2023-02-09T22:42:25.505+0000] {processor.py:753} INFO - DAG(s) dict_keys(['example_branch_operator']) retrieved from /home/airflow/.local/lib/python3.7/site-packages/airflow/example_dags/example_branch_operator.py
[2023-02-09T22:42:25.550+0000] {logging_mixin.py:137} INFO - [2023-02-09T22:42:25.549+0000] {dag.py:2690} INFO - Sync 1 DAGs
[2023-02-09T22:42:25.597+0000] {logging_mixin.py:137} INFO - [2023-02-09T22:42:25.597+0000] {dag.py:3441} INFO - Setting next_dagrun for example_branch_operator to 2023-02-08T00:00:00+00:00, run_after=2023-02-09T00:00:00+00:00
[2023-02-09T22:42:25.634+0000] {processor.py:175} INFO - Processing /home/airflow/.local/lib/python3.7/site-packages/airflow/example_dags/example_branch_operator.py took 0.184 seconds
[2023-02-09T22:42:55.981+0000] {processor.py:153} INFO - Started process (PID=144) to work on /home/airflow/.local/lib/python3.7/site-packages/airflow/example_dags/example_branch_operator.py
[2023-02-09T22:42:55.982+0000] {processor.py:743} INFO - Processing file /home/airflow/.local/lib/python3.7/site-packages/airflow/example_dags/example_branch_operator.py for tasks to queue
[2023-02-09T22:42:55.983+0000] {logging_mixin.py:137} INFO - [2023-02-09T22:42:55.983+0000] {dagbag.py:538} INFO - Filling up the DagBag from /home/airflow/.local/lib/python3.7/site-packages/airflow/example_dags/example_branch_operator.py
[2023-02-09T22:42:56.002+0000] {processor.py:753} INFO - DAG(s) dict_keys(['example_branch_operator']) retrieved from /home/airflow/.local/lib/python3.7/site-packages/airflow/example_dags/example_branch_operator.py
[2023-02-09T22:42:56.032+0000] {logging_mixin.py:137} INFO - [2023-02-09T22:42:56.032+0000] {dag.py:2690} INFO - Sync 1 DAGs
[2023-02-09T22:42:56.062+0000] {logging_mixin.py:137} INFO - [2023-02-09T22:42:56.062+0000] {dag.py:3441} INFO - Setting next_dagrun for example_branch_operator to 2023-02-08T00:00:00+00:00, run_after=2023-02-09T00:00:00+00:00
[2023-02-09T22:42:56.090+0000] {processor.py:175} INFO - Processing /home/airflow/.local/lib/python3.7/site-packages/airflow/example_dags/example_branch_operator.py took 0.113 seconds
[2023-02-09T22:43:27.152+0000] {processor.py:153} INFO - Started process (PID=222) to work on /home/airflow/.local/lib/python3.7/site-packages/airflow/example_dags/example_branch_operator.py
[2023-02-09T22:43:27.154+0000] {processor.py:743} INFO - Processing file /home/airflow/.local/lib/python3.7/site-packages/airflow/example_dags/example_branch_operator.py for tasks to queue
[2023-02-09T22:43:27.155+0000] {logging_mixin.py:137} INFO - [2023-02-09T22:43:27.154+0000] {dagbag.py:538} INFO - Filling up the DagBag from /home/airflow/.local/lib/python3.7/site-packages/airflow/example_dags/example_branch_operator.py
[2023-02-09T22:43:27.181+0000] {processor.py:753} INFO - DAG(s) dict_keys(['example_branch_operator']) retrieved from /home/airflow/.local/lib/python3.7/site-packages/airflow/example_dags/example_branch_operator.py
[2023-02-09T22:43:27.265+0000] {logging_mixin.py:137} INFO - [2023-02-09T22:43:27.265+0000] {dag.py:2690} INFO - Sync 1 DAGs
[2023-02-09T22:43:27.371+0000] {logging_mixin.py:137} INFO - [2023-02-09T22:43:27.371+0000] {dag.py:3441} INFO - Setting next_dagrun for example_branch_operator to 2023-02-08T00:00:00+00:00, run_after=2023-02-09T00:00:00+00:00
[2023-02-09T22:43:27.432+0000] {processor.py:175} INFO - Processing /home/airflow/.local/lib/python3.7/site-packages/airflow/example_dags/example_branch_operator.py took 0.285 seconds
[2023-02-09T22:43:58.181+0000] {processor.py:153} INFO - Started process (PID=287) to work on /home/airflow/.local/lib/python3.7/site-packages/airflow/example_dags/example_branch_operator.py
[2023-02-09T22:43:58.182+0000] {processor.py:743} INFO - Processing file /home/airflow/.local/lib/python3.7/site-packages/airflow/example_dags/example_branch_operator.py for tasks to queue
[2023-02-09T22:43:58.183+0000] {logging_mixin.py:137} INFO - [2023-02-09T22:43:58.183+0000] {dagbag.py:538} INFO - Filling up the DagBag from /home/airflow/.local/lib/python3.7/site-packages/airflow/example_dags/example_branch_operator.py
[2023-02-09T22:43:58.218+0000] {processor.py:753} INFO - DAG(s) dict_keys(['example_branch_operator']) retrieved from /home/airflow/.local/lib/python3.7/site-packages/airflow/example_dags/example_branch_operator.py
[2023-02-09T22:43:58.285+0000] {logging_mixin.py:137} INFO - [2023-02-09T22:43:58.285+0000] {dag.py:2690} INFO - Sync 1 DAGs
[2023-02-09T22:43:58.334+0000] {logging_mixin.py:137} INFO - [2023-02-09T22:43:58.333+0000] {dag.py:3441} INFO - Setting next_dagrun for example_branch_operator to 2023-02-08T00:00:00+00:00, run_after=2023-02-09T00:00:00+00:00
[2023-02-09T22:43:58.378+0000] {processor.py:175} INFO - Processing /home/airflow/.local/lib/python3.7/site-packages/airflow/example_dags/example_branch_operator.py took 0.203 seconds
[2023-02-09T22:44:28.661+0000] {processor.py:153} INFO - Started process (PID=354) to work on /home/airflow/.local/lib/python3.7/site-packages/airflow/example_dags/example_branch_operator.py
[2023-02-09T22:44:28.663+0000] {processor.py:743} INFO - Processing file /home/airflow/.local/lib/python3.7/site-packages/airflow/example_dags/example_branch_operator.py for tasks to queue
[2023-02-09T22:44:28.664+0000] {logging_mixin.py:137} INFO - [2023-02-09T22:44:28.663+0000] {dagbag.py:538} INFO - Filling up the DagBag from /home/airflow/.local/lib/python3.7/site-packages/airflow/example_dags/example_branch_operator.py
[2023-02-09T22:44:28.700+0000] {processor.py:753} INFO - DAG(s) dict_keys(['example_branch_operator']) retrieved from /home/airflow/.local/lib/python3.7/site-packages/airflow/example_dags/example_branch_operator.py
[2023-02-09T22:44:28.748+0000] {logging_mixin.py:137} INFO - [2023-02-09T22:44:28.747+0000] {dag.py:2690} INFO - Sync 1 DAGs
[2023-02-09T22:44:28.820+0000] {logging_mixin.py:137} INFO - [2023-02-09T22:44:28.820+0000] {dag.py:3441} INFO - Setting next_dagrun for example_branch_operator to 2023-02-08T00:00:00+00:00, run_after=2023-02-09T00:00:00+00:00
[2023-02-09T22:44:28.889+0000] {processor.py:175} INFO - Processing /home/airflow/.local/lib/python3.7/site-packages/airflow/example_dags/example_branch_operator.py took 0.233 seconds
[2023-02-09T22:44:58.981+0000] {processor.py:153} INFO - Started process (PID=430) to work on /home/airflow/.local/lib/python3.7/site-packages/airflow/example_dags/example_branch_operator.py
[2023-02-09T22:44:58.982+0000] {processor.py:743} INFO - Processing file /home/airflow/.local/lib/python3.7/site-packages/airflow/example_dags/example_branch_operator.py for tasks to queue
[2023-02-09T22:44:58.983+0000] {logging_mixin.py:137} INFO - [2023-02-09T22:44:58.983+0000] {dagbag.py:538} INFO - Filling up the DagBag from /home/airflow/.local/lib/python3.7/site-packages/airflow/example_dags/example_branch_operator.py
[2023-02-09T22:44:59.003+0000] {processor.py:753} INFO - DAG(s) dict_keys(['example_branch_operator']) retrieved from /home/airflow/.local/lib/python3.7/site-packages/airflow/example_dags/example_branch_operator.py
[2023-02-09T22:44:59.038+0000] {logging_mixin.py:137} INFO - [2023-02-09T22:44:59.037+0000] {dag.py:2690} INFO - Sync 1 DAGs
[2023-02-09T22:44:59.077+0000] {logging_mixin.py:137} INFO - [2023-02-09T22:44:59.077+0000] {dag.py:3441} INFO - Setting next_dagrun for example_branch_operator to 2023-02-08T00:00:00+00:00, run_after=2023-02-09T00:00:00+00:00
[2023-02-09T22:44:59.108+0000] {processor.py:175} INFO - Processing /home/airflow/.local/lib/python3.7/site-packages/airflow/example_dags/example_branch_operator.py took 0.133 seconds
[2023-02-09T22:45:29.840+0000] {processor.py:153} INFO - Started process (PID=496) to work on /home/airflow/.local/lib/python3.7/site-packages/airflow/example_dags/example_branch_operator.py
[2023-02-09T22:45:29.841+0000] {processor.py:743} INFO - Processing file /home/airflow/.local/lib/python3.7/site-packages/airflow/example_dags/example_branch_operator.py for tasks to queue
[2023-02-09T22:45:29.842+0000] {logging_mixin.py:137} INFO - [2023-02-09T22:45:29.842+0000] {dagbag.py:538} INFO - Filling up the DagBag from /home/airflow/.local/lib/python3.7/site-packages/airflow/example_dags/example_branch_operator.py
[2023-02-09T22:45:29.861+0000] {processor.py:753} INFO - DAG(s) dict_keys(['example_branch_operator']) retrieved from /home/airflow/.local/lib/python3.7/site-packages/airflow/example_dags/example_branch_operator.py
[2023-02-09T22:45:29.893+0000] {logging_mixin.py:137} INFO - [2023-02-09T22:45:29.892+0000] {dag.py:2690} INFO - Sync 1 DAGs
[2023-02-09T22:45:29.921+0000] {logging_mixin.py:137} INFO - [2023-02-09T22:45:29.921+0000] {dag.py:3441} INFO - Setting next_dagrun for example_branch_operator to 2023-02-08T00:00:00+00:00, run_after=2023-02-09T00:00:00+00:00
[2023-02-09T22:45:29.949+0000] {processor.py:175} INFO - Processing /home/airflow/.local/lib/python3.7/site-packages/airflow/example_dags/example_branch_operator.py took 0.113 seconds
[2023-02-09T22:46:00.523+0000] {processor.py:153} INFO - Started process (PID=568) to work on /home/airflow/.local/lib/python3.7/site-packages/airflow/example_dags/example_branch_operator.py
[2023-02-09T22:46:00.540+0000] {processor.py:743} INFO - Processing file /home/airflow/.local/lib/python3.7/site-packages/airflow/example_dags/example_branch_operator.py for tasks to queue
[2023-02-09T22:46:00.542+0000] {logging_mixin.py:137} INFO - [2023-02-09T22:46:00.541+0000] {dagbag.py:538} INFO - Filling up the DagBag from /home/airflow/.local/lib/python3.7/site-packages/airflow/example_dags/example_branch_operator.py
[2023-02-09T22:46:00.600+0000] {processor.py:753} INFO - DAG(s) dict_keys(['example_branch_operator']) retrieved from /home/airflow/.local/lib/python3.7/site-packages/airflow/example_dags/example_branch_operator.py
[2023-02-09T22:46:00.677+0000] {logging_mixin.py:137} INFO - [2023-02-09T22:46:00.677+0000] {dag.py:2690} INFO - Sync 1 DAGs
[2023-02-09T22:46:00.735+0000] {logging_mixin.py:137} INFO - [2023-02-09T22:46:00.735+0000] {dag.py:3441} INFO - Setting next_dagrun for example_branch_operator to 2023-02-08T00:00:00+00:00, run_after=2023-02-09T00:00:00+00:00
[2023-02-09T22:46:00.782+0000] {processor.py:175} INFO - Processing /home/airflow/.local/lib/python3.7/site-packages/airflow/example_dags/example_branch_operator.py took 0.265 seconds
[2023-02-09T22:46:31.786+0000] {processor.py:153} INFO - Started process (PID=640) to work on /home/airflow/.local/lib/python3.7/site-packages/airflow/example_dags/example_branch_operator.py
[2023-02-09T22:46:31.787+0000] {processor.py:743} INFO - Processing file /home/airflow/.local/lib/python3.7/site-packages/airflow/example_dags/example_branch_operator.py for tasks to queue
[2023-02-09T22:46:31.788+0000] {logging_mixin.py:137} INFO - [2023-02-09T22:46:31.788+0000] {dagbag.py:538} INFO - Filling up the DagBag from /home/airflow/.local/lib/python3.7/site-packages/airflow/example_dags/example_branch_operator.py
[2023-02-09T22:46:31.813+0000] {processor.py:753} INFO - DAG(s) dict_keys(['example_branch_operator']) retrieved from /home/airflow/.local/lib/python3.7/site-packages/airflow/example_dags/example_branch_operator.py
[2023-02-09T22:46:31.853+0000] {logging_mixin.py:137} INFO - [2023-02-09T22:46:31.852+0000] {dag.py:2690} INFO - Sync 1 DAGs
[2023-02-09T22:46:31.897+0000] {logging_mixin.py:137} INFO - [2023-02-09T22:46:31.897+0000] {dag.py:3441} INFO - Setting next_dagrun for example_branch_operator to 2023-02-08T00:00:00+00:00, run_after=2023-02-09T00:00:00+00:00
[2023-02-09T22:46:31.929+0000] {processor.py:175} INFO - Processing /home/airflow/.local/lib/python3.7/site-packages/airflow/example_dags/example_branch_operator.py took 0.148 seconds
[2023-02-09T22:47:02.045+0000] {processor.py:153} INFO - Started process (PID=705) to work on /home/airflow/.local/lib/python3.7/site-packages/airflow/example_dags/example_branch_operator.py
[2023-02-09T22:47:02.046+0000] {processor.py:743} INFO - Processing file /home/airflow/.local/lib/python3.7/site-packages/airflow/example_dags/example_branch_operator.py for tasks to queue
[2023-02-09T22:47:02.047+0000] {logging_mixin.py:137} INFO - [2023-02-09T22:47:02.047+0000] {dagbag.py:538} INFO - Filling up the DagBag from /home/airflow/.local/lib/python3.7/site-packages/airflow/example_dags/example_branch_operator.py
[2023-02-09T22:47:02.074+0000] {processor.py:753} INFO - DAG(s) dict_keys(['example_branch_operator']) retrieved from /home/airflow/.local/lib/python3.7/site-packages/airflow/example_dags/example_branch_operator.py
[2023-02-09T22:47:02.108+0000] {logging_mixin.py:137} INFO - [2023-02-09T22:47:02.107+0000] {dag.py:2690} INFO - Sync 1 DAGs
[2023-02-09T22:47:02.136+0000] {logging_mixin.py:137} INFO - [2023-02-09T22:47:02.136+0000] {dag.py:3441} INFO - Setting next_dagrun for example_branch_operator to 2023-02-08T00:00:00+00:00, run_after=2023-02-09T00:00:00+00:00
[2023-02-09T22:47:02.162+0000] {processor.py:175} INFO - Processing /home/airflow/.local/lib/python3.7/site-packages/airflow/example_dags/example_branch_operator.py took 0.122 seconds
[2023-02-09T22:47:32.488+0000] {processor.py:153} INFO - Started process (PID=783) to work on /home/airflow/.local/lib/python3.7/site-packages/airflow/example_dags/example_branch_operator.py
[2023-02-09T22:47:32.489+0000] {processor.py:743} INFO - Processing file /home/airflow/.local/lib/python3.7/site-packages/airflow/example_dags/example_branch_operator.py for tasks to queue
[2023-02-09T22:47:32.490+0000] {logging_mixin.py:137} INFO - [2023-02-09T22:47:32.490+0000] {dagbag.py:538} INFO - Filling up the DagBag from /home/airflow/.local/lib/python3.7/site-packages/airflow/example_dags/example_branch_operator.py
[2023-02-09T22:47:32.517+0000] {processor.py:753} INFO - DAG(s) dict_keys(['example_branch_operator']) retrieved from /home/airflow/.local/lib/python3.7/site-packages/airflow/example_dags/example_branch_operator.py
[2023-02-09T22:47:32.550+0000] {logging_mixin.py:137} INFO - [2023-02-09T22:47:32.550+0000] {dag.py:2690} INFO - Sync 1 DAGs
[2023-02-09T22:47:32.580+0000] {logging_mixin.py:137} INFO - [2023-02-09T22:47:32.580+0000] {dag.py:3441} INFO - Setting next_dagrun for example_branch_operator to 2023-02-08T00:00:00+00:00, run_after=2023-02-09T00:00:00+00:00
[2023-02-09T22:47:32.605+0000] {processor.py:175} INFO - Processing /home/airflow/.local/lib/python3.7/site-packages/airflow/example_dags/example_branch_operator.py took 0.123 seconds
[2023-02-09T22:48:02.786+0000] {processor.py:153} INFO - Started process (PID=848) to work on /home/airflow/.local/lib/python3.7/site-packages/airflow/example_dags/example_branch_operator.py
[2023-02-09T22:48:02.787+0000] {processor.py:743} INFO - Processing file /home/airflow/.local/lib/python3.7/site-packages/airflow/example_dags/example_branch_operator.py for tasks to queue
[2023-02-09T22:48:02.788+0000] {logging_mixin.py:137} INFO - [2023-02-09T22:48:02.788+0000] {dagbag.py:538} INFO - Filling up the DagBag from /home/airflow/.local/lib/python3.7/site-packages/airflow/example_dags/example_branch_operator.py
[2023-02-09T22:48:02.816+0000] {processor.py:753} INFO - DAG(s) dict_keys(['example_branch_operator']) retrieved from /home/airflow/.local/lib/python3.7/site-packages/airflow/example_dags/example_branch_operator.py
[2023-02-09T22:48:02.857+0000] {logging_mixin.py:137} INFO - [2023-02-09T22:48:02.857+0000] {dag.py:2690} INFO - Sync 1 DAGs
[2023-02-09T22:48:02.900+0000] {logging_mixin.py:137} INFO - [2023-02-09T22:48:02.900+0000] {dag.py:3441} INFO - Setting next_dagrun for example_branch_operator to 2023-02-08T00:00:00+00:00, run_after=2023-02-09T00:00:00+00:00
[2023-02-09T22:48:02.936+0000] {processor.py:175} INFO - Processing /home/airflow/.local/lib/python3.7/site-packages/airflow/example_dags/example_branch_operator.py took 0.156 seconds
[2023-02-09T22:48:33.249+0000] {processor.py:153} INFO - Started process (PID=920) to work on /home/airflow/.local/lib/python3.7/site-packages/airflow/example_dags/example_branch_operator.py
[2023-02-09T22:48:33.250+0000] {processor.py:743} INFO - Processing file /home/airflow/.local/lib/python3.7/site-packages/airflow/example_dags/example_branch_operator.py for tasks to queue
[2023-02-09T22:48:33.251+0000] {logging_mixin.py:137} INFO - [2023-02-09T22:48:33.251+0000] {dagbag.py:538} INFO - Filling up the DagBag from /home/airflow/.local/lib/python3.7/site-packages/airflow/example_dags/example_branch_operator.py
[2023-02-09T22:48:33.283+0000] {processor.py:753} INFO - DAG(s) dict_keys(['example_branch_operator']) retrieved from /home/airflow/.local/lib/python3.7/site-packages/airflow/example_dags/example_branch_operator.py
[2023-02-09T22:48:33.327+0000] {logging_mixin.py:137} INFO - [2023-02-09T22:48:33.327+0000] {dag.py:2690} INFO - Sync 1 DAGs
[2023-02-09T22:48:33.374+0000] {logging_mixin.py:137} INFO - [2023-02-09T22:48:33.374+0000] {dag.py:3441} INFO - Setting next_dagrun for example_branch_operator to 2023-02-08T00:00:00+00:00, run_after=2023-02-09T00:00:00+00:00
[2023-02-09T22:48:33.414+0000] {processor.py:175} INFO - Processing /home/airflow/.local/lib/python3.7/site-packages/airflow/example_dags/example_branch_operator.py took 0.170 seconds
[2023-02-09T22:49:04.103+0000] {processor.py:153} INFO - Started process (PID=991) to work on /home/airflow/.local/lib/python3.7/site-packages/airflow/example_dags/example_branch_operator.py
[2023-02-09T22:49:04.105+0000] {processor.py:743} INFO - Processing file /home/airflow/.local/lib/python3.7/site-packages/airflow/example_dags/example_branch_operator.py for tasks to queue
[2023-02-09T22:49:04.105+0000] {logging_mixin.py:137} INFO - [2023-02-09T22:49:04.105+0000] {dagbag.py:538} INFO - Filling up the DagBag from /home/airflow/.local/lib/python3.7/site-packages/airflow/example_dags/example_branch_operator.py
[2023-02-09T22:49:04.132+0000] {processor.py:753} INFO - DAG(s) dict_keys(['example_branch_operator']) retrieved from /home/airflow/.local/lib/python3.7/site-packages/airflow/example_dags/example_branch_operator.py
[2023-02-09T22:49:04.171+0000] {logging_mixin.py:137} INFO - [2023-02-09T22:49:04.171+0000] {dag.py:2690} INFO - Sync 1 DAGs
[2023-02-09T22:49:04.215+0000] {logging_mixin.py:137} INFO - [2023-02-09T22:49:04.215+0000] {dag.py:3441} INFO - Setting next_dagrun for example_branch_operator to 2023-02-08T00:00:00+00:00, run_after=2023-02-09T00:00:00+00:00
[2023-02-09T22:49:04.248+0000] {processor.py:175} INFO - Processing /home/airflow/.local/lib/python3.7/site-packages/airflow/example_dags/example_branch_operator.py took 0.152 seconds
[2023-02-09T22:49:34.411+0000] {processor.py:153} INFO - Started process (PID=1058) to work on /home/airflow/.local/lib/python3.7/site-packages/airflow/example_dags/example_branch_operator.py
[2023-02-09T22:49:34.412+0000] {processor.py:743} INFO - Processing file /home/airflow/.local/lib/python3.7/site-packages/airflow/example_dags/example_branch_operator.py for tasks to queue
[2023-02-09T22:49:34.413+0000] {logging_mixin.py:137} INFO - [2023-02-09T22:49:34.413+0000] {dagbag.py:538} INFO - Filling up the DagBag from /home/airflow/.local/lib/python3.7/site-packages/airflow/example_dags/example_branch_operator.py
[2023-02-09T22:49:34.432+0000] {processor.py:753} INFO - DAG(s) dict_keys(['example_branch_operator']) retrieved from /home/airflow/.local/lib/python3.7/site-packages/airflow/example_dags/example_branch_operator.py
[2023-02-09T22:49:34.467+0000] {logging_mixin.py:137} INFO - [2023-02-09T22:49:34.466+0000] {dag.py:2690} INFO - Sync 1 DAGs
[2023-02-09T22:49:34.510+0000] {logging_mixin.py:137} INFO - [2023-02-09T22:49:34.509+0000] {dag.py:3441} INFO - Setting next_dagrun for example_branch_operator to 2023-02-08T00:00:00+00:00, run_after=2023-02-09T00:00:00+00:00
[2023-02-09T22:49:34.555+0000] {processor.py:175} INFO - Processing /home/airflow/.local/lib/python3.7/site-packages/airflow/example_dags/example_branch_operator.py took 0.148 seconds
[2023-02-09T22:50:04.887+0000] {processor.py:153} INFO - Started process (PID=1135) to work on /home/airflow/.local/lib/python3.7/site-packages/airflow/example_dags/example_branch_operator.py
[2023-02-09T22:50:04.891+0000] {processor.py:743} INFO - Processing file /home/airflow/.local/lib/python3.7/site-packages/airflow/example_dags/example_branch_operator.py for tasks to queue
[2023-02-09T22:50:04.892+0000] {logging_mixin.py:137} INFO - [2023-02-09T22:50:04.892+0000] {dagbag.py:538} INFO - Filling up the DagBag from /home/airflow/.local/lib/python3.7/site-packages/airflow/example_dags/example_branch_operator.py
[2023-02-09T22:50:04.921+0000] {processor.py:753} INFO - DAG(s) dict_keys(['example_branch_operator']) retrieved from /home/airflow/.local/lib/python3.7/site-packages/airflow/example_dags/example_branch_operator.py
[2023-02-09T22:50:04.969+0000] {logging_mixin.py:137} INFO - [2023-02-09T22:50:04.969+0000] {dag.py:2690} INFO - Sync 1 DAGs
[2023-02-09T22:50:05.016+0000] {logging_mixin.py:137} INFO - [2023-02-09T22:50:05.016+0000] {dag.py:3441} INFO - Setting next_dagrun for example_branch_operator to 2023-02-08T00:00:00+00:00, run_after=2023-02-09T00:00:00+00:00
[2023-02-09T22:50:05.057+0000] {processor.py:175} INFO - Processing /home/airflow/.local/lib/python3.7/site-packages/airflow/example_dags/example_branch_operator.py took 0.179 seconds
[2023-02-09T22:50:35.604+0000] {processor.py:153} INFO - Started process (PID=1201) to work on /home/airflow/.local/lib/python3.7/site-packages/airflow/example_dags/example_branch_operator.py
[2023-02-09T22:50:35.605+0000] {processor.py:743} INFO - Processing file /home/airflow/.local/lib/python3.7/site-packages/airflow/example_dags/example_branch_operator.py for tasks to queue
[2023-02-09T22:50:35.605+0000] {logging_mixin.py:137} INFO - [2023-02-09T22:50:35.605+0000] {dagbag.py:538} INFO - Filling up the DagBag from /home/airflow/.local/lib/python3.7/site-packages/airflow/example_dags/example_branch_operator.py
[2023-02-09T22:50:35.625+0000] {processor.py:753} INFO - DAG(s) dict_keys(['example_branch_operator']) retrieved from /home/airflow/.local/lib/python3.7/site-packages/airflow/example_dags/example_branch_operator.py
[2023-02-09T22:50:35.658+0000] {logging_mixin.py:137} INFO - [2023-02-09T22:50:35.657+0000] {dag.py:2690} INFO - Sync 1 DAGs
[2023-02-09T22:50:35.688+0000] {logging_mixin.py:137} INFO - [2023-02-09T22:50:35.687+0000] {dag.py:3441} INFO - Setting next_dagrun for example_branch_operator to 2023-02-08T00:00:00+00:00, run_after=2023-02-09T00:00:00+00:00
[2023-02-09T22:50:35.717+0000] {processor.py:175} INFO - Processing /home/airflow/.local/lib/python3.7/site-packages/airflow/example_dags/example_branch_operator.py took 0.118 seconds
[2023-02-09T22:51:05.983+0000] {processor.py:153} INFO - Started process (PID=1267) to work on /home/airflow/.local/lib/python3.7/site-packages/airflow/example_dags/example_branch_operator.py
[2023-02-09T22:51:05.984+0000] {processor.py:743} INFO - Processing file /home/airflow/.local/lib/python3.7/site-packages/airflow/example_dags/example_branch_operator.py for tasks to queue
[2023-02-09T22:51:05.985+0000] {logging_mixin.py:137} INFO - [2023-02-09T22:51:05.985+0000] {dagbag.py:538} INFO - Filling up the DagBag from /home/airflow/.local/lib/python3.7/site-packages/airflow/example_dags/example_branch_operator.py
[2023-02-09T22:51:06.014+0000] {processor.py:753} INFO - DAG(s) dict_keys(['example_branch_operator']) retrieved from /home/airflow/.local/lib/python3.7/site-packages/airflow/example_dags/example_branch_operator.py
[2023-02-09T22:51:06.054+0000] {logging_mixin.py:137} INFO - [2023-02-09T22:51:06.054+0000] {dag.py:2690} INFO - Sync 1 DAGs
[2023-02-09T22:51:06.096+0000] {logging_mixin.py:137} INFO - [2023-02-09T22:51:06.096+0000] {dag.py:3441} INFO - Setting next_dagrun for example_branch_operator to 2023-02-08T00:00:00+00:00, run_after=2023-02-09T00:00:00+00:00
[2023-02-09T22:51:06.135+0000] {processor.py:175} INFO - Processing /home/airflow/.local/lib/python3.7/site-packages/airflow/example_dags/example_branch_operator.py took 0.157 seconds
[2023-02-09T22:51:36.875+0000] {processor.py:153} INFO - Started process (PID=1344) to work on /home/airflow/.local/lib/python3.7/site-packages/airflow/example_dags/example_branch_operator.py
[2023-02-09T22:51:36.877+0000] {processor.py:743} INFO - Processing file /home/airflow/.local/lib/python3.7/site-packages/airflow/example_dags/example_branch_operator.py for tasks to queue
[2023-02-09T22:51:36.878+0000] {logging_mixin.py:137} INFO - [2023-02-09T22:51:36.878+0000] {dagbag.py:538} INFO - Filling up the DagBag from /home/airflow/.local/lib/python3.7/site-packages/airflow/example_dags/example_branch_operator.py
[2023-02-09T22:51:36.908+0000] {processor.py:753} INFO - DAG(s) dict_keys(['example_branch_operator']) retrieved from /home/airflow/.local/lib/python3.7/site-packages/airflow/example_dags/example_branch_operator.py
[2023-02-09T22:51:36.945+0000] {logging_mixin.py:137} INFO - [2023-02-09T22:51:36.945+0000] {dag.py:2690} INFO - Sync 1 DAGs
[2023-02-09T22:51:36.973+0000] {logging_mixin.py:137} INFO - [2023-02-09T22:51:36.973+0000] {dag.py:3441} INFO - Setting next_dagrun for example_branch_operator to 2023-02-08T00:00:00+00:00, run_after=2023-02-09T00:00:00+00:00
[2023-02-09T22:51:36.999+0000] {processor.py:175} INFO - Processing /home/airflow/.local/lib/python3.7/site-packages/airflow/example_dags/example_branch_operator.py took 0.129 seconds
[2023-02-09T22:52:07.239+0000] {processor.py:153} INFO - Started process (PID=1409) to work on /home/airflow/.local/lib/python3.7/site-packages/airflow/example_dags/example_branch_operator.py
[2023-02-09T22:52:07.240+0000] {processor.py:743} INFO - Processing file /home/airflow/.local/lib/python3.7/site-packages/airflow/example_dags/example_branch_operator.py for tasks to queue
[2023-02-09T22:52:07.241+0000] {logging_mixin.py:137} INFO - [2023-02-09T22:52:07.241+0000] {dagbag.py:538} INFO - Filling up the DagBag from /home/airflow/.local/lib/python3.7/site-packages/airflow/example_dags/example_branch_operator.py
[2023-02-09T22:52:07.260+0000] {processor.py:753} INFO - DAG(s) dict_keys(['example_branch_operator']) retrieved from /home/airflow/.local/lib/python3.7/site-packages/airflow/example_dags/example_branch_operator.py
[2023-02-09T22:52:07.288+0000] {logging_mixin.py:137} INFO - [2023-02-09T22:52:07.288+0000] {dag.py:2690} INFO - Sync 1 DAGs
[2023-02-09T22:52:07.317+0000] {logging_mixin.py:137} INFO - [2023-02-09T22:52:07.317+0000] {dag.py:3441} INFO - Setting next_dagrun for example_branch_operator to 2023-02-08T00:00:00+00:00, run_after=2023-02-09T00:00:00+00:00
[2023-02-09T22:52:07.348+0000] {processor.py:175} INFO - Processing /home/airflow/.local/lib/python3.7/site-packages/airflow/example_dags/example_branch_operator.py took 0.113 seconds
[2023-02-09T22:52:38.156+0000] {processor.py:153} INFO - Started process (PID=1483) to work on /home/airflow/.local/lib/python3.7/site-packages/airflow/example_dags/example_branch_operator.py
[2023-02-09T22:52:38.157+0000] {processor.py:743} INFO - Processing file /home/airflow/.local/lib/python3.7/site-packages/airflow/example_dags/example_branch_operator.py for tasks to queue
[2023-02-09T22:52:38.158+0000] {logging_mixin.py:137} INFO - [2023-02-09T22:52:38.158+0000] {dagbag.py:538} INFO - Filling up the DagBag from /home/airflow/.local/lib/python3.7/site-packages/airflow/example_dags/example_branch_operator.py
[2023-02-09T22:52:38.180+0000] {processor.py:753} INFO - DAG(s) dict_keys(['example_branch_operator']) retrieved from /home/airflow/.local/lib/python3.7/site-packages/airflow/example_dags/example_branch_operator.py
[2023-02-09T22:52:38.223+0000] {logging_mixin.py:137} INFO - [2023-02-09T22:52:38.223+0000] {dag.py:2690} INFO - Sync 1 DAGs
[2023-02-09T22:52:38.261+0000] {logging_mixin.py:137} INFO - [2023-02-09T22:52:38.261+0000] {dag.py:3441} INFO - Setting next_dagrun for example_branch_operator to 2023-02-08T00:00:00+00:00, run_after=2023-02-09T00:00:00+00:00
[2023-02-09T22:52:38.293+0000] {processor.py:175} INFO - Processing /home/airflow/.local/lib/python3.7/site-packages/airflow/example_dags/example_branch_operator.py took 0.142 seconds
[2023-02-09T22:53:08.658+0000] {processor.py:153} INFO - Started process (PID=1551) to work on /home/airflow/.local/lib/python3.7/site-packages/airflow/example_dags/example_branch_operator.py
[2023-02-09T22:53:08.659+0000] {processor.py:743} INFO - Processing file /home/airflow/.local/lib/python3.7/site-packages/airflow/example_dags/example_branch_operator.py for tasks to queue
[2023-02-09T22:53:08.660+0000] {logging_mixin.py:137} INFO - [2023-02-09T22:53:08.660+0000] {dagbag.py:538} INFO - Filling up the DagBag from /home/airflow/.local/lib/python3.7/site-packages/airflow/example_dags/example_branch_operator.py
[2023-02-09T22:53:08.684+0000] {processor.py:753} INFO - DAG(s) dict_keys(['example_branch_operator']) retrieved from /home/airflow/.local/lib/python3.7/site-packages/airflow/example_dags/example_branch_operator.py
[2023-02-09T22:53:08.716+0000] {logging_mixin.py:137} INFO - [2023-02-09T22:53:08.716+0000] {dag.py:2690} INFO - Sync 1 DAGs
[2023-02-09T22:53:08.746+0000] {logging_mixin.py:137} INFO - [2023-02-09T22:53:08.746+0000] {dag.py:3441} INFO - Setting next_dagrun for example_branch_operator to 2023-02-08T00:00:00+00:00, run_after=2023-02-09T00:00:00+00:00
[2023-02-09T22:53:08.773+0000] {processor.py:175} INFO - Processing /home/airflow/.local/lib/python3.7/site-packages/airflow/example_dags/example_branch_operator.py took 0.119 seconds
[2023-02-09T22:53:39.340+0000] {processor.py:153} INFO - Started process (PID=1617) to work on /home/airflow/.local/lib/python3.7/site-packages/airflow/example_dags/example_branch_operator.py
[2023-02-09T22:53:39.341+0000] {processor.py:743} INFO - Processing file /home/airflow/.local/lib/python3.7/site-packages/airflow/example_dags/example_branch_operator.py for tasks to queue
[2023-02-09T22:53:39.342+0000] {logging_mixin.py:137} INFO - [2023-02-09T22:53:39.342+0000] {dagbag.py:538} INFO - Filling up the DagBag from /home/airflow/.local/lib/python3.7/site-packages/airflow/example_dags/example_branch_operator.py
[2023-02-09T22:53:39.375+0000] {processor.py:753} INFO - DAG(s) dict_keys(['example_branch_operator']) retrieved from /home/airflow/.local/lib/python3.7/site-packages/airflow/example_dags/example_branch_operator.py
[2023-02-09T22:53:39.420+0000] {logging_mixin.py:137} INFO - [2023-02-09T22:53:39.420+0000] {dag.py:2690} INFO - Sync 1 DAGs
[2023-02-09T22:53:39.465+0000] {logging_mixin.py:137} INFO - [2023-02-09T22:53:39.465+0000] {dag.py:3441} INFO - Setting next_dagrun for example_branch_operator to 2023-02-08T00:00:00+00:00, run_after=2023-02-09T00:00:00+00:00
[2023-02-09T22:53:39.502+0000] {processor.py:175} INFO - Processing /home/airflow/.local/lib/python3.7/site-packages/airflow/example_dags/example_branch_operator.py took 0.167 seconds
[2023-02-09T22:54:10.135+0000] {processor.py:153} INFO - Started process (PID=1695) to work on /home/airflow/.local/lib/python3.7/site-packages/airflow/example_dags/example_branch_operator.py
[2023-02-09T22:54:10.136+0000] {processor.py:743} INFO - Processing file /home/airflow/.local/lib/python3.7/site-packages/airflow/example_dags/example_branch_operator.py for tasks to queue
[2023-02-09T22:54:10.137+0000] {logging_mixin.py:137} INFO - [2023-02-09T22:54:10.137+0000] {dagbag.py:538} INFO - Filling up the DagBag from /home/airflow/.local/lib/python3.7/site-packages/airflow/example_dags/example_branch_operator.py
[2023-02-09T22:54:10.155+0000] {processor.py:753} INFO - DAG(s) dict_keys(['example_branch_operator']) retrieved from /home/airflow/.local/lib/python3.7/site-packages/airflow/example_dags/example_branch_operator.py
[2023-02-09T22:54:10.191+0000] {logging_mixin.py:137} INFO - [2023-02-09T22:54:10.191+0000] {dag.py:2690} INFO - Sync 1 DAGs
[2023-02-09T22:54:10.229+0000] {logging_mixin.py:137} INFO - [2023-02-09T22:54:10.228+0000] {dag.py:3441} INFO - Setting next_dagrun for example_branch_operator to 2023-02-08T00:00:00+00:00, run_after=2023-02-09T00:00:00+00:00
[2023-02-09T22:54:10.255+0000] {processor.py:175} INFO - Processing /home/airflow/.local/lib/python3.7/site-packages/airflow/example_dags/example_branch_operator.py took 0.126 seconds
[2023-02-09T22:54:40.365+0000] {processor.py:153} INFO - Started process (PID=1760) to work on /home/airflow/.local/lib/python3.7/site-packages/airflow/example_dags/example_branch_operator.py
[2023-02-09T22:54:40.366+0000] {processor.py:743} INFO - Processing file /home/airflow/.local/lib/python3.7/site-packages/airflow/example_dags/example_branch_operator.py for tasks to queue
[2023-02-09T22:54:40.367+0000] {logging_mixin.py:137} INFO - [2023-02-09T22:54:40.367+0000] {dagbag.py:538} INFO - Filling up the DagBag from /home/airflow/.local/lib/python3.7/site-packages/airflow/example_dags/example_branch_operator.py
[2023-02-09T22:54:40.393+0000] {processor.py:753} INFO - DAG(s) dict_keys(['example_branch_operator']) retrieved from /home/airflow/.local/lib/python3.7/site-packages/airflow/example_dags/example_branch_operator.py
[2023-02-09T22:54:40.434+0000] {logging_mixin.py:137} INFO - [2023-02-09T22:54:40.434+0000] {dag.py:2690} INFO - Sync 1 DAGs
[2023-02-09T22:54:40.476+0000] {logging_mixin.py:137} INFO - [2023-02-09T22:54:40.476+0000] {dag.py:3441} INFO - Setting next_dagrun for example_branch_operator to 2023-02-08T00:00:00+00:00, run_after=2023-02-09T00:00:00+00:00
[2023-02-09T22:54:40.512+0000] {processor.py:175} INFO - Processing /home/airflow/.local/lib/python3.7/site-packages/airflow/example_dags/example_branch_operator.py took 0.153 seconds
[2023-02-09T22:55:11.264+0000] {processor.py:153} INFO - Started process (PID=1838) to work on /home/airflow/.local/lib/python3.7/site-packages/airflow/example_dags/example_branch_operator.py
[2023-02-09T22:55:11.289+0000] {processor.py:743} INFO - Processing file /home/airflow/.local/lib/python3.7/site-packages/airflow/example_dags/example_branch_operator.py for tasks to queue
[2023-02-09T22:55:11.291+0000] {logging_mixin.py:137} INFO - [2023-02-09T22:55:11.290+0000] {dagbag.py:538} INFO - Filling up the DagBag from /home/airflow/.local/lib/python3.7/site-packages/airflow/example_dags/example_branch_operator.py
[2023-02-09T22:55:11.317+0000] {processor.py:753} INFO - DAG(s) dict_keys(['example_branch_operator']) retrieved from /home/airflow/.local/lib/python3.7/site-packages/airflow/example_dags/example_branch_operator.py
[2023-02-09T22:55:11.359+0000] {logging_mixin.py:137} INFO - [2023-02-09T22:55:11.359+0000] {dag.py:2690} INFO - Sync 1 DAGs
[2023-02-09T22:55:11.399+0000] {logging_mixin.py:137} INFO - [2023-02-09T22:55:11.399+0000] {dag.py:3441} INFO - Setting next_dagrun for example_branch_operator to 2023-02-08T00:00:00+00:00, run_after=2023-02-09T00:00:00+00:00
[2023-02-09T22:55:11.436+0000] {processor.py:175} INFO - Processing /home/airflow/.local/lib/python3.7/site-packages/airflow/example_dags/example_branch_operator.py took 0.177 seconds
[2023-02-09T22:55:41.734+0000] {processor.py:153} INFO - Started process (PID=1904) to work on /home/airflow/.local/lib/python3.7/site-packages/airflow/example_dags/example_branch_operator.py
[2023-02-09T22:55:41.736+0000] {processor.py:743} INFO - Processing file /home/airflow/.local/lib/python3.7/site-packages/airflow/example_dags/example_branch_operator.py for tasks to queue
[2023-02-09T22:55:41.737+0000] {logging_mixin.py:137} INFO - [2023-02-09T22:55:41.736+0000] {dagbag.py:538} INFO - Filling up the DagBag from /home/airflow/.local/lib/python3.7/site-packages/airflow/example_dags/example_branch_operator.py
[2023-02-09T22:55:41.770+0000] {processor.py:753} INFO - DAG(s) dict_keys(['example_branch_operator']) retrieved from /home/airflow/.local/lib/python3.7/site-packages/airflow/example_dags/example_branch_operator.py
[2023-02-09T22:55:41.814+0000] {logging_mixin.py:137} INFO - [2023-02-09T22:55:41.814+0000] {dag.py:2690} INFO - Sync 1 DAGs
[2023-02-09T22:55:41.864+0000] {logging_mixin.py:137} INFO - [2023-02-09T22:55:41.864+0000] {dag.py:3441} INFO - Setting next_dagrun for example_branch_operator to 2023-02-08T00:00:00+00:00, run_after=2023-02-09T00:00:00+00:00
[2023-02-09T22:55:41.898+0000] {processor.py:175} INFO - Processing /home/airflow/.local/lib/python3.7/site-packages/airflow/example_dags/example_branch_operator.py took 0.170 seconds
[2023-02-09T22:56:12.134+0000] {processor.py:153} INFO - Started process (PID=1969) to work on /home/airflow/.local/lib/python3.7/site-packages/airflow/example_dags/example_branch_operator.py
[2023-02-09T22:56:12.135+0000] {processor.py:743} INFO - Processing file /home/airflow/.local/lib/python3.7/site-packages/airflow/example_dags/example_branch_operator.py for tasks to queue
[2023-02-09T22:56:12.136+0000] {logging_mixin.py:137} INFO - [2023-02-09T22:56:12.136+0000] {dagbag.py:538} INFO - Filling up the DagBag from /home/airflow/.local/lib/python3.7/site-packages/airflow/example_dags/example_branch_operator.py
[2023-02-09T22:56:12.163+0000] {processor.py:753} INFO - DAG(s) dict_keys(['example_branch_operator']) retrieved from /home/airflow/.local/lib/python3.7/site-packages/airflow/example_dags/example_branch_operator.py
[2023-02-09T22:56:12.195+0000] {logging_mixin.py:137} INFO - [2023-02-09T22:56:12.195+0000] {dag.py:2690} INFO - Sync 1 DAGs
[2023-02-09T22:56:12.232+0000] {logging_mixin.py:137} INFO - [2023-02-09T22:56:12.232+0000] {dag.py:3441} INFO - Setting next_dagrun for example_branch_operator to 2023-02-08T00:00:00+00:00, run_after=2023-02-09T00:00:00+00:00
[2023-02-09T22:56:12.260+0000] {processor.py:175} INFO - Processing /home/airflow/.local/lib/python3.7/site-packages/airflow/example_dags/example_branch_operator.py took 0.131 seconds
[2023-02-09T22:56:42.947+0000] {processor.py:153} INFO - Started process (PID=2045) to work on /home/airflow/.local/lib/python3.7/site-packages/airflow/example_dags/example_branch_operator.py
[2023-02-09T22:56:42.948+0000] {processor.py:743} INFO - Processing file /home/airflow/.local/lib/python3.7/site-packages/airflow/example_dags/example_branch_operator.py for tasks to queue
[2023-02-09T22:56:42.949+0000] {logging_mixin.py:137} INFO - [2023-02-09T22:56:42.948+0000] {dagbag.py:538} INFO - Filling up the DagBag from /home/airflow/.local/lib/python3.7/site-packages/airflow/example_dags/example_branch_operator.py
[2023-02-09T22:56:42.968+0000] {processor.py:753} INFO - DAG(s) dict_keys(['example_branch_operator']) retrieved from /home/airflow/.local/lib/python3.7/site-packages/airflow/example_dags/example_branch_operator.py
[2023-02-09T22:56:43.009+0000] {logging_mixin.py:137} INFO - [2023-02-09T22:56:43.008+0000] {dag.py:2690} INFO - Sync 1 DAGs
[2023-02-09T22:56:43.053+0000] {logging_mixin.py:137} INFO - [2023-02-09T22:56:43.053+0000] {dag.py:3441} INFO - Setting next_dagrun for example_branch_operator to 2023-02-08T00:00:00+00:00, run_after=2023-02-09T00:00:00+00:00
[2023-02-09T22:56:43.090+0000] {processor.py:175} INFO - Processing /home/airflow/.local/lib/python3.7/site-packages/airflow/example_dags/example_branch_operator.py took 0.148 seconds
[2023-02-09T22:57:13.325+0000] {processor.py:153} INFO - Started process (PID=2109) to work on /home/airflow/.local/lib/python3.7/site-packages/airflow/example_dags/example_branch_operator.py
[2023-02-09T22:57:13.326+0000] {processor.py:743} INFO - Processing file /home/airflow/.local/lib/python3.7/site-packages/airflow/example_dags/example_branch_operator.py for tasks to queue
[2023-02-09T22:57:13.327+0000] {logging_mixin.py:137} INFO - [2023-02-09T22:57:13.327+0000] {dagbag.py:538} INFO - Filling up the DagBag from /home/airflow/.local/lib/python3.7/site-packages/airflow/example_dags/example_branch_operator.py
[2023-02-09T22:57:13.354+0000] {processor.py:753} INFO - DAG(s) dict_keys(['example_branch_operator']) retrieved from /home/airflow/.local/lib/python3.7/site-packages/airflow/example_dags/example_branch_operator.py
[2023-02-09T22:57:13.395+0000] {logging_mixin.py:137} INFO - [2023-02-09T22:57:13.395+0000] {dag.py:2690} INFO - Sync 1 DAGs
[2023-02-09T22:57:13.428+0000] {logging_mixin.py:137} INFO - [2023-02-09T22:57:13.428+0000] {dag.py:3441} INFO - Setting next_dagrun for example_branch_operator to 2023-02-08T00:00:00+00:00, run_after=2023-02-09T00:00:00+00:00
[2023-02-09T22:57:13.457+0000] {processor.py:175} INFO - Processing /home/airflow/.local/lib/python3.7/site-packages/airflow/example_dags/example_branch_operator.py took 0.137 seconds
[2023-02-09T22:57:44.189+0000] {processor.py:153} INFO - Started process (PID=2186) to work on /home/airflow/.local/lib/python3.7/site-packages/airflow/example_dags/example_branch_operator.py
[2023-02-09T22:57:44.192+0000] {processor.py:743} INFO - Processing file /home/airflow/.local/lib/python3.7/site-packages/airflow/example_dags/example_branch_operator.py for tasks to queue
[2023-02-09T22:57:44.193+0000] {logging_mixin.py:137} INFO - [2023-02-09T22:57:44.192+0000] {dagbag.py:538} INFO - Filling up the DagBag from /home/airflow/.local/lib/python3.7/site-packages/airflow/example_dags/example_branch_operator.py
[2023-02-09T22:57:44.220+0000] {processor.py:753} INFO - DAG(s) dict_keys(['example_branch_operator']) retrieved from /home/airflow/.local/lib/python3.7/site-packages/airflow/example_dags/example_branch_operator.py
[2023-02-09T22:57:44.263+0000] {logging_mixin.py:137} INFO - [2023-02-09T22:57:44.262+0000] {dag.py:2690} INFO - Sync 1 DAGs
[2023-02-09T22:57:44.310+0000] {logging_mixin.py:137} INFO - [2023-02-09T22:57:44.310+0000] {dag.py:3441} INFO - Setting next_dagrun for example_branch_operator to 2023-02-08T00:00:00+00:00, run_after=2023-02-09T00:00:00+00:00
[2023-02-09T22:57:44.348+0000] {processor.py:175} INFO - Processing /home/airflow/.local/lib/python3.7/site-packages/airflow/example_dags/example_branch_operator.py took 0.177 seconds
[2023-02-09T22:58:15.219+0000] {processor.py:153} INFO - Started process (PID=2252) to work on /home/airflow/.local/lib/python3.7/site-packages/airflow/example_dags/example_branch_operator.py
[2023-02-09T22:58:15.220+0000] {processor.py:743} INFO - Processing file /home/airflow/.local/lib/python3.7/site-packages/airflow/example_dags/example_branch_operator.py for tasks to queue
[2023-02-09T22:58:15.221+0000] {logging_mixin.py:137} INFO - [2023-02-09T22:58:15.221+0000] {dagbag.py:538} INFO - Filling up the DagBag from /home/airflow/.local/lib/python3.7/site-packages/airflow/example_dags/example_branch_operator.py
[2023-02-09T22:58:15.240+0000] {processor.py:753} INFO - DAG(s) dict_keys(['example_branch_operator']) retrieved from /home/airflow/.local/lib/python3.7/site-packages/airflow/example_dags/example_branch_operator.py
[2023-02-09T22:58:15.273+0000] {logging_mixin.py:137} INFO - [2023-02-09T22:58:15.273+0000] {dag.py:2690} INFO - Sync 1 DAGs
[2023-02-09T22:58:15.300+0000] {logging_mixin.py:137} INFO - [2023-02-09T22:58:15.300+0000] {dag.py:3441} INFO - Setting next_dagrun for example_branch_operator to 2023-02-08T00:00:00+00:00, run_after=2023-02-09T00:00:00+00:00
[2023-02-09T22:58:15.327+0000] {processor.py:175} INFO - Processing /home/airflow/.local/lib/python3.7/site-packages/airflow/example_dags/example_branch_operator.py took 0.112 seconds
[2023-02-09T22:58:45.422+0000] {processor.py:153} INFO - Started process (PID=2317) to work on /home/airflow/.local/lib/python3.7/site-packages/airflow/example_dags/example_branch_operator.py
[2023-02-09T22:58:45.423+0000] {processor.py:743} INFO - Processing file /home/airflow/.local/lib/python3.7/site-packages/airflow/example_dags/example_branch_operator.py for tasks to queue
[2023-02-09T22:58:45.424+0000] {logging_mixin.py:137} INFO - [2023-02-09T22:58:45.424+0000] {dagbag.py:538} INFO - Filling up the DagBag from /home/airflow/.local/lib/python3.7/site-packages/airflow/example_dags/example_branch_operator.py
[2023-02-09T22:58:45.452+0000] {processor.py:753} INFO - DAG(s) dict_keys(['example_branch_operator']) retrieved from /home/airflow/.local/lib/python3.7/site-packages/airflow/example_dags/example_branch_operator.py
[2023-02-09T22:58:45.496+0000] {logging_mixin.py:137} INFO - [2023-02-09T22:58:45.495+0000] {dag.py:2690} INFO - Sync 1 DAGs
[2023-02-09T22:58:45.547+0000] {logging_mixin.py:137} INFO - [2023-02-09T22:58:45.547+0000] {dag.py:3441} INFO - Setting next_dagrun for example_branch_operator to 2023-02-08T00:00:00+00:00, run_after=2023-02-09T00:00:00+00:00
[2023-02-09T22:58:45.594+0000] {processor.py:175} INFO - Processing /home/airflow/.local/lib/python3.7/site-packages/airflow/example_dags/example_branch_operator.py took 0.177 seconds
[2023-02-09T22:59:16.571+0000] {processor.py:153} INFO - Started process (PID=2394) to work on /home/airflow/.local/lib/python3.7/site-packages/airflow/example_dags/example_branch_operator.py
[2023-02-09T22:59:16.572+0000] {processor.py:743} INFO - Processing file /home/airflow/.local/lib/python3.7/site-packages/airflow/example_dags/example_branch_operator.py for tasks to queue
[2023-02-09T22:59:16.573+0000] {logging_mixin.py:137} INFO - [2023-02-09T22:59:16.573+0000] {dagbag.py:538} INFO - Filling up the DagBag from /home/airflow/.local/lib/python3.7/site-packages/airflow/example_dags/example_branch_operator.py
[2023-02-09T22:59:16.593+0000] {processor.py:753} INFO - DAG(s) dict_keys(['example_branch_operator']) retrieved from /home/airflow/.local/lib/python3.7/site-packages/airflow/example_dags/example_branch_operator.py
[2023-02-09T22:59:16.643+0000] {logging_mixin.py:137} INFO - [2023-02-09T22:59:16.642+0000] {dag.py:2690} INFO - Sync 1 DAGs
[2023-02-09T22:59:16.672+0000] {logging_mixin.py:137} INFO - [2023-02-09T22:59:16.672+0000] {dag.py:3441} INFO - Setting next_dagrun for example_branch_operator to 2023-02-08T00:00:00+00:00, run_after=2023-02-09T00:00:00+00:00
[2023-02-09T22:59:16.698+0000] {processor.py:175} INFO - Processing /home/airflow/.local/lib/python3.7/site-packages/airflow/example_dags/example_branch_operator.py took 0.133 seconds
[2023-02-09T22:59:46.893+0000] {processor.py:153} INFO - Started process (PID=2459) to work on /home/airflow/.local/lib/python3.7/site-packages/airflow/example_dags/example_branch_operator.py
[2023-02-09T22:59:46.894+0000] {processor.py:743} INFO - Processing file /home/airflow/.local/lib/python3.7/site-packages/airflow/example_dags/example_branch_operator.py for tasks to queue
[2023-02-09T22:59:46.895+0000] {logging_mixin.py:137} INFO - [2023-02-09T22:59:46.895+0000] {dagbag.py:538} INFO - Filling up the DagBag from /home/airflow/.local/lib/python3.7/site-packages/airflow/example_dags/example_branch_operator.py
[2023-02-09T22:59:46.918+0000] {processor.py:753} INFO - DAG(s) dict_keys(['example_branch_operator']) retrieved from /home/airflow/.local/lib/python3.7/site-packages/airflow/example_dags/example_branch_operator.py
[2023-02-09T22:59:46.958+0000] {logging_mixin.py:137} INFO - [2023-02-09T22:59:46.958+0000] {dag.py:2690} INFO - Sync 1 DAGs
[2023-02-09T22:59:47.003+0000] {logging_mixin.py:137} INFO - [2023-02-09T22:59:47.003+0000] {dag.py:3441} INFO - Setting next_dagrun for example_branch_operator to 2023-02-08T00:00:00+00:00, run_after=2023-02-09T00:00:00+00:00
[2023-02-09T22:59:47.039+0000] {processor.py:175} INFO - Processing /home/airflow/.local/lib/python3.7/site-packages/airflow/example_dags/example_branch_operator.py took 0.150 seconds
[2023-02-09T23:00:17.080+0000] {processor.py:153} INFO - Started process (PID=2530) to work on /home/airflow/.local/lib/python3.7/site-packages/airflow/example_dags/example_branch_operator.py
[2023-02-09T23:00:17.081+0000] {processor.py:743} INFO - Processing file /home/airflow/.local/lib/python3.7/site-packages/airflow/example_dags/example_branch_operator.py for tasks to queue
[2023-02-09T23:00:17.082+0000] {logging_mixin.py:137} INFO - [2023-02-09T23:00:17.082+0000] {dagbag.py:538} INFO - Filling up the DagBag from /home/airflow/.local/lib/python3.7/site-packages/airflow/example_dags/example_branch_operator.py
[2023-02-09T23:00:17.108+0000] {processor.py:753} INFO - DAG(s) dict_keys(['example_branch_operator']) retrieved from /home/airflow/.local/lib/python3.7/site-packages/airflow/example_dags/example_branch_operator.py
[2023-02-09T23:00:17.152+0000] {logging_mixin.py:137} INFO - [2023-02-09T23:00:17.152+0000] {dag.py:2690} INFO - Sync 1 DAGs
[2023-02-09T23:00:17.197+0000] {logging_mixin.py:137} INFO - [2023-02-09T23:00:17.197+0000] {dag.py:3441} INFO - Setting next_dagrun for example_branch_operator to 2023-02-08T00:00:00+00:00, run_after=2023-02-09T00:00:00+00:00
[2023-02-09T23:00:17.237+0000] {processor.py:175} INFO - Processing /home/airflow/.local/lib/python3.7/site-packages/airflow/example_dags/example_branch_operator.py took 0.162 seconds
[2023-02-09T23:00:47.957+0000] {processor.py:153} INFO - Started process (PID=2601) to work on /home/airflow/.local/lib/python3.7/site-packages/airflow/example_dags/example_branch_operator.py
[2023-02-09T23:00:47.958+0000] {processor.py:743} INFO - Processing file /home/airflow/.local/lib/python3.7/site-packages/airflow/example_dags/example_branch_operator.py for tasks to queue
[2023-02-09T23:00:47.959+0000] {logging_mixin.py:137} INFO - [2023-02-09T23:00:47.958+0000] {dagbag.py:538} INFO - Filling up the DagBag from /home/airflow/.local/lib/python3.7/site-packages/airflow/example_dags/example_branch_operator.py
[2023-02-09T23:00:47.979+0000] {processor.py:753} INFO - DAG(s) dict_keys(['example_branch_operator']) retrieved from /home/airflow/.local/lib/python3.7/site-packages/airflow/example_dags/example_branch_operator.py
[2023-02-09T23:00:48.011+0000] {logging_mixin.py:137} INFO - [2023-02-09T23:00:48.011+0000] {dag.py:2690} INFO - Sync 1 DAGs
[2023-02-09T23:00:48.041+0000] {logging_mixin.py:137} INFO - [2023-02-09T23:00:48.040+0000] {dag.py:3441} INFO - Setting next_dagrun for example_branch_operator to 2023-02-08T00:00:00+00:00, run_after=2023-02-09T00:00:00+00:00
[2023-02-09T23:00:48.069+0000] {processor.py:175} INFO - Processing /home/airflow/.local/lib/python3.7/site-packages/airflow/example_dags/example_branch_operator.py took 0.116 seconds
[2023-02-09T23:01:18.597+0000] {processor.py:153} INFO - Started process (PID=2667) to work on /home/airflow/.local/lib/python3.7/site-packages/airflow/example_dags/example_branch_operator.py
[2023-02-09T23:01:18.599+0000] {processor.py:743} INFO - Processing file /home/airflow/.local/lib/python3.7/site-packages/airflow/example_dags/example_branch_operator.py for tasks to queue
[2023-02-09T23:01:18.600+0000] {logging_mixin.py:137} INFO - [2023-02-09T23:01:18.600+0000] {dagbag.py:538} INFO - Filling up the DagBag from /home/airflow/.local/lib/python3.7/site-packages/airflow/example_dags/example_branch_operator.py
[2023-02-09T23:01:18.627+0000] {processor.py:753} INFO - DAG(s) dict_keys(['example_branch_operator']) retrieved from /home/airflow/.local/lib/python3.7/site-packages/airflow/example_dags/example_branch_operator.py
[2023-02-09T23:01:18.673+0000] {logging_mixin.py:137} INFO - [2023-02-09T23:01:18.673+0000] {dag.py:2690} INFO - Sync 1 DAGs
[2023-02-09T23:01:18.730+0000] {logging_mixin.py:137} INFO - [2023-02-09T23:01:18.730+0000] {dag.py:3441} INFO - Setting next_dagrun for example_branch_operator to 2023-02-08T00:00:00+00:00, run_after=2023-02-09T00:00:00+00:00
[2023-02-09T23:01:18.780+0000] {processor.py:175} INFO - Processing /home/airflow/.local/lib/python3.7/site-packages/airflow/example_dags/example_branch_operator.py took 0.188 seconds
[2023-02-09T23:01:49.228+0000] {processor.py:153} INFO - Started process (PID=2743) to work on /home/airflow/.local/lib/python3.7/site-packages/airflow/example_dags/example_branch_operator.py
[2023-02-09T23:01:49.229+0000] {processor.py:743} INFO - Processing file /home/airflow/.local/lib/python3.7/site-packages/airflow/example_dags/example_branch_operator.py for tasks to queue
[2023-02-09T23:01:49.229+0000] {logging_mixin.py:137} INFO - [2023-02-09T23:01:49.229+0000] {dagbag.py:538} INFO - Filling up the DagBag from /home/airflow/.local/lib/python3.7/site-packages/airflow/example_dags/example_branch_operator.py
[2023-02-09T23:01:49.250+0000] {processor.py:753} INFO - DAG(s) dict_keys(['example_branch_operator']) retrieved from /home/airflow/.local/lib/python3.7/site-packages/airflow/example_dags/example_branch_operator.py
[2023-02-09T23:01:49.286+0000] {logging_mixin.py:137} INFO - [2023-02-09T23:01:49.285+0000] {dag.py:2690} INFO - Sync 1 DAGs
[2023-02-09T23:01:49.330+0000] {logging_mixin.py:137} INFO - [2023-02-09T23:01:49.330+0000] {dag.py:3441} INFO - Setting next_dagrun for example_branch_operator to 2023-02-08T00:00:00+00:00, run_after=2023-02-09T00:00:00+00:00
[2023-02-09T23:01:49.360+0000] {processor.py:175} INFO - Processing /home/airflow/.local/lib/python3.7/site-packages/airflow/example_dags/example_branch_operator.py took 0.137 seconds
[2023-02-09T23:02:19.436+0000] {processor.py:153} INFO - Started process (PID=2809) to work on /home/airflow/.local/lib/python3.7/site-packages/airflow/example_dags/example_branch_operator.py
[2023-02-09T23:02:19.437+0000] {processor.py:743} INFO - Processing file /home/airflow/.local/lib/python3.7/site-packages/airflow/example_dags/example_branch_operator.py for tasks to queue
[2023-02-09T23:02:19.438+0000] {logging_mixin.py:137} INFO - [2023-02-09T23:02:19.438+0000] {dagbag.py:538} INFO - Filling up the DagBag from /home/airflow/.local/lib/python3.7/site-packages/airflow/example_dags/example_branch_operator.py
[2023-02-09T23:02:19.464+0000] {processor.py:753} INFO - DAG(s) dict_keys(['example_branch_operator']) retrieved from /home/airflow/.local/lib/python3.7/site-packages/airflow/example_dags/example_branch_operator.py
[2023-02-09T23:02:19.497+0000] {logging_mixin.py:137} INFO - [2023-02-09T23:02:19.497+0000] {dag.py:2690} INFO - Sync 1 DAGs
[2023-02-09T23:02:19.527+0000] {logging_mixin.py:137} INFO - [2023-02-09T23:02:19.526+0000] {dag.py:3441} INFO - Setting next_dagrun for example_branch_operator to 2023-02-08T00:00:00+00:00, run_after=2023-02-09T00:00:00+00:00
[2023-02-09T23:02:19.553+0000] {processor.py:175} INFO - Processing /home/airflow/.local/lib/python3.7/site-packages/airflow/example_dags/example_branch_operator.py took 0.121 seconds
[2023-02-09T23:02:50.262+0000] {processor.py:153} INFO - Started process (PID=2884) to work on /home/airflow/.local/lib/python3.7/site-packages/airflow/example_dags/example_branch_operator.py
[2023-02-09T23:02:50.263+0000] {processor.py:743} INFO - Processing file /home/airflow/.local/lib/python3.7/site-packages/airflow/example_dags/example_branch_operator.py for tasks to queue
[2023-02-09T23:02:50.264+0000] {logging_mixin.py:137} INFO - [2023-02-09T23:02:50.264+0000] {dagbag.py:538} INFO - Filling up the DagBag from /home/airflow/.local/lib/python3.7/site-packages/airflow/example_dags/example_branch_operator.py
[2023-02-09T23:02:50.293+0000] {processor.py:753} INFO - DAG(s) dict_keys(['example_branch_operator']) retrieved from /home/airflow/.local/lib/python3.7/site-packages/airflow/example_dags/example_branch_operator.py
[2023-02-09T23:02:50.337+0000] {logging_mixin.py:137} INFO - [2023-02-09T23:02:50.337+0000] {dag.py:2690} INFO - Sync 1 DAGs
[2023-02-09T23:02:50.382+0000] {logging_mixin.py:137} INFO - [2023-02-09T23:02:50.382+0000] {dag.py:3441} INFO - Setting next_dagrun for example_branch_operator to 2023-02-08T00:00:00+00:00, run_after=2023-02-09T00:00:00+00:00
[2023-02-09T23:02:50.433+0000] {processor.py:175} INFO - Processing /home/airflow/.local/lib/python3.7/site-packages/airflow/example_dags/example_branch_operator.py took 0.178 seconds
[2023-02-09T23:03:20.886+0000] {processor.py:153} INFO - Started process (PID=2952) to work on /home/airflow/.local/lib/python3.7/site-packages/airflow/example_dags/example_branch_operator.py
[2023-02-09T23:03:20.887+0000] {processor.py:743} INFO - Processing file /home/airflow/.local/lib/python3.7/site-packages/airflow/example_dags/example_branch_operator.py for tasks to queue
[2023-02-09T23:03:20.888+0000] {logging_mixin.py:137} INFO - [2023-02-09T23:03:20.887+0000] {dagbag.py:538} INFO - Filling up the DagBag from /home/airflow/.local/lib/python3.7/site-packages/airflow/example_dags/example_branch_operator.py
[2023-02-09T23:03:20.907+0000] {processor.py:753} INFO - DAG(s) dict_keys(['example_branch_operator']) retrieved from /home/airflow/.local/lib/python3.7/site-packages/airflow/example_dags/example_branch_operator.py
[2023-02-09T23:03:20.944+0000] {logging_mixin.py:137} INFO - [2023-02-09T23:03:20.944+0000] {dag.py:2690} INFO - Sync 1 DAGs
[2023-02-09T23:03:20.979+0000] {logging_mixin.py:137} INFO - [2023-02-09T23:03:20.979+0000] {dag.py:3441} INFO - Setting next_dagrun for example_branch_operator to 2023-02-08T00:00:00+00:00, run_after=2023-02-09T00:00:00+00:00
[2023-02-09T23:03:21.010+0000] {processor.py:175} INFO - Processing /home/airflow/.local/lib/python3.7/site-packages/airflow/example_dags/example_branch_operator.py took 0.128 seconds
[2023-02-09T23:03:51.601+0000] {processor.py:153} INFO - Started process (PID=3017) to work on /home/airflow/.local/lib/python3.7/site-packages/airflow/example_dags/example_branch_operator.py
[2023-02-09T23:03:51.602+0000] {processor.py:743} INFO - Processing file /home/airflow/.local/lib/python3.7/site-packages/airflow/example_dags/example_branch_operator.py for tasks to queue
[2023-02-09T23:03:51.603+0000] {logging_mixin.py:137} INFO - [2023-02-09T23:03:51.603+0000] {dagbag.py:538} INFO - Filling up the DagBag from /home/airflow/.local/lib/python3.7/site-packages/airflow/example_dags/example_branch_operator.py
[2023-02-09T23:03:51.623+0000] {processor.py:753} INFO - DAG(s) dict_keys(['example_branch_operator']) retrieved from /home/airflow/.local/lib/python3.7/site-packages/airflow/example_dags/example_branch_operator.py
[2023-02-09T23:03:51.659+0000] {logging_mixin.py:137} INFO - [2023-02-09T23:03:51.658+0000] {dag.py:2690} INFO - Sync 1 DAGs
[2023-02-09T23:03:51.688+0000] {logging_mixin.py:137} INFO - [2023-02-09T23:03:51.688+0000] {dag.py:3441} INFO - Setting next_dagrun for example_branch_operator to 2023-02-08T00:00:00+00:00, run_after=2023-02-09T00:00:00+00:00
[2023-02-09T23:03:51.721+0000] {processor.py:175} INFO - Processing /home/airflow/.local/lib/python3.7/site-packages/airflow/example_dags/example_branch_operator.py took 0.124 seconds
[2023-02-09T23:04:21.856+0000] {processor.py:153} INFO - Started process (PID=3095) to work on /home/airflow/.local/lib/python3.7/site-packages/airflow/example_dags/example_branch_operator.py
[2023-02-09T23:04:21.858+0000] {processor.py:743} INFO - Processing file /home/airflow/.local/lib/python3.7/site-packages/airflow/example_dags/example_branch_operator.py for tasks to queue
[2023-02-09T23:04:21.858+0000] {logging_mixin.py:137} INFO - [2023-02-09T23:04:21.858+0000] {dagbag.py:538} INFO - Filling up the DagBag from /home/airflow/.local/lib/python3.7/site-packages/airflow/example_dags/example_branch_operator.py
[2023-02-09T23:04:21.878+0000] {processor.py:753} INFO - DAG(s) dict_keys(['example_branch_operator']) retrieved from /home/airflow/.local/lib/python3.7/site-packages/airflow/example_dags/example_branch_operator.py
[2023-02-09T23:04:21.909+0000] {logging_mixin.py:137} INFO - [2023-02-09T23:04:21.909+0000] {dag.py:2690} INFO - Sync 1 DAGs
[2023-02-09T23:04:21.940+0000] {logging_mixin.py:137} INFO - [2023-02-09T23:04:21.940+0000] {dag.py:3441} INFO - Setting next_dagrun for example_branch_operator to 2023-02-08T00:00:00+00:00, run_after=2023-02-09T00:00:00+00:00
[2023-02-09T23:04:21.970+0000] {processor.py:175} INFO - Processing /home/airflow/.local/lib/python3.7/site-packages/airflow/example_dags/example_branch_operator.py took 0.119 seconds
[2023-02-09T23:04:51.992+0000] {processor.py:153} INFO - Started process (PID=3159) to work on /home/airflow/.local/lib/python3.7/site-packages/airflow/example_dags/example_branch_operator.py
[2023-02-09T23:04:51.994+0000] {processor.py:743} INFO - Processing file /home/airflow/.local/lib/python3.7/site-packages/airflow/example_dags/example_branch_operator.py for tasks to queue
[2023-02-09T23:04:51.995+0000] {logging_mixin.py:137} INFO - [2023-02-09T23:04:51.995+0000] {dagbag.py:538} INFO - Filling up the DagBag from /home/airflow/.local/lib/python3.7/site-packages/airflow/example_dags/example_branch_operator.py
[2023-02-09T23:04:52.019+0000] {processor.py:753} INFO - DAG(s) dict_keys(['example_branch_operator']) retrieved from /home/airflow/.local/lib/python3.7/site-packages/airflow/example_dags/example_branch_operator.py
[2023-02-09T23:04:52.050+0000] {logging_mixin.py:137} INFO - [2023-02-09T23:04:52.049+0000] {dag.py:2690} INFO - Sync 1 DAGs
[2023-02-09T23:04:52.081+0000] {logging_mixin.py:137} INFO - [2023-02-09T23:04:52.081+0000] {dag.py:3441} INFO - Setting next_dagrun for example_branch_operator to 2023-02-08T00:00:00+00:00, run_after=2023-02-09T00:00:00+00:00
[2023-02-09T23:04:52.113+0000] {processor.py:175} INFO - Processing /home/airflow/.local/lib/python3.7/site-packages/airflow/example_dags/example_branch_operator.py took 0.126 seconds
[2023-02-09T23:05:22.950+0000] {processor.py:153} INFO - Started process (PID=3226) to work on /home/airflow/.local/lib/python3.7/site-packages/airflow/example_dags/example_branch_operator.py
[2023-02-09T23:05:22.952+0000] {processor.py:743} INFO - Processing file /home/airflow/.local/lib/python3.7/site-packages/airflow/example_dags/example_branch_operator.py for tasks to queue
[2023-02-09T23:05:22.952+0000] {logging_mixin.py:137} INFO - [2023-02-09T23:05:22.952+0000] {dagbag.py:538} INFO - Filling up the DagBag from /home/airflow/.local/lib/python3.7/site-packages/airflow/example_dags/example_branch_operator.py
[2023-02-09T23:05:22.972+0000] {processor.py:753} INFO - DAG(s) dict_keys(['example_branch_operator']) retrieved from /home/airflow/.local/lib/python3.7/site-packages/airflow/example_dags/example_branch_operator.py
[2023-02-09T23:05:23.002+0000] {logging_mixin.py:137} INFO - [2023-02-09T23:05:23.002+0000] {dag.py:2690} INFO - Sync 1 DAGs
[2023-02-09T23:05:23.034+0000] {logging_mixin.py:137} INFO - [2023-02-09T23:05:23.033+0000] {dag.py:3441} INFO - Setting next_dagrun for example_branch_operator to 2023-02-08T00:00:00+00:00, run_after=2023-02-09T00:00:00+00:00
[2023-02-09T23:05:23.072+0000] {processor.py:175} INFO - Processing /home/airflow/.local/lib/python3.7/site-packages/airflow/example_dags/example_branch_operator.py took 0.126 seconds
[2023-02-09T23:05:53.789+0000] {processor.py:153} INFO - Started process (PID=3302) to work on /home/airflow/.local/lib/python3.7/site-packages/airflow/example_dags/example_branch_operator.py
[2023-02-09T23:05:53.790+0000] {processor.py:743} INFO - Processing file /home/airflow/.local/lib/python3.7/site-packages/airflow/example_dags/example_branch_operator.py for tasks to queue
[2023-02-09T23:05:53.790+0000] {logging_mixin.py:137} INFO - [2023-02-09T23:05:53.790+0000] {dagbag.py:538} INFO - Filling up the DagBag from /home/airflow/.local/lib/python3.7/site-packages/airflow/example_dags/example_branch_operator.py
[2023-02-09T23:05:53.809+0000] {processor.py:753} INFO - DAG(s) dict_keys(['example_branch_operator']) retrieved from /home/airflow/.local/lib/python3.7/site-packages/airflow/example_dags/example_branch_operator.py
[2023-02-09T23:05:53.839+0000] {logging_mixin.py:137} INFO - [2023-02-09T23:05:53.839+0000] {dag.py:2690} INFO - Sync 1 DAGs
[2023-02-09T23:05:53.879+0000] {logging_mixin.py:137} INFO - [2023-02-09T23:05:53.878+0000] {dag.py:3441} INFO - Setting next_dagrun for example_branch_operator to 2023-02-08T00:00:00+00:00, run_after=2023-02-09T00:00:00+00:00
[2023-02-09T23:05:53.909+0000] {processor.py:175} INFO - Processing /home/airflow/.local/lib/python3.7/site-packages/airflow/example_dags/example_branch_operator.py took 0.124 seconds
[2023-02-09T23:06:24.261+0000] {processor.py:153} INFO - Started process (PID=3368) to work on /home/airflow/.local/lib/python3.7/site-packages/airflow/example_dags/example_branch_operator.py
[2023-02-09T23:06:24.262+0000] {processor.py:743} INFO - Processing file /home/airflow/.local/lib/python3.7/site-packages/airflow/example_dags/example_branch_operator.py for tasks to queue
[2023-02-09T23:06:24.263+0000] {logging_mixin.py:137} INFO - [2023-02-09T23:06:24.263+0000] {dagbag.py:538} INFO - Filling up the DagBag from /home/airflow/.local/lib/python3.7/site-packages/airflow/example_dags/example_branch_operator.py
[2023-02-09T23:06:24.282+0000] {processor.py:753} INFO - DAG(s) dict_keys(['example_branch_operator']) retrieved from /home/airflow/.local/lib/python3.7/site-packages/airflow/example_dags/example_branch_operator.py
[2023-02-09T23:06:24.313+0000] {logging_mixin.py:137} INFO - [2023-02-09T23:06:24.312+0000] {dag.py:2690} INFO - Sync 1 DAGs
[2023-02-09T23:06:24.344+0000] {logging_mixin.py:137} INFO - [2023-02-09T23:06:24.344+0000] {dag.py:3441} INFO - Setting next_dagrun for example_branch_operator to 2023-02-08T00:00:00+00:00, run_after=2023-02-09T00:00:00+00:00
[2023-02-09T23:06:24.372+0000] {processor.py:175} INFO - Processing /home/airflow/.local/lib/python3.7/site-packages/airflow/example_dags/example_branch_operator.py took 0.115 seconds
[2023-02-09T23:06:54.714+0000] {processor.py:153} INFO - Started process (PID=3445) to work on /home/airflow/.local/lib/python3.7/site-packages/airflow/example_dags/example_branch_operator.py
[2023-02-09T23:06:54.715+0000] {processor.py:743} INFO - Processing file /home/airflow/.local/lib/python3.7/site-packages/airflow/example_dags/example_branch_operator.py for tasks to queue
[2023-02-09T23:06:54.716+0000] {logging_mixin.py:137} INFO - [2023-02-09T23:06:54.716+0000] {dagbag.py:538} INFO - Filling up the DagBag from /home/airflow/.local/lib/python3.7/site-packages/airflow/example_dags/example_branch_operator.py
[2023-02-09T23:06:54.744+0000] {processor.py:753} INFO - DAG(s) dict_keys(['example_branch_operator']) retrieved from /home/airflow/.local/lib/python3.7/site-packages/airflow/example_dags/example_branch_operator.py
[2023-02-09T23:06:54.788+0000] {logging_mixin.py:137} INFO - [2023-02-09T23:06:54.788+0000] {dag.py:2690} INFO - Sync 1 DAGs
[2023-02-09T23:06:54.834+0000] {logging_mixin.py:137} INFO - [2023-02-09T23:06:54.834+0000] {dag.py:3441} INFO - Setting next_dagrun for example_branch_operator to 2023-02-08T00:00:00+00:00, run_after=2023-02-09T00:00:00+00:00
[2023-02-09T23:06:54.892+0000] {processor.py:175} INFO - Processing /home/airflow/.local/lib/python3.7/site-packages/airflow/example_dags/example_branch_operator.py took 0.184 seconds
[2023-02-09T23:07:25.620+0000] {processor.py:153} INFO - Started process (PID=3513) to work on /home/airflow/.local/lib/python3.7/site-packages/airflow/example_dags/example_branch_operator.py
[2023-02-09T23:07:25.621+0000] {processor.py:743} INFO - Processing file /home/airflow/.local/lib/python3.7/site-packages/airflow/example_dags/example_branch_operator.py for tasks to queue
[2023-02-09T23:07:25.622+0000] {logging_mixin.py:137} INFO - [2023-02-09T23:07:25.622+0000] {dagbag.py:538} INFO - Filling up the DagBag from /home/airflow/.local/lib/python3.7/site-packages/airflow/example_dags/example_branch_operator.py
[2023-02-09T23:07:25.641+0000] {processor.py:753} INFO - DAG(s) dict_keys(['example_branch_operator']) retrieved from /home/airflow/.local/lib/python3.7/site-packages/airflow/example_dags/example_branch_operator.py
[2023-02-09T23:07:25.673+0000] {logging_mixin.py:137} INFO - [2023-02-09T23:07:25.672+0000] {dag.py:2690} INFO - Sync 1 DAGs
[2023-02-09T23:07:25.701+0000] {logging_mixin.py:137} INFO - [2023-02-09T23:07:25.701+0000] {dag.py:3441} INFO - Setting next_dagrun for example_branch_operator to 2023-02-08T00:00:00+00:00, run_after=2023-02-09T00:00:00+00:00
[2023-02-09T23:07:25.737+0000] {processor.py:175} INFO - Processing /home/airflow/.local/lib/python3.7/site-packages/airflow/example_dags/example_branch_operator.py took 0.122 seconds
[2023-02-09T23:07:56.420+0000] {processor.py:153} INFO - Started process (PID=3579) to work on /home/airflow/.local/lib/python3.7/site-packages/airflow/example_dags/example_branch_operator.py
[2023-02-09T23:07:56.422+0000] {processor.py:743} INFO - Processing file /home/airflow/.local/lib/python3.7/site-packages/airflow/example_dags/example_branch_operator.py for tasks to queue
[2023-02-09T23:07:56.423+0000] {logging_mixin.py:137} INFO - [2023-02-09T23:07:56.423+0000] {dagbag.py:538} INFO - Filling up the DagBag from /home/airflow/.local/lib/python3.7/site-packages/airflow/example_dags/example_branch_operator.py
[2023-02-09T23:07:56.452+0000] {processor.py:753} INFO - DAG(s) dict_keys(['example_branch_operator']) retrieved from /home/airflow/.local/lib/python3.7/site-packages/airflow/example_dags/example_branch_operator.py
[2023-02-09T23:07:56.491+0000] {logging_mixin.py:137} INFO - [2023-02-09T23:07:56.491+0000] {dag.py:2690} INFO - Sync 1 DAGs
[2023-02-09T23:07:56.540+0000] {logging_mixin.py:137} INFO - [2023-02-09T23:07:56.539+0000] {dag.py:3441} INFO - Setting next_dagrun for example_branch_operator to 2023-02-08T00:00:00+00:00, run_after=2023-02-09T00:00:00+00:00
[2023-02-09T23:07:56.583+0000] {processor.py:175} INFO - Processing /home/airflow/.local/lib/python3.7/site-packages/airflow/example_dags/example_branch_operator.py took 0.168 seconds
[2023-02-09T23:08:27.612+0000] {processor.py:153} INFO - Started process (PID=3657) to work on /home/airflow/.local/lib/python3.7/site-packages/airflow/example_dags/example_branch_operator.py
[2023-02-09T23:08:27.621+0000] {processor.py:743} INFO - Processing file /home/airflow/.local/lib/python3.7/site-packages/airflow/example_dags/example_branch_operator.py for tasks to queue
[2023-02-09T23:08:27.622+0000] {logging_mixin.py:137} INFO - [2023-02-09T23:08:27.622+0000] {dagbag.py:538} INFO - Filling up the DagBag from /home/airflow/.local/lib/python3.7/site-packages/airflow/example_dags/example_branch_operator.py
[2023-02-09T23:08:27.649+0000] {processor.py:753} INFO - DAG(s) dict_keys(['example_branch_operator']) retrieved from /home/airflow/.local/lib/python3.7/site-packages/airflow/example_dags/example_branch_operator.py
[2023-02-09T23:08:27.689+0000] {logging_mixin.py:137} INFO - [2023-02-09T23:08:27.688+0000] {dag.py:2690} INFO - Sync 1 DAGs
[2023-02-09T23:08:27.718+0000] {logging_mixin.py:137} INFO - [2023-02-09T23:08:27.718+0000] {dag.py:3441} INFO - Setting next_dagrun for example_branch_operator to 2023-02-08T00:00:00+00:00, run_after=2023-02-09T00:00:00+00:00
[2023-02-09T23:08:27.746+0000] {processor.py:175} INFO - Processing /home/airflow/.local/lib/python3.7/site-packages/airflow/example_dags/example_branch_operator.py took 0.138 seconds
[2023-02-09T23:08:57.951+0000] {processor.py:153} INFO - Started process (PID=3723) to work on /home/airflow/.local/lib/python3.7/site-packages/airflow/example_dags/example_branch_operator.py
[2023-02-09T23:08:57.955+0000] {processor.py:743} INFO - Processing file /home/airflow/.local/lib/python3.7/site-packages/airflow/example_dags/example_branch_operator.py for tasks to queue
[2023-02-09T23:08:57.956+0000] {logging_mixin.py:137} INFO - [2023-02-09T23:08:57.956+0000] {dagbag.py:538} INFO - Filling up the DagBag from /home/airflow/.local/lib/python3.7/site-packages/airflow/example_dags/example_branch_operator.py
[2023-02-09T23:08:57.983+0000] {processor.py:753} INFO - DAG(s) dict_keys(['example_branch_operator']) retrieved from /home/airflow/.local/lib/python3.7/site-packages/airflow/example_dags/example_branch_operator.py
[2023-02-09T23:08:58.059+0000] {logging_mixin.py:137} INFO - [2023-02-09T23:08:58.059+0000] {dag.py:2690} INFO - Sync 1 DAGs
[2023-02-09T23:08:58.148+0000] {logging_mixin.py:137} INFO - [2023-02-09T23:08:58.148+0000] {dag.py:3441} INFO - Setting next_dagrun for example_branch_operator to 2023-02-08T00:00:00+00:00, run_after=2023-02-09T00:00:00+00:00
[2023-02-09T23:08:58.194+0000] {processor.py:175} INFO - Processing /home/airflow/.local/lib/python3.7/site-packages/airflow/example_dags/example_branch_operator.py took 0.250 seconds
[2023-02-09T23:09:28.762+0000] {processor.py:153} INFO - Started process (PID=3800) to work on /home/airflow/.local/lib/python3.7/site-packages/airflow/example_dags/example_branch_operator.py
[2023-02-09T23:09:28.764+0000] {processor.py:743} INFO - Processing file /home/airflow/.local/lib/python3.7/site-packages/airflow/example_dags/example_branch_operator.py for tasks to queue
[2023-02-09T23:09:28.765+0000] {logging_mixin.py:137} INFO - [2023-02-09T23:09:28.764+0000] {dagbag.py:538} INFO - Filling up the DagBag from /home/airflow/.local/lib/python3.7/site-packages/airflow/example_dags/example_branch_operator.py
[2023-02-09T23:09:28.792+0000] {processor.py:753} INFO - DAG(s) dict_keys(['example_branch_operator']) retrieved from /home/airflow/.local/lib/python3.7/site-packages/airflow/example_dags/example_branch_operator.py
[2023-02-09T23:09:28.835+0000] {logging_mixin.py:137} INFO - [2023-02-09T23:09:28.835+0000] {dag.py:2690} INFO - Sync 1 DAGs
[2023-02-09T23:09:28.878+0000] {logging_mixin.py:137} INFO - [2023-02-09T23:09:28.878+0000] {dag.py:3441} INFO - Setting next_dagrun for example_branch_operator to 2023-02-08T00:00:00+00:00, run_after=2023-02-09T00:00:00+00:00
[2023-02-09T23:09:28.913+0000] {processor.py:175} INFO - Processing /home/airflow/.local/lib/python3.7/site-packages/airflow/example_dags/example_branch_operator.py took 0.157 seconds
[2023-02-09T23:09:59.038+0000] {processor.py:153} INFO - Started process (PID=3865) to work on /home/airflow/.local/lib/python3.7/site-packages/airflow/example_dags/example_branch_operator.py
[2023-02-09T23:09:59.039+0000] {processor.py:743} INFO - Processing file /home/airflow/.local/lib/python3.7/site-packages/airflow/example_dags/example_branch_operator.py for tasks to queue
[2023-02-09T23:09:59.040+0000] {logging_mixin.py:137} INFO - [2023-02-09T23:09:59.040+0000] {dagbag.py:538} INFO - Filling up the DagBag from /home/airflow/.local/lib/python3.7/site-packages/airflow/example_dags/example_branch_operator.py
[2023-02-09T23:09:59.059+0000] {processor.py:753} INFO - DAG(s) dict_keys(['example_branch_operator']) retrieved from /home/airflow/.local/lib/python3.7/site-packages/airflow/example_dags/example_branch_operator.py
[2023-02-09T23:09:59.092+0000] {logging_mixin.py:137} INFO - [2023-02-09T23:09:59.092+0000] {dag.py:2690} INFO - Sync 1 DAGs
[2023-02-09T23:09:59.121+0000] {logging_mixin.py:137} INFO - [2023-02-09T23:09:59.121+0000] {dag.py:3441} INFO - Setting next_dagrun for example_branch_operator to 2023-02-08T00:00:00+00:00, run_after=2023-02-09T00:00:00+00:00
[2023-02-09T23:09:59.153+0000] {processor.py:175} INFO - Processing /home/airflow/.local/lib/python3.7/site-packages/airflow/example_dags/example_branch_operator.py took 0.119 seconds
[2023-02-09T23:10:29.342+0000] {processor.py:153} INFO - Started process (PID=3930) to work on /home/airflow/.local/lib/python3.7/site-packages/airflow/example_dags/example_branch_operator.py
[2023-02-09T23:10:29.343+0000] {processor.py:743} INFO - Processing file /home/airflow/.local/lib/python3.7/site-packages/airflow/example_dags/example_branch_operator.py for tasks to queue
[2023-02-09T23:10:29.344+0000] {logging_mixin.py:137} INFO - [2023-02-09T23:10:29.343+0000] {dagbag.py:538} INFO - Filling up the DagBag from /home/airflow/.local/lib/python3.7/site-packages/airflow/example_dags/example_branch_operator.py
[2023-02-09T23:10:29.364+0000] {processor.py:753} INFO - DAG(s) dict_keys(['example_branch_operator']) retrieved from /home/airflow/.local/lib/python3.7/site-packages/airflow/example_dags/example_branch_operator.py
[2023-02-09T23:10:29.405+0000] {logging_mixin.py:137} INFO - [2023-02-09T23:10:29.405+0000] {dag.py:2690} INFO - Sync 1 DAGs
[2023-02-09T23:10:29.452+0000] {logging_mixin.py:137} INFO - [2023-02-09T23:10:29.452+0000] {dag.py:3441} INFO - Setting next_dagrun for example_branch_operator to 2023-02-08T00:00:00+00:00, run_after=2023-02-09T00:00:00+00:00
[2023-02-09T23:10:29.489+0000] {processor.py:175} INFO - Processing /home/airflow/.local/lib/python3.7/site-packages/airflow/example_dags/example_branch_operator.py took 0.152 seconds
[2023-02-09T23:11:00.181+0000] {processor.py:153} INFO - Started process (PID=4007) to work on /home/airflow/.local/lib/python3.7/site-packages/airflow/example_dags/example_branch_operator.py
[2023-02-09T23:11:00.182+0000] {processor.py:743} INFO - Processing file /home/airflow/.local/lib/python3.7/site-packages/airflow/example_dags/example_branch_operator.py for tasks to queue
[2023-02-09T23:11:00.183+0000] {logging_mixin.py:137} INFO - [2023-02-09T23:11:00.183+0000] {dagbag.py:538} INFO - Filling up the DagBag from /home/airflow/.local/lib/python3.7/site-packages/airflow/example_dags/example_branch_operator.py
[2023-02-09T23:11:00.202+0000] {processor.py:753} INFO - DAG(s) dict_keys(['example_branch_operator']) retrieved from /home/airflow/.local/lib/python3.7/site-packages/airflow/example_dags/example_branch_operator.py
[2023-02-09T23:11:00.238+0000] {logging_mixin.py:137} INFO - [2023-02-09T23:11:00.238+0000] {dag.py:2690} INFO - Sync 1 DAGs
[2023-02-09T23:11:00.274+0000] {logging_mixin.py:137} INFO - [2023-02-09T23:11:00.273+0000] {dag.py:3441} INFO - Setting next_dagrun for example_branch_operator to 2023-02-08T00:00:00+00:00, run_after=2023-02-09T00:00:00+00:00
[2023-02-09T23:11:00.301+0000] {processor.py:175} INFO - Processing /home/airflow/.local/lib/python3.7/site-packages/airflow/example_dags/example_branch_operator.py took 0.125 seconds
[2023-02-09T23:11:30.878+0000] {processor.py:153} INFO - Started process (PID=4072) to work on /home/airflow/.local/lib/python3.7/site-packages/airflow/example_dags/example_branch_operator.py
[2023-02-09T23:11:30.879+0000] {processor.py:743} INFO - Processing file /home/airflow/.local/lib/python3.7/site-packages/airflow/example_dags/example_branch_operator.py for tasks to queue
[2023-02-09T23:11:30.880+0000] {logging_mixin.py:137} INFO - [2023-02-09T23:11:30.880+0000] {dagbag.py:538} INFO - Filling up the DagBag from /home/airflow/.local/lib/python3.7/site-packages/airflow/example_dags/example_branch_operator.py
[2023-02-09T23:11:30.906+0000] {processor.py:753} INFO - DAG(s) dict_keys(['example_branch_operator']) retrieved from /home/airflow/.local/lib/python3.7/site-packages/airflow/example_dags/example_branch_operator.py
[2023-02-09T23:11:30.950+0000] {logging_mixin.py:137} INFO - [2023-02-09T23:11:30.950+0000] {dag.py:2690} INFO - Sync 1 DAGs
[2023-02-09T23:11:30.987+0000] {logging_mixin.py:137} INFO - [2023-02-09T23:11:30.987+0000] {dag.py:3441} INFO - Setting next_dagrun for example_branch_operator to 2023-02-08T00:00:00+00:00, run_after=2023-02-09T00:00:00+00:00
[2023-02-09T23:11:31.039+0000] {processor.py:175} INFO - Processing /home/airflow/.local/lib/python3.7/site-packages/airflow/example_dags/example_branch_operator.py took 0.167 seconds
