[2023-02-09T22:42:27.483+0000] {processor.py:153} INFO - Started process (PID=93) to work on /home/airflow/.local/lib/python3.7/site-packages/airflow/example_dags/example_skip_dag.py
[2023-02-09T22:42:27.484+0000] {processor.py:743} INFO - Processing file /home/airflow/.local/lib/python3.7/site-packages/airflow/example_dags/example_skip_dag.py for tasks to queue
[2023-02-09T22:42:27.485+0000] {logging_mixin.py:137} INFO - [2023-02-09T22:42:27.485+0000] {dagbag.py:538} INFO - Filling up the DagBag from /home/airflow/.local/lib/python3.7/site-packages/airflow/example_dags/example_skip_dag.py
[2023-02-09T22:42:27.507+0000] {processor.py:753} INFO - DAG(s) dict_keys(['example_skip_dag']) retrieved from /home/airflow/.local/lib/python3.7/site-packages/airflow/example_dags/example_skip_dag.py
[2023-02-09T22:42:27.567+0000] {logging_mixin.py:137} INFO - [2023-02-09T22:42:27.567+0000] {dag.py:2690} INFO - Sync 1 DAGs
[2023-02-09T22:42:27.610+0000] {logging_mixin.py:137} INFO - [2023-02-09T22:42:27.609+0000] {dag.py:3441} INFO - Setting next_dagrun for example_skip_dag to 2023-02-08T22:42:27.609441+00:00, run_after=2023-02-09T22:42:27.609441+00:00
[2023-02-09T22:42:27.651+0000] {processor.py:175} INFO - Processing /home/airflow/.local/lib/python3.7/site-packages/airflow/example_dags/example_skip_dag.py took 0.175 seconds
[2023-02-09T22:42:58.432+0000] {processor.py:153} INFO - Started process (PID=167) to work on /home/airflow/.local/lib/python3.7/site-packages/airflow/example_dags/example_skip_dag.py
[2023-02-09T22:42:58.434+0000] {processor.py:743} INFO - Processing file /home/airflow/.local/lib/python3.7/site-packages/airflow/example_dags/example_skip_dag.py for tasks to queue
[2023-02-09T22:42:58.435+0000] {logging_mixin.py:137} INFO - [2023-02-09T22:42:58.434+0000] {dagbag.py:538} INFO - Filling up the DagBag from /home/airflow/.local/lib/python3.7/site-packages/airflow/example_dags/example_skip_dag.py
[2023-02-09T22:42:58.458+0000] {processor.py:753} INFO - DAG(s) dict_keys(['example_skip_dag']) retrieved from /home/airflow/.local/lib/python3.7/site-packages/airflow/example_dags/example_skip_dag.py
[2023-02-09T22:42:58.505+0000] {logging_mixin.py:137} INFO - [2023-02-09T22:42:58.504+0000] {dag.py:2690} INFO - Sync 1 DAGs
[2023-02-09T22:42:58.549+0000] {logging_mixin.py:137} INFO - [2023-02-09T22:42:58.548+0000] {dag.py:3441} INFO - Setting next_dagrun for example_skip_dag to 2023-02-08T22:42:58.548304+00:00, run_after=2023-02-09T22:42:58.548304+00:00
[2023-02-09T22:42:58.585+0000] {processor.py:175} INFO - Processing /home/airflow/.local/lib/python3.7/site-packages/airflow/example_dags/example_skip_dag.py took 0.158 seconds
[2023-02-09T22:43:29.070+0000] {processor.py:153} INFO - Started process (PID=238) to work on /home/airflow/.local/lib/python3.7/site-packages/airflow/example_dags/example_skip_dag.py
[2023-02-09T22:43:29.071+0000] {processor.py:743} INFO - Processing file /home/airflow/.local/lib/python3.7/site-packages/airflow/example_dags/example_skip_dag.py for tasks to queue
[2023-02-09T22:43:29.072+0000] {logging_mixin.py:137} INFO - [2023-02-09T22:43:29.072+0000] {dagbag.py:538} INFO - Filling up the DagBag from /home/airflow/.local/lib/python3.7/site-packages/airflow/example_dags/example_skip_dag.py
[2023-02-09T22:43:29.094+0000] {processor.py:753} INFO - DAG(s) dict_keys(['example_skip_dag']) retrieved from /home/airflow/.local/lib/python3.7/site-packages/airflow/example_dags/example_skip_dag.py
[2023-02-09T22:43:29.129+0000] {logging_mixin.py:137} INFO - [2023-02-09T22:43:29.129+0000] {dag.py:2690} INFO - Sync 1 DAGs
[2023-02-09T22:43:29.155+0000] {logging_mixin.py:137} INFO - [2023-02-09T22:43:29.155+0000] {dag.py:3441} INFO - Setting next_dagrun for example_skip_dag to 2023-02-08T22:43:29.155339+00:00, run_after=2023-02-09T22:43:29.155339+00:00
[2023-02-09T22:43:29.186+0000] {processor.py:175} INFO - Processing /home/airflow/.local/lib/python3.7/site-packages/airflow/example_dags/example_skip_dag.py took 0.122 seconds
[2023-02-09T22:43:59.554+0000] {processor.py:153} INFO - Started process (PID=303) to work on /home/airflow/.local/lib/python3.7/site-packages/airflow/example_dags/example_skip_dag.py
[2023-02-09T22:43:59.555+0000] {processor.py:743} INFO - Processing file /home/airflow/.local/lib/python3.7/site-packages/airflow/example_dags/example_skip_dag.py for tasks to queue
[2023-02-09T22:43:59.555+0000] {logging_mixin.py:137} INFO - [2023-02-09T22:43:59.555+0000] {dagbag.py:538} INFO - Filling up the DagBag from /home/airflow/.local/lib/python3.7/site-packages/airflow/example_dags/example_skip_dag.py
[2023-02-09T22:43:59.572+0000] {processor.py:753} INFO - DAG(s) dict_keys(['example_skip_dag']) retrieved from /home/airflow/.local/lib/python3.7/site-packages/airflow/example_dags/example_skip_dag.py
[2023-02-09T22:43:59.605+0000] {logging_mixin.py:137} INFO - [2023-02-09T22:43:59.604+0000] {dag.py:2690} INFO - Sync 1 DAGs
[2023-02-09T22:43:59.635+0000] {logging_mixin.py:137} INFO - [2023-02-09T22:43:59.635+0000] {dag.py:3441} INFO - Setting next_dagrun for example_skip_dag to 2023-02-08T22:43:59.634973+00:00, run_after=2023-02-09T22:43:59.634973+00:00
[2023-02-09T22:43:59.665+0000] {processor.py:175} INFO - Processing /home/airflow/.local/lib/python3.7/site-packages/airflow/example_dags/example_skip_dag.py took 0.116 seconds
[2023-02-09T22:44:31.298+0000] {processor.py:153} INFO - Started process (PID=382) to work on /home/airflow/.local/lib/python3.7/site-packages/airflow/example_dags/example_skip_dag.py
[2023-02-09T22:44:31.299+0000] {processor.py:743} INFO - Processing file /home/airflow/.local/lib/python3.7/site-packages/airflow/example_dags/example_skip_dag.py for tasks to queue
[2023-02-09T22:44:31.300+0000] {logging_mixin.py:137} INFO - [2023-02-09T22:44:31.300+0000] {dagbag.py:538} INFO - Filling up the DagBag from /home/airflow/.local/lib/python3.7/site-packages/airflow/example_dags/example_skip_dag.py
[2023-02-09T22:44:31.322+0000] {processor.py:753} INFO - DAG(s) dict_keys(['example_skip_dag']) retrieved from /home/airflow/.local/lib/python3.7/site-packages/airflow/example_dags/example_skip_dag.py
[2023-02-09T22:44:31.361+0000] {logging_mixin.py:137} INFO - [2023-02-09T22:44:31.361+0000] {dag.py:2690} INFO - Sync 1 DAGs
[2023-02-09T22:44:31.413+0000] {logging_mixin.py:137} INFO - [2023-02-09T22:44:31.412+0000] {dag.py:3441} INFO - Setting next_dagrun for example_skip_dag to 2023-02-08T22:44:31.412447+00:00, run_after=2023-02-09T22:44:31.412447+00:00
[2023-02-09T22:44:31.450+0000] {processor.py:175} INFO - Processing /home/airflow/.local/lib/python3.7/site-packages/airflow/example_dags/example_skip_dag.py took 0.158 seconds
[2023-02-09T22:45:01.774+0000] {processor.py:153} INFO - Started process (PID=447) to work on /home/airflow/.local/lib/python3.7/site-packages/airflow/example_dags/example_skip_dag.py
[2023-02-09T22:45:01.775+0000] {processor.py:743} INFO - Processing file /home/airflow/.local/lib/python3.7/site-packages/airflow/example_dags/example_skip_dag.py for tasks to queue
[2023-02-09T22:45:01.776+0000] {logging_mixin.py:137} INFO - [2023-02-09T22:45:01.775+0000] {dagbag.py:538} INFO - Filling up the DagBag from /home/airflow/.local/lib/python3.7/site-packages/airflow/example_dags/example_skip_dag.py
[2023-02-09T22:45:01.793+0000] {processor.py:753} INFO - DAG(s) dict_keys(['example_skip_dag']) retrieved from /home/airflow/.local/lib/python3.7/site-packages/airflow/example_dags/example_skip_dag.py
[2023-02-09T22:45:01.826+0000] {logging_mixin.py:137} INFO - [2023-02-09T22:45:01.826+0000] {dag.py:2690} INFO - Sync 1 DAGs
[2023-02-09T22:45:01.855+0000] {logging_mixin.py:137} INFO - [2023-02-09T22:45:01.854+0000] {dag.py:3441} INFO - Setting next_dagrun for example_skip_dag to 2023-02-08T22:45:01.854521+00:00, run_after=2023-02-09T22:45:01.854521+00:00
[2023-02-09T22:45:01.880+0000] {processor.py:175} INFO - Processing /home/airflow/.local/lib/python3.7/site-packages/airflow/example_dags/example_skip_dag.py took 0.111 seconds
[2023-02-09T22:45:32.174+0000] {processor.py:153} INFO - Started process (PID=512) to work on /home/airflow/.local/lib/python3.7/site-packages/airflow/example_dags/example_skip_dag.py
[2023-02-09T22:45:32.179+0000] {processor.py:743} INFO - Processing file /home/airflow/.local/lib/python3.7/site-packages/airflow/example_dags/example_skip_dag.py for tasks to queue
[2023-02-09T22:45:32.180+0000] {logging_mixin.py:137} INFO - [2023-02-09T22:45:32.179+0000] {dagbag.py:538} INFO - Filling up the DagBag from /home/airflow/.local/lib/python3.7/site-packages/airflow/example_dags/example_skip_dag.py
[2023-02-09T22:45:32.205+0000] {processor.py:753} INFO - DAG(s) dict_keys(['example_skip_dag']) retrieved from /home/airflow/.local/lib/python3.7/site-packages/airflow/example_dags/example_skip_dag.py
[2023-02-09T22:45:32.236+0000] {logging_mixin.py:137} INFO - [2023-02-09T22:45:32.235+0000] {dag.py:2690} INFO - Sync 1 DAGs
[2023-02-09T22:45:32.263+0000] {logging_mixin.py:137} INFO - [2023-02-09T22:45:32.262+0000] {dag.py:3441} INFO - Setting next_dagrun for example_skip_dag to 2023-02-08T22:45:32.262667+00:00, run_after=2023-02-09T22:45:32.262667+00:00
[2023-02-09T22:45:32.295+0000] {processor.py:175} INFO - Processing /home/airflow/.local/lib/python3.7/site-packages/airflow/example_dags/example_skip_dag.py took 0.125 seconds
[2023-02-09T22:46:02.849+0000] {processor.py:153} INFO - Started process (PID=589) to work on /home/airflow/.local/lib/python3.7/site-packages/airflow/example_dags/example_skip_dag.py
[2023-02-09T22:46:02.850+0000] {processor.py:743} INFO - Processing file /home/airflow/.local/lib/python3.7/site-packages/airflow/example_dags/example_skip_dag.py for tasks to queue
[2023-02-09T22:46:02.851+0000] {logging_mixin.py:137} INFO - [2023-02-09T22:46:02.851+0000] {dagbag.py:538} INFO - Filling up the DagBag from /home/airflow/.local/lib/python3.7/site-packages/airflow/example_dags/example_skip_dag.py
[2023-02-09T22:46:02.868+0000] {processor.py:753} INFO - DAG(s) dict_keys(['example_skip_dag']) retrieved from /home/airflow/.local/lib/python3.7/site-packages/airflow/example_dags/example_skip_dag.py
[2023-02-09T22:46:02.917+0000] {logging_mixin.py:137} INFO - [2023-02-09T22:46:02.917+0000] {dag.py:2690} INFO - Sync 1 DAGs
[2023-02-09T22:46:02.959+0000] {logging_mixin.py:137} INFO - [2023-02-09T22:46:02.959+0000] {dag.py:3441} INFO - Setting next_dagrun for example_skip_dag to 2023-02-08T22:46:02.958800+00:00, run_after=2023-02-09T22:46:02.958800+00:00
[2023-02-09T22:46:02.994+0000] {processor.py:175} INFO - Processing /home/airflow/.local/lib/python3.7/site-packages/airflow/example_dags/example_skip_dag.py took 0.149 seconds
[2023-02-09T22:46:33.165+0000] {processor.py:153} INFO - Started process (PID=656) to work on /home/airflow/.local/lib/python3.7/site-packages/airflow/example_dags/example_skip_dag.py
[2023-02-09T22:46:33.166+0000] {processor.py:743} INFO - Processing file /home/airflow/.local/lib/python3.7/site-packages/airflow/example_dags/example_skip_dag.py for tasks to queue
[2023-02-09T22:46:33.167+0000] {logging_mixin.py:137} INFO - [2023-02-09T22:46:33.166+0000] {dagbag.py:538} INFO - Filling up the DagBag from /home/airflow/.local/lib/python3.7/site-packages/airflow/example_dags/example_skip_dag.py
[2023-02-09T22:46:33.182+0000] {processor.py:753} INFO - DAG(s) dict_keys(['example_skip_dag']) retrieved from /home/airflow/.local/lib/python3.7/site-packages/airflow/example_dags/example_skip_dag.py
[2023-02-09T22:46:33.211+0000] {logging_mixin.py:137} INFO - [2023-02-09T22:46:33.210+0000] {dag.py:2690} INFO - Sync 1 DAGs
[2023-02-09T22:46:33.247+0000] {logging_mixin.py:137} INFO - [2023-02-09T22:46:33.247+0000] {dag.py:3441} INFO - Setting next_dagrun for example_skip_dag to 2023-02-08T22:46:33.246918+00:00, run_after=2023-02-09T22:46:33.246918+00:00
[2023-02-09T22:46:33.276+0000] {processor.py:175} INFO - Processing /home/airflow/.local/lib/python3.7/site-packages/airflow/example_dags/example_skip_dag.py took 0.116 seconds
[2023-02-09T22:47:04.016+0000] {processor.py:153} INFO - Started process (PID=722) to work on /home/airflow/.local/lib/python3.7/site-packages/airflow/example_dags/example_skip_dag.py
[2023-02-09T22:47:04.017+0000] {processor.py:743} INFO - Processing file /home/airflow/.local/lib/python3.7/site-packages/airflow/example_dags/example_skip_dag.py for tasks to queue
[2023-02-09T22:47:04.018+0000] {logging_mixin.py:137} INFO - [2023-02-09T22:47:04.018+0000] {dagbag.py:538} INFO - Filling up the DagBag from /home/airflow/.local/lib/python3.7/site-packages/airflow/example_dags/example_skip_dag.py
[2023-02-09T22:47:04.045+0000] {processor.py:753} INFO - DAG(s) dict_keys(['example_skip_dag']) retrieved from /home/airflow/.local/lib/python3.7/site-packages/airflow/example_dags/example_skip_dag.py
[2023-02-09T22:47:04.084+0000] {logging_mixin.py:137} INFO - [2023-02-09T22:47:04.084+0000] {dag.py:2690} INFO - Sync 1 DAGs
[2023-02-09T22:47:04.129+0000] {logging_mixin.py:137} INFO - [2023-02-09T22:47:04.129+0000] {dag.py:3441} INFO - Setting next_dagrun for example_skip_dag to 2023-02-08T22:47:04.128673+00:00, run_after=2023-02-09T22:47:04.128673+00:00
[2023-02-09T22:47:04.163+0000] {processor.py:175} INFO - Processing /home/airflow/.local/lib/python3.7/site-packages/airflow/example_dags/example_skip_dag.py took 0.155 seconds
[2023-02-09T22:47:34.770+0000] {processor.py:153} INFO - Started process (PID=799) to work on /home/airflow/.local/lib/python3.7/site-packages/airflow/example_dags/example_skip_dag.py
[2023-02-09T22:47:34.772+0000] {processor.py:743} INFO - Processing file /home/airflow/.local/lib/python3.7/site-packages/airflow/example_dags/example_skip_dag.py for tasks to queue
[2023-02-09T22:47:34.772+0000] {logging_mixin.py:137} INFO - [2023-02-09T22:47:34.772+0000] {dagbag.py:538} INFO - Filling up the DagBag from /home/airflow/.local/lib/python3.7/site-packages/airflow/example_dags/example_skip_dag.py
[2023-02-09T22:47:34.794+0000] {processor.py:753} INFO - DAG(s) dict_keys(['example_skip_dag']) retrieved from /home/airflow/.local/lib/python3.7/site-packages/airflow/example_dags/example_skip_dag.py
[2023-02-09T22:47:34.825+0000] {logging_mixin.py:137} INFO - [2023-02-09T22:47:34.824+0000] {dag.py:2690} INFO - Sync 1 DAGs
[2023-02-09T22:47:34.857+0000] {logging_mixin.py:137} INFO - [2023-02-09T22:47:34.857+0000] {dag.py:3441} INFO - Setting next_dagrun for example_skip_dag to 2023-02-08T22:47:34.856936+00:00, run_after=2023-02-09T22:47:34.856936+00:00
[2023-02-09T22:47:34.885+0000] {processor.py:175} INFO - Processing /home/airflow/.local/lib/python3.7/site-packages/airflow/example_dags/example_skip_dag.py took 0.120 seconds
[2023-02-09T22:48:05.259+0000] {processor.py:153} INFO - Started process (PID=864) to work on /home/airflow/.local/lib/python3.7/site-packages/airflow/example_dags/example_skip_dag.py
[2023-02-09T22:48:05.260+0000] {processor.py:743} INFO - Processing file /home/airflow/.local/lib/python3.7/site-packages/airflow/example_dags/example_skip_dag.py for tasks to queue
[2023-02-09T22:48:05.261+0000] {logging_mixin.py:137} INFO - [2023-02-09T22:48:05.261+0000] {dagbag.py:538} INFO - Filling up the DagBag from /home/airflow/.local/lib/python3.7/site-packages/airflow/example_dags/example_skip_dag.py
[2023-02-09T22:48:05.283+0000] {processor.py:753} INFO - DAG(s) dict_keys(['example_skip_dag']) retrieved from /home/airflow/.local/lib/python3.7/site-packages/airflow/example_dags/example_skip_dag.py
[2023-02-09T22:48:05.325+0000] {logging_mixin.py:137} INFO - [2023-02-09T22:48:05.325+0000] {dag.py:2690} INFO - Sync 1 DAGs
[2023-02-09T22:48:05.355+0000] {logging_mixin.py:137} INFO - [2023-02-09T22:48:05.355+0000] {dag.py:3441} INFO - Setting next_dagrun for example_skip_dag to 2023-02-08T22:48:05.354998+00:00, run_after=2023-02-09T22:48:05.354998+00:00
[2023-02-09T22:48:05.387+0000] {processor.py:175} INFO - Processing /home/airflow/.local/lib/python3.7/site-packages/airflow/example_dags/example_skip_dag.py took 0.135 seconds
[2023-02-09T22:48:35.965+0000] {processor.py:153} INFO - Started process (PID=941) to work on /home/airflow/.local/lib/python3.7/site-packages/airflow/example_dags/example_skip_dag.py
[2023-02-09T22:48:35.967+0000] {processor.py:743} INFO - Processing file /home/airflow/.local/lib/python3.7/site-packages/airflow/example_dags/example_skip_dag.py for tasks to queue
[2023-02-09T22:48:35.968+0000] {logging_mixin.py:137} INFO - [2023-02-09T22:48:35.968+0000] {dagbag.py:538} INFO - Filling up the DagBag from /home/airflow/.local/lib/python3.7/site-packages/airflow/example_dags/example_skip_dag.py
[2023-02-09T22:48:35.989+0000] {processor.py:753} INFO - DAG(s) dict_keys(['example_skip_dag']) retrieved from /home/airflow/.local/lib/python3.7/site-packages/airflow/example_dags/example_skip_dag.py
[2023-02-09T22:48:36.022+0000] {logging_mixin.py:137} INFO - [2023-02-09T22:48:36.022+0000] {dag.py:2690} INFO - Sync 1 DAGs
[2023-02-09T22:48:36.062+0000] {logging_mixin.py:137} INFO - [2023-02-09T22:48:36.061+0000] {dag.py:3441} INFO - Setting next_dagrun for example_skip_dag to 2023-02-08T22:48:36.061650+00:00, run_after=2023-02-09T22:48:36.061650+00:00
[2023-02-09T22:48:36.096+0000] {processor.py:175} INFO - Processing /home/airflow/.local/lib/python3.7/site-packages/airflow/example_dags/example_skip_dag.py took 0.136 seconds
[2023-02-09T22:49:06.465+0000] {processor.py:153} INFO - Started process (PID=1007) to work on /home/airflow/.local/lib/python3.7/site-packages/airflow/example_dags/example_skip_dag.py
[2023-02-09T22:49:06.466+0000] {processor.py:743} INFO - Processing file /home/airflow/.local/lib/python3.7/site-packages/airflow/example_dags/example_skip_dag.py for tasks to queue
[2023-02-09T22:49:06.467+0000] {logging_mixin.py:137} INFO - [2023-02-09T22:49:06.467+0000] {dagbag.py:538} INFO - Filling up the DagBag from /home/airflow/.local/lib/python3.7/site-packages/airflow/example_dags/example_skip_dag.py
[2023-02-09T22:49:06.487+0000] {processor.py:753} INFO - DAG(s) dict_keys(['example_skip_dag']) retrieved from /home/airflow/.local/lib/python3.7/site-packages/airflow/example_dags/example_skip_dag.py
[2023-02-09T22:49:06.522+0000] {logging_mixin.py:137} INFO - [2023-02-09T22:49:06.521+0000] {dag.py:2690} INFO - Sync 1 DAGs
[2023-02-09T22:49:06.551+0000] {logging_mixin.py:137} INFO - [2023-02-09T22:49:06.551+0000] {dag.py:3441} INFO - Setting next_dagrun for example_skip_dag to 2023-02-08T22:49:06.551286+00:00, run_after=2023-02-09T22:49:06.551286+00:00
[2023-02-09T22:49:06.581+0000] {processor.py:175} INFO - Processing /home/airflow/.local/lib/python3.7/site-packages/airflow/example_dags/example_skip_dag.py took 0.122 seconds
[2023-02-09T22:49:36.984+0000] {processor.py:153} INFO - Started process (PID=1076) to work on /home/airflow/.local/lib/python3.7/site-packages/airflow/example_dags/example_skip_dag.py
[2023-02-09T22:49:36.989+0000] {processor.py:743} INFO - Processing file /home/airflow/.local/lib/python3.7/site-packages/airflow/example_dags/example_skip_dag.py for tasks to queue
[2023-02-09T22:49:36.990+0000] {logging_mixin.py:137} INFO - [2023-02-09T22:49:36.990+0000] {dagbag.py:538} INFO - Filling up the DagBag from /home/airflow/.local/lib/python3.7/site-packages/airflow/example_dags/example_skip_dag.py
[2023-02-09T22:49:37.023+0000] {processor.py:753} INFO - DAG(s) dict_keys(['example_skip_dag']) retrieved from /home/airflow/.local/lib/python3.7/site-packages/airflow/example_dags/example_skip_dag.py
[2023-02-09T22:49:37.098+0000] {logging_mixin.py:137} INFO - [2023-02-09T22:49:37.098+0000] {dag.py:2690} INFO - Sync 1 DAGs
[2023-02-09T22:49:37.160+0000] {logging_mixin.py:137} INFO - [2023-02-09T22:49:37.160+0000] {dag.py:3441} INFO - Setting next_dagrun for example_skip_dag to 2023-02-08T22:49:37.159938+00:00, run_after=2023-02-09T22:49:37.159938+00:00
[2023-02-09T22:49:37.208+0000] {processor.py:175} INFO - Processing /home/airflow/.local/lib/python3.7/site-packages/airflow/example_dags/example_skip_dag.py took 0.244 seconds
[2023-02-09T22:50:07.523+0000] {processor.py:153} INFO - Started process (PID=1151) to work on /home/airflow/.local/lib/python3.7/site-packages/airflow/example_dags/example_skip_dag.py
[2023-02-09T22:50:07.524+0000] {processor.py:743} INFO - Processing file /home/airflow/.local/lib/python3.7/site-packages/airflow/example_dags/example_skip_dag.py for tasks to queue
[2023-02-09T22:50:07.525+0000] {logging_mixin.py:137} INFO - [2023-02-09T22:50:07.525+0000] {dagbag.py:538} INFO - Filling up the DagBag from /home/airflow/.local/lib/python3.7/site-packages/airflow/example_dags/example_skip_dag.py
[2023-02-09T22:50:07.540+0000] {processor.py:753} INFO - DAG(s) dict_keys(['example_skip_dag']) retrieved from /home/airflow/.local/lib/python3.7/site-packages/airflow/example_dags/example_skip_dag.py
[2023-02-09T22:50:07.568+0000] {logging_mixin.py:137} INFO - [2023-02-09T22:50:07.568+0000] {dag.py:2690} INFO - Sync 1 DAGs
[2023-02-09T22:50:07.605+0000] {logging_mixin.py:137} INFO - [2023-02-09T22:50:07.605+0000] {dag.py:3441} INFO - Setting next_dagrun for example_skip_dag to 2023-02-08T22:50:07.604834+00:00, run_after=2023-02-09T22:50:07.604834+00:00
[2023-02-09T22:50:07.633+0000] {processor.py:175} INFO - Processing /home/airflow/.local/lib/python3.7/site-packages/airflow/example_dags/example_skip_dag.py took 0.115 seconds
[2023-02-09T22:50:37.975+0000] {processor.py:153} INFO - Started process (PID=1217) to work on /home/airflow/.local/lib/python3.7/site-packages/airflow/example_dags/example_skip_dag.py
[2023-02-09T22:50:37.976+0000] {processor.py:743} INFO - Processing file /home/airflow/.local/lib/python3.7/site-packages/airflow/example_dags/example_skip_dag.py for tasks to queue
[2023-02-09T22:50:37.977+0000] {logging_mixin.py:137} INFO - [2023-02-09T22:50:37.977+0000] {dagbag.py:538} INFO - Filling up the DagBag from /home/airflow/.local/lib/python3.7/site-packages/airflow/example_dags/example_skip_dag.py
[2023-02-09T22:50:37.993+0000] {processor.py:753} INFO - DAG(s) dict_keys(['example_skip_dag']) retrieved from /home/airflow/.local/lib/python3.7/site-packages/airflow/example_dags/example_skip_dag.py
[2023-02-09T22:50:38.024+0000] {logging_mixin.py:137} INFO - [2023-02-09T22:50:38.024+0000] {dag.py:2690} INFO - Sync 1 DAGs
[2023-02-09T22:50:38.054+0000] {logging_mixin.py:137} INFO - [2023-02-09T22:50:38.054+0000] {dag.py:3441} INFO - Setting next_dagrun for example_skip_dag to 2023-02-08T22:50:38.053899+00:00, run_after=2023-02-09T22:50:38.053899+00:00
[2023-02-09T22:50:38.082+0000] {processor.py:175} INFO - Processing /home/airflow/.local/lib/python3.7/site-packages/airflow/example_dags/example_skip_dag.py took 0.112 seconds
[2023-02-09T22:51:09.024+0000] {processor.py:153} INFO - Started process (PID=1292) to work on /home/airflow/.local/lib/python3.7/site-packages/airflow/example_dags/example_skip_dag.py
[2023-02-09T22:51:09.025+0000] {processor.py:743} INFO - Processing file /home/airflow/.local/lib/python3.7/site-packages/airflow/example_dags/example_skip_dag.py for tasks to queue
[2023-02-09T22:51:09.026+0000] {logging_mixin.py:137} INFO - [2023-02-09T22:51:09.026+0000] {dagbag.py:538} INFO - Filling up the DagBag from /home/airflow/.local/lib/python3.7/site-packages/airflow/example_dags/example_skip_dag.py
[2023-02-09T22:51:09.048+0000] {processor.py:753} INFO - DAG(s) dict_keys(['example_skip_dag']) retrieved from /home/airflow/.local/lib/python3.7/site-packages/airflow/example_dags/example_skip_dag.py
[2023-02-09T22:51:09.088+0000] {logging_mixin.py:137} INFO - [2023-02-09T22:51:09.088+0000] {dag.py:2690} INFO - Sync 1 DAGs
[2023-02-09T22:51:09.129+0000] {logging_mixin.py:137} INFO - [2023-02-09T22:51:09.129+0000] {dag.py:3441} INFO - Setting next_dagrun for example_skip_dag to 2023-02-08T22:51:09.129327+00:00, run_after=2023-02-09T22:51:09.129327+00:00
[2023-02-09T22:51:09.164+0000] {processor.py:175} INFO - Processing /home/airflow/.local/lib/python3.7/site-packages/airflow/example_dags/example_skip_dag.py took 0.145 seconds
[2023-02-09T22:51:39.322+0000] {processor.py:153} INFO - Started process (PID=1360) to work on /home/airflow/.local/lib/python3.7/site-packages/airflow/example_dags/example_skip_dag.py
[2023-02-09T22:51:39.323+0000] {processor.py:743} INFO - Processing file /home/airflow/.local/lib/python3.7/site-packages/airflow/example_dags/example_skip_dag.py for tasks to queue
[2023-02-09T22:51:39.324+0000] {logging_mixin.py:137} INFO - [2023-02-09T22:51:39.324+0000] {dagbag.py:538} INFO - Filling up the DagBag from /home/airflow/.local/lib/python3.7/site-packages/airflow/example_dags/example_skip_dag.py
[2023-02-09T22:51:39.341+0000] {processor.py:753} INFO - DAG(s) dict_keys(['example_skip_dag']) retrieved from /home/airflow/.local/lib/python3.7/site-packages/airflow/example_dags/example_skip_dag.py
[2023-02-09T22:51:39.368+0000] {logging_mixin.py:137} INFO - [2023-02-09T22:51:39.368+0000] {dag.py:2690} INFO - Sync 1 DAGs
[2023-02-09T22:51:39.394+0000] {logging_mixin.py:137} INFO - [2023-02-09T22:51:39.394+0000] {dag.py:3441} INFO - Setting next_dagrun for example_skip_dag to 2023-02-08T22:51:39.394373+00:00, run_after=2023-02-09T22:51:39.394373+00:00
[2023-02-09T22:51:39.422+0000] {processor.py:175} INFO - Processing /home/airflow/.local/lib/python3.7/site-packages/airflow/example_dags/example_skip_dag.py took 0.104 seconds
[2023-02-09T22:52:09.666+0000] {processor.py:153} INFO - Started process (PID=1425) to work on /home/airflow/.local/lib/python3.7/site-packages/airflow/example_dags/example_skip_dag.py
[2023-02-09T22:52:09.668+0000] {processor.py:743} INFO - Processing file /home/airflow/.local/lib/python3.7/site-packages/airflow/example_dags/example_skip_dag.py for tasks to queue
[2023-02-09T22:52:09.668+0000] {logging_mixin.py:137} INFO - [2023-02-09T22:52:09.668+0000] {dagbag.py:538} INFO - Filling up the DagBag from /home/airflow/.local/lib/python3.7/site-packages/airflow/example_dags/example_skip_dag.py
[2023-02-09T22:52:09.685+0000] {processor.py:753} INFO - DAG(s) dict_keys(['example_skip_dag']) retrieved from /home/airflow/.local/lib/python3.7/site-packages/airflow/example_dags/example_skip_dag.py
[2023-02-09T22:52:09.717+0000] {logging_mixin.py:137} INFO - [2023-02-09T22:52:09.717+0000] {dag.py:2690} INFO - Sync 1 DAGs
[2023-02-09T22:52:09.752+0000] {logging_mixin.py:137} INFO - [2023-02-09T22:52:09.752+0000] {dag.py:3441} INFO - Setting next_dagrun for example_skip_dag to 2023-02-08T22:52:09.752373+00:00, run_after=2023-02-09T22:52:09.752373+00:00
[2023-02-09T22:52:09.786+0000] {processor.py:175} INFO - Processing /home/airflow/.local/lib/python3.7/site-packages/airflow/example_dags/example_skip_dag.py took 0.124 seconds
[2023-02-09T22:52:40.681+0000] {processor.py:153} INFO - Started process (PID=1502) to work on /home/airflow/.local/lib/python3.7/site-packages/airflow/example_dags/example_skip_dag.py
[2023-02-09T22:52:40.682+0000] {processor.py:743} INFO - Processing file /home/airflow/.local/lib/python3.7/site-packages/airflow/example_dags/example_skip_dag.py for tasks to queue
[2023-02-09T22:52:40.683+0000] {logging_mixin.py:137} INFO - [2023-02-09T22:52:40.683+0000] {dagbag.py:538} INFO - Filling up the DagBag from /home/airflow/.local/lib/python3.7/site-packages/airflow/example_dags/example_skip_dag.py
[2023-02-09T22:52:40.698+0000] {processor.py:753} INFO - DAG(s) dict_keys(['example_skip_dag']) retrieved from /home/airflow/.local/lib/python3.7/site-packages/airflow/example_dags/example_skip_dag.py
[2023-02-09T22:52:40.733+0000] {logging_mixin.py:137} INFO - [2023-02-09T22:52:40.733+0000] {dag.py:2690} INFO - Sync 1 DAGs
[2023-02-09T22:52:40.773+0000] {logging_mixin.py:137} INFO - [2023-02-09T22:52:40.772+0000] {dag.py:3441} INFO - Setting next_dagrun for example_skip_dag to 2023-02-08T22:52:40.772676+00:00, run_after=2023-02-09T22:52:40.772676+00:00
[2023-02-09T22:52:40.800+0000] {processor.py:175} INFO - Processing /home/airflow/.local/lib/python3.7/site-packages/airflow/example_dags/example_skip_dag.py took 0.124 seconds
[2023-02-09T22:53:11.117+0000] {processor.py:153} INFO - Started process (PID=1567) to work on /home/airflow/.local/lib/python3.7/site-packages/airflow/example_dags/example_skip_dag.py
[2023-02-09T22:53:11.118+0000] {processor.py:743} INFO - Processing file /home/airflow/.local/lib/python3.7/site-packages/airflow/example_dags/example_skip_dag.py for tasks to queue
[2023-02-09T22:53:11.118+0000] {logging_mixin.py:137} INFO - [2023-02-09T22:53:11.118+0000] {dagbag.py:538} INFO - Filling up the DagBag from /home/airflow/.local/lib/python3.7/site-packages/airflow/example_dags/example_skip_dag.py
[2023-02-09T22:53:11.135+0000] {processor.py:753} INFO - DAG(s) dict_keys(['example_skip_dag']) retrieved from /home/airflow/.local/lib/python3.7/site-packages/airflow/example_dags/example_skip_dag.py
[2023-02-09T22:53:11.166+0000] {logging_mixin.py:137} INFO - [2023-02-09T22:53:11.166+0000] {dag.py:2690} INFO - Sync 1 DAGs
[2023-02-09T22:53:11.204+0000] {logging_mixin.py:137} INFO - [2023-02-09T22:53:11.204+0000] {dag.py:3441} INFO - Setting next_dagrun for example_skip_dag to 2023-02-08T22:53:11.204388+00:00, run_after=2023-02-09T22:53:11.204388+00:00
[2023-02-09T22:53:11.231+0000] {processor.py:175} INFO - Processing /home/airflow/.local/lib/python3.7/site-packages/airflow/example_dags/example_skip_dag.py took 0.118 seconds
[2023-02-09T22:53:42.139+0000] {processor.py:153} INFO - Started process (PID=1645) to work on /home/airflow/.local/lib/python3.7/site-packages/airflow/example_dags/example_skip_dag.py
[2023-02-09T22:53:42.140+0000] {processor.py:743} INFO - Processing file /home/airflow/.local/lib/python3.7/site-packages/airflow/example_dags/example_skip_dag.py for tasks to queue
[2023-02-09T22:53:42.141+0000] {logging_mixin.py:137} INFO - [2023-02-09T22:53:42.141+0000] {dagbag.py:538} INFO - Filling up the DagBag from /home/airflow/.local/lib/python3.7/site-packages/airflow/example_dags/example_skip_dag.py
[2023-02-09T22:53:42.160+0000] {processor.py:753} INFO - DAG(s) dict_keys(['example_skip_dag']) retrieved from /home/airflow/.local/lib/python3.7/site-packages/airflow/example_dags/example_skip_dag.py
[2023-02-09T22:53:42.187+0000] {logging_mixin.py:137} INFO - [2023-02-09T22:53:42.187+0000] {dag.py:2690} INFO - Sync 1 DAGs
[2023-02-09T22:53:42.224+0000] {logging_mixin.py:137} INFO - [2023-02-09T22:53:42.223+0000] {dag.py:3441} INFO - Setting next_dagrun for example_skip_dag to 2023-02-08T22:53:42.223576+00:00, run_after=2023-02-09T22:53:42.223576+00:00
[2023-02-09T22:53:42.259+0000] {processor.py:175} INFO - Processing /home/airflow/.local/lib/python3.7/site-packages/airflow/example_dags/example_skip_dag.py took 0.125 seconds
[2023-02-09T22:54:12.460+0000] {processor.py:153} INFO - Started process (PID=1711) to work on /home/airflow/.local/lib/python3.7/site-packages/airflow/example_dags/example_skip_dag.py
[2023-02-09T22:54:12.461+0000] {processor.py:743} INFO - Processing file /home/airflow/.local/lib/python3.7/site-packages/airflow/example_dags/example_skip_dag.py for tasks to queue
[2023-02-09T22:54:12.462+0000] {logging_mixin.py:137} INFO - [2023-02-09T22:54:12.462+0000] {dagbag.py:538} INFO - Filling up the DagBag from /home/airflow/.local/lib/python3.7/site-packages/airflow/example_dags/example_skip_dag.py
[2023-02-09T22:54:12.479+0000] {processor.py:753} INFO - DAG(s) dict_keys(['example_skip_dag']) retrieved from /home/airflow/.local/lib/python3.7/site-packages/airflow/example_dags/example_skip_dag.py
[2023-02-09T22:54:12.511+0000] {logging_mixin.py:137} INFO - [2023-02-09T22:54:12.511+0000] {dag.py:2690} INFO - Sync 1 DAGs
[2023-02-09T22:54:12.540+0000] {logging_mixin.py:137} INFO - [2023-02-09T22:54:12.540+0000] {dag.py:3441} INFO - Setting next_dagrun for example_skip_dag to 2023-02-08T22:54:12.539710+00:00, run_after=2023-02-09T22:54:12.539710+00:00
[2023-02-09T22:54:12.571+0000] {processor.py:175} INFO - Processing /home/airflow/.local/lib/python3.7/site-packages/airflow/example_dags/example_skip_dag.py took 0.115 seconds
[2023-02-09T22:54:42.814+0000] {processor.py:153} INFO - Started process (PID=1776) to work on /home/airflow/.local/lib/python3.7/site-packages/airflow/example_dags/example_skip_dag.py
[2023-02-09T22:54:42.815+0000] {processor.py:743} INFO - Processing file /home/airflow/.local/lib/python3.7/site-packages/airflow/example_dags/example_skip_dag.py for tasks to queue
[2023-02-09T22:54:42.816+0000] {logging_mixin.py:137} INFO - [2023-02-09T22:54:42.816+0000] {dagbag.py:538} INFO - Filling up the DagBag from /home/airflow/.local/lib/python3.7/site-packages/airflow/example_dags/example_skip_dag.py
[2023-02-09T22:54:42.833+0000] {processor.py:753} INFO - DAG(s) dict_keys(['example_skip_dag']) retrieved from /home/airflow/.local/lib/python3.7/site-packages/airflow/example_dags/example_skip_dag.py
[2023-02-09T22:54:42.862+0000] {logging_mixin.py:137} INFO - [2023-02-09T22:54:42.862+0000] {dag.py:2690} INFO - Sync 1 DAGs
[2023-02-09T22:54:42.890+0000] {logging_mixin.py:137} INFO - [2023-02-09T22:54:42.889+0000] {dag.py:3441} INFO - Setting next_dagrun for example_skip_dag to 2023-02-08T22:54:42.889648+00:00, run_after=2023-02-09T22:54:42.889648+00:00
[2023-02-09T22:54:42.925+0000] {processor.py:175} INFO - Processing /home/airflow/.local/lib/python3.7/site-packages/airflow/example_dags/example_skip_dag.py took 0.115 seconds
[2023-02-09T22:55:13.593+0000] {processor.py:153} INFO - Started process (PID=1854) to work on /home/airflow/.local/lib/python3.7/site-packages/airflow/example_dags/example_skip_dag.py
[2023-02-09T22:55:13.594+0000] {processor.py:743} INFO - Processing file /home/airflow/.local/lib/python3.7/site-packages/airflow/example_dags/example_skip_dag.py for tasks to queue
[2023-02-09T22:55:13.595+0000] {logging_mixin.py:137} INFO - [2023-02-09T22:55:13.595+0000] {dagbag.py:538} INFO - Filling up the DagBag from /home/airflow/.local/lib/python3.7/site-packages/airflow/example_dags/example_skip_dag.py
[2023-02-09T22:55:13.615+0000] {processor.py:753} INFO - DAG(s) dict_keys(['example_skip_dag']) retrieved from /home/airflow/.local/lib/python3.7/site-packages/airflow/example_dags/example_skip_dag.py
[2023-02-09T22:55:13.647+0000] {logging_mixin.py:137} INFO - [2023-02-09T22:55:13.647+0000] {dag.py:2690} INFO - Sync 1 DAGs
[2023-02-09T22:55:13.678+0000] {logging_mixin.py:137} INFO - [2023-02-09T22:55:13.678+0000] {dag.py:3441} INFO - Setting next_dagrun for example_skip_dag to 2023-02-08T22:55:13.677912+00:00, run_after=2023-02-09T22:55:13.677912+00:00
[2023-02-09T22:55:13.707+0000] {processor.py:175} INFO - Processing /home/airflow/.local/lib/python3.7/site-packages/airflow/example_dags/example_skip_dag.py took 0.118 seconds
[2023-02-09T22:55:44.135+0000] {processor.py:153} INFO - Started process (PID=1920) to work on /home/airflow/.local/lib/python3.7/site-packages/airflow/example_dags/example_skip_dag.py
[2023-02-09T22:55:44.136+0000] {processor.py:743} INFO - Processing file /home/airflow/.local/lib/python3.7/site-packages/airflow/example_dags/example_skip_dag.py for tasks to queue
[2023-02-09T22:55:44.137+0000] {logging_mixin.py:137} INFO - [2023-02-09T22:55:44.137+0000] {dagbag.py:538} INFO - Filling up the DagBag from /home/airflow/.local/lib/python3.7/site-packages/airflow/example_dags/example_skip_dag.py
[2023-02-09T22:55:44.155+0000] {processor.py:753} INFO - DAG(s) dict_keys(['example_skip_dag']) retrieved from /home/airflow/.local/lib/python3.7/site-packages/airflow/example_dags/example_skip_dag.py
[2023-02-09T22:55:44.187+0000] {logging_mixin.py:137} INFO - [2023-02-09T22:55:44.186+0000] {dag.py:2690} INFO - Sync 1 DAGs
[2023-02-09T22:55:44.221+0000] {logging_mixin.py:137} INFO - [2023-02-09T22:55:44.221+0000] {dag.py:3441} INFO - Setting next_dagrun for example_skip_dag to 2023-02-08T22:55:44.221188+00:00, run_after=2023-02-09T22:55:44.221188+00:00
[2023-02-09T22:55:44.272+0000] {processor.py:175} INFO - Processing /home/airflow/.local/lib/python3.7/site-packages/airflow/example_dags/example_skip_dag.py took 0.141 seconds
[2023-02-09T22:56:15.022+0000] {processor.py:153} INFO - Started process (PID=1997) to work on /home/airflow/.local/lib/python3.7/site-packages/airflow/example_dags/example_skip_dag.py
[2023-02-09T22:56:15.023+0000] {processor.py:743} INFO - Processing file /home/airflow/.local/lib/python3.7/site-packages/airflow/example_dags/example_skip_dag.py for tasks to queue
[2023-02-09T22:56:15.024+0000] {logging_mixin.py:137} INFO - [2023-02-09T22:56:15.024+0000] {dagbag.py:538} INFO - Filling up the DagBag from /home/airflow/.local/lib/python3.7/site-packages/airflow/example_dags/example_skip_dag.py
[2023-02-09T22:56:15.047+0000] {processor.py:753} INFO - DAG(s) dict_keys(['example_skip_dag']) retrieved from /home/airflow/.local/lib/python3.7/site-packages/airflow/example_dags/example_skip_dag.py
[2023-02-09T22:56:15.096+0000] {logging_mixin.py:137} INFO - [2023-02-09T22:56:15.096+0000] {dag.py:2690} INFO - Sync 1 DAGs
[2023-02-09T22:56:15.140+0000] {logging_mixin.py:137} INFO - [2023-02-09T22:56:15.140+0000] {dag.py:3441} INFO - Setting next_dagrun for example_skip_dag to 2023-02-08T22:56:15.139771+00:00, run_after=2023-02-09T22:56:15.139771+00:00
[2023-02-09T22:56:15.177+0000] {processor.py:175} INFO - Processing /home/airflow/.local/lib/python3.7/site-packages/airflow/example_dags/example_skip_dag.py took 0.161 seconds
[2023-02-09T22:56:45.482+0000] {processor.py:153} INFO - Started process (PID=2061) to work on /home/airflow/.local/lib/python3.7/site-packages/airflow/example_dags/example_skip_dag.py
[2023-02-09T22:56:45.483+0000] {processor.py:743} INFO - Processing file /home/airflow/.local/lib/python3.7/site-packages/airflow/example_dags/example_skip_dag.py for tasks to queue
[2023-02-09T22:56:45.484+0000] {logging_mixin.py:137} INFO - [2023-02-09T22:56:45.484+0000] {dagbag.py:538} INFO - Filling up the DagBag from /home/airflow/.local/lib/python3.7/site-packages/airflow/example_dags/example_skip_dag.py
[2023-02-09T22:56:45.499+0000] {processor.py:753} INFO - DAG(s) dict_keys(['example_skip_dag']) retrieved from /home/airflow/.local/lib/python3.7/site-packages/airflow/example_dags/example_skip_dag.py
[2023-02-09T22:56:45.532+0000] {logging_mixin.py:137} INFO - [2023-02-09T22:56:45.532+0000] {dag.py:2690} INFO - Sync 1 DAGs
[2023-02-09T22:56:45.563+0000] {logging_mixin.py:137} INFO - [2023-02-09T22:56:45.563+0000] {dag.py:3441} INFO - Setting next_dagrun for example_skip_dag to 2023-02-08T22:56:45.562944+00:00, run_after=2023-02-09T22:56:45.562944+00:00
[2023-02-09T22:56:45.591+0000] {processor.py:175} INFO - Processing /home/airflow/.local/lib/python3.7/site-packages/airflow/example_dags/example_skip_dag.py took 0.114 seconds
[2023-02-09T22:57:15.649+0000] {processor.py:153} INFO - Started process (PID=2125) to work on /home/airflow/.local/lib/python3.7/site-packages/airflow/example_dags/example_skip_dag.py
[2023-02-09T22:57:15.651+0000] {processor.py:743} INFO - Processing file /home/airflow/.local/lib/python3.7/site-packages/airflow/example_dags/example_skip_dag.py for tasks to queue
[2023-02-09T22:57:15.652+0000] {logging_mixin.py:137} INFO - [2023-02-09T22:57:15.652+0000] {dagbag.py:538} INFO - Filling up the DagBag from /home/airflow/.local/lib/python3.7/site-packages/airflow/example_dags/example_skip_dag.py
[2023-02-09T22:57:15.677+0000] {processor.py:753} INFO - DAG(s) dict_keys(['example_skip_dag']) retrieved from /home/airflow/.local/lib/python3.7/site-packages/airflow/example_dags/example_skip_dag.py
[2023-02-09T22:57:15.716+0000] {logging_mixin.py:137} INFO - [2023-02-09T22:57:15.716+0000] {dag.py:2690} INFO - Sync 1 DAGs
[2023-02-09T22:57:15.759+0000] {logging_mixin.py:137} INFO - [2023-02-09T22:57:15.758+0000] {dag.py:3441} INFO - Setting next_dagrun for example_skip_dag to 2023-02-08T22:57:15.758581+00:00, run_after=2023-02-09T22:57:15.758581+00:00
[2023-02-09T22:57:15.800+0000] {processor.py:175} INFO - Processing /home/airflow/.local/lib/python3.7/site-packages/airflow/example_dags/example_skip_dag.py took 0.158 seconds
[2023-02-09T22:57:46.223+0000] {processor.py:153} INFO - Started process (PID=2202) to work on /home/airflow/.local/lib/python3.7/site-packages/airflow/example_dags/example_skip_dag.py
[2023-02-09T22:57:46.224+0000] {processor.py:743} INFO - Processing file /home/airflow/.local/lib/python3.7/site-packages/airflow/example_dags/example_skip_dag.py for tasks to queue
[2023-02-09T22:57:46.225+0000] {logging_mixin.py:137} INFO - [2023-02-09T22:57:46.225+0000] {dagbag.py:538} INFO - Filling up the DagBag from /home/airflow/.local/lib/python3.7/site-packages/airflow/example_dags/example_skip_dag.py
[2023-02-09T22:57:46.241+0000] {processor.py:753} INFO - DAG(s) dict_keys(['example_skip_dag']) retrieved from /home/airflow/.local/lib/python3.7/site-packages/airflow/example_dags/example_skip_dag.py
[2023-02-09T22:57:46.271+0000] {logging_mixin.py:137} INFO - [2023-02-09T22:57:46.270+0000] {dag.py:2690} INFO - Sync 1 DAGs
[2023-02-09T22:57:46.313+0000] {logging_mixin.py:137} INFO - [2023-02-09T22:57:46.312+0000] {dag.py:3441} INFO - Setting next_dagrun for example_skip_dag to 2023-02-08T22:57:46.312467+00:00, run_after=2023-02-09T22:57:46.312467+00:00
[2023-02-09T22:57:46.349+0000] {processor.py:175} INFO - Processing /home/airflow/.local/lib/python3.7/site-packages/airflow/example_dags/example_skip_dag.py took 0.131 seconds
[2023-02-09T22:58:16.505+0000] {processor.py:153} INFO - Started process (PID=2268) to work on /home/airflow/.local/lib/python3.7/site-packages/airflow/example_dags/example_skip_dag.py
[2023-02-09T22:58:16.506+0000] {processor.py:743} INFO - Processing file /home/airflow/.local/lib/python3.7/site-packages/airflow/example_dags/example_skip_dag.py for tasks to queue
[2023-02-09T22:58:16.506+0000] {logging_mixin.py:137} INFO - [2023-02-09T22:58:16.506+0000] {dagbag.py:538} INFO - Filling up the DagBag from /home/airflow/.local/lib/python3.7/site-packages/airflow/example_dags/example_skip_dag.py
[2023-02-09T22:58:16.523+0000] {processor.py:753} INFO - DAG(s) dict_keys(['example_skip_dag']) retrieved from /home/airflow/.local/lib/python3.7/site-packages/airflow/example_dags/example_skip_dag.py
[2023-02-09T22:58:16.551+0000] {logging_mixin.py:137} INFO - [2023-02-09T22:58:16.551+0000] {dag.py:2690} INFO - Sync 1 DAGs
[2023-02-09T22:58:16.580+0000] {logging_mixin.py:137} INFO - [2023-02-09T22:58:16.580+0000] {dag.py:3441} INFO - Setting next_dagrun for example_skip_dag to 2023-02-08T22:58:16.580417+00:00, run_after=2023-02-09T22:58:16.580417+00:00
[2023-02-09T22:58:16.611+0000] {processor.py:175} INFO - Processing /home/airflow/.local/lib/python3.7/site-packages/airflow/example_dags/example_skip_dag.py took 0.110 seconds
[2023-02-09T22:58:47.105+0000] {processor.py:153} INFO - Started process (PID=2333) to work on /home/airflow/.local/lib/python3.7/site-packages/airflow/example_dags/example_skip_dag.py
[2023-02-09T22:58:47.110+0000] {processor.py:743} INFO - Processing file /home/airflow/.local/lib/python3.7/site-packages/airflow/example_dags/example_skip_dag.py for tasks to queue
[2023-02-09T22:58:47.112+0000] {logging_mixin.py:137} INFO - [2023-02-09T22:58:47.112+0000] {dagbag.py:538} INFO - Filling up the DagBag from /home/airflow/.local/lib/python3.7/site-packages/airflow/example_dags/example_skip_dag.py
[2023-02-09T22:58:47.133+0000] {processor.py:753} INFO - DAG(s) dict_keys(['example_skip_dag']) retrieved from /home/airflow/.local/lib/python3.7/site-packages/airflow/example_dags/example_skip_dag.py
[2023-02-09T22:58:47.171+0000] {logging_mixin.py:137} INFO - [2023-02-09T22:58:47.171+0000] {dag.py:2690} INFO - Sync 1 DAGs
[2023-02-09T22:58:47.212+0000] {logging_mixin.py:137} INFO - [2023-02-09T22:58:47.212+0000] {dag.py:3441} INFO - Setting next_dagrun for example_skip_dag to 2023-02-08T22:58:47.211829+00:00, run_after=2023-02-09T22:58:47.211829+00:00
[2023-02-09T22:58:47.250+0000] {processor.py:175} INFO - Processing /home/airflow/.local/lib/python3.7/site-packages/airflow/example_dags/example_skip_dag.py took 0.152 seconds
[2023-02-09T22:59:17.947+0000] {processor.py:153} INFO - Started process (PID=2410) to work on /home/airflow/.local/lib/python3.7/site-packages/airflow/example_dags/example_skip_dag.py
[2023-02-09T22:59:17.948+0000] {processor.py:743} INFO - Processing file /home/airflow/.local/lib/python3.7/site-packages/airflow/example_dags/example_skip_dag.py for tasks to queue
[2023-02-09T22:59:17.948+0000] {logging_mixin.py:137} INFO - [2023-02-09T22:59:17.948+0000] {dagbag.py:538} INFO - Filling up the DagBag from /home/airflow/.local/lib/python3.7/site-packages/airflow/example_dags/example_skip_dag.py
[2023-02-09T22:59:17.964+0000] {processor.py:753} INFO - DAG(s) dict_keys(['example_skip_dag']) retrieved from /home/airflow/.local/lib/python3.7/site-packages/airflow/example_dags/example_skip_dag.py
[2023-02-09T22:59:17.996+0000] {logging_mixin.py:137} INFO - [2023-02-09T22:59:17.996+0000] {dag.py:2690} INFO - Sync 1 DAGs
[2023-02-09T22:59:18.026+0000] {logging_mixin.py:137} INFO - [2023-02-09T22:59:18.026+0000] {dag.py:3441} INFO - Setting next_dagrun for example_skip_dag to 2023-02-08T22:59:18.026014+00:00, run_after=2023-02-09T22:59:18.026014+00:00
[2023-02-09T22:59:18.059+0000] {processor.py:175} INFO - Processing /home/airflow/.local/lib/python3.7/site-packages/airflow/example_dags/example_skip_dag.py took 0.117 seconds
[2023-02-09T22:59:48.336+0000] {processor.py:153} INFO - Started process (PID=2475) to work on /home/airflow/.local/lib/python3.7/site-packages/airflow/example_dags/example_skip_dag.py
[2023-02-09T22:59:48.337+0000] {processor.py:743} INFO - Processing file /home/airflow/.local/lib/python3.7/site-packages/airflow/example_dags/example_skip_dag.py for tasks to queue
[2023-02-09T22:59:48.338+0000] {logging_mixin.py:137} INFO - [2023-02-09T22:59:48.338+0000] {dagbag.py:538} INFO - Filling up the DagBag from /home/airflow/.local/lib/python3.7/site-packages/airflow/example_dags/example_skip_dag.py
[2023-02-09T22:59:48.360+0000] {processor.py:753} INFO - DAG(s) dict_keys(['example_skip_dag']) retrieved from /home/airflow/.local/lib/python3.7/site-packages/airflow/example_dags/example_skip_dag.py
[2023-02-09T22:59:48.398+0000] {logging_mixin.py:137} INFO - [2023-02-09T22:59:48.397+0000] {dag.py:2690} INFO - Sync 1 DAGs
[2023-02-09T22:59:48.439+0000] {logging_mixin.py:137} INFO - [2023-02-09T22:59:48.439+0000] {dag.py:3441} INFO - Setting next_dagrun for example_skip_dag to 2023-02-08T22:59:48.439147+00:00, run_after=2023-02-09T22:59:48.439147+00:00
[2023-02-09T22:59:48.490+0000] {processor.py:175} INFO - Processing /home/airflow/.local/lib/python3.7/site-packages/airflow/example_dags/example_skip_dag.py took 0.160 seconds
[2023-02-09T23:00:18.953+0000] {processor.py:153} INFO - Started process (PID=2552) to work on /home/airflow/.local/lib/python3.7/site-packages/airflow/example_dags/example_skip_dag.py
[2023-02-09T23:00:18.955+0000] {processor.py:743} INFO - Processing file /home/airflow/.local/lib/python3.7/site-packages/airflow/example_dags/example_skip_dag.py for tasks to queue
[2023-02-09T23:00:18.956+0000] {logging_mixin.py:137} INFO - [2023-02-09T23:00:18.956+0000] {dagbag.py:538} INFO - Filling up the DagBag from /home/airflow/.local/lib/python3.7/site-packages/airflow/example_dags/example_skip_dag.py
[2023-02-09T23:00:18.979+0000] {processor.py:753} INFO - DAG(s) dict_keys(['example_skip_dag']) retrieved from /home/airflow/.local/lib/python3.7/site-packages/airflow/example_dags/example_skip_dag.py
[2023-02-09T23:00:19.013+0000] {logging_mixin.py:137} INFO - [2023-02-09T23:00:19.012+0000] {dag.py:2690} INFO - Sync 1 DAGs
[2023-02-09T23:00:19.050+0000] {logging_mixin.py:137} INFO - [2023-02-09T23:00:19.050+0000] {dag.py:3441} INFO - Setting next_dagrun for example_skip_dag to 2023-02-08T23:00:19.050316+00:00, run_after=2023-02-09T23:00:19.050316+00:00
[2023-02-09T23:00:19.085+0000] {processor.py:175} INFO - Processing /home/airflow/.local/lib/python3.7/site-packages/airflow/example_dags/example_skip_dag.py took 0.137 seconds
[2023-02-09T23:00:49.292+0000] {processor.py:153} INFO - Started process (PID=2617) to work on /home/airflow/.local/lib/python3.7/site-packages/airflow/example_dags/example_skip_dag.py
[2023-02-09T23:00:49.293+0000] {processor.py:743} INFO - Processing file /home/airflow/.local/lib/python3.7/site-packages/airflow/example_dags/example_skip_dag.py for tasks to queue
[2023-02-09T23:00:49.294+0000] {logging_mixin.py:137} INFO - [2023-02-09T23:00:49.294+0000] {dagbag.py:538} INFO - Filling up the DagBag from /home/airflow/.local/lib/python3.7/site-packages/airflow/example_dags/example_skip_dag.py
[2023-02-09T23:00:49.313+0000] {processor.py:753} INFO - DAG(s) dict_keys(['example_skip_dag']) retrieved from /home/airflow/.local/lib/python3.7/site-packages/airflow/example_dags/example_skip_dag.py
[2023-02-09T23:00:49.342+0000] {logging_mixin.py:137} INFO - [2023-02-09T23:00:49.342+0000] {dag.py:2690} INFO - Sync 1 DAGs
[2023-02-09T23:00:49.372+0000] {logging_mixin.py:137} INFO - [2023-02-09T23:00:49.371+0000] {dag.py:3441} INFO - Setting next_dagrun for example_skip_dag to 2023-02-08T23:00:49.371535+00:00, run_after=2023-02-09T23:00:49.371535+00:00
[2023-02-09T23:00:49.401+0000] {processor.py:175} INFO - Processing /home/airflow/.local/lib/python3.7/site-packages/airflow/example_dags/example_skip_dag.py took 0.114 seconds
[2023-02-09T23:01:20.537+0000] {processor.py:153} INFO - Started process (PID=2690) to work on /home/airflow/.local/lib/python3.7/site-packages/airflow/example_dags/example_skip_dag.py
[2023-02-09T23:01:20.550+0000] {processor.py:743} INFO - Processing file /home/airflow/.local/lib/python3.7/site-packages/airflow/example_dags/example_skip_dag.py for tasks to queue
[2023-02-09T23:01:20.552+0000] {logging_mixin.py:137} INFO - [2023-02-09T23:01:20.552+0000] {dagbag.py:538} INFO - Filling up the DagBag from /home/airflow/.local/lib/python3.7/site-packages/airflow/example_dags/example_skip_dag.py
[2023-02-09T23:01:20.589+0000] {processor.py:753} INFO - DAG(s) dict_keys(['example_skip_dag']) retrieved from /home/airflow/.local/lib/python3.7/site-packages/airflow/example_dags/example_skip_dag.py
[2023-02-09T23:01:20.637+0000] {logging_mixin.py:137} INFO - [2023-02-09T23:01:20.637+0000] {dag.py:2690} INFO - Sync 1 DAGs
[2023-02-09T23:01:20.692+0000] {logging_mixin.py:137} INFO - [2023-02-09T23:01:20.691+0000] {dag.py:3441} INFO - Setting next_dagrun for example_skip_dag to 2023-02-08T23:01:20.691523+00:00, run_after=2023-02-09T23:01:20.691523+00:00
[2023-02-09T23:01:20.738+0000] {processor.py:175} INFO - Processing /home/airflow/.local/lib/python3.7/site-packages/airflow/example_dags/example_skip_dag.py took 0.207 seconds
[2023-02-09T23:01:50.915+0000] {processor.py:153} INFO - Started process (PID=2759) to work on /home/airflow/.local/lib/python3.7/site-packages/airflow/example_dags/example_skip_dag.py
[2023-02-09T23:01:50.917+0000] {processor.py:743} INFO - Processing file /home/airflow/.local/lib/python3.7/site-packages/airflow/example_dags/example_skip_dag.py for tasks to queue
[2023-02-09T23:01:50.918+0000] {logging_mixin.py:137} INFO - [2023-02-09T23:01:50.918+0000] {dagbag.py:538} INFO - Filling up the DagBag from /home/airflow/.local/lib/python3.7/site-packages/airflow/example_dags/example_skip_dag.py
[2023-02-09T23:01:50.939+0000] {processor.py:753} INFO - DAG(s) dict_keys(['example_skip_dag']) retrieved from /home/airflow/.local/lib/python3.7/site-packages/airflow/example_dags/example_skip_dag.py
[2023-02-09T23:01:50.966+0000] {logging_mixin.py:137} INFO - [2023-02-09T23:01:50.966+0000] {dag.py:2690} INFO - Sync 1 DAGs
[2023-02-09T23:01:50.995+0000] {logging_mixin.py:137} INFO - [2023-02-09T23:01:50.994+0000] {dag.py:3441} INFO - Setting next_dagrun for example_skip_dag to 2023-02-08T23:01:50.994573+00:00, run_after=2023-02-09T23:01:50.994573+00:00
[2023-02-09T23:01:51.024+0000] {processor.py:175} INFO - Processing /home/airflow/.local/lib/python3.7/site-packages/airflow/example_dags/example_skip_dag.py took 0.113 seconds
[2023-02-09T23:02:21.871+0000] {processor.py:153} INFO - Started process (PID=2825) to work on /home/airflow/.local/lib/python3.7/site-packages/airflow/example_dags/example_skip_dag.py
[2023-02-09T23:02:21.872+0000] {processor.py:743} INFO - Processing file /home/airflow/.local/lib/python3.7/site-packages/airflow/example_dags/example_skip_dag.py for tasks to queue
[2023-02-09T23:02:21.873+0000] {logging_mixin.py:137} INFO - [2023-02-09T23:02:21.873+0000] {dagbag.py:538} INFO - Filling up the DagBag from /home/airflow/.local/lib/python3.7/site-packages/airflow/example_dags/example_skip_dag.py
[2023-02-09T23:02:21.899+0000] {processor.py:753} INFO - DAG(s) dict_keys(['example_skip_dag']) retrieved from /home/airflow/.local/lib/python3.7/site-packages/airflow/example_dags/example_skip_dag.py
[2023-02-09T23:02:21.936+0000] {logging_mixin.py:137} INFO - [2023-02-09T23:02:21.936+0000] {dag.py:2690} INFO - Sync 1 DAGs
[2023-02-09T23:02:21.974+0000] {logging_mixin.py:137} INFO - [2023-02-09T23:02:21.974+0000] {dag.py:3441} INFO - Setting next_dagrun for example_skip_dag to 2023-02-08T23:02:21.974471+00:00, run_after=2023-02-09T23:02:21.974471+00:00
[2023-02-09T23:02:22.003+0000] {processor.py:175} INFO - Processing /home/airflow/.local/lib/python3.7/site-packages/airflow/example_dags/example_skip_dag.py took 0.147 seconds
[2023-02-09T23:02:53.035+0000] {processor.py:153} INFO - Started process (PID=2903) to work on /home/airflow/.local/lib/python3.7/site-packages/airflow/example_dags/example_skip_dag.py
[2023-02-09T23:02:53.037+0000] {processor.py:743} INFO - Processing file /home/airflow/.local/lib/python3.7/site-packages/airflow/example_dags/example_skip_dag.py for tasks to queue
[2023-02-09T23:02:53.038+0000] {logging_mixin.py:137} INFO - [2023-02-09T23:02:53.038+0000] {dagbag.py:538} INFO - Filling up the DagBag from /home/airflow/.local/lib/python3.7/site-packages/airflow/example_dags/example_skip_dag.py
[2023-02-09T23:02:53.061+0000] {processor.py:753} INFO - DAG(s) dict_keys(['example_skip_dag']) retrieved from /home/airflow/.local/lib/python3.7/site-packages/airflow/example_dags/example_skip_dag.py
[2023-02-09T23:02:53.096+0000] {logging_mixin.py:137} INFO - [2023-02-09T23:02:53.096+0000] {dag.py:2690} INFO - Sync 1 DAGs
[2023-02-09T23:02:53.124+0000] {logging_mixin.py:137} INFO - [2023-02-09T23:02:53.124+0000] {dag.py:3441} INFO - Setting next_dagrun for example_skip_dag to 2023-02-08T23:02:53.124495+00:00, run_after=2023-02-09T23:02:53.124495+00:00
[2023-02-09T23:02:53.162+0000] {processor.py:175} INFO - Processing /home/airflow/.local/lib/python3.7/site-packages/airflow/example_dags/example_skip_dag.py took 0.132 seconds
[2023-02-09T23:03:23.340+0000] {processor.py:153} INFO - Started process (PID=2968) to work on /home/airflow/.local/lib/python3.7/site-packages/airflow/example_dags/example_skip_dag.py
[2023-02-09T23:03:23.341+0000] {processor.py:743} INFO - Processing file /home/airflow/.local/lib/python3.7/site-packages/airflow/example_dags/example_skip_dag.py for tasks to queue
[2023-02-09T23:03:23.342+0000] {logging_mixin.py:137} INFO - [2023-02-09T23:03:23.342+0000] {dagbag.py:538} INFO - Filling up the DagBag from /home/airflow/.local/lib/python3.7/site-packages/airflow/example_dags/example_skip_dag.py
[2023-02-09T23:03:23.366+0000] {processor.py:753} INFO - DAG(s) dict_keys(['example_skip_dag']) retrieved from /home/airflow/.local/lib/python3.7/site-packages/airflow/example_dags/example_skip_dag.py
[2023-02-09T23:03:23.410+0000] {logging_mixin.py:137} INFO - [2023-02-09T23:03:23.410+0000] {dag.py:2690} INFO - Sync 1 DAGs
[2023-02-09T23:03:23.464+0000] {logging_mixin.py:137} INFO - [2023-02-09T23:03:23.464+0000] {dag.py:3441} INFO - Setting next_dagrun for example_skip_dag to 2023-02-08T23:03:23.463747+00:00, run_after=2023-02-09T23:03:23.463747+00:00
[2023-02-09T23:03:23.505+0000] {processor.py:175} INFO - Processing /home/airflow/.local/lib/python3.7/site-packages/airflow/example_dags/example_skip_dag.py took 0.172 seconds
[2023-02-09T23:03:54.277+0000] {processor.py:153} INFO - Started process (PID=3042) to work on /home/airflow/.local/lib/python3.7/site-packages/airflow/example_dags/example_skip_dag.py
[2023-02-09T23:03:54.283+0000] {processor.py:743} INFO - Processing file /home/airflow/.local/lib/python3.7/site-packages/airflow/example_dags/example_skip_dag.py for tasks to queue
[2023-02-09T23:03:54.284+0000] {logging_mixin.py:137} INFO - [2023-02-09T23:03:54.284+0000] {dagbag.py:538} INFO - Filling up the DagBag from /home/airflow/.local/lib/python3.7/site-packages/airflow/example_dags/example_skip_dag.py
[2023-02-09T23:03:54.304+0000] {processor.py:753} INFO - DAG(s) dict_keys(['example_skip_dag']) retrieved from /home/airflow/.local/lib/python3.7/site-packages/airflow/example_dags/example_skip_dag.py
[2023-02-09T23:03:54.373+0000] {logging_mixin.py:137} INFO - [2023-02-09T23:03:54.372+0000] {dag.py:2690} INFO - Sync 1 DAGs
[2023-02-09T23:03:54.438+0000] {logging_mixin.py:137} INFO - [2023-02-09T23:03:54.438+0000] {dag.py:3441} INFO - Setting next_dagrun for example_skip_dag to 2023-02-08T23:03:54.437520+00:00, run_after=2023-02-09T23:03:54.437520+00:00
[2023-02-09T23:03:54.489+0000] {processor.py:175} INFO - Processing /home/airflow/.local/lib/python3.7/site-packages/airflow/example_dags/example_skip_dag.py took 0.220 seconds
[2023-02-09T23:04:24.542+0000] {processor.py:153} INFO - Started process (PID=3110) to work on /home/airflow/.local/lib/python3.7/site-packages/airflow/example_dags/example_skip_dag.py
[2023-02-09T23:04:24.543+0000] {processor.py:743} INFO - Processing file /home/airflow/.local/lib/python3.7/site-packages/airflow/example_dags/example_skip_dag.py for tasks to queue
[2023-02-09T23:04:24.544+0000] {logging_mixin.py:137} INFO - [2023-02-09T23:04:24.544+0000] {dagbag.py:538} INFO - Filling up the DagBag from /home/airflow/.local/lib/python3.7/site-packages/airflow/example_dags/example_skip_dag.py
[2023-02-09T23:04:24.568+0000] {processor.py:753} INFO - DAG(s) dict_keys(['example_skip_dag']) retrieved from /home/airflow/.local/lib/python3.7/site-packages/airflow/example_dags/example_skip_dag.py
[2023-02-09T23:04:24.608+0000] {logging_mixin.py:137} INFO - [2023-02-09T23:04:24.608+0000] {dag.py:2690} INFO - Sync 1 DAGs
[2023-02-09T23:04:24.647+0000] {logging_mixin.py:137} INFO - [2023-02-09T23:04:24.647+0000] {dag.py:3441} INFO - Setting next_dagrun for example_skip_dag to 2023-02-08T23:04:24.647214+00:00, run_after=2023-02-09T23:04:24.647214+00:00
[2023-02-09T23:04:24.675+0000] {processor.py:175} INFO - Processing /home/airflow/.local/lib/python3.7/site-packages/airflow/example_dags/example_skip_dag.py took 0.139 seconds
[2023-02-09T23:04:55.492+0000] {processor.py:153} INFO - Started process (PID=3176) to work on /home/airflow/.local/lib/python3.7/site-packages/airflow/example_dags/example_skip_dag.py
[2023-02-09T23:04:55.494+0000] {processor.py:743} INFO - Processing file /home/airflow/.local/lib/python3.7/site-packages/airflow/example_dags/example_skip_dag.py for tasks to queue
[2023-02-09T23:04:55.495+0000] {logging_mixin.py:137} INFO - [2023-02-09T23:04:55.495+0000] {dagbag.py:538} INFO - Filling up the DagBag from /home/airflow/.local/lib/python3.7/site-packages/airflow/example_dags/example_skip_dag.py
[2023-02-09T23:04:55.514+0000] {processor.py:753} INFO - DAG(s) dict_keys(['example_skip_dag']) retrieved from /home/airflow/.local/lib/python3.7/site-packages/airflow/example_dags/example_skip_dag.py
[2023-02-09T23:04:55.543+0000] {logging_mixin.py:137} INFO - [2023-02-09T23:04:55.543+0000] {dag.py:2690} INFO - Sync 1 DAGs
[2023-02-09T23:04:55.571+0000] {logging_mixin.py:137} INFO - [2023-02-09T23:04:55.571+0000] {dag.py:3441} INFO - Setting next_dagrun for example_skip_dag to 2023-02-08T23:04:55.571034+00:00, run_after=2023-02-09T23:04:55.571034+00:00
[2023-02-09T23:04:55.598+0000] {processor.py:175} INFO - Processing /home/airflow/.local/lib/python3.7/site-packages/airflow/example_dags/example_skip_dag.py took 0.111 seconds
[2023-02-09T23:05:26.757+0000] {processor.py:153} INFO - Started process (PID=3254) to work on /home/airflow/.local/lib/python3.7/site-packages/airflow/example_dags/example_skip_dag.py
[2023-02-09T23:05:26.760+0000] {processor.py:743} INFO - Processing file /home/airflow/.local/lib/python3.7/site-packages/airflow/example_dags/example_skip_dag.py for tasks to queue
[2023-02-09T23:05:26.768+0000] {logging_mixin.py:137} INFO - [2023-02-09T23:05:26.768+0000] {dagbag.py:538} INFO - Filling up the DagBag from /home/airflow/.local/lib/python3.7/site-packages/airflow/example_dags/example_skip_dag.py
[2023-02-09T23:05:26.801+0000] {processor.py:753} INFO - DAG(s) dict_keys(['example_skip_dag']) retrieved from /home/airflow/.local/lib/python3.7/site-packages/airflow/example_dags/example_skip_dag.py
[2023-02-09T23:05:26.841+0000] {logging_mixin.py:137} INFO - [2023-02-09T23:05:26.841+0000] {dag.py:2690} INFO - Sync 1 DAGs
[2023-02-09T23:05:26.885+0000] {logging_mixin.py:137} INFO - [2023-02-09T23:05:26.884+0000] {dag.py:3441} INFO - Setting next_dagrun for example_skip_dag to 2023-02-08T23:05:26.884497+00:00, run_after=2023-02-09T23:05:26.884497+00:00
[2023-02-09T23:05:26.930+0000] {processor.py:175} INFO - Processing /home/airflow/.local/lib/python3.7/site-packages/airflow/example_dags/example_skip_dag.py took 0.179 seconds
[2023-02-09T23:05:56.964+0000] {processor.py:153} INFO - Started process (PID=3319) to work on /home/airflow/.local/lib/python3.7/site-packages/airflow/example_dags/example_skip_dag.py
[2023-02-09T23:05:56.965+0000] {processor.py:743} INFO - Processing file /home/airflow/.local/lib/python3.7/site-packages/airflow/example_dags/example_skip_dag.py for tasks to queue
[2023-02-09T23:05:56.965+0000] {logging_mixin.py:137} INFO - [2023-02-09T23:05:56.965+0000] {dagbag.py:538} INFO - Filling up the DagBag from /home/airflow/.local/lib/python3.7/site-packages/airflow/example_dags/example_skip_dag.py
[2023-02-09T23:05:56.982+0000] {processor.py:753} INFO - DAG(s) dict_keys(['example_skip_dag']) retrieved from /home/airflow/.local/lib/python3.7/site-packages/airflow/example_dags/example_skip_dag.py
[2023-02-09T23:05:57.011+0000] {logging_mixin.py:137} INFO - [2023-02-09T23:05:57.011+0000] {dag.py:2690} INFO - Sync 1 DAGs
[2023-02-09T23:05:57.040+0000] {logging_mixin.py:137} INFO - [2023-02-09T23:05:57.040+0000] {dag.py:3441} INFO - Setting next_dagrun for example_skip_dag to 2023-02-08T23:05:57.039953+00:00, run_after=2023-02-09T23:05:57.039953+00:00
[2023-02-09T23:05:57.071+0000] {processor.py:175} INFO - Processing /home/airflow/.local/lib/python3.7/site-packages/airflow/example_dags/example_skip_dag.py took 0.112 seconds
[2023-02-09T23:06:27.833+0000] {processor.py:153} INFO - Started process (PID=3394) to work on /home/airflow/.local/lib/python3.7/site-packages/airflow/example_dags/example_skip_dag.py
[2023-02-09T23:06:27.834+0000] {processor.py:743} INFO - Processing file /home/airflow/.local/lib/python3.7/site-packages/airflow/example_dags/example_skip_dag.py for tasks to queue
[2023-02-09T23:06:27.835+0000] {logging_mixin.py:137} INFO - [2023-02-09T23:06:27.835+0000] {dagbag.py:538} INFO - Filling up the DagBag from /home/airflow/.local/lib/python3.7/site-packages/airflow/example_dags/example_skip_dag.py
[2023-02-09T23:06:27.860+0000] {processor.py:753} INFO - DAG(s) dict_keys(['example_skip_dag']) retrieved from /home/airflow/.local/lib/python3.7/site-packages/airflow/example_dags/example_skip_dag.py
[2023-02-09T23:06:27.903+0000] {logging_mixin.py:137} INFO - [2023-02-09T23:06:27.903+0000] {dag.py:2690} INFO - Sync 1 DAGs
[2023-02-09T23:06:27.944+0000] {logging_mixin.py:137} INFO - [2023-02-09T23:06:27.944+0000] {dag.py:3441} INFO - Setting next_dagrun for example_skip_dag to 2023-02-08T23:06:27.943776+00:00, run_after=2023-02-09T23:06:27.943776+00:00
[2023-02-09T23:06:27.983+0000] {processor.py:175} INFO - Processing /home/airflow/.local/lib/python3.7/site-packages/airflow/example_dags/example_skip_dag.py took 0.156 seconds
[2023-02-09T23:06:58.279+0000] {processor.py:153} INFO - Started process (PID=3464) to work on /home/airflow/.local/lib/python3.7/site-packages/airflow/example_dags/example_skip_dag.py
[2023-02-09T23:06:58.280+0000] {processor.py:743} INFO - Processing file /home/airflow/.local/lib/python3.7/site-packages/airflow/example_dags/example_skip_dag.py for tasks to queue
[2023-02-09T23:06:58.281+0000] {logging_mixin.py:137} INFO - [2023-02-09T23:06:58.281+0000] {dagbag.py:538} INFO - Filling up the DagBag from /home/airflow/.local/lib/python3.7/site-packages/airflow/example_dags/example_skip_dag.py
[2023-02-09T23:06:58.298+0000] {processor.py:753} INFO - DAG(s) dict_keys(['example_skip_dag']) retrieved from /home/airflow/.local/lib/python3.7/site-packages/airflow/example_dags/example_skip_dag.py
[2023-02-09T23:06:58.330+0000] {logging_mixin.py:137} INFO - [2023-02-09T23:06:58.329+0000] {dag.py:2690} INFO - Sync 1 DAGs
[2023-02-09T23:06:58.358+0000] {logging_mixin.py:137} INFO - [2023-02-09T23:06:58.358+0000] {dag.py:3441} INFO - Setting next_dagrun for example_skip_dag to 2023-02-08T23:06:58.358192+00:00, run_after=2023-02-09T23:06:58.358192+00:00
[2023-02-09T23:06:58.415+0000] {processor.py:175} INFO - Processing /home/airflow/.local/lib/python3.7/site-packages/airflow/example_dags/example_skip_dag.py took 0.141 seconds
[2023-02-09T23:07:28.799+0000] {processor.py:153} INFO - Started process (PID=3529) to work on /home/airflow/.local/lib/python3.7/site-packages/airflow/example_dags/example_skip_dag.py
[2023-02-09T23:07:28.800+0000] {processor.py:743} INFO - Processing file /home/airflow/.local/lib/python3.7/site-packages/airflow/example_dags/example_skip_dag.py for tasks to queue
[2023-02-09T23:07:28.801+0000] {logging_mixin.py:137} INFO - [2023-02-09T23:07:28.801+0000] {dagbag.py:538} INFO - Filling up the DagBag from /home/airflow/.local/lib/python3.7/site-packages/airflow/example_dags/example_skip_dag.py
[2023-02-09T23:07:28.823+0000] {processor.py:753} INFO - DAG(s) dict_keys(['example_skip_dag']) retrieved from /home/airflow/.local/lib/python3.7/site-packages/airflow/example_dags/example_skip_dag.py
[2023-02-09T23:07:28.854+0000] {logging_mixin.py:137} INFO - [2023-02-09T23:07:28.854+0000] {dag.py:2690} INFO - Sync 1 DAGs
[2023-02-09T23:07:28.893+0000] {logging_mixin.py:137} INFO - [2023-02-09T23:07:28.893+0000] {dag.py:3441} INFO - Setting next_dagrun for example_skip_dag to 2023-02-08T23:07:28.892970+00:00, run_after=2023-02-09T23:07:28.892970+00:00
[2023-02-09T23:07:28.934+0000] {processor.py:175} INFO - Processing /home/airflow/.local/lib/python3.7/site-packages/airflow/example_dags/example_skip_dag.py took 0.141 seconds
[2023-02-09T23:07:59.303+0000] {processor.py:153} INFO - Started process (PID=3608) to work on /home/airflow/.local/lib/python3.7/site-packages/airflow/example_dags/example_skip_dag.py
[2023-02-09T23:07:59.305+0000] {processor.py:743} INFO - Processing file /home/airflow/.local/lib/python3.7/site-packages/airflow/example_dags/example_skip_dag.py for tasks to queue
[2023-02-09T23:07:59.306+0000] {logging_mixin.py:137} INFO - [2023-02-09T23:07:59.306+0000] {dagbag.py:538} INFO - Filling up the DagBag from /home/airflow/.local/lib/python3.7/site-packages/airflow/example_dags/example_skip_dag.py
[2023-02-09T23:07:59.328+0000] {processor.py:753} INFO - DAG(s) dict_keys(['example_skip_dag']) retrieved from /home/airflow/.local/lib/python3.7/site-packages/airflow/example_dags/example_skip_dag.py
[2023-02-09T23:07:59.365+0000] {logging_mixin.py:137} INFO - [2023-02-09T23:07:59.365+0000] {dag.py:2690} INFO - Sync 1 DAGs
[2023-02-09T23:07:59.406+0000] {logging_mixin.py:137} INFO - [2023-02-09T23:07:59.405+0000] {dag.py:3441} INFO - Setting next_dagrun for example_skip_dag to 2023-02-08T23:07:59.405383+00:00, run_after=2023-02-09T23:07:59.405383+00:00
[2023-02-09T23:07:59.442+0000] {processor.py:175} INFO - Processing /home/airflow/.local/lib/python3.7/site-packages/airflow/example_dags/example_skip_dag.py took 0.143 seconds
[2023-02-09T23:08:29.922+0000] {processor.py:153} INFO - Started process (PID=3673) to work on /home/airflow/.local/lib/python3.7/site-packages/airflow/example_dags/example_skip_dag.py
[2023-02-09T23:08:29.923+0000] {processor.py:743} INFO - Processing file /home/airflow/.local/lib/python3.7/site-packages/airflow/example_dags/example_skip_dag.py for tasks to queue
[2023-02-09T23:08:29.924+0000] {logging_mixin.py:137} INFO - [2023-02-09T23:08:29.924+0000] {dagbag.py:538} INFO - Filling up the DagBag from /home/airflow/.local/lib/python3.7/site-packages/airflow/example_dags/example_skip_dag.py
[2023-02-09T23:08:29.946+0000] {processor.py:753} INFO - DAG(s) dict_keys(['example_skip_dag']) retrieved from /home/airflow/.local/lib/python3.7/site-packages/airflow/example_dags/example_skip_dag.py
[2023-02-09T23:08:29.983+0000] {logging_mixin.py:137} INFO - [2023-02-09T23:08:29.982+0000] {dag.py:2690} INFO - Sync 1 DAGs
[2023-02-09T23:08:30.015+0000] {logging_mixin.py:137} INFO - [2023-02-09T23:08:30.015+0000] {dag.py:3441} INFO - Setting next_dagrun for example_skip_dag to 2023-02-08T23:08:30.015080+00:00, run_after=2023-02-09T23:08:30.015080+00:00
[2023-02-09T23:08:30.044+0000] {processor.py:175} INFO - Processing /home/airflow/.local/lib/python3.7/site-packages/airflow/example_dags/example_skip_dag.py took 0.128 seconds
[2023-02-09T23:09:00.594+0000] {processor.py:153} INFO - Started process (PID=3739) to work on /home/airflow/.local/lib/python3.7/site-packages/airflow/example_dags/example_skip_dag.py
[2023-02-09T23:09:00.595+0000] {processor.py:743} INFO - Processing file /home/airflow/.local/lib/python3.7/site-packages/airflow/example_dags/example_skip_dag.py for tasks to queue
[2023-02-09T23:09:00.596+0000] {logging_mixin.py:137} INFO - [2023-02-09T23:09:00.596+0000] {dagbag.py:538} INFO - Filling up the DagBag from /home/airflow/.local/lib/python3.7/site-packages/airflow/example_dags/example_skip_dag.py
[2023-02-09T23:09:00.619+0000] {processor.py:753} INFO - DAG(s) dict_keys(['example_skip_dag']) retrieved from /home/airflow/.local/lib/python3.7/site-packages/airflow/example_dags/example_skip_dag.py
[2023-02-09T23:09:00.651+0000] {logging_mixin.py:137} INFO - [2023-02-09T23:09:00.651+0000] {dag.py:2690} INFO - Sync 1 DAGs
[2023-02-09T23:09:00.681+0000] {logging_mixin.py:137} INFO - [2023-02-09T23:09:00.681+0000] {dag.py:3441} INFO - Setting next_dagrun for example_skip_dag to 2023-02-08T23:09:00.680848+00:00, run_after=2023-02-09T23:09:00.680848+00:00
[2023-02-09T23:09:00.709+0000] {processor.py:175} INFO - Processing /home/airflow/.local/lib/python3.7/site-packages/airflow/example_dags/example_skip_dag.py took 0.121 seconds
[2023-02-09T23:09:31.050+0000] {processor.py:153} INFO - Started process (PID=3816) to work on /home/airflow/.local/lib/python3.7/site-packages/airflow/example_dags/example_skip_dag.py
[2023-02-09T23:09:31.051+0000] {processor.py:743} INFO - Processing file /home/airflow/.local/lib/python3.7/site-packages/airflow/example_dags/example_skip_dag.py for tasks to queue
[2023-02-09T23:09:31.051+0000] {logging_mixin.py:137} INFO - [2023-02-09T23:09:31.051+0000] {dagbag.py:538} INFO - Filling up the DagBag from /home/airflow/.local/lib/python3.7/site-packages/airflow/example_dags/example_skip_dag.py
[2023-02-09T23:09:31.067+0000] {processor.py:753} INFO - DAG(s) dict_keys(['example_skip_dag']) retrieved from /home/airflow/.local/lib/python3.7/site-packages/airflow/example_dags/example_skip_dag.py
[2023-02-09T23:09:31.106+0000] {logging_mixin.py:137} INFO - [2023-02-09T23:09:31.106+0000] {dag.py:2690} INFO - Sync 1 DAGs
[2023-02-09T23:09:31.142+0000] {logging_mixin.py:137} INFO - [2023-02-09T23:09:31.141+0000] {dag.py:3441} INFO - Setting next_dagrun for example_skip_dag to 2023-02-08T23:09:31.141544+00:00, run_after=2023-02-09T23:09:31.141544+00:00
[2023-02-09T23:09:31.177+0000] {processor.py:175} INFO - Processing /home/airflow/.local/lib/python3.7/site-packages/airflow/example_dags/example_skip_dag.py took 0.133 seconds
[2023-02-09T23:10:01.648+0000] {processor.py:153} INFO - Started process (PID=3881) to work on /home/airflow/.local/lib/python3.7/site-packages/airflow/example_dags/example_skip_dag.py
[2023-02-09T23:10:01.655+0000] {processor.py:743} INFO - Processing file /home/airflow/.local/lib/python3.7/site-packages/airflow/example_dags/example_skip_dag.py for tasks to queue
[2023-02-09T23:10:01.656+0000] {logging_mixin.py:137} INFO - [2023-02-09T23:10:01.656+0000] {dagbag.py:538} INFO - Filling up the DagBag from /home/airflow/.local/lib/python3.7/site-packages/airflow/example_dags/example_skip_dag.py
[2023-02-09T23:10:01.686+0000] {processor.py:753} INFO - DAG(s) dict_keys(['example_skip_dag']) retrieved from /home/airflow/.local/lib/python3.7/site-packages/airflow/example_dags/example_skip_dag.py
[2023-02-09T23:10:01.726+0000] {logging_mixin.py:137} INFO - [2023-02-09T23:10:01.726+0000] {dag.py:2690} INFO - Sync 1 DAGs
[2023-02-09T23:10:01.763+0000] {logging_mixin.py:137} INFO - [2023-02-09T23:10:01.762+0000] {dag.py:3441} INFO - Setting next_dagrun for example_skip_dag to 2023-02-08T23:10:01.762552+00:00, run_after=2023-02-09T23:10:01.762552+00:00
[2023-02-09T23:10:01.799+0000] {processor.py:175} INFO - Processing /home/airflow/.local/lib/python3.7/site-packages/airflow/example_dags/example_skip_dag.py took 0.162 seconds
[2023-02-09T23:10:32.140+0000] {processor.py:153} INFO - Started process (PID=3958) to work on /home/airflow/.local/lib/python3.7/site-packages/airflow/example_dags/example_skip_dag.py
[2023-02-09T23:10:32.141+0000] {processor.py:743} INFO - Processing file /home/airflow/.local/lib/python3.7/site-packages/airflow/example_dags/example_skip_dag.py for tasks to queue
[2023-02-09T23:10:32.142+0000] {logging_mixin.py:137} INFO - [2023-02-09T23:10:32.141+0000] {dagbag.py:538} INFO - Filling up the DagBag from /home/airflow/.local/lib/python3.7/site-packages/airflow/example_dags/example_skip_dag.py
[2023-02-09T23:10:32.158+0000] {processor.py:753} INFO - DAG(s) dict_keys(['example_skip_dag']) retrieved from /home/airflow/.local/lib/python3.7/site-packages/airflow/example_dags/example_skip_dag.py
[2023-02-09T23:10:32.189+0000] {logging_mixin.py:137} INFO - [2023-02-09T23:10:32.188+0000] {dag.py:2690} INFO - Sync 1 DAGs
[2023-02-09T23:10:32.220+0000] {logging_mixin.py:137} INFO - [2023-02-09T23:10:32.220+0000] {dag.py:3441} INFO - Setting next_dagrun for example_skip_dag to 2023-02-08T23:10:32.220188+00:00, run_after=2023-02-09T23:10:32.220188+00:00
[2023-02-09T23:10:32.250+0000] {processor.py:175} INFO - Processing /home/airflow/.local/lib/python3.7/site-packages/airflow/example_dags/example_skip_dag.py took 0.114 seconds
[2023-02-09T23:11:02.440+0000] {processor.py:153} INFO - Started process (PID=4022) to work on /home/airflow/.local/lib/python3.7/site-packages/airflow/example_dags/example_skip_dag.py
[2023-02-09T23:11:02.453+0000] {processor.py:743} INFO - Processing file /home/airflow/.local/lib/python3.7/site-packages/airflow/example_dags/example_skip_dag.py for tasks to queue
[2023-02-09T23:11:02.454+0000] {logging_mixin.py:137} INFO - [2023-02-09T23:11:02.454+0000] {dagbag.py:538} INFO - Filling up the DagBag from /home/airflow/.local/lib/python3.7/site-packages/airflow/example_dags/example_skip_dag.py
[2023-02-09T23:11:02.474+0000] {processor.py:753} INFO - DAG(s) dict_keys(['example_skip_dag']) retrieved from /home/airflow/.local/lib/python3.7/site-packages/airflow/example_dags/example_skip_dag.py
[2023-02-09T23:11:02.513+0000] {logging_mixin.py:137} INFO - [2023-02-09T23:11:02.513+0000] {dag.py:2690} INFO - Sync 1 DAGs
[2023-02-09T23:11:02.557+0000] {logging_mixin.py:137} INFO - [2023-02-09T23:11:02.556+0000] {dag.py:3441} INFO - Setting next_dagrun for example_skip_dag to 2023-02-08T23:11:02.556326+00:00, run_after=2023-02-09T23:11:02.556326+00:00
[2023-02-09T23:11:02.594+0000] {processor.py:175} INFO - Processing /home/airflow/.local/lib/python3.7/site-packages/airflow/example_dags/example_skip_dag.py took 0.158 seconds
[2023-02-09T23:11:33.419+0000] {processor.py:153} INFO - Started process (PID=4097) to work on /home/airflow/.local/lib/python3.7/site-packages/airflow/example_dags/example_skip_dag.py
[2023-02-09T23:11:33.420+0000] {processor.py:743} INFO - Processing file /home/airflow/.local/lib/python3.7/site-packages/airflow/example_dags/example_skip_dag.py for tasks to queue
[2023-02-09T23:11:33.422+0000] {logging_mixin.py:137} INFO - [2023-02-09T23:11:33.421+0000] {dagbag.py:538} INFO - Filling up the DagBag from /home/airflow/.local/lib/python3.7/site-packages/airflow/example_dags/example_skip_dag.py
[2023-02-09T23:11:33.443+0000] {processor.py:753} INFO - DAG(s) dict_keys(['example_skip_dag']) retrieved from /home/airflow/.local/lib/python3.7/site-packages/airflow/example_dags/example_skip_dag.py
[2023-02-09T23:11:33.481+0000] {logging_mixin.py:137} INFO - [2023-02-09T23:11:33.481+0000] {dag.py:2690} INFO - Sync 1 DAGs
[2023-02-09T23:11:33.516+0000] {logging_mixin.py:137} INFO - [2023-02-09T23:11:33.515+0000] {dag.py:3441} INFO - Setting next_dagrun for example_skip_dag to 2023-02-08T23:11:33.515493+00:00, run_after=2023-02-09T23:11:33.515493+00:00
[2023-02-09T23:11:33.542+0000] {processor.py:175} INFO - Processing /home/airflow/.local/lib/python3.7/site-packages/airflow/example_dags/example_skip_dag.py took 0.128 seconds
