[2023-02-09T22:42:26.927+0000] {processor.py:153} INFO - Started process (PID=87) to work on /home/airflow/.local/lib/python3.7/site-packages/airflow/example_dags/tutorial_dag.py
[2023-02-09T22:42:26.929+0000] {processor.py:743} INFO - Processing file /home/airflow/.local/lib/python3.7/site-packages/airflow/example_dags/tutorial_dag.py for tasks to queue
[2023-02-09T22:42:26.930+0000] {logging_mixin.py:137} INFO - [2023-02-09T22:42:26.929+0000] {dagbag.py:538} INFO - Filling up the DagBag from /home/airflow/.local/lib/python3.7/site-packages/airflow/example_dags/tutorial_dag.py
[2023-02-09T22:42:26.951+0000] {processor.py:753} INFO - DAG(s) dict_keys(['tutorial_dag']) retrieved from /home/airflow/.local/lib/python3.7/site-packages/airflow/example_dags/tutorial_dag.py
[2023-02-09T22:42:26.993+0000] {logging_mixin.py:137} INFO - [2023-02-09T22:42:26.993+0000] {dag.py:2690} INFO - Sync 1 DAGs
[2023-02-09T22:42:27.037+0000] {logging_mixin.py:137} INFO - [2023-02-09T22:42:27.037+0000] {dag.py:3441} INFO - Setting next_dagrun for tutorial_dag to None, run_after=None
[2023-02-09T22:42:27.099+0000] {processor.py:175} INFO - Processing /home/airflow/.local/lib/python3.7/site-packages/airflow/example_dags/tutorial_dag.py took 0.177 seconds
[2023-02-09T22:42:57.875+0000] {processor.py:153} INFO - Started process (PID=154) to work on /home/airflow/.local/lib/python3.7/site-packages/airflow/example_dags/tutorial_dag.py
[2023-02-09T22:42:57.876+0000] {processor.py:743} INFO - Processing file /home/airflow/.local/lib/python3.7/site-packages/airflow/example_dags/tutorial_dag.py for tasks to queue
[2023-02-09T22:42:57.877+0000] {logging_mixin.py:137} INFO - [2023-02-09T22:42:57.877+0000] {dagbag.py:538} INFO - Filling up the DagBag from /home/airflow/.local/lib/python3.7/site-packages/airflow/example_dags/tutorial_dag.py
[2023-02-09T22:42:57.895+0000] {processor.py:753} INFO - DAG(s) dict_keys(['tutorial_dag']) retrieved from /home/airflow/.local/lib/python3.7/site-packages/airflow/example_dags/tutorial_dag.py
[2023-02-09T22:42:57.938+0000] {logging_mixin.py:137} INFO - [2023-02-09T22:42:57.937+0000] {dag.py:2690} INFO - Sync 1 DAGs
[2023-02-09T22:42:57.982+0000] {logging_mixin.py:137} INFO - [2023-02-09T22:42:57.982+0000] {dag.py:3441} INFO - Setting next_dagrun for tutorial_dag to None, run_after=None
[2023-02-09T22:42:58.018+0000] {processor.py:175} INFO - Processing /home/airflow/.local/lib/python3.7/site-packages/airflow/example_dags/tutorial_dag.py took 0.147 seconds
[2023-02-09T22:43:28.419+0000] {processor.py:153} INFO - Started process (PID=232) to work on /home/airflow/.local/lib/python3.7/site-packages/airflow/example_dags/tutorial_dag.py
[2023-02-09T22:43:28.420+0000] {processor.py:743} INFO - Processing file /home/airflow/.local/lib/python3.7/site-packages/airflow/example_dags/tutorial_dag.py for tasks to queue
[2023-02-09T22:43:28.421+0000] {logging_mixin.py:137} INFO - [2023-02-09T22:43:28.421+0000] {dagbag.py:538} INFO - Filling up the DagBag from /home/airflow/.local/lib/python3.7/site-packages/airflow/example_dags/tutorial_dag.py
[2023-02-09T22:43:28.437+0000] {processor.py:753} INFO - DAG(s) dict_keys(['tutorial_dag']) retrieved from /home/airflow/.local/lib/python3.7/site-packages/airflow/example_dags/tutorial_dag.py
[2023-02-09T22:43:28.468+0000] {logging_mixin.py:137} INFO - [2023-02-09T22:43:28.468+0000] {dag.py:2690} INFO - Sync 1 DAGs
[2023-02-09T22:43:28.506+0000] {logging_mixin.py:137} INFO - [2023-02-09T22:43:28.506+0000] {dag.py:3441} INFO - Setting next_dagrun for tutorial_dag to None, run_after=None
[2023-02-09T22:43:28.555+0000] {processor.py:175} INFO - Processing /home/airflow/.local/lib/python3.7/site-packages/airflow/example_dags/tutorial_dag.py took 0.140 seconds
[2023-02-09T22:43:59.135+0000] {processor.py:153} INFO - Started process (PID=297) to work on /home/airflow/.local/lib/python3.7/site-packages/airflow/example_dags/tutorial_dag.py
[2023-02-09T22:43:59.136+0000] {processor.py:743} INFO - Processing file /home/airflow/.local/lib/python3.7/site-packages/airflow/example_dags/tutorial_dag.py for tasks to queue
[2023-02-09T22:43:59.137+0000] {logging_mixin.py:137} INFO - [2023-02-09T22:43:59.137+0000] {dagbag.py:538} INFO - Filling up the DagBag from /home/airflow/.local/lib/python3.7/site-packages/airflow/example_dags/tutorial_dag.py
[2023-02-09T22:43:59.152+0000] {processor.py:753} INFO - DAG(s) dict_keys(['tutorial_dag']) retrieved from /home/airflow/.local/lib/python3.7/site-packages/airflow/example_dags/tutorial_dag.py
[2023-02-09T22:43:59.182+0000] {logging_mixin.py:137} INFO - [2023-02-09T22:43:59.182+0000] {dag.py:2690} INFO - Sync 1 DAGs
[2023-02-09T22:43:59.209+0000] {logging_mixin.py:137} INFO - [2023-02-09T22:43:59.209+0000] {dag.py:3441} INFO - Setting next_dagrun for tutorial_dag to None, run_after=None
[2023-02-09T22:43:59.238+0000] {processor.py:175} INFO - Processing /home/airflow/.local/lib/python3.7/site-packages/airflow/example_dags/tutorial_dag.py took 0.109 seconds
[2023-02-09T22:44:30.460+0000] {processor.py:153} INFO - Started process (PID=373) to work on /home/airflow/.local/lib/python3.7/site-packages/airflow/example_dags/tutorial_dag.py
[2023-02-09T22:44:30.471+0000] {processor.py:743} INFO - Processing file /home/airflow/.local/lib/python3.7/site-packages/airflow/example_dags/tutorial_dag.py for tasks to queue
[2023-02-09T22:44:30.472+0000] {logging_mixin.py:137} INFO - [2023-02-09T22:44:30.472+0000] {dagbag.py:538} INFO - Filling up the DagBag from /home/airflow/.local/lib/python3.7/site-packages/airflow/example_dags/tutorial_dag.py
[2023-02-09T22:44:30.499+0000] {processor.py:753} INFO - DAG(s) dict_keys(['tutorial_dag']) retrieved from /home/airflow/.local/lib/python3.7/site-packages/airflow/example_dags/tutorial_dag.py
[2023-02-09T22:44:30.563+0000] {logging_mixin.py:137} INFO - [2023-02-09T22:44:30.563+0000] {dag.py:2690} INFO - Sync 1 DAGs
[2023-02-09T22:44:30.616+0000] {logging_mixin.py:137} INFO - [2023-02-09T22:44:30.616+0000] {dag.py:3441} INFO - Setting next_dagrun for tutorial_dag to None, run_after=None
[2023-02-09T22:44:30.674+0000] {processor.py:175} INFO - Processing /home/airflow/.local/lib/python3.7/site-packages/airflow/example_dags/tutorial_dag.py took 0.230 seconds
[2023-02-09T22:45:01.187+0000] {processor.py:153} INFO - Started process (PID=441) to work on /home/airflow/.local/lib/python3.7/site-packages/airflow/example_dags/tutorial_dag.py
[2023-02-09T22:45:01.188+0000] {processor.py:743} INFO - Processing file /home/airflow/.local/lib/python3.7/site-packages/airflow/example_dags/tutorial_dag.py for tasks to queue
[2023-02-09T22:45:01.189+0000] {logging_mixin.py:137} INFO - [2023-02-09T22:45:01.189+0000] {dagbag.py:538} INFO - Filling up the DagBag from /home/airflow/.local/lib/python3.7/site-packages/airflow/example_dags/tutorial_dag.py
[2023-02-09T22:45:01.205+0000] {processor.py:753} INFO - DAG(s) dict_keys(['tutorial_dag']) retrieved from /home/airflow/.local/lib/python3.7/site-packages/airflow/example_dags/tutorial_dag.py
[2023-02-09T22:45:01.238+0000] {logging_mixin.py:137} INFO - [2023-02-09T22:45:01.238+0000] {dag.py:2690} INFO - Sync 1 DAGs
[2023-02-09T22:45:01.265+0000] {logging_mixin.py:137} INFO - [2023-02-09T22:45:01.265+0000] {dag.py:3441} INFO - Setting next_dagrun for tutorial_dag to None, run_after=None
[2023-02-09T22:45:01.293+0000] {processor.py:175} INFO - Processing /home/airflow/.local/lib/python3.7/site-packages/airflow/example_dags/tutorial_dag.py took 0.109 seconds
[2023-02-09T22:45:31.746+0000] {processor.py:153} INFO - Started process (PID=506) to work on /home/airflow/.local/lib/python3.7/site-packages/airflow/example_dags/tutorial_dag.py
[2023-02-09T22:45:31.747+0000] {processor.py:743} INFO - Processing file /home/airflow/.local/lib/python3.7/site-packages/airflow/example_dags/tutorial_dag.py for tasks to queue
[2023-02-09T22:45:31.748+0000] {logging_mixin.py:137} INFO - [2023-02-09T22:45:31.748+0000] {dagbag.py:538} INFO - Filling up the DagBag from /home/airflow/.local/lib/python3.7/site-packages/airflow/example_dags/tutorial_dag.py
[2023-02-09T22:45:31.763+0000] {processor.py:753} INFO - DAG(s) dict_keys(['tutorial_dag']) retrieved from /home/airflow/.local/lib/python3.7/site-packages/airflow/example_dags/tutorial_dag.py
[2023-02-09T22:45:31.794+0000] {logging_mixin.py:137} INFO - [2023-02-09T22:45:31.794+0000] {dag.py:2690} INFO - Sync 1 DAGs
[2023-02-09T22:45:31.823+0000] {logging_mixin.py:137} INFO - [2023-02-09T22:45:31.823+0000] {dag.py:3441} INFO - Setting next_dagrun for tutorial_dag to None, run_after=None
[2023-02-09T22:45:31.848+0000] {processor.py:175} INFO - Processing /home/airflow/.local/lib/python3.7/site-packages/airflow/example_dags/tutorial_dag.py took 0.108 seconds
[2023-02-09T22:46:02.214+0000] {processor.py:153} INFO - Started process (PID=583) to work on /home/airflow/.local/lib/python3.7/site-packages/airflow/example_dags/tutorial_dag.py
[2023-02-09T22:46:02.215+0000] {processor.py:743} INFO - Processing file /home/airflow/.local/lib/python3.7/site-packages/airflow/example_dags/tutorial_dag.py for tasks to queue
[2023-02-09T22:46:02.216+0000] {logging_mixin.py:137} INFO - [2023-02-09T22:46:02.216+0000] {dagbag.py:538} INFO - Filling up the DagBag from /home/airflow/.local/lib/python3.7/site-packages/airflow/example_dags/tutorial_dag.py
[2023-02-09T22:46:02.237+0000] {processor.py:753} INFO - DAG(s) dict_keys(['tutorial_dag']) retrieved from /home/airflow/.local/lib/python3.7/site-packages/airflow/example_dags/tutorial_dag.py
[2023-02-09T22:46:02.278+0000] {logging_mixin.py:137} INFO - [2023-02-09T22:46:02.277+0000] {dag.py:2690} INFO - Sync 1 DAGs
[2023-02-09T22:46:02.320+0000] {logging_mixin.py:137} INFO - [2023-02-09T22:46:02.320+0000] {dag.py:3441} INFO - Setting next_dagrun for tutorial_dag to None, run_after=None
[2023-02-09T22:46:02.351+0000] {processor.py:175} INFO - Processing /home/airflow/.local/lib/python3.7/site-packages/airflow/example_dags/tutorial_dag.py took 0.143 seconds
[2023-02-09T22:46:32.633+0000] {processor.py:153} INFO - Started process (PID=650) to work on /home/airflow/.local/lib/python3.7/site-packages/airflow/example_dags/tutorial_dag.py
[2023-02-09T22:46:32.634+0000] {processor.py:743} INFO - Processing file /home/airflow/.local/lib/python3.7/site-packages/airflow/example_dags/tutorial_dag.py for tasks to queue
[2023-02-09T22:46:32.634+0000] {logging_mixin.py:137} INFO - [2023-02-09T22:46:32.634+0000] {dagbag.py:538} INFO - Filling up the DagBag from /home/airflow/.local/lib/python3.7/site-packages/airflow/example_dags/tutorial_dag.py
[2023-02-09T22:46:32.656+0000] {processor.py:753} INFO - DAG(s) dict_keys(['tutorial_dag']) retrieved from /home/airflow/.local/lib/python3.7/site-packages/airflow/example_dags/tutorial_dag.py
[2023-02-09T22:46:32.702+0000] {logging_mixin.py:137} INFO - [2023-02-09T22:46:32.702+0000] {dag.py:2690} INFO - Sync 1 DAGs
[2023-02-09T22:46:32.735+0000] {logging_mixin.py:137} INFO - [2023-02-09T22:46:32.735+0000] {dag.py:3441} INFO - Setting next_dagrun for tutorial_dag to None, run_after=None
[2023-02-09T22:46:32.768+0000] {processor.py:175} INFO - Processing /home/airflow/.local/lib/python3.7/site-packages/airflow/example_dags/tutorial_dag.py took 0.140 seconds
[2023-02-09T22:47:03.163+0000] {processor.py:153} INFO - Started process (PID=714) to work on /home/airflow/.local/lib/python3.7/site-packages/airflow/example_dags/tutorial_dag.py
[2023-02-09T22:47:03.164+0000] {processor.py:743} INFO - Processing file /home/airflow/.local/lib/python3.7/site-packages/airflow/example_dags/tutorial_dag.py for tasks to queue
[2023-02-09T22:47:03.165+0000] {logging_mixin.py:137} INFO - [2023-02-09T22:47:03.165+0000] {dagbag.py:538} INFO - Filling up the DagBag from /home/airflow/.local/lib/python3.7/site-packages/airflow/example_dags/tutorial_dag.py
[2023-02-09T22:47:03.184+0000] {processor.py:753} INFO - DAG(s) dict_keys(['tutorial_dag']) retrieved from /home/airflow/.local/lib/python3.7/site-packages/airflow/example_dags/tutorial_dag.py
[2023-02-09T22:47:03.224+0000] {logging_mixin.py:137} INFO - [2023-02-09T22:47:03.224+0000] {dag.py:2690} INFO - Sync 1 DAGs
[2023-02-09T22:47:03.265+0000] {logging_mixin.py:137} INFO - [2023-02-09T22:47:03.265+0000] {dag.py:3441} INFO - Setting next_dagrun for tutorial_dag to None, run_after=None
[2023-02-09T22:47:03.299+0000] {processor.py:175} INFO - Processing /home/airflow/.local/lib/python3.7/site-packages/airflow/example_dags/tutorial_dag.py took 0.141 seconds
[2023-02-09T22:47:34.318+0000] {processor.py:153} INFO - Started process (PID=793) to work on /home/airflow/.local/lib/python3.7/site-packages/airflow/example_dags/tutorial_dag.py
[2023-02-09T22:47:34.320+0000] {processor.py:743} INFO - Processing file /home/airflow/.local/lib/python3.7/site-packages/airflow/example_dags/tutorial_dag.py for tasks to queue
[2023-02-09T22:47:34.320+0000] {logging_mixin.py:137} INFO - [2023-02-09T22:47:34.320+0000] {dagbag.py:538} INFO - Filling up the DagBag from /home/airflow/.local/lib/python3.7/site-packages/airflow/example_dags/tutorial_dag.py
[2023-02-09T22:47:34.337+0000] {processor.py:753} INFO - DAG(s) dict_keys(['tutorial_dag']) retrieved from /home/airflow/.local/lib/python3.7/site-packages/airflow/example_dags/tutorial_dag.py
[2023-02-09T22:47:34.375+0000] {logging_mixin.py:137} INFO - [2023-02-09T22:47:34.375+0000] {dag.py:2690} INFO - Sync 1 DAGs
[2023-02-09T22:47:34.410+0000] {logging_mixin.py:137} INFO - [2023-02-09T22:47:34.410+0000] {dag.py:3441} INFO - Setting next_dagrun for tutorial_dag to None, run_after=None
[2023-02-09T22:47:34.444+0000] {processor.py:175} INFO - Processing /home/airflow/.local/lib/python3.7/site-packages/airflow/example_dags/tutorial_dag.py took 0.131 seconds
[2023-02-09T22:48:04.823+0000] {processor.py:153} INFO - Started process (PID=858) to work on /home/airflow/.local/lib/python3.7/site-packages/airflow/example_dags/tutorial_dag.py
[2023-02-09T22:48:04.824+0000] {processor.py:743} INFO - Processing file /home/airflow/.local/lib/python3.7/site-packages/airflow/example_dags/tutorial_dag.py for tasks to queue
[2023-02-09T22:48:04.825+0000] {logging_mixin.py:137} INFO - [2023-02-09T22:48:04.825+0000] {dagbag.py:538} INFO - Filling up the DagBag from /home/airflow/.local/lib/python3.7/site-packages/airflow/example_dags/tutorial_dag.py
[2023-02-09T22:48:04.845+0000] {processor.py:753} INFO - DAG(s) dict_keys(['tutorial_dag']) retrieved from /home/airflow/.local/lib/python3.7/site-packages/airflow/example_dags/tutorial_dag.py
[2023-02-09T22:48:04.878+0000] {logging_mixin.py:137} INFO - [2023-02-09T22:48:04.878+0000] {dag.py:2690} INFO - Sync 1 DAGs
[2023-02-09T22:48:04.906+0000] {logging_mixin.py:137} INFO - [2023-02-09T22:48:04.905+0000] {dag.py:3441} INFO - Setting next_dagrun for tutorial_dag to None, run_after=None
[2023-02-09T22:48:04.938+0000] {processor.py:175} INFO - Processing /home/airflow/.local/lib/python3.7/site-packages/airflow/example_dags/tutorial_dag.py took 0.121 seconds
[2023-02-09T22:48:35.419+0000] {processor.py:153} INFO - Started process (PID=935) to work on /home/airflow/.local/lib/python3.7/site-packages/airflow/example_dags/tutorial_dag.py
[2023-02-09T22:48:35.420+0000] {processor.py:743} INFO - Processing file /home/airflow/.local/lib/python3.7/site-packages/airflow/example_dags/tutorial_dag.py for tasks to queue
[2023-02-09T22:48:35.423+0000] {logging_mixin.py:137} INFO - [2023-02-09T22:48:35.423+0000] {dagbag.py:538} INFO - Filling up the DagBag from /home/airflow/.local/lib/python3.7/site-packages/airflow/example_dags/tutorial_dag.py
[2023-02-09T22:48:35.442+0000] {processor.py:753} INFO - DAG(s) dict_keys(['tutorial_dag']) retrieved from /home/airflow/.local/lib/python3.7/site-packages/airflow/example_dags/tutorial_dag.py
[2023-02-09T22:48:35.481+0000] {logging_mixin.py:137} INFO - [2023-02-09T22:48:35.481+0000] {dag.py:2690} INFO - Sync 1 DAGs
[2023-02-09T22:48:35.524+0000] {logging_mixin.py:137} INFO - [2023-02-09T22:48:35.524+0000] {dag.py:3441} INFO - Setting next_dagrun for tutorial_dag to None, run_after=None
[2023-02-09T22:48:35.559+0000] {processor.py:175} INFO - Processing /home/airflow/.local/lib/python3.7/site-packages/airflow/example_dags/tutorial_dag.py took 0.147 seconds
[2023-02-09T22:49:06.025+0000] {processor.py:153} INFO - Started process (PID=1001) to work on /home/airflow/.local/lib/python3.7/site-packages/airflow/example_dags/tutorial_dag.py
[2023-02-09T22:49:06.026+0000] {processor.py:743} INFO - Processing file /home/airflow/.local/lib/python3.7/site-packages/airflow/example_dags/tutorial_dag.py for tasks to queue
[2023-02-09T22:49:06.027+0000] {logging_mixin.py:137} INFO - [2023-02-09T22:49:06.027+0000] {dagbag.py:538} INFO - Filling up the DagBag from /home/airflow/.local/lib/python3.7/site-packages/airflow/example_dags/tutorial_dag.py
[2023-02-09T22:49:06.041+0000] {processor.py:753} INFO - DAG(s) dict_keys(['tutorial_dag']) retrieved from /home/airflow/.local/lib/python3.7/site-packages/airflow/example_dags/tutorial_dag.py
[2023-02-09T22:49:06.070+0000] {logging_mixin.py:137} INFO - [2023-02-09T22:49:06.070+0000] {dag.py:2690} INFO - Sync 1 DAGs
[2023-02-09T22:49:06.099+0000] {logging_mixin.py:137} INFO - [2023-02-09T22:49:06.099+0000] {dag.py:3441} INFO - Setting next_dagrun for tutorial_dag to None, run_after=None
[2023-02-09T22:49:06.126+0000] {processor.py:175} INFO - Processing /home/airflow/.local/lib/python3.7/site-packages/airflow/example_dags/tutorial_dag.py took 0.105 seconds
[2023-02-09T22:49:36.467+0000] {processor.py:153} INFO - Started process (PID=1068) to work on /home/airflow/.local/lib/python3.7/site-packages/airflow/example_dags/tutorial_dag.py
[2023-02-09T22:49:36.468+0000] {processor.py:743} INFO - Processing file /home/airflow/.local/lib/python3.7/site-packages/airflow/example_dags/tutorial_dag.py for tasks to queue
[2023-02-09T22:49:36.469+0000] {logging_mixin.py:137} INFO - [2023-02-09T22:49:36.469+0000] {dagbag.py:538} INFO - Filling up the DagBag from /home/airflow/.local/lib/python3.7/site-packages/airflow/example_dags/tutorial_dag.py
[2023-02-09T22:49:36.485+0000] {processor.py:753} INFO - DAG(s) dict_keys(['tutorial_dag']) retrieved from /home/airflow/.local/lib/python3.7/site-packages/airflow/example_dags/tutorial_dag.py
[2023-02-09T22:49:36.524+0000] {logging_mixin.py:137} INFO - [2023-02-09T22:49:36.523+0000] {dag.py:2690} INFO - Sync 1 DAGs
[2023-02-09T22:49:36.563+0000] {logging_mixin.py:137} INFO - [2023-02-09T22:49:36.563+0000] {dag.py:3441} INFO - Setting next_dagrun for tutorial_dag to None, run_after=None
[2023-02-09T22:49:36.598+0000] {processor.py:175} INFO - Processing /home/airflow/.local/lib/python3.7/site-packages/airflow/example_dags/tutorial_dag.py took 0.136 seconds
[2023-02-09T22:50:07.041+0000] {processor.py:153} INFO - Started process (PID=1145) to work on /home/airflow/.local/lib/python3.7/site-packages/airflow/example_dags/tutorial_dag.py
[2023-02-09T22:50:07.042+0000] {processor.py:743} INFO - Processing file /home/airflow/.local/lib/python3.7/site-packages/airflow/example_dags/tutorial_dag.py for tasks to queue
[2023-02-09T22:50:07.043+0000] {logging_mixin.py:137} INFO - [2023-02-09T22:50:07.043+0000] {dagbag.py:538} INFO - Filling up the DagBag from /home/airflow/.local/lib/python3.7/site-packages/airflow/example_dags/tutorial_dag.py
[2023-02-09T22:50:07.060+0000] {processor.py:753} INFO - DAG(s) dict_keys(['tutorial_dag']) retrieved from /home/airflow/.local/lib/python3.7/site-packages/airflow/example_dags/tutorial_dag.py
[2023-02-09T22:50:07.092+0000] {logging_mixin.py:137} INFO - [2023-02-09T22:50:07.092+0000] {dag.py:2690} INFO - Sync 1 DAGs
[2023-02-09T22:50:07.131+0000] {logging_mixin.py:137} INFO - [2023-02-09T22:50:07.131+0000] {dag.py:3441} INFO - Setting next_dagrun for tutorial_dag to None, run_after=None
[2023-02-09T22:50:07.169+0000] {processor.py:175} INFO - Processing /home/airflow/.local/lib/python3.7/site-packages/airflow/example_dags/tutorial_dag.py took 0.133 seconds
[2023-02-09T22:50:37.422+0000] {processor.py:153} INFO - Started process (PID=1211) to work on /home/airflow/.local/lib/python3.7/site-packages/airflow/example_dags/tutorial_dag.py
[2023-02-09T22:50:37.423+0000] {processor.py:743} INFO - Processing file /home/airflow/.local/lib/python3.7/site-packages/airflow/example_dags/tutorial_dag.py for tasks to queue
[2023-02-09T22:50:37.425+0000] {logging_mixin.py:137} INFO - [2023-02-09T22:50:37.425+0000] {dagbag.py:538} INFO - Filling up the DagBag from /home/airflow/.local/lib/python3.7/site-packages/airflow/example_dags/tutorial_dag.py
[2023-02-09T22:50:37.441+0000] {processor.py:753} INFO - DAG(s) dict_keys(['tutorial_dag']) retrieved from /home/airflow/.local/lib/python3.7/site-packages/airflow/example_dags/tutorial_dag.py
[2023-02-09T22:50:37.473+0000] {logging_mixin.py:137} INFO - [2023-02-09T22:50:37.473+0000] {dag.py:2690} INFO - Sync 1 DAGs
[2023-02-09T22:50:37.503+0000] {logging_mixin.py:137} INFO - [2023-02-09T22:50:37.503+0000] {dag.py:3441} INFO - Setting next_dagrun for tutorial_dag to None, run_after=None
[2023-02-09T22:50:37.533+0000] {processor.py:175} INFO - Processing /home/airflow/.local/lib/python3.7/site-packages/airflow/example_dags/tutorial_dag.py took 0.115 seconds
[2023-02-09T22:51:08.335+0000] {processor.py:153} INFO - Started process (PID=1286) to work on /home/airflow/.local/lib/python3.7/site-packages/airflow/example_dags/tutorial_dag.py
[2023-02-09T22:51:08.348+0000] {processor.py:743} INFO - Processing file /home/airflow/.local/lib/python3.7/site-packages/airflow/example_dags/tutorial_dag.py for tasks to queue
[2023-02-09T22:51:08.356+0000] {logging_mixin.py:137} INFO - [2023-02-09T22:51:08.356+0000] {dagbag.py:538} INFO - Filling up the DagBag from /home/airflow/.local/lib/python3.7/site-packages/airflow/example_dags/tutorial_dag.py
[2023-02-09T22:51:08.406+0000] {processor.py:753} INFO - DAG(s) dict_keys(['tutorial_dag']) retrieved from /home/airflow/.local/lib/python3.7/site-packages/airflow/example_dags/tutorial_dag.py
[2023-02-09T22:51:08.452+0000] {logging_mixin.py:137} INFO - [2023-02-09T22:51:08.451+0000] {dag.py:2690} INFO - Sync 1 DAGs
[2023-02-09T22:51:08.492+0000] {logging_mixin.py:137} INFO - [2023-02-09T22:51:08.492+0000] {dag.py:3441} INFO - Setting next_dagrun for tutorial_dag to None, run_after=None
[2023-02-09T22:51:08.537+0000] {processor.py:175} INFO - Processing /home/airflow/.local/lib/python3.7/site-packages/airflow/example_dags/tutorial_dag.py took 0.219 seconds
[2023-02-09T22:51:38.746+0000] {processor.py:153} INFO - Started process (PID=1354) to work on /home/airflow/.local/lib/python3.7/site-packages/airflow/example_dags/tutorial_dag.py
[2023-02-09T22:51:38.748+0000] {processor.py:743} INFO - Processing file /home/airflow/.local/lib/python3.7/site-packages/airflow/example_dags/tutorial_dag.py for tasks to queue
[2023-02-09T22:51:38.748+0000] {logging_mixin.py:137} INFO - [2023-02-09T22:51:38.748+0000] {dagbag.py:538} INFO - Filling up the DagBag from /home/airflow/.local/lib/python3.7/site-packages/airflow/example_dags/tutorial_dag.py
[2023-02-09T22:51:38.763+0000] {processor.py:753} INFO - DAG(s) dict_keys(['tutorial_dag']) retrieved from /home/airflow/.local/lib/python3.7/site-packages/airflow/example_dags/tutorial_dag.py
[2023-02-09T22:51:38.792+0000] {logging_mixin.py:137} INFO - [2023-02-09T22:51:38.792+0000] {dag.py:2690} INFO - Sync 1 DAGs
[2023-02-09T22:51:38.819+0000] {logging_mixin.py:137} INFO - [2023-02-09T22:51:38.819+0000] {dag.py:3441} INFO - Setting next_dagrun for tutorial_dag to None, run_after=None
[2023-02-09T22:51:38.846+0000] {processor.py:175} INFO - Processing /home/airflow/.local/lib/python3.7/site-packages/airflow/example_dags/tutorial_dag.py took 0.103 seconds
[2023-02-09T22:52:09.193+0000] {processor.py:153} INFO - Started process (PID=1419) to work on /home/airflow/.local/lib/python3.7/site-packages/airflow/example_dags/tutorial_dag.py
[2023-02-09T22:52:09.194+0000] {processor.py:743} INFO - Processing file /home/airflow/.local/lib/python3.7/site-packages/airflow/example_dags/tutorial_dag.py for tasks to queue
[2023-02-09T22:52:09.195+0000] {logging_mixin.py:137} INFO - [2023-02-09T22:52:09.195+0000] {dagbag.py:538} INFO - Filling up the DagBag from /home/airflow/.local/lib/python3.7/site-packages/airflow/example_dags/tutorial_dag.py
[2023-02-09T22:52:09.211+0000] {processor.py:753} INFO - DAG(s) dict_keys(['tutorial_dag']) retrieved from /home/airflow/.local/lib/python3.7/site-packages/airflow/example_dags/tutorial_dag.py
[2023-02-09T22:52:09.240+0000] {logging_mixin.py:137} INFO - [2023-02-09T22:52:09.240+0000] {dag.py:2690} INFO - Sync 1 DAGs
[2023-02-09T22:52:09.268+0000] {logging_mixin.py:137} INFO - [2023-02-09T22:52:09.268+0000] {dag.py:3441} INFO - Setting next_dagrun for tutorial_dag to None, run_after=None
[2023-02-09T22:52:09.301+0000] {processor.py:175} INFO - Processing /home/airflow/.local/lib/python3.7/site-packages/airflow/example_dags/tutorial_dag.py took 0.113 seconds
[2023-02-09T22:52:40.251+0000] {processor.py:153} INFO - Started process (PID=1496) to work on /home/airflow/.local/lib/python3.7/site-packages/airflow/example_dags/tutorial_dag.py
[2023-02-09T22:52:40.256+0000] {processor.py:743} INFO - Processing file /home/airflow/.local/lib/python3.7/site-packages/airflow/example_dags/tutorial_dag.py for tasks to queue
[2023-02-09T22:52:40.256+0000] {logging_mixin.py:137} INFO - [2023-02-09T22:52:40.256+0000] {dagbag.py:538} INFO - Filling up the DagBag from /home/airflow/.local/lib/python3.7/site-packages/airflow/example_dags/tutorial_dag.py
[2023-02-09T22:52:40.271+0000] {processor.py:753} INFO - DAG(s) dict_keys(['tutorial_dag']) retrieved from /home/airflow/.local/lib/python3.7/site-packages/airflow/example_dags/tutorial_dag.py
[2023-02-09T22:52:40.301+0000] {logging_mixin.py:137} INFO - [2023-02-09T22:52:40.301+0000] {dag.py:2690} INFO - Sync 1 DAGs
[2023-02-09T22:52:40.329+0000] {logging_mixin.py:137} INFO - [2023-02-09T22:52:40.329+0000] {dag.py:3441} INFO - Setting next_dagrun for tutorial_dag to None, run_after=None
[2023-02-09T22:52:40.355+0000] {processor.py:175} INFO - Processing /home/airflow/.local/lib/python3.7/site-packages/airflow/example_dags/tutorial_dag.py took 0.108 seconds
[2023-02-09T22:53:10.701+0000] {processor.py:153} INFO - Started process (PID=1561) to work on /home/airflow/.local/lib/python3.7/site-packages/airflow/example_dags/tutorial_dag.py
[2023-02-09T22:53:10.702+0000] {processor.py:743} INFO - Processing file /home/airflow/.local/lib/python3.7/site-packages/airflow/example_dags/tutorial_dag.py for tasks to queue
[2023-02-09T22:53:10.703+0000] {logging_mixin.py:137} INFO - [2023-02-09T22:53:10.703+0000] {dagbag.py:538} INFO - Filling up the DagBag from /home/airflow/.local/lib/python3.7/site-packages/airflow/example_dags/tutorial_dag.py
[2023-02-09T22:53:10.717+0000] {processor.py:753} INFO - DAG(s) dict_keys(['tutorial_dag']) retrieved from /home/airflow/.local/lib/python3.7/site-packages/airflow/example_dags/tutorial_dag.py
[2023-02-09T22:53:10.754+0000] {logging_mixin.py:137} INFO - [2023-02-09T22:53:10.753+0000] {dag.py:2690} INFO - Sync 1 DAGs
[2023-02-09T22:53:10.786+0000] {logging_mixin.py:137} INFO - [2023-02-09T22:53:10.786+0000] {dag.py:3441} INFO - Setting next_dagrun for tutorial_dag to None, run_after=None
[2023-02-09T22:53:10.816+0000] {processor.py:175} INFO - Processing /home/airflow/.local/lib/python3.7/site-packages/airflow/example_dags/tutorial_dag.py took 0.119 seconds
[2023-02-09T22:53:41.538+0000] {processor.py:153} INFO - Started process (PID=1636) to work on /home/airflow/.local/lib/python3.7/site-packages/airflow/example_dags/tutorial_dag.py
[2023-02-09T22:53:41.539+0000] {processor.py:743} INFO - Processing file /home/airflow/.local/lib/python3.7/site-packages/airflow/example_dags/tutorial_dag.py for tasks to queue
[2023-02-09T22:53:41.540+0000] {logging_mixin.py:137} INFO - [2023-02-09T22:53:41.540+0000] {dagbag.py:538} INFO - Filling up the DagBag from /home/airflow/.local/lib/python3.7/site-packages/airflow/example_dags/tutorial_dag.py
[2023-02-09T22:53:41.558+0000] {processor.py:753} INFO - DAG(s) dict_keys(['tutorial_dag']) retrieved from /home/airflow/.local/lib/python3.7/site-packages/airflow/example_dags/tutorial_dag.py
[2023-02-09T22:53:41.597+0000] {logging_mixin.py:137} INFO - [2023-02-09T22:53:41.597+0000] {dag.py:2690} INFO - Sync 1 DAGs
[2023-02-09T22:53:41.643+0000] {logging_mixin.py:137} INFO - [2023-02-09T22:53:41.642+0000] {dag.py:3441} INFO - Setting next_dagrun for tutorial_dag to None, run_after=None
[2023-02-09T22:53:41.679+0000] {processor.py:175} INFO - Processing /home/airflow/.local/lib/python3.7/site-packages/airflow/example_dags/tutorial_dag.py took 0.147 seconds
[2023-02-09T22:54:11.900+0000] {processor.py:153} INFO - Started process (PID=1705) to work on /home/airflow/.local/lib/python3.7/site-packages/airflow/example_dags/tutorial_dag.py
[2023-02-09T22:54:11.901+0000] {processor.py:743} INFO - Processing file /home/airflow/.local/lib/python3.7/site-packages/airflow/example_dags/tutorial_dag.py for tasks to queue
[2023-02-09T22:54:11.901+0000] {logging_mixin.py:137} INFO - [2023-02-09T22:54:11.901+0000] {dagbag.py:538} INFO - Filling up the DagBag from /home/airflow/.local/lib/python3.7/site-packages/airflow/example_dags/tutorial_dag.py
[2023-02-09T22:54:11.916+0000] {processor.py:753} INFO - DAG(s) dict_keys(['tutorial_dag']) retrieved from /home/airflow/.local/lib/python3.7/site-packages/airflow/example_dags/tutorial_dag.py
[2023-02-09T22:54:11.949+0000] {logging_mixin.py:137} INFO - [2023-02-09T22:54:11.949+0000] {dag.py:2690} INFO - Sync 1 DAGs
[2023-02-09T22:54:11.976+0000] {logging_mixin.py:137} INFO - [2023-02-09T22:54:11.976+0000] {dag.py:3441} INFO - Setting next_dagrun for tutorial_dag to None, run_after=None
[2023-02-09T22:54:12.002+0000] {processor.py:175} INFO - Processing /home/airflow/.local/lib/python3.7/site-packages/airflow/example_dags/tutorial_dag.py took 0.107 seconds
[2023-02-09T22:54:42.346+0000] {processor.py:153} INFO - Started process (PID=1770) to work on /home/airflow/.local/lib/python3.7/site-packages/airflow/example_dags/tutorial_dag.py
[2023-02-09T22:54:42.347+0000] {processor.py:743} INFO - Processing file /home/airflow/.local/lib/python3.7/site-packages/airflow/example_dags/tutorial_dag.py for tasks to queue
[2023-02-09T22:54:42.348+0000] {logging_mixin.py:137} INFO - [2023-02-09T22:54:42.348+0000] {dagbag.py:538} INFO - Filling up the DagBag from /home/airflow/.local/lib/python3.7/site-packages/airflow/example_dags/tutorial_dag.py
[2023-02-09T22:54:42.365+0000] {processor.py:753} INFO - DAG(s) dict_keys(['tutorial_dag']) retrieved from /home/airflow/.local/lib/python3.7/site-packages/airflow/example_dags/tutorial_dag.py
[2023-02-09T22:54:42.393+0000] {logging_mixin.py:137} INFO - [2023-02-09T22:54:42.392+0000] {dag.py:2690} INFO - Sync 1 DAGs
[2023-02-09T22:54:42.420+0000] {logging_mixin.py:137} INFO - [2023-02-09T22:54:42.420+0000] {dag.py:3441} INFO - Setting next_dagrun for tutorial_dag to None, run_after=None
[2023-02-09T22:54:42.448+0000] {processor.py:175} INFO - Processing /home/airflow/.local/lib/python3.7/site-packages/airflow/example_dags/tutorial_dag.py took 0.107 seconds
[2023-02-09T22:55:13.185+0000] {processor.py:153} INFO - Started process (PID=1848) to work on /home/airflow/.local/lib/python3.7/site-packages/airflow/example_dags/tutorial_dag.py
[2023-02-09T22:55:13.186+0000] {processor.py:743} INFO - Processing file /home/airflow/.local/lib/python3.7/site-packages/airflow/example_dags/tutorial_dag.py for tasks to queue
[2023-02-09T22:55:13.188+0000] {logging_mixin.py:137} INFO - [2023-02-09T22:55:13.188+0000] {dagbag.py:538} INFO - Filling up the DagBag from /home/airflow/.local/lib/python3.7/site-packages/airflow/example_dags/tutorial_dag.py
[2023-02-09T22:55:13.205+0000] {processor.py:753} INFO - DAG(s) dict_keys(['tutorial_dag']) retrieved from /home/airflow/.local/lib/python3.7/site-packages/airflow/example_dags/tutorial_dag.py
[2023-02-09T22:55:13.239+0000] {logging_mixin.py:137} INFO - [2023-02-09T22:55:13.239+0000] {dag.py:2690} INFO - Sync 1 DAGs
[2023-02-09T22:55:13.266+0000] {logging_mixin.py:137} INFO - [2023-02-09T22:55:13.266+0000] {dag.py:3441} INFO - Setting next_dagrun for tutorial_dag to None, run_after=None
[2023-02-09T22:55:13.293+0000] {processor.py:175} INFO - Processing /home/airflow/.local/lib/python3.7/site-packages/airflow/example_dags/tutorial_dag.py took 0.113 seconds
[2023-02-09T22:55:43.693+0000] {processor.py:153} INFO - Started process (PID=1914) to work on /home/airflow/.local/lib/python3.7/site-packages/airflow/example_dags/tutorial_dag.py
[2023-02-09T22:55:43.694+0000] {processor.py:743} INFO - Processing file /home/airflow/.local/lib/python3.7/site-packages/airflow/example_dags/tutorial_dag.py for tasks to queue
[2023-02-09T22:55:43.695+0000] {logging_mixin.py:137} INFO - [2023-02-09T22:55:43.695+0000] {dagbag.py:538} INFO - Filling up the DagBag from /home/airflow/.local/lib/python3.7/site-packages/airflow/example_dags/tutorial_dag.py
[2023-02-09T22:55:43.712+0000] {processor.py:753} INFO - DAG(s) dict_keys(['tutorial_dag']) retrieved from /home/airflow/.local/lib/python3.7/site-packages/airflow/example_dags/tutorial_dag.py
[2023-02-09T22:55:43.743+0000] {logging_mixin.py:137} INFO - [2023-02-09T22:55:43.743+0000] {dag.py:2690} INFO - Sync 1 DAGs
[2023-02-09T22:55:43.773+0000] {logging_mixin.py:137} INFO - [2023-02-09T22:55:43.773+0000] {dag.py:3441} INFO - Setting next_dagrun for tutorial_dag to None, run_after=None
[2023-02-09T22:55:43.805+0000] {processor.py:175} INFO - Processing /home/airflow/.local/lib/python3.7/site-packages/airflow/example_dags/tutorial_dag.py took 0.117 seconds
[2023-02-09T22:56:14.301+0000] {processor.py:153} INFO - Started process (PID=1991) to work on /home/airflow/.local/lib/python3.7/site-packages/airflow/example_dags/tutorial_dag.py
[2023-02-09T22:56:14.312+0000] {processor.py:743} INFO - Processing file /home/airflow/.local/lib/python3.7/site-packages/airflow/example_dags/tutorial_dag.py for tasks to queue
[2023-02-09T22:56:14.315+0000] {logging_mixin.py:137} INFO - [2023-02-09T22:56:14.314+0000] {dagbag.py:538} INFO - Filling up the DagBag from /home/airflow/.local/lib/python3.7/site-packages/airflow/example_dags/tutorial_dag.py
[2023-02-09T22:56:14.330+0000] {processor.py:753} INFO - DAG(s) dict_keys(['tutorial_dag']) retrieved from /home/airflow/.local/lib/python3.7/site-packages/airflow/example_dags/tutorial_dag.py
[2023-02-09T22:56:14.424+0000] {logging_mixin.py:137} INFO - [2023-02-09T22:56:14.424+0000] {dag.py:2690} INFO - Sync 1 DAGs
[2023-02-09T22:56:14.492+0000] {logging_mixin.py:137} INFO - [2023-02-09T22:56:14.492+0000] {dag.py:3441} INFO - Setting next_dagrun for tutorial_dag to None, run_after=None
[2023-02-09T22:56:14.550+0000] {processor.py:175} INFO - Processing /home/airflow/.local/lib/python3.7/site-packages/airflow/example_dags/tutorial_dag.py took 0.259 seconds
[2023-02-09T22:56:44.922+0000] {processor.py:153} INFO - Started process (PID=2055) to work on /home/airflow/.local/lib/python3.7/site-packages/airflow/example_dags/tutorial_dag.py
[2023-02-09T22:56:44.924+0000] {processor.py:743} INFO - Processing file /home/airflow/.local/lib/python3.7/site-packages/airflow/example_dags/tutorial_dag.py for tasks to queue
[2023-02-09T22:56:44.924+0000] {logging_mixin.py:137} INFO - [2023-02-09T22:56:44.924+0000] {dagbag.py:538} INFO - Filling up the DagBag from /home/airflow/.local/lib/python3.7/site-packages/airflow/example_dags/tutorial_dag.py
[2023-02-09T22:56:44.943+0000] {processor.py:753} INFO - DAG(s) dict_keys(['tutorial_dag']) retrieved from /home/airflow/.local/lib/python3.7/site-packages/airflow/example_dags/tutorial_dag.py
[2023-02-09T22:56:44.990+0000] {logging_mixin.py:137} INFO - [2023-02-09T22:56:44.989+0000] {dag.py:2690} INFO - Sync 1 DAGs
[2023-02-09T22:56:45.031+0000] {logging_mixin.py:137} INFO - [2023-02-09T22:56:45.031+0000] {dag.py:3441} INFO - Setting next_dagrun for tutorial_dag to None, run_after=None
[2023-02-09T22:56:45.066+0000] {processor.py:175} INFO - Processing /home/airflow/.local/lib/python3.7/site-packages/airflow/example_dags/tutorial_dag.py took 0.148 seconds
[2023-02-09T22:57:15.228+0000] {processor.py:153} INFO - Started process (PID=2119) to work on /home/airflow/.local/lib/python3.7/site-packages/airflow/example_dags/tutorial_dag.py
[2023-02-09T22:57:15.229+0000] {processor.py:743} INFO - Processing file /home/airflow/.local/lib/python3.7/site-packages/airflow/example_dags/tutorial_dag.py for tasks to queue
[2023-02-09T22:57:15.229+0000] {logging_mixin.py:137} INFO - [2023-02-09T22:57:15.229+0000] {dagbag.py:538} INFO - Filling up the DagBag from /home/airflow/.local/lib/python3.7/site-packages/airflow/example_dags/tutorial_dag.py
[2023-02-09T22:57:15.244+0000] {processor.py:753} INFO - DAG(s) dict_keys(['tutorial_dag']) retrieved from /home/airflow/.local/lib/python3.7/site-packages/airflow/example_dags/tutorial_dag.py
[2023-02-09T22:57:15.276+0000] {logging_mixin.py:137} INFO - [2023-02-09T22:57:15.276+0000] {dag.py:2690} INFO - Sync 1 DAGs
[2023-02-09T22:57:15.304+0000] {logging_mixin.py:137} INFO - [2023-02-09T22:57:15.304+0000] {dag.py:3441} INFO - Setting next_dagrun for tutorial_dag to None, run_after=None
[2023-02-09T22:57:15.333+0000] {processor.py:175} INFO - Processing /home/airflow/.local/lib/python3.7/site-packages/airflow/example_dags/tutorial_dag.py took 0.109 seconds
[2023-02-09T22:57:45.607+0000] {processor.py:153} INFO - Started process (PID=2196) to work on /home/airflow/.local/lib/python3.7/site-packages/airflow/example_dags/tutorial_dag.py
[2023-02-09T22:57:45.608+0000] {processor.py:743} INFO - Processing file /home/airflow/.local/lib/python3.7/site-packages/airflow/example_dags/tutorial_dag.py for tasks to queue
[2023-02-09T22:57:45.609+0000] {logging_mixin.py:137} INFO - [2023-02-09T22:57:45.609+0000] {dagbag.py:538} INFO - Filling up the DagBag from /home/airflow/.local/lib/python3.7/site-packages/airflow/example_dags/tutorial_dag.py
[2023-02-09T22:57:45.631+0000] {processor.py:753} INFO - DAG(s) dict_keys(['tutorial_dag']) retrieved from /home/airflow/.local/lib/python3.7/site-packages/airflow/example_dags/tutorial_dag.py
[2023-02-09T22:57:45.683+0000] {logging_mixin.py:137} INFO - [2023-02-09T22:57:45.683+0000] {dag.py:2690} INFO - Sync 1 DAGs
[2023-02-09T22:57:45.728+0000] {logging_mixin.py:137} INFO - [2023-02-09T22:57:45.728+0000] {dag.py:3441} INFO - Setting next_dagrun for tutorial_dag to None, run_after=None
[2023-02-09T22:57:45.764+0000] {processor.py:175} INFO - Processing /home/airflow/.local/lib/python3.7/site-packages/airflow/example_dags/tutorial_dag.py took 0.164 seconds
[2023-02-09T22:58:15.956+0000] {processor.py:153} INFO - Started process (PID=2261) to work on /home/airflow/.local/lib/python3.7/site-packages/airflow/example_dags/tutorial_dag.py
[2023-02-09T22:58:15.957+0000] {processor.py:743} INFO - Processing file /home/airflow/.local/lib/python3.7/site-packages/airflow/example_dags/tutorial_dag.py for tasks to queue
[2023-02-09T22:58:15.958+0000] {logging_mixin.py:137} INFO - [2023-02-09T22:58:15.958+0000] {dagbag.py:538} INFO - Filling up the DagBag from /home/airflow/.local/lib/python3.7/site-packages/airflow/example_dags/tutorial_dag.py
[2023-02-09T22:58:15.976+0000] {processor.py:753} INFO - DAG(s) dict_keys(['tutorial_dag']) retrieved from /home/airflow/.local/lib/python3.7/site-packages/airflow/example_dags/tutorial_dag.py
[2023-02-09T22:58:16.015+0000] {logging_mixin.py:137} INFO - [2023-02-09T22:58:16.015+0000] {dag.py:2690} INFO - Sync 1 DAGs
[2023-02-09T22:58:16.043+0000] {logging_mixin.py:137} INFO - [2023-02-09T22:58:16.043+0000] {dag.py:3441} INFO - Setting next_dagrun for tutorial_dag to None, run_after=None
[2023-02-09T22:58:16.071+0000] {processor.py:175} INFO - Processing /home/airflow/.local/lib/python3.7/site-packages/airflow/example_dags/tutorial_dag.py took 0.123 seconds
[2023-02-09T22:58:46.473+0000] {processor.py:153} INFO - Started process (PID=2327) to work on /home/airflow/.local/lib/python3.7/site-packages/airflow/example_dags/tutorial_dag.py
[2023-02-09T22:58:46.474+0000] {processor.py:743} INFO - Processing file /home/airflow/.local/lib/python3.7/site-packages/airflow/example_dags/tutorial_dag.py for tasks to queue
[2023-02-09T22:58:46.475+0000] {logging_mixin.py:137} INFO - [2023-02-09T22:58:46.475+0000] {dagbag.py:538} INFO - Filling up the DagBag from /home/airflow/.local/lib/python3.7/site-packages/airflow/example_dags/tutorial_dag.py
[2023-02-09T22:58:46.490+0000] {processor.py:753} INFO - DAG(s) dict_keys(['tutorial_dag']) retrieved from /home/airflow/.local/lib/python3.7/site-packages/airflow/example_dags/tutorial_dag.py
[2023-02-09T22:58:46.522+0000] {logging_mixin.py:137} INFO - [2023-02-09T22:58:46.521+0000] {dag.py:2690} INFO - Sync 1 DAGs
[2023-02-09T22:58:46.548+0000] {logging_mixin.py:137} INFO - [2023-02-09T22:58:46.548+0000] {dag.py:3441} INFO - Setting next_dagrun for tutorial_dag to None, run_after=None
[2023-02-09T22:58:46.583+0000] {processor.py:175} INFO - Processing /home/airflow/.local/lib/python3.7/site-packages/airflow/example_dags/tutorial_dag.py took 0.114 seconds
[2023-02-09T22:59:17.335+0000] {processor.py:153} INFO - Started process (PID=2403) to work on /home/airflow/.local/lib/python3.7/site-packages/airflow/example_dags/tutorial_dag.py
[2023-02-09T22:59:17.336+0000] {processor.py:743} INFO - Processing file /home/airflow/.local/lib/python3.7/site-packages/airflow/example_dags/tutorial_dag.py for tasks to queue
[2023-02-09T22:59:17.337+0000] {logging_mixin.py:137} INFO - [2023-02-09T22:59:17.337+0000] {dagbag.py:538} INFO - Filling up the DagBag from /home/airflow/.local/lib/python3.7/site-packages/airflow/example_dags/tutorial_dag.py
[2023-02-09T22:59:17.351+0000] {processor.py:753} INFO - DAG(s) dict_keys(['tutorial_dag']) retrieved from /home/airflow/.local/lib/python3.7/site-packages/airflow/example_dags/tutorial_dag.py
[2023-02-09T22:59:17.382+0000] {logging_mixin.py:137} INFO - [2023-02-09T22:59:17.382+0000] {dag.py:2690} INFO - Sync 1 DAGs
[2023-02-09T22:59:17.411+0000] {logging_mixin.py:137} INFO - [2023-02-09T22:59:17.411+0000] {dag.py:3441} INFO - Setting next_dagrun for tutorial_dag to None, run_after=None
[2023-02-09T22:59:17.440+0000] {processor.py:175} INFO - Processing /home/airflow/.local/lib/python3.7/site-packages/airflow/example_dags/tutorial_dag.py took 0.109 seconds
[2023-02-09T22:59:47.706+0000] {processor.py:153} INFO - Started process (PID=2468) to work on /home/airflow/.local/lib/python3.7/site-packages/airflow/example_dags/tutorial_dag.py
[2023-02-09T22:59:47.707+0000] {processor.py:743} INFO - Processing file /home/airflow/.local/lib/python3.7/site-packages/airflow/example_dags/tutorial_dag.py for tasks to queue
[2023-02-09T22:59:47.708+0000] {logging_mixin.py:137} INFO - [2023-02-09T22:59:47.707+0000] {dagbag.py:538} INFO - Filling up the DagBag from /home/airflow/.local/lib/python3.7/site-packages/airflow/example_dags/tutorial_dag.py
[2023-02-09T22:59:47.722+0000] {processor.py:753} INFO - DAG(s) dict_keys(['tutorial_dag']) retrieved from /home/airflow/.local/lib/python3.7/site-packages/airflow/example_dags/tutorial_dag.py
[2023-02-09T22:59:47.752+0000] {logging_mixin.py:137} INFO - [2023-02-09T22:59:47.752+0000] {dag.py:2690} INFO - Sync 1 DAGs
[2023-02-09T22:59:47.781+0000] {logging_mixin.py:137} INFO - [2023-02-09T22:59:47.781+0000] {dag.py:3441} INFO - Setting next_dagrun for tutorial_dag to None, run_after=None
[2023-02-09T22:59:47.810+0000] {processor.py:175} INFO - Processing /home/airflow/.local/lib/python3.7/site-packages/airflow/example_dags/tutorial_dag.py took 0.108 seconds
[2023-02-09T23:00:18.134+0000] {processor.py:153} INFO - Started process (PID=2541) to work on /home/airflow/.local/lib/python3.7/site-packages/airflow/example_dags/tutorial_dag.py
[2023-02-09T23:00:18.137+0000] {processor.py:743} INFO - Processing file /home/airflow/.local/lib/python3.7/site-packages/airflow/example_dags/tutorial_dag.py for tasks to queue
[2023-02-09T23:00:18.138+0000] {logging_mixin.py:137} INFO - [2023-02-09T23:00:18.138+0000] {dagbag.py:538} INFO - Filling up the DagBag from /home/airflow/.local/lib/python3.7/site-packages/airflow/example_dags/tutorial_dag.py
[2023-02-09T23:00:18.168+0000] {processor.py:753} INFO - DAG(s) dict_keys(['tutorial_dag']) retrieved from /home/airflow/.local/lib/python3.7/site-packages/airflow/example_dags/tutorial_dag.py
[2023-02-09T23:00:18.228+0000] {logging_mixin.py:137} INFO - [2023-02-09T23:00:18.228+0000] {dag.py:2690} INFO - Sync 1 DAGs
[2023-02-09T23:00:18.275+0000] {logging_mixin.py:137} INFO - [2023-02-09T23:00:18.275+0000] {dag.py:3441} INFO - Setting next_dagrun for tutorial_dag to None, run_after=None
[2023-02-09T23:00:18.324+0000] {processor.py:175} INFO - Processing /home/airflow/.local/lib/python3.7/site-packages/airflow/example_dags/tutorial_dag.py took 0.205 seconds
[2023-02-09T23:00:48.579+0000] {processor.py:153} INFO - Started process (PID=2609) to work on /home/airflow/.local/lib/python3.7/site-packages/airflow/example_dags/tutorial_dag.py
[2023-02-09T23:00:48.582+0000] {processor.py:743} INFO - Processing file /home/airflow/.local/lib/python3.7/site-packages/airflow/example_dags/tutorial_dag.py for tasks to queue
[2023-02-09T23:00:48.583+0000] {logging_mixin.py:137} INFO - [2023-02-09T23:00:48.583+0000] {dagbag.py:538} INFO - Filling up the DagBag from /home/airflow/.local/lib/python3.7/site-packages/airflow/example_dags/tutorial_dag.py
[2023-02-09T23:00:48.598+0000] {processor.py:753} INFO - DAG(s) dict_keys(['tutorial_dag']) retrieved from /home/airflow/.local/lib/python3.7/site-packages/airflow/example_dags/tutorial_dag.py
[2023-02-09T23:00:48.630+0000] {logging_mixin.py:137} INFO - [2023-02-09T23:00:48.630+0000] {dag.py:2690} INFO - Sync 1 DAGs
[2023-02-09T23:00:48.660+0000] {logging_mixin.py:137} INFO - [2023-02-09T23:00:48.660+0000] {dag.py:3441} INFO - Setting next_dagrun for tutorial_dag to None, run_after=None
[2023-02-09T23:00:48.691+0000] {processor.py:175} INFO - Processing /home/airflow/.local/lib/python3.7/site-packages/airflow/example_dags/tutorial_dag.py took 0.117 seconds
[2023-02-09T23:01:19.551+0000] {processor.py:153} INFO - Started process (PID=2676) to work on /home/airflow/.local/lib/python3.7/site-packages/airflow/example_dags/tutorial_dag.py
[2023-02-09T23:01:19.559+0000] {processor.py:743} INFO - Processing file /home/airflow/.local/lib/python3.7/site-packages/airflow/example_dags/tutorial_dag.py for tasks to queue
[2023-02-09T23:01:19.560+0000] {logging_mixin.py:137} INFO - [2023-02-09T23:01:19.560+0000] {dagbag.py:538} INFO - Filling up the DagBag from /home/airflow/.local/lib/python3.7/site-packages/airflow/example_dags/tutorial_dag.py
[2023-02-09T23:01:19.581+0000] {processor.py:753} INFO - DAG(s) dict_keys(['tutorial_dag']) retrieved from /home/airflow/.local/lib/python3.7/site-packages/airflow/example_dags/tutorial_dag.py
[2023-02-09T23:01:19.672+0000] {logging_mixin.py:137} INFO - [2023-02-09T23:01:19.672+0000] {dag.py:2690} INFO - Sync 1 DAGs
[2023-02-09T23:01:19.754+0000] {logging_mixin.py:137} INFO - [2023-02-09T23:01:19.754+0000] {dag.py:3441} INFO - Setting next_dagrun for tutorial_dag to None, run_after=None
[2023-02-09T23:01:19.836+0000] {processor.py:175} INFO - Processing /home/airflow/.local/lib/python3.7/site-packages/airflow/example_dags/tutorial_dag.py took 0.291 seconds
[2023-02-09T23:01:49.945+0000] {processor.py:153} INFO - Started process (PID=2751) to work on /home/airflow/.local/lib/python3.7/site-packages/airflow/example_dags/tutorial_dag.py
[2023-02-09T23:01:49.947+0000] {processor.py:743} INFO - Processing file /home/airflow/.local/lib/python3.7/site-packages/airflow/example_dags/tutorial_dag.py for tasks to queue
[2023-02-09T23:01:49.947+0000] {logging_mixin.py:137} INFO - [2023-02-09T23:01:49.947+0000] {dagbag.py:538} INFO - Filling up the DagBag from /home/airflow/.local/lib/python3.7/site-packages/airflow/example_dags/tutorial_dag.py
[2023-02-09T23:01:49.962+0000] {processor.py:753} INFO - DAG(s) dict_keys(['tutorial_dag']) retrieved from /home/airflow/.local/lib/python3.7/site-packages/airflow/example_dags/tutorial_dag.py
[2023-02-09T23:01:49.993+0000] {logging_mixin.py:137} INFO - [2023-02-09T23:01:49.993+0000] {dag.py:2690} INFO - Sync 1 DAGs
[2023-02-09T23:01:50.022+0000] {logging_mixin.py:137} INFO - [2023-02-09T23:01:50.022+0000] {dag.py:3441} INFO - Setting next_dagrun for tutorial_dag to None, run_after=None
[2023-02-09T23:01:50.053+0000] {processor.py:175} INFO - Processing /home/airflow/.local/lib/python3.7/site-packages/airflow/example_dags/tutorial_dag.py took 0.111 seconds
[2023-02-09T23:02:20.146+0000] {processor.py:153} INFO - Started process (PID=2817) to work on /home/airflow/.local/lib/python3.7/site-packages/airflow/example_dags/tutorial_dag.py
[2023-02-09T23:02:20.147+0000] {processor.py:743} INFO - Processing file /home/airflow/.local/lib/python3.7/site-packages/airflow/example_dags/tutorial_dag.py for tasks to queue
[2023-02-09T23:02:20.147+0000] {logging_mixin.py:137} INFO - [2023-02-09T23:02:20.147+0000] {dagbag.py:538} INFO - Filling up the DagBag from /home/airflow/.local/lib/python3.7/site-packages/airflow/example_dags/tutorial_dag.py
[2023-02-09T23:02:20.162+0000] {processor.py:753} INFO - DAG(s) dict_keys(['tutorial_dag']) retrieved from /home/airflow/.local/lib/python3.7/site-packages/airflow/example_dags/tutorial_dag.py
[2023-02-09T23:02:20.192+0000] {logging_mixin.py:137} INFO - [2023-02-09T23:02:20.191+0000] {dag.py:2690} INFO - Sync 1 DAGs
[2023-02-09T23:02:20.219+0000] {logging_mixin.py:137} INFO - [2023-02-09T23:02:20.218+0000] {dag.py:3441} INFO - Setting next_dagrun for tutorial_dag to None, run_after=None
[2023-02-09T23:02:20.247+0000] {processor.py:175} INFO - Processing /home/airflow/.local/lib/python3.7/site-packages/airflow/example_dags/tutorial_dag.py took 0.106 seconds
[2023-02-09T23:02:51.106+0000] {processor.py:153} INFO - Started process (PID=2892) to work on /home/airflow/.local/lib/python3.7/site-packages/airflow/example_dags/tutorial_dag.py
[2023-02-09T23:02:51.107+0000] {processor.py:743} INFO - Processing file /home/airflow/.local/lib/python3.7/site-packages/airflow/example_dags/tutorial_dag.py for tasks to queue
[2023-02-09T23:02:51.108+0000] {logging_mixin.py:137} INFO - [2023-02-09T23:02:51.108+0000] {dagbag.py:538} INFO - Filling up the DagBag from /home/airflow/.local/lib/python3.7/site-packages/airflow/example_dags/tutorial_dag.py
[2023-02-09T23:02:51.139+0000] {processor.py:753} INFO - DAG(s) dict_keys(['tutorial_dag']) retrieved from /home/airflow/.local/lib/python3.7/site-packages/airflow/example_dags/tutorial_dag.py
[2023-02-09T23:02:51.190+0000] {logging_mixin.py:137} INFO - [2023-02-09T23:02:51.189+0000] {dag.py:2690} INFO - Sync 1 DAGs
[2023-02-09T23:02:51.242+0000] {logging_mixin.py:137} INFO - [2023-02-09T23:02:51.241+0000] {dag.py:3441} INFO - Setting next_dagrun for tutorial_dag to None, run_after=None
[2023-02-09T23:02:51.282+0000] {processor.py:175} INFO - Processing /home/airflow/.local/lib/python3.7/site-packages/airflow/example_dags/tutorial_dag.py took 0.182 seconds
[2023-02-09T23:03:21.507+0000] {processor.py:153} INFO - Started process (PID=2960) to work on /home/airflow/.local/lib/python3.7/site-packages/airflow/example_dags/tutorial_dag.py
[2023-02-09T23:03:21.508+0000] {processor.py:743} INFO - Processing file /home/airflow/.local/lib/python3.7/site-packages/airflow/example_dags/tutorial_dag.py for tasks to queue
[2023-02-09T23:03:21.508+0000] {logging_mixin.py:137} INFO - [2023-02-09T23:03:21.508+0000] {dagbag.py:538} INFO - Filling up the DagBag from /home/airflow/.local/lib/python3.7/site-packages/airflow/example_dags/tutorial_dag.py
[2023-02-09T23:03:21.524+0000] {processor.py:753} INFO - DAG(s) dict_keys(['tutorial_dag']) retrieved from /home/airflow/.local/lib/python3.7/site-packages/airflow/example_dags/tutorial_dag.py
[2023-02-09T23:03:21.553+0000] {logging_mixin.py:137} INFO - [2023-02-09T23:03:21.553+0000] {dag.py:2690} INFO - Sync 1 DAGs
[2023-02-09T23:03:21.579+0000] {logging_mixin.py:137} INFO - [2023-02-09T23:03:21.579+0000] {dag.py:3441} INFO - Setting next_dagrun for tutorial_dag to None, run_after=None
[2023-02-09T23:03:21.604+0000] {processor.py:175} INFO - Processing /home/airflow/.local/lib/python3.7/site-packages/airflow/example_dags/tutorial_dag.py took 0.103 seconds
[2023-02-09T23:03:52.283+0000] {processor.py:153} INFO - Started process (PID=3025) to work on /home/airflow/.local/lib/python3.7/site-packages/airflow/example_dags/tutorial_dag.py
[2023-02-09T23:03:52.284+0000] {processor.py:743} INFO - Processing file /home/airflow/.local/lib/python3.7/site-packages/airflow/example_dags/tutorial_dag.py for tasks to queue
[2023-02-09T23:03:52.285+0000] {logging_mixin.py:137} INFO - [2023-02-09T23:03:52.285+0000] {dagbag.py:538} INFO - Filling up the DagBag from /home/airflow/.local/lib/python3.7/site-packages/airflow/example_dags/tutorial_dag.py
[2023-02-09T23:03:52.305+0000] {processor.py:753} INFO - DAG(s) dict_keys(['tutorial_dag']) retrieved from /home/airflow/.local/lib/python3.7/site-packages/airflow/example_dags/tutorial_dag.py
[2023-02-09T23:03:52.340+0000] {logging_mixin.py:137} INFO - [2023-02-09T23:03:52.340+0000] {dag.py:2690} INFO - Sync 1 DAGs
[2023-02-09T23:03:52.367+0000] {logging_mixin.py:137} INFO - [2023-02-09T23:03:52.367+0000] {dag.py:3441} INFO - Setting next_dagrun for tutorial_dag to None, run_after=None
[2023-02-09T23:03:52.400+0000] {processor.py:175} INFO - Processing /home/airflow/.local/lib/python3.7/site-packages/airflow/example_dags/tutorial_dag.py took 0.121 seconds
[2023-02-09T23:04:22.627+0000] {processor.py:153} INFO - Started process (PID=3103) to work on /home/airflow/.local/lib/python3.7/site-packages/airflow/example_dags/tutorial_dag.py
[2023-02-09T23:04:22.628+0000] {processor.py:743} INFO - Processing file /home/airflow/.local/lib/python3.7/site-packages/airflow/example_dags/tutorial_dag.py for tasks to queue
[2023-02-09T23:04:22.628+0000] {logging_mixin.py:137} INFO - [2023-02-09T23:04:22.628+0000] {dagbag.py:538} INFO - Filling up the DagBag from /home/airflow/.local/lib/python3.7/site-packages/airflow/example_dags/tutorial_dag.py
[2023-02-09T23:04:22.643+0000] {processor.py:753} INFO - DAG(s) dict_keys(['tutorial_dag']) retrieved from /home/airflow/.local/lib/python3.7/site-packages/airflow/example_dags/tutorial_dag.py
[2023-02-09T23:04:22.673+0000] {logging_mixin.py:137} INFO - [2023-02-09T23:04:22.673+0000] {dag.py:2690} INFO - Sync 1 DAGs
[2023-02-09T23:04:22.702+0000] {logging_mixin.py:137} INFO - [2023-02-09T23:04:22.702+0000] {dag.py:3441} INFO - Setting next_dagrun for tutorial_dag to None, run_after=None
[2023-02-09T23:04:22.729+0000] {processor.py:175} INFO - Processing /home/airflow/.local/lib/python3.7/site-packages/airflow/example_dags/tutorial_dag.py took 0.108 seconds
[2023-02-09T23:04:52.856+0000] {processor.py:153} INFO - Started process (PID=3168) to work on /home/airflow/.local/lib/python3.7/site-packages/airflow/example_dags/tutorial_dag.py
[2023-02-09T23:04:52.857+0000] {processor.py:743} INFO - Processing file /home/airflow/.local/lib/python3.7/site-packages/airflow/example_dags/tutorial_dag.py for tasks to queue
[2023-02-09T23:04:52.858+0000] {logging_mixin.py:137} INFO - [2023-02-09T23:04:52.857+0000] {dagbag.py:538} INFO - Filling up the DagBag from /home/airflow/.local/lib/python3.7/site-packages/airflow/example_dags/tutorial_dag.py
[2023-02-09T23:04:52.873+0000] {processor.py:753} INFO - DAG(s) dict_keys(['tutorial_dag']) retrieved from /home/airflow/.local/lib/python3.7/site-packages/airflow/example_dags/tutorial_dag.py
[2023-02-09T23:04:52.903+0000] {logging_mixin.py:137} INFO - [2023-02-09T23:04:52.902+0000] {dag.py:2690} INFO - Sync 1 DAGs
[2023-02-09T23:04:52.932+0000] {logging_mixin.py:137} INFO - [2023-02-09T23:04:52.932+0000] {dag.py:3441} INFO - Setting next_dagrun for tutorial_dag to None, run_after=None
[2023-02-09T23:04:52.958+0000] {processor.py:175} INFO - Processing /home/airflow/.local/lib/python3.7/site-packages/airflow/example_dags/tutorial_dag.py took 0.106 seconds
[2023-02-09T23:05:23.829+0000] {processor.py:153} INFO - Started process (PID=3243) to work on /home/airflow/.local/lib/python3.7/site-packages/airflow/example_dags/tutorial_dag.py
[2023-02-09T23:05:23.830+0000] {processor.py:743} INFO - Processing file /home/airflow/.local/lib/python3.7/site-packages/airflow/example_dags/tutorial_dag.py for tasks to queue
[2023-02-09T23:05:23.831+0000] {logging_mixin.py:137} INFO - [2023-02-09T23:05:23.831+0000] {dagbag.py:538} INFO - Filling up the DagBag from /home/airflow/.local/lib/python3.7/site-packages/airflow/example_dags/tutorial_dag.py
[2023-02-09T23:05:23.858+0000] {processor.py:753} INFO - DAG(s) dict_keys(['tutorial_dag']) retrieved from /home/airflow/.local/lib/python3.7/site-packages/airflow/example_dags/tutorial_dag.py
[2023-02-09T23:05:23.900+0000] {logging_mixin.py:137} INFO - [2023-02-09T23:05:23.899+0000] {dag.py:2690} INFO - Sync 1 DAGs
[2023-02-09T23:05:23.942+0000] {logging_mixin.py:137} INFO - [2023-02-09T23:05:23.941+0000] {dag.py:3441} INFO - Setting next_dagrun for tutorial_dag to None, run_after=None
[2023-02-09T23:05:23.979+0000] {processor.py:175} INFO - Processing /home/airflow/.local/lib/python3.7/site-packages/airflow/example_dags/tutorial_dag.py took 0.161 seconds
[2023-02-09T23:05:54.467+0000] {processor.py:153} INFO - Started process (PID=3311) to work on /home/airflow/.local/lib/python3.7/site-packages/airflow/example_dags/tutorial_dag.py
[2023-02-09T23:05:54.468+0000] {processor.py:743} INFO - Processing file /home/airflow/.local/lib/python3.7/site-packages/airflow/example_dags/tutorial_dag.py for tasks to queue
[2023-02-09T23:05:54.469+0000] {logging_mixin.py:137} INFO - [2023-02-09T23:05:54.469+0000] {dagbag.py:538} INFO - Filling up the DagBag from /home/airflow/.local/lib/python3.7/site-packages/airflow/example_dags/tutorial_dag.py
[2023-02-09T23:05:54.488+0000] {processor.py:753} INFO - DAG(s) dict_keys(['tutorial_dag']) retrieved from /home/airflow/.local/lib/python3.7/site-packages/airflow/example_dags/tutorial_dag.py
[2023-02-09T23:05:54.520+0000] {logging_mixin.py:137} INFO - [2023-02-09T23:05:54.520+0000] {dag.py:2690} INFO - Sync 1 DAGs
[2023-02-09T23:05:54.546+0000] {logging_mixin.py:137} INFO - [2023-02-09T23:05:54.546+0000] {dag.py:3441} INFO - Setting next_dagrun for tutorial_dag to None, run_after=None
[2023-02-09T23:05:54.572+0000] {processor.py:175} INFO - Processing /home/airflow/.local/lib/python3.7/site-packages/airflow/example_dags/tutorial_dag.py took 0.109 seconds
[2023-02-09T23:06:25.122+0000] {processor.py:153} INFO - Started process (PID=3377) to work on /home/airflow/.local/lib/python3.7/site-packages/airflow/example_dags/tutorial_dag.py
[2023-02-09T23:06:25.123+0000] {processor.py:743} INFO - Processing file /home/airflow/.local/lib/python3.7/site-packages/airflow/example_dags/tutorial_dag.py for tasks to queue
[2023-02-09T23:06:25.124+0000] {logging_mixin.py:137} INFO - [2023-02-09T23:06:25.124+0000] {dagbag.py:538} INFO - Filling up the DagBag from /home/airflow/.local/lib/python3.7/site-packages/airflow/example_dags/tutorial_dag.py
[2023-02-09T23:06:25.140+0000] {processor.py:753} INFO - DAG(s) dict_keys(['tutorial_dag']) retrieved from /home/airflow/.local/lib/python3.7/site-packages/airflow/example_dags/tutorial_dag.py
[2023-02-09T23:06:25.179+0000] {logging_mixin.py:137} INFO - [2023-02-09T23:06:25.179+0000] {dag.py:2690} INFO - Sync 1 DAGs
[2023-02-09T23:06:25.219+0000] {logging_mixin.py:137} INFO - [2023-02-09T23:06:25.219+0000] {dag.py:3441} INFO - Setting next_dagrun for tutorial_dag to None, run_after=None
[2023-02-09T23:06:25.248+0000] {processor.py:175} INFO - Processing /home/airflow/.local/lib/python3.7/site-packages/airflow/example_dags/tutorial_dag.py took 0.132 seconds
[2023-02-09T23:06:55.684+0000] {processor.py:153} INFO - Started process (PID=3456) to work on /home/airflow/.local/lib/python3.7/site-packages/airflow/example_dags/tutorial_dag.py
[2023-02-09T23:06:55.686+0000] {processor.py:743} INFO - Processing file /home/airflow/.local/lib/python3.7/site-packages/airflow/example_dags/tutorial_dag.py for tasks to queue
[2023-02-09T23:06:55.687+0000] {logging_mixin.py:137} INFO - [2023-02-09T23:06:55.686+0000] {dagbag.py:538} INFO - Filling up the DagBag from /home/airflow/.local/lib/python3.7/site-packages/airflow/example_dags/tutorial_dag.py
[2023-02-09T23:06:55.740+0000] {processor.py:753} INFO - DAG(s) dict_keys(['tutorial_dag']) retrieved from /home/airflow/.local/lib/python3.7/site-packages/airflow/example_dags/tutorial_dag.py
[2023-02-09T23:06:55.782+0000] {logging_mixin.py:137} INFO - [2023-02-09T23:06:55.782+0000] {dag.py:2690} INFO - Sync 1 DAGs
[2023-02-09T23:06:55.829+0000] {logging_mixin.py:137} INFO - [2023-02-09T23:06:55.829+0000] {dag.py:3441} INFO - Setting next_dagrun for tutorial_dag to None, run_after=None
[2023-02-09T23:06:55.862+0000] {processor.py:175} INFO - Processing /home/airflow/.local/lib/python3.7/site-packages/airflow/example_dags/tutorial_dag.py took 0.184 seconds
[2023-02-09T23:07:26.213+0000] {processor.py:153} INFO - Started process (PID=3521) to work on /home/airflow/.local/lib/python3.7/site-packages/airflow/example_dags/tutorial_dag.py
[2023-02-09T23:07:26.214+0000] {processor.py:743} INFO - Processing file /home/airflow/.local/lib/python3.7/site-packages/airflow/example_dags/tutorial_dag.py for tasks to queue
[2023-02-09T23:07:26.215+0000] {logging_mixin.py:137} INFO - [2023-02-09T23:07:26.214+0000] {dagbag.py:538} INFO - Filling up the DagBag from /home/airflow/.local/lib/python3.7/site-packages/airflow/example_dags/tutorial_dag.py
[2023-02-09T23:07:26.230+0000] {processor.py:753} INFO - DAG(s) dict_keys(['tutorial_dag']) retrieved from /home/airflow/.local/lib/python3.7/site-packages/airflow/example_dags/tutorial_dag.py
[2023-02-09T23:07:26.260+0000] {logging_mixin.py:137} INFO - [2023-02-09T23:07:26.260+0000] {dag.py:2690} INFO - Sync 1 DAGs
[2023-02-09T23:07:26.286+0000] {logging_mixin.py:137} INFO - [2023-02-09T23:07:26.286+0000] {dag.py:3441} INFO - Setting next_dagrun for tutorial_dag to None, run_after=None
[2023-02-09T23:07:26.315+0000] {processor.py:175} INFO - Processing /home/airflow/.local/lib/python3.7/site-packages/airflow/example_dags/tutorial_dag.py took 0.107 seconds
[2023-02-09T23:07:57.354+0000] {processor.py:153} INFO - Started process (PID=3587) to work on /home/airflow/.local/lib/python3.7/site-packages/airflow/example_dags/tutorial_dag.py
[2023-02-09T23:07:57.355+0000] {processor.py:743} INFO - Processing file /home/airflow/.local/lib/python3.7/site-packages/airflow/example_dags/tutorial_dag.py for tasks to queue
[2023-02-09T23:07:57.356+0000] {logging_mixin.py:137} INFO - [2023-02-09T23:07:57.356+0000] {dagbag.py:538} INFO - Filling up the DagBag from /home/airflow/.local/lib/python3.7/site-packages/airflow/example_dags/tutorial_dag.py
[2023-02-09T23:07:57.376+0000] {processor.py:753} INFO - DAG(s) dict_keys(['tutorial_dag']) retrieved from /home/airflow/.local/lib/python3.7/site-packages/airflow/example_dags/tutorial_dag.py
[2023-02-09T23:07:57.412+0000] {logging_mixin.py:137} INFO - [2023-02-09T23:07:57.412+0000] {dag.py:2690} INFO - Sync 1 DAGs
[2023-02-09T23:07:57.457+0000] {logging_mixin.py:137} INFO - [2023-02-09T23:07:57.456+0000] {dag.py:3441} INFO - Setting next_dagrun for tutorial_dag to None, run_after=None
[2023-02-09T23:07:57.494+0000] {processor.py:175} INFO - Processing /home/airflow/.local/lib/python3.7/site-packages/airflow/example_dags/tutorial_dag.py took 0.145 seconds
[2023-02-09T23:08:28.405+0000] {processor.py:153} INFO - Started process (PID=3665) to work on /home/airflow/.local/lib/python3.7/site-packages/airflow/example_dags/tutorial_dag.py
[2023-02-09T23:08:28.406+0000] {processor.py:743} INFO - Processing file /home/airflow/.local/lib/python3.7/site-packages/airflow/example_dags/tutorial_dag.py for tasks to queue
[2023-02-09T23:08:28.407+0000] {logging_mixin.py:137} INFO - [2023-02-09T23:08:28.407+0000] {dagbag.py:538} INFO - Filling up the DagBag from /home/airflow/.local/lib/python3.7/site-packages/airflow/example_dags/tutorial_dag.py
[2023-02-09T23:08:28.425+0000] {processor.py:753} INFO - DAG(s) dict_keys(['tutorial_dag']) retrieved from /home/airflow/.local/lib/python3.7/site-packages/airflow/example_dags/tutorial_dag.py
[2023-02-09T23:08:28.453+0000] {logging_mixin.py:137} INFO - [2023-02-09T23:08:28.453+0000] {dag.py:2690} INFO - Sync 1 DAGs
[2023-02-09T23:08:28.480+0000] {logging_mixin.py:137} INFO - [2023-02-09T23:08:28.480+0000] {dag.py:3441} INFO - Setting next_dagrun for tutorial_dag to None, run_after=None
[2023-02-09T23:08:28.507+0000] {processor.py:175} INFO - Processing /home/airflow/.local/lib/python3.7/site-packages/airflow/example_dags/tutorial_dag.py took 0.107 seconds
[2023-02-09T23:08:59.020+0000] {processor.py:153} INFO - Started process (PID=3731) to work on /home/airflow/.local/lib/python3.7/site-packages/airflow/example_dags/tutorial_dag.py
[2023-02-09T23:08:59.028+0000] {processor.py:743} INFO - Processing file /home/airflow/.local/lib/python3.7/site-packages/airflow/example_dags/tutorial_dag.py for tasks to queue
[2023-02-09T23:08:59.029+0000] {logging_mixin.py:137} INFO - [2023-02-09T23:08:59.029+0000] {dagbag.py:538} INFO - Filling up the DagBag from /home/airflow/.local/lib/python3.7/site-packages/airflow/example_dags/tutorial_dag.py
[2023-02-09T23:08:59.050+0000] {processor.py:753} INFO - DAG(s) dict_keys(['tutorial_dag']) retrieved from /home/airflow/.local/lib/python3.7/site-packages/airflow/example_dags/tutorial_dag.py
[2023-02-09T23:08:59.089+0000] {logging_mixin.py:137} INFO - [2023-02-09T23:08:59.089+0000] {dag.py:2690} INFO - Sync 1 DAGs
[2023-02-09T23:08:59.130+0000] {logging_mixin.py:137} INFO - [2023-02-09T23:08:59.130+0000] {dag.py:3441} INFO - Setting next_dagrun for tutorial_dag to None, run_after=None
[2023-02-09T23:08:59.168+0000] {processor.py:175} INFO - Processing /home/airflow/.local/lib/python3.7/site-packages/airflow/example_dags/tutorial_dag.py took 0.158 seconds
[2023-02-09T23:09:29.444+0000] {processor.py:153} INFO - Started process (PID=3808) to work on /home/airflow/.local/lib/python3.7/site-packages/airflow/example_dags/tutorial_dag.py
[2023-02-09T23:09:29.445+0000] {processor.py:743} INFO - Processing file /home/airflow/.local/lib/python3.7/site-packages/airflow/example_dags/tutorial_dag.py for tasks to queue
[2023-02-09T23:09:29.446+0000] {logging_mixin.py:137} INFO - [2023-02-09T23:09:29.446+0000] {dagbag.py:538} INFO - Filling up the DagBag from /home/airflow/.local/lib/python3.7/site-packages/airflow/example_dags/tutorial_dag.py
[2023-02-09T23:09:29.462+0000] {processor.py:753} INFO - DAG(s) dict_keys(['tutorial_dag']) retrieved from /home/airflow/.local/lib/python3.7/site-packages/airflow/example_dags/tutorial_dag.py
[2023-02-09T23:09:29.492+0000] {logging_mixin.py:137} INFO - [2023-02-09T23:09:29.492+0000] {dag.py:2690} INFO - Sync 1 DAGs
[2023-02-09T23:09:29.519+0000] {logging_mixin.py:137} INFO - [2023-02-09T23:09:29.518+0000] {dag.py:3441} INFO - Setting next_dagrun for tutorial_dag to None, run_after=None
[2023-02-09T23:09:29.557+0000] {processor.py:175} INFO - Processing /home/airflow/.local/lib/python3.7/site-packages/airflow/example_dags/tutorial_dag.py took 0.118 seconds
[2023-02-09T23:09:59.703+0000] {processor.py:153} INFO - Started process (PID=3873) to work on /home/airflow/.local/lib/python3.7/site-packages/airflow/example_dags/tutorial_dag.py
[2023-02-09T23:09:59.704+0000] {processor.py:743} INFO - Processing file /home/airflow/.local/lib/python3.7/site-packages/airflow/example_dags/tutorial_dag.py for tasks to queue
[2023-02-09T23:09:59.704+0000] {logging_mixin.py:137} INFO - [2023-02-09T23:09:59.704+0000] {dagbag.py:538} INFO - Filling up the DagBag from /home/airflow/.local/lib/python3.7/site-packages/airflow/example_dags/tutorial_dag.py
[2023-02-09T23:09:59.721+0000] {processor.py:753} INFO - DAG(s) dict_keys(['tutorial_dag']) retrieved from /home/airflow/.local/lib/python3.7/site-packages/airflow/example_dags/tutorial_dag.py
[2023-02-09T23:09:59.751+0000] {logging_mixin.py:137} INFO - [2023-02-09T23:09:59.751+0000] {dag.py:2690} INFO - Sync 1 DAGs
[2023-02-09T23:09:59.790+0000] {logging_mixin.py:137} INFO - [2023-02-09T23:09:59.790+0000] {dag.py:3441} INFO - Setting next_dagrun for tutorial_dag to None, run_after=None
[2023-02-09T23:09:59.824+0000] {processor.py:175} INFO - Processing /home/airflow/.local/lib/python3.7/site-packages/airflow/example_dags/tutorial_dag.py took 0.126 seconds
[2023-02-09T23:10:30.109+0000] {processor.py:153} INFO - Started process (PID=3947) to work on /home/airflow/.local/lib/python3.7/site-packages/airflow/example_dags/tutorial_dag.py
[2023-02-09T23:10:30.110+0000] {processor.py:743} INFO - Processing file /home/airflow/.local/lib/python3.7/site-packages/airflow/example_dags/tutorial_dag.py for tasks to queue
[2023-02-09T23:10:30.111+0000] {logging_mixin.py:137} INFO - [2023-02-09T23:10:30.111+0000] {dagbag.py:538} INFO - Filling up the DagBag from /home/airflow/.local/lib/python3.7/site-packages/airflow/example_dags/tutorial_dag.py
[2023-02-09T23:10:30.126+0000] {processor.py:753} INFO - DAG(s) dict_keys(['tutorial_dag']) retrieved from /home/airflow/.local/lib/python3.7/site-packages/airflow/example_dags/tutorial_dag.py
[2023-02-09T23:10:30.165+0000] {logging_mixin.py:137} INFO - [2023-02-09T23:10:30.165+0000] {dag.py:2690} INFO - Sync 1 DAGs
[2023-02-09T23:10:30.204+0000] {logging_mixin.py:137} INFO - [2023-02-09T23:10:30.204+0000] {dag.py:3441} INFO - Setting next_dagrun for tutorial_dag to None, run_after=None
[2023-02-09T23:10:30.240+0000] {processor.py:175} INFO - Processing /home/airflow/.local/lib/python3.7/site-packages/airflow/example_dags/tutorial_dag.py took 0.137 seconds
[2023-02-09T23:11:00.878+0000] {processor.py:153} INFO - Started process (PID=4015) to work on /home/airflow/.local/lib/python3.7/site-packages/airflow/example_dags/tutorial_dag.py
[2023-02-09T23:11:00.879+0000] {processor.py:743} INFO - Processing file /home/airflow/.local/lib/python3.7/site-packages/airflow/example_dags/tutorial_dag.py for tasks to queue
[2023-02-09T23:11:00.880+0000] {logging_mixin.py:137} INFO - [2023-02-09T23:11:00.880+0000] {dagbag.py:538} INFO - Filling up the DagBag from /home/airflow/.local/lib/python3.7/site-packages/airflow/example_dags/tutorial_dag.py
[2023-02-09T23:11:00.897+0000] {processor.py:753} INFO - DAG(s) dict_keys(['tutorial_dag']) retrieved from /home/airflow/.local/lib/python3.7/site-packages/airflow/example_dags/tutorial_dag.py
[2023-02-09T23:11:00.932+0000] {logging_mixin.py:137} INFO - [2023-02-09T23:11:00.932+0000] {dag.py:2690} INFO - Sync 1 DAGs
[2023-02-09T23:11:00.960+0000] {logging_mixin.py:137} INFO - [2023-02-09T23:11:00.960+0000] {dag.py:3441} INFO - Setting next_dagrun for tutorial_dag to None, run_after=None
[2023-02-09T23:11:00.987+0000] {processor.py:175} INFO - Processing /home/airflow/.local/lib/python3.7/site-packages/airflow/example_dags/tutorial_dag.py took 0.115 seconds
[2023-02-09T23:11:31.664+0000] {processor.py:153} INFO - Started process (PID=4080) to work on /home/airflow/.local/lib/python3.7/site-packages/airflow/example_dags/tutorial_dag.py
[2023-02-09T23:11:31.665+0000] {processor.py:743} INFO - Processing file /home/airflow/.local/lib/python3.7/site-packages/airflow/example_dags/tutorial_dag.py for tasks to queue
[2023-02-09T23:11:31.666+0000] {logging_mixin.py:137} INFO - [2023-02-09T23:11:31.666+0000] {dagbag.py:538} INFO - Filling up the DagBag from /home/airflow/.local/lib/python3.7/site-packages/airflow/example_dags/tutorial_dag.py
[2023-02-09T23:11:31.689+0000] {processor.py:753} INFO - DAG(s) dict_keys(['tutorial_dag']) retrieved from /home/airflow/.local/lib/python3.7/site-packages/airflow/example_dags/tutorial_dag.py
[2023-02-09T23:11:31.747+0000] {logging_mixin.py:137} INFO - [2023-02-09T23:11:31.747+0000] {dag.py:2690} INFO - Sync 1 DAGs
[2023-02-09T23:11:31.792+0000] {logging_mixin.py:137} INFO - [2023-02-09T23:11:31.791+0000] {dag.py:3441} INFO - Setting next_dagrun for tutorial_dag to None, run_after=None
[2023-02-09T23:11:31.831+0000] {processor.py:175} INFO - Processing /home/airflow/.local/lib/python3.7/site-packages/airflow/example_dags/tutorial_dag.py took 0.174 seconds
