[2023-02-09T22:42:24.294+0000] {processor.py:153} INFO - Started process (PID=73) to work on /home/airflow/.local/lib/python3.7/site-packages/airflow/example_dags/tutorial.py
[2023-02-09T22:42:24.295+0000] {processor.py:743} INFO - Processing file /home/airflow/.local/lib/python3.7/site-packages/airflow/example_dags/tutorial.py for tasks to queue
[2023-02-09T22:42:24.301+0000] {logging_mixin.py:137} INFO - [2023-02-09T22:42:24.300+0000] {dagbag.py:538} INFO - Filling up the DagBag from /home/airflow/.local/lib/python3.7/site-packages/airflow/example_dags/tutorial.py
[2023-02-09T22:42:24.317+0000] {processor.py:753} INFO - DAG(s) dict_keys(['tutorial']) retrieved from /home/airflow/.local/lib/python3.7/site-packages/airflow/example_dags/tutorial.py
[2023-02-09T22:42:24.343+0000] {logging_mixin.py:137} INFO - [2023-02-09T22:42:24.343+0000] {dag.py:2690} INFO - Sync 1 DAGs
[2023-02-09T22:42:24.371+0000] {logging_mixin.py:137} INFO - [2023-02-09T22:42:24.370+0000] {dag.py:3441} INFO - Setting next_dagrun for tutorial to 2023-02-08T22:42:24.370536+00:00, run_after=2023-02-09T22:42:24.370536+00:00
[2023-02-09T22:42:24.431+0000] {processor.py:175} INFO - Processing /home/airflow/.local/lib/python3.7/site-packages/airflow/example_dags/tutorial.py took 0.141 seconds
[2023-02-09T22:42:54.667+0000] {processor.py:153} INFO - Started process (PID=139) to work on /home/airflow/.local/lib/python3.7/site-packages/airflow/example_dags/tutorial.py
[2023-02-09T22:42:54.668+0000] {processor.py:743} INFO - Processing file /home/airflow/.local/lib/python3.7/site-packages/airflow/example_dags/tutorial.py for tasks to queue
[2023-02-09T22:42:54.669+0000] {logging_mixin.py:137} INFO - [2023-02-09T22:42:54.668+0000] {dagbag.py:538} INFO - Filling up the DagBag from /home/airflow/.local/lib/python3.7/site-packages/airflow/example_dags/tutorial.py
[2023-02-09T22:42:54.686+0000] {processor.py:753} INFO - DAG(s) dict_keys(['tutorial']) retrieved from /home/airflow/.local/lib/python3.7/site-packages/airflow/example_dags/tutorial.py
[2023-02-09T22:42:54.714+0000] {logging_mixin.py:137} INFO - [2023-02-09T22:42:54.713+0000] {dag.py:2690} INFO - Sync 1 DAGs
[2023-02-09T22:42:54.754+0000] {logging_mixin.py:137} INFO - [2023-02-09T22:42:54.754+0000] {dag.py:3441} INFO - Setting next_dagrun for tutorial to 2023-02-08T22:42:54.753839+00:00, run_after=2023-02-09T22:42:54.753839+00:00
[2023-02-09T22:42:54.784+0000] {processor.py:175} INFO - Processing /home/airflow/.local/lib/python3.7/site-packages/airflow/example_dags/tutorial.py took 0.122 seconds
[2023-02-09T22:43:25.691+0000] {processor.py:153} INFO - Started process (PID=217) to work on /home/airflow/.local/lib/python3.7/site-packages/airflow/example_dags/tutorial.py
[2023-02-09T22:43:25.692+0000] {processor.py:743} INFO - Processing file /home/airflow/.local/lib/python3.7/site-packages/airflow/example_dags/tutorial.py for tasks to queue
[2023-02-09T22:43:25.693+0000] {logging_mixin.py:137} INFO - [2023-02-09T22:43:25.693+0000] {dagbag.py:538} INFO - Filling up the DagBag from /home/airflow/.local/lib/python3.7/site-packages/airflow/example_dags/tutorial.py
[2023-02-09T22:43:25.716+0000] {processor.py:753} INFO - DAG(s) dict_keys(['tutorial']) retrieved from /home/airflow/.local/lib/python3.7/site-packages/airflow/example_dags/tutorial.py
[2023-02-09T22:43:25.754+0000] {logging_mixin.py:137} INFO - [2023-02-09T22:43:25.754+0000] {dag.py:2690} INFO - Sync 1 DAGs
[2023-02-09T22:43:25.803+0000] {logging_mixin.py:137} INFO - [2023-02-09T22:43:25.803+0000] {dag.py:3441} INFO - Setting next_dagrun for tutorial to 2023-02-08T22:43:25.802704+00:00, run_after=2023-02-09T22:43:25.802704+00:00
[2023-02-09T22:43:25.842+0000] {processor.py:175} INFO - Processing /home/airflow/.local/lib/python3.7/site-packages/airflow/example_dags/tutorial.py took 0.156 seconds
[2023-02-09T22:43:56.770+0000] {processor.py:153} INFO - Started process (PID=282) to work on /home/airflow/.local/lib/python3.7/site-packages/airflow/example_dags/tutorial.py
[2023-02-09T22:43:56.771+0000] {processor.py:743} INFO - Processing file /home/airflow/.local/lib/python3.7/site-packages/airflow/example_dags/tutorial.py for tasks to queue
[2023-02-09T22:43:56.772+0000] {logging_mixin.py:137} INFO - [2023-02-09T22:43:56.772+0000] {dagbag.py:538} INFO - Filling up the DagBag from /home/airflow/.local/lib/python3.7/site-packages/airflow/example_dags/tutorial.py
[2023-02-09T22:43:56.788+0000] {processor.py:753} INFO - DAG(s) dict_keys(['tutorial']) retrieved from /home/airflow/.local/lib/python3.7/site-packages/airflow/example_dags/tutorial.py
[2023-02-09T22:43:56.824+0000] {logging_mixin.py:137} INFO - [2023-02-09T22:43:56.824+0000] {dag.py:2690} INFO - Sync 1 DAGs
[2023-02-09T22:43:56.865+0000] {logging_mixin.py:137} INFO - [2023-02-09T22:43:56.865+0000] {dag.py:3441} INFO - Setting next_dagrun for tutorial to 2023-02-08T22:43:56.864915+00:00, run_after=2023-02-09T22:43:56.864915+00:00
[2023-02-09T22:43:56.894+0000] {processor.py:175} INFO - Processing /home/airflow/.local/lib/python3.7/site-packages/airflow/example_dags/tutorial.py took 0.130 seconds
[2023-02-09T22:44:27.271+0000] {processor.py:153} INFO - Started process (PID=349) to work on /home/airflow/.local/lib/python3.7/site-packages/airflow/example_dags/tutorial.py
[2023-02-09T22:44:27.273+0000] {processor.py:743} INFO - Processing file /home/airflow/.local/lib/python3.7/site-packages/airflow/example_dags/tutorial.py for tasks to queue
[2023-02-09T22:44:27.273+0000] {logging_mixin.py:137} INFO - [2023-02-09T22:44:27.273+0000] {dagbag.py:538} INFO - Filling up the DagBag from /home/airflow/.local/lib/python3.7/site-packages/airflow/example_dags/tutorial.py
[2023-02-09T22:44:27.289+0000] {processor.py:753} INFO - DAG(s) dict_keys(['tutorial']) retrieved from /home/airflow/.local/lib/python3.7/site-packages/airflow/example_dags/tutorial.py
[2023-02-09T22:44:27.325+0000] {logging_mixin.py:137} INFO - [2023-02-09T22:44:27.325+0000] {dag.py:2690} INFO - Sync 1 DAGs
[2023-02-09T22:44:27.360+0000] {logging_mixin.py:137} INFO - [2023-02-09T22:44:27.360+0000] {dag.py:3441} INFO - Setting next_dagrun for tutorial to 2023-02-08T22:44:27.360091+00:00, run_after=2023-02-09T22:44:27.360091+00:00
[2023-02-09T22:44:27.386+0000] {processor.py:175} INFO - Processing /home/airflow/.local/lib/python3.7/site-packages/airflow/example_dags/tutorial.py took 0.120 seconds
[2023-02-09T22:44:57.630+0000] {processor.py:153} INFO - Started process (PID=423) to work on /home/airflow/.local/lib/python3.7/site-packages/airflow/example_dags/tutorial.py
[2023-02-09T22:44:57.631+0000] {processor.py:743} INFO - Processing file /home/airflow/.local/lib/python3.7/site-packages/airflow/example_dags/tutorial.py for tasks to queue
[2023-02-09T22:44:57.632+0000] {logging_mixin.py:137} INFO - [2023-02-09T22:44:57.632+0000] {dagbag.py:538} INFO - Filling up the DagBag from /home/airflow/.local/lib/python3.7/site-packages/airflow/example_dags/tutorial.py
[2023-02-09T22:44:57.652+0000] {processor.py:753} INFO - DAG(s) dict_keys(['tutorial']) retrieved from /home/airflow/.local/lib/python3.7/site-packages/airflow/example_dags/tutorial.py
[2023-02-09T22:44:57.691+0000] {logging_mixin.py:137} INFO - [2023-02-09T22:44:57.691+0000] {dag.py:2690} INFO - Sync 1 DAGs
[2023-02-09T22:44:57.736+0000] {logging_mixin.py:137} INFO - [2023-02-09T22:44:57.735+0000] {dag.py:3441} INFO - Setting next_dagrun for tutorial to 2023-02-08T22:44:57.735451+00:00, run_after=2023-02-09T22:44:57.735451+00:00
[2023-02-09T22:44:57.770+0000] {processor.py:175} INFO - Processing /home/airflow/.local/lib/python3.7/site-packages/airflow/example_dags/tutorial.py took 0.147 seconds
[2023-02-09T22:45:28.511+0000] {processor.py:153} INFO - Started process (PID=491) to work on /home/airflow/.local/lib/python3.7/site-packages/airflow/example_dags/tutorial.py
[2023-02-09T22:45:28.512+0000] {processor.py:743} INFO - Processing file /home/airflow/.local/lib/python3.7/site-packages/airflow/example_dags/tutorial.py for tasks to queue
[2023-02-09T22:45:28.513+0000] {logging_mixin.py:137} INFO - [2023-02-09T22:45:28.513+0000] {dagbag.py:538} INFO - Filling up the DagBag from /home/airflow/.local/lib/python3.7/site-packages/airflow/example_dags/tutorial.py
[2023-02-09T22:45:28.530+0000] {processor.py:753} INFO - DAG(s) dict_keys(['tutorial']) retrieved from /home/airflow/.local/lib/python3.7/site-packages/airflow/example_dags/tutorial.py
[2023-02-09T22:45:28.560+0000] {logging_mixin.py:137} INFO - [2023-02-09T22:45:28.560+0000] {dag.py:2690} INFO - Sync 1 DAGs
[2023-02-09T22:45:28.589+0000] {logging_mixin.py:137} INFO - [2023-02-09T22:45:28.589+0000] {dag.py:3441} INFO - Setting next_dagrun for tutorial to 2023-02-08T22:45:28.588739+00:00, run_after=2023-02-09T22:45:28.588739+00:00
[2023-02-09T22:45:28.618+0000] {processor.py:175} INFO - Processing /home/airflow/.local/lib/python3.7/site-packages/airflow/example_dags/tutorial.py took 0.111 seconds
[2023-02-09T22:45:59.009+0000] {processor.py:153} INFO - Started process (PID=556) to work on /home/airflow/.local/lib/python3.7/site-packages/airflow/example_dags/tutorial.py
[2023-02-09T22:45:59.010+0000] {processor.py:743} INFO - Processing file /home/airflow/.local/lib/python3.7/site-packages/airflow/example_dags/tutorial.py for tasks to queue
[2023-02-09T22:45:59.010+0000] {logging_mixin.py:137} INFO - [2023-02-09T22:45:59.010+0000] {dagbag.py:538} INFO - Filling up the DagBag from /home/airflow/.local/lib/python3.7/site-packages/airflow/example_dags/tutorial.py
[2023-02-09T22:45:59.040+0000] {processor.py:753} INFO - DAG(s) dict_keys(['tutorial']) retrieved from /home/airflow/.local/lib/python3.7/site-packages/airflow/example_dags/tutorial.py
[2023-02-09T22:45:59.080+0000] {logging_mixin.py:137} INFO - [2023-02-09T22:45:59.080+0000] {dag.py:2690} INFO - Sync 1 DAGs
[2023-02-09T22:45:59.123+0000] {logging_mixin.py:137} INFO - [2023-02-09T22:45:59.123+0000] {dag.py:3441} INFO - Setting next_dagrun for tutorial to 2023-02-08T22:45:59.122771+00:00, run_after=2023-02-09T22:45:59.122771+00:00
[2023-02-09T22:45:59.160+0000] {processor.py:175} INFO - Processing /home/airflow/.local/lib/python3.7/site-packages/airflow/example_dags/tutorial.py took 0.157 seconds
[2023-02-09T22:46:29.478+0000] {processor.py:153} INFO - Started process (PID=635) to work on /home/airflow/.local/lib/python3.7/site-packages/airflow/example_dags/tutorial.py
[2023-02-09T22:46:29.480+0000] {processor.py:743} INFO - Processing file /home/airflow/.local/lib/python3.7/site-packages/airflow/example_dags/tutorial.py for tasks to queue
[2023-02-09T22:46:29.481+0000] {logging_mixin.py:137} INFO - [2023-02-09T22:46:29.480+0000] {dagbag.py:538} INFO - Filling up the DagBag from /home/airflow/.local/lib/python3.7/site-packages/airflow/example_dags/tutorial.py
[2023-02-09T22:46:29.497+0000] {processor.py:753} INFO - DAG(s) dict_keys(['tutorial']) retrieved from /home/airflow/.local/lib/python3.7/site-packages/airflow/example_dags/tutorial.py
[2023-02-09T22:46:29.531+0000] {logging_mixin.py:137} INFO - [2023-02-09T22:46:29.531+0000] {dag.py:2690} INFO - Sync 1 DAGs
[2023-02-09T22:46:29.564+0000] {logging_mixin.py:137} INFO - [2023-02-09T22:46:29.564+0000] {dag.py:3441} INFO - Setting next_dagrun for tutorial to 2023-02-08T22:46:29.563737+00:00, run_after=2023-02-09T22:46:29.563737+00:00
[2023-02-09T22:46:29.598+0000] {processor.py:175} INFO - Processing /home/airflow/.local/lib/python3.7/site-packages/airflow/example_dags/tutorial.py took 0.124 seconds
[2023-02-09T22:46:59.736+0000] {processor.py:153} INFO - Started process (PID=700) to work on /home/airflow/.local/lib/python3.7/site-packages/airflow/example_dags/tutorial.py
[2023-02-09T22:46:59.737+0000] {processor.py:743} INFO - Processing file /home/airflow/.local/lib/python3.7/site-packages/airflow/example_dags/tutorial.py for tasks to queue
[2023-02-09T22:46:59.738+0000] {logging_mixin.py:137} INFO - [2023-02-09T22:46:59.738+0000] {dagbag.py:538} INFO - Filling up the DagBag from /home/airflow/.local/lib/python3.7/site-packages/airflow/example_dags/tutorial.py
[2023-02-09T22:46:59.757+0000] {processor.py:753} INFO - DAG(s) dict_keys(['tutorial']) retrieved from /home/airflow/.local/lib/python3.7/site-packages/airflow/example_dags/tutorial.py
[2023-02-09T22:46:59.786+0000] {logging_mixin.py:137} INFO - [2023-02-09T22:46:59.786+0000] {dag.py:2690} INFO - Sync 1 DAGs
[2023-02-09T22:46:59.822+0000] {logging_mixin.py:137} INFO - [2023-02-09T22:46:59.822+0000] {dag.py:3441} INFO - Setting next_dagrun for tutorial to 2023-02-08T22:46:59.822419+00:00, run_after=2023-02-09T22:46:59.822419+00:00
[2023-02-09T22:46:59.848+0000] {processor.py:175} INFO - Processing /home/airflow/.local/lib/python3.7/site-packages/airflow/example_dags/tutorial.py took 0.116 seconds
[2023-02-09T22:47:31.004+0000] {processor.py:153} INFO - Started process (PID=778) to work on /home/airflow/.local/lib/python3.7/site-packages/airflow/example_dags/tutorial.py
[2023-02-09T22:47:31.007+0000] {processor.py:743} INFO - Processing file /home/airflow/.local/lib/python3.7/site-packages/airflow/example_dags/tutorial.py for tasks to queue
[2023-02-09T22:47:31.008+0000] {logging_mixin.py:137} INFO - [2023-02-09T22:47:31.008+0000] {dagbag.py:538} INFO - Filling up the DagBag from /home/airflow/.local/lib/python3.7/site-packages/airflow/example_dags/tutorial.py
[2023-02-09T22:47:31.043+0000] {processor.py:753} INFO - DAG(s) dict_keys(['tutorial']) retrieved from /home/airflow/.local/lib/python3.7/site-packages/airflow/example_dags/tutorial.py
[2023-02-09T22:47:31.085+0000] {logging_mixin.py:137} INFO - [2023-02-09T22:47:31.085+0000] {dag.py:2690} INFO - Sync 1 DAGs
[2023-02-09T22:47:31.130+0000] {logging_mixin.py:137} INFO - [2023-02-09T22:47:31.130+0000] {dag.py:3441} INFO - Setting next_dagrun for tutorial to 2023-02-08T22:47:31.129667+00:00, run_after=2023-02-09T22:47:31.129667+00:00
[2023-02-09T22:47:31.182+0000] {processor.py:175} INFO - Processing /home/airflow/.local/lib/python3.7/site-packages/airflow/example_dags/tutorial.py took 0.198 seconds
[2023-02-09T22:48:01.441+0000] {processor.py:153} INFO - Started process (PID=843) to work on /home/airflow/.local/lib/python3.7/site-packages/airflow/example_dags/tutorial.py
[2023-02-09T22:48:01.442+0000] {processor.py:743} INFO - Processing file /home/airflow/.local/lib/python3.7/site-packages/airflow/example_dags/tutorial.py for tasks to queue
[2023-02-09T22:48:01.443+0000] {logging_mixin.py:137} INFO - [2023-02-09T22:48:01.443+0000] {dagbag.py:538} INFO - Filling up the DagBag from /home/airflow/.local/lib/python3.7/site-packages/airflow/example_dags/tutorial.py
[2023-02-09T22:48:01.462+0000] {processor.py:753} INFO - DAG(s) dict_keys(['tutorial']) retrieved from /home/airflow/.local/lib/python3.7/site-packages/airflow/example_dags/tutorial.py
[2023-02-09T22:48:01.491+0000] {logging_mixin.py:137} INFO - [2023-02-09T22:48:01.491+0000] {dag.py:2690} INFO - Sync 1 DAGs
[2023-02-09T22:48:01.522+0000] {logging_mixin.py:137} INFO - [2023-02-09T22:48:01.522+0000] {dag.py:3441} INFO - Setting next_dagrun for tutorial to 2023-02-08T22:48:01.522182+00:00, run_after=2023-02-09T22:48:01.522182+00:00
[2023-02-09T22:48:01.556+0000] {processor.py:175} INFO - Processing /home/airflow/.local/lib/python3.7/site-packages/airflow/example_dags/tutorial.py took 0.120 seconds
[2023-02-09T22:48:31.906+0000] {processor.py:153} INFO - Started process (PID=908) to work on /home/airflow/.local/lib/python3.7/site-packages/airflow/example_dags/tutorial.py
[2023-02-09T22:48:31.907+0000] {processor.py:743} INFO - Processing file /home/airflow/.local/lib/python3.7/site-packages/airflow/example_dags/tutorial.py for tasks to queue
[2023-02-09T22:48:31.908+0000] {logging_mixin.py:137} INFO - [2023-02-09T22:48:31.908+0000] {dagbag.py:538} INFO - Filling up the DagBag from /home/airflow/.local/lib/python3.7/site-packages/airflow/example_dags/tutorial.py
[2023-02-09T22:48:31.929+0000] {processor.py:753} INFO - DAG(s) dict_keys(['tutorial']) retrieved from /home/airflow/.local/lib/python3.7/site-packages/airflow/example_dags/tutorial.py
[2023-02-09T22:48:31.956+0000] {logging_mixin.py:137} INFO - [2023-02-09T22:48:31.956+0000] {dag.py:2690} INFO - Sync 1 DAGs
[2023-02-09T22:48:31.989+0000] {logging_mixin.py:137} INFO - [2023-02-09T22:48:31.989+0000] {dag.py:3441} INFO - Setting next_dagrun for tutorial to 2023-02-08T22:48:31.988885+00:00, run_after=2023-02-09T22:48:31.988885+00:00
[2023-02-09T22:48:32.019+0000] {processor.py:175} INFO - Processing /home/airflow/.local/lib/python3.7/site-packages/airflow/example_dags/tutorial.py took 0.118 seconds
[2023-02-09T22:49:02.801+0000] {processor.py:153} INFO - Started process (PID=986) to work on /home/airflow/.local/lib/python3.7/site-packages/airflow/example_dags/tutorial.py
[2023-02-09T22:49:02.808+0000] {processor.py:743} INFO - Processing file /home/airflow/.local/lib/python3.7/site-packages/airflow/example_dags/tutorial.py for tasks to queue
[2023-02-09T22:49:02.809+0000] {logging_mixin.py:137} INFO - [2023-02-09T22:49:02.809+0000] {dagbag.py:538} INFO - Filling up the DagBag from /home/airflow/.local/lib/python3.7/site-packages/airflow/example_dags/tutorial.py
[2023-02-09T22:49:02.826+0000] {processor.py:753} INFO - DAG(s) dict_keys(['tutorial']) retrieved from /home/airflow/.local/lib/python3.7/site-packages/airflow/example_dags/tutorial.py
[2023-02-09T22:49:02.857+0000] {logging_mixin.py:137} INFO - [2023-02-09T22:49:02.856+0000] {dag.py:2690} INFO - Sync 1 DAGs
[2023-02-09T22:49:02.883+0000] {logging_mixin.py:137} INFO - [2023-02-09T22:49:02.883+0000] {dag.py:3441} INFO - Setting next_dagrun for tutorial to 2023-02-08T22:49:02.882811+00:00, run_after=2023-02-09T22:49:02.882811+00:00
[2023-02-09T22:49:02.909+0000] {processor.py:175} INFO - Processing /home/airflow/.local/lib/python3.7/site-packages/airflow/example_dags/tutorial.py took 0.113 seconds
[2023-02-09T22:49:32.960+0000] {processor.py:153} INFO - Started process (PID=1053) to work on /home/airflow/.local/lib/python3.7/site-packages/airflow/example_dags/tutorial.py
[2023-02-09T22:49:32.961+0000] {processor.py:743} INFO - Processing file /home/airflow/.local/lib/python3.7/site-packages/airflow/example_dags/tutorial.py for tasks to queue
[2023-02-09T22:49:32.962+0000] {logging_mixin.py:137} INFO - [2023-02-09T22:49:32.962+0000] {dagbag.py:538} INFO - Filling up the DagBag from /home/airflow/.local/lib/python3.7/site-packages/airflow/example_dags/tutorial.py
[2023-02-09T22:49:32.982+0000] {processor.py:753} INFO - DAG(s) dict_keys(['tutorial']) retrieved from /home/airflow/.local/lib/python3.7/site-packages/airflow/example_dags/tutorial.py
[2023-02-09T22:49:33.023+0000] {logging_mixin.py:137} INFO - [2023-02-09T22:49:33.022+0000] {dag.py:2690} INFO - Sync 1 DAGs
[2023-02-09T22:49:33.058+0000] {logging_mixin.py:137} INFO - [2023-02-09T22:49:33.058+0000] {dag.py:3441} INFO - Setting next_dagrun for tutorial to 2023-02-08T22:49:33.058268+00:00, run_after=2023-02-09T22:49:33.058268+00:00
[2023-02-09T22:49:33.086+0000] {processor.py:175} INFO - Processing /home/airflow/.local/lib/python3.7/site-packages/airflow/example_dags/tutorial.py took 0.133 seconds
[2023-02-09T22:50:04.282+0000] {processor.py:153} INFO - Started process (PID=1130) to work on /home/airflow/.local/lib/python3.7/site-packages/airflow/example_dags/tutorial.py
[2023-02-09T22:50:04.284+0000] {processor.py:743} INFO - Processing file /home/airflow/.local/lib/python3.7/site-packages/airflow/example_dags/tutorial.py for tasks to queue
[2023-02-09T22:50:04.284+0000] {logging_mixin.py:137} INFO - [2023-02-09T22:50:04.284+0000] {dagbag.py:538} INFO - Filling up the DagBag from /home/airflow/.local/lib/python3.7/site-packages/airflow/example_dags/tutorial.py
[2023-02-09T22:50:04.301+0000] {processor.py:753} INFO - DAG(s) dict_keys(['tutorial']) retrieved from /home/airflow/.local/lib/python3.7/site-packages/airflow/example_dags/tutorial.py
[2023-02-09T22:50:04.331+0000] {logging_mixin.py:137} INFO - [2023-02-09T22:50:04.331+0000] {dag.py:2690} INFO - Sync 1 DAGs
[2023-02-09T22:50:04.358+0000] {logging_mixin.py:137} INFO - [2023-02-09T22:50:04.357+0000] {dag.py:3441} INFO - Setting next_dagrun for tutorial to 2023-02-08T22:50:04.357602+00:00, run_after=2023-02-09T22:50:04.357602+00:00
[2023-02-09T22:50:04.386+0000] {processor.py:175} INFO - Processing /home/airflow/.local/lib/python3.7/site-packages/airflow/example_dags/tutorial.py took 0.107 seconds
[2023-02-09T22:50:35.252+0000] {processor.py:153} INFO - Started process (PID=1196) to work on /home/airflow/.local/lib/python3.7/site-packages/airflow/example_dags/tutorial.py
[2023-02-09T22:50:35.253+0000] {processor.py:743} INFO - Processing file /home/airflow/.local/lib/python3.7/site-packages/airflow/example_dags/tutorial.py for tasks to queue
[2023-02-09T22:50:35.254+0000] {logging_mixin.py:137} INFO - [2023-02-09T22:50:35.254+0000] {dagbag.py:538} INFO - Filling up the DagBag from /home/airflow/.local/lib/python3.7/site-packages/airflow/example_dags/tutorial.py
[2023-02-09T22:50:35.270+0000] {processor.py:753} INFO - DAG(s) dict_keys(['tutorial']) retrieved from /home/airflow/.local/lib/python3.7/site-packages/airflow/example_dags/tutorial.py
[2023-02-09T22:50:35.297+0000] {logging_mixin.py:137} INFO - [2023-02-09T22:50:35.297+0000] {dag.py:2690} INFO - Sync 1 DAGs
[2023-02-09T22:50:35.365+0000] {logging_mixin.py:137} INFO - [2023-02-09T22:50:35.365+0000] {dag.py:3441} INFO - Setting next_dagrun for tutorial to 2023-02-08T22:50:35.365142+00:00, run_after=2023-02-09T22:50:35.365142+00:00
[2023-02-09T22:50:35.401+0000] {processor.py:175} INFO - Processing /home/airflow/.local/lib/python3.7/site-packages/airflow/example_dags/tutorial.py took 0.153 seconds
[2023-02-09T22:51:05.578+0000] {processor.py:153} INFO - Started process (PID=1262) to work on /home/airflow/.local/lib/python3.7/site-packages/airflow/example_dags/tutorial.py
[2023-02-09T22:51:05.580+0000] {processor.py:743} INFO - Processing file /home/airflow/.local/lib/python3.7/site-packages/airflow/example_dags/tutorial.py for tasks to queue
[2023-02-09T22:51:05.580+0000] {logging_mixin.py:137} INFO - [2023-02-09T22:51:05.580+0000] {dagbag.py:538} INFO - Filling up the DagBag from /home/airflow/.local/lib/python3.7/site-packages/airflow/example_dags/tutorial.py
[2023-02-09T22:51:05.605+0000] {processor.py:753} INFO - DAG(s) dict_keys(['tutorial']) retrieved from /home/airflow/.local/lib/python3.7/site-packages/airflow/example_dags/tutorial.py
[2023-02-09T22:51:05.635+0000] {logging_mixin.py:137} INFO - [2023-02-09T22:51:05.635+0000] {dag.py:2690} INFO - Sync 1 DAGs
[2023-02-09T22:51:05.685+0000] {logging_mixin.py:137} INFO - [2023-02-09T22:51:05.685+0000] {dag.py:3441} INFO - Setting next_dagrun for tutorial to 2023-02-08T22:51:05.684801+00:00, run_after=2023-02-09T22:51:05.684801+00:00
[2023-02-09T22:51:05.721+0000] {processor.py:175} INFO - Processing /home/airflow/.local/lib/python3.7/site-packages/airflow/example_dags/tutorial.py took 0.149 seconds
[2023-02-09T22:51:36.370+0000] {processor.py:153} INFO - Started process (PID=1339) to work on /home/airflow/.local/lib/python3.7/site-packages/airflow/example_dags/tutorial.py
[2023-02-09T22:51:36.371+0000] {processor.py:743} INFO - Processing file /home/airflow/.local/lib/python3.7/site-packages/airflow/example_dags/tutorial.py for tasks to queue
[2023-02-09T22:51:36.372+0000] {logging_mixin.py:137} INFO - [2023-02-09T22:51:36.371+0000] {dagbag.py:538} INFO - Filling up the DagBag from /home/airflow/.local/lib/python3.7/site-packages/airflow/example_dags/tutorial.py
[2023-02-09T22:51:36.387+0000] {processor.py:753} INFO - DAG(s) dict_keys(['tutorial']) retrieved from /home/airflow/.local/lib/python3.7/site-packages/airflow/example_dags/tutorial.py
[2023-02-09T22:51:36.423+0000] {logging_mixin.py:137} INFO - [2023-02-09T22:51:36.423+0000] {dag.py:2690} INFO - Sync 1 DAGs
[2023-02-09T22:51:36.463+0000] {logging_mixin.py:137} INFO - [2023-02-09T22:51:36.463+0000] {dag.py:3441} INFO - Setting next_dagrun for tutorial to 2023-02-08T22:51:36.462634+00:00, run_after=2023-02-09T22:51:36.462634+00:00
[2023-02-09T22:51:36.498+0000] {processor.py:175} INFO - Processing /home/airflow/.local/lib/python3.7/site-packages/airflow/example_dags/tutorial.py took 0.133 seconds
[2023-02-09T22:52:06.914+0000] {processor.py:153} INFO - Started process (PID=1404) to work on /home/airflow/.local/lib/python3.7/site-packages/airflow/example_dags/tutorial.py
[2023-02-09T22:52:06.915+0000] {processor.py:743} INFO - Processing file /home/airflow/.local/lib/python3.7/site-packages/airflow/example_dags/tutorial.py for tasks to queue
[2023-02-09T22:52:06.916+0000] {logging_mixin.py:137} INFO - [2023-02-09T22:52:06.916+0000] {dagbag.py:538} INFO - Filling up the DagBag from /home/airflow/.local/lib/python3.7/site-packages/airflow/example_dags/tutorial.py
[2023-02-09T22:52:06.936+0000] {processor.py:753} INFO - DAG(s) dict_keys(['tutorial']) retrieved from /home/airflow/.local/lib/python3.7/site-packages/airflow/example_dags/tutorial.py
[2023-02-09T22:52:06.963+0000] {logging_mixin.py:137} INFO - [2023-02-09T22:52:06.963+0000] {dag.py:2690} INFO - Sync 1 DAGs
[2023-02-09T22:52:07.003+0000] {logging_mixin.py:137} INFO - [2023-02-09T22:52:07.003+0000] {dag.py:3441} INFO - Setting next_dagrun for tutorial to 2023-02-08T22:52:07.002762+00:00, run_after=2023-02-09T22:52:07.002762+00:00
[2023-02-09T22:52:07.033+0000] {processor.py:175} INFO - Processing /home/airflow/.local/lib/python3.7/site-packages/airflow/example_dags/tutorial.py took 0.123 seconds
[2023-02-09T22:52:37.763+0000] {processor.py:153} INFO - Started process (PID=1478) to work on /home/airflow/.local/lib/python3.7/site-packages/airflow/example_dags/tutorial.py
[2023-02-09T22:52:37.766+0000] {processor.py:743} INFO - Processing file /home/airflow/.local/lib/python3.7/site-packages/airflow/example_dags/tutorial.py for tasks to queue
[2023-02-09T22:52:37.766+0000] {logging_mixin.py:137} INFO - [2023-02-09T22:52:37.766+0000] {dagbag.py:538} INFO - Filling up the DagBag from /home/airflow/.local/lib/python3.7/site-packages/airflow/example_dags/tutorial.py
[2023-02-09T22:52:37.787+0000] {processor.py:753} INFO - DAG(s) dict_keys(['tutorial']) retrieved from /home/airflow/.local/lib/python3.7/site-packages/airflow/example_dags/tutorial.py
[2023-02-09T22:52:37.816+0000] {logging_mixin.py:137} INFO - [2023-02-09T22:52:37.816+0000] {dag.py:2690} INFO - Sync 1 DAGs
[2023-02-09T22:52:37.844+0000] {logging_mixin.py:137} INFO - [2023-02-09T22:52:37.844+0000] {dag.py:3441} INFO - Setting next_dagrun for tutorial to 2023-02-08T22:52:37.844203+00:00, run_after=2023-02-09T22:52:37.844203+00:00
[2023-02-09T22:52:37.872+0000] {processor.py:175} INFO - Processing /home/airflow/.local/lib/python3.7/site-packages/airflow/example_dags/tutorial.py took 0.114 seconds
[2023-02-09T22:53:08.334+0000] {processor.py:153} INFO - Started process (PID=1546) to work on /home/airflow/.local/lib/python3.7/site-packages/airflow/example_dags/tutorial.py
[2023-02-09T22:53:08.335+0000] {processor.py:743} INFO - Processing file /home/airflow/.local/lib/python3.7/site-packages/airflow/example_dags/tutorial.py for tasks to queue
[2023-02-09T22:53:08.336+0000] {logging_mixin.py:137} INFO - [2023-02-09T22:53:08.336+0000] {dagbag.py:538} INFO - Filling up the DagBag from /home/airflow/.local/lib/python3.7/site-packages/airflow/example_dags/tutorial.py
[2023-02-09T22:53:08.354+0000] {processor.py:753} INFO - DAG(s) dict_keys(['tutorial']) retrieved from /home/airflow/.local/lib/python3.7/site-packages/airflow/example_dags/tutorial.py
[2023-02-09T22:53:08.387+0000] {logging_mixin.py:137} INFO - [2023-02-09T22:53:08.386+0000] {dag.py:2690} INFO - Sync 1 DAGs
[2023-02-09T22:53:08.418+0000] {logging_mixin.py:137} INFO - [2023-02-09T22:53:08.417+0000] {dag.py:3441} INFO - Setting next_dagrun for tutorial to 2023-02-08T22:53:08.417496+00:00, run_after=2023-02-09T22:53:08.417496+00:00
[2023-02-09T22:53:08.450+0000] {processor.py:175} INFO - Processing /home/airflow/.local/lib/python3.7/site-packages/airflow/example_dags/tutorial.py took 0.121 seconds
[2023-02-09T22:53:38.911+0000] {processor.py:153} INFO - Started process (PID=1612) to work on /home/airflow/.local/lib/python3.7/site-packages/airflow/example_dags/tutorial.py
[2023-02-09T22:53:38.912+0000] {processor.py:743} INFO - Processing file /home/airflow/.local/lib/python3.7/site-packages/airflow/example_dags/tutorial.py for tasks to queue
[2023-02-09T22:53:38.913+0000] {logging_mixin.py:137} INFO - [2023-02-09T22:53:38.913+0000] {dagbag.py:538} INFO - Filling up the DagBag from /home/airflow/.local/lib/python3.7/site-packages/airflow/example_dags/tutorial.py
[2023-02-09T22:53:38.935+0000] {processor.py:753} INFO - DAG(s) dict_keys(['tutorial']) retrieved from /home/airflow/.local/lib/python3.7/site-packages/airflow/example_dags/tutorial.py
[2023-02-09T22:53:38.971+0000] {logging_mixin.py:137} INFO - [2023-02-09T22:53:38.971+0000] {dag.py:2690} INFO - Sync 1 DAGs
[2023-02-09T22:53:39.010+0000] {logging_mixin.py:137} INFO - [2023-02-09T22:53:39.010+0000] {dag.py:3441} INFO - Setting next_dagrun for tutorial to 2023-02-08T22:53:39.009916+00:00, run_after=2023-02-09T22:53:39.009916+00:00
[2023-02-09T22:53:39.047+0000] {processor.py:175} INFO - Processing /home/airflow/.local/lib/python3.7/site-packages/airflow/example_dags/tutorial.py took 0.144 seconds
[2023-02-09T22:54:09.534+0000] {processor.py:153} INFO - Started process (PID=1690) to work on /home/airflow/.local/lib/python3.7/site-packages/airflow/example_dags/tutorial.py
[2023-02-09T22:54:09.535+0000] {processor.py:743} INFO - Processing file /home/airflow/.local/lib/python3.7/site-packages/airflow/example_dags/tutorial.py for tasks to queue
[2023-02-09T22:54:09.536+0000] {logging_mixin.py:137} INFO - [2023-02-09T22:54:09.536+0000] {dagbag.py:538} INFO - Filling up the DagBag from /home/airflow/.local/lib/python3.7/site-packages/airflow/example_dags/tutorial.py
[2023-02-09T22:54:09.553+0000] {processor.py:753} INFO - DAG(s) dict_keys(['tutorial']) retrieved from /home/airflow/.local/lib/python3.7/site-packages/airflow/example_dags/tutorial.py
[2023-02-09T22:54:09.586+0000] {logging_mixin.py:137} INFO - [2023-02-09T22:54:09.585+0000] {dag.py:2690} INFO - Sync 1 DAGs
[2023-02-09T22:54:09.615+0000] {logging_mixin.py:137} INFO - [2023-02-09T22:54:09.615+0000] {dag.py:3441} INFO - Setting next_dagrun for tutorial to 2023-02-08T22:54:09.614724+00:00, run_after=2023-02-09T22:54:09.614724+00:00
[2023-02-09T22:54:09.647+0000] {processor.py:175} INFO - Processing /home/airflow/.local/lib/python3.7/site-packages/airflow/example_dags/tutorial.py took 0.117 seconds
[2023-02-09T22:54:39.933+0000] {processor.py:153} INFO - Started process (PID=1755) to work on /home/airflow/.local/lib/python3.7/site-packages/airflow/example_dags/tutorial.py
[2023-02-09T22:54:39.934+0000] {processor.py:743} INFO - Processing file /home/airflow/.local/lib/python3.7/site-packages/airflow/example_dags/tutorial.py for tasks to queue
[2023-02-09T22:54:39.935+0000] {logging_mixin.py:137} INFO - [2023-02-09T22:54:39.935+0000] {dagbag.py:538} INFO - Filling up the DagBag from /home/airflow/.local/lib/python3.7/site-packages/airflow/example_dags/tutorial.py
[2023-02-09T22:54:39.956+0000] {processor.py:753} INFO - DAG(s) dict_keys(['tutorial']) retrieved from /home/airflow/.local/lib/python3.7/site-packages/airflow/example_dags/tutorial.py
[2023-02-09T22:54:39.994+0000] {logging_mixin.py:137} INFO - [2023-02-09T22:54:39.994+0000] {dag.py:2690} INFO - Sync 1 DAGs
[2023-02-09T22:54:40.021+0000] {logging_mixin.py:137} INFO - [2023-02-09T22:54:40.021+0000] {dag.py:3441} INFO - Setting next_dagrun for tutorial to 2023-02-08T22:54:40.020882+00:00, run_after=2023-02-09T22:54:40.020882+00:00
[2023-02-09T22:54:40.050+0000] {processor.py:175} INFO - Processing /home/airflow/.local/lib/python3.7/site-packages/airflow/example_dags/tutorial.py took 0.123 seconds
[2023-02-09T22:55:10.758+0000] {processor.py:153} INFO - Started process (PID=1833) to work on /home/airflow/.local/lib/python3.7/site-packages/airflow/example_dags/tutorial.py
[2023-02-09T22:55:10.765+0000] {processor.py:743} INFO - Processing file /home/airflow/.local/lib/python3.7/site-packages/airflow/example_dags/tutorial.py for tasks to queue
[2023-02-09T22:55:10.766+0000] {logging_mixin.py:137} INFO - [2023-02-09T22:55:10.766+0000] {dagbag.py:538} INFO - Filling up the DagBag from /home/airflow/.local/lib/python3.7/site-packages/airflow/example_dags/tutorial.py
[2023-02-09T22:55:10.840+0000] {processor.py:753} INFO - DAG(s) dict_keys(['tutorial']) retrieved from /home/airflow/.local/lib/python3.7/site-packages/airflow/example_dags/tutorial.py
[2023-02-09T22:55:10.877+0000] {logging_mixin.py:137} INFO - [2023-02-09T22:55:10.877+0000] {dag.py:2690} INFO - Sync 1 DAGs
[2023-02-09T22:55:10.928+0000] {logging_mixin.py:137} INFO - [2023-02-09T22:55:10.928+0000] {dag.py:3441} INFO - Setting next_dagrun for tutorial to 2023-02-08T22:55:10.927988+00:00, run_after=2023-02-09T22:55:10.927988+00:00
[2023-02-09T22:55:10.996+0000] {processor.py:175} INFO - Processing /home/airflow/.local/lib/python3.7/site-packages/airflow/example_dags/tutorial.py took 0.243 seconds
[2023-02-09T22:55:41.206+0000] {processor.py:153} INFO - Started process (PID=1899) to work on /home/airflow/.local/lib/python3.7/site-packages/airflow/example_dags/tutorial.py
[2023-02-09T22:55:41.207+0000] {processor.py:743} INFO - Processing file /home/airflow/.local/lib/python3.7/site-packages/airflow/example_dags/tutorial.py for tasks to queue
[2023-02-09T22:55:41.208+0000] {logging_mixin.py:137} INFO - [2023-02-09T22:55:41.208+0000] {dagbag.py:538} INFO - Filling up the DagBag from /home/airflow/.local/lib/python3.7/site-packages/airflow/example_dags/tutorial.py
[2023-02-09T22:55:41.231+0000] {processor.py:753} INFO - DAG(s) dict_keys(['tutorial']) retrieved from /home/airflow/.local/lib/python3.7/site-packages/airflow/example_dags/tutorial.py
[2023-02-09T22:55:41.260+0000] {logging_mixin.py:137} INFO - [2023-02-09T22:55:41.260+0000] {dag.py:2690} INFO - Sync 1 DAGs
[2023-02-09T22:55:41.289+0000] {logging_mixin.py:137} INFO - [2023-02-09T22:55:41.288+0000] {dag.py:3441} INFO - Setting next_dagrun for tutorial to 2023-02-08T22:55:41.288628+00:00, run_after=2023-02-09T22:55:41.288628+00:00
[2023-02-09T22:55:41.319+0000] {processor.py:175} INFO - Processing /home/airflow/.local/lib/python3.7/site-packages/airflow/example_dags/tutorial.py took 0.119 seconds
[2023-02-09T22:56:11.710+0000] {processor.py:153} INFO - Started process (PID=1964) to work on /home/airflow/.local/lib/python3.7/site-packages/airflow/example_dags/tutorial.py
[2023-02-09T22:56:11.715+0000] {processor.py:743} INFO - Processing file /home/airflow/.local/lib/python3.7/site-packages/airflow/example_dags/tutorial.py for tasks to queue
[2023-02-09T22:56:11.715+0000] {logging_mixin.py:137} INFO - [2023-02-09T22:56:11.715+0000] {dagbag.py:538} INFO - Filling up the DagBag from /home/airflow/.local/lib/python3.7/site-packages/airflow/example_dags/tutorial.py
[2023-02-09T22:56:11.735+0000] {processor.py:753} INFO - DAG(s) dict_keys(['tutorial']) retrieved from /home/airflow/.local/lib/python3.7/site-packages/airflow/example_dags/tutorial.py
[2023-02-09T22:56:11.773+0000] {logging_mixin.py:137} INFO - [2023-02-09T22:56:11.773+0000] {dag.py:2690} INFO - Sync 1 DAGs
[2023-02-09T22:56:11.814+0000] {logging_mixin.py:137} INFO - [2023-02-09T22:56:11.814+0000] {dag.py:3441} INFO - Setting next_dagrun for tutorial to 2023-02-08T22:56:11.813644+00:00, run_after=2023-02-09T22:56:11.813644+00:00
[2023-02-09T22:56:11.851+0000] {processor.py:175} INFO - Processing /home/airflow/.local/lib/python3.7/site-packages/airflow/example_dags/tutorial.py took 0.145 seconds
[2023-02-09T22:56:42.607+0000] {processor.py:153} INFO - Started process (PID=2040) to work on /home/airflow/.local/lib/python3.7/site-packages/airflow/example_dags/tutorial.py
[2023-02-09T22:56:42.608+0000] {processor.py:743} INFO - Processing file /home/airflow/.local/lib/python3.7/site-packages/airflow/example_dags/tutorial.py for tasks to queue
[2023-02-09T22:56:42.609+0000] {logging_mixin.py:137} INFO - [2023-02-09T22:56:42.609+0000] {dagbag.py:538} INFO - Filling up the DagBag from /home/airflow/.local/lib/python3.7/site-packages/airflow/example_dags/tutorial.py
[2023-02-09T22:56:42.626+0000] {processor.py:753} INFO - DAG(s) dict_keys(['tutorial']) retrieved from /home/airflow/.local/lib/python3.7/site-packages/airflow/example_dags/tutorial.py
[2023-02-09T22:56:42.659+0000] {logging_mixin.py:137} INFO - [2023-02-09T22:56:42.659+0000] {dag.py:2690} INFO - Sync 1 DAGs
[2023-02-09T22:56:42.691+0000] {logging_mixin.py:137} INFO - [2023-02-09T22:56:42.691+0000] {dag.py:3441} INFO - Setting next_dagrun for tutorial to 2023-02-08T22:56:42.690866+00:00, run_after=2023-02-09T22:56:42.690866+00:00
[2023-02-09T22:56:42.718+0000] {processor.py:175} INFO - Processing /home/airflow/.local/lib/python3.7/site-packages/airflow/example_dags/tutorial.py took 0.115 seconds
[2023-02-09T22:57:12.928+0000] {processor.py:153} INFO - Started process (PID=2104) to work on /home/airflow/.local/lib/python3.7/site-packages/airflow/example_dags/tutorial.py
[2023-02-09T22:57:12.929+0000] {processor.py:743} INFO - Processing file /home/airflow/.local/lib/python3.7/site-packages/airflow/example_dags/tutorial.py for tasks to queue
[2023-02-09T22:57:12.930+0000] {logging_mixin.py:137} INFO - [2023-02-09T22:57:12.930+0000] {dagbag.py:538} INFO - Filling up the DagBag from /home/airflow/.local/lib/python3.7/site-packages/airflow/example_dags/tutorial.py
[2023-02-09T22:57:12.947+0000] {processor.py:753} INFO - DAG(s) dict_keys(['tutorial']) retrieved from /home/airflow/.local/lib/python3.7/site-packages/airflow/example_dags/tutorial.py
[2023-02-09T22:57:12.975+0000] {logging_mixin.py:137} INFO - [2023-02-09T22:57:12.975+0000] {dag.py:2690} INFO - Sync 1 DAGs
[2023-02-09T22:57:13.003+0000] {logging_mixin.py:137} INFO - [2023-02-09T22:57:13.003+0000] {dag.py:3441} INFO - Setting next_dagrun for tutorial to 2023-02-08T22:57:13.002894+00:00, run_after=2023-02-09T22:57:13.002894+00:00
[2023-02-09T22:57:13.038+0000] {processor.py:175} INFO - Processing /home/airflow/.local/lib/python3.7/site-packages/airflow/example_dags/tutorial.py took 0.114 seconds
[2023-02-09T22:57:43.590+0000] {processor.py:153} INFO - Started process (PID=2178) to work on /home/airflow/.local/lib/python3.7/site-packages/airflow/example_dags/tutorial.py
[2023-02-09T22:57:43.591+0000] {processor.py:743} INFO - Processing file /home/airflow/.local/lib/python3.7/site-packages/airflow/example_dags/tutorial.py for tasks to queue
[2023-02-09T22:57:43.592+0000] {logging_mixin.py:137} INFO - [2023-02-09T22:57:43.592+0000] {dagbag.py:538} INFO - Filling up the DagBag from /home/airflow/.local/lib/python3.7/site-packages/airflow/example_dags/tutorial.py
[2023-02-09T22:57:43.614+0000] {processor.py:753} INFO - DAG(s) dict_keys(['tutorial']) retrieved from /home/airflow/.local/lib/python3.7/site-packages/airflow/example_dags/tutorial.py
[2023-02-09T22:57:43.653+0000] {logging_mixin.py:137} INFO - [2023-02-09T22:57:43.653+0000] {dag.py:2690} INFO - Sync 1 DAGs
[2023-02-09T22:57:43.704+0000] {logging_mixin.py:137} INFO - [2023-02-09T22:57:43.704+0000] {dag.py:3441} INFO - Setting next_dagrun for tutorial to 2023-02-08T22:57:43.703701+00:00, run_after=2023-02-09T22:57:43.703701+00:00
[2023-02-09T22:57:43.739+0000] {processor.py:175} INFO - Processing /home/airflow/.local/lib/python3.7/site-packages/airflow/example_dags/tutorial.py took 0.153 seconds
[2023-02-09T22:58:13.908+0000] {processor.py:153} INFO - Started process (PID=2247) to work on /home/airflow/.local/lib/python3.7/site-packages/airflow/example_dags/tutorial.py
[2023-02-09T22:58:13.909+0000] {processor.py:743} INFO - Processing file /home/airflow/.local/lib/python3.7/site-packages/airflow/example_dags/tutorial.py for tasks to queue
[2023-02-09T22:58:13.910+0000] {logging_mixin.py:137} INFO - [2023-02-09T22:58:13.910+0000] {dagbag.py:538} INFO - Filling up the DagBag from /home/airflow/.local/lib/python3.7/site-packages/airflow/example_dags/tutorial.py
[2023-02-09T22:58:13.929+0000] {processor.py:753} INFO - DAG(s) dict_keys(['tutorial']) retrieved from /home/airflow/.local/lib/python3.7/site-packages/airflow/example_dags/tutorial.py
[2023-02-09T22:58:13.961+0000] {logging_mixin.py:137} INFO - [2023-02-09T22:58:13.961+0000] {dag.py:2690} INFO - Sync 1 DAGs
[2023-02-09T22:58:14.001+0000] {logging_mixin.py:137} INFO - [2023-02-09T22:58:14.001+0000] {dag.py:3441} INFO - Setting next_dagrun for tutorial to 2023-02-08T22:58:14.000709+00:00, run_after=2023-02-09T22:58:14.000709+00:00
[2023-02-09T22:58:14.034+0000] {processor.py:175} INFO - Processing /home/airflow/.local/lib/python3.7/site-packages/airflow/example_dags/tutorial.py took 0.133 seconds
[2023-02-09T22:58:44.134+0000] {processor.py:153} INFO - Started process (PID=2312) to work on /home/airflow/.local/lib/python3.7/site-packages/airflow/example_dags/tutorial.py
[2023-02-09T22:58:44.134+0000] {processor.py:743} INFO - Processing file /home/airflow/.local/lib/python3.7/site-packages/airflow/example_dags/tutorial.py for tasks to queue
[2023-02-09T22:58:44.135+0000] {logging_mixin.py:137} INFO - [2023-02-09T22:58:44.135+0000] {dagbag.py:538} INFO - Filling up the DagBag from /home/airflow/.local/lib/python3.7/site-packages/airflow/example_dags/tutorial.py
[2023-02-09T22:58:44.152+0000] {processor.py:753} INFO - DAG(s) dict_keys(['tutorial']) retrieved from /home/airflow/.local/lib/python3.7/site-packages/airflow/example_dags/tutorial.py
[2023-02-09T22:58:44.181+0000] {logging_mixin.py:137} INFO - [2023-02-09T22:58:44.181+0000] {dag.py:2690} INFO - Sync 1 DAGs
[2023-02-09T22:58:44.210+0000] {logging_mixin.py:137} INFO - [2023-02-09T22:58:44.209+0000] {dag.py:3441} INFO - Setting next_dagrun for tutorial to 2023-02-08T22:58:44.209632+00:00, run_after=2023-02-09T22:58:44.209632+00:00
[2023-02-09T22:58:44.237+0000] {processor.py:175} INFO - Processing /home/airflow/.local/lib/python3.7/site-packages/airflow/example_dags/tutorial.py took 0.107 seconds
[2023-02-09T22:59:15.241+0000] {processor.py:153} INFO - Started process (PID=2389) to work on /home/airflow/.local/lib/python3.7/site-packages/airflow/example_dags/tutorial.py
[2023-02-09T22:59:15.242+0000] {processor.py:743} INFO - Processing file /home/airflow/.local/lib/python3.7/site-packages/airflow/example_dags/tutorial.py for tasks to queue
[2023-02-09T22:59:15.243+0000] {logging_mixin.py:137} INFO - [2023-02-09T22:59:15.243+0000] {dagbag.py:538} INFO - Filling up the DagBag from /home/airflow/.local/lib/python3.7/site-packages/airflow/example_dags/tutorial.py
[2023-02-09T22:59:15.260+0000] {processor.py:753} INFO - DAG(s) dict_keys(['tutorial']) retrieved from /home/airflow/.local/lib/python3.7/site-packages/airflow/example_dags/tutorial.py
[2023-02-09T22:59:15.300+0000] {logging_mixin.py:137} INFO - [2023-02-09T22:59:15.299+0000] {dag.py:2690} INFO - Sync 1 DAGs
[2023-02-09T22:59:15.329+0000] {logging_mixin.py:137} INFO - [2023-02-09T22:59:15.329+0000] {dag.py:3441} INFO - Setting next_dagrun for tutorial to 2023-02-08T22:59:15.328899+00:00, run_after=2023-02-09T22:59:15.328899+00:00
[2023-02-09T22:59:15.366+0000] {processor.py:175} INFO - Processing /home/airflow/.local/lib/python3.7/site-packages/airflow/example_dags/tutorial.py took 0.131 seconds
[2023-02-09T22:59:45.568+0000] {processor.py:153} INFO - Started process (PID=2454) to work on /home/airflow/.local/lib/python3.7/site-packages/airflow/example_dags/tutorial.py
[2023-02-09T22:59:45.569+0000] {processor.py:743} INFO - Processing file /home/airflow/.local/lib/python3.7/site-packages/airflow/example_dags/tutorial.py for tasks to queue
[2023-02-09T22:59:45.569+0000] {logging_mixin.py:137} INFO - [2023-02-09T22:59:45.569+0000] {dagbag.py:538} INFO - Filling up the DagBag from /home/airflow/.local/lib/python3.7/site-packages/airflow/example_dags/tutorial.py
[2023-02-09T22:59:45.589+0000] {processor.py:753} INFO - DAG(s) dict_keys(['tutorial']) retrieved from /home/airflow/.local/lib/python3.7/site-packages/airflow/example_dags/tutorial.py
[2023-02-09T22:59:45.624+0000] {logging_mixin.py:137} INFO - [2023-02-09T22:59:45.624+0000] {dag.py:2690} INFO - Sync 1 DAGs
[2023-02-09T22:59:45.669+0000] {logging_mixin.py:137} INFO - [2023-02-09T22:59:45.669+0000] {dag.py:3441} INFO - Setting next_dagrun for tutorial to 2023-02-08T22:59:45.668915+00:00, run_after=2023-02-09T22:59:45.668915+00:00
[2023-02-09T22:59:45.699+0000] {processor.py:175} INFO - Processing /home/airflow/.local/lib/python3.7/site-packages/airflow/example_dags/tutorial.py took 0.135 seconds
[2023-02-09T23:00:16.430+0000] {processor.py:153} INFO - Started process (PID=2519) to work on /home/airflow/.local/lib/python3.7/site-packages/airflow/example_dags/tutorial.py
[2023-02-09T23:00:16.434+0000] {processor.py:743} INFO - Processing file /home/airflow/.local/lib/python3.7/site-packages/airflow/example_dags/tutorial.py for tasks to queue
[2023-02-09T23:00:16.436+0000] {logging_mixin.py:137} INFO - [2023-02-09T23:00:16.436+0000] {dagbag.py:538} INFO - Filling up the DagBag from /home/airflow/.local/lib/python3.7/site-packages/airflow/example_dags/tutorial.py
[2023-02-09T23:00:16.463+0000] {processor.py:753} INFO - DAG(s) dict_keys(['tutorial']) retrieved from /home/airflow/.local/lib/python3.7/site-packages/airflow/example_dags/tutorial.py
[2023-02-09T23:00:16.501+0000] {logging_mixin.py:137} INFO - [2023-02-09T23:00:16.500+0000] {dag.py:2690} INFO - Sync 1 DAGs
[2023-02-09T23:00:16.550+0000] {logging_mixin.py:137} INFO - [2023-02-09T23:00:16.550+0000] {dag.py:3441} INFO - Setting next_dagrun for tutorial to 2023-02-08T23:00:16.549844+00:00, run_after=2023-02-09T23:00:16.549844+00:00
[2023-02-09T23:00:16.588+0000] {processor.py:175} INFO - Processing /home/airflow/.local/lib/python3.7/site-packages/airflow/example_dags/tutorial.py took 0.166 seconds
[2023-02-09T23:00:46.624+0000] {processor.py:153} INFO - Started process (PID=2596) to work on /home/airflow/.local/lib/python3.7/site-packages/airflow/example_dags/tutorial.py
[2023-02-09T23:00:46.627+0000] {processor.py:743} INFO - Processing file /home/airflow/.local/lib/python3.7/site-packages/airflow/example_dags/tutorial.py for tasks to queue
[2023-02-09T23:00:46.628+0000] {logging_mixin.py:137} INFO - [2023-02-09T23:00:46.627+0000] {dagbag.py:538} INFO - Filling up the DagBag from /home/airflow/.local/lib/python3.7/site-packages/airflow/example_dags/tutorial.py
[2023-02-09T23:00:46.645+0000] {processor.py:753} INFO - DAG(s) dict_keys(['tutorial']) retrieved from /home/airflow/.local/lib/python3.7/site-packages/airflow/example_dags/tutorial.py
[2023-02-09T23:00:46.675+0000] {logging_mixin.py:137} INFO - [2023-02-09T23:00:46.674+0000] {dag.py:2690} INFO - Sync 1 DAGs
[2023-02-09T23:00:46.702+0000] {logging_mixin.py:137} INFO - [2023-02-09T23:00:46.702+0000] {dag.py:3441} INFO - Setting next_dagrun for tutorial to 2023-02-08T23:00:46.702139+00:00, run_after=2023-02-09T23:00:46.702139+00:00
[2023-02-09T23:00:46.728+0000] {processor.py:175} INFO - Processing /home/airflow/.local/lib/python3.7/site-packages/airflow/example_dags/tutorial.py took 0.109 seconds
[2023-02-09T23:01:17.072+0000] {processor.py:153} INFO - Started process (PID=2662) to work on /home/airflow/.local/lib/python3.7/site-packages/airflow/example_dags/tutorial.py
[2023-02-09T23:01:17.073+0000] {processor.py:743} INFO - Processing file /home/airflow/.local/lib/python3.7/site-packages/airflow/example_dags/tutorial.py for tasks to queue
[2023-02-09T23:01:17.074+0000] {logging_mixin.py:137} INFO - [2023-02-09T23:01:17.073+0000] {dagbag.py:538} INFO - Filling up the DagBag from /home/airflow/.local/lib/python3.7/site-packages/airflow/example_dags/tutorial.py
[2023-02-09T23:01:17.090+0000] {processor.py:753} INFO - DAG(s) dict_keys(['tutorial']) retrieved from /home/airflow/.local/lib/python3.7/site-packages/airflow/example_dags/tutorial.py
[2023-02-09T23:01:17.117+0000] {logging_mixin.py:137} INFO - [2023-02-09T23:01:17.116+0000] {dag.py:2690} INFO - Sync 1 DAGs
[2023-02-09T23:01:17.144+0000] {logging_mixin.py:137} INFO - [2023-02-09T23:01:17.144+0000] {dag.py:3441} INFO - Setting next_dagrun for tutorial to 2023-02-08T23:01:17.143945+00:00, run_after=2023-02-09T23:01:17.143945+00:00
[2023-02-09T23:01:17.170+0000] {processor.py:175} INFO - Processing /home/airflow/.local/lib/python3.7/site-packages/airflow/example_dags/tutorial.py took 0.103 seconds
[2023-02-09T23:01:47.780+0000] {processor.py:153} INFO - Started process (PID=2738) to work on /home/airflow/.local/lib/python3.7/site-packages/airflow/example_dags/tutorial.py
[2023-02-09T23:01:47.782+0000] {processor.py:743} INFO - Processing file /home/airflow/.local/lib/python3.7/site-packages/airflow/example_dags/tutorial.py for tasks to queue
[2023-02-09T23:01:47.782+0000] {logging_mixin.py:137} INFO - [2023-02-09T23:01:47.782+0000] {dagbag.py:538} INFO - Filling up the DagBag from /home/airflow/.local/lib/python3.7/site-packages/airflow/example_dags/tutorial.py
[2023-02-09T23:01:47.804+0000] {processor.py:753} INFO - DAG(s) dict_keys(['tutorial']) retrieved from /home/airflow/.local/lib/python3.7/site-packages/airflow/example_dags/tutorial.py
[2023-02-09T23:01:47.840+0000] {logging_mixin.py:137} INFO - [2023-02-09T23:01:47.840+0000] {dag.py:2690} INFO - Sync 1 DAGs
[2023-02-09T23:01:47.883+0000] {logging_mixin.py:137} INFO - [2023-02-09T23:01:47.883+0000] {dag.py:3441} INFO - Setting next_dagrun for tutorial to 2023-02-08T23:01:47.883207+00:00, run_after=2023-02-09T23:01:47.883207+00:00
[2023-02-09T23:01:47.917+0000] {processor.py:175} INFO - Processing /home/airflow/.local/lib/python3.7/site-packages/airflow/example_dags/tutorial.py took 0.142 seconds
[2023-02-09T23:02:17.994+0000] {processor.py:153} INFO - Started process (PID=2804) to work on /home/airflow/.local/lib/python3.7/site-packages/airflow/example_dags/tutorial.py
[2023-02-09T23:02:17.995+0000] {processor.py:743} INFO - Processing file /home/airflow/.local/lib/python3.7/site-packages/airflow/example_dags/tutorial.py for tasks to queue
[2023-02-09T23:02:17.995+0000] {logging_mixin.py:137} INFO - [2023-02-09T23:02:17.995+0000] {dagbag.py:538} INFO - Filling up the DagBag from /home/airflow/.local/lib/python3.7/site-packages/airflow/example_dags/tutorial.py
[2023-02-09T23:02:18.012+0000] {processor.py:753} INFO - DAG(s) dict_keys(['tutorial']) retrieved from /home/airflow/.local/lib/python3.7/site-packages/airflow/example_dags/tutorial.py
[2023-02-09T23:02:18.040+0000] {logging_mixin.py:137} INFO - [2023-02-09T23:02:18.040+0000] {dag.py:2690} INFO - Sync 1 DAGs
[2023-02-09T23:02:18.066+0000] {logging_mixin.py:137} INFO - [2023-02-09T23:02:18.066+0000] {dag.py:3441} INFO - Setting next_dagrun for tutorial to 2023-02-08T23:02:18.066129+00:00, run_after=2023-02-09T23:02:18.066129+00:00
[2023-02-09T23:02:18.092+0000] {processor.py:175} INFO - Processing /home/airflow/.local/lib/python3.7/site-packages/airflow/example_dags/tutorial.py took 0.103 seconds
[2023-02-09T23:02:48.772+0000] {processor.py:153} INFO - Started process (PID=2870) to work on /home/airflow/.local/lib/python3.7/site-packages/airflow/example_dags/tutorial.py
[2023-02-09T23:02:48.773+0000] {processor.py:743} INFO - Processing file /home/airflow/.local/lib/python3.7/site-packages/airflow/example_dags/tutorial.py for tasks to queue
[2023-02-09T23:02:48.774+0000] {logging_mixin.py:137} INFO - [2023-02-09T23:02:48.773+0000] {dagbag.py:538} INFO - Filling up the DagBag from /home/airflow/.local/lib/python3.7/site-packages/airflow/example_dags/tutorial.py
[2023-02-09T23:02:48.791+0000] {processor.py:753} INFO - DAG(s) dict_keys(['tutorial']) retrieved from /home/airflow/.local/lib/python3.7/site-packages/airflow/example_dags/tutorial.py
[2023-02-09T23:02:48.819+0000] {logging_mixin.py:137} INFO - [2023-02-09T23:02:48.819+0000] {dag.py:2690} INFO - Sync 1 DAGs
[2023-02-09T23:02:48.846+0000] {logging_mixin.py:137} INFO - [2023-02-09T23:02:48.846+0000] {dag.py:3441} INFO - Setting next_dagrun for tutorial to 2023-02-08T23:02:48.845953+00:00, run_after=2023-02-09T23:02:48.845953+00:00
[2023-02-09T23:02:48.875+0000] {processor.py:175} INFO - Processing /home/airflow/.local/lib/python3.7/site-packages/airflow/example_dags/tutorial.py took 0.109 seconds
[2023-02-09T23:03:19.543+0000] {processor.py:153} INFO - Started process (PID=2947) to work on /home/airflow/.local/lib/python3.7/site-packages/airflow/example_dags/tutorial.py
[2023-02-09T23:03:19.544+0000] {processor.py:743} INFO - Processing file /home/airflow/.local/lib/python3.7/site-packages/airflow/example_dags/tutorial.py for tasks to queue
[2023-02-09T23:03:19.544+0000] {logging_mixin.py:137} INFO - [2023-02-09T23:03:19.544+0000] {dagbag.py:538} INFO - Filling up the DagBag from /home/airflow/.local/lib/python3.7/site-packages/airflow/example_dags/tutorial.py
[2023-02-09T23:03:19.560+0000] {processor.py:753} INFO - DAG(s) dict_keys(['tutorial']) retrieved from /home/airflow/.local/lib/python3.7/site-packages/airflow/example_dags/tutorial.py
[2023-02-09T23:03:19.594+0000] {logging_mixin.py:137} INFO - [2023-02-09T23:03:19.594+0000] {dag.py:2690} INFO - Sync 1 DAGs
[2023-02-09T23:03:19.623+0000] {logging_mixin.py:137} INFO - [2023-02-09T23:03:19.623+0000] {dag.py:3441} INFO - Setting next_dagrun for tutorial to 2023-02-08T23:03:19.622921+00:00, run_after=2023-02-09T23:03:19.622921+00:00
[2023-02-09T23:03:19.648+0000] {processor.py:175} INFO - Processing /home/airflow/.local/lib/python3.7/site-packages/airflow/example_dags/tutorial.py took 0.110 seconds
[2023-02-09T23:03:50.266+0000] {processor.py:153} INFO - Started process (PID=3012) to work on /home/airflow/.local/lib/python3.7/site-packages/airflow/example_dags/tutorial.py
[2023-02-09T23:03:50.267+0000] {processor.py:743} INFO - Processing file /home/airflow/.local/lib/python3.7/site-packages/airflow/example_dags/tutorial.py for tasks to queue
[2023-02-09T23:03:50.268+0000] {logging_mixin.py:137} INFO - [2023-02-09T23:03:50.268+0000] {dagbag.py:538} INFO - Filling up the DagBag from /home/airflow/.local/lib/python3.7/site-packages/airflow/example_dags/tutorial.py
[2023-02-09T23:03:50.286+0000] {processor.py:753} INFO - DAG(s) dict_keys(['tutorial']) retrieved from /home/airflow/.local/lib/python3.7/site-packages/airflow/example_dags/tutorial.py
[2023-02-09T23:03:50.315+0000] {logging_mixin.py:137} INFO - [2023-02-09T23:03:50.314+0000] {dag.py:2690} INFO - Sync 1 DAGs
[2023-02-09T23:03:50.342+0000] {logging_mixin.py:137} INFO - [2023-02-09T23:03:50.341+0000] {dag.py:3441} INFO - Setting next_dagrun for tutorial to 2023-02-08T23:03:50.341562+00:00, run_after=2023-02-09T23:03:50.341562+00:00
[2023-02-09T23:03:50.368+0000] {processor.py:175} INFO - Processing /home/airflow/.local/lib/python3.7/site-packages/airflow/example_dags/tutorial.py took 0.106 seconds
[2023-02-09T23:04:21.429+0000] {processor.py:153} INFO - Started process (PID=3090) to work on /home/airflow/.local/lib/python3.7/site-packages/airflow/example_dags/tutorial.py
[2023-02-09T23:04:21.430+0000] {processor.py:743} INFO - Processing file /home/airflow/.local/lib/python3.7/site-packages/airflow/example_dags/tutorial.py for tasks to queue
[2023-02-09T23:04:21.431+0000] {logging_mixin.py:137} INFO - [2023-02-09T23:04:21.431+0000] {dagbag.py:538} INFO - Filling up the DagBag from /home/airflow/.local/lib/python3.7/site-packages/airflow/example_dags/tutorial.py
[2023-02-09T23:04:21.449+0000] {processor.py:753} INFO - DAG(s) dict_keys(['tutorial']) retrieved from /home/airflow/.local/lib/python3.7/site-packages/airflow/example_dags/tutorial.py
[2023-02-09T23:04:21.491+0000] {logging_mixin.py:137} INFO - [2023-02-09T23:04:21.491+0000] {dag.py:2690} INFO - Sync 1 DAGs
[2023-02-09T23:04:21.536+0000] {logging_mixin.py:137} INFO - [2023-02-09T23:04:21.536+0000] {dag.py:3441} INFO - Setting next_dagrun for tutorial to 2023-02-08T23:04:21.535610+00:00, run_after=2023-02-09T23:04:21.535610+00:00
[2023-02-09T23:04:21.575+0000] {processor.py:175} INFO - Processing /home/airflow/.local/lib/python3.7/site-packages/airflow/example_dags/tutorial.py took 0.151 seconds
[2023-02-09T23:04:51.693+0000] {processor.py:153} INFO - Started process (PID=3155) to work on /home/airflow/.local/lib/python3.7/site-packages/airflow/example_dags/tutorial.py
[2023-02-09T23:04:51.694+0000] {processor.py:743} INFO - Processing file /home/airflow/.local/lib/python3.7/site-packages/airflow/example_dags/tutorial.py for tasks to queue
[2023-02-09T23:04:51.694+0000] {logging_mixin.py:137} INFO - [2023-02-09T23:04:51.694+0000] {dagbag.py:538} INFO - Filling up the DagBag from /home/airflow/.local/lib/python3.7/site-packages/airflow/example_dags/tutorial.py
[2023-02-09T23:04:51.716+0000] {processor.py:753} INFO - DAG(s) dict_keys(['tutorial']) retrieved from /home/airflow/.local/lib/python3.7/site-packages/airflow/example_dags/tutorial.py
[2023-02-09T23:04:51.752+0000] {logging_mixin.py:137} INFO - [2023-02-09T23:04:51.751+0000] {dag.py:2690} INFO - Sync 1 DAGs
[2023-02-09T23:04:51.791+0000] {logging_mixin.py:137} INFO - [2023-02-09T23:04:51.790+0000] {dag.py:3441} INFO - Setting next_dagrun for tutorial to 2023-02-08T23:04:51.790395+00:00, run_after=2023-02-09T23:04:51.790395+00:00
[2023-02-09T23:04:51.819+0000] {processor.py:175} INFO - Processing /home/airflow/.local/lib/python3.7/site-packages/airflow/example_dags/tutorial.py took 0.131 seconds
[2023-02-09T23:05:22.497+0000] {processor.py:153} INFO - Started process (PID=3221) to work on /home/airflow/.local/lib/python3.7/site-packages/airflow/example_dags/tutorial.py
[2023-02-09T23:05:22.499+0000] {processor.py:743} INFO - Processing file /home/airflow/.local/lib/python3.7/site-packages/airflow/example_dags/tutorial.py for tasks to queue
[2023-02-09T23:05:22.499+0000] {logging_mixin.py:137} INFO - [2023-02-09T23:05:22.499+0000] {dagbag.py:538} INFO - Filling up the DagBag from /home/airflow/.local/lib/python3.7/site-packages/airflow/example_dags/tutorial.py
[2023-02-09T23:05:22.522+0000] {processor.py:753} INFO - DAG(s) dict_keys(['tutorial']) retrieved from /home/airflow/.local/lib/python3.7/site-packages/airflow/example_dags/tutorial.py
[2023-02-09T23:05:22.559+0000] {logging_mixin.py:137} INFO - [2023-02-09T23:05:22.559+0000] {dag.py:2690} INFO - Sync 1 DAGs
[2023-02-09T23:05:22.599+0000] {logging_mixin.py:137} INFO - [2023-02-09T23:05:22.599+0000] {dag.py:3441} INFO - Setting next_dagrun for tutorial to 2023-02-08T23:05:22.599269+00:00, run_after=2023-02-09T23:05:22.599269+00:00
[2023-02-09T23:05:22.635+0000] {processor.py:175} INFO - Processing /home/airflow/.local/lib/python3.7/site-packages/airflow/example_dags/tutorial.py took 0.143 seconds
[2023-02-09T23:05:53.384+0000] {processor.py:153} INFO - Started process (PID=3298) to work on /home/airflow/.local/lib/python3.7/site-packages/airflow/example_dags/tutorial.py
[2023-02-09T23:05:53.385+0000] {processor.py:743} INFO - Processing file /home/airflow/.local/lib/python3.7/site-packages/airflow/example_dags/tutorial.py for tasks to queue
[2023-02-09T23:05:53.386+0000] {logging_mixin.py:137} INFO - [2023-02-09T23:05:53.386+0000] {dagbag.py:538} INFO - Filling up the DagBag from /home/airflow/.local/lib/python3.7/site-packages/airflow/example_dags/tutorial.py
[2023-02-09T23:05:53.401+0000] {processor.py:753} INFO - DAG(s) dict_keys(['tutorial']) retrieved from /home/airflow/.local/lib/python3.7/site-packages/airflow/example_dags/tutorial.py
[2023-02-09T23:05:53.433+0000] {logging_mixin.py:137} INFO - [2023-02-09T23:05:53.433+0000] {dag.py:2690} INFO - Sync 1 DAGs
[2023-02-09T23:05:53.461+0000] {logging_mixin.py:137} INFO - [2023-02-09T23:05:53.460+0000] {dag.py:3441} INFO - Setting next_dagrun for tutorial to 2023-02-08T23:05:53.460597+00:00, run_after=2023-02-09T23:05:53.460597+00:00
[2023-02-09T23:05:53.488+0000] {processor.py:175} INFO - Processing /home/airflow/.local/lib/python3.7/site-packages/airflow/example_dags/tutorial.py took 0.108 seconds
[2023-02-09T23:06:23.833+0000] {processor.py:153} INFO - Started process (PID=3364) to work on /home/airflow/.local/lib/python3.7/site-packages/airflow/example_dags/tutorial.py
[2023-02-09T23:06:23.834+0000] {processor.py:743} INFO - Processing file /home/airflow/.local/lib/python3.7/site-packages/airflow/example_dags/tutorial.py for tasks to queue
[2023-02-09T23:06:23.835+0000] {logging_mixin.py:137} INFO - [2023-02-09T23:06:23.835+0000] {dagbag.py:538} INFO - Filling up the DagBag from /home/airflow/.local/lib/python3.7/site-packages/airflow/example_dags/tutorial.py
[2023-02-09T23:06:23.851+0000] {processor.py:753} INFO - DAG(s) dict_keys(['tutorial']) retrieved from /home/airflow/.local/lib/python3.7/site-packages/airflow/example_dags/tutorial.py
[2023-02-09T23:06:23.880+0000] {logging_mixin.py:137} INFO - [2023-02-09T23:06:23.880+0000] {dag.py:2690} INFO - Sync 1 DAGs
[2023-02-09T23:06:23.907+0000] {logging_mixin.py:137} INFO - [2023-02-09T23:06:23.906+0000] {dag.py:3441} INFO - Setting next_dagrun for tutorial to 2023-02-08T23:06:23.906644+00:00, run_after=2023-02-09T23:06:23.906644+00:00
[2023-02-09T23:06:23.938+0000] {processor.py:175} INFO - Processing /home/airflow/.local/lib/python3.7/site-packages/airflow/example_dags/tutorial.py took 0.109 seconds
[2023-02-09T23:06:54.079+0000] {processor.py:153} INFO - Started process (PID=3440) to work on /home/airflow/.local/lib/python3.7/site-packages/airflow/example_dags/tutorial.py
[2023-02-09T23:06:54.080+0000] {processor.py:743} INFO - Processing file /home/airflow/.local/lib/python3.7/site-packages/airflow/example_dags/tutorial.py for tasks to queue
[2023-02-09T23:06:54.081+0000] {logging_mixin.py:137} INFO - [2023-02-09T23:06:54.081+0000] {dagbag.py:538} INFO - Filling up the DagBag from /home/airflow/.local/lib/python3.7/site-packages/airflow/example_dags/tutorial.py
[2023-02-09T23:06:54.105+0000] {processor.py:753} INFO - DAG(s) dict_keys(['tutorial']) retrieved from /home/airflow/.local/lib/python3.7/site-packages/airflow/example_dags/tutorial.py
[2023-02-09T23:06:54.145+0000] {logging_mixin.py:137} INFO - [2023-02-09T23:06:54.145+0000] {dag.py:2690} INFO - Sync 1 DAGs
[2023-02-09T23:06:54.196+0000] {logging_mixin.py:137} INFO - [2023-02-09T23:06:54.195+0000] {dag.py:3441} INFO - Setting next_dagrun for tutorial to 2023-02-08T23:06:54.195481+00:00, run_after=2023-02-09T23:06:54.195481+00:00
[2023-02-09T23:06:54.241+0000] {processor.py:175} INFO - Processing /home/airflow/.local/lib/python3.7/site-packages/airflow/example_dags/tutorial.py took 0.168 seconds
[2023-02-09T23:07:25.165+0000] {processor.py:153} INFO - Started process (PID=3508) to work on /home/airflow/.local/lib/python3.7/site-packages/airflow/example_dags/tutorial.py
[2023-02-09T23:07:25.166+0000] {processor.py:743} INFO - Processing file /home/airflow/.local/lib/python3.7/site-packages/airflow/example_dags/tutorial.py for tasks to queue
[2023-02-09T23:07:25.167+0000] {logging_mixin.py:137} INFO - [2023-02-09T23:07:25.167+0000] {dagbag.py:538} INFO - Filling up the DagBag from /home/airflow/.local/lib/python3.7/site-packages/airflow/example_dags/tutorial.py
[2023-02-09T23:07:25.188+0000] {processor.py:753} INFO - DAG(s) dict_keys(['tutorial']) retrieved from /home/airflow/.local/lib/python3.7/site-packages/airflow/example_dags/tutorial.py
[2023-02-09T23:07:25.226+0000] {logging_mixin.py:137} INFO - [2023-02-09T23:07:25.225+0000] {dag.py:2690} INFO - Sync 1 DAGs
[2023-02-09T23:07:25.265+0000] {logging_mixin.py:137} INFO - [2023-02-09T23:07:25.265+0000] {dag.py:3441} INFO - Setting next_dagrun for tutorial to 2023-02-08T23:07:25.265050+00:00, run_after=2023-02-09T23:07:25.265050+00:00
[2023-02-09T23:07:25.303+0000] {processor.py:175} INFO - Processing /home/airflow/.local/lib/python3.7/site-packages/airflow/example_dags/tutorial.py took 0.143 seconds
[2023-02-09T23:07:55.905+0000] {processor.py:153} INFO - Started process (PID=3574) to work on /home/airflow/.local/lib/python3.7/site-packages/airflow/example_dags/tutorial.py
[2023-02-09T23:07:55.906+0000] {processor.py:743} INFO - Processing file /home/airflow/.local/lib/python3.7/site-packages/airflow/example_dags/tutorial.py for tasks to queue
[2023-02-09T23:07:55.908+0000] {logging_mixin.py:137} INFO - [2023-02-09T23:07:55.907+0000] {dagbag.py:538} INFO - Filling up the DagBag from /home/airflow/.local/lib/python3.7/site-packages/airflow/example_dags/tutorial.py
[2023-02-09T23:07:55.931+0000] {processor.py:753} INFO - DAG(s) dict_keys(['tutorial']) retrieved from /home/airflow/.local/lib/python3.7/site-packages/airflow/example_dags/tutorial.py
[2023-02-09T23:07:55.964+0000] {logging_mixin.py:137} INFO - [2023-02-09T23:07:55.964+0000] {dag.py:2690} INFO - Sync 1 DAGs
[2023-02-09T23:07:56.000+0000] {logging_mixin.py:137} INFO - [2023-02-09T23:07:56.000+0000] {dag.py:3441} INFO - Setting next_dagrun for tutorial to 2023-02-08T23:07:55.999920+00:00, run_after=2023-02-09T23:07:55.999920+00:00
[2023-02-09T23:07:56.040+0000] {processor.py:175} INFO - Processing /home/airflow/.local/lib/python3.7/site-packages/airflow/example_dags/tutorial.py took 0.141 seconds
[2023-02-09T23:08:26.067+0000] {processor.py:153} INFO - Started process (PID=3651) to work on /home/airflow/.local/lib/python3.7/site-packages/airflow/example_dags/tutorial.py
[2023-02-09T23:08:26.068+0000] {processor.py:743} INFO - Processing file /home/airflow/.local/lib/python3.7/site-packages/airflow/example_dags/tutorial.py for tasks to queue
[2023-02-09T23:08:26.068+0000] {logging_mixin.py:137} INFO - [2023-02-09T23:08:26.068+0000] {dagbag.py:538} INFO - Filling up the DagBag from /home/airflow/.local/lib/python3.7/site-packages/airflow/example_dags/tutorial.py
[2023-02-09T23:08:26.086+0000] {processor.py:753} INFO - DAG(s) dict_keys(['tutorial']) retrieved from /home/airflow/.local/lib/python3.7/site-packages/airflow/example_dags/tutorial.py
[2023-02-09T23:08:26.114+0000] {logging_mixin.py:137} INFO - [2023-02-09T23:08:26.114+0000] {dag.py:2690} INFO - Sync 1 DAGs
[2023-02-09T23:08:26.141+0000] {logging_mixin.py:137} INFO - [2023-02-09T23:08:26.141+0000] {dag.py:3441} INFO - Setting next_dagrun for tutorial to 2023-02-08T23:08:26.140892+00:00, run_after=2023-02-09T23:08:26.140892+00:00
[2023-02-09T23:08:26.168+0000] {processor.py:175} INFO - Processing /home/airflow/.local/lib/python3.7/site-packages/airflow/example_dags/tutorial.py took 0.106 seconds
[2023-02-09T23:08:56.416+0000] {processor.py:153} INFO - Started process (PID=3718) to work on /home/airflow/.local/lib/python3.7/site-packages/airflow/example_dags/tutorial.py
[2023-02-09T23:08:56.417+0000] {processor.py:743} INFO - Processing file /home/airflow/.local/lib/python3.7/site-packages/airflow/example_dags/tutorial.py for tasks to queue
[2023-02-09T23:08:56.418+0000] {logging_mixin.py:137} INFO - [2023-02-09T23:08:56.417+0000] {dagbag.py:538} INFO - Filling up the DagBag from /home/airflow/.local/lib/python3.7/site-packages/airflow/example_dags/tutorial.py
[2023-02-09T23:08:56.434+0000] {processor.py:753} INFO - DAG(s) dict_keys(['tutorial']) retrieved from /home/airflow/.local/lib/python3.7/site-packages/airflow/example_dags/tutorial.py
[2023-02-09T23:08:56.488+0000] {logging_mixin.py:137} INFO - [2023-02-09T23:08:56.488+0000] {dag.py:2690} INFO - Sync 1 DAGs
[2023-02-09T23:08:56.532+0000] {logging_mixin.py:137} INFO - [2023-02-09T23:08:56.532+0000] {dag.py:3441} INFO - Setting next_dagrun for tutorial to 2023-02-08T23:08:56.531598+00:00, run_after=2023-02-09T23:08:56.531598+00:00
[2023-02-09T23:08:56.570+0000] {processor.py:175} INFO - Processing /home/airflow/.local/lib/python3.7/site-packages/airflow/example_dags/tutorial.py took 0.159 seconds
[2023-02-09T23:09:27.308+0000] {processor.py:153} INFO - Started process (PID=3792) to work on /home/airflow/.local/lib/python3.7/site-packages/airflow/example_dags/tutorial.py
[2023-02-09T23:09:27.310+0000] {processor.py:743} INFO - Processing file /home/airflow/.local/lib/python3.7/site-packages/airflow/example_dags/tutorial.py for tasks to queue
[2023-02-09T23:09:27.311+0000] {logging_mixin.py:137} INFO - [2023-02-09T23:09:27.311+0000] {dagbag.py:538} INFO - Filling up the DagBag from /home/airflow/.local/lib/python3.7/site-packages/airflow/example_dags/tutorial.py
[2023-02-09T23:09:27.334+0000] {processor.py:753} INFO - DAG(s) dict_keys(['tutorial']) retrieved from /home/airflow/.local/lib/python3.7/site-packages/airflow/example_dags/tutorial.py
[2023-02-09T23:09:27.372+0000] {logging_mixin.py:137} INFO - [2023-02-09T23:09:27.372+0000] {dag.py:2690} INFO - Sync 1 DAGs
[2023-02-09T23:09:27.480+0000] {logging_mixin.py:137} INFO - [2023-02-09T23:09:27.480+0000] {dag.py:3441} INFO - Setting next_dagrun for tutorial to 2023-02-08T23:09:27.480057+00:00, run_after=2023-02-09T23:09:27.480057+00:00
[2023-02-09T23:09:27.518+0000] {processor.py:175} INFO - Processing /home/airflow/.local/lib/python3.7/site-packages/airflow/example_dags/tutorial.py took 0.218 seconds
[2023-02-09T23:09:57.593+0000] {processor.py:153} INFO - Started process (PID=3860) to work on /home/airflow/.local/lib/python3.7/site-packages/airflow/example_dags/tutorial.py
[2023-02-09T23:09:57.594+0000] {processor.py:743} INFO - Processing file /home/airflow/.local/lib/python3.7/site-packages/airflow/example_dags/tutorial.py for tasks to queue
[2023-02-09T23:09:57.594+0000] {logging_mixin.py:137} INFO - [2023-02-09T23:09:57.594+0000] {dagbag.py:538} INFO - Filling up the DagBag from /home/airflow/.local/lib/python3.7/site-packages/airflow/example_dags/tutorial.py
[2023-02-09T23:09:57.611+0000] {processor.py:753} INFO - DAG(s) dict_keys(['tutorial']) retrieved from /home/airflow/.local/lib/python3.7/site-packages/airflow/example_dags/tutorial.py
[2023-02-09T23:09:57.649+0000] {logging_mixin.py:137} INFO - [2023-02-09T23:09:57.649+0000] {dag.py:2690} INFO - Sync 1 DAGs
[2023-02-09T23:09:57.685+0000] {logging_mixin.py:137} INFO - [2023-02-09T23:09:57.685+0000] {dag.py:3441} INFO - Setting next_dagrun for tutorial to 2023-02-08T23:09:57.685433+00:00, run_after=2023-02-09T23:09:57.685433+00:00
[2023-02-09T23:09:57.723+0000] {processor.py:175} INFO - Processing /home/airflow/.local/lib/python3.7/site-packages/airflow/example_dags/tutorial.py took 0.134 seconds
[2023-02-09T23:10:27.800+0000] {processor.py:153} INFO - Started process (PID=3925) to work on /home/airflow/.local/lib/python3.7/site-packages/airflow/example_dags/tutorial.py
[2023-02-09T23:10:27.801+0000] {processor.py:743} INFO - Processing file /home/airflow/.local/lib/python3.7/site-packages/airflow/example_dags/tutorial.py for tasks to queue
[2023-02-09T23:10:27.802+0000] {logging_mixin.py:137} INFO - [2023-02-09T23:10:27.802+0000] {dagbag.py:538} INFO - Filling up the DagBag from /home/airflow/.local/lib/python3.7/site-packages/airflow/example_dags/tutorial.py
[2023-02-09T23:10:27.826+0000] {processor.py:753} INFO - DAG(s) dict_keys(['tutorial']) retrieved from /home/airflow/.local/lib/python3.7/site-packages/airflow/example_dags/tutorial.py
[2023-02-09T23:10:27.866+0000] {logging_mixin.py:137} INFO - [2023-02-09T23:10:27.866+0000] {dag.py:2690} INFO - Sync 1 DAGs
[2023-02-09T23:10:27.908+0000] {logging_mixin.py:137} INFO - [2023-02-09T23:10:27.908+0000] {dag.py:3441} INFO - Setting next_dagrun for tutorial to 2023-02-08T23:10:27.908295+00:00, run_after=2023-02-09T23:10:27.908295+00:00
[2023-02-09T23:10:27.947+0000] {processor.py:175} INFO - Processing /home/airflow/.local/lib/python3.7/site-packages/airflow/example_dags/tutorial.py took 0.152 seconds
[2023-02-09T23:10:58.880+0000] {processor.py:153} INFO - Started process (PID=4002) to work on /home/airflow/.local/lib/python3.7/site-packages/airflow/example_dags/tutorial.py
[2023-02-09T23:10:58.881+0000] {processor.py:743} INFO - Processing file /home/airflow/.local/lib/python3.7/site-packages/airflow/example_dags/tutorial.py for tasks to queue
[2023-02-09T23:10:58.881+0000] {logging_mixin.py:137} INFO - [2023-02-09T23:10:58.881+0000] {dagbag.py:538} INFO - Filling up the DagBag from /home/airflow/.local/lib/python3.7/site-packages/airflow/example_dags/tutorial.py
[2023-02-09T23:10:58.898+0000] {processor.py:753} INFO - DAG(s) dict_keys(['tutorial']) retrieved from /home/airflow/.local/lib/python3.7/site-packages/airflow/example_dags/tutorial.py
[2023-02-09T23:10:58.926+0000] {logging_mixin.py:137} INFO - [2023-02-09T23:10:58.926+0000] {dag.py:2690} INFO - Sync 1 DAGs
[2023-02-09T23:10:58.960+0000] {logging_mixin.py:137} INFO - [2023-02-09T23:10:58.960+0000] {dag.py:3441} INFO - Setting next_dagrun for tutorial to 2023-02-08T23:10:58.959678+00:00, run_after=2023-02-09T23:10:58.959678+00:00
[2023-02-09T23:10:58.988+0000] {processor.py:175} INFO - Processing /home/airflow/.local/lib/python3.7/site-packages/airflow/example_dags/tutorial.py took 0.112 seconds
[2023-02-09T23:11:29.414+0000] {processor.py:153} INFO - Started process (PID=4067) to work on /home/airflow/.local/lib/python3.7/site-packages/airflow/example_dags/tutorial.py
[2023-02-09T23:11:29.415+0000] {processor.py:743} INFO - Processing file /home/airflow/.local/lib/python3.7/site-packages/airflow/example_dags/tutorial.py for tasks to queue
[2023-02-09T23:11:29.416+0000] {logging_mixin.py:137} INFO - [2023-02-09T23:11:29.416+0000] {dagbag.py:538} INFO - Filling up the DagBag from /home/airflow/.local/lib/python3.7/site-packages/airflow/example_dags/tutorial.py
[2023-02-09T23:11:29.443+0000] {processor.py:753} INFO - DAG(s) dict_keys(['tutorial']) retrieved from /home/airflow/.local/lib/python3.7/site-packages/airflow/example_dags/tutorial.py
[2023-02-09T23:11:29.488+0000] {logging_mixin.py:137} INFO - [2023-02-09T23:11:29.488+0000] {dag.py:2690} INFO - Sync 1 DAGs
[2023-02-09T23:11:29.550+0000] {logging_mixin.py:137} INFO - [2023-02-09T23:11:29.550+0000] {dag.py:3441} INFO - Setting next_dagrun for tutorial to 2023-02-08T23:11:29.550173+00:00, run_after=2023-02-09T23:11:29.550173+00:00
[2023-02-09T23:11:29.604+0000] {processor.py:175} INFO - Processing /home/airflow/.local/lib/python3.7/site-packages/airflow/example_dags/tutorial.py took 0.200 seconds
