[2023-01-24T18:04:09.420+0000] {processor.py:153} INFO - Started process (PID=79) to work on /home/airflow/.local/lib/python3.7/site-packages/airflow/example_dags/example_branch_day_of_week_operator.py
[2023-01-24T18:04:09.422+0000] {processor.py:743} INFO - Processing file /home/airflow/.local/lib/python3.7/site-packages/airflow/example_dags/example_branch_day_of_week_operator.py for tasks to queue
[2023-01-24T18:04:09.423+0000] {logging_mixin.py:137} INFO - [2023-01-24T18:04:09.423+0000] {dagbag.py:538} INFO - Filling up the DagBag from /home/airflow/.local/lib/python3.7/site-packages/airflow/example_dags/example_branch_day_of_week_operator.py
[2023-01-24T18:04:09.503+0000] {processor.py:753} INFO - DAG(s) dict_keys(['example_weekday_branch_operator']) retrieved from /home/airflow/.local/lib/python3.7/site-packages/airflow/example_dags/example_branch_day_of_week_operator.py
[2023-01-24T18:04:09.587+0000] {logging_mixin.py:137} INFO - [2023-01-24T18:04:09.587+0000] {dag.py:2690} INFO - Sync 1 DAGs
[2023-01-24T18:04:09.628+0000] {logging_mixin.py:137} INFO - [2023-01-24T18:04:09.628+0000] {dag.py:3441} INFO - Setting next_dagrun for example_weekday_branch_operator to 2023-01-23T00:00:00+00:00, run_after=2023-01-24T00:00:00+00:00
[2023-01-24T18:04:09.666+0000] {processor.py:175} INFO - Processing /home/airflow/.local/lib/python3.7/site-packages/airflow/example_dags/example_branch_day_of_week_operator.py took 0.253 seconds
[2023-01-24T18:04:40.853+0000] {processor.py:153} INFO - Started process (PID=143) to work on /home/airflow/.local/lib/python3.7/site-packages/airflow/example_dags/example_branch_day_of_week_operator.py
[2023-01-24T18:04:40.855+0000] {processor.py:743} INFO - Processing file /home/airflow/.local/lib/python3.7/site-packages/airflow/example_dags/example_branch_day_of_week_operator.py for tasks to queue
[2023-01-24T18:04:40.856+0000] {logging_mixin.py:137} INFO - [2023-01-24T18:04:40.856+0000] {dagbag.py:538} INFO - Filling up the DagBag from /home/airflow/.local/lib/python3.7/site-packages/airflow/example_dags/example_branch_day_of_week_operator.py
[2023-01-24T18:04:40.886+0000] {processor.py:753} INFO - DAG(s) dict_keys(['example_weekday_branch_operator']) retrieved from /home/airflow/.local/lib/python3.7/site-packages/airflow/example_dags/example_branch_day_of_week_operator.py
[2023-01-24T18:04:40.929+0000] {logging_mixin.py:137} INFO - [2023-01-24T18:04:40.929+0000] {dag.py:2690} INFO - Sync 1 DAGs
[2023-01-24T18:04:40.980+0000] {logging_mixin.py:137} INFO - [2023-01-24T18:04:40.978+0000] {dag.py:3441} INFO - Setting next_dagrun for example_weekday_branch_operator to 2023-01-23T00:00:00+00:00, run_after=2023-01-24T00:00:00+00:00
[2023-01-24T18:04:41.022+0000] {processor.py:175} INFO - Processing /home/airflow/.local/lib/python3.7/site-packages/airflow/example_dags/example_branch_day_of_week_operator.py took 0.178 seconds
[2023-01-24T18:05:11.211+0000] {processor.py:153} INFO - Started process (PID=218) to work on /home/airflow/.local/lib/python3.7/site-packages/airflow/example_dags/example_branch_day_of_week_operator.py
[2023-01-24T18:05:11.212+0000] {processor.py:743} INFO - Processing file /home/airflow/.local/lib/python3.7/site-packages/airflow/example_dags/example_branch_day_of_week_operator.py for tasks to queue
[2023-01-24T18:05:11.213+0000] {logging_mixin.py:137} INFO - [2023-01-24T18:05:11.213+0000] {dagbag.py:538} INFO - Filling up the DagBag from /home/airflow/.local/lib/python3.7/site-packages/airflow/example_dags/example_branch_day_of_week_operator.py
[2023-01-24T18:05:11.237+0000] {processor.py:753} INFO - DAG(s) dict_keys(['example_weekday_branch_operator']) retrieved from /home/airflow/.local/lib/python3.7/site-packages/airflow/example_dags/example_branch_day_of_week_operator.py
[2023-01-24T18:05:11.275+0000] {logging_mixin.py:137} INFO - [2023-01-24T18:05:11.275+0000] {dag.py:2690} INFO - Sync 1 DAGs
[2023-01-24T18:05:11.319+0000] {logging_mixin.py:137} INFO - [2023-01-24T18:05:11.318+0000] {dag.py:3441} INFO - Setting next_dagrun for example_weekday_branch_operator to 2023-01-23T00:00:00+00:00, run_after=2023-01-24T00:00:00+00:00
[2023-01-24T18:05:11.354+0000] {processor.py:175} INFO - Processing /home/airflow/.local/lib/python3.7/site-packages/airflow/example_dags/example_branch_day_of_week_operator.py took 0.148 seconds
[2023-01-24T18:05:42.013+0000] {processor.py:153} INFO - Started process (PID=281) to work on /home/airflow/.local/lib/python3.7/site-packages/airflow/example_dags/example_branch_day_of_week_operator.py
[2023-01-24T18:05:42.017+0000] {processor.py:743} INFO - Processing file /home/airflow/.local/lib/python3.7/site-packages/airflow/example_dags/example_branch_day_of_week_operator.py for tasks to queue
[2023-01-24T18:05:42.017+0000] {logging_mixin.py:137} INFO - [2023-01-24T18:05:42.017+0000] {dagbag.py:538} INFO - Filling up the DagBag from /home/airflow/.local/lib/python3.7/site-packages/airflow/example_dags/example_branch_day_of_week_operator.py
[2023-01-24T18:05:42.035+0000] {processor.py:753} INFO - DAG(s) dict_keys(['example_weekday_branch_operator']) retrieved from /home/airflow/.local/lib/python3.7/site-packages/airflow/example_dags/example_branch_day_of_week_operator.py
[2023-01-24T18:05:42.070+0000] {logging_mixin.py:137} INFO - [2023-01-24T18:05:42.069+0000] {dag.py:2690} INFO - Sync 1 DAGs
[2023-01-24T18:05:42.096+0000] {logging_mixin.py:137} INFO - [2023-01-24T18:05:42.096+0000] {dag.py:3441} INFO - Setting next_dagrun for example_weekday_branch_operator to 2023-01-23T00:00:00+00:00, run_after=2023-01-24T00:00:00+00:00
[2023-01-24T18:05:42.147+0000] {processor.py:175} INFO - Processing /home/airflow/.local/lib/python3.7/site-packages/airflow/example_dags/example_branch_day_of_week_operator.py took 0.138 seconds
[2023-01-24T18:06:12.426+0000] {processor.py:153} INFO - Started process (PID=345) to work on /home/airflow/.local/lib/python3.7/site-packages/airflow/example_dags/example_branch_day_of_week_operator.py
[2023-01-24T18:06:12.446+0000] {processor.py:743} INFO - Processing file /home/airflow/.local/lib/python3.7/site-packages/airflow/example_dags/example_branch_day_of_week_operator.py for tasks to queue
[2023-01-24T18:06:12.447+0000] {logging_mixin.py:137} INFO - [2023-01-24T18:06:12.447+0000] {dagbag.py:538} INFO - Filling up the DagBag from /home/airflow/.local/lib/python3.7/site-packages/airflow/example_dags/example_branch_day_of_week_operator.py
[2023-01-24T18:06:12.464+0000] {processor.py:753} INFO - DAG(s) dict_keys(['example_weekday_branch_operator']) retrieved from /home/airflow/.local/lib/python3.7/site-packages/airflow/example_dags/example_branch_day_of_week_operator.py
[2023-01-24T18:06:12.492+0000] {logging_mixin.py:137} INFO - [2023-01-24T18:06:12.492+0000] {dag.py:2690} INFO - Sync 1 DAGs
[2023-01-24T18:06:12.520+0000] {logging_mixin.py:137} INFO - [2023-01-24T18:06:12.520+0000] {dag.py:3441} INFO - Setting next_dagrun for example_weekday_branch_operator to 2023-01-23T00:00:00+00:00, run_after=2023-01-24T00:00:00+00:00
[2023-01-24T18:06:12.547+0000] {processor.py:175} INFO - Processing /home/airflow/.local/lib/python3.7/site-packages/airflow/example_dags/example_branch_day_of_week_operator.py took 0.125 seconds
[2023-01-24T18:06:43.402+0000] {processor.py:153} INFO - Started process (PID=422) to work on /home/airflow/.local/lib/python3.7/site-packages/airflow/example_dags/example_branch_day_of_week_operator.py
[2023-01-24T18:06:43.404+0000] {processor.py:743} INFO - Processing file /home/airflow/.local/lib/python3.7/site-packages/airflow/example_dags/example_branch_day_of_week_operator.py for tasks to queue
[2023-01-24T18:06:43.405+0000] {logging_mixin.py:137} INFO - [2023-01-24T18:06:43.405+0000] {dagbag.py:538} INFO - Filling up the DagBag from /home/airflow/.local/lib/python3.7/site-packages/airflow/example_dags/example_branch_day_of_week_operator.py
[2023-01-24T18:06:43.430+0000] {processor.py:753} INFO - DAG(s) dict_keys(['example_weekday_branch_operator']) retrieved from /home/airflow/.local/lib/python3.7/site-packages/airflow/example_dags/example_branch_day_of_week_operator.py
[2023-01-24T18:06:43.465+0000] {logging_mixin.py:137} INFO - [2023-01-24T18:06:43.465+0000] {dag.py:2690} INFO - Sync 1 DAGs
[2023-01-24T18:06:43.493+0000] {logging_mixin.py:137} INFO - [2023-01-24T18:06:43.493+0000] {dag.py:3441} INFO - Setting next_dagrun for example_weekday_branch_operator to 2023-01-23T00:00:00+00:00, run_after=2023-01-24T00:00:00+00:00
[2023-01-24T18:06:43.522+0000] {processor.py:175} INFO - Processing /home/airflow/.local/lib/python3.7/site-packages/airflow/example_dags/example_branch_day_of_week_operator.py took 0.125 seconds
[2023-01-24T18:07:13.838+0000] {processor.py:153} INFO - Started process (PID=486) to work on /home/airflow/.local/lib/python3.7/site-packages/airflow/example_dags/example_branch_day_of_week_operator.py
[2023-01-24T18:07:13.839+0000] {processor.py:743} INFO - Processing file /home/airflow/.local/lib/python3.7/site-packages/airflow/example_dags/example_branch_day_of_week_operator.py for tasks to queue
[2023-01-24T18:07:13.840+0000] {logging_mixin.py:137} INFO - [2023-01-24T18:07:13.840+0000] {dagbag.py:538} INFO - Filling up the DagBag from /home/airflow/.local/lib/python3.7/site-packages/airflow/example_dags/example_branch_day_of_week_operator.py
[2023-01-24T18:07:13.858+0000] {processor.py:753} INFO - DAG(s) dict_keys(['example_weekday_branch_operator']) retrieved from /home/airflow/.local/lib/python3.7/site-packages/airflow/example_dags/example_branch_day_of_week_operator.py
[2023-01-24T18:07:13.888+0000] {logging_mixin.py:137} INFO - [2023-01-24T18:07:13.887+0000] {dag.py:2690} INFO - Sync 1 DAGs
[2023-01-24T18:07:13.921+0000] {logging_mixin.py:137} INFO - [2023-01-24T18:07:13.921+0000] {dag.py:3441} INFO - Setting next_dagrun for example_weekday_branch_operator to 2023-01-23T00:00:00+00:00, run_after=2023-01-24T00:00:00+00:00
[2023-01-24T18:07:13.949+0000] {processor.py:175} INFO - Processing /home/airflow/.local/lib/python3.7/site-packages/airflow/example_dags/example_branch_day_of_week_operator.py took 0.115 seconds
[2023-01-24T18:07:44.209+0000] {processor.py:153} INFO - Started process (PID=561) to work on /home/airflow/.local/lib/python3.7/site-packages/airflow/example_dags/example_branch_day_of_week_operator.py
[2023-01-24T18:07:44.211+0000] {processor.py:743} INFO - Processing file /home/airflow/.local/lib/python3.7/site-packages/airflow/example_dags/example_branch_day_of_week_operator.py for tasks to queue
[2023-01-24T18:07:44.212+0000] {logging_mixin.py:137} INFO - [2023-01-24T18:07:44.211+0000] {dagbag.py:538} INFO - Filling up the DagBag from /home/airflow/.local/lib/python3.7/site-packages/airflow/example_dags/example_branch_day_of_week_operator.py
[2023-01-24T18:07:44.235+0000] {processor.py:753} INFO - DAG(s) dict_keys(['example_weekday_branch_operator']) retrieved from /home/airflow/.local/lib/python3.7/site-packages/airflow/example_dags/example_branch_day_of_week_operator.py
[2023-01-24T18:07:44.279+0000] {logging_mixin.py:137} INFO - [2023-01-24T18:07:44.279+0000] {dag.py:2690} INFO - Sync 1 DAGs
[2023-01-24T18:07:44.323+0000] {logging_mixin.py:137} INFO - [2023-01-24T18:07:44.323+0000] {dag.py:3441} INFO - Setting next_dagrun for example_weekday_branch_operator to 2023-01-23T00:00:00+00:00, run_after=2023-01-24T00:00:00+00:00
[2023-01-24T18:07:44.363+0000] {processor.py:175} INFO - Processing /home/airflow/.local/lib/python3.7/site-packages/airflow/example_dags/example_branch_day_of_week_operator.py took 0.157 seconds
[2023-01-24T18:08:14.647+0000] {processor.py:153} INFO - Started process (PID=624) to work on /home/airflow/.local/lib/python3.7/site-packages/airflow/example_dags/example_branch_day_of_week_operator.py
[2023-01-24T18:08:14.648+0000] {processor.py:743} INFO - Processing file /home/airflow/.local/lib/python3.7/site-packages/airflow/example_dags/example_branch_day_of_week_operator.py for tasks to queue
[2023-01-24T18:08:14.649+0000] {logging_mixin.py:137} INFO - [2023-01-24T18:08:14.649+0000] {dagbag.py:538} INFO - Filling up the DagBag from /home/airflow/.local/lib/python3.7/site-packages/airflow/example_dags/example_branch_day_of_week_operator.py
[2023-01-24T18:08:14.670+0000] {processor.py:753} INFO - DAG(s) dict_keys(['example_weekday_branch_operator']) retrieved from /home/airflow/.local/lib/python3.7/site-packages/airflow/example_dags/example_branch_day_of_week_operator.py
[2023-01-24T18:08:14.704+0000] {logging_mixin.py:137} INFO - [2023-01-24T18:08:14.704+0000] {dag.py:2690} INFO - Sync 1 DAGs
[2023-01-24T18:08:14.731+0000] {logging_mixin.py:137} INFO - [2023-01-24T18:08:14.731+0000] {dag.py:3441} INFO - Setting next_dagrun for example_weekday_branch_operator to 2023-01-23T00:00:00+00:00, run_after=2023-01-24T00:00:00+00:00
[2023-01-24T18:08:14.765+0000] {processor.py:175} INFO - Processing /home/airflow/.local/lib/python3.7/site-packages/airflow/example_dags/example_branch_day_of_week_operator.py took 0.122 seconds
[2023-01-24T18:08:44.978+0000] {processor.py:153} INFO - Started process (PID=688) to work on /home/airflow/.local/lib/python3.7/site-packages/airflow/example_dags/example_branch_day_of_week_operator.py
[2023-01-24T18:08:44.979+0000] {processor.py:743} INFO - Processing file /home/airflow/.local/lib/python3.7/site-packages/airflow/example_dags/example_branch_day_of_week_operator.py for tasks to queue
[2023-01-24T18:08:44.980+0000] {logging_mixin.py:137} INFO - [2023-01-24T18:08:44.979+0000] {dagbag.py:538} INFO - Filling up the DagBag from /home/airflow/.local/lib/python3.7/site-packages/airflow/example_dags/example_branch_day_of_week_operator.py
[2023-01-24T18:08:45.003+0000] {processor.py:753} INFO - DAG(s) dict_keys(['example_weekday_branch_operator']) retrieved from /home/airflow/.local/lib/python3.7/site-packages/airflow/example_dags/example_branch_day_of_week_operator.py
[2023-01-24T18:08:45.035+0000] {logging_mixin.py:137} INFO - [2023-01-24T18:08:45.035+0000] {dag.py:2690} INFO - Sync 1 DAGs
[2023-01-24T18:08:45.062+0000] {logging_mixin.py:137} INFO - [2023-01-24T18:08:45.062+0000] {dag.py:3441} INFO - Setting next_dagrun for example_weekday_branch_operator to 2023-01-23T00:00:00+00:00, run_after=2023-01-24T00:00:00+00:00
[2023-01-24T18:08:45.090+0000] {processor.py:175} INFO - Processing /home/airflow/.local/lib/python3.7/site-packages/airflow/example_dags/example_branch_day_of_week_operator.py took 0.116 seconds
[2023-01-24T18:09:15.901+0000] {processor.py:153} INFO - Started process (PID=764) to work on /home/airflow/.local/lib/python3.7/site-packages/airflow/example_dags/example_branch_day_of_week_operator.py
[2023-01-24T18:09:15.903+0000] {processor.py:743} INFO - Processing file /home/airflow/.local/lib/python3.7/site-packages/airflow/example_dags/example_branch_day_of_week_operator.py for tasks to queue
[2023-01-24T18:09:15.904+0000] {logging_mixin.py:137} INFO - [2023-01-24T18:09:15.904+0000] {dagbag.py:538} INFO - Filling up the DagBag from /home/airflow/.local/lib/python3.7/site-packages/airflow/example_dags/example_branch_day_of_week_operator.py
[2023-01-24T18:09:15.933+0000] {processor.py:753} INFO - DAG(s) dict_keys(['example_weekday_branch_operator']) retrieved from /home/airflow/.local/lib/python3.7/site-packages/airflow/example_dags/example_branch_day_of_week_operator.py
[2023-01-24T18:09:15.972+0000] {logging_mixin.py:137} INFO - [2023-01-24T18:09:15.972+0000] {dag.py:2690} INFO - Sync 1 DAGs
[2023-01-24T18:09:16.016+0000] {logging_mixin.py:137} INFO - [2023-01-24T18:09:16.015+0000] {dag.py:3441} INFO - Setting next_dagrun for example_weekday_branch_operator to 2023-01-23T00:00:00+00:00, run_after=2023-01-24T00:00:00+00:00
[2023-01-24T18:09:16.068+0000] {processor.py:175} INFO - Processing /home/airflow/.local/lib/python3.7/site-packages/airflow/example_dags/example_branch_day_of_week_operator.py took 0.174 seconds
[2023-01-24T18:09:46.100+0000] {processor.py:153} INFO - Started process (PID=827) to work on /home/airflow/.local/lib/python3.7/site-packages/airflow/example_dags/example_branch_day_of_week_operator.py
[2023-01-24T18:09:46.102+0000] {processor.py:743} INFO - Processing file /home/airflow/.local/lib/python3.7/site-packages/airflow/example_dags/example_branch_day_of_week_operator.py for tasks to queue
[2023-01-24T18:09:46.102+0000] {logging_mixin.py:137} INFO - [2023-01-24T18:09:46.102+0000] {dagbag.py:538} INFO - Filling up the DagBag from /home/airflow/.local/lib/python3.7/site-packages/airflow/example_dags/example_branch_day_of_week_operator.py
[2023-01-24T18:09:46.126+0000] {processor.py:753} INFO - DAG(s) dict_keys(['example_weekday_branch_operator']) retrieved from /home/airflow/.local/lib/python3.7/site-packages/airflow/example_dags/example_branch_day_of_week_operator.py
[2023-01-24T18:09:46.181+0000] {logging_mixin.py:137} INFO - [2023-01-24T18:09:46.180+0000] {dag.py:2690} INFO - Sync 1 DAGs
[2023-01-24T18:09:46.207+0000] {logging_mixin.py:137} INFO - [2023-01-24T18:09:46.207+0000] {dag.py:3441} INFO - Setting next_dagrun for example_weekday_branch_operator to 2023-01-23T00:00:00+00:00, run_after=2023-01-24T00:00:00+00:00
[2023-01-24T18:09:46.233+0000] {processor.py:175} INFO - Processing /home/airflow/.local/lib/python3.7/site-packages/airflow/example_dags/example_branch_day_of_week_operator.py took 0.137 seconds
[2023-01-24T18:10:16.603+0000] {processor.py:153} INFO - Started process (PID=890) to work on /home/airflow/.local/lib/python3.7/site-packages/airflow/example_dags/example_branch_day_of_week_operator.py
[2023-01-24T18:10:16.604+0000] {processor.py:743} INFO - Processing file /home/airflow/.local/lib/python3.7/site-packages/airflow/example_dags/example_branch_day_of_week_operator.py for tasks to queue
[2023-01-24T18:10:16.605+0000] {logging_mixin.py:137} INFO - [2023-01-24T18:10:16.605+0000] {dagbag.py:538} INFO - Filling up the DagBag from /home/airflow/.local/lib/python3.7/site-packages/airflow/example_dags/example_branch_day_of_week_operator.py
[2023-01-24T18:10:16.622+0000] {processor.py:753} INFO - DAG(s) dict_keys(['example_weekday_branch_operator']) retrieved from /home/airflow/.local/lib/python3.7/site-packages/airflow/example_dags/example_branch_day_of_week_operator.py
[2023-01-24T18:10:16.650+0000] {logging_mixin.py:137} INFO - [2023-01-24T18:10:16.650+0000] {dag.py:2690} INFO - Sync 1 DAGs
[2023-01-24T18:10:16.676+0000] {logging_mixin.py:137} INFO - [2023-01-24T18:10:16.676+0000] {dag.py:3441} INFO - Setting next_dagrun for example_weekday_branch_operator to 2023-01-23T00:00:00+00:00, run_after=2023-01-24T00:00:00+00:00
[2023-01-24T18:10:16.703+0000] {processor.py:175} INFO - Processing /home/airflow/.local/lib/python3.7/site-packages/airflow/example_dags/example_branch_day_of_week_operator.py took 0.104 seconds
[2023-01-24T18:10:47.580+0000] {processor.py:153} INFO - Started process (PID=966) to work on /home/airflow/.local/lib/python3.7/site-packages/airflow/example_dags/example_branch_day_of_week_operator.py
[2023-01-24T18:10:47.582+0000] {processor.py:743} INFO - Processing file /home/airflow/.local/lib/python3.7/site-packages/airflow/example_dags/example_branch_day_of_week_operator.py for tasks to queue
[2023-01-24T18:10:47.583+0000] {logging_mixin.py:137} INFO - [2023-01-24T18:10:47.583+0000] {dagbag.py:538} INFO - Filling up the DagBag from /home/airflow/.local/lib/python3.7/site-packages/airflow/example_dags/example_branch_day_of_week_operator.py
[2023-01-24T18:10:47.607+0000] {processor.py:753} INFO - DAG(s) dict_keys(['example_weekday_branch_operator']) retrieved from /home/airflow/.local/lib/python3.7/site-packages/airflow/example_dags/example_branch_day_of_week_operator.py
[2023-01-24T18:10:47.645+0000] {logging_mixin.py:137} INFO - [2023-01-24T18:10:47.644+0000] {dag.py:2690} INFO - Sync 1 DAGs
[2023-01-24T18:10:47.696+0000] {logging_mixin.py:137} INFO - [2023-01-24T18:10:47.695+0000] {dag.py:3441} INFO - Setting next_dagrun for example_weekday_branch_operator to 2023-01-23T00:00:00+00:00, run_after=2023-01-24T00:00:00+00:00
[2023-01-24T18:10:47.736+0000] {processor.py:175} INFO - Processing /home/airflow/.local/lib/python3.7/site-packages/airflow/example_dags/example_branch_day_of_week_operator.py took 0.162 seconds
[2023-01-24T18:11:18.262+0000] {processor.py:153} INFO - Started process (PID=1030) to work on /home/airflow/.local/lib/python3.7/site-packages/airflow/example_dags/example_branch_day_of_week_operator.py
[2023-01-24T18:11:18.263+0000] {processor.py:743} INFO - Processing file /home/airflow/.local/lib/python3.7/site-packages/airflow/example_dags/example_branch_day_of_week_operator.py for tasks to queue
[2023-01-24T18:11:18.264+0000] {logging_mixin.py:137} INFO - [2023-01-24T18:11:18.263+0000] {dagbag.py:538} INFO - Filling up the DagBag from /home/airflow/.local/lib/python3.7/site-packages/airflow/example_dags/example_branch_day_of_week_operator.py
[2023-01-24T18:11:18.280+0000] {processor.py:753} INFO - DAG(s) dict_keys(['example_weekday_branch_operator']) retrieved from /home/airflow/.local/lib/python3.7/site-packages/airflow/example_dags/example_branch_day_of_week_operator.py
[2023-01-24T18:11:18.309+0000] {logging_mixin.py:137} INFO - [2023-01-24T18:11:18.309+0000] {dag.py:2690} INFO - Sync 1 DAGs
[2023-01-24T18:11:18.351+0000] {logging_mixin.py:137} INFO - [2023-01-24T18:11:18.350+0000] {dag.py:3441} INFO - Setting next_dagrun for example_weekday_branch_operator to 2023-01-23T00:00:00+00:00, run_after=2023-01-24T00:00:00+00:00
[2023-01-24T18:11:18.378+0000] {processor.py:175} INFO - Processing /home/airflow/.local/lib/python3.7/site-packages/airflow/example_dags/example_branch_day_of_week_operator.py took 0.121 seconds
[2023-01-24T18:11:48.629+0000] {processor.py:153} INFO - Started process (PID=1095) to work on /home/airflow/.local/lib/python3.7/site-packages/airflow/example_dags/example_branch_day_of_week_operator.py
[2023-01-24T18:11:48.630+0000] {processor.py:743} INFO - Processing file /home/airflow/.local/lib/python3.7/site-packages/airflow/example_dags/example_branch_day_of_week_operator.py for tasks to queue
[2023-01-24T18:11:48.630+0000] {logging_mixin.py:137} INFO - [2023-01-24T18:11:48.630+0000] {dagbag.py:538} INFO - Filling up the DagBag from /home/airflow/.local/lib/python3.7/site-packages/airflow/example_dags/example_branch_day_of_week_operator.py
[2023-01-24T18:11:48.647+0000] {processor.py:753} INFO - DAG(s) dict_keys(['example_weekday_branch_operator']) retrieved from /home/airflow/.local/lib/python3.7/site-packages/airflow/example_dags/example_branch_day_of_week_operator.py
[2023-01-24T18:11:48.676+0000] {logging_mixin.py:137} INFO - [2023-01-24T18:11:48.676+0000] {dag.py:2690} INFO - Sync 1 DAGs
[2023-01-24T18:11:48.707+0000] {logging_mixin.py:137} INFO - [2023-01-24T18:11:48.706+0000] {dag.py:3441} INFO - Setting next_dagrun for example_weekday_branch_operator to 2023-01-23T00:00:00+00:00, run_after=2023-01-24T00:00:00+00:00
[2023-01-24T18:11:48.740+0000] {processor.py:175} INFO - Processing /home/airflow/.local/lib/python3.7/site-packages/airflow/example_dags/example_branch_day_of_week_operator.py took 0.116 seconds
[2023-01-24T18:12:18.959+0000] {processor.py:153} INFO - Started process (PID=1171) to work on /home/airflow/.local/lib/python3.7/site-packages/airflow/example_dags/example_branch_day_of_week_operator.py
[2023-01-24T18:12:18.960+0000] {processor.py:743} INFO - Processing file /home/airflow/.local/lib/python3.7/site-packages/airflow/example_dags/example_branch_day_of_week_operator.py for tasks to queue
[2023-01-24T18:12:18.961+0000] {logging_mixin.py:137} INFO - [2023-01-24T18:12:18.961+0000] {dagbag.py:538} INFO - Filling up the DagBag from /home/airflow/.local/lib/python3.7/site-packages/airflow/example_dags/example_branch_day_of_week_operator.py
[2023-01-24T18:12:18.978+0000] {processor.py:753} INFO - DAG(s) dict_keys(['example_weekday_branch_operator']) retrieved from /home/airflow/.local/lib/python3.7/site-packages/airflow/example_dags/example_branch_day_of_week_operator.py
[2023-01-24T18:12:19.012+0000] {logging_mixin.py:137} INFO - [2023-01-24T18:12:19.011+0000] {dag.py:2690} INFO - Sync 1 DAGs
[2023-01-24T18:12:19.051+0000] {logging_mixin.py:137} INFO - [2023-01-24T18:12:19.051+0000] {dag.py:3441} INFO - Setting next_dagrun for example_weekday_branch_operator to 2023-01-23T00:00:00+00:00, run_after=2023-01-24T00:00:00+00:00
[2023-01-24T18:12:19.082+0000] {processor.py:175} INFO - Processing /home/airflow/.local/lib/python3.7/site-packages/airflow/example_dags/example_branch_day_of_week_operator.py took 0.127 seconds
[2023-01-24T18:12:49.325+0000] {processor.py:153} INFO - Started process (PID=1235) to work on /home/airflow/.local/lib/python3.7/site-packages/airflow/example_dags/example_branch_day_of_week_operator.py
[2023-01-24T18:12:49.326+0000] {processor.py:743} INFO - Processing file /home/airflow/.local/lib/python3.7/site-packages/airflow/example_dags/example_branch_day_of_week_operator.py for tasks to queue
[2023-01-24T18:12:49.327+0000] {logging_mixin.py:137} INFO - [2023-01-24T18:12:49.327+0000] {dagbag.py:538} INFO - Filling up the DagBag from /home/airflow/.local/lib/python3.7/site-packages/airflow/example_dags/example_branch_day_of_week_operator.py
[2023-01-24T18:12:49.344+0000] {processor.py:753} INFO - DAG(s) dict_keys(['example_weekday_branch_operator']) retrieved from /home/airflow/.local/lib/python3.7/site-packages/airflow/example_dags/example_branch_day_of_week_operator.py
[2023-01-24T18:12:49.372+0000] {logging_mixin.py:137} INFO - [2023-01-24T18:12:49.372+0000] {dag.py:2690} INFO - Sync 1 DAGs
[2023-01-24T18:12:49.409+0000] {logging_mixin.py:137} INFO - [2023-01-24T18:12:49.409+0000] {dag.py:3441} INFO - Setting next_dagrun for example_weekday_branch_operator to 2023-01-23T00:00:00+00:00, run_after=2023-01-24T00:00:00+00:00
[2023-01-24T18:12:49.436+0000] {processor.py:175} INFO - Processing /home/airflow/.local/lib/python3.7/site-packages/airflow/example_dags/example_branch_day_of_week_operator.py took 0.114 seconds
[2023-01-24T18:13:20.147+0000] {processor.py:153} INFO - Started process (PID=1311) to work on /home/airflow/.local/lib/python3.7/site-packages/airflow/example_dags/example_branch_day_of_week_operator.py
[2023-01-24T18:13:20.148+0000] {processor.py:743} INFO - Processing file /home/airflow/.local/lib/python3.7/site-packages/airflow/example_dags/example_branch_day_of_week_operator.py for tasks to queue
[2023-01-24T18:13:20.149+0000] {logging_mixin.py:137} INFO - [2023-01-24T18:13:20.149+0000] {dagbag.py:538} INFO - Filling up the DagBag from /home/airflow/.local/lib/python3.7/site-packages/airflow/example_dags/example_branch_day_of_week_operator.py
[2023-01-24T18:13:20.172+0000] {processor.py:753} INFO - DAG(s) dict_keys(['example_weekday_branch_operator']) retrieved from /home/airflow/.local/lib/python3.7/site-packages/airflow/example_dags/example_branch_day_of_week_operator.py
[2023-01-24T18:13:20.208+0000] {logging_mixin.py:137} INFO - [2023-01-24T18:13:20.208+0000] {dag.py:2690} INFO - Sync 1 DAGs
[2023-01-24T18:13:20.254+0000] {logging_mixin.py:137} INFO - [2023-01-24T18:13:20.254+0000] {dag.py:3441} INFO - Setting next_dagrun for example_weekday_branch_operator to 2023-01-23T00:00:00+00:00, run_after=2023-01-24T00:00:00+00:00
[2023-01-24T18:13:20.290+0000] {processor.py:175} INFO - Processing /home/airflow/.local/lib/python3.7/site-packages/airflow/example_dags/example_branch_day_of_week_operator.py took 0.151 seconds
[2023-01-24T18:13:50.742+0000] {processor.py:153} INFO - Started process (PID=1375) to work on /home/airflow/.local/lib/python3.7/site-packages/airflow/example_dags/example_branch_day_of_week_operator.py
[2023-01-24T18:13:50.743+0000] {processor.py:743} INFO - Processing file /home/airflow/.local/lib/python3.7/site-packages/airflow/example_dags/example_branch_day_of_week_operator.py for tasks to queue
[2023-01-24T18:13:50.744+0000] {logging_mixin.py:137} INFO - [2023-01-24T18:13:50.744+0000] {dagbag.py:538} INFO - Filling up the DagBag from /home/airflow/.local/lib/python3.7/site-packages/airflow/example_dags/example_branch_day_of_week_operator.py
[2023-01-24T18:13:50.764+0000] {processor.py:753} INFO - DAG(s) dict_keys(['example_weekday_branch_operator']) retrieved from /home/airflow/.local/lib/python3.7/site-packages/airflow/example_dags/example_branch_day_of_week_operator.py
[2023-01-24T18:13:50.793+0000] {logging_mixin.py:137} INFO - [2023-01-24T18:13:50.793+0000] {dag.py:2690} INFO - Sync 1 DAGs
[2023-01-24T18:13:50.825+0000] {logging_mixin.py:137} INFO - [2023-01-24T18:13:50.825+0000] {dag.py:3441} INFO - Setting next_dagrun for example_weekday_branch_operator to 2023-01-23T00:00:00+00:00, run_after=2023-01-24T00:00:00+00:00
[2023-01-24T18:13:50.855+0000] {processor.py:175} INFO - Processing /home/airflow/.local/lib/python3.7/site-packages/airflow/example_dags/example_branch_day_of_week_operator.py took 0.118 seconds
[2023-01-24T18:14:21.712+0000] {processor.py:153} INFO - Started process (PID=1445) to work on /home/airflow/.local/lib/python3.7/site-packages/airflow/example_dags/example_branch_day_of_week_operator.py
[2023-01-24T18:14:21.713+0000] {processor.py:743} INFO - Processing file /home/airflow/.local/lib/python3.7/site-packages/airflow/example_dags/example_branch_day_of_week_operator.py for tasks to queue
[2023-01-24T18:14:21.714+0000] {logging_mixin.py:137} INFO - [2023-01-24T18:14:21.714+0000] {dagbag.py:538} INFO - Filling up the DagBag from /home/airflow/.local/lib/python3.7/site-packages/airflow/example_dags/example_branch_day_of_week_operator.py
[2023-01-24T18:14:21.739+0000] {processor.py:753} INFO - DAG(s) dict_keys(['example_weekday_branch_operator']) retrieved from /home/airflow/.local/lib/python3.7/site-packages/airflow/example_dags/example_branch_day_of_week_operator.py
[2023-01-24T18:14:21.779+0000] {logging_mixin.py:137} INFO - [2023-01-24T18:14:21.779+0000] {dag.py:2690} INFO - Sync 1 DAGs
[2023-01-24T18:14:21.821+0000] {logging_mixin.py:137} INFO - [2023-01-24T18:14:21.820+0000] {dag.py:3441} INFO - Setting next_dagrun for example_weekday_branch_operator to 2023-01-23T00:00:00+00:00, run_after=2023-01-24T00:00:00+00:00
[2023-01-24T18:14:21.863+0000] {processor.py:175} INFO - Processing /home/airflow/.local/lib/python3.7/site-packages/airflow/example_dags/example_branch_day_of_week_operator.py took 0.157 seconds
[2023-01-24T18:14:52.208+0000] {processor.py:153} INFO - Started process (PID=1515) to work on /home/airflow/.local/lib/python3.7/site-packages/airflow/example_dags/example_branch_day_of_week_operator.py
[2023-01-24T18:14:52.218+0000] {processor.py:743} INFO - Processing file /home/airflow/.local/lib/python3.7/site-packages/airflow/example_dags/example_branch_day_of_week_operator.py for tasks to queue
[2023-01-24T18:14:52.219+0000] {logging_mixin.py:137} INFO - [2023-01-24T18:14:52.219+0000] {dagbag.py:538} INFO - Filling up the DagBag from /home/airflow/.local/lib/python3.7/site-packages/airflow/example_dags/example_branch_day_of_week_operator.py
[2023-01-24T18:14:52.237+0000] {processor.py:753} INFO - DAG(s) dict_keys(['example_weekday_branch_operator']) retrieved from /home/airflow/.local/lib/python3.7/site-packages/airflow/example_dags/example_branch_day_of_week_operator.py
[2023-01-24T18:14:52.265+0000] {logging_mixin.py:137} INFO - [2023-01-24T18:14:52.264+0000] {dag.py:2690} INFO - Sync 1 DAGs
[2023-01-24T18:14:52.292+0000] {logging_mixin.py:137} INFO - [2023-01-24T18:14:52.292+0000] {dag.py:3441} INFO - Setting next_dagrun for example_weekday_branch_operator to 2023-01-23T00:00:00+00:00, run_after=2023-01-24T00:00:00+00:00
[2023-01-24T18:14:52.327+0000] {processor.py:175} INFO - Processing /home/airflow/.local/lib/python3.7/site-packages/airflow/example_dags/example_branch_day_of_week_operator.py took 0.124 seconds
[2023-01-24T18:15:22.655+0000] {processor.py:153} INFO - Started process (PID=1579) to work on /home/airflow/.local/lib/python3.7/site-packages/airflow/example_dags/example_branch_day_of_week_operator.py
[2023-01-24T18:15:22.656+0000] {processor.py:743} INFO - Processing file /home/airflow/.local/lib/python3.7/site-packages/airflow/example_dags/example_branch_day_of_week_operator.py for tasks to queue
[2023-01-24T18:15:22.656+0000] {logging_mixin.py:137} INFO - [2023-01-24T18:15:22.656+0000] {dagbag.py:538} INFO - Filling up the DagBag from /home/airflow/.local/lib/python3.7/site-packages/airflow/example_dags/example_branch_day_of_week_operator.py
[2023-01-24T18:15:22.673+0000] {processor.py:753} INFO - DAG(s) dict_keys(['example_weekday_branch_operator']) retrieved from /home/airflow/.local/lib/python3.7/site-packages/airflow/example_dags/example_branch_day_of_week_operator.py
[2023-01-24T18:15:22.701+0000] {logging_mixin.py:137} INFO - [2023-01-24T18:15:22.701+0000] {dag.py:2690} INFO - Sync 1 DAGs
[2023-01-24T18:15:22.731+0000] {logging_mixin.py:137} INFO - [2023-01-24T18:15:22.731+0000] {dag.py:3441} INFO - Setting next_dagrun for example_weekday_branch_operator to 2023-01-23T00:00:00+00:00, run_after=2023-01-24T00:00:00+00:00
[2023-01-24T18:15:22.758+0000] {processor.py:175} INFO - Processing /home/airflow/.local/lib/python3.7/site-packages/airflow/example_dags/example_branch_day_of_week_operator.py took 0.107 seconds
[2023-01-24T18:15:54.542+0000] {processor.py:153} INFO - Started process (PID=1651) to work on /home/airflow/.local/lib/python3.7/site-packages/airflow/example_dags/example_branch_day_of_week_operator.py
[2023-01-24T18:15:54.548+0000] {processor.py:743} INFO - Processing file /home/airflow/.local/lib/python3.7/site-packages/airflow/example_dags/example_branch_day_of_week_operator.py for tasks to queue
[2023-01-24T18:15:54.549+0000] {logging_mixin.py:137} INFO - [2023-01-24T18:15:54.549+0000] {dagbag.py:538} INFO - Filling up the DagBag from /home/airflow/.local/lib/python3.7/site-packages/airflow/example_dags/example_branch_day_of_week_operator.py
[2023-01-24T18:15:54.610+0000] {processor.py:753} INFO - DAG(s) dict_keys(['example_weekday_branch_operator']) retrieved from /home/airflow/.local/lib/python3.7/site-packages/airflow/example_dags/example_branch_day_of_week_operator.py
[2023-01-24T18:15:54.655+0000] {logging_mixin.py:137} INFO - [2023-01-24T18:15:54.654+0000] {dag.py:2690} INFO - Sync 1 DAGs
[2023-01-24T18:15:54.703+0000] {logging_mixin.py:137} INFO - [2023-01-24T18:15:54.703+0000] {dag.py:3441} INFO - Setting next_dagrun for example_weekday_branch_operator to 2023-01-23T00:00:00+00:00, run_after=2023-01-24T00:00:00+00:00
[2023-01-24T18:15:54.744+0000] {processor.py:175} INFO - Processing /home/airflow/.local/lib/python3.7/site-packages/airflow/example_dags/example_branch_day_of_week_operator.py took 0.208 seconds
[2023-01-24T18:16:25.143+0000] {processor.py:153} INFO - Started process (PID=1717) to work on /home/airflow/.local/lib/python3.7/site-packages/airflow/example_dags/example_branch_day_of_week_operator.py
[2023-01-24T18:16:25.144+0000] {processor.py:743} INFO - Processing file /home/airflow/.local/lib/python3.7/site-packages/airflow/example_dags/example_branch_day_of_week_operator.py for tasks to queue
[2023-01-24T18:16:25.145+0000] {logging_mixin.py:137} INFO - [2023-01-24T18:16:25.144+0000] {dagbag.py:538} INFO - Filling up the DagBag from /home/airflow/.local/lib/python3.7/site-packages/airflow/example_dags/example_branch_day_of_week_operator.py
[2023-01-24T18:16:25.162+0000] {processor.py:753} INFO - DAG(s) dict_keys(['example_weekday_branch_operator']) retrieved from /home/airflow/.local/lib/python3.7/site-packages/airflow/example_dags/example_branch_day_of_week_operator.py
[2023-01-24T18:16:25.191+0000] {logging_mixin.py:137} INFO - [2023-01-24T18:16:25.191+0000] {dag.py:2690} INFO - Sync 1 DAGs
[2023-01-24T18:16:25.218+0000] {logging_mixin.py:137} INFO - [2023-01-24T18:16:25.218+0000] {dag.py:3441} INFO - Setting next_dagrun for example_weekday_branch_operator to 2023-01-23T00:00:00+00:00, run_after=2023-01-24T00:00:00+00:00
[2023-01-24T18:16:25.247+0000] {processor.py:175} INFO - Processing /home/airflow/.local/lib/python3.7/site-packages/airflow/example_dags/example_branch_day_of_week_operator.py took 0.108 seconds
[2023-01-24T18:16:55.779+0000] {processor.py:153} INFO - Started process (PID=1781) to work on /home/airflow/.local/lib/python3.7/site-packages/airflow/example_dags/example_branch_day_of_week_operator.py
[2023-01-24T18:16:55.780+0000] {processor.py:743} INFO - Processing file /home/airflow/.local/lib/python3.7/site-packages/airflow/example_dags/example_branch_day_of_week_operator.py for tasks to queue
[2023-01-24T18:16:55.782+0000] {logging_mixin.py:137} INFO - [2023-01-24T18:16:55.781+0000] {dagbag.py:538} INFO - Filling up the DagBag from /home/airflow/.local/lib/python3.7/site-packages/airflow/example_dags/example_branch_day_of_week_operator.py
[2023-01-24T18:16:55.810+0000] {processor.py:753} INFO - DAG(s) dict_keys(['example_weekday_branch_operator']) retrieved from /home/airflow/.local/lib/python3.7/site-packages/airflow/example_dags/example_branch_day_of_week_operator.py
[2023-01-24T18:16:55.862+0000] {logging_mixin.py:137} INFO - [2023-01-24T18:16:55.861+0000] {dag.py:2690} INFO - Sync 1 DAGs
[2023-01-24T18:16:55.906+0000] {logging_mixin.py:137} INFO - [2023-01-24T18:16:55.906+0000] {dag.py:3441} INFO - Setting next_dagrun for example_weekday_branch_operator to 2023-01-23T00:00:00+00:00, run_after=2023-01-24T00:00:00+00:00
[2023-01-24T18:16:55.942+0000] {processor.py:175} INFO - Processing /home/airflow/.local/lib/python3.7/site-packages/airflow/example_dags/example_branch_day_of_week_operator.py took 0.169 seconds
[2023-01-24T18:17:26.476+0000] {processor.py:153} INFO - Started process (PID=1858) to work on /home/airflow/.local/lib/python3.7/site-packages/airflow/example_dags/example_branch_day_of_week_operator.py
[2023-01-24T18:17:26.477+0000] {processor.py:743} INFO - Processing file /home/airflow/.local/lib/python3.7/site-packages/airflow/example_dags/example_branch_day_of_week_operator.py for tasks to queue
[2023-01-24T18:17:26.478+0000] {logging_mixin.py:137} INFO - [2023-01-24T18:17:26.478+0000] {dagbag.py:538} INFO - Filling up the DagBag from /home/airflow/.local/lib/python3.7/site-packages/airflow/example_dags/example_branch_day_of_week_operator.py
[2023-01-24T18:17:26.494+0000] {processor.py:753} INFO - DAG(s) dict_keys(['example_weekday_branch_operator']) retrieved from /home/airflow/.local/lib/python3.7/site-packages/airflow/example_dags/example_branch_day_of_week_operator.py
[2023-01-24T18:17:26.526+0000] {logging_mixin.py:137} INFO - [2023-01-24T18:17:26.526+0000] {dag.py:2690} INFO - Sync 1 DAGs
[2023-01-24T18:17:26.554+0000] {logging_mixin.py:137} INFO - [2023-01-24T18:17:26.554+0000] {dag.py:3441} INFO - Setting next_dagrun for example_weekday_branch_operator to 2023-01-23T00:00:00+00:00, run_after=2023-01-24T00:00:00+00:00
[2023-01-24T18:17:26.588+0000] {processor.py:175} INFO - Processing /home/airflow/.local/lib/python3.7/site-packages/airflow/example_dags/example_branch_day_of_week_operator.py took 0.115 seconds
[2023-01-24T18:17:56.707+0000] {processor.py:153} INFO - Started process (PID=1921) to work on /home/airflow/.local/lib/python3.7/site-packages/airflow/example_dags/example_branch_day_of_week_operator.py
[2023-01-24T18:17:56.708+0000] {processor.py:743} INFO - Processing file /home/airflow/.local/lib/python3.7/site-packages/airflow/example_dags/example_branch_day_of_week_operator.py for tasks to queue
[2023-01-24T18:17:56.709+0000] {logging_mixin.py:137} INFO - [2023-01-24T18:17:56.709+0000] {dagbag.py:538} INFO - Filling up the DagBag from /home/airflow/.local/lib/python3.7/site-packages/airflow/example_dags/example_branch_day_of_week_operator.py
[2023-01-24T18:17:56.730+0000] {processor.py:753} INFO - DAG(s) dict_keys(['example_weekday_branch_operator']) retrieved from /home/airflow/.local/lib/python3.7/site-packages/airflow/example_dags/example_branch_day_of_week_operator.py
[2023-01-24T18:17:56.759+0000] {logging_mixin.py:137} INFO - [2023-01-24T18:17:56.759+0000] {dag.py:2690} INFO - Sync 1 DAGs
[2023-01-24T18:17:56.787+0000] {logging_mixin.py:137} INFO - [2023-01-24T18:17:56.787+0000] {dag.py:3441} INFO - Setting next_dagrun for example_weekday_branch_operator to 2023-01-23T00:00:00+00:00, run_after=2023-01-24T00:00:00+00:00
[2023-01-24T18:17:56.815+0000] {processor.py:175} INFO - Processing /home/airflow/.local/lib/python3.7/site-packages/airflow/example_dags/example_branch_day_of_week_operator.py took 0.113 seconds
[2023-01-24T18:18:27.337+0000] {processor.py:153} INFO - Started process (PID=1993) to work on /home/airflow/.local/lib/python3.7/site-packages/airflow/example_dags/example_branch_day_of_week_operator.py
[2023-01-24T18:18:27.338+0000] {processor.py:743} INFO - Processing file /home/airflow/.local/lib/python3.7/site-packages/airflow/example_dags/example_branch_day_of_week_operator.py for tasks to queue
[2023-01-24T18:18:27.339+0000] {logging_mixin.py:137} INFO - [2023-01-24T18:18:27.339+0000] {dagbag.py:538} INFO - Filling up the DagBag from /home/airflow/.local/lib/python3.7/site-packages/airflow/example_dags/example_branch_day_of_week_operator.py
[2023-01-24T18:18:27.369+0000] {processor.py:753} INFO - DAG(s) dict_keys(['example_weekday_branch_operator']) retrieved from /home/airflow/.local/lib/python3.7/site-packages/airflow/example_dags/example_branch_day_of_week_operator.py
[2023-01-24T18:18:27.411+0000] {logging_mixin.py:137} INFO - [2023-01-24T18:18:27.411+0000] {dag.py:2690} INFO - Sync 1 DAGs
[2023-01-24T18:18:27.462+0000] {logging_mixin.py:137} INFO - [2023-01-24T18:18:27.462+0000] {dag.py:3441} INFO - Setting next_dagrun for example_weekday_branch_operator to 2023-01-23T00:00:00+00:00, run_after=2023-01-24T00:00:00+00:00
[2023-01-24T18:18:27.502+0000] {processor.py:175} INFO - Processing /home/airflow/.local/lib/python3.7/site-packages/airflow/example_dags/example_branch_day_of_week_operator.py took 0.170 seconds
[2023-01-24T18:18:57.616+0000] {processor.py:153} INFO - Started process (PID=2059) to work on /home/airflow/.local/lib/python3.7/site-packages/airflow/example_dags/example_branch_day_of_week_operator.py
[2023-01-24T18:18:57.617+0000] {processor.py:743} INFO - Processing file /home/airflow/.local/lib/python3.7/site-packages/airflow/example_dags/example_branch_day_of_week_operator.py for tasks to queue
[2023-01-24T18:18:57.618+0000] {logging_mixin.py:137} INFO - [2023-01-24T18:18:57.618+0000] {dagbag.py:538} INFO - Filling up the DagBag from /home/airflow/.local/lib/python3.7/site-packages/airflow/example_dags/example_branch_day_of_week_operator.py
[2023-01-24T18:18:57.640+0000] {processor.py:753} INFO - DAG(s) dict_keys(['example_weekday_branch_operator']) retrieved from /home/airflow/.local/lib/python3.7/site-packages/airflow/example_dags/example_branch_day_of_week_operator.py
[2023-01-24T18:18:57.671+0000] {logging_mixin.py:137} INFO - [2023-01-24T18:18:57.671+0000] {dag.py:2690} INFO - Sync 1 DAGs
[2023-01-24T18:18:57.700+0000] {logging_mixin.py:137} INFO - [2023-01-24T18:18:57.699+0000] {dag.py:3441} INFO - Setting next_dagrun for example_weekday_branch_operator to 2023-01-23T00:00:00+00:00, run_after=2023-01-24T00:00:00+00:00
[2023-01-24T18:18:57.735+0000] {processor.py:175} INFO - Processing /home/airflow/.local/lib/python3.7/site-packages/airflow/example_dags/example_branch_day_of_week_operator.py took 0.126 seconds
[2023-01-24T18:19:28.070+0000] {processor.py:153} INFO - Started process (PID=2123) to work on /home/airflow/.local/lib/python3.7/site-packages/airflow/example_dags/example_branch_day_of_week_operator.py
[2023-01-24T18:19:28.074+0000] {processor.py:743} INFO - Processing file /home/airflow/.local/lib/python3.7/site-packages/airflow/example_dags/example_branch_day_of_week_operator.py for tasks to queue
[2023-01-24T18:19:28.075+0000] {logging_mixin.py:137} INFO - [2023-01-24T18:19:28.074+0000] {dagbag.py:538} INFO - Filling up the DagBag from /home/airflow/.local/lib/python3.7/site-packages/airflow/example_dags/example_branch_day_of_week_operator.py
[2023-01-24T18:19:28.106+0000] {processor.py:753} INFO - DAG(s) dict_keys(['example_weekday_branch_operator']) retrieved from /home/airflow/.local/lib/python3.7/site-packages/airflow/example_dags/example_branch_day_of_week_operator.py
[2023-01-24T18:19:28.161+0000] {logging_mixin.py:137} INFO - [2023-01-24T18:19:28.160+0000] {dag.py:2690} INFO - Sync 1 DAGs
[2023-01-24T18:19:28.215+0000] {logging_mixin.py:137} INFO - [2023-01-24T18:19:28.215+0000] {dag.py:3441} INFO - Setting next_dagrun for example_weekday_branch_operator to 2023-01-23T00:00:00+00:00, run_after=2023-01-24T00:00:00+00:00
[2023-01-24T18:19:28.287+0000] {processor.py:175} INFO - Processing /home/airflow/.local/lib/python3.7/site-packages/airflow/example_dags/example_branch_day_of_week_operator.py took 0.223 seconds
[2023-01-24T18:19:58.841+0000] {processor.py:153} INFO - Started process (PID=2197) to work on /home/airflow/.local/lib/python3.7/site-packages/airflow/example_dags/example_branch_day_of_week_operator.py
[2023-01-24T18:19:58.842+0000] {processor.py:743} INFO - Processing file /home/airflow/.local/lib/python3.7/site-packages/airflow/example_dags/example_branch_day_of_week_operator.py for tasks to queue
[2023-01-24T18:19:58.843+0000] {logging_mixin.py:137} INFO - [2023-01-24T18:19:58.843+0000] {dagbag.py:538} INFO - Filling up the DagBag from /home/airflow/.local/lib/python3.7/site-packages/airflow/example_dags/example_branch_day_of_week_operator.py
[2023-01-24T18:19:58.867+0000] {processor.py:753} INFO - DAG(s) dict_keys(['example_weekday_branch_operator']) retrieved from /home/airflow/.local/lib/python3.7/site-packages/airflow/example_dags/example_branch_day_of_week_operator.py
[2023-01-24T18:19:58.904+0000] {logging_mixin.py:137} INFO - [2023-01-24T18:19:58.903+0000] {dag.py:2690} INFO - Sync 1 DAGs
[2023-01-24T18:19:58.940+0000] {logging_mixin.py:137} INFO - [2023-01-24T18:19:58.939+0000] {dag.py:3441} INFO - Setting next_dagrun for example_weekday_branch_operator to 2023-01-23T00:00:00+00:00, run_after=2023-01-24T00:00:00+00:00
[2023-01-24T18:19:58.975+0000] {processor.py:175} INFO - Processing /home/airflow/.local/lib/python3.7/site-packages/airflow/example_dags/example_branch_day_of_week_operator.py took 0.140 seconds
[2023-01-24T18:20:29.056+0000] {processor.py:153} INFO - Started process (PID=2261) to work on /home/airflow/.local/lib/python3.7/site-packages/airflow/example_dags/example_branch_day_of_week_operator.py
[2023-01-24T18:20:29.057+0000] {processor.py:743} INFO - Processing file /home/airflow/.local/lib/python3.7/site-packages/airflow/example_dags/example_branch_day_of_week_operator.py for tasks to queue
[2023-01-24T18:20:29.058+0000] {logging_mixin.py:137} INFO - [2023-01-24T18:20:29.058+0000] {dagbag.py:538} INFO - Filling up the DagBag from /home/airflow/.local/lib/python3.7/site-packages/airflow/example_dags/example_branch_day_of_week_operator.py
[2023-01-24T18:20:29.074+0000] {processor.py:753} INFO - DAG(s) dict_keys(['example_weekday_branch_operator']) retrieved from /home/airflow/.local/lib/python3.7/site-packages/airflow/example_dags/example_branch_day_of_week_operator.py
[2023-01-24T18:20:29.104+0000] {logging_mixin.py:137} INFO - [2023-01-24T18:20:29.104+0000] {dag.py:2690} INFO - Sync 1 DAGs
[2023-01-24T18:20:29.132+0000] {logging_mixin.py:137} INFO - [2023-01-24T18:20:29.132+0000] {dag.py:3441} INFO - Setting next_dagrun for example_weekday_branch_operator to 2023-01-23T00:00:00+00:00, run_after=2023-01-24T00:00:00+00:00
[2023-01-24T18:20:29.159+0000] {processor.py:175} INFO - Processing /home/airflow/.local/lib/python3.7/site-packages/airflow/example_dags/example_branch_day_of_week_operator.py took 0.108 seconds
[2023-01-24T18:20:59.624+0000] {processor.py:153} INFO - Started process (PID=2332) to work on /home/airflow/.local/lib/python3.7/site-packages/airflow/example_dags/example_branch_day_of_week_operator.py
[2023-01-24T18:20:59.626+0000] {processor.py:743} INFO - Processing file /home/airflow/.local/lib/python3.7/site-packages/airflow/example_dags/example_branch_day_of_week_operator.py for tasks to queue
[2023-01-24T18:20:59.627+0000] {logging_mixin.py:137} INFO - [2023-01-24T18:20:59.626+0000] {dagbag.py:538} INFO - Filling up the DagBag from /home/airflow/.local/lib/python3.7/site-packages/airflow/example_dags/example_branch_day_of_week_operator.py
[2023-01-24T18:20:59.651+0000] {processor.py:753} INFO - DAG(s) dict_keys(['example_weekday_branch_operator']) retrieved from /home/airflow/.local/lib/python3.7/site-packages/airflow/example_dags/example_branch_day_of_week_operator.py
[2023-01-24T18:20:59.696+0000] {logging_mixin.py:137} INFO - [2023-01-24T18:20:59.696+0000] {dag.py:2690} INFO - Sync 1 DAGs
[2023-01-24T18:20:59.736+0000] {logging_mixin.py:137} INFO - [2023-01-24T18:20:59.735+0000] {dag.py:3441} INFO - Setting next_dagrun for example_weekday_branch_operator to 2023-01-23T00:00:00+00:00, run_after=2023-01-24T00:00:00+00:00
[2023-01-24T18:20:59.771+0000] {processor.py:175} INFO - Processing /home/airflow/.local/lib/python3.7/site-packages/airflow/example_dags/example_branch_day_of_week_operator.py took 0.152 seconds
