[2023-01-24T18:04:05.020+0000] {processor.py:153} INFO - Started process (PID=46) to work on /home/airflow/.local/lib/python3.7/site-packages/airflow/example_dags/example_task_group.py
[2023-01-24T18:04:05.021+0000] {processor.py:743} INFO - Processing file /home/airflow/.local/lib/python3.7/site-packages/airflow/example_dags/example_task_group.py for tasks to queue
[2023-01-24T18:04:05.022+0000] {logging_mixin.py:137} INFO - [2023-01-24T18:04:05.022+0000] {dagbag.py:538} INFO - Filling up the DagBag from /home/airflow/.local/lib/python3.7/site-packages/airflow/example_dags/example_task_group.py
[2023-01-24T18:04:05.124+0000] {processor.py:753} INFO - DAG(s) dict_keys(['example_task_group']) retrieved from /home/airflow/.local/lib/python3.7/site-packages/airflow/example_dags/example_task_group.py
[2023-01-24T18:04:05.217+0000] {logging_mixin.py:137} INFO - [2023-01-24T18:04:05.217+0000] {dag.py:2690} INFO - Sync 1 DAGs
[2023-01-24T18:04:05.270+0000] {logging_mixin.py:137} INFO - [2023-01-24T18:04:05.269+0000] {dag.py:3441} INFO - Setting next_dagrun for example_task_group to 2023-01-23T18:04:05.269297+00:00, run_after=2023-01-24T18:04:05.269297+00:00
[2023-01-24T18:04:05.302+0000] {processor.py:175} INFO - Processing /home/airflow/.local/lib/python3.7/site-packages/airflow/example_dags/example_task_group.py took 0.287 seconds
[2023-01-24T18:04:36.122+0000] {processor.py:153} INFO - Started process (PID=110) to work on /home/airflow/.local/lib/python3.7/site-packages/airflow/example_dags/example_task_group.py
[2023-01-24T18:04:36.123+0000] {processor.py:743} INFO - Processing file /home/airflow/.local/lib/python3.7/site-packages/airflow/example_dags/example_task_group.py for tasks to queue
[2023-01-24T18:04:36.125+0000] {logging_mixin.py:137} INFO - [2023-01-24T18:04:36.125+0000] {dagbag.py:538} INFO - Filling up the DagBag from /home/airflow/.local/lib/python3.7/site-packages/airflow/example_dags/example_task_group.py
[2023-01-24T18:04:36.147+0000] {processor.py:753} INFO - DAG(s) dict_keys(['example_task_group']) retrieved from /home/airflow/.local/lib/python3.7/site-packages/airflow/example_dags/example_task_group.py
[2023-01-24T18:04:36.179+0000] {logging_mixin.py:137} INFO - [2023-01-24T18:04:36.179+0000] {dag.py:2690} INFO - Sync 1 DAGs
[2023-01-24T18:04:36.218+0000] {logging_mixin.py:137} INFO - [2023-01-24T18:04:36.218+0000] {dag.py:3441} INFO - Setting next_dagrun for example_task_group to 2023-01-23T18:04:36.217745+00:00, run_after=2023-01-24T18:04:36.217745+00:00
[2023-01-24T18:04:36.244+0000] {processor.py:175} INFO - Processing /home/airflow/.local/lib/python3.7/site-packages/airflow/example_dags/example_task_group.py took 0.127 seconds
[2023-01-24T18:05:06.393+0000] {processor.py:153} INFO - Started process (PID=173) to work on /home/airflow/.local/lib/python3.7/site-packages/airflow/example_dags/example_task_group.py
[2023-01-24T18:05:06.394+0000] {processor.py:743} INFO - Processing file /home/airflow/.local/lib/python3.7/site-packages/airflow/example_dags/example_task_group.py for tasks to queue
[2023-01-24T18:05:06.395+0000] {logging_mixin.py:137} INFO - [2023-01-24T18:05:06.395+0000] {dagbag.py:538} INFO - Filling up the DagBag from /home/airflow/.local/lib/python3.7/site-packages/airflow/example_dags/example_task_group.py
[2023-01-24T18:05:06.415+0000] {processor.py:753} INFO - DAG(s) dict_keys(['example_task_group']) retrieved from /home/airflow/.local/lib/python3.7/site-packages/airflow/example_dags/example_task_group.py
[2023-01-24T18:05:06.442+0000] {logging_mixin.py:137} INFO - [2023-01-24T18:05:06.442+0000] {dag.py:2690} INFO - Sync 1 DAGs
[2023-01-24T18:05:06.469+0000] {logging_mixin.py:137} INFO - [2023-01-24T18:05:06.469+0000] {dag.py:3441} INFO - Setting next_dagrun for example_task_group to 2023-01-23T18:05:06.468841+00:00, run_after=2023-01-24T18:05:06.468841+00:00
[2023-01-24T18:05:06.505+0000] {processor.py:175} INFO - Processing /home/airflow/.local/lib/python3.7/site-packages/airflow/example_dags/example_task_group.py took 0.117 seconds
[2023-01-24T18:05:36.771+0000] {processor.py:153} INFO - Started process (PID=248) to work on /home/airflow/.local/lib/python3.7/site-packages/airflow/example_dags/example_task_group.py
[2023-01-24T18:05:36.772+0000] {processor.py:743} INFO - Processing file /home/airflow/.local/lib/python3.7/site-packages/airflow/example_dags/example_task_group.py for tasks to queue
[2023-01-24T18:05:36.773+0000] {logging_mixin.py:137} INFO - [2023-01-24T18:05:36.773+0000] {dagbag.py:538} INFO - Filling up the DagBag from /home/airflow/.local/lib/python3.7/site-packages/airflow/example_dags/example_task_group.py
[2023-01-24T18:05:36.798+0000] {processor.py:753} INFO - DAG(s) dict_keys(['example_task_group']) retrieved from /home/airflow/.local/lib/python3.7/site-packages/airflow/example_dags/example_task_group.py
[2023-01-24T18:05:36.849+0000] {logging_mixin.py:137} INFO - [2023-01-24T18:05:36.847+0000] {dag.py:2690} INFO - Sync 1 DAGs
[2023-01-24T18:05:36.968+0000] {logging_mixin.py:137} INFO - [2023-01-24T18:05:36.967+0000] {dag.py:3441} INFO - Setting next_dagrun for example_task_group to 2023-01-23T18:05:36.967441+00:00, run_after=2023-01-24T18:05:36.967441+00:00
[2023-01-24T18:05:37.035+0000] {processor.py:175} INFO - Processing /home/airflow/.local/lib/python3.7/site-packages/airflow/example_dags/example_task_group.py took 0.271 seconds
[2023-01-24T18:06:07.468+0000] {processor.py:153} INFO - Started process (PID=312) to work on /home/airflow/.local/lib/python3.7/site-packages/airflow/example_dags/example_task_group.py
[2023-01-24T18:06:07.470+0000] {processor.py:743} INFO - Processing file /home/airflow/.local/lib/python3.7/site-packages/airflow/example_dags/example_task_group.py for tasks to queue
[2023-01-24T18:06:07.471+0000] {logging_mixin.py:137} INFO - [2023-01-24T18:06:07.470+0000] {dagbag.py:538} INFO - Filling up the DagBag from /home/airflow/.local/lib/python3.7/site-packages/airflow/example_dags/example_task_group.py
[2023-01-24T18:06:07.491+0000] {processor.py:753} INFO - DAG(s) dict_keys(['example_task_group']) retrieved from /home/airflow/.local/lib/python3.7/site-packages/airflow/example_dags/example_task_group.py
[2023-01-24T18:06:07.519+0000] {logging_mixin.py:137} INFO - [2023-01-24T18:06:07.519+0000] {dag.py:2690} INFO - Sync 1 DAGs
[2023-01-24T18:06:07.545+0000] {logging_mixin.py:137} INFO - [2023-01-24T18:06:07.545+0000] {dag.py:3441} INFO - Setting next_dagrun for example_task_group to 2023-01-23T18:06:07.545525+00:00, run_after=2023-01-24T18:06:07.545525+00:00
[2023-01-24T18:06:07.571+0000] {processor.py:175} INFO - Processing /home/airflow/.local/lib/python3.7/site-packages/airflow/example_dags/example_task_group.py took 0.108 seconds
[2023-01-24T18:06:37.891+0000] {processor.py:153} INFO - Started process (PID=376) to work on /home/airflow/.local/lib/python3.7/site-packages/airflow/example_dags/example_task_group.py
[2023-01-24T18:06:37.893+0000] {processor.py:743} INFO - Processing file /home/airflow/.local/lib/python3.7/site-packages/airflow/example_dags/example_task_group.py for tasks to queue
[2023-01-24T18:06:37.894+0000] {logging_mixin.py:137} INFO - [2023-01-24T18:06:37.893+0000] {dagbag.py:538} INFO - Filling up the DagBag from /home/airflow/.local/lib/python3.7/site-packages/airflow/example_dags/example_task_group.py
[2023-01-24T18:06:37.913+0000] {processor.py:753} INFO - DAG(s) dict_keys(['example_task_group']) retrieved from /home/airflow/.local/lib/python3.7/site-packages/airflow/example_dags/example_task_group.py
[2023-01-24T18:06:37.948+0000] {logging_mixin.py:137} INFO - [2023-01-24T18:06:37.948+0000] {dag.py:2690} INFO - Sync 1 DAGs
[2023-01-24T18:06:37.978+0000] {logging_mixin.py:137} INFO - [2023-01-24T18:06:37.978+0000] {dag.py:3441} INFO - Setting next_dagrun for example_task_group to 2023-01-23T18:06:37.977978+00:00, run_after=2023-01-24T18:06:37.977978+00:00
[2023-01-24T18:06:38.009+0000] {processor.py:175} INFO - Processing /home/airflow/.local/lib/python3.7/site-packages/airflow/example_dags/example_task_group.py took 0.123 seconds
[2023-01-24T18:07:08.797+0000] {processor.py:153} INFO - Started process (PID=453) to work on /home/airflow/.local/lib/python3.7/site-packages/airflow/example_dags/example_task_group.py
[2023-01-24T18:07:08.798+0000] {processor.py:743} INFO - Processing file /home/airflow/.local/lib/python3.7/site-packages/airflow/example_dags/example_task_group.py for tasks to queue
[2023-01-24T18:07:08.799+0000] {logging_mixin.py:137} INFO - [2023-01-24T18:07:08.799+0000] {dagbag.py:538} INFO - Filling up the DagBag from /home/airflow/.local/lib/python3.7/site-packages/airflow/example_dags/example_task_group.py
[2023-01-24T18:07:08.820+0000] {processor.py:753} INFO - DAG(s) dict_keys(['example_task_group']) retrieved from /home/airflow/.local/lib/python3.7/site-packages/airflow/example_dags/example_task_group.py
[2023-01-24T18:07:08.858+0000] {logging_mixin.py:137} INFO - [2023-01-24T18:07:08.858+0000] {dag.py:2690} INFO - Sync 1 DAGs
[2023-01-24T18:07:08.891+0000] {logging_mixin.py:137} INFO - [2023-01-24T18:07:08.891+0000] {dag.py:3441} INFO - Setting next_dagrun for example_task_group to 2023-01-23T18:07:08.890872+00:00, run_after=2023-01-24T18:07:08.890872+00:00
[2023-01-24T18:07:08.939+0000] {processor.py:175} INFO - Processing /home/airflow/.local/lib/python3.7/site-packages/airflow/example_dags/example_task_group.py took 0.148 seconds
[2023-01-24T18:07:39.321+0000] {processor.py:153} INFO - Started process (PID=516) to work on /home/airflow/.local/lib/python3.7/site-packages/airflow/example_dags/example_task_group.py
[2023-01-24T18:07:39.321+0000] {processor.py:743} INFO - Processing file /home/airflow/.local/lib/python3.7/site-packages/airflow/example_dags/example_task_group.py for tasks to queue
[2023-01-24T18:07:39.322+0000] {logging_mixin.py:137} INFO - [2023-01-24T18:07:39.322+0000] {dagbag.py:538} INFO - Filling up the DagBag from /home/airflow/.local/lib/python3.7/site-packages/airflow/example_dags/example_task_group.py
[2023-01-24T18:07:39.340+0000] {processor.py:753} INFO - DAG(s) dict_keys(['example_task_group']) retrieved from /home/airflow/.local/lib/python3.7/site-packages/airflow/example_dags/example_task_group.py
[2023-01-24T18:07:39.369+0000] {logging_mixin.py:137} INFO - [2023-01-24T18:07:39.368+0000] {dag.py:2690} INFO - Sync 1 DAGs
[2023-01-24T18:07:39.406+0000] {logging_mixin.py:137} INFO - [2023-01-24T18:07:39.406+0000] {dag.py:3441} INFO - Setting next_dagrun for example_task_group to 2023-01-23T18:07:39.405965+00:00, run_after=2023-01-24T18:07:39.405965+00:00
[2023-01-24T18:07:39.519+0000] {processor.py:175} INFO - Processing /home/airflow/.local/lib/python3.7/site-packages/airflow/example_dags/example_task_group.py took 0.203 seconds
[2023-01-24T18:08:09.789+0000] {processor.py:153} INFO - Started process (PID=591) to work on /home/airflow/.local/lib/python3.7/site-packages/airflow/example_dags/example_task_group.py
[2023-01-24T18:08:09.792+0000] {processor.py:743} INFO - Processing file /home/airflow/.local/lib/python3.7/site-packages/airflow/example_dags/example_task_group.py for tasks to queue
[2023-01-24T18:08:09.795+0000] {logging_mixin.py:137} INFO - [2023-01-24T18:08:09.794+0000] {dagbag.py:538} INFO - Filling up the DagBag from /home/airflow/.local/lib/python3.7/site-packages/airflow/example_dags/example_task_group.py
[2023-01-24T18:08:09.821+0000] {processor.py:753} INFO - DAG(s) dict_keys(['example_task_group']) retrieved from /home/airflow/.local/lib/python3.7/site-packages/airflow/example_dags/example_task_group.py
[2023-01-24T18:08:09.865+0000] {logging_mixin.py:137} INFO - [2023-01-24T18:08:09.865+0000] {dag.py:2690} INFO - Sync 1 DAGs
[2023-01-24T18:08:09.912+0000] {logging_mixin.py:137} INFO - [2023-01-24T18:08:09.912+0000] {dag.py:3441} INFO - Setting next_dagrun for example_task_group to 2023-01-23T18:08:09.911147+00:00, run_after=2023-01-24T18:08:09.911147+00:00
[2023-01-24T18:08:09.950+0000] {processor.py:175} INFO - Processing /home/airflow/.local/lib/python3.7/site-packages/airflow/example_dags/example_task_group.py took 0.167 seconds
[2023-01-24T18:08:40.177+0000] {processor.py:153} INFO - Started process (PID=655) to work on /home/airflow/.local/lib/python3.7/site-packages/airflow/example_dags/example_task_group.py
[2023-01-24T18:08:40.178+0000] {processor.py:743} INFO - Processing file /home/airflow/.local/lib/python3.7/site-packages/airflow/example_dags/example_task_group.py for tasks to queue
[2023-01-24T18:08:40.179+0000] {logging_mixin.py:137} INFO - [2023-01-24T18:08:40.179+0000] {dagbag.py:538} INFO - Filling up the DagBag from /home/airflow/.local/lib/python3.7/site-packages/airflow/example_dags/example_task_group.py
[2023-01-24T18:08:40.202+0000] {processor.py:753} INFO - DAG(s) dict_keys(['example_task_group']) retrieved from /home/airflow/.local/lib/python3.7/site-packages/airflow/example_dags/example_task_group.py
[2023-01-24T18:08:40.230+0000] {logging_mixin.py:137} INFO - [2023-01-24T18:08:40.230+0000] {dag.py:2690} INFO - Sync 1 DAGs
[2023-01-24T18:08:40.256+0000] {logging_mixin.py:137} INFO - [2023-01-24T18:08:40.256+0000] {dag.py:3441} INFO - Setting next_dagrun for example_task_group to 2023-01-23T18:08:40.256270+00:00, run_after=2023-01-24T18:08:40.256270+00:00
[2023-01-24T18:08:40.283+0000] {processor.py:175} INFO - Processing /home/airflow/.local/lib/python3.7/site-packages/airflow/example_dags/example_task_group.py took 0.111 seconds
[2023-01-24T18:09:10.501+0000] {processor.py:153} INFO - Started process (PID=718) to work on /home/airflow/.local/lib/python3.7/site-packages/airflow/example_dags/example_task_group.py
[2023-01-24T18:09:10.502+0000] {processor.py:743} INFO - Processing file /home/airflow/.local/lib/python3.7/site-packages/airflow/example_dags/example_task_group.py for tasks to queue
[2023-01-24T18:09:10.503+0000] {logging_mixin.py:137} INFO - [2023-01-24T18:09:10.503+0000] {dagbag.py:538} INFO - Filling up the DagBag from /home/airflow/.local/lib/python3.7/site-packages/airflow/example_dags/example_task_group.py
[2023-01-24T18:09:10.522+0000] {processor.py:753} INFO - DAG(s) dict_keys(['example_task_group']) retrieved from /home/airflow/.local/lib/python3.7/site-packages/airflow/example_dags/example_task_group.py
[2023-01-24T18:09:10.556+0000] {logging_mixin.py:137} INFO - [2023-01-24T18:09:10.555+0000] {dag.py:2690} INFO - Sync 1 DAGs
[2023-01-24T18:09:10.584+0000] {logging_mixin.py:137} INFO - [2023-01-24T18:09:10.584+0000] {dag.py:3441} INFO - Setting next_dagrun for example_task_group to 2023-01-23T18:09:10.583841+00:00, run_after=2023-01-24T18:09:10.583841+00:00
[2023-01-24T18:09:10.610+0000] {processor.py:175} INFO - Processing /home/airflow/.local/lib/python3.7/site-packages/airflow/example_dags/example_task_group.py took 0.114 seconds
[2023-01-24T18:09:41.422+0000] {processor.py:153} INFO - Started process (PID=794) to work on /home/airflow/.local/lib/python3.7/site-packages/airflow/example_dags/example_task_group.py
[2023-01-24T18:09:41.423+0000] {processor.py:743} INFO - Processing file /home/airflow/.local/lib/python3.7/site-packages/airflow/example_dags/example_task_group.py for tasks to queue
[2023-01-24T18:09:41.424+0000] {logging_mixin.py:137} INFO - [2023-01-24T18:09:41.423+0000] {dagbag.py:538} INFO - Filling up the DagBag from /home/airflow/.local/lib/python3.7/site-packages/airflow/example_dags/example_task_group.py
[2023-01-24T18:09:41.464+0000] {processor.py:753} INFO - DAG(s) dict_keys(['example_task_group']) retrieved from /home/airflow/.local/lib/python3.7/site-packages/airflow/example_dags/example_task_group.py
[2023-01-24T18:09:41.565+0000] {logging_mixin.py:137} INFO - [2023-01-24T18:09:41.565+0000] {dag.py:2690} INFO - Sync 1 DAGs
[2023-01-24T18:09:41.613+0000] {logging_mixin.py:137} INFO - [2023-01-24T18:09:41.613+0000] {dag.py:3441} INFO - Setting next_dagrun for example_task_group to 2023-01-23T18:09:41.613148+00:00, run_after=2023-01-24T18:09:41.613148+00:00
[2023-01-24T18:09:41.670+0000] {processor.py:175} INFO - Processing /home/airflow/.local/lib/python3.7/site-packages/airflow/example_dags/example_task_group.py took 0.269 seconds
[2023-01-24T18:10:11.818+0000] {processor.py:153} INFO - Started process (PID=857) to work on /home/airflow/.local/lib/python3.7/site-packages/airflow/example_dags/example_task_group.py
[2023-01-24T18:10:11.819+0000] {processor.py:743} INFO - Processing file /home/airflow/.local/lib/python3.7/site-packages/airflow/example_dags/example_task_group.py for tasks to queue
[2023-01-24T18:10:11.820+0000] {logging_mixin.py:137} INFO - [2023-01-24T18:10:11.820+0000] {dagbag.py:538} INFO - Filling up the DagBag from /home/airflow/.local/lib/python3.7/site-packages/airflow/example_dags/example_task_group.py
[2023-01-24T18:10:11.839+0000] {processor.py:753} INFO - DAG(s) dict_keys(['example_task_group']) retrieved from /home/airflow/.local/lib/python3.7/site-packages/airflow/example_dags/example_task_group.py
[2023-01-24T18:10:11.868+0000] {logging_mixin.py:137} INFO - [2023-01-24T18:10:11.867+0000] {dag.py:2690} INFO - Sync 1 DAGs
[2023-01-24T18:10:11.893+0000] {logging_mixin.py:137} INFO - [2023-01-24T18:10:11.892+0000] {dag.py:3441} INFO - Setting next_dagrun for example_task_group to 2023-01-23T18:10:11.892619+00:00, run_after=2023-01-24T18:10:11.892619+00:00
[2023-01-24T18:10:11.918+0000] {processor.py:175} INFO - Processing /home/airflow/.local/lib/python3.7/site-packages/airflow/example_dags/example_task_group.py took 0.105 seconds
[2023-01-24T18:10:42.083+0000] {processor.py:153} INFO - Started process (PID=921) to work on /home/airflow/.local/lib/python3.7/site-packages/airflow/example_dags/example_task_group.py
[2023-01-24T18:10:42.091+0000] {processor.py:743} INFO - Processing file /home/airflow/.local/lib/python3.7/site-packages/airflow/example_dags/example_task_group.py for tasks to queue
[2023-01-24T18:10:42.092+0000] {logging_mixin.py:137} INFO - [2023-01-24T18:10:42.091+0000] {dagbag.py:538} INFO - Filling up the DagBag from /home/airflow/.local/lib/python3.7/site-packages/airflow/example_dags/example_task_group.py
[2023-01-24T18:10:42.111+0000] {processor.py:753} INFO - DAG(s) dict_keys(['example_task_group']) retrieved from /home/airflow/.local/lib/python3.7/site-packages/airflow/example_dags/example_task_group.py
[2023-01-24T18:10:42.141+0000] {logging_mixin.py:137} INFO - [2023-01-24T18:10:42.141+0000] {dag.py:2690} INFO - Sync 1 DAGs
[2023-01-24T18:10:42.177+0000] {logging_mixin.py:137} INFO - [2023-01-24T18:10:42.177+0000] {dag.py:3441} INFO - Setting next_dagrun for example_task_group to 2023-01-23T18:10:42.177235+00:00, run_after=2023-01-24T18:10:42.177235+00:00
[2023-01-24T18:10:42.208+0000] {processor.py:175} INFO - Processing /home/airflow/.local/lib/python3.7/site-packages/airflow/example_dags/example_task_group.py took 0.128 seconds
[2023-01-24T18:11:13.146+0000] {processor.py:153} INFO - Started process (PID=997) to work on /home/airflow/.local/lib/python3.7/site-packages/airflow/example_dags/example_task_group.py
[2023-01-24T18:11:13.148+0000] {processor.py:743} INFO - Processing file /home/airflow/.local/lib/python3.7/site-packages/airflow/example_dags/example_task_group.py for tasks to queue
[2023-01-24T18:11:13.149+0000] {logging_mixin.py:137} INFO - [2023-01-24T18:11:13.149+0000] {dagbag.py:538} INFO - Filling up the DagBag from /home/airflow/.local/lib/python3.7/site-packages/airflow/example_dags/example_task_group.py
[2023-01-24T18:11:13.186+0000] {processor.py:753} INFO - DAG(s) dict_keys(['example_task_group']) retrieved from /home/airflow/.local/lib/python3.7/site-packages/airflow/example_dags/example_task_group.py
[2023-01-24T18:11:13.262+0000] {logging_mixin.py:137} INFO - [2023-01-24T18:11:13.262+0000] {dag.py:2690} INFO - Sync 1 DAGs
[2023-01-24T18:11:13.304+0000] {logging_mixin.py:137} INFO - [2023-01-24T18:11:13.304+0000] {dag.py:3441} INFO - Setting next_dagrun for example_task_group to 2023-01-23T18:11:13.304196+00:00, run_after=2023-01-24T18:11:13.304196+00:00
[2023-01-24T18:11:13.392+0000] {processor.py:175} INFO - Processing /home/airflow/.local/lib/python3.7/site-packages/airflow/example_dags/example_task_group.py took 0.250 seconds
[2023-01-24T18:11:43.658+0000] {processor.py:153} INFO - Started process (PID=1062) to work on /home/airflow/.local/lib/python3.7/site-packages/airflow/example_dags/example_task_group.py
[2023-01-24T18:11:43.659+0000] {processor.py:743} INFO - Processing file /home/airflow/.local/lib/python3.7/site-packages/airflow/example_dags/example_task_group.py for tasks to queue
[2023-01-24T18:11:43.660+0000] {logging_mixin.py:137} INFO - [2023-01-24T18:11:43.660+0000] {dagbag.py:538} INFO - Filling up the DagBag from /home/airflow/.local/lib/python3.7/site-packages/airflow/example_dags/example_task_group.py
[2023-01-24T18:11:43.678+0000] {processor.py:753} INFO - DAG(s) dict_keys(['example_task_group']) retrieved from /home/airflow/.local/lib/python3.7/site-packages/airflow/example_dags/example_task_group.py
[2023-01-24T18:11:43.705+0000] {logging_mixin.py:137} INFO - [2023-01-24T18:11:43.704+0000] {dag.py:2690} INFO - Sync 1 DAGs
[2023-01-24T18:11:43.729+0000] {logging_mixin.py:137} INFO - [2023-01-24T18:11:43.729+0000] {dag.py:3441} INFO - Setting next_dagrun for example_task_group to 2023-01-23T18:11:43.729403+00:00, run_after=2023-01-24T18:11:43.729403+00:00
[2023-01-24T18:11:43.763+0000] {processor.py:175} INFO - Processing /home/airflow/.local/lib/python3.7/site-packages/airflow/example_dags/example_task_group.py took 0.110 seconds
[2023-01-24T18:12:14.069+0000] {processor.py:153} INFO - Started process (PID=1126) to work on /home/airflow/.local/lib/python3.7/site-packages/airflow/example_dags/example_task_group.py
[2023-01-24T18:12:14.070+0000] {processor.py:743} INFO - Processing file /home/airflow/.local/lib/python3.7/site-packages/airflow/example_dags/example_task_group.py for tasks to queue
[2023-01-24T18:12:14.071+0000] {logging_mixin.py:137} INFO - [2023-01-24T18:12:14.071+0000] {dagbag.py:538} INFO - Filling up the DagBag from /home/airflow/.local/lib/python3.7/site-packages/airflow/example_dags/example_task_group.py
[2023-01-24T18:12:14.095+0000] {processor.py:753} INFO - DAG(s) dict_keys(['example_task_group']) retrieved from /home/airflow/.local/lib/python3.7/site-packages/airflow/example_dags/example_task_group.py
[2023-01-24T18:12:14.133+0000] {logging_mixin.py:137} INFO - [2023-01-24T18:12:14.133+0000] {dag.py:2690} INFO - Sync 1 DAGs
[2023-01-24T18:12:14.160+0000] {logging_mixin.py:137} INFO - [2023-01-24T18:12:14.160+0000] {dag.py:3441} INFO - Setting next_dagrun for example_task_group to 2023-01-23T18:12:14.159910+00:00, run_after=2023-01-24T18:12:14.159910+00:00
[2023-01-24T18:12:14.192+0000] {processor.py:175} INFO - Processing /home/airflow/.local/lib/python3.7/site-packages/airflow/example_dags/example_task_group.py took 0.129 seconds
[2023-01-24T18:12:44.341+0000] {processor.py:153} INFO - Started process (PID=1202) to work on /home/airflow/.local/lib/python3.7/site-packages/airflow/example_dags/example_task_group.py
[2023-01-24T18:12:44.342+0000] {processor.py:743} INFO - Processing file /home/airflow/.local/lib/python3.7/site-packages/airflow/example_dags/example_task_group.py for tasks to queue
[2023-01-24T18:12:44.343+0000] {logging_mixin.py:137} INFO - [2023-01-24T18:12:44.343+0000] {dagbag.py:538} INFO - Filling up the DagBag from /home/airflow/.local/lib/python3.7/site-packages/airflow/example_dags/example_task_group.py
[2023-01-24T18:12:44.362+0000] {processor.py:753} INFO - DAG(s) dict_keys(['example_task_group']) retrieved from /home/airflow/.local/lib/python3.7/site-packages/airflow/example_dags/example_task_group.py
[2023-01-24T18:12:44.391+0000] {logging_mixin.py:137} INFO - [2023-01-24T18:12:44.391+0000] {dag.py:2690} INFO - Sync 1 DAGs
[2023-01-24T18:12:44.416+0000] {logging_mixin.py:137} INFO - [2023-01-24T18:12:44.416+0000] {dag.py:3441} INFO - Setting next_dagrun for example_task_group to 2023-01-23T18:12:44.416517+00:00, run_after=2023-01-24T18:12:44.416517+00:00
[2023-01-24T18:12:44.445+0000] {processor.py:175} INFO - Processing /home/airflow/.local/lib/python3.7/site-packages/airflow/example_dags/example_task_group.py took 0.108 seconds
[2023-01-24T18:13:14.710+0000] {processor.py:153} INFO - Started process (PID=1265) to work on /home/airflow/.local/lib/python3.7/site-packages/airflow/example_dags/example_task_group.py
[2023-01-24T18:13:14.711+0000] {processor.py:743} INFO - Processing file /home/airflow/.local/lib/python3.7/site-packages/airflow/example_dags/example_task_group.py for tasks to queue
[2023-01-24T18:13:14.712+0000] {logging_mixin.py:137} INFO - [2023-01-24T18:13:14.711+0000] {dagbag.py:538} INFO - Filling up the DagBag from /home/airflow/.local/lib/python3.7/site-packages/airflow/example_dags/example_task_group.py
[2023-01-24T18:13:14.730+0000] {processor.py:753} INFO - DAG(s) dict_keys(['example_task_group']) retrieved from /home/airflow/.local/lib/python3.7/site-packages/airflow/example_dags/example_task_group.py
[2023-01-24T18:13:14.760+0000] {logging_mixin.py:137} INFO - [2023-01-24T18:13:14.760+0000] {dag.py:2690} INFO - Sync 1 DAGs
[2023-01-24T18:13:14.794+0000] {logging_mixin.py:137} INFO - [2023-01-24T18:13:14.794+0000] {dag.py:3441} INFO - Setting next_dagrun for example_task_group to 2023-01-23T18:13:14.794242+00:00, run_after=2023-01-24T18:13:14.794242+00:00
[2023-01-24T18:13:14.828+0000] {processor.py:175} INFO - Processing /home/airflow/.local/lib/python3.7/site-packages/airflow/example_dags/example_task_group.py took 0.123 seconds
[2023-01-24T18:13:45.668+0000] {processor.py:153} INFO - Started process (PID=1342) to work on /home/airflow/.local/lib/python3.7/site-packages/airflow/example_dags/example_task_group.py
[2023-01-24T18:13:45.669+0000] {processor.py:743} INFO - Processing file /home/airflow/.local/lib/python3.7/site-packages/airflow/example_dags/example_task_group.py for tasks to queue
[2023-01-24T18:13:45.673+0000] {logging_mixin.py:137} INFO - [2023-01-24T18:13:45.673+0000] {dagbag.py:538} INFO - Filling up the DagBag from /home/airflow/.local/lib/python3.7/site-packages/airflow/example_dags/example_task_group.py
[2023-01-24T18:13:45.702+0000] {processor.py:753} INFO - DAG(s) dict_keys(['example_task_group']) retrieved from /home/airflow/.local/lib/python3.7/site-packages/airflow/example_dags/example_task_group.py
[2023-01-24T18:13:45.740+0000] {logging_mixin.py:137} INFO - [2023-01-24T18:13:45.740+0000] {dag.py:2690} INFO - Sync 1 DAGs
[2023-01-24T18:13:45.772+0000] {logging_mixin.py:137} INFO - [2023-01-24T18:13:45.772+0000] {dag.py:3441} INFO - Setting next_dagrun for example_task_group to 2023-01-23T18:13:45.772293+00:00, run_after=2023-01-24T18:13:45.772293+00:00
[2023-01-24T18:13:45.804+0000] {processor.py:175} INFO - Processing /home/airflow/.local/lib/python3.7/site-packages/airflow/example_dags/example_task_group.py took 0.140 seconds
[2023-01-24T18:14:16.177+0000] {processor.py:153} INFO - Started process (PID=1405) to work on /home/airflow/.local/lib/python3.7/site-packages/airflow/example_dags/example_task_group.py
[2023-01-24T18:14:16.178+0000] {processor.py:743} INFO - Processing file /home/airflow/.local/lib/python3.7/site-packages/airflow/example_dags/example_task_group.py for tasks to queue
[2023-01-24T18:14:16.179+0000] {logging_mixin.py:137} INFO - [2023-01-24T18:14:16.178+0000] {dagbag.py:538} INFO - Filling up the DagBag from /home/airflow/.local/lib/python3.7/site-packages/airflow/example_dags/example_task_group.py
[2023-01-24T18:14:16.197+0000] {processor.py:753} INFO - DAG(s) dict_keys(['example_task_group']) retrieved from /home/airflow/.local/lib/python3.7/site-packages/airflow/example_dags/example_task_group.py
[2023-01-24T18:14:16.226+0000] {logging_mixin.py:137} INFO - [2023-01-24T18:14:16.226+0000] {dag.py:2690} INFO - Sync 1 DAGs
[2023-01-24T18:14:16.250+0000] {logging_mixin.py:137} INFO - [2023-01-24T18:14:16.250+0000] {dag.py:3441} INFO - Setting next_dagrun for example_task_group to 2023-01-23T18:14:16.250512+00:00, run_after=2023-01-24T18:14:16.250512+00:00
[2023-01-24T18:14:16.282+0000] {processor.py:175} INFO - Processing /home/airflow/.local/lib/python3.7/site-packages/airflow/example_dags/example_task_group.py took 0.108 seconds
[2023-01-24T18:14:46.380+0000] {processor.py:153} INFO - Started process (PID=1469) to work on /home/airflow/.local/lib/python3.7/site-packages/airflow/example_dags/example_task_group.py
[2023-01-24T18:14:46.381+0000] {processor.py:743} INFO - Processing file /home/airflow/.local/lib/python3.7/site-packages/airflow/example_dags/example_task_group.py for tasks to queue
[2023-01-24T18:14:46.382+0000] {logging_mixin.py:137} INFO - [2023-01-24T18:14:46.382+0000] {dagbag.py:538} INFO - Filling up the DagBag from /home/airflow/.local/lib/python3.7/site-packages/airflow/example_dags/example_task_group.py
[2023-01-24T18:14:46.401+0000] {processor.py:753} INFO - DAG(s) dict_keys(['example_task_group']) retrieved from /home/airflow/.local/lib/python3.7/site-packages/airflow/example_dags/example_task_group.py
[2023-01-24T18:14:46.431+0000] {logging_mixin.py:137} INFO - [2023-01-24T18:14:46.431+0000] {dag.py:2690} INFO - Sync 1 DAGs
[2023-01-24T18:14:46.468+0000] {logging_mixin.py:137} INFO - [2023-01-24T18:14:46.468+0000] {dag.py:3441} INFO - Setting next_dagrun for example_task_group to 2023-01-23T18:14:46.467943+00:00, run_after=2023-01-24T18:14:46.467943+00:00
[2023-01-24T18:14:46.498+0000] {processor.py:175} INFO - Processing /home/airflow/.local/lib/python3.7/site-packages/airflow/example_dags/example_task_group.py took 0.123 seconds
[2023-01-24T18:15:16.726+0000] {processor.py:153} INFO - Started process (PID=1546) to work on /home/airflow/.local/lib/python3.7/site-packages/airflow/example_dags/example_task_group.py
[2023-01-24T18:15:16.727+0000] {processor.py:743} INFO - Processing file /home/airflow/.local/lib/python3.7/site-packages/airflow/example_dags/example_task_group.py for tasks to queue
[2023-01-24T18:15:16.728+0000] {logging_mixin.py:137} INFO - [2023-01-24T18:15:16.728+0000] {dagbag.py:538} INFO - Filling up the DagBag from /home/airflow/.local/lib/python3.7/site-packages/airflow/example_dags/example_task_group.py
[2023-01-24T18:15:16.754+0000] {processor.py:753} INFO - DAG(s) dict_keys(['example_task_group']) retrieved from /home/airflow/.local/lib/python3.7/site-packages/airflow/example_dags/example_task_group.py
[2023-01-24T18:15:16.802+0000] {logging_mixin.py:137} INFO - [2023-01-24T18:15:16.801+0000] {dag.py:2690} INFO - Sync 1 DAGs
[2023-01-24T18:15:16.847+0000] {logging_mixin.py:137} INFO - [2023-01-24T18:15:16.847+0000] {dag.py:3441} INFO - Setting next_dagrun for example_task_group to 2023-01-23T18:15:16.847008+00:00, run_after=2023-01-24T18:15:16.847008+00:00
[2023-01-24T18:15:16.916+0000] {processor.py:175} INFO - Processing /home/airflow/.local/lib/python3.7/site-packages/airflow/example_dags/example_task_group.py took 0.196 seconds
[2023-01-24T18:15:47.042+0000] {processor.py:153} INFO - Started process (PID=1609) to work on /home/airflow/.local/lib/python3.7/site-packages/airflow/example_dags/example_task_group.py
[2023-01-24T18:15:47.043+0000] {processor.py:743} INFO - Processing file /home/airflow/.local/lib/python3.7/site-packages/airflow/example_dags/example_task_group.py for tasks to queue
[2023-01-24T18:15:47.044+0000] {logging_mixin.py:137} INFO - [2023-01-24T18:15:47.044+0000] {dagbag.py:538} INFO - Filling up the DagBag from /home/airflow/.local/lib/python3.7/site-packages/airflow/example_dags/example_task_group.py
[2023-01-24T18:15:47.068+0000] {processor.py:753} INFO - DAG(s) dict_keys(['example_task_group']) retrieved from /home/airflow/.local/lib/python3.7/site-packages/airflow/example_dags/example_task_group.py
[2023-01-24T18:15:47.094+0000] {logging_mixin.py:137} INFO - [2023-01-24T18:15:47.094+0000] {dag.py:2690} INFO - Sync 1 DAGs
[2023-01-24T18:15:47.121+0000] {logging_mixin.py:137} INFO - [2023-01-24T18:15:47.120+0000] {dag.py:3441} INFO - Setting next_dagrun for example_task_group to 2023-01-23T18:15:47.120736+00:00, run_after=2023-01-24T18:15:47.120736+00:00
[2023-01-24T18:15:47.157+0000] {processor.py:175} INFO - Processing /home/airflow/.local/lib/python3.7/site-packages/airflow/example_dags/example_task_group.py took 0.120 seconds
[2023-01-24T18:16:18.171+0000] {processor.py:153} INFO - Started process (PID=1672) to work on /home/airflow/.local/lib/python3.7/site-packages/airflow/example_dags/example_task_group.py
[2023-01-24T18:16:18.172+0000] {processor.py:743} INFO - Processing file /home/airflow/.local/lib/python3.7/site-packages/airflow/example_dags/example_task_group.py for tasks to queue
[2023-01-24T18:16:18.173+0000] {logging_mixin.py:137} INFO - [2023-01-24T18:16:18.172+0000] {dagbag.py:538} INFO - Filling up the DagBag from /home/airflow/.local/lib/python3.7/site-packages/airflow/example_dags/example_task_group.py
[2023-01-24T18:16:18.196+0000] {processor.py:753} INFO - DAG(s) dict_keys(['example_task_group']) retrieved from /home/airflow/.local/lib/python3.7/site-packages/airflow/example_dags/example_task_group.py
[2023-01-24T18:16:18.233+0000] {logging_mixin.py:137} INFO - [2023-01-24T18:16:18.232+0000] {dag.py:2690} INFO - Sync 1 DAGs
[2023-01-24T18:16:18.272+0000] {logging_mixin.py:137} INFO - [2023-01-24T18:16:18.272+0000] {dag.py:3441} INFO - Setting next_dagrun for example_task_group to 2023-01-23T18:16:18.271743+00:00, run_after=2023-01-24T18:16:18.271743+00:00
[2023-01-24T18:16:18.304+0000] {processor.py:175} INFO - Processing /home/airflow/.local/lib/python3.7/site-packages/airflow/example_dags/example_task_group.py took 0.139 seconds
[2023-01-24T18:16:48.601+0000] {processor.py:153} INFO - Started process (PID=1748) to work on /home/airflow/.local/lib/python3.7/site-packages/airflow/example_dags/example_task_group.py
[2023-01-24T18:16:48.602+0000] {processor.py:743} INFO - Processing file /home/airflow/.local/lib/python3.7/site-packages/airflow/example_dags/example_task_group.py for tasks to queue
[2023-01-24T18:16:48.603+0000] {logging_mixin.py:137} INFO - [2023-01-24T18:16:48.603+0000] {dagbag.py:538} INFO - Filling up the DagBag from /home/airflow/.local/lib/python3.7/site-packages/airflow/example_dags/example_task_group.py
[2023-01-24T18:16:48.622+0000] {processor.py:753} INFO - DAG(s) dict_keys(['example_task_group']) retrieved from /home/airflow/.local/lib/python3.7/site-packages/airflow/example_dags/example_task_group.py
[2023-01-24T18:16:48.647+0000] {logging_mixin.py:137} INFO - [2023-01-24T18:16:48.647+0000] {dag.py:2690} INFO - Sync 1 DAGs
[2023-01-24T18:16:48.674+0000] {logging_mixin.py:137} INFO - [2023-01-24T18:16:48.674+0000] {dag.py:3441} INFO - Setting next_dagrun for example_task_group to 2023-01-23T18:16:48.674522+00:00, run_after=2023-01-24T18:16:48.674522+00:00
[2023-01-24T18:16:48.701+0000] {processor.py:175} INFO - Processing /home/airflow/.local/lib/python3.7/site-packages/airflow/example_dags/example_task_group.py took 0.104 seconds
[2023-01-24T18:17:19.315+0000] {processor.py:153} INFO - Started process (PID=1813) to work on /home/airflow/.local/lib/python3.7/site-packages/airflow/example_dags/example_task_group.py
[2023-01-24T18:17:19.316+0000] {processor.py:743} INFO - Processing file /home/airflow/.local/lib/python3.7/site-packages/airflow/example_dags/example_task_group.py for tasks to queue
[2023-01-24T18:17:19.316+0000] {logging_mixin.py:137} INFO - [2023-01-24T18:17:19.316+0000] {dagbag.py:538} INFO - Filling up the DagBag from /home/airflow/.local/lib/python3.7/site-packages/airflow/example_dags/example_task_group.py
[2023-01-24T18:17:19.334+0000] {processor.py:753} INFO - DAG(s) dict_keys(['example_task_group']) retrieved from /home/airflow/.local/lib/python3.7/site-packages/airflow/example_dags/example_task_group.py
[2023-01-24T18:17:19.361+0000] {logging_mixin.py:137} INFO - [2023-01-24T18:17:19.361+0000] {dag.py:2690} INFO - Sync 1 DAGs
[2023-01-24T18:17:19.392+0000] {logging_mixin.py:137} INFO - [2023-01-24T18:17:19.392+0000] {dag.py:3441} INFO - Setting next_dagrun for example_task_group to 2023-01-23T18:17:19.392200+00:00, run_after=2023-01-24T18:17:19.392200+00:00
[2023-01-24T18:17:19.420+0000] {processor.py:175} INFO - Processing /home/airflow/.local/lib/python3.7/site-packages/airflow/example_dags/example_task_group.py took 0.110 seconds
[2023-01-24T18:17:50.000+0000] {processor.py:153} INFO - Started process (PID=1888) to work on /home/airflow/.local/lib/python3.7/site-packages/airflow/example_dags/example_task_group.py
[2023-01-24T18:17:50.005+0000] {processor.py:743} INFO - Processing file /home/airflow/.local/lib/python3.7/site-packages/airflow/example_dags/example_task_group.py for tasks to queue
[2023-01-24T18:17:50.006+0000] {logging_mixin.py:137} INFO - [2023-01-24T18:17:50.006+0000] {dagbag.py:538} INFO - Filling up the DagBag from /home/airflow/.local/lib/python3.7/site-packages/airflow/example_dags/example_task_group.py
[2023-01-24T18:17:50.031+0000] {processor.py:753} INFO - DAG(s) dict_keys(['example_task_group']) retrieved from /home/airflow/.local/lib/python3.7/site-packages/airflow/example_dags/example_task_group.py
[2023-01-24T18:17:50.066+0000] {logging_mixin.py:137} INFO - [2023-01-24T18:17:50.066+0000] {dag.py:2690} INFO - Sync 1 DAGs
[2023-01-24T18:17:50.119+0000] {logging_mixin.py:137} INFO - [2023-01-24T18:17:50.118+0000] {dag.py:3441} INFO - Setting next_dagrun for example_task_group to 2023-01-23T18:17:50.118503+00:00, run_after=2023-01-24T18:17:50.118503+00:00
[2023-01-24T18:17:50.161+0000] {processor.py:175} INFO - Processing /home/airflow/.local/lib/python3.7/site-packages/airflow/example_dags/example_task_group.py took 0.168 seconds
[2023-01-24T18:18:20.216+0000] {processor.py:153} INFO - Started process (PID=1951) to work on /home/airflow/.local/lib/python3.7/site-packages/airflow/example_dags/example_task_group.py
[2023-01-24T18:18:20.217+0000] {processor.py:743} INFO - Processing file /home/airflow/.local/lib/python3.7/site-packages/airflow/example_dags/example_task_group.py for tasks to queue
[2023-01-24T18:18:20.217+0000] {logging_mixin.py:137} INFO - [2023-01-24T18:18:20.217+0000] {dagbag.py:538} INFO - Filling up the DagBag from /home/airflow/.local/lib/python3.7/site-packages/airflow/example_dags/example_task_group.py
[2023-01-24T18:18:20.237+0000] {processor.py:753} INFO - DAG(s) dict_keys(['example_task_group']) retrieved from /home/airflow/.local/lib/python3.7/site-packages/airflow/example_dags/example_task_group.py
[2023-01-24T18:18:20.268+0000] {logging_mixin.py:137} INFO - [2023-01-24T18:18:20.267+0000] {dag.py:2690} INFO - Sync 1 DAGs
[2023-01-24T18:18:20.292+0000] {logging_mixin.py:137} INFO - [2023-01-24T18:18:20.292+0000] {dag.py:3441} INFO - Setting next_dagrun for example_task_group to 2023-01-23T18:18:20.292059+00:00, run_after=2023-01-24T18:18:20.292059+00:00
[2023-01-24T18:18:20.320+0000] {processor.py:175} INFO - Processing /home/airflow/.local/lib/python3.7/site-packages/airflow/example_dags/example_task_group.py took 0.109 seconds
[2023-01-24T18:18:50.986+0000] {processor.py:153} INFO - Started process (PID=2014) to work on /home/airflow/.local/lib/python3.7/site-packages/airflow/example_dags/example_task_group.py
[2023-01-24T18:18:50.988+0000] {processor.py:743} INFO - Processing file /home/airflow/.local/lib/python3.7/site-packages/airflow/example_dags/example_task_group.py for tasks to queue
[2023-01-24T18:18:50.988+0000] {logging_mixin.py:137} INFO - [2023-01-24T18:18:50.988+0000] {dagbag.py:538} INFO - Filling up the DagBag from /home/airflow/.local/lib/python3.7/site-packages/airflow/example_dags/example_task_group.py
[2023-01-24T18:18:51.012+0000] {processor.py:753} INFO - DAG(s) dict_keys(['example_task_group']) retrieved from /home/airflow/.local/lib/python3.7/site-packages/airflow/example_dags/example_task_group.py
[2023-01-24T18:18:51.046+0000] {logging_mixin.py:137} INFO - [2023-01-24T18:18:51.046+0000] {dag.py:2690} INFO - Sync 1 DAGs
[2023-01-24T18:18:51.084+0000] {logging_mixin.py:137} INFO - [2023-01-24T18:18:51.084+0000] {dag.py:3441} INFO - Setting next_dagrun for example_task_group to 2023-01-23T18:18:51.084231+00:00, run_after=2023-01-24T18:18:51.084231+00:00
[2023-01-24T18:18:51.119+0000] {processor.py:175} INFO - Processing /home/airflow/.local/lib/python3.7/site-packages/airflow/example_dags/example_task_group.py took 0.137 seconds
[2023-01-24T18:19:21.228+0000] {processor.py:153} INFO - Started process (PID=2090) to work on /home/airflow/.local/lib/python3.7/site-packages/airflow/example_dags/example_task_group.py
[2023-01-24T18:19:21.229+0000] {processor.py:743} INFO - Processing file /home/airflow/.local/lib/python3.7/site-packages/airflow/example_dags/example_task_group.py for tasks to queue
[2023-01-24T18:19:21.230+0000] {logging_mixin.py:137} INFO - [2023-01-24T18:19:21.229+0000] {dagbag.py:538} INFO - Filling up the DagBag from /home/airflow/.local/lib/python3.7/site-packages/airflow/example_dags/example_task_group.py
[2023-01-24T18:19:21.247+0000] {processor.py:753} INFO - DAG(s) dict_keys(['example_task_group']) retrieved from /home/airflow/.local/lib/python3.7/site-packages/airflow/example_dags/example_task_group.py
[2023-01-24T18:19:21.275+0000] {logging_mixin.py:137} INFO - [2023-01-24T18:19:21.275+0000] {dag.py:2690} INFO - Sync 1 DAGs
[2023-01-24T18:19:21.302+0000] {logging_mixin.py:137} INFO - [2023-01-24T18:19:21.302+0000] {dag.py:3441} INFO - Setting next_dagrun for example_task_group to 2023-01-23T18:19:21.301855+00:00, run_after=2023-01-24T18:19:21.301855+00:00
[2023-01-24T18:19:21.331+0000] {processor.py:175} INFO - Processing /home/airflow/.local/lib/python3.7/site-packages/airflow/example_dags/example_task_group.py took 0.107 seconds
[2023-01-24T18:19:51.685+0000] {processor.py:153} INFO - Started process (PID=2152) to work on /home/airflow/.local/lib/python3.7/site-packages/airflow/example_dags/example_task_group.py
[2023-01-24T18:19:51.686+0000] {processor.py:743} INFO - Processing file /home/airflow/.local/lib/python3.7/site-packages/airflow/example_dags/example_task_group.py for tasks to queue
[2023-01-24T18:19:51.687+0000] {logging_mixin.py:137} INFO - [2023-01-24T18:19:51.687+0000] {dagbag.py:538} INFO - Filling up the DagBag from /home/airflow/.local/lib/python3.7/site-packages/airflow/example_dags/example_task_group.py
[2023-01-24T18:19:51.705+0000] {processor.py:753} INFO - DAG(s) dict_keys(['example_task_group']) retrieved from /home/airflow/.local/lib/python3.7/site-packages/airflow/example_dags/example_task_group.py
[2023-01-24T18:19:51.740+0000] {logging_mixin.py:137} INFO - [2023-01-24T18:19:51.740+0000] {dag.py:2690} INFO - Sync 1 DAGs
[2023-01-24T18:19:51.776+0000] {logging_mixin.py:137} INFO - [2023-01-24T18:19:51.776+0000] {dag.py:3441} INFO - Setting next_dagrun for example_task_group to 2023-01-23T18:19:51.775853+00:00, run_after=2023-01-24T18:19:51.775853+00:00
[2023-01-24T18:19:51.802+0000] {processor.py:175} INFO - Processing /home/airflow/.local/lib/python3.7/site-packages/airflow/example_dags/example_task_group.py took 0.122 seconds
[2023-01-24T18:20:22.327+0000] {processor.py:153} INFO - Started process (PID=2228) to work on /home/airflow/.local/lib/python3.7/site-packages/airflow/example_dags/example_task_group.py
[2023-01-24T18:20:22.328+0000] {processor.py:743} INFO - Processing file /home/airflow/.local/lib/python3.7/site-packages/airflow/example_dags/example_task_group.py for tasks to queue
[2023-01-24T18:20:22.329+0000] {logging_mixin.py:137} INFO - [2023-01-24T18:20:22.329+0000] {dagbag.py:538} INFO - Filling up the DagBag from /home/airflow/.local/lib/python3.7/site-packages/airflow/example_dags/example_task_group.py
[2023-01-24T18:20:22.355+0000] {processor.py:753} INFO - DAG(s) dict_keys(['example_task_group']) retrieved from /home/airflow/.local/lib/python3.7/site-packages/airflow/example_dags/example_task_group.py
[2023-01-24T18:20:22.393+0000] {logging_mixin.py:137} INFO - [2023-01-24T18:20:22.393+0000] {dag.py:2690} INFO - Sync 1 DAGs
[2023-01-24T18:20:22.430+0000] {logging_mixin.py:137} INFO - [2023-01-24T18:20:22.430+0000] {dag.py:3441} INFO - Setting next_dagrun for example_task_group to 2023-01-23T18:20:22.429779+00:00, run_after=2023-01-24T18:20:22.429779+00:00
[2023-01-24T18:20:22.476+0000] {processor.py:175} INFO - Processing /home/airflow/.local/lib/python3.7/site-packages/airflow/example_dags/example_task_group.py took 0.153 seconds
[2023-01-24T18:20:52.545+0000] {processor.py:153} INFO - Started process (PID=2292) to work on /home/airflow/.local/lib/python3.7/site-packages/airflow/example_dags/example_task_group.py
[2023-01-24T18:20:52.546+0000] {processor.py:743} INFO - Processing file /home/airflow/.local/lib/python3.7/site-packages/airflow/example_dags/example_task_group.py for tasks to queue
[2023-01-24T18:20:52.547+0000] {logging_mixin.py:137} INFO - [2023-01-24T18:20:52.547+0000] {dagbag.py:538} INFO - Filling up the DagBag from /home/airflow/.local/lib/python3.7/site-packages/airflow/example_dags/example_task_group.py
[2023-01-24T18:20:52.576+0000] {processor.py:753} INFO - DAG(s) dict_keys(['example_task_group']) retrieved from /home/airflow/.local/lib/python3.7/site-packages/airflow/example_dags/example_task_group.py
[2023-01-24T18:20:52.610+0000] {logging_mixin.py:137} INFO - [2023-01-24T18:20:52.610+0000] {dag.py:2690} INFO - Sync 1 DAGs
[2023-01-24T18:20:52.646+0000] {logging_mixin.py:137} INFO - [2023-01-24T18:20:52.645+0000] {dag.py:3441} INFO - Setting next_dagrun for example_task_group to 2023-01-23T18:20:52.645501+00:00, run_after=2023-01-24T18:20:52.645501+00:00
[2023-01-24T18:20:52.696+0000] {processor.py:175} INFO - Processing /home/airflow/.local/lib/python3.7/site-packages/airflow/example_dags/example_task_group.py took 0.156 seconds
[2023-01-24T18:21:23.391+0000] {processor.py:153} INFO - Started process (PID=2356) to work on /home/airflow/.local/lib/python3.7/site-packages/airflow/example_dags/example_task_group.py
[2023-01-24T18:21:23.392+0000] {processor.py:743} INFO - Processing file /home/airflow/.local/lib/python3.7/site-packages/airflow/example_dags/example_task_group.py for tasks to queue
[2023-01-24T18:21:23.393+0000] {logging_mixin.py:137} INFO - [2023-01-24T18:21:23.393+0000] {dagbag.py:538} INFO - Filling up the DagBag from /home/airflow/.local/lib/python3.7/site-packages/airflow/example_dags/example_task_group.py
[2023-01-24T18:21:23.412+0000] {processor.py:753} INFO - DAG(s) dict_keys(['example_task_group']) retrieved from /home/airflow/.local/lib/python3.7/site-packages/airflow/example_dags/example_task_group.py
[2023-01-24T18:21:23.440+0000] {logging_mixin.py:137} INFO - [2023-01-24T18:21:23.439+0000] {dag.py:2690} INFO - Sync 1 DAGs
[2023-01-24T18:21:23.468+0000] {logging_mixin.py:137} INFO - [2023-01-24T18:21:23.468+0000] {dag.py:3441} INFO - Setting next_dagrun for example_task_group to 2023-01-23T18:21:23.467916+00:00, run_after=2023-01-24T18:21:23.467916+00:00
[2023-01-24T18:21:23.498+0000] {processor.py:175} INFO - Processing /home/airflow/.local/lib/python3.7/site-packages/airflow/example_dags/example_task_group.py took 0.112 seconds
[2023-01-24T18:21:53.774+0000] {processor.py:153} INFO - Started process (PID=2431) to work on /home/airflow/.local/lib/python3.7/site-packages/airflow/example_dags/example_task_group.py
[2023-01-24T18:21:53.776+0000] {processor.py:743} INFO - Processing file /home/airflow/.local/lib/python3.7/site-packages/airflow/example_dags/example_task_group.py for tasks to queue
[2023-01-24T18:21:53.777+0000] {logging_mixin.py:137} INFO - [2023-01-24T18:21:53.777+0000] {dagbag.py:538} INFO - Filling up the DagBag from /home/airflow/.local/lib/python3.7/site-packages/airflow/example_dags/example_task_group.py
[2023-01-24T18:21:53.798+0000] {processor.py:753} INFO - DAG(s) dict_keys(['example_task_group']) retrieved from /home/airflow/.local/lib/python3.7/site-packages/airflow/example_dags/example_task_group.py
[2023-01-24T18:21:53.824+0000] {logging_mixin.py:137} INFO - [2023-01-24T18:21:53.824+0000] {dag.py:2690} INFO - Sync 1 DAGs
[2023-01-24T18:21:53.850+0000] {logging_mixin.py:137} INFO - [2023-01-24T18:21:53.850+0000] {dag.py:3441} INFO - Setting next_dagrun for example_task_group to 2023-01-23T18:21:53.850002+00:00, run_after=2023-01-24T18:21:53.850002+00:00
[2023-01-24T18:21:53.881+0000] {processor.py:175} INFO - Processing /home/airflow/.local/lib/python3.7/site-packages/airflow/example_dags/example_task_group.py took 0.113 seconds
[2023-01-24T18:22:24.241+0000] {processor.py:153} INFO - Started process (PID=2493) to work on /home/airflow/.local/lib/python3.7/site-packages/airflow/example_dags/example_task_group.py
[2023-01-24T18:22:24.242+0000] {processor.py:743} INFO - Processing file /home/airflow/.local/lib/python3.7/site-packages/airflow/example_dags/example_task_group.py for tasks to queue
[2023-01-24T18:22:24.243+0000] {logging_mixin.py:137} INFO - [2023-01-24T18:22:24.242+0000] {dagbag.py:538} INFO - Filling up the DagBag from /home/airflow/.local/lib/python3.7/site-packages/airflow/example_dags/example_task_group.py
[2023-01-24T18:22:24.260+0000] {processor.py:753} INFO - DAG(s) dict_keys(['example_task_group']) retrieved from /home/airflow/.local/lib/python3.7/site-packages/airflow/example_dags/example_task_group.py
[2023-01-24T18:22:24.296+0000] {logging_mixin.py:137} INFO - [2023-01-24T18:22:24.295+0000] {dag.py:2690} INFO - Sync 1 DAGs
[2023-01-24T18:22:24.334+0000] {logging_mixin.py:137} INFO - [2023-01-24T18:22:24.334+0000] {dag.py:3441} INFO - Setting next_dagrun for example_task_group to 2023-01-23T18:22:24.333870+00:00, run_after=2023-01-24T18:22:24.333870+00:00
[2023-01-24T18:22:24.367+0000] {processor.py:175} INFO - Processing /home/airflow/.local/lib/python3.7/site-packages/airflow/example_dags/example_task_group.py took 0.131 seconds
[2023-01-24T18:22:55.390+0000] {processor.py:153} INFO - Started process (PID=2556) to work on /home/airflow/.local/lib/python3.7/site-packages/airflow/example_dags/example_task_group.py
[2023-01-24T18:22:55.391+0000] {processor.py:743} INFO - Processing file /home/airflow/.local/lib/python3.7/site-packages/airflow/example_dags/example_task_group.py for tasks to queue
[2023-01-24T18:22:55.392+0000] {logging_mixin.py:137} INFO - [2023-01-24T18:22:55.392+0000] {dagbag.py:538} INFO - Filling up the DagBag from /home/airflow/.local/lib/python3.7/site-packages/airflow/example_dags/example_task_group.py
[2023-01-24T18:22:55.417+0000] {processor.py:753} INFO - DAG(s) dict_keys(['example_task_group']) retrieved from /home/airflow/.local/lib/python3.7/site-packages/airflow/example_dags/example_task_group.py
[2023-01-24T18:22:55.456+0000] {logging_mixin.py:137} INFO - [2023-01-24T18:22:55.455+0000] {dag.py:2690} INFO - Sync 1 DAGs
[2023-01-24T18:22:55.493+0000] {logging_mixin.py:137} INFO - [2023-01-24T18:22:55.493+0000] {dag.py:3441} INFO - Setting next_dagrun for example_task_group to 2023-01-23T18:22:55.493086+00:00, run_after=2023-01-24T18:22:55.493086+00:00
[2023-01-24T18:22:55.530+0000] {processor.py:175} INFO - Processing /home/airflow/.local/lib/python3.7/site-packages/airflow/example_dags/example_task_group.py took 0.146 seconds
[2023-01-24T18:23:26.365+0000] {processor.py:153} INFO - Started process (PID=2633) to work on /home/airflow/.local/lib/python3.7/site-packages/airflow/example_dags/example_task_group.py
[2023-01-24T18:23:26.366+0000] {processor.py:743} INFO - Processing file /home/airflow/.local/lib/python3.7/site-packages/airflow/example_dags/example_task_group.py for tasks to queue
[2023-01-24T18:23:26.367+0000] {logging_mixin.py:137} INFO - [2023-01-24T18:23:26.367+0000] {dagbag.py:538} INFO - Filling up the DagBag from /home/airflow/.local/lib/python3.7/site-packages/airflow/example_dags/example_task_group.py
[2023-01-24T18:23:26.385+0000] {processor.py:753} INFO - DAG(s) dict_keys(['example_task_group']) retrieved from /home/airflow/.local/lib/python3.7/site-packages/airflow/example_dags/example_task_group.py
[2023-01-24T18:23:26.411+0000] {logging_mixin.py:137} INFO - [2023-01-24T18:23:26.411+0000] {dag.py:2690} INFO - Sync 1 DAGs
[2023-01-24T18:23:26.436+0000] {logging_mixin.py:137} INFO - [2023-01-24T18:23:26.436+0000] {dag.py:3441} INFO - Setting next_dagrun for example_task_group to 2023-01-23T18:23:26.436380+00:00, run_after=2023-01-24T18:23:26.436380+00:00
[2023-01-24T18:23:26.465+0000] {processor.py:175} INFO - Processing /home/airflow/.local/lib/python3.7/site-packages/airflow/example_dags/example_task_group.py took 0.104 seconds
[2023-01-24T18:23:56.898+0000] {processor.py:153} INFO - Started process (PID=2696) to work on /home/airflow/.local/lib/python3.7/site-packages/airflow/example_dags/example_task_group.py
[2023-01-24T18:23:56.899+0000] {processor.py:743} INFO - Processing file /home/airflow/.local/lib/python3.7/site-packages/airflow/example_dags/example_task_group.py for tasks to queue
[2023-01-24T18:23:56.900+0000] {logging_mixin.py:137} INFO - [2023-01-24T18:23:56.900+0000] {dagbag.py:538} INFO - Filling up the DagBag from /home/airflow/.local/lib/python3.7/site-packages/airflow/example_dags/example_task_group.py
[2023-01-24T18:23:56.926+0000] {processor.py:753} INFO - DAG(s) dict_keys(['example_task_group']) retrieved from /home/airflow/.local/lib/python3.7/site-packages/airflow/example_dags/example_task_group.py
[2023-01-24T18:23:56.963+0000] {logging_mixin.py:137} INFO - [2023-01-24T18:23:56.963+0000] {dag.py:2690} INFO - Sync 1 DAGs
[2023-01-24T18:23:57.007+0000] {logging_mixin.py:137} INFO - [2023-01-24T18:23:57.007+0000] {dag.py:3441} INFO - Setting next_dagrun for example_task_group to 2023-01-23T18:23:57.006896+00:00, run_after=2023-01-24T18:23:57.006896+00:00
[2023-01-24T18:23:57.046+0000] {processor.py:175} INFO - Processing /home/airflow/.local/lib/python3.7/site-packages/airflow/example_dags/example_task_group.py took 0.154 seconds
[2023-01-24T18:24:27.310+0000] {processor.py:153} INFO - Started process (PID=2772) to work on /home/airflow/.local/lib/python3.7/site-packages/airflow/example_dags/example_task_group.py
[2023-01-24T18:24:27.311+0000] {processor.py:743} INFO - Processing file /home/airflow/.local/lib/python3.7/site-packages/airflow/example_dags/example_task_group.py for tasks to queue
[2023-01-24T18:24:27.312+0000] {logging_mixin.py:137} INFO - [2023-01-24T18:24:27.312+0000] {dagbag.py:538} INFO - Filling up the DagBag from /home/airflow/.local/lib/python3.7/site-packages/airflow/example_dags/example_task_group.py
[2023-01-24T18:24:27.331+0000] {processor.py:753} INFO - DAG(s) dict_keys(['example_task_group']) retrieved from /home/airflow/.local/lib/python3.7/site-packages/airflow/example_dags/example_task_group.py
[2023-01-24T18:24:27.368+0000] {logging_mixin.py:137} INFO - [2023-01-24T18:24:27.368+0000] {dag.py:2690} INFO - Sync 1 DAGs
[2023-01-24T18:24:27.403+0000] {logging_mixin.py:137} INFO - [2023-01-24T18:24:27.403+0000] {dag.py:3441} INFO - Setting next_dagrun for example_task_group to 2023-01-23T18:24:27.402724+00:00, run_after=2023-01-24T18:24:27.402724+00:00
[2023-01-24T18:24:27.431+0000] {processor.py:175} INFO - Processing /home/airflow/.local/lib/python3.7/site-packages/airflow/example_dags/example_task_group.py took 0.125 seconds
[2023-01-24T18:24:57.704+0000] {processor.py:153} INFO - Started process (PID=2837) to work on /home/airflow/.local/lib/python3.7/site-packages/airflow/example_dags/example_task_group.py
[2023-01-24T18:24:57.705+0000] {processor.py:743} INFO - Processing file /home/airflow/.local/lib/python3.7/site-packages/airflow/example_dags/example_task_group.py for tasks to queue
[2023-01-24T18:24:57.706+0000] {logging_mixin.py:137} INFO - [2023-01-24T18:24:57.706+0000] {dagbag.py:538} INFO - Filling up the DagBag from /home/airflow/.local/lib/python3.7/site-packages/airflow/example_dags/example_task_group.py
[2023-01-24T18:24:57.731+0000] {processor.py:753} INFO - DAG(s) dict_keys(['example_task_group']) retrieved from /home/airflow/.local/lib/python3.7/site-packages/airflow/example_dags/example_task_group.py
[2023-01-24T18:24:57.804+0000] {logging_mixin.py:137} INFO - [2023-01-24T18:24:57.804+0000] {dag.py:2690} INFO - Sync 1 DAGs
[2023-01-24T18:24:57.849+0000] {logging_mixin.py:137} INFO - [2023-01-24T18:24:57.849+0000] {dag.py:3441} INFO - Setting next_dagrun for example_task_group to 2023-01-23T18:24:57.848831+00:00, run_after=2023-01-24T18:24:57.848831+00:00
[2023-01-24T18:24:57.882+0000] {processor.py:175} INFO - Processing /home/airflow/.local/lib/python3.7/site-packages/airflow/example_dags/example_task_group.py took 0.185 seconds
[2023-01-24T18:25:28.299+0000] {processor.py:153} INFO - Started process (PID=2915) to work on /home/airflow/.local/lib/python3.7/site-packages/airflow/example_dags/example_task_group.py
[2023-01-24T18:25:28.301+0000] {processor.py:743} INFO - Processing file /home/airflow/.local/lib/python3.7/site-packages/airflow/example_dags/example_task_group.py for tasks to queue
[2023-01-24T18:25:28.301+0000] {logging_mixin.py:137} INFO - [2023-01-24T18:25:28.301+0000] {dagbag.py:538} INFO - Filling up the DagBag from /home/airflow/.local/lib/python3.7/site-packages/airflow/example_dags/example_task_group.py
[2023-01-24T18:25:28.343+0000] {processor.py:753} INFO - DAG(s) dict_keys(['example_task_group']) retrieved from /home/airflow/.local/lib/python3.7/site-packages/airflow/example_dags/example_task_group.py
[2023-01-24T18:25:28.393+0000] {logging_mixin.py:137} INFO - [2023-01-24T18:25:28.393+0000] {dag.py:2690} INFO - Sync 1 DAGs
[2023-01-24T18:25:28.433+0000] {logging_mixin.py:137} INFO - [2023-01-24T18:25:28.432+0000] {dag.py:3441} INFO - Setting next_dagrun for example_task_group to 2023-01-23T18:25:28.432386+00:00, run_after=2023-01-24T18:25:28.432386+00:00
[2023-01-24T18:25:28.468+0000] {processor.py:175} INFO - Processing /home/airflow/.local/lib/python3.7/site-packages/airflow/example_dags/example_task_group.py took 0.192 seconds
[2023-01-24T18:25:58.657+0000] {processor.py:153} INFO - Started process (PID=2980) to work on /home/airflow/.local/lib/python3.7/site-packages/airflow/example_dags/example_task_group.py
[2023-01-24T18:25:58.658+0000] {processor.py:743} INFO - Processing file /home/airflow/.local/lib/python3.7/site-packages/airflow/example_dags/example_task_group.py for tasks to queue
[2023-01-24T18:25:58.660+0000] {logging_mixin.py:137} INFO - [2023-01-24T18:25:58.659+0000] {dagbag.py:538} INFO - Filling up the DagBag from /home/airflow/.local/lib/python3.7/site-packages/airflow/example_dags/example_task_group.py
[2023-01-24T18:25:58.683+0000] {processor.py:753} INFO - DAG(s) dict_keys(['example_task_group']) retrieved from /home/airflow/.local/lib/python3.7/site-packages/airflow/example_dags/example_task_group.py
[2023-01-24T18:25:58.710+0000] {logging_mixin.py:137} INFO - [2023-01-24T18:25:58.710+0000] {dag.py:2690} INFO - Sync 1 DAGs
[2023-01-24T18:25:58.737+0000] {logging_mixin.py:137} INFO - [2023-01-24T18:25:58.736+0000] {dag.py:3441} INFO - Setting next_dagrun for example_task_group to 2023-01-23T18:25:58.736631+00:00, run_after=2023-01-24T18:25:58.736631+00:00
[2023-01-24T18:25:58.771+0000] {processor.py:175} INFO - Processing /home/airflow/.local/lib/python3.7/site-packages/airflow/example_dags/example_task_group.py took 0.119 seconds
[2023-01-24T18:26:29.170+0000] {processor.py:153} INFO - Started process (PID=3045) to work on /home/airflow/.local/lib/python3.7/site-packages/airflow/example_dags/example_task_group.py
[2023-01-24T18:26:29.171+0000] {processor.py:743} INFO - Processing file /home/airflow/.local/lib/python3.7/site-packages/airflow/example_dags/example_task_group.py for tasks to queue
[2023-01-24T18:26:29.172+0000] {logging_mixin.py:137} INFO - [2023-01-24T18:26:29.172+0000] {dagbag.py:538} INFO - Filling up the DagBag from /home/airflow/.local/lib/python3.7/site-packages/airflow/example_dags/example_task_group.py
[2023-01-24T18:26:29.190+0000] {processor.py:753} INFO - DAG(s) dict_keys(['example_task_group']) retrieved from /home/airflow/.local/lib/python3.7/site-packages/airflow/example_dags/example_task_group.py
[2023-01-24T18:26:29.223+0000] {logging_mixin.py:137} INFO - [2023-01-24T18:26:29.223+0000] {dag.py:2690} INFO - Sync 1 DAGs
[2023-01-24T18:26:29.260+0000] {logging_mixin.py:137} INFO - [2023-01-24T18:26:29.259+0000] {dag.py:3441} INFO - Setting next_dagrun for example_task_group to 2023-01-23T18:26:29.259576+00:00, run_after=2023-01-24T18:26:29.259576+00:00
[2023-01-24T18:26:29.288+0000] {processor.py:175} INFO - Processing /home/airflow/.local/lib/python3.7/site-packages/airflow/example_dags/example_task_group.py took 0.122 seconds
[2023-01-24T18:26:59.609+0000] {processor.py:153} INFO - Started process (PID=3121) to work on /home/airflow/.local/lib/python3.7/site-packages/airflow/example_dags/example_task_group.py
[2023-01-24T18:26:59.610+0000] {processor.py:743} INFO - Processing file /home/airflow/.local/lib/python3.7/site-packages/airflow/example_dags/example_task_group.py for tasks to queue
[2023-01-24T18:26:59.611+0000] {logging_mixin.py:137} INFO - [2023-01-24T18:26:59.611+0000] {dagbag.py:538} INFO - Filling up the DagBag from /home/airflow/.local/lib/python3.7/site-packages/airflow/example_dags/example_task_group.py
[2023-01-24T18:26:59.635+0000] {processor.py:753} INFO - DAG(s) dict_keys(['example_task_group']) retrieved from /home/airflow/.local/lib/python3.7/site-packages/airflow/example_dags/example_task_group.py
[2023-01-24T18:26:59.670+0000] {logging_mixin.py:137} INFO - [2023-01-24T18:26:59.670+0000] {dag.py:2690} INFO - Sync 1 DAGs
[2023-01-24T18:26:59.705+0000] {logging_mixin.py:137} INFO - [2023-01-24T18:26:59.705+0000] {dag.py:3441} INFO - Setting next_dagrun for example_task_group to 2023-01-23T18:26:59.704933+00:00, run_after=2023-01-24T18:26:59.704933+00:00
[2023-01-24T18:26:59.732+0000] {processor.py:175} INFO - Processing /home/airflow/.local/lib/python3.7/site-packages/airflow/example_dags/example_task_group.py took 0.127 seconds
[2023-01-24T18:27:30.725+0000] {processor.py:153} INFO - Started process (PID=3185) to work on /home/airflow/.local/lib/python3.7/site-packages/airflow/example_dags/example_task_group.py
[2023-01-24T18:27:30.726+0000] {processor.py:743} INFO - Processing file /home/airflow/.local/lib/python3.7/site-packages/airflow/example_dags/example_task_group.py for tasks to queue
[2023-01-24T18:27:30.727+0000] {logging_mixin.py:137} INFO - [2023-01-24T18:27:30.727+0000] {dagbag.py:538} INFO - Filling up the DagBag from /home/airflow/.local/lib/python3.7/site-packages/airflow/example_dags/example_task_group.py
[2023-01-24T18:27:30.743+0000] {processor.py:753} INFO - DAG(s) dict_keys(['example_task_group']) retrieved from /home/airflow/.local/lib/python3.7/site-packages/airflow/example_dags/example_task_group.py
[2023-01-24T18:27:30.776+0000] {logging_mixin.py:137} INFO - [2023-01-24T18:27:30.776+0000] {dag.py:2690} INFO - Sync 1 DAGs
[2023-01-24T18:27:30.810+0000] {logging_mixin.py:137} INFO - [2023-01-24T18:27:30.810+0000] {dag.py:3441} INFO - Setting next_dagrun for example_task_group to 2023-01-23T18:27:30.809939+00:00, run_after=2023-01-24T18:27:30.809939+00:00
[2023-01-24T18:27:30.858+0000] {processor.py:175} INFO - Processing /home/airflow/.local/lib/python3.7/site-packages/airflow/example_dags/example_task_group.py took 0.137 seconds
[2023-01-24T18:28:01.538+0000] {processor.py:153} INFO - Started process (PID=3260) to work on /home/airflow/.local/lib/python3.7/site-packages/airflow/example_dags/example_task_group.py
[2023-01-24T18:28:01.539+0000] {processor.py:743} INFO - Processing file /home/airflow/.local/lib/python3.7/site-packages/airflow/example_dags/example_task_group.py for tasks to queue
[2023-01-24T18:28:01.540+0000] {logging_mixin.py:137} INFO - [2023-01-24T18:28:01.539+0000] {dagbag.py:538} INFO - Filling up the DagBag from /home/airflow/.local/lib/python3.7/site-packages/airflow/example_dags/example_task_group.py
[2023-01-24T18:28:01.563+0000] {processor.py:753} INFO - DAG(s) dict_keys(['example_task_group']) retrieved from /home/airflow/.local/lib/python3.7/site-packages/airflow/example_dags/example_task_group.py
[2023-01-24T18:28:01.602+0000] {logging_mixin.py:137} INFO - [2023-01-24T18:28:01.602+0000] {dag.py:2690} INFO - Sync 1 DAGs
[2023-01-24T18:28:01.641+0000] {logging_mixin.py:137} INFO - [2023-01-24T18:28:01.640+0000] {dag.py:3441} INFO - Setting next_dagrun for example_task_group to 2023-01-23T18:28:01.640649+00:00, run_after=2023-01-24T18:28:01.640649+00:00
[2023-01-24T18:28:01.673+0000] {processor.py:175} INFO - Processing /home/airflow/.local/lib/python3.7/site-packages/airflow/example_dags/example_task_group.py took 0.140 seconds
[2023-01-24T18:28:32.508+0000] {processor.py:153} INFO - Started process (PID=3324) to work on /home/airflow/.local/lib/python3.7/site-packages/airflow/example_dags/example_task_group.py
[2023-01-24T18:28:32.509+0000] {processor.py:743} INFO - Processing file /home/airflow/.local/lib/python3.7/site-packages/airflow/example_dags/example_task_group.py for tasks to queue
[2023-01-24T18:28:32.510+0000] {logging_mixin.py:137} INFO - [2023-01-24T18:28:32.510+0000] {dagbag.py:538} INFO - Filling up the DagBag from /home/airflow/.local/lib/python3.7/site-packages/airflow/example_dags/example_task_group.py
[2023-01-24T18:28:32.529+0000] {processor.py:753} INFO - DAG(s) dict_keys(['example_task_group']) retrieved from /home/airflow/.local/lib/python3.7/site-packages/airflow/example_dags/example_task_group.py
[2023-01-24T18:28:32.557+0000] {logging_mixin.py:137} INFO - [2023-01-24T18:28:32.557+0000] {dag.py:2690} INFO - Sync 1 DAGs
[2023-01-24T18:28:32.585+0000] {logging_mixin.py:137} INFO - [2023-01-24T18:28:32.585+0000] {dag.py:3441} INFO - Setting next_dagrun for example_task_group to 2023-01-23T18:28:32.585387+00:00, run_after=2023-01-24T18:28:32.585387+00:00
[2023-01-24T18:28:32.612+0000] {processor.py:175} INFO - Processing /home/airflow/.local/lib/python3.7/site-packages/airflow/example_dags/example_task_group.py took 0.108 seconds
[2023-01-24T18:29:02.952+0000] {processor.py:153} INFO - Started process (PID=3388) to work on /home/airflow/.local/lib/python3.7/site-packages/airflow/example_dags/example_task_group.py
[2023-01-24T18:29:02.954+0000] {processor.py:743} INFO - Processing file /home/airflow/.local/lib/python3.7/site-packages/airflow/example_dags/example_task_group.py for tasks to queue
[2023-01-24T18:29:02.955+0000] {logging_mixin.py:137} INFO - [2023-01-24T18:29:02.955+0000] {dagbag.py:538} INFO - Filling up the DagBag from /home/airflow/.local/lib/python3.7/site-packages/airflow/example_dags/example_task_group.py
[2023-01-24T18:29:02.977+0000] {processor.py:753} INFO - DAG(s) dict_keys(['example_task_group']) retrieved from /home/airflow/.local/lib/python3.7/site-packages/airflow/example_dags/example_task_group.py
[2023-01-24T18:29:03.003+0000] {logging_mixin.py:137} INFO - [2023-01-24T18:29:03.002+0000] {dag.py:2690} INFO - Sync 1 DAGs
[2023-01-24T18:29:03.028+0000] {logging_mixin.py:137} INFO - [2023-01-24T18:29:03.028+0000] {dag.py:3441} INFO - Setting next_dagrun for example_task_group to 2023-01-23T18:29:03.028381+00:00, run_after=2023-01-24T18:29:03.028381+00:00
[2023-01-24T18:29:03.056+0000] {processor.py:175} INFO - Processing /home/airflow/.local/lib/python3.7/site-packages/airflow/example_dags/example_task_group.py took 0.108 seconds
[2023-01-24T18:29:33.121+0000] {processor.py:153} INFO - Started process (PID=3465) to work on /home/airflow/.local/lib/python3.7/site-packages/airflow/example_dags/example_task_group.py
[2023-01-24T18:29:33.122+0000] {processor.py:743} INFO - Processing file /home/airflow/.local/lib/python3.7/site-packages/airflow/example_dags/example_task_group.py for tasks to queue
[2023-01-24T18:29:33.123+0000] {logging_mixin.py:137} INFO - [2023-01-24T18:29:33.122+0000] {dagbag.py:538} INFO - Filling up the DagBag from /home/airflow/.local/lib/python3.7/site-packages/airflow/example_dags/example_task_group.py
[2023-01-24T18:29:33.142+0000] {processor.py:753} INFO - DAG(s) dict_keys(['example_task_group']) retrieved from /home/airflow/.local/lib/python3.7/site-packages/airflow/example_dags/example_task_group.py
[2023-01-24T18:29:33.176+0000] {logging_mixin.py:137} INFO - [2023-01-24T18:29:33.176+0000] {dag.py:2690} INFO - Sync 1 DAGs
[2023-01-24T18:29:33.214+0000] {logging_mixin.py:137} INFO - [2023-01-24T18:29:33.213+0000] {dag.py:3441} INFO - Setting next_dagrun for example_task_group to 2023-01-23T18:29:33.212803+00:00, run_after=2023-01-24T18:29:33.212803+00:00
[2023-01-24T18:29:33.270+0000] {processor.py:175} INFO - Processing /home/airflow/.local/lib/python3.7/site-packages/airflow/example_dags/example_task_group.py took 0.154 seconds
[2023-01-24T18:30:03.408+0000] {processor.py:153} INFO - Started process (PID=3531) to work on /home/airflow/.local/lib/python3.7/site-packages/airflow/example_dags/example_task_group.py
[2023-01-24T18:30:03.409+0000] {processor.py:743} INFO - Processing file /home/airflow/.local/lib/python3.7/site-packages/airflow/example_dags/example_task_group.py for tasks to queue
[2023-01-24T18:30:03.410+0000] {logging_mixin.py:137} INFO - [2023-01-24T18:30:03.410+0000] {dagbag.py:538} INFO - Filling up the DagBag from /home/airflow/.local/lib/python3.7/site-packages/airflow/example_dags/example_task_group.py
[2023-01-24T18:30:03.428+0000] {processor.py:753} INFO - DAG(s) dict_keys(['example_task_group']) retrieved from /home/airflow/.local/lib/python3.7/site-packages/airflow/example_dags/example_task_group.py
[2023-01-24T18:30:03.455+0000] {logging_mixin.py:137} INFO - [2023-01-24T18:30:03.455+0000] {dag.py:2690} INFO - Sync 1 DAGs
[2023-01-24T18:30:03.487+0000] {logging_mixin.py:137} INFO - [2023-01-24T18:30:03.487+0000] {dag.py:3441} INFO - Setting next_dagrun for example_task_group to 2023-01-23T18:30:03.486678+00:00, run_after=2023-01-24T18:30:03.486678+00:00
[2023-01-24T18:30:03.520+0000] {processor.py:175} INFO - Processing /home/airflow/.local/lib/python3.7/site-packages/airflow/example_dags/example_task_group.py took 0.116 seconds
[2023-01-24T18:30:34.304+0000] {processor.py:153} INFO - Started process (PID=3607) to work on /home/airflow/.local/lib/python3.7/site-packages/airflow/example_dags/example_task_group.py
[2023-01-24T18:30:34.306+0000] {processor.py:743} INFO - Processing file /home/airflow/.local/lib/python3.7/site-packages/airflow/example_dags/example_task_group.py for tasks to queue
[2023-01-24T18:30:34.307+0000] {logging_mixin.py:137} INFO - [2023-01-24T18:30:34.307+0000] {dagbag.py:538} INFO - Filling up the DagBag from /home/airflow/.local/lib/python3.7/site-packages/airflow/example_dags/example_task_group.py
[2023-01-24T18:30:34.329+0000] {processor.py:753} INFO - DAG(s) dict_keys(['example_task_group']) retrieved from /home/airflow/.local/lib/python3.7/site-packages/airflow/example_dags/example_task_group.py
[2023-01-24T18:30:34.364+0000] {logging_mixin.py:137} INFO - [2023-01-24T18:30:34.364+0000] {dag.py:2690} INFO - Sync 1 DAGs
[2023-01-24T18:30:34.403+0000] {logging_mixin.py:137} INFO - [2023-01-24T18:30:34.403+0000] {dag.py:3441} INFO - Setting next_dagrun for example_task_group to 2023-01-23T18:30:34.402954+00:00, run_after=2023-01-24T18:30:34.402954+00:00
[2023-01-24T18:30:34.449+0000] {processor.py:175} INFO - Processing /home/airflow/.local/lib/python3.7/site-packages/airflow/example_dags/example_task_group.py took 0.149 seconds
[2023-01-24T18:31:04.480+0000] {processor.py:153} INFO - Started process (PID=3671) to work on /home/airflow/.local/lib/python3.7/site-packages/airflow/example_dags/example_task_group.py
[2023-01-24T18:31:04.481+0000] {processor.py:743} INFO - Processing file /home/airflow/.local/lib/python3.7/site-packages/airflow/example_dags/example_task_group.py for tasks to queue
[2023-01-24T18:31:04.481+0000] {logging_mixin.py:137} INFO - [2023-01-24T18:31:04.481+0000] {dagbag.py:538} INFO - Filling up the DagBag from /home/airflow/.local/lib/python3.7/site-packages/airflow/example_dags/example_task_group.py
[2023-01-24T18:31:04.499+0000] {processor.py:753} INFO - DAG(s) dict_keys(['example_task_group']) retrieved from /home/airflow/.local/lib/python3.7/site-packages/airflow/example_dags/example_task_group.py
[2023-01-24T18:31:04.528+0000] {logging_mixin.py:137} INFO - [2023-01-24T18:31:04.527+0000] {dag.py:2690} INFO - Sync 1 DAGs
[2023-01-24T18:31:04.553+0000] {logging_mixin.py:137} INFO - [2023-01-24T18:31:04.553+0000] {dag.py:3441} INFO - Setting next_dagrun for example_task_group to 2023-01-23T18:31:04.552867+00:00, run_after=2023-01-24T18:31:04.552867+00:00
[2023-01-24T18:31:04.581+0000] {processor.py:175} INFO - Processing /home/airflow/.local/lib/python3.7/site-packages/airflow/example_dags/example_task_group.py took 0.106 seconds
[2023-01-24T18:31:35.087+0000] {processor.py:153} INFO - Started process (PID=3737) to work on /home/airflow/.local/lib/python3.7/site-packages/airflow/example_dags/example_task_group.py
[2023-01-24T18:31:35.089+0000] {processor.py:743} INFO - Processing file /home/airflow/.local/lib/python3.7/site-packages/airflow/example_dags/example_task_group.py for tasks to queue
[2023-01-24T18:31:35.090+0000] {logging_mixin.py:137} INFO - [2023-01-24T18:31:35.089+0000] {dagbag.py:538} INFO - Filling up the DagBag from /home/airflow/.local/lib/python3.7/site-packages/airflow/example_dags/example_task_group.py
[2023-01-24T18:31:35.112+0000] {processor.py:753} INFO - DAG(s) dict_keys(['example_task_group']) retrieved from /home/airflow/.local/lib/python3.7/site-packages/airflow/example_dags/example_task_group.py
[2023-01-24T18:31:35.148+0000] {logging_mixin.py:137} INFO - [2023-01-24T18:31:35.148+0000] {dag.py:2690} INFO - Sync 1 DAGs
[2023-01-24T18:31:35.187+0000] {logging_mixin.py:137} INFO - [2023-01-24T18:31:35.187+0000] {dag.py:3441} INFO - Setting next_dagrun for example_task_group to 2023-01-23T18:31:35.187017+00:00, run_after=2023-01-24T18:31:35.187017+00:00
[2023-01-24T18:31:35.215+0000] {processor.py:175} INFO - Processing /home/airflow/.local/lib/python3.7/site-packages/airflow/example_dags/example_task_group.py took 0.132 seconds
[2023-01-24T18:32:05.341+0000] {processor.py:153} INFO - Started process (PID=3815) to work on /home/airflow/.local/lib/python3.7/site-packages/airflow/example_dags/example_task_group.py
[2023-01-24T18:32:05.342+0000] {processor.py:743} INFO - Processing file /home/airflow/.local/lib/python3.7/site-packages/airflow/example_dags/example_task_group.py for tasks to queue
[2023-01-24T18:32:05.343+0000] {logging_mixin.py:137} INFO - [2023-01-24T18:32:05.343+0000] {dagbag.py:538} INFO - Filling up the DagBag from /home/airflow/.local/lib/python3.7/site-packages/airflow/example_dags/example_task_group.py
[2023-01-24T18:32:05.362+0000] {processor.py:753} INFO - DAG(s) dict_keys(['example_task_group']) retrieved from /home/airflow/.local/lib/python3.7/site-packages/airflow/example_dags/example_task_group.py
[2023-01-24T18:32:05.388+0000] {logging_mixin.py:137} INFO - [2023-01-24T18:32:05.387+0000] {dag.py:2690} INFO - Sync 1 DAGs
[2023-01-24T18:32:05.413+0000] {logging_mixin.py:137} INFO - [2023-01-24T18:32:05.413+0000] {dag.py:3441} INFO - Setting next_dagrun for example_task_group to 2023-01-23T18:32:05.413518+00:00, run_after=2023-01-24T18:32:05.413518+00:00
[2023-01-24T18:32:05.447+0000] {processor.py:175} INFO - Processing /home/airflow/.local/lib/python3.7/site-packages/airflow/example_dags/example_task_group.py took 0.111 seconds
[2023-01-24T18:32:35.957+0000] {processor.py:153} INFO - Started process (PID=3880) to work on /home/airflow/.local/lib/python3.7/site-packages/airflow/example_dags/example_task_group.py
[2023-01-24T18:32:35.958+0000] {processor.py:743} INFO - Processing file /home/airflow/.local/lib/python3.7/site-packages/airflow/example_dags/example_task_group.py for tasks to queue
[2023-01-24T18:32:35.959+0000] {logging_mixin.py:137} INFO - [2023-01-24T18:32:35.959+0000] {dagbag.py:538} INFO - Filling up the DagBag from /home/airflow/.local/lib/python3.7/site-packages/airflow/example_dags/example_task_group.py
[2023-01-24T18:32:35.983+0000] {processor.py:753} INFO - DAG(s) dict_keys(['example_task_group']) retrieved from /home/airflow/.local/lib/python3.7/site-packages/airflow/example_dags/example_task_group.py
[2023-01-24T18:32:36.008+0000] {logging_mixin.py:137} INFO - [2023-01-24T18:32:36.008+0000] {dag.py:2690} INFO - Sync 1 DAGs
[2023-01-24T18:32:36.033+0000] {logging_mixin.py:137} INFO - [2023-01-24T18:32:36.033+0000] {dag.py:3441} INFO - Setting next_dagrun for example_task_group to 2023-01-23T18:32:36.033342+00:00, run_after=2023-01-24T18:32:36.033342+00:00
[2023-01-24T18:32:36.063+0000] {processor.py:175} INFO - Processing /home/airflow/.local/lib/python3.7/site-packages/airflow/example_dags/example_task_group.py took 0.112 seconds
[2023-01-24T18:33:06.540+0000] {processor.py:153} INFO - Started process (PID=3956) to work on /home/airflow/.local/lib/python3.7/site-packages/airflow/example_dags/example_task_group.py
[2023-01-24T18:33:06.541+0000] {processor.py:743} INFO - Processing file /home/airflow/.local/lib/python3.7/site-packages/airflow/example_dags/example_task_group.py for tasks to queue
[2023-01-24T18:33:06.542+0000] {logging_mixin.py:137} INFO - [2023-01-24T18:33:06.542+0000] {dagbag.py:538} INFO - Filling up the DagBag from /home/airflow/.local/lib/python3.7/site-packages/airflow/example_dags/example_task_group.py
[2023-01-24T18:33:06.559+0000] {processor.py:753} INFO - DAG(s) dict_keys(['example_task_group']) retrieved from /home/airflow/.local/lib/python3.7/site-packages/airflow/example_dags/example_task_group.py
[2023-01-24T18:33:06.585+0000] {logging_mixin.py:137} INFO - [2023-01-24T18:33:06.585+0000] {dag.py:2690} INFO - Sync 1 DAGs
[2023-01-24T18:33:06.612+0000] {logging_mixin.py:137} INFO - [2023-01-24T18:33:06.612+0000] {dag.py:3441} INFO - Setting next_dagrun for example_task_group to 2023-01-23T18:33:06.612196+00:00, run_after=2023-01-24T18:33:06.612196+00:00
[2023-01-24T18:33:06.642+0000] {processor.py:175} INFO - Processing /home/airflow/.local/lib/python3.7/site-packages/airflow/example_dags/example_task_group.py took 0.106 seconds
[2023-01-24T18:33:36.827+0000] {processor.py:153} INFO - Started process (PID=4022) to work on /home/airflow/.local/lib/python3.7/site-packages/airflow/example_dags/example_task_group.py
[2023-01-24T18:33:36.828+0000] {processor.py:743} INFO - Processing file /home/airflow/.local/lib/python3.7/site-packages/airflow/example_dags/example_task_group.py for tasks to queue
[2023-01-24T18:33:36.829+0000] {logging_mixin.py:137} INFO - [2023-01-24T18:33:36.828+0000] {dagbag.py:538} INFO - Filling up the DagBag from /home/airflow/.local/lib/python3.7/site-packages/airflow/example_dags/example_task_group.py
[2023-01-24T18:33:36.848+0000] {processor.py:753} INFO - DAG(s) dict_keys(['example_task_group']) retrieved from /home/airflow/.local/lib/python3.7/site-packages/airflow/example_dags/example_task_group.py
[2023-01-24T18:33:36.876+0000] {logging_mixin.py:137} INFO - [2023-01-24T18:33:36.876+0000] {dag.py:2690} INFO - Sync 1 DAGs
[2023-01-24T18:33:36.904+0000] {logging_mixin.py:137} INFO - [2023-01-24T18:33:36.904+0000] {dag.py:3441} INFO - Setting next_dagrun for example_task_group to 2023-01-23T18:33:36.904323+00:00, run_after=2023-01-24T18:33:36.904323+00:00
[2023-01-24T18:33:36.930+0000] {processor.py:175} INFO - Processing /home/airflow/.local/lib/python3.7/site-packages/airflow/example_dags/example_task_group.py took 0.108 seconds
[2023-01-24T18:34:07.466+0000] {processor.py:153} INFO - Started process (PID=4096) to work on /home/airflow/.local/lib/python3.7/site-packages/airflow/example_dags/example_task_group.py
[2023-01-24T18:34:07.467+0000] {processor.py:743} INFO - Processing file /home/airflow/.local/lib/python3.7/site-packages/airflow/example_dags/example_task_group.py for tasks to queue
[2023-01-24T18:34:07.468+0000] {logging_mixin.py:137} INFO - [2023-01-24T18:34:07.468+0000] {dagbag.py:538} INFO - Filling up the DagBag from /home/airflow/.local/lib/python3.7/site-packages/airflow/example_dags/example_task_group.py
[2023-01-24T18:34:07.510+0000] {processor.py:753} INFO - DAG(s) dict_keys(['example_task_group']) retrieved from /home/airflow/.local/lib/python3.7/site-packages/airflow/example_dags/example_task_group.py
[2023-01-24T18:34:07.544+0000] {logging_mixin.py:137} INFO - [2023-01-24T18:34:07.544+0000] {dag.py:2690} INFO - Sync 1 DAGs
[2023-01-24T18:34:07.572+0000] {logging_mixin.py:137} INFO - [2023-01-24T18:34:07.572+0000] {dag.py:3441} INFO - Setting next_dagrun for example_task_group to 2023-01-23T18:34:07.571739+00:00, run_after=2023-01-24T18:34:07.571739+00:00
[2023-01-24T18:34:07.600+0000] {processor.py:175} INFO - Processing /home/airflow/.local/lib/python3.7/site-packages/airflow/example_dags/example_task_group.py took 0.141 seconds
[2023-01-24T18:34:37.699+0000] {processor.py:153} INFO - Started process (PID=4164) to work on /home/airflow/.local/lib/python3.7/site-packages/airflow/example_dags/example_task_group.py
[2023-01-24T18:34:37.700+0000] {processor.py:743} INFO - Processing file /home/airflow/.local/lib/python3.7/site-packages/airflow/example_dags/example_task_group.py for tasks to queue
[2023-01-24T18:34:37.701+0000] {logging_mixin.py:137} INFO - [2023-01-24T18:34:37.701+0000] {dagbag.py:538} INFO - Filling up the DagBag from /home/airflow/.local/lib/python3.7/site-packages/airflow/example_dags/example_task_group.py
[2023-01-24T18:34:37.720+0000] {processor.py:753} INFO - DAG(s) dict_keys(['example_task_group']) retrieved from /home/airflow/.local/lib/python3.7/site-packages/airflow/example_dags/example_task_group.py
[2023-01-24T18:34:37.752+0000] {logging_mixin.py:137} INFO - [2023-01-24T18:34:37.752+0000] {dag.py:2690} INFO - Sync 1 DAGs
[2023-01-24T18:34:37.788+0000] {logging_mixin.py:137} INFO - [2023-01-24T18:34:37.788+0000] {dag.py:3441} INFO - Setting next_dagrun for example_task_group to 2023-01-23T18:34:37.788080+00:00, run_after=2023-01-24T18:34:37.788080+00:00
[2023-01-24T18:34:37.817+0000] {processor.py:175} INFO - Processing /home/airflow/.local/lib/python3.7/site-packages/airflow/example_dags/example_task_group.py took 0.123 seconds
[2023-01-24T18:35:08.046+0000] {processor.py:153} INFO - Started process (PID=4228) to work on /home/airflow/.local/lib/python3.7/site-packages/airflow/example_dags/example_task_group.py
[2023-01-24T18:35:08.047+0000] {processor.py:743} INFO - Processing file /home/airflow/.local/lib/python3.7/site-packages/airflow/example_dags/example_task_group.py for tasks to queue
[2023-01-24T18:35:08.048+0000] {logging_mixin.py:137} INFO - [2023-01-24T18:35:08.048+0000] {dagbag.py:538} INFO - Filling up the DagBag from /home/airflow/.local/lib/python3.7/site-packages/airflow/example_dags/example_task_group.py
[2023-01-24T18:35:08.070+0000] {processor.py:753} INFO - DAG(s) dict_keys(['example_task_group']) retrieved from /home/airflow/.local/lib/python3.7/site-packages/airflow/example_dags/example_task_group.py
[2023-01-24T18:35:08.107+0000] {logging_mixin.py:137} INFO - [2023-01-24T18:35:08.101+0000] {dag.py:2690} INFO - Sync 1 DAGs
[2023-01-24T18:35:08.141+0000] {logging_mixin.py:137} INFO - [2023-01-24T18:35:08.141+0000] {dag.py:3441} INFO - Setting next_dagrun for example_task_group to 2023-01-23T18:35:08.140991+00:00, run_after=2023-01-24T18:35:08.140991+00:00
[2023-01-24T18:35:08.179+0000] {processor.py:175} INFO - Processing /home/airflow/.local/lib/python3.7/site-packages/airflow/example_dags/example_task_group.py took 0.138 seconds
[2023-01-24T18:35:38.612+0000] {processor.py:153} INFO - Started process (PID=4303) to work on /home/airflow/.local/lib/python3.7/site-packages/airflow/example_dags/example_task_group.py
[2023-01-24T18:35:38.613+0000] {processor.py:743} INFO - Processing file /home/airflow/.local/lib/python3.7/site-packages/airflow/example_dags/example_task_group.py for tasks to queue
[2023-01-24T18:35:38.614+0000] {logging_mixin.py:137} INFO - [2023-01-24T18:35:38.614+0000] {dagbag.py:538} INFO - Filling up the DagBag from /home/airflow/.local/lib/python3.7/site-packages/airflow/example_dags/example_task_group.py
[2023-01-24T18:35:38.638+0000] {processor.py:753} INFO - DAG(s) dict_keys(['example_task_group']) retrieved from /home/airflow/.local/lib/python3.7/site-packages/airflow/example_dags/example_task_group.py
[2023-01-24T18:35:38.674+0000] {logging_mixin.py:137} INFO - [2023-01-24T18:35:38.673+0000] {dag.py:2690} INFO - Sync 1 DAGs
[2023-01-24T18:35:38.702+0000] {logging_mixin.py:137} INFO - [2023-01-24T18:35:38.702+0000] {dag.py:3441} INFO - Setting next_dagrun for example_task_group to 2023-01-23T18:35:38.702548+00:00, run_after=2023-01-24T18:35:38.702548+00:00
[2023-01-24T18:35:38.753+0000] {processor.py:175} INFO - Processing /home/airflow/.local/lib/python3.7/site-packages/airflow/example_dags/example_task_group.py took 0.146 seconds
[2023-01-24T18:36:08.959+0000] {processor.py:153} INFO - Started process (PID=4367) to work on /home/airflow/.local/lib/python3.7/site-packages/airflow/example_dags/example_task_group.py
[2023-01-24T18:36:08.960+0000] {processor.py:743} INFO - Processing file /home/airflow/.local/lib/python3.7/site-packages/airflow/example_dags/example_task_group.py for tasks to queue
[2023-01-24T18:36:08.961+0000] {logging_mixin.py:137} INFO - [2023-01-24T18:36:08.961+0000] {dagbag.py:538} INFO - Filling up the DagBag from /home/airflow/.local/lib/python3.7/site-packages/airflow/example_dags/example_task_group.py
[2023-01-24T18:36:08.978+0000] {processor.py:753} INFO - DAG(s) dict_keys(['example_task_group']) retrieved from /home/airflow/.local/lib/python3.7/site-packages/airflow/example_dags/example_task_group.py
[2023-01-24T18:36:09.005+0000] {logging_mixin.py:137} INFO - [2023-01-24T18:36:09.005+0000] {dag.py:2690} INFO - Sync 1 DAGs
[2023-01-24T18:36:09.035+0000] {logging_mixin.py:137} INFO - [2023-01-24T18:36:09.035+0000] {dag.py:3441} INFO - Setting next_dagrun for example_task_group to 2023-01-23T18:36:09.035053+00:00, run_after=2023-01-24T18:36:09.035053+00:00
[2023-01-24T18:36:09.063+0000] {processor.py:175} INFO - Processing /home/airflow/.local/lib/python3.7/site-packages/airflow/example_dags/example_task_group.py took 0.109 seconds
[2023-01-24T18:36:39.648+0000] {processor.py:153} INFO - Started process (PID=4441) to work on /home/airflow/.local/lib/python3.7/site-packages/airflow/example_dags/example_task_group.py
[2023-01-24T18:36:39.653+0000] {processor.py:743} INFO - Processing file /home/airflow/.local/lib/python3.7/site-packages/airflow/example_dags/example_task_group.py for tasks to queue
[2023-01-24T18:36:39.654+0000] {logging_mixin.py:137} INFO - [2023-01-24T18:36:39.654+0000] {dagbag.py:538} INFO - Filling up the DagBag from /home/airflow/.local/lib/python3.7/site-packages/airflow/example_dags/example_task_group.py
[2023-01-24T18:36:39.678+0000] {processor.py:753} INFO - DAG(s) dict_keys(['example_task_group']) retrieved from /home/airflow/.local/lib/python3.7/site-packages/airflow/example_dags/example_task_group.py
[2023-01-24T18:36:39.715+0000] {logging_mixin.py:137} INFO - [2023-01-24T18:36:39.714+0000] {dag.py:2690} INFO - Sync 1 DAGs
[2023-01-24T18:36:39.754+0000] {logging_mixin.py:137} INFO - [2023-01-24T18:36:39.754+0000] {dag.py:3441} INFO - Setting next_dagrun for example_task_group to 2023-01-23T18:36:39.754330+00:00, run_after=2023-01-24T18:36:39.754330+00:00
[2023-01-24T18:36:39.791+0000] {processor.py:175} INFO - Processing /home/airflow/.local/lib/python3.7/site-packages/airflow/example_dags/example_task_group.py took 0.154 seconds
[2023-01-24T18:37:10.029+0000] {processor.py:153} INFO - Started process (PID=4508) to work on /home/airflow/.local/lib/python3.7/site-packages/airflow/example_dags/example_task_group.py
[2023-01-24T18:37:10.030+0000] {processor.py:743} INFO - Processing file /home/airflow/.local/lib/python3.7/site-packages/airflow/example_dags/example_task_group.py for tasks to queue
[2023-01-24T18:37:10.031+0000] {logging_mixin.py:137} INFO - [2023-01-24T18:37:10.030+0000] {dagbag.py:538} INFO - Filling up the DagBag from /home/airflow/.local/lib/python3.7/site-packages/airflow/example_dags/example_task_group.py
[2023-01-24T18:37:10.050+0000] {processor.py:753} INFO - DAG(s) dict_keys(['example_task_group']) retrieved from /home/airflow/.local/lib/python3.7/site-packages/airflow/example_dags/example_task_group.py
[2023-01-24T18:37:10.083+0000] {logging_mixin.py:137} INFO - [2023-01-24T18:37:10.083+0000] {dag.py:2690} INFO - Sync 1 DAGs
[2023-01-24T18:37:10.116+0000] {logging_mixin.py:137} INFO - [2023-01-24T18:37:10.116+0000] {dag.py:3441} INFO - Setting next_dagrun for example_task_group to 2023-01-23T18:37:10.116083+00:00, run_after=2023-01-24T18:37:10.116083+00:00
[2023-01-24T18:37:10.145+0000] {processor.py:175} INFO - Processing /home/airflow/.local/lib/python3.7/site-packages/airflow/example_dags/example_task_group.py took 0.122 seconds
