[2023-01-24T18:04:07.772+0000] {processor.py:153} INFO - Started process (PID=66) to work on /home/airflow/.local/lib/python3.7/site-packages/airflow/example_dags/example_xcom.py
[2023-01-24T18:04:07.773+0000] {processor.py:743} INFO - Processing file /home/airflow/.local/lib/python3.7/site-packages/airflow/example_dags/example_xcom.py for tasks to queue
[2023-01-24T18:04:07.774+0000] {logging_mixin.py:137} INFO - [2023-01-24T18:04:07.774+0000] {dagbag.py:538} INFO - Filling up the DagBag from /home/airflow/.local/lib/python3.7/site-packages/airflow/example_dags/example_xcom.py
[2023-01-24T18:04:07.812+0000] {processor.py:753} INFO - DAG(s) dict_keys(['example_xcom']) retrieved from /home/airflow/.local/lib/python3.7/site-packages/airflow/example_dags/example_xcom.py
[2023-01-24T18:04:07.854+0000] {logging_mixin.py:137} INFO - [2023-01-24T18:04:07.854+0000] {dag.py:2690} INFO - Sync 1 DAGs
[2023-01-24T18:04:07.891+0000] {logging_mixin.py:137} INFO - [2023-01-24T18:04:07.891+0000] {dag.py:3441} INFO - Setting next_dagrun for example_xcom to 2021-01-01T00:00:00+00:00, run_after=2021-01-01T00:00:00+00:00
[2023-01-24T18:04:07.939+0000] {processor.py:175} INFO - Processing /home/airflow/.local/lib/python3.7/site-packages/airflow/example_dags/example_xcom.py took 0.172 seconds
[2023-01-24T18:04:38.010+0000] {processor.py:153} INFO - Started process (PID=130) to work on /home/airflow/.local/lib/python3.7/site-packages/airflow/example_dags/example_xcom.py
[2023-01-24T18:04:38.011+0000] {processor.py:743} INFO - Processing file /home/airflow/.local/lib/python3.7/site-packages/airflow/example_dags/example_xcom.py for tasks to queue
[2023-01-24T18:04:38.012+0000] {logging_mixin.py:137} INFO - [2023-01-24T18:04:38.011+0000] {dagbag.py:538} INFO - Filling up the DagBag from /home/airflow/.local/lib/python3.7/site-packages/airflow/example_dags/example_xcom.py
[2023-01-24T18:04:38.038+0000] {processor.py:753} INFO - DAG(s) dict_keys(['example_xcom']) retrieved from /home/airflow/.local/lib/python3.7/site-packages/airflow/example_dags/example_xcom.py
[2023-01-24T18:04:38.073+0000] {logging_mixin.py:137} INFO - [2023-01-24T18:04:38.073+0000] {dag.py:2690} INFO - Sync 1 DAGs
[2023-01-24T18:04:38.111+0000] {logging_mixin.py:137} INFO - [2023-01-24T18:04:38.111+0000] {dag.py:3441} INFO - Setting next_dagrun for example_xcom to 2021-01-01T00:00:00+00:00, run_after=2021-01-01T00:00:00+00:00
[2023-01-24T18:04:38.142+0000] {processor.py:175} INFO - Processing /home/airflow/.local/lib/python3.7/site-packages/airflow/example_dags/example_xcom.py took 0.137 seconds
[2023-01-24T18:05:08.490+0000] {processor.py:153} INFO - Started process (PID=193) to work on /home/airflow/.local/lib/python3.7/site-packages/airflow/example_dags/example_xcom.py
[2023-01-24T18:05:08.491+0000] {processor.py:743} INFO - Processing file /home/airflow/.local/lib/python3.7/site-packages/airflow/example_dags/example_xcom.py for tasks to queue
[2023-01-24T18:05:08.493+0000] {logging_mixin.py:137} INFO - [2023-01-24T18:05:08.493+0000] {dagbag.py:538} INFO - Filling up the DagBag from /home/airflow/.local/lib/python3.7/site-packages/airflow/example_dags/example_xcom.py
[2023-01-24T18:05:08.528+0000] {processor.py:753} INFO - DAG(s) dict_keys(['example_xcom']) retrieved from /home/airflow/.local/lib/python3.7/site-packages/airflow/example_dags/example_xcom.py
[2023-01-24T18:05:08.566+0000] {logging_mixin.py:137} INFO - [2023-01-24T18:05:08.566+0000] {dag.py:2690} INFO - Sync 1 DAGs
[2023-01-24T18:05:08.616+0000] {logging_mixin.py:137} INFO - [2023-01-24T18:05:08.615+0000] {dag.py:3441} INFO - Setting next_dagrun for example_xcom to 2021-01-01T00:00:00+00:00, run_after=2021-01-01T00:00:00+00:00
[2023-01-24T18:05:08.666+0000] {processor.py:175} INFO - Processing /home/airflow/.local/lib/python3.7/site-packages/airflow/example_dags/example_xcom.py took 0.182 seconds
[2023-01-24T18:05:38.983+0000] {processor.py:153} INFO - Started process (PID=268) to work on /home/airflow/.local/lib/python3.7/site-packages/airflow/example_dags/example_xcom.py
[2023-01-24T18:05:38.994+0000] {processor.py:743} INFO - Processing file /home/airflow/.local/lib/python3.7/site-packages/airflow/example_dags/example_xcom.py for tasks to queue
[2023-01-24T18:05:38.995+0000] {logging_mixin.py:137} INFO - [2023-01-24T18:05:38.994+0000] {dagbag.py:538} INFO - Filling up the DagBag from /home/airflow/.local/lib/python3.7/site-packages/airflow/example_dags/example_xcom.py
[2023-01-24T18:05:39.022+0000] {processor.py:753} INFO - DAG(s) dict_keys(['example_xcom']) retrieved from /home/airflow/.local/lib/python3.7/site-packages/airflow/example_dags/example_xcom.py
[2023-01-24T18:05:39.052+0000] {logging_mixin.py:137} INFO - [2023-01-24T18:05:39.052+0000] {dag.py:2690} INFO - Sync 1 DAGs
[2023-01-24T18:05:39.082+0000] {logging_mixin.py:137} INFO - [2023-01-24T18:05:39.081+0000] {dag.py:3441} INFO - Setting next_dagrun for example_xcom to 2021-01-01T00:00:00+00:00, run_after=2021-01-01T00:00:00+00:00
[2023-01-24T18:05:39.118+0000] {processor.py:175} INFO - Processing /home/airflow/.local/lib/python3.7/site-packages/airflow/example_dags/example_xcom.py took 0.140 seconds
[2023-01-24T18:06:10.153+0000] {processor.py:153} INFO - Started process (PID=332) to work on /home/airflow/.local/lib/python3.7/site-packages/airflow/example_dags/example_xcom.py
[2023-01-24T18:06:10.155+0000] {processor.py:743} INFO - Processing file /home/airflow/.local/lib/python3.7/site-packages/airflow/example_dags/example_xcom.py for tasks to queue
[2023-01-24T18:06:10.156+0000] {logging_mixin.py:137} INFO - [2023-01-24T18:06:10.156+0000] {dagbag.py:538} INFO - Filling up the DagBag from /home/airflow/.local/lib/python3.7/site-packages/airflow/example_dags/example_xcom.py
[2023-01-24T18:06:10.197+0000] {processor.py:753} INFO - DAG(s) dict_keys(['example_xcom']) retrieved from /home/airflow/.local/lib/python3.7/site-packages/airflow/example_dags/example_xcom.py
[2023-01-24T18:06:10.238+0000] {logging_mixin.py:137} INFO - [2023-01-24T18:06:10.238+0000] {dag.py:2690} INFO - Sync 1 DAGs
[2023-01-24T18:06:10.264+0000] {logging_mixin.py:137} INFO - [2023-01-24T18:06:10.263+0000] {dag.py:3441} INFO - Setting next_dagrun for example_xcom to 2021-01-01T00:00:00+00:00, run_after=2021-01-01T00:00:00+00:00
[2023-01-24T18:06:10.297+0000] {processor.py:175} INFO - Processing /home/airflow/.local/lib/python3.7/site-packages/airflow/example_dags/example_xcom.py took 0.151 seconds
[2023-01-24T18:06:40.873+0000] {processor.py:153} INFO - Started process (PID=409) to work on /home/airflow/.local/lib/python3.7/site-packages/airflow/example_dags/example_xcom.py
[2023-01-24T18:06:40.874+0000] {processor.py:743} INFO - Processing file /home/airflow/.local/lib/python3.7/site-packages/airflow/example_dags/example_xcom.py for tasks to queue
[2023-01-24T18:06:40.875+0000] {logging_mixin.py:137} INFO - [2023-01-24T18:06:40.875+0000] {dagbag.py:538} INFO - Filling up the DagBag from /home/airflow/.local/lib/python3.7/site-packages/airflow/example_dags/example_xcom.py
[2023-01-24T18:06:40.911+0000] {processor.py:753} INFO - DAG(s) dict_keys(['example_xcom']) retrieved from /home/airflow/.local/lib/python3.7/site-packages/airflow/example_dags/example_xcom.py
[2023-01-24T18:06:40.950+0000] {logging_mixin.py:137} INFO - [2023-01-24T18:06:40.950+0000] {dag.py:2690} INFO - Sync 1 DAGs
[2023-01-24T18:06:40.991+0000] {logging_mixin.py:137} INFO - [2023-01-24T18:06:40.990+0000] {dag.py:3441} INFO - Setting next_dagrun for example_xcom to 2021-01-01T00:00:00+00:00, run_after=2021-01-01T00:00:00+00:00
[2023-01-24T18:06:41.037+0000] {processor.py:175} INFO - Processing /home/airflow/.local/lib/python3.7/site-packages/airflow/example_dags/example_xcom.py took 0.170 seconds
[2023-01-24T18:07:11.658+0000] {processor.py:153} INFO - Started process (PID=473) to work on /home/airflow/.local/lib/python3.7/site-packages/airflow/example_dags/example_xcom.py
[2023-01-24T18:07:11.660+0000] {processor.py:743} INFO - Processing file /home/airflow/.local/lib/python3.7/site-packages/airflow/example_dags/example_xcom.py for tasks to queue
[2023-01-24T18:07:11.661+0000] {logging_mixin.py:137} INFO - [2023-01-24T18:07:11.660+0000] {dagbag.py:538} INFO - Filling up the DagBag from /home/airflow/.local/lib/python3.7/site-packages/airflow/example_dags/example_xcom.py
[2023-01-24T18:07:11.698+0000] {processor.py:753} INFO - DAG(s) dict_keys(['example_xcom']) retrieved from /home/airflow/.local/lib/python3.7/site-packages/airflow/example_dags/example_xcom.py
[2023-01-24T18:07:11.738+0000] {logging_mixin.py:137} INFO - [2023-01-24T18:07:11.738+0000] {dag.py:2690} INFO - Sync 1 DAGs
[2023-01-24T18:07:11.777+0000] {logging_mixin.py:137} INFO - [2023-01-24T18:07:11.777+0000] {dag.py:3441} INFO - Setting next_dagrun for example_xcom to 2021-01-01T00:00:00+00:00, run_after=2021-01-01T00:00:00+00:00
[2023-01-24T18:07:11.804+0000] {processor.py:175} INFO - Processing /home/airflow/.local/lib/python3.7/site-packages/airflow/example_dags/example_xcom.py took 0.152 seconds
[2023-01-24T18:07:41.943+0000] {processor.py:153} INFO - Started process (PID=536) to work on /home/airflow/.local/lib/python3.7/site-packages/airflow/example_dags/example_xcom.py
[2023-01-24T18:07:41.944+0000] {processor.py:743} INFO - Processing file /home/airflow/.local/lib/python3.7/site-packages/airflow/example_dags/example_xcom.py for tasks to queue
[2023-01-24T18:07:41.945+0000] {logging_mixin.py:137} INFO - [2023-01-24T18:07:41.945+0000] {dagbag.py:538} INFO - Filling up the DagBag from /home/airflow/.local/lib/python3.7/site-packages/airflow/example_dags/example_xcom.py
[2023-01-24T18:07:41.969+0000] {processor.py:753} INFO - DAG(s) dict_keys(['example_xcom']) retrieved from /home/airflow/.local/lib/python3.7/site-packages/airflow/example_dags/example_xcom.py
[2023-01-24T18:07:41.999+0000] {logging_mixin.py:137} INFO - [2023-01-24T18:07:41.999+0000] {dag.py:2690} INFO - Sync 1 DAGs
[2023-01-24T18:07:42.024+0000] {logging_mixin.py:137} INFO - [2023-01-24T18:07:42.024+0000] {dag.py:3441} INFO - Setting next_dagrun for example_xcom to 2021-01-01T00:00:00+00:00, run_after=2021-01-01T00:00:00+00:00
[2023-01-24T18:07:42.055+0000] {processor.py:175} INFO - Processing /home/airflow/.local/lib/python3.7/site-packages/airflow/example_dags/example_xcom.py took 0.116 seconds
[2023-01-24T18:08:12.605+0000] {processor.py:153} INFO - Started process (PID=611) to work on /home/airflow/.local/lib/python3.7/site-packages/airflow/example_dags/example_xcom.py
[2023-01-24T18:08:12.606+0000] {processor.py:743} INFO - Processing file /home/airflow/.local/lib/python3.7/site-packages/airflow/example_dags/example_xcom.py for tasks to queue
[2023-01-24T18:08:12.607+0000] {logging_mixin.py:137} INFO - [2023-01-24T18:08:12.607+0000] {dagbag.py:538} INFO - Filling up the DagBag from /home/airflow/.local/lib/python3.7/site-packages/airflow/example_dags/example_xcom.py
[2023-01-24T18:08:12.643+0000] {processor.py:753} INFO - DAG(s) dict_keys(['example_xcom']) retrieved from /home/airflow/.local/lib/python3.7/site-packages/airflow/example_dags/example_xcom.py
[2023-01-24T18:08:12.683+0000] {logging_mixin.py:137} INFO - [2023-01-24T18:08:12.682+0000] {dag.py:2690} INFO - Sync 1 DAGs
[2023-01-24T18:08:12.722+0000] {logging_mixin.py:137} INFO - [2023-01-24T18:08:12.722+0000] {dag.py:3441} INFO - Setting next_dagrun for example_xcom to 2021-01-01T00:00:00+00:00, run_after=2021-01-01T00:00:00+00:00
[2023-01-24T18:08:12.758+0000] {processor.py:175} INFO - Processing /home/airflow/.local/lib/python3.7/site-packages/airflow/example_dags/example_xcom.py took 0.158 seconds
[2023-01-24T18:08:42.894+0000] {processor.py:153} INFO - Started process (PID=675) to work on /home/airflow/.local/lib/python3.7/site-packages/airflow/example_dags/example_xcom.py
[2023-01-24T18:08:42.895+0000] {processor.py:743} INFO - Processing file /home/airflow/.local/lib/python3.7/site-packages/airflow/example_dags/example_xcom.py for tasks to queue
[2023-01-24T18:08:42.895+0000] {logging_mixin.py:137} INFO - [2023-01-24T18:08:42.895+0000] {dagbag.py:538} INFO - Filling up the DagBag from /home/airflow/.local/lib/python3.7/site-packages/airflow/example_dags/example_xcom.py
[2023-01-24T18:08:42.924+0000] {processor.py:753} INFO - DAG(s) dict_keys(['example_xcom']) retrieved from /home/airflow/.local/lib/python3.7/site-packages/airflow/example_dags/example_xcom.py
[2023-01-24T18:08:42.981+0000] {logging_mixin.py:137} INFO - [2023-01-24T18:08:42.981+0000] {dag.py:2690} INFO - Sync 1 DAGs
[2023-01-24T18:08:43.007+0000] {logging_mixin.py:137} INFO - [2023-01-24T18:08:43.007+0000] {dag.py:3441} INFO - Setting next_dagrun for example_xcom to 2021-01-01T00:00:00+00:00, run_after=2021-01-01T00:00:00+00:00
[2023-01-24T18:08:43.034+0000] {processor.py:175} INFO - Processing /home/airflow/.local/lib/python3.7/site-packages/airflow/example_dags/example_xcom.py took 0.144 seconds
[2023-01-24T18:09:13.750+0000] {processor.py:153} INFO - Started process (PID=748) to work on /home/airflow/.local/lib/python3.7/site-packages/airflow/example_dags/example_xcom.py
[2023-01-24T18:09:13.764+0000] {processor.py:743} INFO - Processing file /home/airflow/.local/lib/python3.7/site-packages/airflow/example_dags/example_xcom.py for tasks to queue
[2023-01-24T18:09:13.769+0000] {logging_mixin.py:137} INFO - [2023-01-24T18:09:13.768+0000] {dagbag.py:538} INFO - Filling up the DagBag from /home/airflow/.local/lib/python3.7/site-packages/airflow/example_dags/example_xcom.py
[2023-01-24T18:09:13.869+0000] {processor.py:753} INFO - DAG(s) dict_keys(['example_xcom']) retrieved from /home/airflow/.local/lib/python3.7/site-packages/airflow/example_dags/example_xcom.py
[2023-01-24T18:09:13.913+0000] {logging_mixin.py:137} INFO - [2023-01-24T18:09:13.913+0000] {dag.py:2690} INFO - Sync 1 DAGs
[2023-01-24T18:09:13.949+0000] {logging_mixin.py:137} INFO - [2023-01-24T18:09:13.948+0000] {dag.py:3441} INFO - Setting next_dagrun for example_xcom to 2021-01-01T00:00:00+00:00, run_after=2021-01-01T00:00:00+00:00
[2023-01-24T18:09:14.007+0000] {processor.py:175} INFO - Processing /home/airflow/.local/lib/python3.7/site-packages/airflow/example_dags/example_xcom.py took 0.266 seconds
[2023-01-24T18:09:44.828+0000] {processor.py:153} INFO - Started process (PID=814) to work on /home/airflow/.local/lib/python3.7/site-packages/airflow/example_dags/example_xcom.py
[2023-01-24T18:09:44.828+0000] {processor.py:743} INFO - Processing file /home/airflow/.local/lib/python3.7/site-packages/airflow/example_dags/example_xcom.py for tasks to queue
[2023-01-24T18:09:44.829+0000] {logging_mixin.py:137} INFO - [2023-01-24T18:09:44.829+0000] {dagbag.py:538} INFO - Filling up the DagBag from /home/airflow/.local/lib/python3.7/site-packages/airflow/example_dags/example_xcom.py
[2023-01-24T18:09:44.856+0000] {processor.py:753} INFO - DAG(s) dict_keys(['example_xcom']) retrieved from /home/airflow/.local/lib/python3.7/site-packages/airflow/example_dags/example_xcom.py
[2023-01-24T18:09:44.884+0000] {logging_mixin.py:137} INFO - [2023-01-24T18:09:44.884+0000] {dag.py:2690} INFO - Sync 1 DAGs
[2023-01-24T18:09:44.909+0000] {logging_mixin.py:137} INFO - [2023-01-24T18:09:44.909+0000] {dag.py:3441} INFO - Setting next_dagrun for example_xcom to 2021-01-01T00:00:00+00:00, run_after=2021-01-01T00:00:00+00:00
[2023-01-24T18:09:44.935+0000] {processor.py:175} INFO - Processing /home/airflow/.local/lib/python3.7/site-packages/airflow/example_dags/example_xcom.py took 0.111 seconds
[2023-01-24T18:10:15.463+0000] {processor.py:153} INFO - Started process (PID=877) to work on /home/airflow/.local/lib/python3.7/site-packages/airflow/example_dags/example_xcom.py
[2023-01-24T18:10:15.464+0000] {processor.py:743} INFO - Processing file /home/airflow/.local/lib/python3.7/site-packages/airflow/example_dags/example_xcom.py for tasks to queue
[2023-01-24T18:10:15.465+0000] {logging_mixin.py:137} INFO - [2023-01-24T18:10:15.465+0000] {dagbag.py:538} INFO - Filling up the DagBag from /home/airflow/.local/lib/python3.7/site-packages/airflow/example_dags/example_xcom.py
[2023-01-24T18:10:15.489+0000] {processor.py:753} INFO - DAG(s) dict_keys(['example_xcom']) retrieved from /home/airflow/.local/lib/python3.7/site-packages/airflow/example_dags/example_xcom.py
[2023-01-24T18:10:15.520+0000] {logging_mixin.py:137} INFO - [2023-01-24T18:10:15.520+0000] {dag.py:2690} INFO - Sync 1 DAGs
[2023-01-24T18:10:15.546+0000] {logging_mixin.py:137} INFO - [2023-01-24T18:10:15.546+0000] {dag.py:3441} INFO - Setting next_dagrun for example_xcom to 2021-01-01T00:00:00+00:00, run_after=2021-01-01T00:00:00+00:00
[2023-01-24T18:10:15.581+0000] {processor.py:175} INFO - Processing /home/airflow/.local/lib/python3.7/site-packages/airflow/example_dags/example_xcom.py took 0.122 seconds
[2023-01-24T18:10:45.928+0000] {processor.py:153} INFO - Started process (PID=950) to work on /home/airflow/.local/lib/python3.7/site-packages/airflow/example_dags/example_xcom.py
[2023-01-24T18:10:45.940+0000] {processor.py:743} INFO - Processing file /home/airflow/.local/lib/python3.7/site-packages/airflow/example_dags/example_xcom.py for tasks to queue
[2023-01-24T18:10:45.941+0000] {logging_mixin.py:137} INFO - [2023-01-24T18:10:45.940+0000] {dagbag.py:538} INFO - Filling up the DagBag from /home/airflow/.local/lib/python3.7/site-packages/airflow/example_dags/example_xcom.py
[2023-01-24T18:10:45.992+0000] {processor.py:753} INFO - DAG(s) dict_keys(['example_xcom']) retrieved from /home/airflow/.local/lib/python3.7/site-packages/airflow/example_dags/example_xcom.py
[2023-01-24T18:10:46.029+0000] {logging_mixin.py:137} INFO - [2023-01-24T18:10:46.028+0000] {dag.py:2690} INFO - Sync 1 DAGs
[2023-01-24T18:10:46.070+0000] {logging_mixin.py:137} INFO - [2023-01-24T18:10:46.070+0000] {dag.py:3441} INFO - Setting next_dagrun for example_xcom to 2021-01-01T00:00:00+00:00, run_after=2021-01-01T00:00:00+00:00
[2023-01-24T18:10:46.120+0000] {processor.py:175} INFO - Processing /home/airflow/.local/lib/python3.7/site-packages/airflow/example_dags/example_xcom.py took 0.208 seconds
[2023-01-24T18:11:17.148+0000] {processor.py:153} INFO - Started process (PID=1017) to work on /home/airflow/.local/lib/python3.7/site-packages/airflow/example_dags/example_xcom.py
[2023-01-24T18:11:17.149+0000] {processor.py:743} INFO - Processing file /home/airflow/.local/lib/python3.7/site-packages/airflow/example_dags/example_xcom.py for tasks to queue
[2023-01-24T18:11:17.150+0000] {logging_mixin.py:137} INFO - [2023-01-24T18:11:17.150+0000] {dagbag.py:538} INFO - Filling up the DagBag from /home/airflow/.local/lib/python3.7/site-packages/airflow/example_dags/example_xcom.py
[2023-01-24T18:11:17.175+0000] {processor.py:753} INFO - DAG(s) dict_keys(['example_xcom']) retrieved from /home/airflow/.local/lib/python3.7/site-packages/airflow/example_dags/example_xcom.py
[2023-01-24T18:11:17.202+0000] {logging_mixin.py:137} INFO - [2023-01-24T18:11:17.202+0000] {dag.py:2690} INFO - Sync 1 DAGs
[2023-01-24T18:11:17.227+0000] {logging_mixin.py:137} INFO - [2023-01-24T18:11:17.227+0000] {dag.py:3441} INFO - Setting next_dagrun for example_xcom to 2021-01-01T00:00:00+00:00, run_after=2021-01-01T00:00:00+00:00
[2023-01-24T18:11:17.263+0000] {processor.py:175} INFO - Processing /home/airflow/.local/lib/python3.7/site-packages/airflow/example_dags/example_xcom.py took 0.119 seconds
[2023-01-24T18:11:47.484+0000] {processor.py:153} INFO - Started process (PID=1082) to work on /home/airflow/.local/lib/python3.7/site-packages/airflow/example_dags/example_xcom.py
[2023-01-24T18:11:47.485+0000] {processor.py:743} INFO - Processing file /home/airflow/.local/lib/python3.7/site-packages/airflow/example_dags/example_xcom.py for tasks to queue
[2023-01-24T18:11:47.486+0000] {logging_mixin.py:137} INFO - [2023-01-24T18:11:47.486+0000] {dagbag.py:538} INFO - Filling up the DagBag from /home/airflow/.local/lib/python3.7/site-packages/airflow/example_dags/example_xcom.py
[2023-01-24T18:11:47.515+0000] {processor.py:753} INFO - DAG(s) dict_keys(['example_xcom']) retrieved from /home/airflow/.local/lib/python3.7/site-packages/airflow/example_dags/example_xcom.py
[2023-01-24T18:11:47.544+0000] {logging_mixin.py:137} INFO - [2023-01-24T18:11:47.544+0000] {dag.py:2690} INFO - Sync 1 DAGs
[2023-01-24T18:11:47.568+0000] {logging_mixin.py:137} INFO - [2023-01-24T18:11:47.568+0000] {dag.py:3441} INFO - Setting next_dagrun for example_xcom to 2021-01-01T00:00:00+00:00, run_after=2021-01-01T00:00:00+00:00
[2023-01-24T18:11:47.603+0000] {processor.py:175} INFO - Processing /home/airflow/.local/lib/python3.7/site-packages/airflow/example_dags/example_xcom.py took 0.125 seconds
[2023-01-24T18:12:17.720+0000] {processor.py:153} INFO - Started process (PID=1158) to work on /home/airflow/.local/lib/python3.7/site-packages/airflow/example_dags/example_xcom.py
[2023-01-24T18:12:17.721+0000] {processor.py:743} INFO - Processing file /home/airflow/.local/lib/python3.7/site-packages/airflow/example_dags/example_xcom.py for tasks to queue
[2023-01-24T18:12:17.722+0000] {logging_mixin.py:137} INFO - [2023-01-24T18:12:17.721+0000] {dagbag.py:538} INFO - Filling up the DagBag from /home/airflow/.local/lib/python3.7/site-packages/airflow/example_dags/example_xcom.py
[2023-01-24T18:12:17.745+0000] {processor.py:753} INFO - DAG(s) dict_keys(['example_xcom']) retrieved from /home/airflow/.local/lib/python3.7/site-packages/airflow/example_dags/example_xcom.py
[2023-01-24T18:12:17.782+0000] {logging_mixin.py:137} INFO - [2023-01-24T18:12:17.782+0000] {dag.py:2690} INFO - Sync 1 DAGs
[2023-01-24T18:12:17.816+0000] {logging_mixin.py:137} INFO - [2023-01-24T18:12:17.816+0000] {dag.py:3441} INFO - Setting next_dagrun for example_xcom to 2021-01-01T00:00:00+00:00, run_after=2021-01-01T00:00:00+00:00
[2023-01-24T18:12:17.850+0000] {processor.py:175} INFO - Processing /home/airflow/.local/lib/python3.7/site-packages/airflow/example_dags/example_xcom.py took 0.134 seconds
[2023-01-24T18:12:48.206+0000] {processor.py:153} INFO - Started process (PID=1222) to work on /home/airflow/.local/lib/python3.7/site-packages/airflow/example_dags/example_xcom.py
[2023-01-24T18:12:48.213+0000] {processor.py:743} INFO - Processing file /home/airflow/.local/lib/python3.7/site-packages/airflow/example_dags/example_xcom.py for tasks to queue
[2023-01-24T18:12:48.214+0000] {logging_mixin.py:137} INFO - [2023-01-24T18:12:48.214+0000] {dagbag.py:538} INFO - Filling up the DagBag from /home/airflow/.local/lib/python3.7/site-packages/airflow/example_dags/example_xcom.py
[2023-01-24T18:12:48.240+0000] {processor.py:753} INFO - DAG(s) dict_keys(['example_xcom']) retrieved from /home/airflow/.local/lib/python3.7/site-packages/airflow/example_dags/example_xcom.py
[2023-01-24T18:12:48.275+0000] {logging_mixin.py:137} INFO - [2023-01-24T18:12:48.275+0000] {dag.py:2690} INFO - Sync 1 DAGs
[2023-01-24T18:12:48.306+0000] {logging_mixin.py:137} INFO - [2023-01-24T18:12:48.306+0000] {dag.py:3441} INFO - Setting next_dagrun for example_xcom to 2021-01-01T00:00:00+00:00, run_after=2021-01-01T00:00:00+00:00
[2023-01-24T18:12:48.340+0000] {processor.py:175} INFO - Processing /home/airflow/.local/lib/python3.7/site-packages/airflow/example_dags/example_xcom.py took 0.139 seconds
[2023-01-24T18:13:18.562+0000] {processor.py:153} INFO - Started process (PID=1295) to work on /home/airflow/.local/lib/python3.7/site-packages/airflow/example_dags/example_xcom.py
[2023-01-24T18:13:18.563+0000] {processor.py:743} INFO - Processing file /home/airflow/.local/lib/python3.7/site-packages/airflow/example_dags/example_xcom.py for tasks to queue
[2023-01-24T18:13:18.564+0000] {logging_mixin.py:137} INFO - [2023-01-24T18:13:18.564+0000] {dagbag.py:538} INFO - Filling up the DagBag from /home/airflow/.local/lib/python3.7/site-packages/airflow/example_dags/example_xcom.py
[2023-01-24T18:13:18.601+0000] {processor.py:753} INFO - DAG(s) dict_keys(['example_xcom']) retrieved from /home/airflow/.local/lib/python3.7/site-packages/airflow/example_dags/example_xcom.py
[2023-01-24T18:13:18.644+0000] {logging_mixin.py:137} INFO - [2023-01-24T18:13:18.643+0000] {dag.py:2690} INFO - Sync 1 DAGs
[2023-01-24T18:13:18.688+0000] {logging_mixin.py:137} INFO - [2023-01-24T18:13:18.688+0000] {dag.py:3441} INFO - Setting next_dagrun for example_xcom to 2021-01-01T00:00:00+00:00, run_after=2021-01-01T00:00:00+00:00
[2023-01-24T18:13:18.751+0000] {processor.py:175} INFO - Processing /home/airflow/.local/lib/python3.7/site-packages/airflow/example_dags/example_xcom.py took 0.195 seconds
[2023-01-24T18:13:49.589+0000] {processor.py:153} INFO - Started process (PID=1362) to work on /home/airflow/.local/lib/python3.7/site-packages/airflow/example_dags/example_xcom.py
[2023-01-24T18:13:49.590+0000] {processor.py:743} INFO - Processing file /home/airflow/.local/lib/python3.7/site-packages/airflow/example_dags/example_xcom.py for tasks to queue
[2023-01-24T18:13:49.591+0000] {logging_mixin.py:137} INFO - [2023-01-24T18:13:49.591+0000] {dagbag.py:538} INFO - Filling up the DagBag from /home/airflow/.local/lib/python3.7/site-packages/airflow/example_dags/example_xcom.py
[2023-01-24T18:13:49.617+0000] {processor.py:753} INFO - DAG(s) dict_keys(['example_xcom']) retrieved from /home/airflow/.local/lib/python3.7/site-packages/airflow/example_dags/example_xcom.py
[2023-01-24T18:13:49.644+0000] {logging_mixin.py:137} INFO - [2023-01-24T18:13:49.644+0000] {dag.py:2690} INFO - Sync 1 DAGs
[2023-01-24T18:13:49.669+0000] {logging_mixin.py:137} INFO - [2023-01-24T18:13:49.669+0000] {dag.py:3441} INFO - Setting next_dagrun for example_xcom to 2021-01-01T00:00:00+00:00, run_after=2021-01-01T00:00:00+00:00
[2023-01-24T18:13:49.704+0000] {processor.py:175} INFO - Processing /home/airflow/.local/lib/python3.7/site-packages/airflow/example_dags/example_xcom.py took 0.119 seconds
[2023-01-24T18:14:20.528+0000] {processor.py:153} INFO - Started process (PID=1425) to work on /home/airflow/.local/lib/python3.7/site-packages/airflow/example_dags/example_xcom.py
[2023-01-24T18:14:20.529+0000] {processor.py:743} INFO - Processing file /home/airflow/.local/lib/python3.7/site-packages/airflow/example_dags/example_xcom.py for tasks to queue
[2023-01-24T18:14:20.529+0000] {logging_mixin.py:137} INFO - [2023-01-24T18:14:20.529+0000] {dagbag.py:538} INFO - Filling up the DagBag from /home/airflow/.local/lib/python3.7/site-packages/airflow/example_dags/example_xcom.py
[2023-01-24T18:14:20.554+0000] {processor.py:753} INFO - DAG(s) dict_keys(['example_xcom']) retrieved from /home/airflow/.local/lib/python3.7/site-packages/airflow/example_dags/example_xcom.py
[2023-01-24T18:14:20.584+0000] {logging_mixin.py:137} INFO - [2023-01-24T18:14:20.583+0000] {dag.py:2690} INFO - Sync 1 DAGs
[2023-01-24T18:14:20.614+0000] {logging_mixin.py:137} INFO - [2023-01-24T18:14:20.614+0000] {dag.py:3441} INFO - Setting next_dagrun for example_xcom to 2021-01-01T00:00:00+00:00, run_after=2021-01-01T00:00:00+00:00
[2023-01-24T18:14:20.649+0000] {processor.py:175} INFO - Processing /home/airflow/.local/lib/python3.7/site-packages/airflow/example_dags/example_xcom.py took 0.125 seconds
[2023-01-24T18:14:50.834+0000] {processor.py:153} INFO - Started process (PID=1502) to work on /home/airflow/.local/lib/python3.7/site-packages/airflow/example_dags/example_xcom.py
[2023-01-24T18:14:50.835+0000] {processor.py:743} INFO - Processing file /home/airflow/.local/lib/python3.7/site-packages/airflow/example_dags/example_xcom.py for tasks to queue
[2023-01-24T18:14:50.836+0000] {logging_mixin.py:137} INFO - [2023-01-24T18:14:50.836+0000] {dagbag.py:538} INFO - Filling up the DagBag from /home/airflow/.local/lib/python3.7/site-packages/airflow/example_dags/example_xcom.py
[2023-01-24T18:14:50.872+0000] {processor.py:753} INFO - DAG(s) dict_keys(['example_xcom']) retrieved from /home/airflow/.local/lib/python3.7/site-packages/airflow/example_dags/example_xcom.py
[2023-01-24T18:14:50.913+0000] {logging_mixin.py:137} INFO - [2023-01-24T18:14:50.913+0000] {dag.py:2690} INFO - Sync 1 DAGs
[2023-01-24T18:14:50.952+0000] {logging_mixin.py:137} INFO - [2023-01-24T18:14:50.952+0000] {dag.py:3441} INFO - Setting next_dagrun for example_xcom to 2021-01-01T00:00:00+00:00, run_after=2021-01-01T00:00:00+00:00
[2023-01-24T18:14:50.991+0000] {processor.py:175} INFO - Processing /home/airflow/.local/lib/python3.7/site-packages/airflow/example_dags/example_xcom.py took 0.162 seconds
[2023-01-24T18:15:21.455+0000] {processor.py:153} INFO - Started process (PID=1566) to work on /home/airflow/.local/lib/python3.7/site-packages/airflow/example_dags/example_xcom.py
[2023-01-24T18:15:21.456+0000] {processor.py:743} INFO - Processing file /home/airflow/.local/lib/python3.7/site-packages/airflow/example_dags/example_xcom.py for tasks to queue
[2023-01-24T18:15:21.457+0000] {logging_mixin.py:137} INFO - [2023-01-24T18:15:21.456+0000] {dagbag.py:538} INFO - Filling up the DagBag from /home/airflow/.local/lib/python3.7/site-packages/airflow/example_dags/example_xcom.py
[2023-01-24T18:15:21.482+0000] {processor.py:753} INFO - DAG(s) dict_keys(['example_xcom']) retrieved from /home/airflow/.local/lib/python3.7/site-packages/airflow/example_dags/example_xcom.py
[2023-01-24T18:15:21.513+0000] {logging_mixin.py:137} INFO - [2023-01-24T18:15:21.512+0000] {dag.py:2690} INFO - Sync 1 DAGs
[2023-01-24T18:15:21.541+0000] {logging_mixin.py:137} INFO - [2023-01-24T18:15:21.541+0000] {dag.py:3441} INFO - Setting next_dagrun for example_xcom to 2021-01-01T00:00:00+00:00, run_after=2021-01-01T00:00:00+00:00
[2023-01-24T18:15:21.570+0000] {processor.py:175} INFO - Processing /home/airflow/.local/lib/python3.7/site-packages/airflow/example_dags/example_xcom.py took 0.119 seconds
[2023-01-24T18:15:52.722+0000] {processor.py:153} INFO - Started process (PID=1629) to work on /home/airflow/.local/lib/python3.7/site-packages/airflow/example_dags/example_xcom.py
[2023-01-24T18:15:52.724+0000] {processor.py:743} INFO - Processing file /home/airflow/.local/lib/python3.7/site-packages/airflow/example_dags/example_xcom.py for tasks to queue
[2023-01-24T18:15:52.724+0000] {logging_mixin.py:137} INFO - [2023-01-24T18:15:52.724+0000] {dagbag.py:538} INFO - Filling up the DagBag from /home/airflow/.local/lib/python3.7/site-packages/airflow/example_dags/example_xcom.py
[2023-01-24T18:15:52.760+0000] {processor.py:753} INFO - DAG(s) dict_keys(['example_xcom']) retrieved from /home/airflow/.local/lib/python3.7/site-packages/airflow/example_dags/example_xcom.py
[2023-01-24T18:15:52.800+0000] {logging_mixin.py:137} INFO - [2023-01-24T18:15:52.800+0000] {dag.py:2690} INFO - Sync 1 DAGs
[2023-01-24T18:15:52.841+0000] {logging_mixin.py:137} INFO - [2023-01-24T18:15:52.840+0000] {dag.py:3441} INFO - Setting next_dagrun for example_xcom to 2021-01-01T00:00:00+00:00, run_after=2021-01-01T00:00:00+00:00
[2023-01-24T18:15:52.884+0000] {processor.py:175} INFO - Processing /home/airflow/.local/lib/python3.7/site-packages/airflow/example_dags/example_xcom.py took 0.167 seconds
[2023-01-24T18:16:23.043+0000] {processor.py:153} INFO - Started process (PID=1704) to work on /home/airflow/.local/lib/python3.7/site-packages/airflow/example_dags/example_xcom.py
[2023-01-24T18:16:23.044+0000] {processor.py:743} INFO - Processing file /home/airflow/.local/lib/python3.7/site-packages/airflow/example_dags/example_xcom.py for tasks to queue
[2023-01-24T18:16:23.045+0000] {logging_mixin.py:137} INFO - [2023-01-24T18:16:23.045+0000] {dagbag.py:538} INFO - Filling up the DagBag from /home/airflow/.local/lib/python3.7/site-packages/airflow/example_dags/example_xcom.py
[2023-01-24T18:16:23.079+0000] {processor.py:753} INFO - DAG(s) dict_keys(['example_xcom']) retrieved from /home/airflow/.local/lib/python3.7/site-packages/airflow/example_dags/example_xcom.py
[2023-01-24T18:16:23.109+0000] {logging_mixin.py:137} INFO - [2023-01-24T18:16:23.109+0000] {dag.py:2690} INFO - Sync 1 DAGs
[2023-01-24T18:16:23.135+0000] {logging_mixin.py:137} INFO - [2023-01-24T18:16:23.135+0000] {dag.py:3441} INFO - Setting next_dagrun for example_xcom to 2021-01-01T00:00:00+00:00, run_after=2021-01-01T00:00:00+00:00
[2023-01-24T18:16:23.161+0000] {processor.py:175} INFO - Processing /home/airflow/.local/lib/python3.7/site-packages/airflow/example_dags/example_xcom.py took 0.123 seconds
[2023-01-24T18:16:53.498+0000] {processor.py:153} INFO - Started process (PID=1768) to work on /home/airflow/.local/lib/python3.7/site-packages/airflow/example_dags/example_xcom.py
[2023-01-24T18:16:53.499+0000] {processor.py:743} INFO - Processing file /home/airflow/.local/lib/python3.7/site-packages/airflow/example_dags/example_xcom.py for tasks to queue
[2023-01-24T18:16:53.500+0000] {logging_mixin.py:137} INFO - [2023-01-24T18:16:53.500+0000] {dagbag.py:538} INFO - Filling up the DagBag from /home/airflow/.local/lib/python3.7/site-packages/airflow/example_dags/example_xcom.py
[2023-01-24T18:16:53.525+0000] {processor.py:753} INFO - DAG(s) dict_keys(['example_xcom']) retrieved from /home/airflow/.local/lib/python3.7/site-packages/airflow/example_dags/example_xcom.py
[2023-01-24T18:16:53.554+0000] {logging_mixin.py:137} INFO - [2023-01-24T18:16:53.554+0000] {dag.py:2690} INFO - Sync 1 DAGs
[2023-01-24T18:16:53.580+0000] {logging_mixin.py:137} INFO - [2023-01-24T18:16:53.579+0000] {dag.py:3441} INFO - Setting next_dagrun for example_xcom to 2021-01-01T00:00:00+00:00, run_after=2021-01-01T00:00:00+00:00
[2023-01-24T18:16:53.607+0000] {processor.py:175} INFO - Processing /home/airflow/.local/lib/python3.7/site-packages/airflow/example_dags/example_xcom.py took 0.113 seconds
[2023-01-24T18:17:24.336+0000] {processor.py:153} INFO - Started process (PID=1842) to work on /home/airflow/.local/lib/python3.7/site-packages/airflow/example_dags/example_xcom.py
[2023-01-24T18:17:24.337+0000] {processor.py:743} INFO - Processing file /home/airflow/.local/lib/python3.7/site-packages/airflow/example_dags/example_xcom.py for tasks to queue
[2023-01-24T18:17:24.338+0000] {logging_mixin.py:137} INFO - [2023-01-24T18:17:24.338+0000] {dagbag.py:538} INFO - Filling up the DagBag from /home/airflow/.local/lib/python3.7/site-packages/airflow/example_dags/example_xcom.py
[2023-01-24T18:17:24.375+0000] {processor.py:753} INFO - DAG(s) dict_keys(['example_xcom']) retrieved from /home/airflow/.local/lib/python3.7/site-packages/airflow/example_dags/example_xcom.py
[2023-01-24T18:17:24.415+0000] {logging_mixin.py:137} INFO - [2023-01-24T18:17:24.415+0000] {dag.py:2690} INFO - Sync 1 DAGs
[2023-01-24T18:17:24.461+0000] {logging_mixin.py:137} INFO - [2023-01-24T18:17:24.461+0000] {dag.py:3441} INFO - Setting next_dagrun for example_xcom to 2021-01-01T00:00:00+00:00, run_after=2021-01-01T00:00:00+00:00
[2023-01-24T18:17:24.502+0000] {processor.py:175} INFO - Processing /home/airflow/.local/lib/python3.7/site-packages/airflow/example_dags/example_xcom.py took 0.171 seconds
[2023-01-24T18:17:54.659+0000] {processor.py:153} INFO - Started process (PID=1908) to work on /home/airflow/.local/lib/python3.7/site-packages/airflow/example_dags/example_xcom.py
[2023-01-24T18:17:54.660+0000] {processor.py:743} INFO - Processing file /home/airflow/.local/lib/python3.7/site-packages/airflow/example_dags/example_xcom.py for tasks to queue
[2023-01-24T18:17:54.661+0000] {logging_mixin.py:137} INFO - [2023-01-24T18:17:54.661+0000] {dagbag.py:538} INFO - Filling up the DagBag from /home/airflow/.local/lib/python3.7/site-packages/airflow/example_dags/example_xcom.py
[2023-01-24T18:17:54.686+0000] {processor.py:753} INFO - DAG(s) dict_keys(['example_xcom']) retrieved from /home/airflow/.local/lib/python3.7/site-packages/airflow/example_dags/example_xcom.py
[2023-01-24T18:17:54.721+0000] {logging_mixin.py:137} INFO - [2023-01-24T18:17:54.721+0000] {dag.py:2690} INFO - Sync 1 DAGs
[2023-01-24T18:17:54.753+0000] {logging_mixin.py:137} INFO - [2023-01-24T18:17:54.752+0000] {dag.py:3441} INFO - Setting next_dagrun for example_xcom to 2021-01-01T00:00:00+00:00, run_after=2021-01-01T00:00:00+00:00
[2023-01-24T18:17:54.782+0000] {processor.py:175} INFO - Processing /home/airflow/.local/lib/python3.7/site-packages/airflow/example_dags/example_xcom.py took 0.127 seconds
[2023-01-24T18:18:24.941+0000] {processor.py:153} INFO - Started process (PID=1971) to work on /home/airflow/.local/lib/python3.7/site-packages/airflow/example_dags/example_xcom.py
[2023-01-24T18:18:24.942+0000] {processor.py:743} INFO - Processing file /home/airflow/.local/lib/python3.7/site-packages/airflow/example_dags/example_xcom.py for tasks to queue
[2023-01-24T18:18:24.943+0000] {logging_mixin.py:137} INFO - [2023-01-24T18:18:24.942+0000] {dagbag.py:538} INFO - Filling up the DagBag from /home/airflow/.local/lib/python3.7/site-packages/airflow/example_dags/example_xcom.py
[2023-01-24T18:18:24.982+0000] {processor.py:753} INFO - DAG(s) dict_keys(['example_xcom']) retrieved from /home/airflow/.local/lib/python3.7/site-packages/airflow/example_dags/example_xcom.py
[2023-01-24T18:18:25.024+0000] {logging_mixin.py:137} INFO - [2023-01-24T18:18:25.024+0000] {dag.py:2690} INFO - Sync 1 DAGs
[2023-01-24T18:18:25.062+0000] {logging_mixin.py:137} INFO - [2023-01-24T18:18:25.062+0000] {dag.py:3441} INFO - Setting next_dagrun for example_xcom to 2021-01-01T00:00:00+00:00, run_after=2021-01-01T00:00:00+00:00
[2023-01-24T18:18:25.099+0000] {processor.py:175} INFO - Processing /home/airflow/.local/lib/python3.7/site-packages/airflow/example_dags/example_xcom.py took 0.164 seconds
[2023-01-24T18:18:55.602+0000] {processor.py:153} INFO - Started process (PID=2046) to work on /home/airflow/.local/lib/python3.7/site-packages/airflow/example_dags/example_xcom.py
[2023-01-24T18:18:55.603+0000] {processor.py:743} INFO - Processing file /home/airflow/.local/lib/python3.7/site-packages/airflow/example_dags/example_xcom.py for tasks to queue
[2023-01-24T18:18:55.604+0000] {logging_mixin.py:137} INFO - [2023-01-24T18:18:55.604+0000] {dagbag.py:538} INFO - Filling up the DagBag from /home/airflow/.local/lib/python3.7/site-packages/airflow/example_dags/example_xcom.py
[2023-01-24T18:18:55.628+0000] {processor.py:753} INFO - DAG(s) dict_keys(['example_xcom']) retrieved from /home/airflow/.local/lib/python3.7/site-packages/airflow/example_dags/example_xcom.py
[2023-01-24T18:18:55.661+0000] {logging_mixin.py:137} INFO - [2023-01-24T18:18:55.661+0000] {dag.py:2690} INFO - Sync 1 DAGs
[2023-01-24T18:18:55.693+0000] {logging_mixin.py:137} INFO - [2023-01-24T18:18:55.692+0000] {dag.py:3441} INFO - Setting next_dagrun for example_xcom to 2021-01-01T00:00:00+00:00, run_after=2021-01-01T00:00:00+00:00
[2023-01-24T18:18:55.719+0000] {processor.py:175} INFO - Processing /home/airflow/.local/lib/python3.7/site-packages/airflow/example_dags/example_xcom.py took 0.121 seconds
[2023-01-24T18:19:25.872+0000] {processor.py:153} INFO - Started process (PID=2110) to work on /home/airflow/.local/lib/python3.7/site-packages/airflow/example_dags/example_xcom.py
[2023-01-24T18:19:25.873+0000] {processor.py:743} INFO - Processing file /home/airflow/.local/lib/python3.7/site-packages/airflow/example_dags/example_xcom.py for tasks to queue
[2023-01-24T18:19:25.874+0000] {logging_mixin.py:137} INFO - [2023-01-24T18:19:25.874+0000] {dagbag.py:538} INFO - Filling up the DagBag from /home/airflow/.local/lib/python3.7/site-packages/airflow/example_dags/example_xcom.py
[2023-01-24T18:19:25.899+0000] {processor.py:753} INFO - DAG(s) dict_keys(['example_xcom']) retrieved from /home/airflow/.local/lib/python3.7/site-packages/airflow/example_dags/example_xcom.py
[2023-01-24T18:19:25.930+0000] {logging_mixin.py:137} INFO - [2023-01-24T18:19:25.930+0000] {dag.py:2690} INFO - Sync 1 DAGs
[2023-01-24T18:19:25.961+0000] {logging_mixin.py:137} INFO - [2023-01-24T18:19:25.961+0000] {dag.py:3441} INFO - Setting next_dagrun for example_xcom to 2021-01-01T00:00:00+00:00, run_after=2021-01-01T00:00:00+00:00
[2023-01-24T18:19:25.988+0000] {processor.py:175} INFO - Processing /home/airflow/.local/lib/python3.7/site-packages/airflow/example_dags/example_xcom.py took 0.120 seconds
[2023-01-24T18:19:56.715+0000] {processor.py:153} INFO - Started process (PID=2184) to work on /home/airflow/.local/lib/python3.7/site-packages/airflow/example_dags/example_xcom.py
[2023-01-24T18:19:56.716+0000] {processor.py:743} INFO - Processing file /home/airflow/.local/lib/python3.7/site-packages/airflow/example_dags/example_xcom.py for tasks to queue
[2023-01-24T18:19:56.717+0000] {logging_mixin.py:137} INFO - [2023-01-24T18:19:56.717+0000] {dagbag.py:538} INFO - Filling up the DagBag from /home/airflow/.local/lib/python3.7/site-packages/airflow/example_dags/example_xcom.py
[2023-01-24T18:19:56.754+0000] {processor.py:753} INFO - DAG(s) dict_keys(['example_xcom']) retrieved from /home/airflow/.local/lib/python3.7/site-packages/airflow/example_dags/example_xcom.py
[2023-01-24T18:19:56.797+0000] {logging_mixin.py:137} INFO - [2023-01-24T18:19:56.797+0000] {dag.py:2690} INFO - Sync 1 DAGs
[2023-01-24T18:19:56.847+0000] {logging_mixin.py:137} INFO - [2023-01-24T18:19:56.847+0000] {dag.py:3441} INFO - Setting next_dagrun for example_xcom to 2021-01-01T00:00:00+00:00, run_after=2021-01-01T00:00:00+00:00
[2023-01-24T18:19:56.881+0000] {processor.py:175} INFO - Processing /home/airflow/.local/lib/python3.7/site-packages/airflow/example_dags/example_xcom.py took 0.172 seconds
[2023-01-24T18:20:26.948+0000] {processor.py:153} INFO - Started process (PID=2248) to work on /home/airflow/.local/lib/python3.7/site-packages/airflow/example_dags/example_xcom.py
[2023-01-24T18:20:26.949+0000] {processor.py:743} INFO - Processing file /home/airflow/.local/lib/python3.7/site-packages/airflow/example_dags/example_xcom.py for tasks to queue
[2023-01-24T18:20:26.950+0000] {logging_mixin.py:137} INFO - [2023-01-24T18:20:26.950+0000] {dagbag.py:538} INFO - Filling up the DagBag from /home/airflow/.local/lib/python3.7/site-packages/airflow/example_dags/example_xcom.py
[2023-01-24T18:20:26.974+0000] {processor.py:753} INFO - DAG(s) dict_keys(['example_xcom']) retrieved from /home/airflow/.local/lib/python3.7/site-packages/airflow/example_dags/example_xcom.py
[2023-01-24T18:20:27.002+0000] {logging_mixin.py:137} INFO - [2023-01-24T18:20:27.002+0000] {dag.py:2690} INFO - Sync 1 DAGs
[2023-01-24T18:20:27.027+0000] {logging_mixin.py:137} INFO - [2023-01-24T18:20:27.027+0000] {dag.py:3441} INFO - Setting next_dagrun for example_xcom to 2021-01-01T00:00:00+00:00, run_after=2021-01-01T00:00:00+00:00
[2023-01-24T18:20:27.054+0000] {processor.py:175} INFO - Processing /home/airflow/.local/lib/python3.7/site-packages/airflow/example_dags/example_xcom.py took 0.110 seconds
[2023-01-24T18:20:57.322+0000] {processor.py:153} INFO - Started process (PID=2312) to work on /home/airflow/.local/lib/python3.7/site-packages/airflow/example_dags/example_xcom.py
[2023-01-24T18:20:57.323+0000] {processor.py:743} INFO - Processing file /home/airflow/.local/lib/python3.7/site-packages/airflow/example_dags/example_xcom.py for tasks to queue
[2023-01-24T18:20:57.324+0000] {logging_mixin.py:137} INFO - [2023-01-24T18:20:57.324+0000] {dagbag.py:538} INFO - Filling up the DagBag from /home/airflow/.local/lib/python3.7/site-packages/airflow/example_dags/example_xcom.py
[2023-01-24T18:20:57.357+0000] {processor.py:753} INFO - DAG(s) dict_keys(['example_xcom']) retrieved from /home/airflow/.local/lib/python3.7/site-packages/airflow/example_dags/example_xcom.py
[2023-01-24T18:20:57.392+0000] {logging_mixin.py:137} INFO - [2023-01-24T18:20:57.392+0000] {dag.py:2690} INFO - Sync 1 DAGs
[2023-01-24T18:20:57.426+0000] {logging_mixin.py:137} INFO - [2023-01-24T18:20:57.426+0000] {dag.py:3441} INFO - Setting next_dagrun for example_xcom to 2021-01-01T00:00:00+00:00, run_after=2021-01-01T00:00:00+00:00
[2023-01-24T18:20:57.459+0000] {processor.py:175} INFO - Processing /home/airflow/.local/lib/python3.7/site-packages/airflow/example_dags/example_xcom.py took 0.141 seconds
[2023-01-24T18:21:28.293+0000] {processor.py:153} INFO - Started process (PID=2388) to work on /home/airflow/.local/lib/python3.7/site-packages/airflow/example_dags/example_xcom.py
[2023-01-24T18:21:28.294+0000] {processor.py:743} INFO - Processing file /home/airflow/.local/lib/python3.7/site-packages/airflow/example_dags/example_xcom.py for tasks to queue
[2023-01-24T18:21:28.294+0000] {logging_mixin.py:137} INFO - [2023-01-24T18:21:28.294+0000] {dagbag.py:538} INFO - Filling up the DagBag from /home/airflow/.local/lib/python3.7/site-packages/airflow/example_dags/example_xcom.py
[2023-01-24T18:21:28.320+0000] {processor.py:753} INFO - DAG(s) dict_keys(['example_xcom']) retrieved from /home/airflow/.local/lib/python3.7/site-packages/airflow/example_dags/example_xcom.py
[2023-01-24T18:21:28.350+0000] {logging_mixin.py:137} INFO - [2023-01-24T18:21:28.349+0000] {dag.py:2690} INFO - Sync 1 DAGs
[2023-01-24T18:21:28.383+0000] {logging_mixin.py:137} INFO - [2023-01-24T18:21:28.383+0000] {dag.py:3441} INFO - Setting next_dagrun for example_xcom to 2021-01-01T00:00:00+00:00, run_after=2021-01-01T00:00:00+00:00
[2023-01-24T18:21:28.419+0000] {processor.py:175} INFO - Processing /home/airflow/.local/lib/python3.7/site-packages/airflow/example_dags/example_xcom.py took 0.131 seconds
