[2023-01-24T18:04:06.695+0000] {processor.py:153} INFO - Started process (PID=59) to work on /home/airflow/.local/lib/python3.7/site-packages/airflow/example_dags/example_branch_datetime_operator.py
[2023-01-24T18:04:06.697+0000] {processor.py:743} INFO - Processing file /home/airflow/.local/lib/python3.7/site-packages/airflow/example_dags/example_branch_datetime_operator.py for tasks to queue
[2023-01-24T18:04:06.698+0000] {logging_mixin.py:137} INFO - [2023-01-24T18:04:06.698+0000] {dagbag.py:538} INFO - Filling up the DagBag from /home/airflow/.local/lib/python3.7/site-packages/airflow/example_dags/example_branch_datetime_operator.py
[2023-01-24T18:04:06.720+0000] {processor.py:753} INFO - DAG(s) dict_keys(['example_branch_datetime_operator', 'example_branch_datetime_operator_2', 'example_branch_datetime_operator_3']) retrieved from /home/airflow/.local/lib/python3.7/site-packages/airflow/example_dags/example_branch_datetime_operator.py
[2023-01-24T18:04:06.768+0000] {logging_mixin.py:137} INFO - [2023-01-24T18:04:06.768+0000] {dag.py:2690} INFO - Sync 3 DAGs
[2023-01-24T18:04:06.813+0000] {logging_mixin.py:137} INFO - [2023-01-24T18:04:06.813+0000] {dag.py:3441} INFO - Setting next_dagrun for example_branch_datetime_operator to 2023-01-23T00:00:00+00:00, run_after=2023-01-24T00:00:00+00:00
[2023-01-24T18:04:06.818+0000] {logging_mixin.py:137} INFO - [2023-01-24T18:04:06.818+0000] {dag.py:3441} INFO - Setting next_dagrun for example_branch_datetime_operator_2 to 2023-01-23T00:00:00+00:00, run_after=2023-01-24T00:00:00+00:00
[2023-01-24T18:04:06.822+0000] {logging_mixin.py:137} INFO - [2023-01-24T18:04:06.822+0000] {dag.py:3441} INFO - Setting next_dagrun for example_branch_datetime_operator_3 to 2023-01-23T00:00:00+00:00, run_after=2023-01-24T00:00:00+00:00
[2023-01-24T18:04:06.860+0000] {processor.py:175} INFO - Processing /home/airflow/.local/lib/python3.7/site-packages/airflow/example_dags/example_branch_datetime_operator.py took 0.171 seconds
[2023-01-24T18:04:37.426+0000] {processor.py:153} INFO - Started process (PID=123) to work on /home/airflow/.local/lib/python3.7/site-packages/airflow/example_dags/example_branch_datetime_operator.py
[2023-01-24T18:04:37.427+0000] {processor.py:743} INFO - Processing file /home/airflow/.local/lib/python3.7/site-packages/airflow/example_dags/example_branch_datetime_operator.py for tasks to queue
[2023-01-24T18:04:37.428+0000] {logging_mixin.py:137} INFO - [2023-01-24T18:04:37.427+0000] {dagbag.py:538} INFO - Filling up the DagBag from /home/airflow/.local/lib/python3.7/site-packages/airflow/example_dags/example_branch_datetime_operator.py
[2023-01-24T18:04:37.448+0000] {processor.py:753} INFO - DAG(s) dict_keys(['example_branch_datetime_operator_3', 'example_branch_datetime_operator_2', 'example_branch_datetime_operator']) retrieved from /home/airflow/.local/lib/python3.7/site-packages/airflow/example_dags/example_branch_datetime_operator.py
[2023-01-24T18:04:37.491+0000] {logging_mixin.py:137} INFO - [2023-01-24T18:04:37.491+0000] {dag.py:2690} INFO - Sync 3 DAGs
[2023-01-24T18:04:37.529+0000] {logging_mixin.py:137} INFO - [2023-01-24T18:04:37.529+0000] {dag.py:3441} INFO - Setting next_dagrun for example_branch_datetime_operator to 2023-01-23T00:00:00+00:00, run_after=2023-01-24T00:00:00+00:00
[2023-01-24T18:04:37.535+0000] {logging_mixin.py:137} INFO - [2023-01-24T18:04:37.535+0000] {dag.py:3441} INFO - Setting next_dagrun for example_branch_datetime_operator_2 to 2023-01-23T00:00:00+00:00, run_after=2023-01-24T00:00:00+00:00
[2023-01-24T18:04:37.538+0000] {logging_mixin.py:137} INFO - [2023-01-24T18:04:37.538+0000] {dag.py:3441} INFO - Setting next_dagrun for example_branch_datetime_operator_3 to 2023-01-23T00:00:00+00:00, run_after=2023-01-24T00:00:00+00:00
[2023-01-24T18:04:37.563+0000] {processor.py:175} INFO - Processing /home/airflow/.local/lib/python3.7/site-packages/airflow/example_dags/example_branch_datetime_operator.py took 0.142 seconds
[2023-01-24T18:05:07.788+0000] {processor.py:153} INFO - Started process (PID=186) to work on /home/airflow/.local/lib/python3.7/site-packages/airflow/example_dags/example_branch_datetime_operator.py
[2023-01-24T18:05:07.789+0000] {processor.py:743} INFO - Processing file /home/airflow/.local/lib/python3.7/site-packages/airflow/example_dags/example_branch_datetime_operator.py for tasks to queue
[2023-01-24T18:05:07.790+0000] {logging_mixin.py:137} INFO - [2023-01-24T18:05:07.790+0000] {dagbag.py:538} INFO - Filling up the DagBag from /home/airflow/.local/lib/python3.7/site-packages/airflow/example_dags/example_branch_datetime_operator.py
[2023-01-24T18:05:07.821+0000] {processor.py:753} INFO - DAG(s) dict_keys(['example_branch_datetime_operator', 'example_branch_datetime_operator_2', 'example_branch_datetime_operator_3']) retrieved from /home/airflow/.local/lib/python3.7/site-packages/airflow/example_dags/example_branch_datetime_operator.py
[2023-01-24T18:05:07.863+0000] {logging_mixin.py:137} INFO - [2023-01-24T18:05:07.863+0000] {dag.py:2690} INFO - Sync 3 DAGs
[2023-01-24T18:05:07.913+0000] {logging_mixin.py:137} INFO - [2023-01-24T18:05:07.913+0000] {dag.py:3441} INFO - Setting next_dagrun for example_branch_datetime_operator to 2023-01-23T00:00:00+00:00, run_after=2023-01-24T00:00:00+00:00
[2023-01-24T18:05:07.920+0000] {logging_mixin.py:137} INFO - [2023-01-24T18:05:07.920+0000] {dag.py:3441} INFO - Setting next_dagrun for example_branch_datetime_operator_2 to 2023-01-23T00:00:00+00:00, run_after=2023-01-24T00:00:00+00:00
[2023-01-24T18:05:07.924+0000] {logging_mixin.py:137} INFO - [2023-01-24T18:05:07.924+0000] {dag.py:3441} INFO - Setting next_dagrun for example_branch_datetime_operator_3 to 2023-01-23T00:00:00+00:00, run_after=2023-01-24T00:00:00+00:00
[2023-01-24T18:05:07.984+0000] {processor.py:175} INFO - Processing /home/airflow/.local/lib/python3.7/site-packages/airflow/example_dags/example_branch_datetime_operator.py took 0.204 seconds
[2023-01-24T18:05:38.431+0000] {processor.py:153} INFO - Started process (PID=261) to work on /home/airflow/.local/lib/python3.7/site-packages/airflow/example_dags/example_branch_datetime_operator.py
[2023-01-24T18:05:38.432+0000] {processor.py:743} INFO - Processing file /home/airflow/.local/lib/python3.7/site-packages/airflow/example_dags/example_branch_datetime_operator.py for tasks to queue
[2023-01-24T18:05:38.433+0000] {logging_mixin.py:137} INFO - [2023-01-24T18:05:38.433+0000] {dagbag.py:538} INFO - Filling up the DagBag from /home/airflow/.local/lib/python3.7/site-packages/airflow/example_dags/example_branch_datetime_operator.py
[2023-01-24T18:05:38.453+0000] {processor.py:753} INFO - DAG(s) dict_keys(['example_branch_datetime_operator_3', 'example_branch_datetime_operator', 'example_branch_datetime_operator_2']) retrieved from /home/airflow/.local/lib/python3.7/site-packages/airflow/example_dags/example_branch_datetime_operator.py
[2023-01-24T18:05:38.489+0000] {logging_mixin.py:137} INFO - [2023-01-24T18:05:38.489+0000] {dag.py:2690} INFO - Sync 3 DAGs
[2023-01-24T18:05:38.519+0000] {logging_mixin.py:137} INFO - [2023-01-24T18:05:38.519+0000] {dag.py:3441} INFO - Setting next_dagrun for example_branch_datetime_operator to 2023-01-23T00:00:00+00:00, run_after=2023-01-24T00:00:00+00:00
[2023-01-24T18:05:38.523+0000] {logging_mixin.py:137} INFO - [2023-01-24T18:05:38.523+0000] {dag.py:3441} INFO - Setting next_dagrun for example_branch_datetime_operator_2 to 2023-01-23T00:00:00+00:00, run_after=2023-01-24T00:00:00+00:00
[2023-01-24T18:05:38.526+0000] {logging_mixin.py:137} INFO - [2023-01-24T18:05:38.526+0000] {dag.py:3441} INFO - Setting next_dagrun for example_branch_datetime_operator_3 to 2023-01-23T00:00:00+00:00, run_after=2023-01-24T00:00:00+00:00
[2023-01-24T18:05:38.551+0000] {processor.py:175} INFO - Processing /home/airflow/.local/lib/python3.7/site-packages/airflow/example_dags/example_branch_datetime_operator.py took 0.125 seconds
[2023-01-24T18:06:09.540+0000] {processor.py:153} INFO - Started process (PID=325) to work on /home/airflow/.local/lib/python3.7/site-packages/airflow/example_dags/example_branch_datetime_operator.py
[2023-01-24T18:06:09.542+0000] {processor.py:743} INFO - Processing file /home/airflow/.local/lib/python3.7/site-packages/airflow/example_dags/example_branch_datetime_operator.py for tasks to queue
[2023-01-24T18:06:09.543+0000] {logging_mixin.py:137} INFO - [2023-01-24T18:06:09.542+0000] {dagbag.py:538} INFO - Filling up the DagBag from /home/airflow/.local/lib/python3.7/site-packages/airflow/example_dags/example_branch_datetime_operator.py
[2023-01-24T18:06:09.570+0000] {processor.py:753} INFO - DAG(s) dict_keys(['example_branch_datetime_operator', 'example_branch_datetime_operator_3', 'example_branch_datetime_operator_2']) retrieved from /home/airflow/.local/lib/python3.7/site-packages/airflow/example_dags/example_branch_datetime_operator.py
[2023-01-24T18:06:09.618+0000] {logging_mixin.py:137} INFO - [2023-01-24T18:06:09.617+0000] {dag.py:2690} INFO - Sync 3 DAGs
[2023-01-24T18:06:09.659+0000] {logging_mixin.py:137} INFO - [2023-01-24T18:06:09.659+0000] {dag.py:3441} INFO - Setting next_dagrun for example_branch_datetime_operator to 2023-01-23T00:00:00+00:00, run_after=2023-01-24T00:00:00+00:00
[2023-01-24T18:06:09.666+0000] {logging_mixin.py:137} INFO - [2023-01-24T18:06:09.666+0000] {dag.py:3441} INFO - Setting next_dagrun for example_branch_datetime_operator_2 to 2023-01-23T00:00:00+00:00, run_after=2023-01-24T00:00:00+00:00
[2023-01-24T18:06:09.670+0000] {logging_mixin.py:137} INFO - [2023-01-24T18:06:09.670+0000] {dag.py:3441} INFO - Setting next_dagrun for example_branch_datetime_operator_3 to 2023-01-23T00:00:00+00:00, run_after=2023-01-24T00:00:00+00:00
[2023-01-24T18:06:09.708+0000] {processor.py:175} INFO - Processing /home/airflow/.local/lib/python3.7/site-packages/airflow/example_dags/example_branch_datetime_operator.py took 0.174 seconds
[2023-01-24T18:06:40.185+0000] {processor.py:153} INFO - Started process (PID=399) to work on /home/airflow/.local/lib/python3.7/site-packages/airflow/example_dags/example_branch_datetime_operator.py
[2023-01-24T18:06:40.186+0000] {processor.py:743} INFO - Processing file /home/airflow/.local/lib/python3.7/site-packages/airflow/example_dags/example_branch_datetime_operator.py for tasks to queue
[2023-01-24T18:06:40.187+0000] {logging_mixin.py:137} INFO - [2023-01-24T18:06:40.187+0000] {dagbag.py:538} INFO - Filling up the DagBag from /home/airflow/.local/lib/python3.7/site-packages/airflow/example_dags/example_branch_datetime_operator.py
[2023-01-24T18:06:40.215+0000] {processor.py:753} INFO - DAG(s) dict_keys(['example_branch_datetime_operator_2', 'example_branch_datetime_operator_3', 'example_branch_datetime_operator']) retrieved from /home/airflow/.local/lib/python3.7/site-packages/airflow/example_dags/example_branch_datetime_operator.py
[2023-01-24T18:06:40.270+0000] {logging_mixin.py:137} INFO - [2023-01-24T18:06:40.269+0000] {dag.py:2690} INFO - Sync 3 DAGs
[2023-01-24T18:06:40.336+0000] {logging_mixin.py:137} INFO - [2023-01-24T18:06:40.335+0000] {dag.py:3441} INFO - Setting next_dagrun for example_branch_datetime_operator to 2023-01-23T00:00:00+00:00, run_after=2023-01-24T00:00:00+00:00
[2023-01-24T18:06:40.357+0000] {logging_mixin.py:137} INFO - [2023-01-24T18:06:40.357+0000] {dag.py:3441} INFO - Setting next_dagrun for example_branch_datetime_operator_2 to 2023-01-23T00:00:00+00:00, run_after=2023-01-24T00:00:00+00:00
[2023-01-24T18:06:40.361+0000] {logging_mixin.py:137} INFO - [2023-01-24T18:06:40.361+0000] {dag.py:3441} INFO - Setting next_dagrun for example_branch_datetime_operator_3 to 2023-01-23T00:00:00+00:00, run_after=2023-01-24T00:00:00+00:00
[2023-01-24T18:06:40.391+0000] {processor.py:175} INFO - Processing /home/airflow/.local/lib/python3.7/site-packages/airflow/example_dags/example_branch_datetime_operator.py took 0.222 seconds
[2023-01-24T18:07:11.024+0000] {processor.py:153} INFO - Started process (PID=466) to work on /home/airflow/.local/lib/python3.7/site-packages/airflow/example_dags/example_branch_datetime_operator.py
[2023-01-24T18:07:11.025+0000] {processor.py:743} INFO - Processing file /home/airflow/.local/lib/python3.7/site-packages/airflow/example_dags/example_branch_datetime_operator.py for tasks to queue
[2023-01-24T18:07:11.026+0000] {logging_mixin.py:137} INFO - [2023-01-24T18:07:11.026+0000] {dagbag.py:538} INFO - Filling up the DagBag from /home/airflow/.local/lib/python3.7/site-packages/airflow/example_dags/example_branch_datetime_operator.py
[2023-01-24T18:07:11.056+0000] {processor.py:753} INFO - DAG(s) dict_keys(['example_branch_datetime_operator', 'example_branch_datetime_operator_3', 'example_branch_datetime_operator_2']) retrieved from /home/airflow/.local/lib/python3.7/site-packages/airflow/example_dags/example_branch_datetime_operator.py
[2023-01-24T18:07:11.098+0000] {logging_mixin.py:137} INFO - [2023-01-24T18:07:11.097+0000] {dag.py:2690} INFO - Sync 3 DAGs
[2023-01-24T18:07:11.135+0000] {logging_mixin.py:137} INFO - [2023-01-24T18:07:11.134+0000] {dag.py:3441} INFO - Setting next_dagrun for example_branch_datetime_operator to 2023-01-23T00:00:00+00:00, run_after=2023-01-24T00:00:00+00:00
[2023-01-24T18:07:11.142+0000] {logging_mixin.py:137} INFO - [2023-01-24T18:07:11.142+0000] {dag.py:3441} INFO - Setting next_dagrun for example_branch_datetime_operator_2 to 2023-01-23T00:00:00+00:00, run_after=2023-01-24T00:00:00+00:00
[2023-01-24T18:07:11.146+0000] {logging_mixin.py:137} INFO - [2023-01-24T18:07:11.146+0000] {dag.py:3441} INFO - Setting next_dagrun for example_branch_datetime_operator_3 to 2023-01-23T00:00:00+00:00, run_after=2023-01-24T00:00:00+00:00
[2023-01-24T18:07:11.178+0000] {processor.py:175} INFO - Processing /home/airflow/.local/lib/python3.7/site-packages/airflow/example_dags/example_branch_datetime_operator.py took 0.158 seconds
[2023-01-24T18:07:41.457+0000] {processor.py:153} INFO - Started process (PID=529) to work on /home/airflow/.local/lib/python3.7/site-packages/airflow/example_dags/example_branch_datetime_operator.py
[2023-01-24T18:07:41.458+0000] {processor.py:743} INFO - Processing file /home/airflow/.local/lib/python3.7/site-packages/airflow/example_dags/example_branch_datetime_operator.py for tasks to queue
[2023-01-24T18:07:41.459+0000] {logging_mixin.py:137} INFO - [2023-01-24T18:07:41.459+0000] {dagbag.py:538} INFO - Filling up the DagBag from /home/airflow/.local/lib/python3.7/site-packages/airflow/example_dags/example_branch_datetime_operator.py
[2023-01-24T18:07:41.482+0000] {processor.py:753} INFO - DAG(s) dict_keys(['example_branch_datetime_operator', 'example_branch_datetime_operator_3', 'example_branch_datetime_operator_2']) retrieved from /home/airflow/.local/lib/python3.7/site-packages/airflow/example_dags/example_branch_datetime_operator.py
[2023-01-24T18:07:41.515+0000] {logging_mixin.py:137} INFO - [2023-01-24T18:07:41.515+0000] {dag.py:2690} INFO - Sync 3 DAGs
[2023-01-24T18:07:41.550+0000] {logging_mixin.py:137} INFO - [2023-01-24T18:07:41.550+0000] {dag.py:3441} INFO - Setting next_dagrun for example_branch_datetime_operator to 2023-01-23T00:00:00+00:00, run_after=2023-01-24T00:00:00+00:00
[2023-01-24T18:07:41.557+0000] {logging_mixin.py:137} INFO - [2023-01-24T18:07:41.557+0000] {dag.py:3441} INFO - Setting next_dagrun for example_branch_datetime_operator_2 to 2023-01-23T00:00:00+00:00, run_after=2023-01-24T00:00:00+00:00
[2023-01-24T18:07:41.562+0000] {logging_mixin.py:137} INFO - [2023-01-24T18:07:41.561+0000] {dag.py:3441} INFO - Setting next_dagrun for example_branch_datetime_operator_3 to 2023-01-23T00:00:00+00:00, run_after=2023-01-24T00:00:00+00:00
[2023-01-24T18:07:41.591+0000] {processor.py:175} INFO - Processing /home/airflow/.local/lib/python3.7/site-packages/airflow/example_dags/example_branch_datetime_operator.py took 0.139 seconds
[2023-01-24T18:08:12.038+0000] {processor.py:153} INFO - Started process (PID=604) to work on /home/airflow/.local/lib/python3.7/site-packages/airflow/example_dags/example_branch_datetime_operator.py
[2023-01-24T18:08:12.040+0000] {processor.py:743} INFO - Processing file /home/airflow/.local/lib/python3.7/site-packages/airflow/example_dags/example_branch_datetime_operator.py for tasks to queue
[2023-01-24T18:08:12.041+0000] {logging_mixin.py:137} INFO - [2023-01-24T18:08:12.040+0000] {dagbag.py:538} INFO - Filling up the DagBag from /home/airflow/.local/lib/python3.7/site-packages/airflow/example_dags/example_branch_datetime_operator.py
[2023-01-24T18:08:12.060+0000] {processor.py:753} INFO - DAG(s) dict_keys(['example_branch_datetime_operator', 'example_branch_datetime_operator_2', 'example_branch_datetime_operator_3']) retrieved from /home/airflow/.local/lib/python3.7/site-packages/airflow/example_dags/example_branch_datetime_operator.py
[2023-01-24T18:08:12.109+0000] {logging_mixin.py:137} INFO - [2023-01-24T18:08:12.109+0000] {dag.py:2690} INFO - Sync 3 DAGs
[2023-01-24T18:08:12.138+0000] {logging_mixin.py:137} INFO - [2023-01-24T18:08:12.138+0000] {dag.py:3441} INFO - Setting next_dagrun for example_branch_datetime_operator to 2023-01-23T00:00:00+00:00, run_after=2023-01-24T00:00:00+00:00
[2023-01-24T18:08:12.143+0000] {logging_mixin.py:137} INFO - [2023-01-24T18:08:12.143+0000] {dag.py:3441} INFO - Setting next_dagrun for example_branch_datetime_operator_2 to 2023-01-23T00:00:00+00:00, run_after=2023-01-24T00:00:00+00:00
[2023-01-24T18:08:12.146+0000] {logging_mixin.py:137} INFO - [2023-01-24T18:08:12.146+0000] {dag.py:3441} INFO - Setting next_dagrun for example_branch_datetime_operator_3 to 2023-01-23T00:00:00+00:00, run_after=2023-01-24T00:00:00+00:00
[2023-01-24T18:08:12.177+0000] {processor.py:175} INFO - Processing /home/airflow/.local/lib/python3.7/site-packages/airflow/example_dags/example_branch_datetime_operator.py took 0.145 seconds
[2023-01-24T18:08:42.237+0000] {processor.py:153} INFO - Started process (PID=668) to work on /home/airflow/.local/lib/python3.7/site-packages/airflow/example_dags/example_branch_datetime_operator.py
[2023-01-24T18:08:42.238+0000] {processor.py:743} INFO - Processing file /home/airflow/.local/lib/python3.7/site-packages/airflow/example_dags/example_branch_datetime_operator.py for tasks to queue
[2023-01-24T18:08:42.239+0000] {logging_mixin.py:137} INFO - [2023-01-24T18:08:42.239+0000] {dagbag.py:538} INFO - Filling up the DagBag from /home/airflow/.local/lib/python3.7/site-packages/airflow/example_dags/example_branch_datetime_operator.py
[2023-01-24T18:08:42.265+0000] {processor.py:753} INFO - DAG(s) dict_keys(['example_branch_datetime_operator', 'example_branch_datetime_operator_2', 'example_branch_datetime_operator_3']) retrieved from /home/airflow/.local/lib/python3.7/site-packages/airflow/example_dags/example_branch_datetime_operator.py
[2023-01-24T18:08:42.302+0000] {logging_mixin.py:137} INFO - [2023-01-24T18:08:42.301+0000] {dag.py:2690} INFO - Sync 3 DAGs
[2023-01-24T18:08:42.330+0000] {logging_mixin.py:137} INFO - [2023-01-24T18:08:42.330+0000] {dag.py:3441} INFO - Setting next_dagrun for example_branch_datetime_operator to 2023-01-23T00:00:00+00:00, run_after=2023-01-24T00:00:00+00:00
[2023-01-24T18:08:42.334+0000] {logging_mixin.py:137} INFO - [2023-01-24T18:08:42.334+0000] {dag.py:3441} INFO - Setting next_dagrun for example_branch_datetime_operator_2 to 2023-01-23T00:00:00+00:00, run_after=2023-01-24T00:00:00+00:00
[2023-01-24T18:08:42.337+0000] {logging_mixin.py:137} INFO - [2023-01-24T18:08:42.337+0000] {dag.py:3441} INFO - Setting next_dagrun for example_branch_datetime_operator_3 to 2023-01-23T00:00:00+00:00, run_after=2023-01-24T00:00:00+00:00
[2023-01-24T18:08:42.365+0000] {processor.py:175} INFO - Processing /home/airflow/.local/lib/python3.7/site-packages/airflow/example_dags/example_branch_datetime_operator.py took 0.133 seconds
[2023-01-24T18:09:12.888+0000] {processor.py:153} INFO - Started process (PID=741) to work on /home/airflow/.local/lib/python3.7/site-packages/airflow/example_dags/example_branch_datetime_operator.py
[2023-01-24T18:09:12.889+0000] {processor.py:743} INFO - Processing file /home/airflow/.local/lib/python3.7/site-packages/airflow/example_dags/example_branch_datetime_operator.py for tasks to queue
[2023-01-24T18:09:12.889+0000] {logging_mixin.py:137} INFO - [2023-01-24T18:09:12.889+0000] {dagbag.py:538} INFO - Filling up the DagBag from /home/airflow/.local/lib/python3.7/site-packages/airflow/example_dags/example_branch_datetime_operator.py
[2023-01-24T18:09:12.915+0000] {processor.py:753} INFO - DAG(s) dict_keys(['example_branch_datetime_operator_3', 'example_branch_datetime_operator_2', 'example_branch_datetime_operator']) retrieved from /home/airflow/.local/lib/python3.7/site-packages/airflow/example_dags/example_branch_datetime_operator.py
[2023-01-24T18:09:12.967+0000] {logging_mixin.py:137} INFO - [2023-01-24T18:09:12.966+0000] {dag.py:2690} INFO - Sync 3 DAGs
[2023-01-24T18:09:13.002+0000] {logging_mixin.py:137} INFO - [2023-01-24T18:09:13.001+0000] {dag.py:3441} INFO - Setting next_dagrun for example_branch_datetime_operator to 2023-01-23T00:00:00+00:00, run_after=2023-01-24T00:00:00+00:00
[2023-01-24T18:09:13.006+0000] {logging_mixin.py:137} INFO - [2023-01-24T18:09:13.006+0000] {dag.py:3441} INFO - Setting next_dagrun for example_branch_datetime_operator_2 to 2023-01-23T00:00:00+00:00, run_after=2023-01-24T00:00:00+00:00
[2023-01-24T18:09:13.009+0000] {logging_mixin.py:137} INFO - [2023-01-24T18:09:13.009+0000] {dag.py:3441} INFO - Setting next_dagrun for example_branch_datetime_operator_3 to 2023-01-23T00:00:00+00:00, run_after=2023-01-24T00:00:00+00:00
[2023-01-24T18:09:13.033+0000] {processor.py:175} INFO - Processing /home/airflow/.local/lib/python3.7/site-packages/airflow/example_dags/example_branch_datetime_operator.py took 0.153 seconds
[2023-01-24T18:09:43.267+0000] {processor.py:153} INFO - Started process (PID=807) to work on /home/airflow/.local/lib/python3.7/site-packages/airflow/example_dags/example_branch_datetime_operator.py
[2023-01-24T18:09:43.268+0000] {processor.py:743} INFO - Processing file /home/airflow/.local/lib/python3.7/site-packages/airflow/example_dags/example_branch_datetime_operator.py for tasks to queue
[2023-01-24T18:09:43.268+0000] {logging_mixin.py:137} INFO - [2023-01-24T18:09:43.268+0000] {dagbag.py:538} INFO - Filling up the DagBag from /home/airflow/.local/lib/python3.7/site-packages/airflow/example_dags/example_branch_datetime_operator.py
[2023-01-24T18:09:43.287+0000] {processor.py:753} INFO - DAG(s) dict_keys(['example_branch_datetime_operator_3', 'example_branch_datetime_operator_2', 'example_branch_datetime_operator']) retrieved from /home/airflow/.local/lib/python3.7/site-packages/airflow/example_dags/example_branch_datetime_operator.py
[2023-01-24T18:09:43.323+0000] {logging_mixin.py:137} INFO - [2023-01-24T18:09:43.323+0000] {dag.py:2690} INFO - Sync 3 DAGs
[2023-01-24T18:09:43.351+0000] {logging_mixin.py:137} INFO - [2023-01-24T18:09:43.351+0000] {dag.py:3441} INFO - Setting next_dagrun for example_branch_datetime_operator to 2023-01-23T00:00:00+00:00, run_after=2023-01-24T00:00:00+00:00
[2023-01-24T18:09:43.356+0000] {logging_mixin.py:137} INFO - [2023-01-24T18:09:43.356+0000] {dag.py:3441} INFO - Setting next_dagrun for example_branch_datetime_operator_2 to 2023-01-23T00:00:00+00:00, run_after=2023-01-24T00:00:00+00:00
[2023-01-24T18:09:43.358+0000] {logging_mixin.py:137} INFO - [2023-01-24T18:09:43.358+0000] {dag.py:3441} INFO - Setting next_dagrun for example_branch_datetime_operator_3 to 2023-01-23T00:00:00+00:00, run_after=2023-01-24T00:00:00+00:00
[2023-01-24T18:09:43.385+0000] {processor.py:175} INFO - Processing /home/airflow/.local/lib/python3.7/site-packages/airflow/example_dags/example_branch_datetime_operator.py took 0.123 seconds
[2023-01-24T18:10:14.002+0000] {processor.py:153} INFO - Started process (PID=870) to work on /home/airflow/.local/lib/python3.7/site-packages/airflow/example_dags/example_branch_datetime_operator.py
[2023-01-24T18:10:14.003+0000] {processor.py:743} INFO - Processing file /home/airflow/.local/lib/python3.7/site-packages/airflow/example_dags/example_branch_datetime_operator.py for tasks to queue
[2023-01-24T18:10:14.004+0000] {logging_mixin.py:137} INFO - [2023-01-24T18:10:14.004+0000] {dagbag.py:538} INFO - Filling up the DagBag from /home/airflow/.local/lib/python3.7/site-packages/airflow/example_dags/example_branch_datetime_operator.py
[2023-01-24T18:10:14.025+0000] {processor.py:753} INFO - DAG(s) dict_keys(['example_branch_datetime_operator_2', 'example_branch_datetime_operator', 'example_branch_datetime_operator_3']) retrieved from /home/airflow/.local/lib/python3.7/site-packages/airflow/example_dags/example_branch_datetime_operator.py
[2023-01-24T18:10:14.061+0000] {logging_mixin.py:137} INFO - [2023-01-24T18:10:14.061+0000] {dag.py:2690} INFO - Sync 3 DAGs
[2023-01-24T18:10:14.088+0000] {logging_mixin.py:137} INFO - [2023-01-24T18:10:14.088+0000] {dag.py:3441} INFO - Setting next_dagrun for example_branch_datetime_operator to 2023-01-23T00:00:00+00:00, run_after=2023-01-24T00:00:00+00:00
[2023-01-24T18:10:14.093+0000] {logging_mixin.py:137} INFO - [2023-01-24T18:10:14.093+0000] {dag.py:3441} INFO - Setting next_dagrun for example_branch_datetime_operator_2 to 2023-01-23T00:00:00+00:00, run_after=2023-01-24T00:00:00+00:00
[2023-01-24T18:10:14.096+0000] {logging_mixin.py:137} INFO - [2023-01-24T18:10:14.095+0000] {dag.py:3441} INFO - Setting next_dagrun for example_branch_datetime_operator_3 to 2023-01-23T00:00:00+00:00, run_after=2023-01-24T00:00:00+00:00
[2023-01-24T18:10:14.122+0000] {processor.py:175} INFO - Processing /home/airflow/.local/lib/python3.7/site-packages/airflow/example_dags/example_branch_datetime_operator.py took 0.125 seconds
[2023-01-24T18:10:44.279+0000] {processor.py:153} INFO - Started process (PID=934) to work on /home/airflow/.local/lib/python3.7/site-packages/airflow/example_dags/example_branch_datetime_operator.py
[2023-01-24T18:10:44.280+0000] {processor.py:743} INFO - Processing file /home/airflow/.local/lib/python3.7/site-packages/airflow/example_dags/example_branch_datetime_operator.py for tasks to queue
[2023-01-24T18:10:44.281+0000] {logging_mixin.py:137} INFO - [2023-01-24T18:10:44.281+0000] {dagbag.py:538} INFO - Filling up the DagBag from /home/airflow/.local/lib/python3.7/site-packages/airflow/example_dags/example_branch_datetime_operator.py
[2023-01-24T18:10:44.306+0000] {processor.py:753} INFO - DAG(s) dict_keys(['example_branch_datetime_operator', 'example_branch_datetime_operator_3', 'example_branch_datetime_operator_2']) retrieved from /home/airflow/.local/lib/python3.7/site-packages/airflow/example_dags/example_branch_datetime_operator.py
[2023-01-24T18:10:44.422+0000] {logging_mixin.py:137} INFO - [2023-01-24T18:10:44.422+0000] {dag.py:2690} INFO - Sync 3 DAGs
[2023-01-24T18:10:44.457+0000] {logging_mixin.py:137} INFO - [2023-01-24T18:10:44.456+0000] {dag.py:3441} INFO - Setting next_dagrun for example_branch_datetime_operator to 2023-01-23T00:00:00+00:00, run_after=2023-01-24T00:00:00+00:00
[2023-01-24T18:10:44.462+0000] {logging_mixin.py:137} INFO - [2023-01-24T18:10:44.462+0000] {dag.py:3441} INFO - Setting next_dagrun for example_branch_datetime_operator_2 to 2023-01-23T00:00:00+00:00, run_after=2023-01-24T00:00:00+00:00
[2023-01-24T18:10:44.465+0000] {logging_mixin.py:137} INFO - [2023-01-24T18:10:44.465+0000] {dag.py:3441} INFO - Setting next_dagrun for example_branch_datetime_operator_3 to 2023-01-23T00:00:00+00:00, run_after=2023-01-24T00:00:00+00:00
[2023-01-24T18:10:44.495+0000] {processor.py:175} INFO - Processing /home/airflow/.local/lib/python3.7/site-packages/airflow/example_dags/example_branch_datetime_operator.py took 0.222 seconds
[2023-01-24T18:11:14.562+0000] {processor.py:153} INFO - Started process (PID=1010) to work on /home/airflow/.local/lib/python3.7/site-packages/airflow/example_dags/example_branch_datetime_operator.py
[2023-01-24T18:11:14.563+0000] {processor.py:743} INFO - Processing file /home/airflow/.local/lib/python3.7/site-packages/airflow/example_dags/example_branch_datetime_operator.py for tasks to queue
[2023-01-24T18:11:14.564+0000] {logging_mixin.py:137} INFO - [2023-01-24T18:11:14.564+0000] {dagbag.py:538} INFO - Filling up the DagBag from /home/airflow/.local/lib/python3.7/site-packages/airflow/example_dags/example_branch_datetime_operator.py
[2023-01-24T18:11:14.582+0000] {processor.py:753} INFO - DAG(s) dict_keys(['example_branch_datetime_operator_3', 'example_branch_datetime_operator_2', 'example_branch_datetime_operator']) retrieved from /home/airflow/.local/lib/python3.7/site-packages/airflow/example_dags/example_branch_datetime_operator.py
[2023-01-24T18:11:14.619+0000] {logging_mixin.py:137} INFO - [2023-01-24T18:11:14.619+0000] {dag.py:2690} INFO - Sync 3 DAGs
[2023-01-24T18:11:14.648+0000] {logging_mixin.py:137} INFO - [2023-01-24T18:11:14.648+0000] {dag.py:3441} INFO - Setting next_dagrun for example_branch_datetime_operator to 2023-01-23T00:00:00+00:00, run_after=2023-01-24T00:00:00+00:00
[2023-01-24T18:11:14.653+0000] {logging_mixin.py:137} INFO - [2023-01-24T18:11:14.653+0000] {dag.py:3441} INFO - Setting next_dagrun for example_branch_datetime_operator_2 to 2023-01-23T00:00:00+00:00, run_after=2023-01-24T00:00:00+00:00
[2023-01-24T18:11:14.655+0000] {logging_mixin.py:137} INFO - [2023-01-24T18:11:14.655+0000] {dag.py:3441} INFO - Setting next_dagrun for example_branch_datetime_operator_3 to 2023-01-23T00:00:00+00:00, run_after=2023-01-24T00:00:00+00:00
[2023-01-24T18:11:14.680+0000] {processor.py:175} INFO - Processing /home/airflow/.local/lib/python3.7/site-packages/airflow/example_dags/example_branch_datetime_operator.py took 0.122 seconds
[2023-01-24T18:11:44.995+0000] {processor.py:153} INFO - Started process (PID=1075) to work on /home/airflow/.local/lib/python3.7/site-packages/airflow/example_dags/example_branch_datetime_operator.py
[2023-01-24T18:11:44.996+0000] {processor.py:743} INFO - Processing file /home/airflow/.local/lib/python3.7/site-packages/airflow/example_dags/example_branch_datetime_operator.py for tasks to queue
[2023-01-24T18:11:44.996+0000] {logging_mixin.py:137} INFO - [2023-01-24T18:11:44.996+0000] {dagbag.py:538} INFO - Filling up the DagBag from /home/airflow/.local/lib/python3.7/site-packages/airflow/example_dags/example_branch_datetime_operator.py
[2023-01-24T18:11:45.016+0000] {processor.py:753} INFO - DAG(s) dict_keys(['example_branch_datetime_operator_2', 'example_branch_datetime_operator_3', 'example_branch_datetime_operator']) retrieved from /home/airflow/.local/lib/python3.7/site-packages/airflow/example_dags/example_branch_datetime_operator.py
[2023-01-24T18:11:45.053+0000] {logging_mixin.py:137} INFO - [2023-01-24T18:11:45.053+0000] {dag.py:2690} INFO - Sync 3 DAGs
[2023-01-24T18:11:45.087+0000] {logging_mixin.py:137} INFO - [2023-01-24T18:11:45.087+0000] {dag.py:3441} INFO - Setting next_dagrun for example_branch_datetime_operator to 2023-01-23T00:00:00+00:00, run_after=2023-01-24T00:00:00+00:00
[2023-01-24T18:11:45.094+0000] {logging_mixin.py:137} INFO - [2023-01-24T18:11:45.094+0000] {dag.py:3441} INFO - Setting next_dagrun for example_branch_datetime_operator_2 to 2023-01-23T00:00:00+00:00, run_after=2023-01-24T00:00:00+00:00
[2023-01-24T18:11:45.098+0000] {logging_mixin.py:137} INFO - [2023-01-24T18:11:45.098+0000] {dag.py:3441} INFO - Setting next_dagrun for example_branch_datetime_operator_3 to 2023-01-23T00:00:00+00:00, run_after=2023-01-24T00:00:00+00:00
[2023-01-24T18:11:45.130+0000] {processor.py:175} INFO - Processing /home/airflow/.local/lib/python3.7/site-packages/airflow/example_dags/example_branch_datetime_operator.py took 0.140 seconds
[2023-01-24T18:12:15.912+0000] {processor.py:153} INFO - Started process (PID=1148) to work on /home/airflow/.local/lib/python3.7/site-packages/airflow/example_dags/example_branch_datetime_operator.py
[2023-01-24T18:12:15.913+0000] {processor.py:743} INFO - Processing file /home/airflow/.local/lib/python3.7/site-packages/airflow/example_dags/example_branch_datetime_operator.py for tasks to queue
[2023-01-24T18:12:15.914+0000] {logging_mixin.py:137} INFO - [2023-01-24T18:12:15.914+0000] {dagbag.py:538} INFO - Filling up the DagBag from /home/airflow/.local/lib/python3.7/site-packages/airflow/example_dags/example_branch_datetime_operator.py
[2023-01-24T18:12:15.938+0000] {processor.py:753} INFO - DAG(s) dict_keys(['example_branch_datetime_operator', 'example_branch_datetime_operator_3', 'example_branch_datetime_operator_2']) retrieved from /home/airflow/.local/lib/python3.7/site-packages/airflow/example_dags/example_branch_datetime_operator.py
[2023-01-24T18:12:15.985+0000] {logging_mixin.py:137} INFO - [2023-01-24T18:12:15.985+0000] {dag.py:2690} INFO - Sync 3 DAGs
[2023-01-24T18:12:16.035+0000] {logging_mixin.py:137} INFO - [2023-01-24T18:12:16.035+0000] {dag.py:3441} INFO - Setting next_dagrun for example_branch_datetime_operator to 2023-01-23T00:00:00+00:00, run_after=2023-01-24T00:00:00+00:00
[2023-01-24T18:12:16.050+0000] {logging_mixin.py:137} INFO - [2023-01-24T18:12:16.050+0000] {dag.py:3441} INFO - Setting next_dagrun for example_branch_datetime_operator_2 to 2023-01-23T00:00:00+00:00, run_after=2023-01-24T00:00:00+00:00
[2023-01-24T18:12:16.058+0000] {logging_mixin.py:137} INFO - [2023-01-24T18:12:16.058+0000] {dag.py:3441} INFO - Setting next_dagrun for example_branch_datetime_operator_3 to 2023-01-23T00:00:00+00:00, run_after=2023-01-24T00:00:00+00:00
[2023-01-24T18:12:16.118+0000] {processor.py:175} INFO - Processing /home/airflow/.local/lib/python3.7/site-packages/airflow/example_dags/example_branch_datetime_operator.py took 0.212 seconds
[2023-01-24T18:12:46.676+0000] {processor.py:153} INFO - Started process (PID=1215) to work on /home/airflow/.local/lib/python3.7/site-packages/airflow/example_dags/example_branch_datetime_operator.py
[2023-01-24T18:12:46.678+0000] {processor.py:743} INFO - Processing file /home/airflow/.local/lib/python3.7/site-packages/airflow/example_dags/example_branch_datetime_operator.py for tasks to queue
[2023-01-24T18:12:46.679+0000] {logging_mixin.py:137} INFO - [2023-01-24T18:12:46.678+0000] {dagbag.py:538} INFO - Filling up the DagBag from /home/airflow/.local/lib/python3.7/site-packages/airflow/example_dags/example_branch_datetime_operator.py
[2023-01-24T18:12:46.707+0000] {processor.py:753} INFO - DAG(s) dict_keys(['example_branch_datetime_operator', 'example_branch_datetime_operator_3', 'example_branch_datetime_operator_2']) retrieved from /home/airflow/.local/lib/python3.7/site-packages/airflow/example_dags/example_branch_datetime_operator.py
[2023-01-24T18:12:46.757+0000] {logging_mixin.py:137} INFO - [2023-01-24T18:12:46.757+0000] {dag.py:2690} INFO - Sync 3 DAGs
[2023-01-24T18:12:46.798+0000] {logging_mixin.py:137} INFO - [2023-01-24T18:12:46.798+0000] {dag.py:3441} INFO - Setting next_dagrun for example_branch_datetime_operator to 2023-01-23T00:00:00+00:00, run_after=2023-01-24T00:00:00+00:00
[2023-01-24T18:12:46.806+0000] {logging_mixin.py:137} INFO - [2023-01-24T18:12:46.806+0000] {dag.py:3441} INFO - Setting next_dagrun for example_branch_datetime_operator_2 to 2023-01-23T00:00:00+00:00, run_after=2023-01-24T00:00:00+00:00
[2023-01-24T18:12:46.809+0000] {logging_mixin.py:137} INFO - [2023-01-24T18:12:46.809+0000] {dag.py:3441} INFO - Setting next_dagrun for example_branch_datetime_operator_3 to 2023-01-23T00:00:00+00:00, run_after=2023-01-24T00:00:00+00:00
[2023-01-24T18:12:46.835+0000] {processor.py:175} INFO - Processing /home/airflow/.local/lib/python3.7/site-packages/airflow/example_dags/example_branch_datetime_operator.py took 0.164 seconds
[2023-01-24T18:13:17.022+0000] {processor.py:153} INFO - Started process (PID=1278) to work on /home/airflow/.local/lib/python3.7/site-packages/airflow/example_dags/example_branch_datetime_operator.py
[2023-01-24T18:13:17.023+0000] {processor.py:743} INFO - Processing file /home/airflow/.local/lib/python3.7/site-packages/airflow/example_dags/example_branch_datetime_operator.py for tasks to queue
[2023-01-24T18:13:17.024+0000] {logging_mixin.py:137} INFO - [2023-01-24T18:13:17.024+0000] {dagbag.py:538} INFO - Filling up the DagBag from /home/airflow/.local/lib/python3.7/site-packages/airflow/example_dags/example_branch_datetime_operator.py
[2023-01-24T18:13:17.042+0000] {processor.py:753} INFO - DAG(s) dict_keys(['example_branch_datetime_operator_2', 'example_branch_datetime_operator_3', 'example_branch_datetime_operator']) retrieved from /home/airflow/.local/lib/python3.7/site-packages/airflow/example_dags/example_branch_datetime_operator.py
[2023-01-24T18:13:17.086+0000] {logging_mixin.py:137} INFO - [2023-01-24T18:13:17.086+0000] {dag.py:2690} INFO - Sync 3 DAGs
[2023-01-24T18:13:17.119+0000] {logging_mixin.py:137} INFO - [2023-01-24T18:13:17.119+0000] {dag.py:3441} INFO - Setting next_dagrun for example_branch_datetime_operator to 2023-01-23T00:00:00+00:00, run_after=2023-01-24T00:00:00+00:00
[2023-01-24T18:13:17.125+0000] {logging_mixin.py:137} INFO - [2023-01-24T18:13:17.125+0000] {dag.py:3441} INFO - Setting next_dagrun for example_branch_datetime_operator_2 to 2023-01-23T00:00:00+00:00, run_after=2023-01-24T00:00:00+00:00
[2023-01-24T18:13:17.127+0000] {logging_mixin.py:137} INFO - [2023-01-24T18:13:17.127+0000] {dag.py:3441} INFO - Setting next_dagrun for example_branch_datetime_operator_3 to 2023-01-23T00:00:00+00:00, run_after=2023-01-24T00:00:00+00:00
[2023-01-24T18:13:17.151+0000] {processor.py:175} INFO - Processing /home/airflow/.local/lib/python3.7/site-packages/airflow/example_dags/example_branch_datetime_operator.py took 0.134 seconds
[2023-01-24T18:13:48.009+0000] {processor.py:153} INFO - Started process (PID=1355) to work on /home/airflow/.local/lib/python3.7/site-packages/airflow/example_dags/example_branch_datetime_operator.py
[2023-01-24T18:13:48.010+0000] {processor.py:743} INFO - Processing file /home/airflow/.local/lib/python3.7/site-packages/airflow/example_dags/example_branch_datetime_operator.py for tasks to queue
[2023-01-24T18:13:48.011+0000] {logging_mixin.py:137} INFO - [2023-01-24T18:13:48.011+0000] {dagbag.py:538} INFO - Filling up the DagBag from /home/airflow/.local/lib/python3.7/site-packages/airflow/example_dags/example_branch_datetime_operator.py
[2023-01-24T18:13:48.041+0000] {processor.py:753} INFO - DAG(s) dict_keys(['example_branch_datetime_operator_2', 'example_branch_datetime_operator', 'example_branch_datetime_operator_3']) retrieved from /home/airflow/.local/lib/python3.7/site-packages/airflow/example_dags/example_branch_datetime_operator.py
[2023-01-24T18:13:48.091+0000] {logging_mixin.py:137} INFO - [2023-01-24T18:13:48.090+0000] {dag.py:2690} INFO - Sync 3 DAGs
[2023-01-24T18:13:48.134+0000] {logging_mixin.py:137} INFO - [2023-01-24T18:13:48.134+0000] {dag.py:3441} INFO - Setting next_dagrun for example_branch_datetime_operator to 2023-01-23T00:00:00+00:00, run_after=2023-01-24T00:00:00+00:00
[2023-01-24T18:13:48.141+0000] {logging_mixin.py:137} INFO - [2023-01-24T18:13:48.141+0000] {dag.py:3441} INFO - Setting next_dagrun for example_branch_datetime_operator_2 to 2023-01-23T00:00:00+00:00, run_after=2023-01-24T00:00:00+00:00
[2023-01-24T18:13:48.145+0000] {logging_mixin.py:137} INFO - [2023-01-24T18:13:48.145+0000] {dag.py:3441} INFO - Setting next_dagrun for example_branch_datetime_operator_3 to 2023-01-23T00:00:00+00:00, run_after=2023-01-24T00:00:00+00:00
[2023-01-24T18:13:48.179+0000] {processor.py:175} INFO - Processing /home/airflow/.local/lib/python3.7/site-packages/airflow/example_dags/example_branch_datetime_operator.py took 0.176 seconds
[2023-01-24T18:14:19.069+0000] {processor.py:153} INFO - Started process (PID=1418) to work on /home/airflow/.local/lib/python3.7/site-packages/airflow/example_dags/example_branch_datetime_operator.py
[2023-01-24T18:14:19.070+0000] {processor.py:743} INFO - Processing file /home/airflow/.local/lib/python3.7/site-packages/airflow/example_dags/example_branch_datetime_operator.py for tasks to queue
[2023-01-24T18:14:19.070+0000] {logging_mixin.py:137} INFO - [2023-01-24T18:14:19.070+0000] {dagbag.py:538} INFO - Filling up the DagBag from /home/airflow/.local/lib/python3.7/site-packages/airflow/example_dags/example_branch_datetime_operator.py
[2023-01-24T18:14:19.089+0000] {processor.py:753} INFO - DAG(s) dict_keys(['example_branch_datetime_operator', 'example_branch_datetime_operator_3', 'example_branch_datetime_operator_2']) retrieved from /home/airflow/.local/lib/python3.7/site-packages/airflow/example_dags/example_branch_datetime_operator.py
[2023-01-24T18:14:19.130+0000] {logging_mixin.py:137} INFO - [2023-01-24T18:14:19.129+0000] {dag.py:2690} INFO - Sync 3 DAGs
[2023-01-24T18:14:19.164+0000] {logging_mixin.py:137} INFO - [2023-01-24T18:14:19.163+0000] {dag.py:3441} INFO - Setting next_dagrun for example_branch_datetime_operator to 2023-01-23T00:00:00+00:00, run_after=2023-01-24T00:00:00+00:00
[2023-01-24T18:14:19.168+0000] {logging_mixin.py:137} INFO - [2023-01-24T18:14:19.168+0000] {dag.py:3441} INFO - Setting next_dagrun for example_branch_datetime_operator_2 to 2023-01-23T00:00:00+00:00, run_after=2023-01-24T00:00:00+00:00
[2023-01-24T18:14:19.172+0000] {logging_mixin.py:137} INFO - [2023-01-24T18:14:19.172+0000] {dag.py:3441} INFO - Setting next_dagrun for example_branch_datetime_operator_3 to 2023-01-23T00:00:00+00:00, run_after=2023-01-24T00:00:00+00:00
[2023-01-24T18:14:19.203+0000] {processor.py:175} INFO - Processing /home/airflow/.local/lib/python3.7/site-packages/airflow/example_dags/example_branch_datetime_operator.py took 0.139 seconds
[2023-01-24T18:14:50.073+0000] {processor.py:153} INFO - Started process (PID=1495) to work on /home/airflow/.local/lib/python3.7/site-packages/airflow/example_dags/example_branch_datetime_operator.py
[2023-01-24T18:14:50.075+0000] {processor.py:743} INFO - Processing file /home/airflow/.local/lib/python3.7/site-packages/airflow/example_dags/example_branch_datetime_operator.py for tasks to queue
[2023-01-24T18:14:50.081+0000] {logging_mixin.py:137} INFO - [2023-01-24T18:14:50.076+0000] {dagbag.py:538} INFO - Filling up the DagBag from /home/airflow/.local/lib/python3.7/site-packages/airflow/example_dags/example_branch_datetime_operator.py
[2023-01-24T18:14:50.107+0000] {processor.py:753} INFO - DAG(s) dict_keys(['example_branch_datetime_operator_2', 'example_branch_datetime_operator', 'example_branch_datetime_operator_3']) retrieved from /home/airflow/.local/lib/python3.7/site-packages/airflow/example_dags/example_branch_datetime_operator.py
[2023-01-24T18:14:50.159+0000] {logging_mixin.py:137} INFO - [2023-01-24T18:14:50.159+0000] {dag.py:2690} INFO - Sync 3 DAGs
[2023-01-24T18:14:50.202+0000] {logging_mixin.py:137} INFO - [2023-01-24T18:14:50.202+0000] {dag.py:3441} INFO - Setting next_dagrun for example_branch_datetime_operator to 2023-01-23T00:00:00+00:00, run_after=2023-01-24T00:00:00+00:00
[2023-01-24T18:14:50.209+0000] {logging_mixin.py:137} INFO - [2023-01-24T18:14:50.209+0000] {dag.py:3441} INFO - Setting next_dagrun for example_branch_datetime_operator_2 to 2023-01-23T00:00:00+00:00, run_after=2023-01-24T00:00:00+00:00
[2023-01-24T18:14:50.213+0000] {logging_mixin.py:137} INFO - [2023-01-24T18:14:50.213+0000] {dag.py:3441} INFO - Setting next_dagrun for example_branch_datetime_operator_3 to 2023-01-23T00:00:00+00:00, run_after=2023-01-24T00:00:00+00:00
[2023-01-24T18:14:50.243+0000] {processor.py:175} INFO - Processing /home/airflow/.local/lib/python3.7/site-packages/airflow/example_dags/example_branch_datetime_operator.py took 0.176 seconds
[2023-01-24T18:15:20.948+0000] {processor.py:153} INFO - Started process (PID=1559) to work on /home/airflow/.local/lib/python3.7/site-packages/airflow/example_dags/example_branch_datetime_operator.py
[2023-01-24T18:15:20.949+0000] {processor.py:743} INFO - Processing file /home/airflow/.local/lib/python3.7/site-packages/airflow/example_dags/example_branch_datetime_operator.py for tasks to queue
[2023-01-24T18:15:20.950+0000] {logging_mixin.py:137} INFO - [2023-01-24T18:15:20.949+0000] {dagbag.py:538} INFO - Filling up the DagBag from /home/airflow/.local/lib/python3.7/site-packages/airflow/example_dags/example_branch_datetime_operator.py
[2023-01-24T18:15:20.970+0000] {processor.py:753} INFO - DAG(s) dict_keys(['example_branch_datetime_operator', 'example_branch_datetime_operator_2', 'example_branch_datetime_operator_3']) retrieved from /home/airflow/.local/lib/python3.7/site-packages/airflow/example_dags/example_branch_datetime_operator.py
[2023-01-24T18:15:21.009+0000] {logging_mixin.py:137} INFO - [2023-01-24T18:15:21.009+0000] {dag.py:2690} INFO - Sync 3 DAGs
[2023-01-24T18:15:21.039+0000] {logging_mixin.py:137} INFO - [2023-01-24T18:15:21.039+0000] {dag.py:3441} INFO - Setting next_dagrun for example_branch_datetime_operator to 2023-01-23T00:00:00+00:00, run_after=2023-01-24T00:00:00+00:00
[2023-01-24T18:15:21.044+0000] {logging_mixin.py:137} INFO - [2023-01-24T18:15:21.044+0000] {dag.py:3441} INFO - Setting next_dagrun for example_branch_datetime_operator_2 to 2023-01-23T00:00:00+00:00, run_after=2023-01-24T00:00:00+00:00
[2023-01-24T18:15:21.046+0000] {logging_mixin.py:137} INFO - [2023-01-24T18:15:21.046+0000] {dag.py:3441} INFO - Setting next_dagrun for example_branch_datetime_operator_3 to 2023-01-23T00:00:00+00:00, run_after=2023-01-24T00:00:00+00:00
[2023-01-24T18:15:21.073+0000] {processor.py:175} INFO - Processing /home/airflow/.local/lib/python3.7/site-packages/airflow/example_dags/example_branch_datetime_operator.py took 0.129 seconds
[2023-01-24T18:15:51.991+0000] {processor.py:153} INFO - Started process (PID=1622) to work on /home/airflow/.local/lib/python3.7/site-packages/airflow/example_dags/example_branch_datetime_operator.py
[2023-01-24T18:15:51.992+0000] {processor.py:743} INFO - Processing file /home/airflow/.local/lib/python3.7/site-packages/airflow/example_dags/example_branch_datetime_operator.py for tasks to queue
[2023-01-24T18:15:51.993+0000] {logging_mixin.py:137} INFO - [2023-01-24T18:15:51.993+0000] {dagbag.py:538} INFO - Filling up the DagBag from /home/airflow/.local/lib/python3.7/site-packages/airflow/example_dags/example_branch_datetime_operator.py
[2023-01-24T18:15:52.020+0000] {processor.py:753} INFO - DAG(s) dict_keys(['example_branch_datetime_operator_2', 'example_branch_datetime_operator', 'example_branch_datetime_operator_3']) retrieved from /home/airflow/.local/lib/python3.7/site-packages/airflow/example_dags/example_branch_datetime_operator.py
[2023-01-24T18:15:52.073+0000] {logging_mixin.py:137} INFO - [2023-01-24T18:15:52.073+0000] {dag.py:2690} INFO - Sync 3 DAGs
[2023-01-24T18:15:52.117+0000] {logging_mixin.py:137} INFO - [2023-01-24T18:15:52.117+0000] {dag.py:3441} INFO - Setting next_dagrun for example_branch_datetime_operator to 2023-01-23T00:00:00+00:00, run_after=2023-01-24T00:00:00+00:00
[2023-01-24T18:15:52.126+0000] {logging_mixin.py:137} INFO - [2023-01-24T18:15:52.126+0000] {dag.py:3441} INFO - Setting next_dagrun for example_branch_datetime_operator_2 to 2023-01-23T00:00:00+00:00, run_after=2023-01-24T00:00:00+00:00
[2023-01-24T18:15:52.133+0000] {logging_mixin.py:137} INFO - [2023-01-24T18:15:52.133+0000] {dag.py:3441} INFO - Setting next_dagrun for example_branch_datetime_operator_3 to 2023-01-23T00:00:00+00:00, run_after=2023-01-24T00:00:00+00:00
[2023-01-24T18:15:52.165+0000] {processor.py:175} INFO - Processing /home/airflow/.local/lib/python3.7/site-packages/airflow/example_dags/example_branch_datetime_operator.py took 0.180 seconds
[2023-01-24T18:16:22.502+0000] {processor.py:153} INFO - Started process (PID=1697) to work on /home/airflow/.local/lib/python3.7/site-packages/airflow/example_dags/example_branch_datetime_operator.py
[2023-01-24T18:16:22.503+0000] {processor.py:743} INFO - Processing file /home/airflow/.local/lib/python3.7/site-packages/airflow/example_dags/example_branch_datetime_operator.py for tasks to queue
[2023-01-24T18:16:22.504+0000] {logging_mixin.py:137} INFO - [2023-01-24T18:16:22.504+0000] {dagbag.py:538} INFO - Filling up the DagBag from /home/airflow/.local/lib/python3.7/site-packages/airflow/example_dags/example_branch_datetime_operator.py
[2023-01-24T18:16:22.523+0000] {processor.py:753} INFO - DAG(s) dict_keys(['example_branch_datetime_operator_2', 'example_branch_datetime_operator_3', 'example_branch_datetime_operator']) retrieved from /home/airflow/.local/lib/python3.7/site-packages/airflow/example_dags/example_branch_datetime_operator.py
[2023-01-24T18:16:22.571+0000] {logging_mixin.py:137} INFO - [2023-01-24T18:16:22.571+0000] {dag.py:2690} INFO - Sync 3 DAGs
[2023-01-24T18:16:22.610+0000] {logging_mixin.py:137} INFO - [2023-01-24T18:16:22.609+0000] {dag.py:3441} INFO - Setting next_dagrun for example_branch_datetime_operator to 2023-01-23T00:00:00+00:00, run_after=2023-01-24T00:00:00+00:00
[2023-01-24T18:16:22.618+0000] {logging_mixin.py:137} INFO - [2023-01-24T18:16:22.618+0000] {dag.py:3441} INFO - Setting next_dagrun for example_branch_datetime_operator_2 to 2023-01-23T00:00:00+00:00, run_after=2023-01-24T00:00:00+00:00
[2023-01-24T18:16:22.622+0000] {logging_mixin.py:137} INFO - [2023-01-24T18:16:22.622+0000] {dag.py:3441} INFO - Setting next_dagrun for example_branch_datetime_operator_3 to 2023-01-23T00:00:00+00:00, run_after=2023-01-24T00:00:00+00:00
[2023-01-24T18:16:22.653+0000] {processor.py:175} INFO - Processing /home/airflow/.local/lib/python3.7/site-packages/airflow/example_dags/example_branch_datetime_operator.py took 0.155 seconds
[2023-01-24T18:16:52.773+0000] {processor.py:153} INFO - Started process (PID=1761) to work on /home/airflow/.local/lib/python3.7/site-packages/airflow/example_dags/example_branch_datetime_operator.py
[2023-01-24T18:16:52.774+0000] {processor.py:743} INFO - Processing file /home/airflow/.local/lib/python3.7/site-packages/airflow/example_dags/example_branch_datetime_operator.py for tasks to queue
[2023-01-24T18:16:52.775+0000] {logging_mixin.py:137} INFO - [2023-01-24T18:16:52.775+0000] {dagbag.py:538} INFO - Filling up the DagBag from /home/airflow/.local/lib/python3.7/site-packages/airflow/example_dags/example_branch_datetime_operator.py
[2023-01-24T18:16:52.803+0000] {processor.py:753} INFO - DAG(s) dict_keys(['example_branch_datetime_operator_2', 'example_branch_datetime_operator_3', 'example_branch_datetime_operator']) retrieved from /home/airflow/.local/lib/python3.7/site-packages/airflow/example_dags/example_branch_datetime_operator.py
[2023-01-24T18:16:52.854+0000] {logging_mixin.py:137} INFO - [2023-01-24T18:16:52.854+0000] {dag.py:2690} INFO - Sync 3 DAGs
[2023-01-24T18:16:52.889+0000] {logging_mixin.py:137} INFO - [2023-01-24T18:16:52.889+0000] {dag.py:3441} INFO - Setting next_dagrun for example_branch_datetime_operator to 2023-01-23T00:00:00+00:00, run_after=2023-01-24T00:00:00+00:00
[2023-01-24T18:16:52.893+0000] {logging_mixin.py:137} INFO - [2023-01-24T18:16:52.893+0000] {dag.py:3441} INFO - Setting next_dagrun for example_branch_datetime_operator_2 to 2023-01-23T00:00:00+00:00, run_after=2023-01-24T00:00:00+00:00
[2023-01-24T18:16:52.895+0000] {logging_mixin.py:137} INFO - [2023-01-24T18:16:52.895+0000] {dag.py:3441} INFO - Setting next_dagrun for example_branch_datetime_operator_3 to 2023-01-23T00:00:00+00:00, run_after=2023-01-24T00:00:00+00:00
[2023-01-24T18:16:52.925+0000] {processor.py:175} INFO - Processing /home/airflow/.local/lib/python3.7/site-packages/airflow/example_dags/example_branch_datetime_operator.py took 0.157 seconds
[2023-01-24T18:17:23.576+0000] {processor.py:153} INFO - Started process (PID=1835) to work on /home/airflow/.local/lib/python3.7/site-packages/airflow/example_dags/example_branch_datetime_operator.py
[2023-01-24T18:17:23.578+0000] {processor.py:743} INFO - Processing file /home/airflow/.local/lib/python3.7/site-packages/airflow/example_dags/example_branch_datetime_operator.py for tasks to queue
[2023-01-24T18:17:23.580+0000] {logging_mixin.py:137} INFO - [2023-01-24T18:17:23.580+0000] {dagbag.py:538} INFO - Filling up the DagBag from /home/airflow/.local/lib/python3.7/site-packages/airflow/example_dags/example_branch_datetime_operator.py
[2023-01-24T18:17:23.612+0000] {processor.py:753} INFO - DAG(s) dict_keys(['example_branch_datetime_operator', 'example_branch_datetime_operator_2', 'example_branch_datetime_operator_3']) retrieved from /home/airflow/.local/lib/python3.7/site-packages/airflow/example_dags/example_branch_datetime_operator.py
[2023-01-24T18:17:23.698+0000] {logging_mixin.py:137} INFO - [2023-01-24T18:17:23.698+0000] {dag.py:2690} INFO - Sync 3 DAGs
[2023-01-24T18:17:23.749+0000] {logging_mixin.py:137} INFO - [2023-01-24T18:17:23.749+0000] {dag.py:3441} INFO - Setting next_dagrun for example_branch_datetime_operator to 2023-01-23T00:00:00+00:00, run_after=2023-01-24T00:00:00+00:00
[2023-01-24T18:17:23.756+0000] {logging_mixin.py:137} INFO - [2023-01-24T18:17:23.756+0000] {dag.py:3441} INFO - Setting next_dagrun for example_branch_datetime_operator_2 to 2023-01-23T00:00:00+00:00, run_after=2023-01-24T00:00:00+00:00
[2023-01-24T18:17:23.760+0000] {logging_mixin.py:137} INFO - [2023-01-24T18:17:23.760+0000] {dag.py:3441} INFO - Setting next_dagrun for example_branch_datetime_operator_3 to 2023-01-23T00:00:00+00:00, run_after=2023-01-24T00:00:00+00:00
[2023-01-24T18:17:23.795+0000] {processor.py:175} INFO - Processing /home/airflow/.local/lib/python3.7/site-packages/airflow/example_dags/example_branch_datetime_operator.py took 0.223 seconds
[2023-01-24T18:17:54.086+0000] {processor.py:153} INFO - Started process (PID=1901) to work on /home/airflow/.local/lib/python3.7/site-packages/airflow/example_dags/example_branch_datetime_operator.py
[2023-01-24T18:17:54.092+0000] {processor.py:743} INFO - Processing file /home/airflow/.local/lib/python3.7/site-packages/airflow/example_dags/example_branch_datetime_operator.py for tasks to queue
[2023-01-24T18:17:54.093+0000] {logging_mixin.py:137} INFO - [2023-01-24T18:17:54.093+0000] {dagbag.py:538} INFO - Filling up the DagBag from /home/airflow/.local/lib/python3.7/site-packages/airflow/example_dags/example_branch_datetime_operator.py
[2023-01-24T18:17:54.118+0000] {processor.py:753} INFO - DAG(s) dict_keys(['example_branch_datetime_operator_3', 'example_branch_datetime_operator_2', 'example_branch_datetime_operator']) retrieved from /home/airflow/.local/lib/python3.7/site-packages/airflow/example_dags/example_branch_datetime_operator.py
[2023-01-24T18:17:54.162+0000] {logging_mixin.py:137} INFO - [2023-01-24T18:17:54.162+0000] {dag.py:2690} INFO - Sync 3 DAGs
[2023-01-24T18:17:54.197+0000] {logging_mixin.py:137} INFO - [2023-01-24T18:17:54.197+0000] {dag.py:3441} INFO - Setting next_dagrun for example_branch_datetime_operator to 2023-01-23T00:00:00+00:00, run_after=2023-01-24T00:00:00+00:00
[2023-01-24T18:17:54.202+0000] {logging_mixin.py:137} INFO - [2023-01-24T18:17:54.202+0000] {dag.py:3441} INFO - Setting next_dagrun for example_branch_datetime_operator_2 to 2023-01-23T00:00:00+00:00, run_after=2023-01-24T00:00:00+00:00
[2023-01-24T18:17:54.204+0000] {logging_mixin.py:137} INFO - [2023-01-24T18:17:54.204+0000] {dag.py:3441} INFO - Setting next_dagrun for example_branch_datetime_operator_3 to 2023-01-23T00:00:00+00:00, run_after=2023-01-24T00:00:00+00:00
[2023-01-24T18:17:54.231+0000] {processor.py:175} INFO - Processing /home/airflow/.local/lib/python3.7/site-packages/airflow/example_dags/example_branch_datetime_operator.py took 0.148 seconds
[2023-01-24T18:18:24.368+0000] {processor.py:153} INFO - Started process (PID=1964) to work on /home/airflow/.local/lib/python3.7/site-packages/airflow/example_dags/example_branch_datetime_operator.py
[2023-01-24T18:18:24.369+0000] {processor.py:743} INFO - Processing file /home/airflow/.local/lib/python3.7/site-packages/airflow/example_dags/example_branch_datetime_operator.py for tasks to queue
[2023-01-24T18:18:24.370+0000] {logging_mixin.py:137} INFO - [2023-01-24T18:18:24.370+0000] {dagbag.py:538} INFO - Filling up the DagBag from /home/airflow/.local/lib/python3.7/site-packages/airflow/example_dags/example_branch_datetime_operator.py
[2023-01-24T18:18:24.391+0000] {processor.py:753} INFO - DAG(s) dict_keys(['example_branch_datetime_operator', 'example_branch_datetime_operator_3', 'example_branch_datetime_operator_2']) retrieved from /home/airflow/.local/lib/python3.7/site-packages/airflow/example_dags/example_branch_datetime_operator.py
[2023-01-24T18:18:24.425+0000] {logging_mixin.py:137} INFO - [2023-01-24T18:18:24.425+0000] {dag.py:2690} INFO - Sync 3 DAGs
[2023-01-24T18:18:24.466+0000] {logging_mixin.py:137} INFO - [2023-01-24T18:18:24.466+0000] {dag.py:3441} INFO - Setting next_dagrun for example_branch_datetime_operator to 2023-01-23T00:00:00+00:00, run_after=2023-01-24T00:00:00+00:00
[2023-01-24T18:18:24.474+0000] {logging_mixin.py:137} INFO - [2023-01-24T18:18:24.474+0000] {dag.py:3441} INFO - Setting next_dagrun for example_branch_datetime_operator_2 to 2023-01-23T00:00:00+00:00, run_after=2023-01-24T00:00:00+00:00
[2023-01-24T18:18:24.478+0000] {logging_mixin.py:137} INFO - [2023-01-24T18:18:24.478+0000] {dag.py:3441} INFO - Setting next_dagrun for example_branch_datetime_operator_3 to 2023-01-23T00:00:00+00:00, run_after=2023-01-24T00:00:00+00:00
[2023-01-24T18:18:24.506+0000] {processor.py:175} INFO - Processing /home/airflow/.local/lib/python3.7/site-packages/airflow/example_dags/example_branch_datetime_operator.py took 0.141 seconds
[2023-01-24T18:18:55.120+0000] {processor.py:153} INFO - Started process (PID=2039) to work on /home/airflow/.local/lib/python3.7/site-packages/airflow/example_dags/example_branch_datetime_operator.py
[2023-01-24T18:18:55.123+0000] {processor.py:743} INFO - Processing file /home/airflow/.local/lib/python3.7/site-packages/airflow/example_dags/example_branch_datetime_operator.py for tasks to queue
[2023-01-24T18:18:55.124+0000] {logging_mixin.py:137} INFO - [2023-01-24T18:18:55.124+0000] {dagbag.py:538} INFO - Filling up the DagBag from /home/airflow/.local/lib/python3.7/site-packages/airflow/example_dags/example_branch_datetime_operator.py
[2023-01-24T18:18:55.147+0000] {processor.py:753} INFO - DAG(s) dict_keys(['example_branch_datetime_operator', 'example_branch_datetime_operator_3', 'example_branch_datetime_operator_2']) retrieved from /home/airflow/.local/lib/python3.7/site-packages/airflow/example_dags/example_branch_datetime_operator.py
[2023-01-24T18:18:55.186+0000] {logging_mixin.py:137} INFO - [2023-01-24T18:18:55.186+0000] {dag.py:2690} INFO - Sync 3 DAGs
[2023-01-24T18:18:55.215+0000] {logging_mixin.py:137} INFO - [2023-01-24T18:18:55.215+0000] {dag.py:3441} INFO - Setting next_dagrun for example_branch_datetime_operator to 2023-01-23T00:00:00+00:00, run_after=2023-01-24T00:00:00+00:00
[2023-01-24T18:18:55.219+0000] {logging_mixin.py:137} INFO - [2023-01-24T18:18:55.219+0000] {dag.py:3441} INFO - Setting next_dagrun for example_branch_datetime_operator_2 to 2023-01-23T00:00:00+00:00, run_after=2023-01-24T00:00:00+00:00
[2023-01-24T18:18:55.221+0000] {logging_mixin.py:137} INFO - [2023-01-24T18:18:55.221+0000] {dag.py:3441} INFO - Setting next_dagrun for example_branch_datetime_operator_3 to 2023-01-23T00:00:00+00:00, run_after=2023-01-24T00:00:00+00:00
[2023-01-24T18:18:55.245+0000] {processor.py:175} INFO - Processing /home/airflow/.local/lib/python3.7/site-packages/airflow/example_dags/example_branch_datetime_operator.py took 0.130 seconds
[2023-01-24T18:19:25.380+0000] {processor.py:153} INFO - Started process (PID=2103) to work on /home/airflow/.local/lib/python3.7/site-packages/airflow/example_dags/example_branch_datetime_operator.py
[2023-01-24T18:19:25.381+0000] {processor.py:743} INFO - Processing file /home/airflow/.local/lib/python3.7/site-packages/airflow/example_dags/example_branch_datetime_operator.py for tasks to queue
[2023-01-24T18:19:25.382+0000] {logging_mixin.py:137} INFO - [2023-01-24T18:19:25.382+0000] {dagbag.py:538} INFO - Filling up the DagBag from /home/airflow/.local/lib/python3.7/site-packages/airflow/example_dags/example_branch_datetime_operator.py
[2023-01-24T18:19:25.403+0000] {processor.py:753} INFO - DAG(s) dict_keys(['example_branch_datetime_operator_3', 'example_branch_datetime_operator_2', 'example_branch_datetime_operator']) retrieved from /home/airflow/.local/lib/python3.7/site-packages/airflow/example_dags/example_branch_datetime_operator.py
[2023-01-24T18:19:25.439+0000] {logging_mixin.py:137} INFO - [2023-01-24T18:19:25.439+0000] {dag.py:2690} INFO - Sync 3 DAGs
[2023-01-24T18:19:25.467+0000] {logging_mixin.py:137} INFO - [2023-01-24T18:19:25.467+0000] {dag.py:3441} INFO - Setting next_dagrun for example_branch_datetime_operator to 2023-01-23T00:00:00+00:00, run_after=2023-01-24T00:00:00+00:00
[2023-01-24T18:19:25.472+0000] {logging_mixin.py:137} INFO - [2023-01-24T18:19:25.471+0000] {dag.py:3441} INFO - Setting next_dagrun for example_branch_datetime_operator_2 to 2023-01-23T00:00:00+00:00, run_after=2023-01-24T00:00:00+00:00
[2023-01-24T18:19:25.474+0000] {logging_mixin.py:137} INFO - [2023-01-24T18:19:25.474+0000] {dag.py:3441} INFO - Setting next_dagrun for example_branch_datetime_operator_3 to 2023-01-23T00:00:00+00:00, run_after=2023-01-24T00:00:00+00:00
[2023-01-24T18:19:25.501+0000] {processor.py:175} INFO - Processing /home/airflow/.local/lib/python3.7/site-packages/airflow/example_dags/example_branch_datetime_operator.py took 0.125 seconds
[2023-01-24T18:19:55.914+0000] {processor.py:153} INFO - Started process (PID=2174) to work on /home/airflow/.local/lib/python3.7/site-packages/airflow/example_dags/example_branch_datetime_operator.py
[2023-01-24T18:19:55.916+0000] {processor.py:743} INFO - Processing file /home/airflow/.local/lib/python3.7/site-packages/airflow/example_dags/example_branch_datetime_operator.py for tasks to queue
[2023-01-24T18:19:55.917+0000] {logging_mixin.py:137} INFO - [2023-01-24T18:19:55.917+0000] {dagbag.py:538} INFO - Filling up the DagBag from /home/airflow/.local/lib/python3.7/site-packages/airflow/example_dags/example_branch_datetime_operator.py
[2023-01-24T18:19:55.942+0000] {processor.py:753} INFO - DAG(s) dict_keys(['example_branch_datetime_operator_3', 'example_branch_datetime_operator', 'example_branch_datetime_operator_2']) retrieved from /home/airflow/.local/lib/python3.7/site-packages/airflow/example_dags/example_branch_datetime_operator.py
[2023-01-24T18:19:56.014+0000] {logging_mixin.py:137} INFO - [2023-01-24T18:19:56.014+0000] {dag.py:2690} INFO - Sync 3 DAGs
[2023-01-24T18:19:56.072+0000] {logging_mixin.py:137} INFO - [2023-01-24T18:19:56.072+0000] {dag.py:3441} INFO - Setting next_dagrun for example_branch_datetime_operator to 2023-01-23T00:00:00+00:00, run_after=2023-01-24T00:00:00+00:00
[2023-01-24T18:19:56.079+0000] {logging_mixin.py:137} INFO - [2023-01-24T18:19:56.079+0000] {dag.py:3441} INFO - Setting next_dagrun for example_branch_datetime_operator_2 to 2023-01-23T00:00:00+00:00, run_after=2023-01-24T00:00:00+00:00
[2023-01-24T18:19:56.083+0000] {logging_mixin.py:137} INFO - [2023-01-24T18:19:56.083+0000] {dag.py:3441} INFO - Setting next_dagrun for example_branch_datetime_operator_3 to 2023-01-23T00:00:00+00:00, run_after=2023-01-24T00:00:00+00:00
[2023-01-24T18:19:56.130+0000] {processor.py:175} INFO - Processing /home/airflow/.local/lib/python3.7/site-packages/airflow/example_dags/example_branch_datetime_operator.py took 0.223 seconds
[2023-01-24T18:20:26.413+0000] {processor.py:153} INFO - Started process (PID=2241) to work on /home/airflow/.local/lib/python3.7/site-packages/airflow/example_dags/example_branch_datetime_operator.py
[2023-01-24T18:20:26.423+0000] {processor.py:743} INFO - Processing file /home/airflow/.local/lib/python3.7/site-packages/airflow/example_dags/example_branch_datetime_operator.py for tasks to queue
[2023-01-24T18:20:26.424+0000] {logging_mixin.py:137} INFO - [2023-01-24T18:20:26.423+0000] {dagbag.py:538} INFO - Filling up the DagBag from /home/airflow/.local/lib/python3.7/site-packages/airflow/example_dags/example_branch_datetime_operator.py
[2023-01-24T18:20:26.445+0000] {processor.py:753} INFO - DAG(s) dict_keys(['example_branch_datetime_operator_2', 'example_branch_datetime_operator', 'example_branch_datetime_operator_3']) retrieved from /home/airflow/.local/lib/python3.7/site-packages/airflow/example_dags/example_branch_datetime_operator.py
[2023-01-24T18:20:26.489+0000] {logging_mixin.py:137} INFO - [2023-01-24T18:20:26.489+0000] {dag.py:2690} INFO - Sync 3 DAGs
[2023-01-24T18:20:26.531+0000] {logging_mixin.py:137} INFO - [2023-01-24T18:20:26.531+0000] {dag.py:3441} INFO - Setting next_dagrun for example_branch_datetime_operator to 2023-01-23T00:00:00+00:00, run_after=2023-01-24T00:00:00+00:00
[2023-01-24T18:20:26.538+0000] {logging_mixin.py:137} INFO - [2023-01-24T18:20:26.538+0000] {dag.py:3441} INFO - Setting next_dagrun for example_branch_datetime_operator_2 to 2023-01-23T00:00:00+00:00, run_after=2023-01-24T00:00:00+00:00
[2023-01-24T18:20:26.541+0000] {logging_mixin.py:137} INFO - [2023-01-24T18:20:26.541+0000] {dag.py:3441} INFO - Setting next_dagrun for example_branch_datetime_operator_3 to 2023-01-23T00:00:00+00:00, run_after=2023-01-24T00:00:00+00:00
[2023-01-24T18:20:26.570+0000] {processor.py:175} INFO - Processing /home/airflow/.local/lib/python3.7/site-packages/airflow/example_dags/example_branch_datetime_operator.py took 0.161 seconds
[2023-01-24T18:20:56.732+0000] {processor.py:153} INFO - Started process (PID=2305) to work on /home/airflow/.local/lib/python3.7/site-packages/airflow/example_dags/example_branch_datetime_operator.py
[2023-01-24T18:20:56.738+0000] {processor.py:743} INFO - Processing file /home/airflow/.local/lib/python3.7/site-packages/airflow/example_dags/example_branch_datetime_operator.py for tasks to queue
[2023-01-24T18:20:56.738+0000] {logging_mixin.py:137} INFO - [2023-01-24T18:20:56.738+0000] {dagbag.py:538} INFO - Filling up the DagBag from /home/airflow/.local/lib/python3.7/site-packages/airflow/example_dags/example_branch_datetime_operator.py
[2023-01-24T18:20:56.758+0000] {processor.py:753} INFO - DAG(s) dict_keys(['example_branch_datetime_operator', 'example_branch_datetime_operator_3', 'example_branch_datetime_operator_2']) retrieved from /home/airflow/.local/lib/python3.7/site-packages/airflow/example_dags/example_branch_datetime_operator.py
[2023-01-24T18:20:56.800+0000] {logging_mixin.py:137} INFO - [2023-01-24T18:20:56.800+0000] {dag.py:2690} INFO - Sync 3 DAGs
[2023-01-24T18:20:56.833+0000] {logging_mixin.py:137} INFO - [2023-01-24T18:20:56.833+0000] {dag.py:3441} INFO - Setting next_dagrun for example_branch_datetime_operator to 2023-01-23T00:00:00+00:00, run_after=2023-01-24T00:00:00+00:00
[2023-01-24T18:20:56.838+0000] {logging_mixin.py:137} INFO - [2023-01-24T18:20:56.838+0000] {dag.py:3441} INFO - Setting next_dagrun for example_branch_datetime_operator_2 to 2023-01-23T00:00:00+00:00, run_after=2023-01-24T00:00:00+00:00
[2023-01-24T18:20:56.841+0000] {logging_mixin.py:137} INFO - [2023-01-24T18:20:56.841+0000] {dag.py:3441} INFO - Setting next_dagrun for example_branch_datetime_operator_3 to 2023-01-23T00:00:00+00:00, run_after=2023-01-24T00:00:00+00:00
[2023-01-24T18:20:56.870+0000] {processor.py:175} INFO - Processing /home/airflow/.local/lib/python3.7/site-packages/airflow/example_dags/example_branch_datetime_operator.py took 0.142 seconds
[2023-01-24T18:21:27.637+0000] {processor.py:153} INFO - Started process (PID=2381) to work on /home/airflow/.local/lib/python3.7/site-packages/airflow/example_dags/example_branch_datetime_operator.py
[2023-01-24T18:21:27.638+0000] {processor.py:743} INFO - Processing file /home/airflow/.local/lib/python3.7/site-packages/airflow/example_dags/example_branch_datetime_operator.py for tasks to queue
[2023-01-24T18:21:27.639+0000] {logging_mixin.py:137} INFO - [2023-01-24T18:21:27.639+0000] {dagbag.py:538} INFO - Filling up the DagBag from /home/airflow/.local/lib/python3.7/site-packages/airflow/example_dags/example_branch_datetime_operator.py
[2023-01-24T18:21:27.667+0000] {processor.py:753} INFO - DAG(s) dict_keys(['example_branch_datetime_operator_3', 'example_branch_datetime_operator', 'example_branch_datetime_operator_2']) retrieved from /home/airflow/.local/lib/python3.7/site-packages/airflow/example_dags/example_branch_datetime_operator.py
[2023-01-24T18:21:27.717+0000] {logging_mixin.py:137} INFO - [2023-01-24T18:21:27.717+0000] {dag.py:2690} INFO - Sync 3 DAGs
[2023-01-24T18:21:27.801+0000] {logging_mixin.py:137} INFO - [2023-01-24T18:21:27.800+0000] {dag.py:3441} INFO - Setting next_dagrun for example_branch_datetime_operator to 2023-01-23T00:00:00+00:00, run_after=2023-01-24T00:00:00+00:00
[2023-01-24T18:21:27.808+0000] {logging_mixin.py:137} INFO - [2023-01-24T18:21:27.808+0000] {dag.py:3441} INFO - Setting next_dagrun for example_branch_datetime_operator_2 to 2023-01-23T00:00:00+00:00, run_after=2023-01-24T00:00:00+00:00
[2023-01-24T18:21:27.812+0000] {logging_mixin.py:137} INFO - [2023-01-24T18:21:27.812+0000] {dag.py:3441} INFO - Setting next_dagrun for example_branch_datetime_operator_3 to 2023-01-23T00:00:00+00:00, run_after=2023-01-24T00:00:00+00:00
[2023-01-24T18:21:27.846+0000] {processor.py:175} INFO - Processing /home/airflow/.local/lib/python3.7/site-packages/airflow/example_dags/example_branch_datetime_operator.py took 0.214 seconds
