[2023-02-07T14:47:36.253+0000] {processor.py:153} INFO - Started process (PID=88) to work on /home/airflow/.local/lib/python3.7/site-packages/airflow/example_dags/example_sensors.py
[2023-02-07T14:47:36.254+0000] {processor.py:743} INFO - Processing file /home/airflow/.local/lib/python3.7/site-packages/airflow/example_dags/example_sensors.py for tasks to queue
[2023-02-07T14:47:36.255+0000] {logging_mixin.py:137} INFO - [2023-02-07T14:47:36.255+0000] {dagbag.py:538} INFO - Filling up the DagBag from /home/airflow/.local/lib/python3.7/site-packages/airflow/example_dags/example_sensors.py
[2023-02-07T14:47:36.349+0000] {processor.py:753} INFO - DAG(s) dict_keys(['example_sensors']) retrieved from /home/airflow/.local/lib/python3.7/site-packages/airflow/example_dags/example_sensors.py
[2023-02-07T14:47:36.381+0000] {logging_mixin.py:137} INFO - [2023-02-07T14:47:36.381+0000] {dag.py:2690} INFO - Sync 1 DAGs
[2023-02-07T14:47:36.415+0000] {logging_mixin.py:137} INFO - [2023-02-07T14:47:36.415+0000] {dag.py:3441} INFO - Setting next_dagrun for example_sensors to None, run_after=None
[2023-02-07T14:47:36.442+0000] {processor.py:175} INFO - Processing /home/airflow/.local/lib/python3.7/site-packages/airflow/example_dags/example_sensors.py took 0.194 seconds
[2023-02-07T14:48:06.603+0000] {processor.py:153} INFO - Started process (PID=153) to work on /home/airflow/.local/lib/python3.7/site-packages/airflow/example_dags/example_sensors.py
[2023-02-07T14:48:06.604+0000] {processor.py:743} INFO - Processing file /home/airflow/.local/lib/python3.7/site-packages/airflow/example_dags/example_sensors.py for tasks to queue
[2023-02-07T14:48:06.604+0000] {logging_mixin.py:137} INFO - [2023-02-07T14:48:06.604+0000] {dagbag.py:538} INFO - Filling up the DagBag from /home/airflow/.local/lib/python3.7/site-packages/airflow/example_dags/example_sensors.py
[2023-02-07T14:48:06.624+0000] {processor.py:753} INFO - DAG(s) dict_keys(['example_sensors']) retrieved from /home/airflow/.local/lib/python3.7/site-packages/airflow/example_dags/example_sensors.py
[2023-02-07T14:48:06.653+0000] {logging_mixin.py:137} INFO - [2023-02-07T14:48:06.653+0000] {dag.py:2690} INFO - Sync 1 DAGs
[2023-02-07T14:48:06.677+0000] {logging_mixin.py:137} INFO - [2023-02-07T14:48:06.677+0000] {dag.py:3441} INFO - Setting next_dagrun for example_sensors to None, run_after=None
[2023-02-07T14:48:06.706+0000] {processor.py:175} INFO - Processing /home/airflow/.local/lib/python3.7/site-packages/airflow/example_dags/example_sensors.py took 0.106 seconds
[2023-02-07T14:48:37.440+0000] {processor.py:153} INFO - Started process (PID=230) to work on /home/airflow/.local/lib/python3.7/site-packages/airflow/example_dags/example_sensors.py
[2023-02-07T14:48:37.441+0000] {processor.py:743} INFO - Processing file /home/airflow/.local/lib/python3.7/site-packages/airflow/example_dags/example_sensors.py for tasks to queue
[2023-02-07T14:48:37.441+0000] {logging_mixin.py:137} INFO - [2023-02-07T14:48:37.441+0000] {dagbag.py:538} INFO - Filling up the DagBag from /home/airflow/.local/lib/python3.7/site-packages/airflow/example_dags/example_sensors.py
[2023-02-07T14:48:37.461+0000] {processor.py:753} INFO - DAG(s) dict_keys(['example_sensors']) retrieved from /home/airflow/.local/lib/python3.7/site-packages/airflow/example_dags/example_sensors.py
[2023-02-07T14:48:37.494+0000] {logging_mixin.py:137} INFO - [2023-02-07T14:48:37.494+0000] {dag.py:2690} INFO - Sync 1 DAGs
[2023-02-07T14:48:37.522+0000] {logging_mixin.py:137} INFO - [2023-02-07T14:48:37.522+0000] {dag.py:3441} INFO - Setting next_dagrun for example_sensors to None, run_after=None
[2023-02-07T14:48:37.557+0000] {processor.py:175} INFO - Processing /home/airflow/.local/lib/python3.7/site-packages/airflow/example_dags/example_sensors.py took 0.120 seconds
[2023-02-07T14:49:08.271+0000] {processor.py:153} INFO - Started process (PID=296) to work on /home/airflow/.local/lib/python3.7/site-packages/airflow/example_dags/example_sensors.py
[2023-02-07T14:49:08.272+0000] {processor.py:743} INFO - Processing file /home/airflow/.local/lib/python3.7/site-packages/airflow/example_dags/example_sensors.py for tasks to queue
[2023-02-07T14:49:08.273+0000] {logging_mixin.py:137} INFO - [2023-02-07T14:49:08.273+0000] {dagbag.py:538} INFO - Filling up the DagBag from /home/airflow/.local/lib/python3.7/site-packages/airflow/example_dags/example_sensors.py
[2023-02-07T14:49:08.291+0000] {processor.py:753} INFO - DAG(s) dict_keys(['example_sensors']) retrieved from /home/airflow/.local/lib/python3.7/site-packages/airflow/example_dags/example_sensors.py
[2023-02-07T14:49:08.316+0000] {logging_mixin.py:137} INFO - [2023-02-07T14:49:08.316+0000] {dag.py:2690} INFO - Sync 1 DAGs
[2023-02-07T14:49:08.338+0000] {logging_mixin.py:137} INFO - [2023-02-07T14:49:08.338+0000] {dag.py:3441} INFO - Setting next_dagrun for example_sensors to None, run_after=None
[2023-02-07T14:49:08.362+0000] {processor.py:175} INFO - Processing /home/airflow/.local/lib/python3.7/site-packages/airflow/example_dags/example_sensors.py took 0.095 seconds
[2023-02-07T14:49:39.505+0000] {processor.py:153} INFO - Started process (PID=376) to work on /home/airflow/.local/lib/python3.7/site-packages/airflow/example_dags/example_sensors.py
[2023-02-07T14:49:39.506+0000] {processor.py:743} INFO - Processing file /home/airflow/.local/lib/python3.7/site-packages/airflow/example_dags/example_sensors.py for tasks to queue
[2023-02-07T14:49:39.507+0000] {logging_mixin.py:137} INFO - [2023-02-07T14:49:39.507+0000] {dagbag.py:538} INFO - Filling up the DagBag from /home/airflow/.local/lib/python3.7/site-packages/airflow/example_dags/example_sensors.py
[2023-02-07T14:49:39.529+0000] {processor.py:753} INFO - DAG(s) dict_keys(['example_sensors']) retrieved from /home/airflow/.local/lib/python3.7/site-packages/airflow/example_dags/example_sensors.py
[2023-02-07T14:49:39.563+0000] {logging_mixin.py:137} INFO - [2023-02-07T14:49:39.562+0000] {dag.py:2690} INFO - Sync 1 DAGs
[2023-02-07T14:49:39.595+0000] {logging_mixin.py:137} INFO - [2023-02-07T14:49:39.595+0000] {dag.py:3441} INFO - Setting next_dagrun for example_sensors to None, run_after=None
[2023-02-07T14:49:39.630+0000] {processor.py:175} INFO - Processing /home/airflow/.local/lib/python3.7/site-packages/airflow/example_dags/example_sensors.py took 0.130 seconds
[2023-02-07T14:50:10.478+0000] {processor.py:153} INFO - Started process (PID=442) to work on /home/airflow/.local/lib/python3.7/site-packages/airflow/example_dags/example_sensors.py
[2023-02-07T14:50:10.479+0000] {processor.py:743} INFO - Processing file /home/airflow/.local/lib/python3.7/site-packages/airflow/example_dags/example_sensors.py for tasks to queue
[2023-02-07T14:50:10.480+0000] {logging_mixin.py:137} INFO - [2023-02-07T14:50:10.480+0000] {dagbag.py:538} INFO - Filling up the DagBag from /home/airflow/.local/lib/python3.7/site-packages/airflow/example_dags/example_sensors.py
[2023-02-07T14:50:10.499+0000] {processor.py:753} INFO - DAG(s) dict_keys(['example_sensors']) retrieved from /home/airflow/.local/lib/python3.7/site-packages/airflow/example_dags/example_sensors.py
[2023-02-07T14:50:10.527+0000] {logging_mixin.py:137} INFO - [2023-02-07T14:50:10.527+0000] {dag.py:2690} INFO - Sync 1 DAGs
[2023-02-07T14:50:10.554+0000] {logging_mixin.py:137} INFO - [2023-02-07T14:50:10.554+0000] {dag.py:3441} INFO - Setting next_dagrun for example_sensors to None, run_after=None
[2023-02-07T14:50:10.582+0000] {processor.py:175} INFO - Processing /home/airflow/.local/lib/python3.7/site-packages/airflow/example_dags/example_sensors.py took 0.108 seconds
[2023-02-07T14:50:40.968+0000] {processor.py:153} INFO - Started process (PID=521) to work on /home/airflow/.local/lib/python3.7/site-packages/airflow/example_dags/example_sensors.py
[2023-02-07T14:50:40.972+0000] {processor.py:743} INFO - Processing file /home/airflow/.local/lib/python3.7/site-packages/airflow/example_dags/example_sensors.py for tasks to queue
[2023-02-07T14:50:40.974+0000] {logging_mixin.py:137} INFO - [2023-02-07T14:50:40.974+0000] {dagbag.py:538} INFO - Filling up the DagBag from /home/airflow/.local/lib/python3.7/site-packages/airflow/example_dags/example_sensors.py
[2023-02-07T14:50:41.021+0000] {processor.py:753} INFO - DAG(s) dict_keys(['example_sensors']) retrieved from /home/airflow/.local/lib/python3.7/site-packages/airflow/example_dags/example_sensors.py
[2023-02-07T14:50:41.058+0000] {logging_mixin.py:137} INFO - [2023-02-07T14:50:41.058+0000] {dag.py:2690} INFO - Sync 1 DAGs
[2023-02-07T14:50:41.087+0000] {logging_mixin.py:137} INFO - [2023-02-07T14:50:41.087+0000] {dag.py:3441} INFO - Setting next_dagrun for example_sensors to None, run_after=None
[2023-02-07T14:50:41.118+0000] {processor.py:175} INFO - Processing /home/airflow/.local/lib/python3.7/site-packages/airflow/example_dags/example_sensors.py took 0.162 seconds
[2023-02-07T14:51:12.126+0000] {processor.py:153} INFO - Started process (PID=586) to work on /home/airflow/.local/lib/python3.7/site-packages/airflow/example_dags/example_sensors.py
[2023-02-07T14:51:12.127+0000] {processor.py:743} INFO - Processing file /home/airflow/.local/lib/python3.7/site-packages/airflow/example_dags/example_sensors.py for tasks to queue
[2023-02-07T14:51:12.128+0000] {logging_mixin.py:137} INFO - [2023-02-07T14:51:12.127+0000] {dagbag.py:538} INFO - Filling up the DagBag from /home/airflow/.local/lib/python3.7/site-packages/airflow/example_dags/example_sensors.py
[2023-02-07T14:51:12.153+0000] {processor.py:753} INFO - DAG(s) dict_keys(['example_sensors']) retrieved from /home/airflow/.local/lib/python3.7/site-packages/airflow/example_dags/example_sensors.py
[2023-02-07T14:51:12.182+0000] {logging_mixin.py:137} INFO - [2023-02-07T14:51:12.182+0000] {dag.py:2690} INFO - Sync 1 DAGs
[2023-02-07T14:51:12.213+0000] {logging_mixin.py:137} INFO - [2023-02-07T14:51:12.212+0000] {dag.py:3441} INFO - Setting next_dagrun for example_sensors to None, run_after=None
[2023-02-07T14:51:12.242+0000] {processor.py:175} INFO - Processing /home/airflow/.local/lib/python3.7/site-packages/airflow/example_dags/example_sensors.py took 0.120 seconds
[2023-02-07T14:51:42.727+0000] {processor.py:153} INFO - Started process (PID=663) to work on /home/airflow/.local/lib/python3.7/site-packages/airflow/example_dags/example_sensors.py
[2023-02-07T14:51:42.728+0000] {processor.py:743} INFO - Processing file /home/airflow/.local/lib/python3.7/site-packages/airflow/example_dags/example_sensors.py for tasks to queue
[2023-02-07T14:51:42.729+0000] {logging_mixin.py:137} INFO - [2023-02-07T14:51:42.729+0000] {dagbag.py:538} INFO - Filling up the DagBag from /home/airflow/.local/lib/python3.7/site-packages/airflow/example_dags/example_sensors.py
[2023-02-07T14:51:42.756+0000] {processor.py:753} INFO - DAG(s) dict_keys(['example_sensors']) retrieved from /home/airflow/.local/lib/python3.7/site-packages/airflow/example_dags/example_sensors.py
[2023-02-07T14:51:42.790+0000] {logging_mixin.py:137} INFO - [2023-02-07T14:51:42.790+0000] {dag.py:2690} INFO - Sync 1 DAGs
[2023-02-07T14:51:42.819+0000] {logging_mixin.py:137} INFO - [2023-02-07T14:51:42.819+0000] {dag.py:3441} INFO - Setting next_dagrun for example_sensors to None, run_after=None
[2023-02-07T14:51:42.849+0000] {processor.py:175} INFO - Processing /home/airflow/.local/lib/python3.7/site-packages/airflow/example_dags/example_sensors.py took 0.126 seconds
[2023-02-07T14:52:13.105+0000] {processor.py:153} INFO - Started process (PID=729) to work on /home/airflow/.local/lib/python3.7/site-packages/airflow/example_dags/example_sensors.py
[2023-02-07T14:52:13.106+0000] {processor.py:743} INFO - Processing file /home/airflow/.local/lib/python3.7/site-packages/airflow/example_dags/example_sensors.py for tasks to queue
[2023-02-07T14:52:13.107+0000] {logging_mixin.py:137} INFO - [2023-02-07T14:52:13.107+0000] {dagbag.py:538} INFO - Filling up the DagBag from /home/airflow/.local/lib/python3.7/site-packages/airflow/example_dags/example_sensors.py
[2023-02-07T14:52:13.127+0000] {processor.py:753} INFO - DAG(s) dict_keys(['example_sensors']) retrieved from /home/airflow/.local/lib/python3.7/site-packages/airflow/example_dags/example_sensors.py
[2023-02-07T14:52:13.163+0000] {logging_mixin.py:137} INFO - [2023-02-07T14:52:13.162+0000] {dag.py:2690} INFO - Sync 1 DAGs
[2023-02-07T14:52:13.199+0000] {logging_mixin.py:137} INFO - [2023-02-07T14:52:13.199+0000] {dag.py:3441} INFO - Setting next_dagrun for example_sensors to None, run_after=None
[2023-02-07T14:52:13.233+0000] {processor.py:175} INFO - Processing /home/airflow/.local/lib/python3.7/site-packages/airflow/example_dags/example_sensors.py took 0.133 seconds
[2023-02-07T14:52:43.462+0000] {processor.py:153} INFO - Started process (PID=803) to work on /home/airflow/.local/lib/python3.7/site-packages/airflow/example_dags/example_sensors.py
[2023-02-07T14:52:43.463+0000] {processor.py:743} INFO - Processing file /home/airflow/.local/lib/python3.7/site-packages/airflow/example_dags/example_sensors.py for tasks to queue
[2023-02-07T14:52:43.464+0000] {logging_mixin.py:137} INFO - [2023-02-07T14:52:43.464+0000] {dagbag.py:538} INFO - Filling up the DagBag from /home/airflow/.local/lib/python3.7/site-packages/airflow/example_dags/example_sensors.py
[2023-02-07T14:52:43.489+0000] {processor.py:753} INFO - DAG(s) dict_keys(['example_sensors']) retrieved from /home/airflow/.local/lib/python3.7/site-packages/airflow/example_dags/example_sensors.py
[2023-02-07T14:52:43.527+0000] {logging_mixin.py:137} INFO - [2023-02-07T14:52:43.527+0000] {dag.py:2690} INFO - Sync 1 DAGs
[2023-02-07T14:52:43.557+0000] {logging_mixin.py:137} INFO - [2023-02-07T14:52:43.557+0000] {dag.py:3441} INFO - Setting next_dagrun for example_sensors to None, run_after=None
[2023-02-07T14:52:43.586+0000] {processor.py:175} INFO - Processing /home/airflow/.local/lib/python3.7/site-packages/airflow/example_dags/example_sensors.py took 0.128 seconds
[2023-02-07T14:53:14.383+0000] {processor.py:153} INFO - Started process (PID=871) to work on /home/airflow/.local/lib/python3.7/site-packages/airflow/example_dags/example_sensors.py
[2023-02-07T14:53:14.384+0000] {processor.py:743} INFO - Processing file /home/airflow/.local/lib/python3.7/site-packages/airflow/example_dags/example_sensors.py for tasks to queue
[2023-02-07T14:53:14.384+0000] {logging_mixin.py:137} INFO - [2023-02-07T14:53:14.384+0000] {dagbag.py:538} INFO - Filling up the DagBag from /home/airflow/.local/lib/python3.7/site-packages/airflow/example_dags/example_sensors.py
[2023-02-07T14:53:14.403+0000] {processor.py:753} INFO - DAG(s) dict_keys(['example_sensors']) retrieved from /home/airflow/.local/lib/python3.7/site-packages/airflow/example_dags/example_sensors.py
[2023-02-07T14:53:14.431+0000] {logging_mixin.py:137} INFO - [2023-02-07T14:53:14.430+0000] {dag.py:2690} INFO - Sync 1 DAGs
[2023-02-07T14:53:14.454+0000] {logging_mixin.py:137} INFO - [2023-02-07T14:53:14.454+0000] {dag.py:3441} INFO - Setting next_dagrun for example_sensors to None, run_after=None
[2023-02-07T14:53:14.477+0000] {processor.py:175} INFO - Processing /home/airflow/.local/lib/python3.7/site-packages/airflow/example_dags/example_sensors.py took 0.098 seconds
[2023-02-07T14:53:45.063+0000] {processor.py:153} INFO - Started process (PID=945) to work on /home/airflow/.local/lib/python3.7/site-packages/airflow/example_dags/example_sensors.py
[2023-02-07T14:53:45.064+0000] {processor.py:743} INFO - Processing file /home/airflow/.local/lib/python3.7/site-packages/airflow/example_dags/example_sensors.py for tasks to queue
[2023-02-07T14:53:45.065+0000] {logging_mixin.py:137} INFO - [2023-02-07T14:53:45.065+0000] {dagbag.py:538} INFO - Filling up the DagBag from /home/airflow/.local/lib/python3.7/site-packages/airflow/example_dags/example_sensors.py
[2023-02-07T14:53:45.085+0000] {processor.py:753} INFO - DAG(s) dict_keys(['example_sensors']) retrieved from /home/airflow/.local/lib/python3.7/site-packages/airflow/example_dags/example_sensors.py
[2023-02-07T14:53:45.114+0000] {logging_mixin.py:137} INFO - [2023-02-07T14:53:45.114+0000] {dag.py:2690} INFO - Sync 1 DAGs
[2023-02-07T14:53:45.136+0000] {logging_mixin.py:137} INFO - [2023-02-07T14:53:45.136+0000] {dag.py:3441} INFO - Setting next_dagrun for example_sensors to None, run_after=None
[2023-02-07T14:53:45.165+0000] {processor.py:175} INFO - Processing /home/airflow/.local/lib/python3.7/site-packages/airflow/example_dags/example_sensors.py took 0.105 seconds
[2023-02-07T14:54:15.348+0000] {processor.py:153} INFO - Started process (PID=1013) to work on /home/airflow/.local/lib/python3.7/site-packages/airflow/example_dags/example_sensors.py
[2023-02-07T14:54:15.349+0000] {processor.py:743} INFO - Processing file /home/airflow/.local/lib/python3.7/site-packages/airflow/example_dags/example_sensors.py for tasks to queue
[2023-02-07T14:54:15.349+0000] {logging_mixin.py:137} INFO - [2023-02-07T14:54:15.349+0000] {dagbag.py:538} INFO - Filling up the DagBag from /home/airflow/.local/lib/python3.7/site-packages/airflow/example_dags/example_sensors.py
[2023-02-07T14:54:15.367+0000] {processor.py:753} INFO - DAG(s) dict_keys(['example_sensors']) retrieved from /home/airflow/.local/lib/python3.7/site-packages/airflow/example_dags/example_sensors.py
[2023-02-07T14:54:15.395+0000] {logging_mixin.py:137} INFO - [2023-02-07T14:54:15.395+0000] {dag.py:2690} INFO - Sync 1 DAGs
[2023-02-07T14:54:15.425+0000] {logging_mixin.py:137} INFO - [2023-02-07T14:54:15.425+0000] {dag.py:3441} INFO - Setting next_dagrun for example_sensors to None, run_after=None
[2023-02-07T14:54:15.449+0000] {processor.py:175} INFO - Processing /home/airflow/.local/lib/python3.7/site-packages/airflow/example_dags/example_sensors.py took 0.105 seconds
[2023-02-07T14:54:46.553+0000] {processor.py:153} INFO - Started process (PID=1091) to work on /home/airflow/.local/lib/python3.7/site-packages/airflow/example_dags/example_sensors.py
[2023-02-07T14:54:46.554+0000] {processor.py:743} INFO - Processing file /home/airflow/.local/lib/python3.7/site-packages/airflow/example_dags/example_sensors.py for tasks to queue
[2023-02-07T14:54:46.555+0000] {logging_mixin.py:137} INFO - [2023-02-07T14:54:46.555+0000] {dagbag.py:538} INFO - Filling up the DagBag from /home/airflow/.local/lib/python3.7/site-packages/airflow/example_dags/example_sensors.py
[2023-02-07T14:54:46.580+0000] {processor.py:753} INFO - DAG(s) dict_keys(['example_sensors']) retrieved from /home/airflow/.local/lib/python3.7/site-packages/airflow/example_dags/example_sensors.py
[2023-02-07T14:54:46.616+0000] {logging_mixin.py:137} INFO - [2023-02-07T14:54:46.616+0000] {dag.py:2690} INFO - Sync 1 DAGs
[2023-02-07T14:54:46.648+0000] {logging_mixin.py:137} INFO - [2023-02-07T14:54:46.648+0000] {dag.py:3441} INFO - Setting next_dagrun for example_sensors to None, run_after=None
[2023-02-07T14:54:46.678+0000] {processor.py:175} INFO - Processing /home/airflow/.local/lib/python3.7/site-packages/airflow/example_dags/example_sensors.py took 0.130 seconds
[2023-02-07T14:55:17.099+0000] {processor.py:153} INFO - Started process (PID=1160) to work on /home/airflow/.local/lib/python3.7/site-packages/airflow/example_dags/example_sensors.py
[2023-02-07T14:55:17.100+0000] {processor.py:743} INFO - Processing file /home/airflow/.local/lib/python3.7/site-packages/airflow/example_dags/example_sensors.py for tasks to queue
[2023-02-07T14:55:17.101+0000] {logging_mixin.py:137} INFO - [2023-02-07T14:55:17.101+0000] {dagbag.py:538} INFO - Filling up the DagBag from /home/airflow/.local/lib/python3.7/site-packages/airflow/example_dags/example_sensors.py
[2023-02-07T14:55:17.120+0000] {processor.py:753} INFO - DAG(s) dict_keys(['example_sensors']) retrieved from /home/airflow/.local/lib/python3.7/site-packages/airflow/example_dags/example_sensors.py
[2023-02-07T14:55:17.153+0000] {logging_mixin.py:137} INFO - [2023-02-07T14:55:17.153+0000] {dag.py:2690} INFO - Sync 1 DAGs
[2023-02-07T14:55:17.183+0000] {logging_mixin.py:137} INFO - [2023-02-07T14:55:17.183+0000] {dag.py:3441} INFO - Setting next_dagrun for example_sensors to None, run_after=None
[2023-02-07T14:55:17.210+0000] {processor.py:175} INFO - Processing /home/airflow/.local/lib/python3.7/site-packages/airflow/example_dags/example_sensors.py took 0.115 seconds
[2023-02-07T14:55:48.155+0000] {processor.py:153} INFO - Started process (PID=1226) to work on /home/airflow/.local/lib/python3.7/site-packages/airflow/example_dags/example_sensors.py
[2023-02-07T14:55:48.156+0000] {processor.py:743} INFO - Processing file /home/airflow/.local/lib/python3.7/site-packages/airflow/example_dags/example_sensors.py for tasks to queue
[2023-02-07T14:55:48.156+0000] {logging_mixin.py:137} INFO - [2023-02-07T14:55:48.156+0000] {dagbag.py:538} INFO - Filling up the DagBag from /home/airflow/.local/lib/python3.7/site-packages/airflow/example_dags/example_sensors.py
[2023-02-07T14:55:48.175+0000] {processor.py:753} INFO - DAG(s) dict_keys(['example_sensors']) retrieved from /home/airflow/.local/lib/python3.7/site-packages/airflow/example_dags/example_sensors.py
[2023-02-07T14:55:48.205+0000] {logging_mixin.py:137} INFO - [2023-02-07T14:55:48.205+0000] {dag.py:2690} INFO - Sync 1 DAGs
[2023-02-07T14:55:48.228+0000] {logging_mixin.py:137} INFO - [2023-02-07T14:55:48.227+0000] {dag.py:3441} INFO - Setting next_dagrun for example_sensors to None, run_after=None
[2023-02-07T14:55:48.254+0000] {processor.py:175} INFO - Processing /home/airflow/.local/lib/python3.7/site-packages/airflow/example_dags/example_sensors.py took 0.102 seconds
[2023-02-07T14:56:18.980+0000] {processor.py:153} INFO - Started process (PID=1303) to work on /home/airflow/.local/lib/python3.7/site-packages/airflow/example_dags/example_sensors.py
[2023-02-07T14:56:18.981+0000] {processor.py:743} INFO - Processing file /home/airflow/.local/lib/python3.7/site-packages/airflow/example_dags/example_sensors.py for tasks to queue
[2023-02-07T14:56:18.982+0000] {logging_mixin.py:137} INFO - [2023-02-07T14:56:18.982+0000] {dagbag.py:538} INFO - Filling up the DagBag from /home/airflow/.local/lib/python3.7/site-packages/airflow/example_dags/example_sensors.py
[2023-02-07T14:56:19.002+0000] {processor.py:753} INFO - DAG(s) dict_keys(['example_sensors']) retrieved from /home/airflow/.local/lib/python3.7/site-packages/airflow/example_dags/example_sensors.py
[2023-02-07T14:56:19.029+0000] {logging_mixin.py:137} INFO - [2023-02-07T14:56:19.029+0000] {dag.py:2690} INFO - Sync 1 DAGs
[2023-02-07T14:56:19.055+0000] {logging_mixin.py:137} INFO - [2023-02-07T14:56:19.055+0000] {dag.py:3441} INFO - Setting next_dagrun for example_sensors to None, run_after=None
[2023-02-07T14:56:19.083+0000] {processor.py:175} INFO - Processing /home/airflow/.local/lib/python3.7/site-packages/airflow/example_dags/example_sensors.py took 0.106 seconds
[2023-02-07T14:56:49.873+0000] {processor.py:153} INFO - Started process (PID=1369) to work on /home/airflow/.local/lib/python3.7/site-packages/airflow/example_dags/example_sensors.py
[2023-02-07T14:56:49.874+0000] {processor.py:743} INFO - Processing file /home/airflow/.local/lib/python3.7/site-packages/airflow/example_dags/example_sensors.py for tasks to queue
[2023-02-07T14:56:49.874+0000] {logging_mixin.py:137} INFO - [2023-02-07T14:56:49.874+0000] {dagbag.py:538} INFO - Filling up the DagBag from /home/airflow/.local/lib/python3.7/site-packages/airflow/example_dags/example_sensors.py
[2023-02-07T14:56:49.900+0000] {processor.py:753} INFO - DAG(s) dict_keys(['example_sensors']) retrieved from /home/airflow/.local/lib/python3.7/site-packages/airflow/example_dags/example_sensors.py
[2023-02-07T14:56:49.936+0000] {logging_mixin.py:137} INFO - [2023-02-07T14:56:49.936+0000] {dag.py:2690} INFO - Sync 1 DAGs
[2023-02-07T14:56:49.972+0000] {logging_mixin.py:137} INFO - [2023-02-07T14:56:49.972+0000] {dag.py:3441} INFO - Setting next_dagrun for example_sensors to None, run_after=None
[2023-02-07T14:56:50.001+0000] {processor.py:175} INFO - Processing /home/airflow/.local/lib/python3.7/site-packages/airflow/example_dags/example_sensors.py took 0.132 seconds
[2023-02-07T14:57:21.092+0000] {processor.py:153} INFO - Started process (PID=1447) to work on /home/airflow/.local/lib/python3.7/site-packages/airflow/example_dags/example_sensors.py
[2023-02-07T14:57:21.093+0000] {processor.py:743} INFO - Processing file /home/airflow/.local/lib/python3.7/site-packages/airflow/example_dags/example_sensors.py for tasks to queue
[2023-02-07T14:57:21.093+0000] {logging_mixin.py:137} INFO - [2023-02-07T14:57:21.093+0000] {dagbag.py:538} INFO - Filling up the DagBag from /home/airflow/.local/lib/python3.7/site-packages/airflow/example_dags/example_sensors.py
[2023-02-07T14:57:21.120+0000] {processor.py:753} INFO - DAG(s) dict_keys(['example_sensors']) retrieved from /home/airflow/.local/lib/python3.7/site-packages/airflow/example_dags/example_sensors.py
[2023-02-07T14:57:21.159+0000] {logging_mixin.py:137} INFO - [2023-02-07T14:57:21.159+0000] {dag.py:2690} INFO - Sync 1 DAGs
[2023-02-07T14:57:21.192+0000] {logging_mixin.py:137} INFO - [2023-02-07T14:57:21.192+0000] {dag.py:3441} INFO - Setting next_dagrun for example_sensors to None, run_after=None
[2023-02-07T14:57:21.221+0000] {processor.py:175} INFO - Processing /home/airflow/.local/lib/python3.7/site-packages/airflow/example_dags/example_sensors.py took 0.134 seconds
[2023-02-07T14:57:51.494+0000] {processor.py:153} INFO - Started process (PID=1511) to work on /home/airflow/.local/lib/python3.7/site-packages/airflow/example_dags/example_sensors.py
[2023-02-07T14:57:51.496+0000] {processor.py:743} INFO - Processing file /home/airflow/.local/lib/python3.7/site-packages/airflow/example_dags/example_sensors.py for tasks to queue
[2023-02-07T14:57:51.497+0000] {logging_mixin.py:137} INFO - [2023-02-07T14:57:51.497+0000] {dagbag.py:538} INFO - Filling up the DagBag from /home/airflow/.local/lib/python3.7/site-packages/airflow/example_dags/example_sensors.py
[2023-02-07T14:57:51.586+0000] {processor.py:753} INFO - DAG(s) dict_keys(['example_sensors']) retrieved from /home/airflow/.local/lib/python3.7/site-packages/airflow/example_dags/example_sensors.py
[2023-02-07T14:57:51.624+0000] {logging_mixin.py:137} INFO - [2023-02-07T14:57:51.624+0000] {dag.py:2690} INFO - Sync 1 DAGs
[2023-02-07T14:57:51.665+0000] {logging_mixin.py:137} INFO - [2023-02-07T14:57:51.665+0000] {dag.py:3441} INFO - Setting next_dagrun for example_sensors to None, run_after=None
[2023-02-07T14:57:51.701+0000] {processor.py:175} INFO - Processing /home/airflow/.local/lib/python3.7/site-packages/airflow/example_dags/example_sensors.py took 0.212 seconds
[2023-02-07T14:58:21.973+0000] {processor.py:153} INFO - Started process (PID=1587) to work on /home/airflow/.local/lib/python3.7/site-packages/airflow/example_dags/example_sensors.py
[2023-02-07T14:58:21.974+0000] {processor.py:743} INFO - Processing file /home/airflow/.local/lib/python3.7/site-packages/airflow/example_dags/example_sensors.py for tasks to queue
[2023-02-07T14:58:21.974+0000] {logging_mixin.py:137} INFO - [2023-02-07T14:58:21.974+0000] {dagbag.py:538} INFO - Filling up the DagBag from /home/airflow/.local/lib/python3.7/site-packages/airflow/example_dags/example_sensors.py
[2023-02-07T14:58:21.993+0000] {processor.py:753} INFO - DAG(s) dict_keys(['example_sensors']) retrieved from /home/airflow/.local/lib/python3.7/site-packages/airflow/example_dags/example_sensors.py
[2023-02-07T14:58:22.019+0000] {logging_mixin.py:137} INFO - [2023-02-07T14:58:22.019+0000] {dag.py:2690} INFO - Sync 1 DAGs
[2023-02-07T14:58:22.043+0000] {logging_mixin.py:137} INFO - [2023-02-07T14:58:22.043+0000] {dag.py:3441} INFO - Setting next_dagrun for example_sensors to None, run_after=None
[2023-02-07T14:58:22.070+0000] {processor.py:175} INFO - Processing /home/airflow/.local/lib/python3.7/site-packages/airflow/example_dags/example_sensors.py took 0.100 seconds
[2023-02-07T14:58:52.132+0000] {processor.py:153} INFO - Started process (PID=1652) to work on /home/airflow/.local/lib/python3.7/site-packages/airflow/example_dags/example_sensors.py
[2023-02-07T14:58:52.133+0000] {processor.py:743} INFO - Processing file /home/airflow/.local/lib/python3.7/site-packages/airflow/example_dags/example_sensors.py for tasks to queue
[2023-02-07T14:58:52.134+0000] {logging_mixin.py:137} INFO - [2023-02-07T14:58:52.134+0000] {dagbag.py:538} INFO - Filling up the DagBag from /home/airflow/.local/lib/python3.7/site-packages/airflow/example_dags/example_sensors.py
[2023-02-07T14:58:52.152+0000] {processor.py:753} INFO - DAG(s) dict_keys(['example_sensors']) retrieved from /home/airflow/.local/lib/python3.7/site-packages/airflow/example_dags/example_sensors.py
[2023-02-07T14:58:52.185+0000] {logging_mixin.py:137} INFO - [2023-02-07T14:58:52.185+0000] {dag.py:2690} INFO - Sync 1 DAGs
[2023-02-07T14:58:52.211+0000] {logging_mixin.py:137} INFO - [2023-02-07T14:58:52.211+0000] {dag.py:3441} INFO - Setting next_dagrun for example_sensors to None, run_after=None
[2023-02-07T14:58:52.236+0000] {processor.py:175} INFO - Processing /home/airflow/.local/lib/python3.7/site-packages/airflow/example_dags/example_sensors.py took 0.108 seconds
[2023-02-07T14:59:22.358+0000] {processor.py:153} INFO - Started process (PID=1730) to work on /home/airflow/.local/lib/python3.7/site-packages/airflow/example_dags/example_sensors.py
[2023-02-07T14:59:22.358+0000] {processor.py:743} INFO - Processing file /home/airflow/.local/lib/python3.7/site-packages/airflow/example_dags/example_sensors.py for tasks to queue
[2023-02-07T14:59:22.359+0000] {logging_mixin.py:137} INFO - [2023-02-07T14:59:22.359+0000] {dagbag.py:538} INFO - Filling up the DagBag from /home/airflow/.local/lib/python3.7/site-packages/airflow/example_dags/example_sensors.py
[2023-02-07T14:59:22.378+0000] {processor.py:753} INFO - DAG(s) dict_keys(['example_sensors']) retrieved from /home/airflow/.local/lib/python3.7/site-packages/airflow/example_dags/example_sensors.py
[2023-02-07T14:59:22.408+0000] {logging_mixin.py:137} INFO - [2023-02-07T14:59:22.408+0000] {dag.py:2690} INFO - Sync 1 DAGs
[2023-02-07T14:59:22.433+0000] {logging_mixin.py:137} INFO - [2023-02-07T14:59:22.433+0000] {dag.py:3441} INFO - Setting next_dagrun for example_sensors to None, run_after=None
[2023-02-07T14:59:22.462+0000] {processor.py:175} INFO - Processing /home/airflow/.local/lib/python3.7/site-packages/airflow/example_dags/example_sensors.py took 0.108 seconds
[2023-02-07T14:59:53.006+0000] {processor.py:153} INFO - Started process (PID=1795) to work on /home/airflow/.local/lib/python3.7/site-packages/airflow/example_dags/example_sensors.py
[2023-02-07T14:59:53.007+0000] {processor.py:743} INFO - Processing file /home/airflow/.local/lib/python3.7/site-packages/airflow/example_dags/example_sensors.py for tasks to queue
[2023-02-07T14:59:53.008+0000] {logging_mixin.py:137} INFO - [2023-02-07T14:59:53.008+0000] {dagbag.py:538} INFO - Filling up the DagBag from /home/airflow/.local/lib/python3.7/site-packages/airflow/example_dags/example_sensors.py
[2023-02-07T14:59:53.035+0000] {processor.py:753} INFO - DAG(s) dict_keys(['example_sensors']) retrieved from /home/airflow/.local/lib/python3.7/site-packages/airflow/example_dags/example_sensors.py
[2023-02-07T14:59:53.064+0000] {logging_mixin.py:137} INFO - [2023-02-07T14:59:53.064+0000] {dag.py:2690} INFO - Sync 1 DAGs
[2023-02-07T14:59:53.086+0000] {logging_mixin.py:137} INFO - [2023-02-07T14:59:53.086+0000] {dag.py:3441} INFO - Setting next_dagrun for example_sensors to None, run_after=None
[2023-02-07T14:59:53.112+0000] {processor.py:175} INFO - Processing /home/airflow/.local/lib/python3.7/site-packages/airflow/example_dags/example_sensors.py took 0.111 seconds
[2023-02-07T15:00:23.810+0000] {processor.py:153} INFO - Started process (PID=1873) to work on /home/airflow/.local/lib/python3.7/site-packages/airflow/example_dags/example_sensors.py
[2023-02-07T15:00:23.810+0000] {processor.py:743} INFO - Processing file /home/airflow/.local/lib/python3.7/site-packages/airflow/example_dags/example_sensors.py for tasks to queue
[2023-02-07T15:00:23.811+0000] {logging_mixin.py:137} INFO - [2023-02-07T15:00:23.811+0000] {dagbag.py:538} INFO - Filling up the DagBag from /home/airflow/.local/lib/python3.7/site-packages/airflow/example_dags/example_sensors.py
[2023-02-07T15:00:23.831+0000] {processor.py:753} INFO - DAG(s) dict_keys(['example_sensors']) retrieved from /home/airflow/.local/lib/python3.7/site-packages/airflow/example_dags/example_sensors.py
[2023-02-07T15:00:23.863+0000] {logging_mixin.py:137} INFO - [2023-02-07T15:00:23.863+0000] {dag.py:2690} INFO - Sync 1 DAGs
[2023-02-07T15:00:23.896+0000] {logging_mixin.py:137} INFO - [2023-02-07T15:00:23.896+0000] {dag.py:3441} INFO - Setting next_dagrun for example_sensors to None, run_after=None
[2023-02-07T15:00:23.925+0000] {processor.py:175} INFO - Processing /home/airflow/.local/lib/python3.7/site-packages/airflow/example_dags/example_sensors.py took 0.120 seconds
[2023-02-07T15:00:54.589+0000] {processor.py:153} INFO - Started process (PID=1938) to work on /home/airflow/.local/lib/python3.7/site-packages/airflow/example_dags/example_sensors.py
[2023-02-07T15:00:54.590+0000] {processor.py:743} INFO - Processing file /home/airflow/.local/lib/python3.7/site-packages/airflow/example_dags/example_sensors.py for tasks to queue
[2023-02-07T15:00:54.591+0000] {logging_mixin.py:137} INFO - [2023-02-07T15:00:54.590+0000] {dagbag.py:538} INFO - Filling up the DagBag from /home/airflow/.local/lib/python3.7/site-packages/airflow/example_dags/example_sensors.py
[2023-02-07T15:00:54.614+0000] {processor.py:753} INFO - DAG(s) dict_keys(['example_sensors']) retrieved from /home/airflow/.local/lib/python3.7/site-packages/airflow/example_dags/example_sensors.py
[2023-02-07T15:00:54.643+0000] {logging_mixin.py:137} INFO - [2023-02-07T15:00:54.643+0000] {dag.py:2690} INFO - Sync 1 DAGs
[2023-02-07T15:00:54.666+0000] {logging_mixin.py:137} INFO - [2023-02-07T15:00:54.666+0000] {dag.py:3441} INFO - Setting next_dagrun for example_sensors to None, run_after=None
[2023-02-07T15:00:54.690+0000] {processor.py:175} INFO - Processing /home/airflow/.local/lib/python3.7/site-packages/airflow/example_dags/example_sensors.py took 0.105 seconds
[2023-02-07T15:01:25.194+0000] {processor.py:153} INFO - Started process (PID=2018) to work on /home/airflow/.local/lib/python3.7/site-packages/airflow/example_dags/example_sensors.py
[2023-02-07T15:01:25.195+0000] {processor.py:743} INFO - Processing file /home/airflow/.local/lib/python3.7/site-packages/airflow/example_dags/example_sensors.py for tasks to queue
[2023-02-07T15:01:25.196+0000] {logging_mixin.py:137} INFO - [2023-02-07T15:01:25.195+0000] {dagbag.py:538} INFO - Filling up the DagBag from /home/airflow/.local/lib/python3.7/site-packages/airflow/example_dags/example_sensors.py
[2023-02-07T15:01:25.216+0000] {processor.py:753} INFO - DAG(s) dict_keys(['example_sensors']) retrieved from /home/airflow/.local/lib/python3.7/site-packages/airflow/example_dags/example_sensors.py
[2023-02-07T15:01:25.245+0000] {logging_mixin.py:137} INFO - [2023-02-07T15:01:25.245+0000] {dag.py:2690} INFO - Sync 1 DAGs
[2023-02-07T15:01:25.272+0000] {logging_mixin.py:137} INFO - [2023-02-07T15:01:25.272+0000] {dag.py:3441} INFO - Setting next_dagrun for example_sensors to None, run_after=None
[2023-02-07T15:01:25.303+0000] {processor.py:175} INFO - Processing /home/airflow/.local/lib/python3.7/site-packages/airflow/example_dags/example_sensors.py took 0.113 seconds
[2023-02-07T15:01:55.888+0000] {processor.py:153} INFO - Started process (PID=2084) to work on /home/airflow/.local/lib/python3.7/site-packages/airflow/example_dags/example_sensors.py
[2023-02-07T15:01:55.889+0000] {processor.py:743} INFO - Processing file /home/airflow/.local/lib/python3.7/site-packages/airflow/example_dags/example_sensors.py for tasks to queue
[2023-02-07T15:01:55.890+0000] {logging_mixin.py:137} INFO - [2023-02-07T15:01:55.890+0000] {dagbag.py:538} INFO - Filling up the DagBag from /home/airflow/.local/lib/python3.7/site-packages/airflow/example_dags/example_sensors.py
[2023-02-07T15:01:55.910+0000] {processor.py:753} INFO - DAG(s) dict_keys(['example_sensors']) retrieved from /home/airflow/.local/lib/python3.7/site-packages/airflow/example_dags/example_sensors.py
[2023-02-07T15:01:55.938+0000] {logging_mixin.py:137} INFO - [2023-02-07T15:01:55.938+0000] {dag.py:2690} INFO - Sync 1 DAGs
[2023-02-07T15:01:55.963+0000] {logging_mixin.py:137} INFO - [2023-02-07T15:01:55.963+0000] {dag.py:3441} INFO - Setting next_dagrun for example_sensors to None, run_after=None
[2023-02-07T15:01:55.993+0000] {processor.py:175} INFO - Processing /home/airflow/.local/lib/python3.7/site-packages/airflow/example_dags/example_sensors.py took 0.108 seconds
[2023-02-07T15:02:26.516+0000] {processor.py:153} INFO - Started process (PID=2161) to work on /home/airflow/.local/lib/python3.7/site-packages/airflow/example_dags/example_sensors.py
[2023-02-07T15:02:26.524+0000] {processor.py:743} INFO - Processing file /home/airflow/.local/lib/python3.7/site-packages/airflow/example_dags/example_sensors.py for tasks to queue
[2023-02-07T15:02:26.525+0000] {logging_mixin.py:137} INFO - [2023-02-07T15:02:26.525+0000] {dagbag.py:538} INFO - Filling up the DagBag from /home/airflow/.local/lib/python3.7/site-packages/airflow/example_dags/example_sensors.py
[2023-02-07T15:02:26.546+0000] {processor.py:753} INFO - DAG(s) dict_keys(['example_sensors']) retrieved from /home/airflow/.local/lib/python3.7/site-packages/airflow/example_dags/example_sensors.py
[2023-02-07T15:02:26.570+0000] {logging_mixin.py:137} INFO - [2023-02-07T15:02:26.570+0000] {dag.py:2690} INFO - Sync 1 DAGs
[2023-02-07T15:02:26.602+0000] {logging_mixin.py:137} INFO - [2023-02-07T15:02:26.602+0000] {dag.py:3441} INFO - Setting next_dagrun for example_sensors to None, run_after=None
[2023-02-07T15:02:26.626+0000] {processor.py:175} INFO - Processing /home/airflow/.local/lib/python3.7/site-packages/airflow/example_dags/example_sensors.py took 0.113 seconds
[2023-02-07T15:02:57.470+0000] {processor.py:153} INFO - Started process (PID=2226) to work on /home/airflow/.local/lib/python3.7/site-packages/airflow/example_dags/example_sensors.py
[2023-02-07T15:02:57.475+0000] {processor.py:743} INFO - Processing file /home/airflow/.local/lib/python3.7/site-packages/airflow/example_dags/example_sensors.py for tasks to queue
[2023-02-07T15:02:57.476+0000] {logging_mixin.py:137} INFO - [2023-02-07T15:02:57.476+0000] {dagbag.py:538} INFO - Filling up the DagBag from /home/airflow/.local/lib/python3.7/site-packages/airflow/example_dags/example_sensors.py
[2023-02-07T15:02:57.499+0000] {processor.py:753} INFO - DAG(s) dict_keys(['example_sensors']) retrieved from /home/airflow/.local/lib/python3.7/site-packages/airflow/example_dags/example_sensors.py
[2023-02-07T15:02:57.534+0000] {logging_mixin.py:137} INFO - [2023-02-07T15:02:57.534+0000] {dag.py:2690} INFO - Sync 1 DAGs
[2023-02-07T15:02:57.566+0000] {logging_mixin.py:137} INFO - [2023-02-07T15:02:57.565+0000] {dag.py:3441} INFO - Setting next_dagrun for example_sensors to None, run_after=None
[2023-02-07T15:02:57.591+0000] {processor.py:175} INFO - Processing /home/airflow/.local/lib/python3.7/site-packages/airflow/example_dags/example_sensors.py took 0.125 seconds
[2023-02-07T15:03:28.149+0000] {processor.py:153} INFO - Started process (PID=2304) to work on /home/airflow/.local/lib/python3.7/site-packages/airflow/example_dags/example_sensors.py
[2023-02-07T15:03:28.150+0000] {processor.py:743} INFO - Processing file /home/airflow/.local/lib/python3.7/site-packages/airflow/example_dags/example_sensors.py for tasks to queue
[2023-02-07T15:03:28.150+0000] {logging_mixin.py:137} INFO - [2023-02-07T15:03:28.150+0000] {dagbag.py:538} INFO - Filling up the DagBag from /home/airflow/.local/lib/python3.7/site-packages/airflow/example_dags/example_sensors.py
[2023-02-07T15:03:28.170+0000] {processor.py:753} INFO - DAG(s) dict_keys(['example_sensors']) retrieved from /home/airflow/.local/lib/python3.7/site-packages/airflow/example_dags/example_sensors.py
[2023-02-07T15:03:28.196+0000] {logging_mixin.py:137} INFO - [2023-02-07T15:03:28.196+0000] {dag.py:2690} INFO - Sync 1 DAGs
[2023-02-07T15:03:28.219+0000] {logging_mixin.py:137} INFO - [2023-02-07T15:03:28.219+0000] {dag.py:3441} INFO - Setting next_dagrun for example_sensors to None, run_after=None
[2023-02-07T15:03:28.243+0000] {processor.py:175} INFO - Processing /home/airflow/.local/lib/python3.7/site-packages/airflow/example_dags/example_sensors.py took 0.098 seconds
[2023-02-07T15:03:58.985+0000] {processor.py:153} INFO - Started process (PID=2370) to work on /home/airflow/.local/lib/python3.7/site-packages/airflow/example_dags/example_sensors.py
[2023-02-07T15:03:58.986+0000] {processor.py:743} INFO - Processing file /home/airflow/.local/lib/python3.7/site-packages/airflow/example_dags/example_sensors.py for tasks to queue
[2023-02-07T15:03:58.987+0000] {logging_mixin.py:137} INFO - [2023-02-07T15:03:58.987+0000] {dagbag.py:538} INFO - Filling up the DagBag from /home/airflow/.local/lib/python3.7/site-packages/airflow/example_dags/example_sensors.py
[2023-02-07T15:03:59.004+0000] {processor.py:753} INFO - DAG(s) dict_keys(['example_sensors']) retrieved from /home/airflow/.local/lib/python3.7/site-packages/airflow/example_dags/example_sensors.py
[2023-02-07T15:03:59.029+0000] {logging_mixin.py:137} INFO - [2023-02-07T15:03:59.029+0000] {dag.py:2690} INFO - Sync 1 DAGs
[2023-02-07T15:03:59.052+0000] {logging_mixin.py:137} INFO - [2023-02-07T15:03:59.052+0000] {dag.py:3441} INFO - Setting next_dagrun for example_sensors to None, run_after=None
[2023-02-07T15:03:59.193+0000] {processor.py:175} INFO - Processing /home/airflow/.local/lib/python3.7/site-packages/airflow/example_dags/example_sensors.py took 0.212 seconds
[2023-02-07T15:04:30.156+0000] {processor.py:153} INFO - Started process (PID=2449) to work on /home/airflow/.local/lib/python3.7/site-packages/airflow/example_dags/example_sensors.py
[2023-02-07T15:04:30.157+0000] {processor.py:743} INFO - Processing file /home/airflow/.local/lib/python3.7/site-packages/airflow/example_dags/example_sensors.py for tasks to queue
[2023-02-07T15:04:30.158+0000] {logging_mixin.py:137} INFO - [2023-02-07T15:04:30.158+0000] {dagbag.py:538} INFO - Filling up the DagBag from /home/airflow/.local/lib/python3.7/site-packages/airflow/example_dags/example_sensors.py
[2023-02-07T15:04:30.184+0000] {processor.py:753} INFO - DAG(s) dict_keys(['example_sensors']) retrieved from /home/airflow/.local/lib/python3.7/site-packages/airflow/example_dags/example_sensors.py
[2023-02-07T15:04:30.218+0000] {logging_mixin.py:137} INFO - [2023-02-07T15:04:30.218+0000] {dag.py:2690} INFO - Sync 1 DAGs
[2023-02-07T15:04:30.256+0000] {logging_mixin.py:137} INFO - [2023-02-07T15:04:30.256+0000] {dag.py:3441} INFO - Setting next_dagrun for example_sensors to None, run_after=None
[2023-02-07T15:04:30.284+0000] {processor.py:175} INFO - Processing /home/airflow/.local/lib/python3.7/site-packages/airflow/example_dags/example_sensors.py took 0.133 seconds
[2023-02-07T15:05:00.391+0000] {processor.py:153} INFO - Started process (PID=2515) to work on /home/airflow/.local/lib/python3.7/site-packages/airflow/example_dags/example_sensors.py
[2023-02-07T15:05:00.392+0000] {processor.py:743} INFO - Processing file /home/airflow/.local/lib/python3.7/site-packages/airflow/example_dags/example_sensors.py for tasks to queue
[2023-02-07T15:05:00.392+0000] {logging_mixin.py:137} INFO - [2023-02-07T15:05:00.392+0000] {dagbag.py:538} INFO - Filling up the DagBag from /home/airflow/.local/lib/python3.7/site-packages/airflow/example_dags/example_sensors.py
[2023-02-07T15:05:00.410+0000] {processor.py:753} INFO - DAG(s) dict_keys(['example_sensors']) retrieved from /home/airflow/.local/lib/python3.7/site-packages/airflow/example_dags/example_sensors.py
[2023-02-07T15:05:00.438+0000] {logging_mixin.py:137} INFO - [2023-02-07T15:05:00.438+0000] {dag.py:2690} INFO - Sync 1 DAGs
[2023-02-07T15:05:00.462+0000] {logging_mixin.py:137} INFO - [2023-02-07T15:05:00.462+0000] {dag.py:3441} INFO - Setting next_dagrun for example_sensors to None, run_after=None
[2023-02-07T15:05:00.489+0000] {processor.py:175} INFO - Processing /home/airflow/.local/lib/python3.7/site-packages/airflow/example_dags/example_sensors.py took 0.101 seconds
[2023-02-07T15:05:31.013+0000] {processor.py:153} INFO - Started process (PID=2594) to work on /home/airflow/.local/lib/python3.7/site-packages/airflow/example_dags/example_sensors.py
[2023-02-07T15:05:31.014+0000] {processor.py:743} INFO - Processing file /home/airflow/.local/lib/python3.7/site-packages/airflow/example_dags/example_sensors.py for tasks to queue
[2023-02-07T15:05:31.015+0000] {logging_mixin.py:137} INFO - [2023-02-07T15:05:31.015+0000] {dagbag.py:538} INFO - Filling up the DagBag from /home/airflow/.local/lib/python3.7/site-packages/airflow/example_dags/example_sensors.py
[2023-02-07T15:05:31.042+0000] {processor.py:753} INFO - DAG(s) dict_keys(['example_sensors']) retrieved from /home/airflow/.local/lib/python3.7/site-packages/airflow/example_dags/example_sensors.py
[2023-02-07T15:05:31.079+0000] {logging_mixin.py:137} INFO - [2023-02-07T15:05:31.078+0000] {dag.py:2690} INFO - Sync 1 DAGs
[2023-02-07T15:05:31.113+0000] {logging_mixin.py:137} INFO - [2023-02-07T15:05:31.113+0000] {dag.py:3441} INFO - Setting next_dagrun for example_sensors to None, run_after=None
[2023-02-07T15:05:31.146+0000] {processor.py:175} INFO - Processing /home/airflow/.local/lib/python3.7/site-packages/airflow/example_dags/example_sensors.py took 0.137 seconds
[2023-02-07T15:06:01.798+0000] {processor.py:153} INFO - Started process (PID=2666) to work on /home/airflow/.local/lib/python3.7/site-packages/airflow/example_dags/example_sensors.py
[2023-02-07T15:06:01.799+0000] {processor.py:743} INFO - Processing file /home/airflow/.local/lib/python3.7/site-packages/airflow/example_dags/example_sensors.py for tasks to queue
[2023-02-07T15:06:01.800+0000] {logging_mixin.py:137} INFO - [2023-02-07T15:06:01.800+0000] {dagbag.py:538} INFO - Filling up the DagBag from /home/airflow/.local/lib/python3.7/site-packages/airflow/example_dags/example_sensors.py
[2023-02-07T15:06:01.826+0000] {processor.py:753} INFO - DAG(s) dict_keys(['example_sensors']) retrieved from /home/airflow/.local/lib/python3.7/site-packages/airflow/example_dags/example_sensors.py
[2023-02-07T15:06:01.862+0000] {logging_mixin.py:137} INFO - [2023-02-07T15:06:01.862+0000] {dag.py:2690} INFO - Sync 1 DAGs
[2023-02-07T15:06:01.898+0000] {logging_mixin.py:137} INFO - [2023-02-07T15:06:01.898+0000] {dag.py:3441} INFO - Setting next_dagrun for example_sensors to None, run_after=None
[2023-02-07T15:06:01.928+0000] {processor.py:175} INFO - Processing /home/airflow/.local/lib/python3.7/site-packages/airflow/example_dags/example_sensors.py took 0.136 seconds
[2023-02-07T15:06:32.512+0000] {processor.py:153} INFO - Started process (PID=2736) to work on /home/airflow/.local/lib/python3.7/site-packages/airflow/example_dags/example_sensors.py
[2023-02-07T15:06:32.512+0000] {processor.py:743} INFO - Processing file /home/airflow/.local/lib/python3.7/site-packages/airflow/example_dags/example_sensors.py for tasks to queue
[2023-02-07T15:06:32.513+0000] {logging_mixin.py:137} INFO - [2023-02-07T15:06:32.513+0000] {dagbag.py:538} INFO - Filling up the DagBag from /home/airflow/.local/lib/python3.7/site-packages/airflow/example_dags/example_sensors.py
[2023-02-07T15:06:32.534+0000] {processor.py:753} INFO - DAG(s) dict_keys(['example_sensors']) retrieved from /home/airflow/.local/lib/python3.7/site-packages/airflow/example_dags/example_sensors.py
[2023-02-07T15:06:32.563+0000] {logging_mixin.py:137} INFO - [2023-02-07T15:06:32.563+0000] {dag.py:2690} INFO - Sync 1 DAGs
[2023-02-07T15:06:32.587+0000] {logging_mixin.py:137} INFO - [2023-02-07T15:06:32.587+0000] {dag.py:3441} INFO - Setting next_dagrun for example_sensors to None, run_after=None
[2023-02-07T15:06:32.618+0000] {processor.py:175} INFO - Processing /home/airflow/.local/lib/python3.7/site-packages/airflow/example_dags/example_sensors.py took 0.109 seconds
[2023-02-07T15:07:03.086+0000] {processor.py:153} INFO - Started process (PID=2810) to work on /home/airflow/.local/lib/python3.7/site-packages/airflow/example_dags/example_sensors.py
[2023-02-07T15:07:03.087+0000] {processor.py:743} INFO - Processing file /home/airflow/.local/lib/python3.7/site-packages/airflow/example_dags/example_sensors.py for tasks to queue
[2023-02-07T15:07:03.088+0000] {logging_mixin.py:137} INFO - [2023-02-07T15:07:03.087+0000] {dagbag.py:538} INFO - Filling up the DagBag from /home/airflow/.local/lib/python3.7/site-packages/airflow/example_dags/example_sensors.py
[2023-02-07T15:07:03.114+0000] {processor.py:753} INFO - DAG(s) dict_keys(['example_sensors']) retrieved from /home/airflow/.local/lib/python3.7/site-packages/airflow/example_dags/example_sensors.py
[2023-02-07T15:07:03.156+0000] {logging_mixin.py:137} INFO - [2023-02-07T15:07:03.156+0000] {dag.py:2690} INFO - Sync 1 DAGs
[2023-02-07T15:07:03.191+0000] {logging_mixin.py:137} INFO - [2023-02-07T15:07:03.191+0000] {dag.py:3441} INFO - Setting next_dagrun for example_sensors to None, run_after=None
[2023-02-07T15:07:03.221+0000] {processor.py:175} INFO - Processing /home/airflow/.local/lib/python3.7/site-packages/airflow/example_dags/example_sensors.py took 0.140 seconds
[2023-02-07T15:07:33.810+0000] {processor.py:153} INFO - Started process (PID=2879) to work on /home/airflow/.local/lib/python3.7/site-packages/airflow/example_dags/example_sensors.py
[2023-02-07T15:07:33.811+0000] {processor.py:743} INFO - Processing file /home/airflow/.local/lib/python3.7/site-packages/airflow/example_dags/example_sensors.py for tasks to queue
[2023-02-07T15:07:33.811+0000] {logging_mixin.py:137} INFO - [2023-02-07T15:07:33.811+0000] {dagbag.py:538} INFO - Filling up the DagBag from /home/airflow/.local/lib/python3.7/site-packages/airflow/example_dags/example_sensors.py
[2023-02-07T15:07:33.830+0000] {processor.py:753} INFO - DAG(s) dict_keys(['example_sensors']) retrieved from /home/airflow/.local/lib/python3.7/site-packages/airflow/example_dags/example_sensors.py
[2023-02-07T15:07:33.863+0000] {logging_mixin.py:137} INFO - [2023-02-07T15:07:33.862+0000] {dag.py:2690} INFO - Sync 1 DAGs
[2023-02-07T15:07:33.886+0000] {logging_mixin.py:137} INFO - [2023-02-07T15:07:33.885+0000] {dag.py:3441} INFO - Setting next_dagrun for example_sensors to None, run_after=None
[2023-02-07T15:07:33.911+0000] {processor.py:175} INFO - Processing /home/airflow/.local/lib/python3.7/site-packages/airflow/example_dags/example_sensors.py took 0.105 seconds
[2023-02-07T15:08:04.570+0000] {processor.py:153} INFO - Started process (PID=2954) to work on /home/airflow/.local/lib/python3.7/site-packages/airflow/example_dags/example_sensors.py
[2023-02-07T15:08:04.571+0000] {processor.py:743} INFO - Processing file /home/airflow/.local/lib/python3.7/site-packages/airflow/example_dags/example_sensors.py for tasks to queue
[2023-02-07T15:08:04.572+0000] {logging_mixin.py:137} INFO - [2023-02-07T15:08:04.572+0000] {dagbag.py:538} INFO - Filling up the DagBag from /home/airflow/.local/lib/python3.7/site-packages/airflow/example_dags/example_sensors.py
[2023-02-07T15:08:04.600+0000] {processor.py:753} INFO - DAG(s) dict_keys(['example_sensors']) retrieved from /home/airflow/.local/lib/python3.7/site-packages/airflow/example_dags/example_sensors.py
[2023-02-07T15:08:04.638+0000] {logging_mixin.py:137} INFO - [2023-02-07T15:08:04.638+0000] {dag.py:2690} INFO - Sync 1 DAGs
[2023-02-07T15:08:04.674+0000] {logging_mixin.py:137} INFO - [2023-02-07T15:08:04.674+0000] {dag.py:3441} INFO - Setting next_dagrun for example_sensors to None, run_after=None
[2023-02-07T15:08:04.704+0000] {processor.py:175} INFO - Processing /home/airflow/.local/lib/python3.7/site-packages/airflow/example_dags/example_sensors.py took 0.139 seconds
[2023-02-07T15:08:34.882+0000] {processor.py:153} INFO - Started process (PID=3021) to work on /home/airflow/.local/lib/python3.7/site-packages/airflow/example_dags/example_sensors.py
[2023-02-07T15:08:34.883+0000] {processor.py:743} INFO - Processing file /home/airflow/.local/lib/python3.7/site-packages/airflow/example_dags/example_sensors.py for tasks to queue
[2023-02-07T15:08:34.883+0000] {logging_mixin.py:137} INFO - [2023-02-07T15:08:34.883+0000] {dagbag.py:538} INFO - Filling up the DagBag from /home/airflow/.local/lib/python3.7/site-packages/airflow/example_dags/example_sensors.py
[2023-02-07T15:08:34.902+0000] {processor.py:753} INFO - DAG(s) dict_keys(['example_sensors']) retrieved from /home/airflow/.local/lib/python3.7/site-packages/airflow/example_dags/example_sensors.py
[2023-02-07T15:08:34.931+0000] {logging_mixin.py:137} INFO - [2023-02-07T15:08:34.931+0000] {dag.py:2690} INFO - Sync 1 DAGs
[2023-02-07T15:08:34.955+0000] {logging_mixin.py:137} INFO - [2023-02-07T15:08:34.955+0000] {dag.py:3441} INFO - Setting next_dagrun for example_sensors to None, run_after=None
[2023-02-07T15:08:34.980+0000] {processor.py:175} INFO - Processing /home/airflow/.local/lib/python3.7/site-packages/airflow/example_dags/example_sensors.py took 0.102 seconds
[2023-02-07T15:09:05.713+0000] {processor.py:153} INFO - Started process (PID=3094) to work on /home/airflow/.local/lib/python3.7/site-packages/airflow/example_dags/example_sensors.py
[2023-02-07T15:09:05.714+0000] {processor.py:743} INFO - Processing file /home/airflow/.local/lib/python3.7/site-packages/airflow/example_dags/example_sensors.py for tasks to queue
[2023-02-07T15:09:05.715+0000] {logging_mixin.py:137} INFO - [2023-02-07T15:09:05.715+0000] {dagbag.py:538} INFO - Filling up the DagBag from /home/airflow/.local/lib/python3.7/site-packages/airflow/example_dags/example_sensors.py
[2023-02-07T15:09:05.741+0000] {processor.py:753} INFO - DAG(s) dict_keys(['example_sensors']) retrieved from /home/airflow/.local/lib/python3.7/site-packages/airflow/example_dags/example_sensors.py
[2023-02-07T15:09:05.781+0000] {logging_mixin.py:137} INFO - [2023-02-07T15:09:05.781+0000] {dag.py:2690} INFO - Sync 1 DAGs
[2023-02-07T15:09:05.817+0000] {logging_mixin.py:137} INFO - [2023-02-07T15:09:05.817+0000] {dag.py:3441} INFO - Setting next_dagrun for example_sensors to None, run_after=None
[2023-02-07T15:09:05.849+0000] {processor.py:175} INFO - Processing /home/airflow/.local/lib/python3.7/site-packages/airflow/example_dags/example_sensors.py took 0.140 seconds
[2023-02-07T15:09:35.949+0000] {processor.py:153} INFO - Started process (PID=3163) to work on /home/airflow/.local/lib/python3.7/site-packages/airflow/example_dags/example_sensors.py
[2023-02-07T15:09:35.950+0000] {processor.py:743} INFO - Processing file /home/airflow/.local/lib/python3.7/site-packages/airflow/example_dags/example_sensors.py for tasks to queue
[2023-02-07T15:09:35.950+0000] {logging_mixin.py:137} INFO - [2023-02-07T15:09:35.950+0000] {dagbag.py:538} INFO - Filling up the DagBag from /home/airflow/.local/lib/python3.7/site-packages/airflow/example_dags/example_sensors.py
[2023-02-07T15:09:35.968+0000] {processor.py:753} INFO - DAG(s) dict_keys(['example_sensors']) retrieved from /home/airflow/.local/lib/python3.7/site-packages/airflow/example_dags/example_sensors.py
[2023-02-07T15:09:35.993+0000] {logging_mixin.py:137} INFO - [2023-02-07T15:09:35.993+0000] {dag.py:2690} INFO - Sync 1 DAGs
[2023-02-07T15:09:36.016+0000] {logging_mixin.py:137} INFO - [2023-02-07T15:09:36.016+0000] {dag.py:3441} INFO - Setting next_dagrun for example_sensors to None, run_after=None
[2023-02-07T15:09:36.041+0000] {processor.py:175} INFO - Processing /home/airflow/.local/lib/python3.7/site-packages/airflow/example_dags/example_sensors.py took 0.096 seconds
[2023-02-07T15:10:06.229+0000] {processor.py:153} INFO - Started process (PID=3229) to work on /home/airflow/.local/lib/python3.7/site-packages/airflow/example_dags/example_sensors.py
[2023-02-07T15:10:06.230+0000] {processor.py:743} INFO - Processing file /home/airflow/.local/lib/python3.7/site-packages/airflow/example_dags/example_sensors.py for tasks to queue
[2023-02-07T15:10:06.231+0000] {logging_mixin.py:137} INFO - [2023-02-07T15:10:06.231+0000] {dagbag.py:538} INFO - Filling up the DagBag from /home/airflow/.local/lib/python3.7/site-packages/airflow/example_dags/example_sensors.py
[2023-02-07T15:10:06.257+0000] {processor.py:753} INFO - DAG(s) dict_keys(['example_sensors']) retrieved from /home/airflow/.local/lib/python3.7/site-packages/airflow/example_dags/example_sensors.py
[2023-02-07T15:10:06.293+0000] {logging_mixin.py:137} INFO - [2023-02-07T15:10:06.293+0000] {dag.py:2690} INFO - Sync 1 DAGs
[2023-02-07T15:10:06.327+0000] {logging_mixin.py:137} INFO - [2023-02-07T15:10:06.327+0000] {dag.py:3441} INFO - Setting next_dagrun for example_sensors to None, run_after=None
[2023-02-07T15:10:06.354+0000] {processor.py:175} INFO - Processing /home/airflow/.local/lib/python3.7/site-packages/airflow/example_dags/example_sensors.py took 0.129 seconds
[2023-02-07T15:10:36.458+0000] {processor.py:153} INFO - Started process (PID=3308) to work on /home/airflow/.local/lib/python3.7/site-packages/airflow/example_dags/example_sensors.py
[2023-02-07T15:10:36.458+0000] {processor.py:743} INFO - Processing file /home/airflow/.local/lib/python3.7/site-packages/airflow/example_dags/example_sensors.py for tasks to queue
[2023-02-07T15:10:36.459+0000] {logging_mixin.py:137} INFO - [2023-02-07T15:10:36.459+0000] {dagbag.py:538} INFO - Filling up the DagBag from /home/airflow/.local/lib/python3.7/site-packages/airflow/example_dags/example_sensors.py
[2023-02-07T15:10:36.482+0000] {processor.py:753} INFO - DAG(s) dict_keys(['example_sensors']) retrieved from /home/airflow/.local/lib/python3.7/site-packages/airflow/example_dags/example_sensors.py
[2023-02-07T15:10:36.516+0000] {logging_mixin.py:137} INFO - [2023-02-07T15:10:36.516+0000] {dag.py:2690} INFO - Sync 1 DAGs
[2023-02-07T15:10:36.540+0000] {logging_mixin.py:137} INFO - [2023-02-07T15:10:36.540+0000] {dag.py:3441} INFO - Setting next_dagrun for example_sensors to None, run_after=None
[2023-02-07T15:10:36.566+0000] {processor.py:175} INFO - Processing /home/airflow/.local/lib/python3.7/site-packages/airflow/example_dags/example_sensors.py took 0.112 seconds
[2023-02-07T15:11:06.951+0000] {processor.py:153} INFO - Started process (PID=3374) to work on /home/airflow/.local/lib/python3.7/site-packages/airflow/example_dags/example_sensors.py
[2023-02-07T15:11:06.952+0000] {processor.py:743} INFO - Processing file /home/airflow/.local/lib/python3.7/site-packages/airflow/example_dags/example_sensors.py for tasks to queue
[2023-02-07T15:11:06.953+0000] {logging_mixin.py:137} INFO - [2023-02-07T15:11:06.952+0000] {dagbag.py:538} INFO - Filling up the DagBag from /home/airflow/.local/lib/python3.7/site-packages/airflow/example_dags/example_sensors.py
[2023-02-07T15:11:06.978+0000] {processor.py:753} INFO - DAG(s) dict_keys(['example_sensors']) retrieved from /home/airflow/.local/lib/python3.7/site-packages/airflow/example_dags/example_sensors.py
[2023-02-07T15:11:07.015+0000] {logging_mixin.py:137} INFO - [2023-02-07T15:11:07.014+0000] {dag.py:2690} INFO - Sync 1 DAGs
[2023-02-07T15:11:07.046+0000] {logging_mixin.py:137} INFO - [2023-02-07T15:11:07.045+0000] {dag.py:3441} INFO - Setting next_dagrun for example_sensors to None, run_after=None
[2023-02-07T15:11:07.078+0000] {processor.py:175} INFO - Processing /home/airflow/.local/lib/python3.7/site-packages/airflow/example_dags/example_sensors.py took 0.132 seconds
[2023-02-07T15:11:37.660+0000] {processor.py:153} INFO - Started process (PID=3452) to work on /home/airflow/.local/lib/python3.7/site-packages/airflow/example_dags/example_sensors.py
[2023-02-07T15:11:37.661+0000] {processor.py:743} INFO - Processing file /home/airflow/.local/lib/python3.7/site-packages/airflow/example_dags/example_sensors.py for tasks to queue
[2023-02-07T15:11:37.662+0000] {logging_mixin.py:137} INFO - [2023-02-07T15:11:37.662+0000] {dagbag.py:538} INFO - Filling up the DagBag from /home/airflow/.local/lib/python3.7/site-packages/airflow/example_dags/example_sensors.py
[2023-02-07T15:11:37.690+0000] {processor.py:753} INFO - DAG(s) dict_keys(['example_sensors']) retrieved from /home/airflow/.local/lib/python3.7/site-packages/airflow/example_dags/example_sensors.py
[2023-02-07T15:11:37.724+0000] {logging_mixin.py:137} INFO - [2023-02-07T15:11:37.724+0000] {dag.py:2690} INFO - Sync 1 DAGs
[2023-02-07T15:11:37.755+0000] {logging_mixin.py:137} INFO - [2023-02-07T15:11:37.755+0000] {dag.py:3441} INFO - Setting next_dagrun for example_sensors to None, run_after=None
[2023-02-07T15:11:37.787+0000] {processor.py:175} INFO - Processing /home/airflow/.local/lib/python3.7/site-packages/airflow/example_dags/example_sensors.py took 0.133 seconds
[2023-02-07T15:12:08.651+0000] {processor.py:153} INFO - Started process (PID=3517) to work on /home/airflow/.local/lib/python3.7/site-packages/airflow/example_dags/example_sensors.py
[2023-02-07T15:12:08.651+0000] {processor.py:743} INFO - Processing file /home/airflow/.local/lib/python3.7/site-packages/airflow/example_dags/example_sensors.py for tasks to queue
[2023-02-07T15:12:08.652+0000] {logging_mixin.py:137} INFO - [2023-02-07T15:12:08.652+0000] {dagbag.py:538} INFO - Filling up the DagBag from /home/airflow/.local/lib/python3.7/site-packages/airflow/example_dags/example_sensors.py
[2023-02-07T15:12:08.670+0000] {processor.py:753} INFO - DAG(s) dict_keys(['example_sensors']) retrieved from /home/airflow/.local/lib/python3.7/site-packages/airflow/example_dags/example_sensors.py
[2023-02-07T15:12:08.705+0000] {logging_mixin.py:137} INFO - [2023-02-07T15:12:08.705+0000] {dag.py:2690} INFO - Sync 1 DAGs
[2023-02-07T15:12:08.735+0000] {logging_mixin.py:137} INFO - [2023-02-07T15:12:08.735+0000] {dag.py:3441} INFO - Setting next_dagrun for example_sensors to None, run_after=None
[2023-02-07T15:12:08.779+0000] {processor.py:175} INFO - Processing /home/airflow/.local/lib/python3.7/site-packages/airflow/example_dags/example_sensors.py took 0.133 seconds
[2023-02-07T15:12:39.221+0000] {processor.py:153} INFO - Started process (PID=3595) to work on /home/airflow/.local/lib/python3.7/site-packages/airflow/example_dags/example_sensors.py
[2023-02-07T15:12:39.223+0000] {processor.py:743} INFO - Processing file /home/airflow/.local/lib/python3.7/site-packages/airflow/example_dags/example_sensors.py for tasks to queue
[2023-02-07T15:12:39.224+0000] {logging_mixin.py:137} INFO - [2023-02-07T15:12:39.224+0000] {dagbag.py:538} INFO - Filling up the DagBag from /home/airflow/.local/lib/python3.7/site-packages/airflow/example_dags/example_sensors.py
[2023-02-07T15:12:39.247+0000] {processor.py:753} INFO - DAG(s) dict_keys(['example_sensors']) retrieved from /home/airflow/.local/lib/python3.7/site-packages/airflow/example_dags/example_sensors.py
[2023-02-07T15:12:39.283+0000] {logging_mixin.py:137} INFO - [2023-02-07T15:12:39.283+0000] {dag.py:2690} INFO - Sync 1 DAGs
[2023-02-07T15:12:39.313+0000] {logging_mixin.py:137} INFO - [2023-02-07T15:12:39.313+0000] {dag.py:3441} INFO - Setting next_dagrun for example_sensors to None, run_after=None
[2023-02-07T15:12:39.347+0000] {processor.py:175} INFO - Processing /home/airflow/.local/lib/python3.7/site-packages/airflow/example_dags/example_sensors.py took 0.131 seconds
[2023-02-07T15:13:10.069+0000] {processor.py:153} INFO - Started process (PID=3660) to work on /home/airflow/.local/lib/python3.7/site-packages/airflow/example_dags/example_sensors.py
[2023-02-07T15:13:10.070+0000] {processor.py:743} INFO - Processing file /home/airflow/.local/lib/python3.7/site-packages/airflow/example_dags/example_sensors.py for tasks to queue
[2023-02-07T15:13:10.071+0000] {logging_mixin.py:137} INFO - [2023-02-07T15:13:10.071+0000] {dagbag.py:538} INFO - Filling up the DagBag from /home/airflow/.local/lib/python3.7/site-packages/airflow/example_dags/example_sensors.py
[2023-02-07T15:13:10.089+0000] {processor.py:753} INFO - DAG(s) dict_keys(['example_sensors']) retrieved from /home/airflow/.local/lib/python3.7/site-packages/airflow/example_dags/example_sensors.py
[2023-02-07T15:13:10.124+0000] {logging_mixin.py:137} INFO - [2023-02-07T15:13:10.124+0000] {dag.py:2690} INFO - Sync 1 DAGs
[2023-02-07T15:13:10.156+0000] {logging_mixin.py:137} INFO - [2023-02-07T15:13:10.156+0000] {dag.py:3441} INFO - Setting next_dagrun for example_sensors to None, run_after=None
[2023-02-07T15:13:10.189+0000] {processor.py:175} INFO - Processing /home/airflow/.local/lib/python3.7/site-packages/airflow/example_dags/example_sensors.py took 0.124 seconds
[2023-02-07T15:13:40.606+0000] {processor.py:153} INFO - Started process (PID=3738) to work on /home/airflow/.local/lib/python3.7/site-packages/airflow/example_dags/example_sensors.py
[2023-02-07T15:13:40.606+0000] {processor.py:743} INFO - Processing file /home/airflow/.local/lib/python3.7/site-packages/airflow/example_dags/example_sensors.py for tasks to queue
[2023-02-07T15:13:40.607+0000] {logging_mixin.py:137} INFO - [2023-02-07T15:13:40.607+0000] {dagbag.py:538} INFO - Filling up the DagBag from /home/airflow/.local/lib/python3.7/site-packages/airflow/example_dags/example_sensors.py
[2023-02-07T15:13:40.625+0000] {processor.py:753} INFO - DAG(s) dict_keys(['example_sensors']) retrieved from /home/airflow/.local/lib/python3.7/site-packages/airflow/example_dags/example_sensors.py
[2023-02-07T15:13:40.652+0000] {logging_mixin.py:137} INFO - [2023-02-07T15:13:40.652+0000] {dag.py:2690} INFO - Sync 1 DAGs
[2023-02-07T15:13:40.676+0000] {logging_mixin.py:137} INFO - [2023-02-07T15:13:40.676+0000] {dag.py:3441} INFO - Setting next_dagrun for example_sensors to None, run_after=None
[2023-02-07T15:13:40.707+0000] {processor.py:175} INFO - Processing /home/airflow/.local/lib/python3.7/site-packages/airflow/example_dags/example_sensors.py took 0.105 seconds
[2023-02-07T15:14:11.539+0000] {processor.py:153} INFO - Started process (PID=3803) to work on /home/airflow/.local/lib/python3.7/site-packages/airflow/example_dags/example_sensors.py
[2023-02-07T15:14:11.540+0000] {processor.py:743} INFO - Processing file /home/airflow/.local/lib/python3.7/site-packages/airflow/example_dags/example_sensors.py for tasks to queue
[2023-02-07T15:14:11.541+0000] {logging_mixin.py:137} INFO - [2023-02-07T15:14:11.541+0000] {dagbag.py:538} INFO - Filling up the DagBag from /home/airflow/.local/lib/python3.7/site-packages/airflow/example_dags/example_sensors.py
[2023-02-07T15:14:11.566+0000] {processor.py:753} INFO - DAG(s) dict_keys(['example_sensors']) retrieved from /home/airflow/.local/lib/python3.7/site-packages/airflow/example_dags/example_sensors.py
[2023-02-07T15:14:11.604+0000] {logging_mixin.py:137} INFO - [2023-02-07T15:14:11.604+0000] {dag.py:2690} INFO - Sync 1 DAGs
[2023-02-07T15:14:11.640+0000] {logging_mixin.py:137} INFO - [2023-02-07T15:14:11.640+0000] {dag.py:3441} INFO - Setting next_dagrun for example_sensors to None, run_after=None
[2023-02-07T15:14:11.674+0000] {processor.py:175} INFO - Processing /home/airflow/.local/lib/python3.7/site-packages/airflow/example_dags/example_sensors.py took 0.140 seconds
[2023-02-07T15:14:42.213+0000] {processor.py:153} INFO - Started process (PID=3881) to work on /home/airflow/.local/lib/python3.7/site-packages/airflow/example_dags/example_sensors.py
[2023-02-07T15:14:42.213+0000] {processor.py:743} INFO - Processing file /home/airflow/.local/lib/python3.7/site-packages/airflow/example_dags/example_sensors.py for tasks to queue
[2023-02-07T15:14:42.214+0000] {logging_mixin.py:137} INFO - [2023-02-07T15:14:42.214+0000] {dagbag.py:538} INFO - Filling up the DagBag from /home/airflow/.local/lib/python3.7/site-packages/airflow/example_dags/example_sensors.py
[2023-02-07T15:14:42.232+0000] {processor.py:753} INFO - DAG(s) dict_keys(['example_sensors']) retrieved from /home/airflow/.local/lib/python3.7/site-packages/airflow/example_dags/example_sensors.py
[2023-02-07T15:14:42.258+0000] {logging_mixin.py:137} INFO - [2023-02-07T15:14:42.258+0000] {dag.py:2690} INFO - Sync 1 DAGs
[2023-02-07T15:14:42.280+0000] {logging_mixin.py:137} INFO - [2023-02-07T15:14:42.280+0000] {dag.py:3441} INFO - Setting next_dagrun for example_sensors to None, run_after=None
[2023-02-07T15:14:42.313+0000] {processor.py:175} INFO - Processing /home/airflow/.local/lib/python3.7/site-packages/airflow/example_dags/example_sensors.py took 0.103 seconds
[2023-02-07T15:15:12.956+0000] {processor.py:153} INFO - Started process (PID=3953) to work on /home/airflow/.local/lib/python3.7/site-packages/airflow/example_dags/example_sensors.py
[2023-02-07T15:15:12.957+0000] {processor.py:743} INFO - Processing file /home/airflow/.local/lib/python3.7/site-packages/airflow/example_dags/example_sensors.py for tasks to queue
[2023-02-07T15:15:12.957+0000] {logging_mixin.py:137} INFO - [2023-02-07T15:15:12.957+0000] {dagbag.py:538} INFO - Filling up the DagBag from /home/airflow/.local/lib/python3.7/site-packages/airflow/example_dags/example_sensors.py
[2023-02-07T15:15:12.988+0000] {processor.py:753} INFO - DAG(s) dict_keys(['example_sensors']) retrieved from /home/airflow/.local/lib/python3.7/site-packages/airflow/example_dags/example_sensors.py
[2023-02-07T15:15:13.023+0000] {logging_mixin.py:137} INFO - [2023-02-07T15:15:13.023+0000] {dag.py:2690} INFO - Sync 1 DAGs
[2023-02-07T15:15:13.057+0000] {logging_mixin.py:137} INFO - [2023-02-07T15:15:13.057+0000] {dag.py:3441} INFO - Setting next_dagrun for example_sensors to None, run_after=None
[2023-02-07T15:15:13.085+0000] {processor.py:175} INFO - Processing /home/airflow/.local/lib/python3.7/site-packages/airflow/example_dags/example_sensors.py took 0.134 seconds
[2023-02-07T15:15:43.358+0000] {processor.py:153} INFO - Started process (PID=4023) to work on /home/airflow/.local/lib/python3.7/site-packages/airflow/example_dags/example_sensors.py
[2023-02-07T15:15:43.359+0000] {processor.py:743} INFO - Processing file /home/airflow/.local/lib/python3.7/site-packages/airflow/example_dags/example_sensors.py for tasks to queue
[2023-02-07T15:15:43.360+0000] {logging_mixin.py:137} INFO - [2023-02-07T15:15:43.360+0000] {dagbag.py:538} INFO - Filling up the DagBag from /home/airflow/.local/lib/python3.7/site-packages/airflow/example_dags/example_sensors.py
[2023-02-07T15:15:43.386+0000] {processor.py:753} INFO - DAG(s) dict_keys(['example_sensors']) retrieved from /home/airflow/.local/lib/python3.7/site-packages/airflow/example_dags/example_sensors.py
[2023-02-07T15:15:43.424+0000] {logging_mixin.py:137} INFO - [2023-02-07T15:15:43.424+0000] {dag.py:2690} INFO - Sync 1 DAGs
[2023-02-07T15:15:43.454+0000] {logging_mixin.py:137} INFO - [2023-02-07T15:15:43.454+0000] {dag.py:3441} INFO - Setting next_dagrun for example_sensors to None, run_after=None
[2023-02-07T15:15:43.480+0000] {processor.py:175} INFO - Processing /home/airflow/.local/lib/python3.7/site-packages/airflow/example_dags/example_sensors.py took 0.126 seconds
[2023-02-07T15:16:13.929+0000] {processor.py:153} INFO - Started process (PID=4095) to work on /home/airflow/.local/lib/python3.7/site-packages/airflow/example_dags/example_sensors.py
[2023-02-07T15:16:13.930+0000] {processor.py:743} INFO - Processing file /home/airflow/.local/lib/python3.7/site-packages/airflow/example_dags/example_sensors.py for tasks to queue
[2023-02-07T15:16:13.931+0000] {logging_mixin.py:137} INFO - [2023-02-07T15:16:13.930+0000] {dagbag.py:538} INFO - Filling up the DagBag from /home/airflow/.local/lib/python3.7/site-packages/airflow/example_dags/example_sensors.py
[2023-02-07T15:16:13.957+0000] {processor.py:753} INFO - DAG(s) dict_keys(['example_sensors']) retrieved from /home/airflow/.local/lib/python3.7/site-packages/airflow/example_dags/example_sensors.py
[2023-02-07T15:16:13.993+0000] {logging_mixin.py:137} INFO - [2023-02-07T15:16:13.993+0000] {dag.py:2690} INFO - Sync 1 DAGs
[2023-02-07T15:16:14.026+0000] {logging_mixin.py:137} INFO - [2023-02-07T15:16:14.026+0000] {dag.py:3441} INFO - Setting next_dagrun for example_sensors to None, run_after=None
[2023-02-07T15:16:14.053+0000] {processor.py:175} INFO - Processing /home/airflow/.local/lib/python3.7/site-packages/airflow/example_dags/example_sensors.py took 0.129 seconds
[2023-02-07T15:16:44.360+0000] {processor.py:153} INFO - Started process (PID=4165) to work on /home/airflow/.local/lib/python3.7/site-packages/airflow/example_dags/example_sensors.py
[2023-02-07T15:16:44.361+0000] {processor.py:743} INFO - Processing file /home/airflow/.local/lib/python3.7/site-packages/airflow/example_dags/example_sensors.py for tasks to queue
[2023-02-07T15:16:44.361+0000] {logging_mixin.py:137} INFO - [2023-02-07T15:16:44.361+0000] {dagbag.py:538} INFO - Filling up the DagBag from /home/airflow/.local/lib/python3.7/site-packages/airflow/example_dags/example_sensors.py
[2023-02-07T15:16:44.380+0000] {processor.py:753} INFO - DAG(s) dict_keys(['example_sensors']) retrieved from /home/airflow/.local/lib/python3.7/site-packages/airflow/example_dags/example_sensors.py
[2023-02-07T15:16:44.405+0000] {logging_mixin.py:137} INFO - [2023-02-07T15:16:44.405+0000] {dag.py:2690} INFO - Sync 1 DAGs
[2023-02-07T15:16:44.428+0000] {logging_mixin.py:137} INFO - [2023-02-07T15:16:44.428+0000] {dag.py:3441} INFO - Setting next_dagrun for example_sensors to None, run_after=None
[2023-02-07T15:16:44.456+0000] {processor.py:175} INFO - Processing /home/airflow/.local/lib/python3.7/site-packages/airflow/example_dags/example_sensors.py took 0.100 seconds
