[2023-02-07T14:47:37.015+0000] {processor.py:153} INFO - Started process (PID=97) to work on /home/airflow/.local/lib/python3.7/site-packages/airflow/example_dags/example_branch_operator_decorator.py
[2023-02-07T14:47:37.018+0000] {processor.py:743} INFO - Processing file /home/airflow/.local/lib/python3.7/site-packages/airflow/example_dags/example_branch_operator_decorator.py for tasks to queue
[2023-02-07T14:47:37.022+0000] {logging_mixin.py:137} INFO - [2023-02-07T14:47:37.022+0000] {dagbag.py:538} INFO - Filling up the DagBag from /home/airflow/.local/lib/python3.7/site-packages/airflow/example_dags/example_branch_operator_decorator.py
[2023-02-07T14:47:37.057+0000] {processor.py:753} INFO - DAG(s) dict_keys(['example_branch_python_operator_decorator']) retrieved from /home/airflow/.local/lib/python3.7/site-packages/airflow/example_dags/example_branch_operator_decorator.py
[2023-02-07T14:47:37.091+0000] {logging_mixin.py:137} INFO - [2023-02-07T14:47:37.091+0000] {dag.py:2690} INFO - Sync 1 DAGs
[2023-02-07T14:47:37.129+0000] {logging_mixin.py:137} INFO - [2023-02-07T14:47:37.129+0000] {dag.py:3441} INFO - Setting next_dagrun for example_branch_python_operator_decorator to 2023-02-06T00:00:00+00:00, run_after=2023-02-07T00:00:00+00:00
[2023-02-07T14:47:37.159+0000] {processor.py:175} INFO - Processing /home/airflow/.local/lib/python3.7/site-packages/airflow/example_dags/example_branch_operator_decorator.py took 0.150 seconds
[2023-02-07T14:48:07.317+0000] {processor.py:153} INFO - Started process (PID=162) to work on /home/airflow/.local/lib/python3.7/site-packages/airflow/example_dags/example_branch_operator_decorator.py
[2023-02-07T14:48:07.318+0000] {processor.py:743} INFO - Processing file /home/airflow/.local/lib/python3.7/site-packages/airflow/example_dags/example_branch_operator_decorator.py for tasks to queue
[2023-02-07T14:48:07.319+0000] {logging_mixin.py:137} INFO - [2023-02-07T14:48:07.319+0000] {dagbag.py:538} INFO - Filling up the DagBag from /home/airflow/.local/lib/python3.7/site-packages/airflow/example_dags/example_branch_operator_decorator.py
[2023-02-07T14:48:07.342+0000] {processor.py:753} INFO - DAG(s) dict_keys(['example_branch_python_operator_decorator']) retrieved from /home/airflow/.local/lib/python3.7/site-packages/airflow/example_dags/example_branch_operator_decorator.py
[2023-02-07T14:48:07.367+0000] {logging_mixin.py:137} INFO - [2023-02-07T14:48:07.366+0000] {dag.py:2690} INFO - Sync 1 DAGs
[2023-02-07T14:48:07.390+0000] {logging_mixin.py:137} INFO - [2023-02-07T14:48:07.390+0000] {dag.py:3441} INFO - Setting next_dagrun for example_branch_python_operator_decorator to 2023-02-06T00:00:00+00:00, run_after=2023-02-07T00:00:00+00:00
[2023-02-07T14:48:07.413+0000] {processor.py:175} INFO - Processing /home/airflow/.local/lib/python3.7/site-packages/airflow/example_dags/example_branch_operator_decorator.py took 0.099 seconds
[2023-02-07T14:48:38.130+0000] {processor.py:153} INFO - Started process (PID=239) to work on /home/airflow/.local/lib/python3.7/site-packages/airflow/example_dags/example_branch_operator_decorator.py
[2023-02-07T14:48:38.131+0000] {processor.py:743} INFO - Processing file /home/airflow/.local/lib/python3.7/site-packages/airflow/example_dags/example_branch_operator_decorator.py for tasks to queue
[2023-02-07T14:48:38.132+0000] {logging_mixin.py:137} INFO - [2023-02-07T14:48:38.132+0000] {dagbag.py:538} INFO - Filling up the DagBag from /home/airflow/.local/lib/python3.7/site-packages/airflow/example_dags/example_branch_operator_decorator.py
[2023-02-07T14:48:38.165+0000] {processor.py:753} INFO - DAG(s) dict_keys(['example_branch_python_operator_decorator']) retrieved from /home/airflow/.local/lib/python3.7/site-packages/airflow/example_dags/example_branch_operator_decorator.py
[2023-02-07T14:48:38.202+0000] {logging_mixin.py:137} INFO - [2023-02-07T14:48:38.202+0000] {dag.py:2690} INFO - Sync 1 DAGs
[2023-02-07T14:48:38.237+0000] {logging_mixin.py:137} INFO - [2023-02-07T14:48:38.237+0000] {dag.py:3441} INFO - Setting next_dagrun for example_branch_python_operator_decorator to 2023-02-06T00:00:00+00:00, run_after=2023-02-07T00:00:00+00:00
[2023-02-07T14:48:38.265+0000] {processor.py:175} INFO - Processing /home/airflow/.local/lib/python3.7/site-packages/airflow/example_dags/example_branch_operator_decorator.py took 0.140 seconds
[2023-02-07T14:49:08.855+0000] {processor.py:153} INFO - Started process (PID=305) to work on /home/airflow/.local/lib/python3.7/site-packages/airflow/example_dags/example_branch_operator_decorator.py
[2023-02-07T14:49:08.856+0000] {processor.py:743} INFO - Processing file /home/airflow/.local/lib/python3.7/site-packages/airflow/example_dags/example_branch_operator_decorator.py for tasks to queue
[2023-02-07T14:49:08.856+0000] {logging_mixin.py:137} INFO - [2023-02-07T14:49:08.856+0000] {dagbag.py:538} INFO - Filling up the DagBag from /home/airflow/.local/lib/python3.7/site-packages/airflow/example_dags/example_branch_operator_decorator.py
[2023-02-07T14:49:08.882+0000] {processor.py:753} INFO - DAG(s) dict_keys(['example_branch_python_operator_decorator']) retrieved from /home/airflow/.local/lib/python3.7/site-packages/airflow/example_dags/example_branch_operator_decorator.py
[2023-02-07T14:49:08.909+0000] {logging_mixin.py:137} INFO - [2023-02-07T14:49:08.909+0000] {dag.py:2690} INFO - Sync 1 DAGs
[2023-02-07T14:49:08.936+0000] {logging_mixin.py:137} INFO - [2023-02-07T14:49:08.936+0000] {dag.py:3441} INFO - Setting next_dagrun for example_branch_python_operator_decorator to 2023-02-06T00:00:00+00:00, run_after=2023-02-07T00:00:00+00:00
[2023-02-07T14:49:08.962+0000] {processor.py:175} INFO - Processing /home/airflow/.local/lib/python3.7/site-packages/airflow/example_dags/example_branch_operator_decorator.py took 0.111 seconds
[2023-02-07T14:49:40.131+0000] {processor.py:153} INFO - Started process (PID=385) to work on /home/airflow/.local/lib/python3.7/site-packages/airflow/example_dags/example_branch_operator_decorator.py
[2023-02-07T14:49:40.133+0000] {processor.py:743} INFO - Processing file /home/airflow/.local/lib/python3.7/site-packages/airflow/example_dags/example_branch_operator_decorator.py for tasks to queue
[2023-02-07T14:49:40.134+0000] {logging_mixin.py:137} INFO - [2023-02-07T14:49:40.134+0000] {dagbag.py:538} INFO - Filling up the DagBag from /home/airflow/.local/lib/python3.7/site-packages/airflow/example_dags/example_branch_operator_decorator.py
[2023-02-07T14:49:40.166+0000] {processor.py:753} INFO - DAG(s) dict_keys(['example_branch_python_operator_decorator']) retrieved from /home/airflow/.local/lib/python3.7/site-packages/airflow/example_dags/example_branch_operator_decorator.py
[2023-02-07T14:49:40.203+0000] {logging_mixin.py:137} INFO - [2023-02-07T14:49:40.203+0000] {dag.py:2690} INFO - Sync 1 DAGs
[2023-02-07T14:49:40.240+0000] {logging_mixin.py:137} INFO - [2023-02-07T14:49:40.239+0000] {dag.py:3441} INFO - Setting next_dagrun for example_branch_python_operator_decorator to 2023-02-06T00:00:00+00:00, run_after=2023-02-07T00:00:00+00:00
[2023-02-07T14:49:40.268+0000] {processor.py:175} INFO - Processing /home/airflow/.local/lib/python3.7/site-packages/airflow/example_dags/example_branch_operator_decorator.py took 0.141 seconds
[2023-02-07T14:50:11.167+0000] {processor.py:153} INFO - Started process (PID=451) to work on /home/airflow/.local/lib/python3.7/site-packages/airflow/example_dags/example_branch_operator_decorator.py
[2023-02-07T14:50:11.168+0000] {processor.py:743} INFO - Processing file /home/airflow/.local/lib/python3.7/site-packages/airflow/example_dags/example_branch_operator_decorator.py for tasks to queue
[2023-02-07T14:50:11.169+0000] {logging_mixin.py:137} INFO - [2023-02-07T14:50:11.169+0000] {dagbag.py:538} INFO - Filling up the DagBag from /home/airflow/.local/lib/python3.7/site-packages/airflow/example_dags/example_branch_operator_decorator.py
[2023-02-07T14:50:11.219+0000] {processor.py:753} INFO - DAG(s) dict_keys(['example_branch_python_operator_decorator']) retrieved from /home/airflow/.local/lib/python3.7/site-packages/airflow/example_dags/example_branch_operator_decorator.py
[2023-02-07T14:50:11.274+0000] {logging_mixin.py:137} INFO - [2023-02-07T14:50:11.274+0000] {dag.py:2690} INFO - Sync 1 DAGs
[2023-02-07T14:50:11.397+0000] {logging_mixin.py:137} INFO - [2023-02-07T14:50:11.397+0000] {dag.py:3441} INFO - Setting next_dagrun for example_branch_python_operator_decorator to 2023-02-06T00:00:00+00:00, run_after=2023-02-07T00:00:00+00:00
[2023-02-07T14:50:11.453+0000] {processor.py:175} INFO - Processing /home/airflow/.local/lib/python3.7/site-packages/airflow/example_dags/example_branch_operator_decorator.py took 0.290 seconds
[2023-02-07T14:50:41.685+0000] {processor.py:153} INFO - Started process (PID=530) to work on /home/airflow/.local/lib/python3.7/site-packages/airflow/example_dags/example_branch_operator_decorator.py
[2023-02-07T14:50:41.686+0000] {processor.py:743} INFO - Processing file /home/airflow/.local/lib/python3.7/site-packages/airflow/example_dags/example_branch_operator_decorator.py for tasks to queue
[2023-02-07T14:50:41.686+0000] {logging_mixin.py:137} INFO - [2023-02-07T14:50:41.686+0000] {dagbag.py:538} INFO - Filling up the DagBag from /home/airflow/.local/lib/python3.7/site-packages/airflow/example_dags/example_branch_operator_decorator.py
[2023-02-07T14:50:41.720+0000] {processor.py:753} INFO - DAG(s) dict_keys(['example_branch_python_operator_decorator']) retrieved from /home/airflow/.local/lib/python3.7/site-packages/airflow/example_dags/example_branch_operator_decorator.py
[2023-02-07T14:50:41.758+0000] {logging_mixin.py:137} INFO - [2023-02-07T14:50:41.757+0000] {dag.py:2690} INFO - Sync 1 DAGs
[2023-02-07T14:50:41.797+0000] {logging_mixin.py:137} INFO - [2023-02-07T14:50:41.797+0000] {dag.py:3441} INFO - Setting next_dagrun for example_branch_python_operator_decorator to 2023-02-06T00:00:00+00:00, run_after=2023-02-07T00:00:00+00:00
[2023-02-07T14:50:41.827+0000] {processor.py:175} INFO - Processing /home/airflow/.local/lib/python3.7/site-packages/airflow/example_dags/example_branch_operator_decorator.py took 0.146 seconds
[2023-02-07T14:51:12.826+0000] {processor.py:153} INFO - Started process (PID=595) to work on /home/airflow/.local/lib/python3.7/site-packages/airflow/example_dags/example_branch_operator_decorator.py
[2023-02-07T14:51:12.827+0000] {processor.py:743} INFO - Processing file /home/airflow/.local/lib/python3.7/site-packages/airflow/example_dags/example_branch_operator_decorator.py for tasks to queue
[2023-02-07T14:51:12.827+0000] {logging_mixin.py:137} INFO - [2023-02-07T14:51:12.827+0000] {dagbag.py:538} INFO - Filling up the DagBag from /home/airflow/.local/lib/python3.7/site-packages/airflow/example_dags/example_branch_operator_decorator.py
[2023-02-07T14:51:12.855+0000] {processor.py:753} INFO - DAG(s) dict_keys(['example_branch_python_operator_decorator']) retrieved from /home/airflow/.local/lib/python3.7/site-packages/airflow/example_dags/example_branch_operator_decorator.py
[2023-02-07T14:51:12.904+0000] {logging_mixin.py:137} INFO - [2023-02-07T14:51:12.903+0000] {dag.py:2690} INFO - Sync 1 DAGs
[2023-02-07T14:51:12.962+0000] {logging_mixin.py:137} INFO - [2023-02-07T14:51:12.961+0000] {dag.py:3441} INFO - Setting next_dagrun for example_branch_python_operator_decorator to 2023-02-06T00:00:00+00:00, run_after=2023-02-07T00:00:00+00:00
[2023-02-07T14:51:13.120+0000] {processor.py:175} INFO - Processing /home/airflow/.local/lib/python3.7/site-packages/airflow/example_dags/example_branch_operator_decorator.py took 0.297 seconds
[2023-02-07T14:51:43.457+0000] {processor.py:153} INFO - Started process (PID=672) to work on /home/airflow/.local/lib/python3.7/site-packages/airflow/example_dags/example_branch_operator_decorator.py
[2023-02-07T14:51:43.458+0000] {processor.py:743} INFO - Processing file /home/airflow/.local/lib/python3.7/site-packages/airflow/example_dags/example_branch_operator_decorator.py for tasks to queue
[2023-02-07T14:51:43.459+0000] {logging_mixin.py:137} INFO - [2023-02-07T14:51:43.459+0000] {dagbag.py:538} INFO - Filling up the DagBag from /home/airflow/.local/lib/python3.7/site-packages/airflow/example_dags/example_branch_operator_decorator.py
[2023-02-07T14:51:43.495+0000] {processor.py:753} INFO - DAG(s) dict_keys(['example_branch_python_operator_decorator']) retrieved from /home/airflow/.local/lib/python3.7/site-packages/airflow/example_dags/example_branch_operator_decorator.py
[2023-02-07T14:51:43.523+0000] {logging_mixin.py:137} INFO - [2023-02-07T14:51:43.523+0000] {dag.py:2690} INFO - Sync 1 DAGs
[2023-02-07T14:51:43.558+0000] {logging_mixin.py:137} INFO - [2023-02-07T14:51:43.557+0000] {dag.py:3441} INFO - Setting next_dagrun for example_branch_python_operator_decorator to 2023-02-06T00:00:00+00:00, run_after=2023-02-07T00:00:00+00:00
[2023-02-07T14:51:43.589+0000] {processor.py:175} INFO - Processing /home/airflow/.local/lib/python3.7/site-packages/airflow/example_dags/example_branch_operator_decorator.py took 0.137 seconds
[2023-02-07T14:52:13.771+0000] {processor.py:153} INFO - Started process (PID=738) to work on /home/airflow/.local/lib/python3.7/site-packages/airflow/example_dags/example_branch_operator_decorator.py
[2023-02-07T14:52:13.772+0000] {processor.py:743} INFO - Processing file /home/airflow/.local/lib/python3.7/site-packages/airflow/example_dags/example_branch_operator_decorator.py for tasks to queue
[2023-02-07T14:52:13.773+0000] {logging_mixin.py:137} INFO - [2023-02-07T14:52:13.773+0000] {dagbag.py:538} INFO - Filling up the DagBag from /home/airflow/.local/lib/python3.7/site-packages/airflow/example_dags/example_branch_operator_decorator.py
[2023-02-07T14:52:13.806+0000] {processor.py:753} INFO - DAG(s) dict_keys(['example_branch_python_operator_decorator']) retrieved from /home/airflow/.local/lib/python3.7/site-packages/airflow/example_dags/example_branch_operator_decorator.py
[2023-02-07T14:52:13.844+0000] {logging_mixin.py:137} INFO - [2023-02-07T14:52:13.844+0000] {dag.py:2690} INFO - Sync 1 DAGs
[2023-02-07T14:52:13.874+0000] {logging_mixin.py:137} INFO - [2023-02-07T14:52:13.874+0000] {dag.py:3441} INFO - Setting next_dagrun for example_branch_python_operator_decorator to 2023-02-06T00:00:00+00:00, run_after=2023-02-07T00:00:00+00:00
[2023-02-07T14:52:13.901+0000] {processor.py:175} INFO - Processing /home/airflow/.local/lib/python3.7/site-packages/airflow/example_dags/example_branch_operator_decorator.py took 0.134 seconds
[2023-02-07T14:52:44.080+0000] {processor.py:153} INFO - Started process (PID=812) to work on /home/airflow/.local/lib/python3.7/site-packages/airflow/example_dags/example_branch_operator_decorator.py
[2023-02-07T14:52:44.081+0000] {processor.py:743} INFO - Processing file /home/airflow/.local/lib/python3.7/site-packages/airflow/example_dags/example_branch_operator_decorator.py for tasks to queue
[2023-02-07T14:52:44.082+0000] {logging_mixin.py:137} INFO - [2023-02-07T14:52:44.082+0000] {dagbag.py:538} INFO - Filling up the DagBag from /home/airflow/.local/lib/python3.7/site-packages/airflow/example_dags/example_branch_operator_decorator.py
[2023-02-07T14:52:44.117+0000] {processor.py:753} INFO - DAG(s) dict_keys(['example_branch_python_operator_decorator']) retrieved from /home/airflow/.local/lib/python3.7/site-packages/airflow/example_dags/example_branch_operator_decorator.py
[2023-02-07T14:52:44.152+0000] {logging_mixin.py:137} INFO - [2023-02-07T14:52:44.151+0000] {dag.py:2690} INFO - Sync 1 DAGs
[2023-02-07T14:52:44.202+0000] {logging_mixin.py:137} INFO - [2023-02-07T14:52:44.201+0000] {dag.py:3441} INFO - Setting next_dagrun for example_branch_python_operator_decorator to 2023-02-06T00:00:00+00:00, run_after=2023-02-07T00:00:00+00:00
[2023-02-07T14:52:44.231+0000] {processor.py:175} INFO - Processing /home/airflow/.local/lib/python3.7/site-packages/airflow/example_dags/example_branch_operator_decorator.py took 0.155 seconds
[2023-02-07T14:53:14.967+0000] {processor.py:153} INFO - Started process (PID=880) to work on /home/airflow/.local/lib/python3.7/site-packages/airflow/example_dags/example_branch_operator_decorator.py
[2023-02-07T14:53:14.968+0000] {processor.py:743} INFO - Processing file /home/airflow/.local/lib/python3.7/site-packages/airflow/example_dags/example_branch_operator_decorator.py for tasks to queue
[2023-02-07T14:53:14.969+0000] {logging_mixin.py:137} INFO - [2023-02-07T14:53:14.969+0000] {dagbag.py:538} INFO - Filling up the DagBag from /home/airflow/.local/lib/python3.7/site-packages/airflow/example_dags/example_branch_operator_decorator.py
[2023-02-07T14:53:14.994+0000] {processor.py:753} INFO - DAG(s) dict_keys(['example_branch_python_operator_decorator']) retrieved from /home/airflow/.local/lib/python3.7/site-packages/airflow/example_dags/example_branch_operator_decorator.py
[2023-02-07T14:53:15.021+0000] {logging_mixin.py:137} INFO - [2023-02-07T14:53:15.021+0000] {dag.py:2690} INFO - Sync 1 DAGs
[2023-02-07T14:53:15.053+0000] {logging_mixin.py:137} INFO - [2023-02-07T14:53:15.053+0000] {dag.py:3441} INFO - Setting next_dagrun for example_branch_python_operator_decorator to 2023-02-06T00:00:00+00:00, run_after=2023-02-07T00:00:00+00:00
[2023-02-07T14:53:15.081+0000] {processor.py:175} INFO - Processing /home/airflow/.local/lib/python3.7/site-packages/airflow/example_dags/example_branch_operator_decorator.py took 0.117 seconds
[2023-02-07T14:53:45.812+0000] {processor.py:153} INFO - Started process (PID=957) to work on /home/airflow/.local/lib/python3.7/site-packages/airflow/example_dags/example_branch_operator_decorator.py
[2023-02-07T14:53:45.813+0000] {processor.py:743} INFO - Processing file /home/airflow/.local/lib/python3.7/site-packages/airflow/example_dags/example_branch_operator_decorator.py for tasks to queue
[2023-02-07T14:53:45.814+0000] {logging_mixin.py:137} INFO - [2023-02-07T14:53:45.813+0000] {dagbag.py:538} INFO - Filling up the DagBag from /home/airflow/.local/lib/python3.7/site-packages/airflow/example_dags/example_branch_operator_decorator.py
[2023-02-07T14:53:45.847+0000] {processor.py:753} INFO - DAG(s) dict_keys(['example_branch_python_operator_decorator']) retrieved from /home/airflow/.local/lib/python3.7/site-packages/airflow/example_dags/example_branch_operator_decorator.py
[2023-02-07T14:53:45.880+0000] {logging_mixin.py:137} INFO - [2023-02-07T14:53:45.880+0000] {dag.py:2690} INFO - Sync 1 DAGs
[2023-02-07T14:53:45.917+0000] {logging_mixin.py:137} INFO - [2023-02-07T14:53:45.917+0000] {dag.py:3441} INFO - Setting next_dagrun for example_branch_python_operator_decorator to 2023-02-06T00:00:00+00:00, run_after=2023-02-07T00:00:00+00:00
[2023-02-07T14:53:45.945+0000] {processor.py:175} INFO - Processing /home/airflow/.local/lib/python3.7/site-packages/airflow/example_dags/example_branch_operator_decorator.py took 0.137 seconds
[2023-02-07T14:54:16.089+0000] {processor.py:153} INFO - Started process (PID=1023) to work on /home/airflow/.local/lib/python3.7/site-packages/airflow/example_dags/example_branch_operator_decorator.py
[2023-02-07T14:54:16.090+0000] {processor.py:743} INFO - Processing file /home/airflow/.local/lib/python3.7/site-packages/airflow/example_dags/example_branch_operator_decorator.py for tasks to queue
[2023-02-07T14:54:16.090+0000] {logging_mixin.py:137} INFO - [2023-02-07T14:54:16.090+0000] {dagbag.py:538} INFO - Filling up the DagBag from /home/airflow/.local/lib/python3.7/site-packages/airflow/example_dags/example_branch_operator_decorator.py
[2023-02-07T14:54:16.119+0000] {processor.py:753} INFO - DAG(s) dict_keys(['example_branch_python_operator_decorator']) retrieved from /home/airflow/.local/lib/python3.7/site-packages/airflow/example_dags/example_branch_operator_decorator.py
[2023-02-07T14:54:16.148+0000] {logging_mixin.py:137} INFO - [2023-02-07T14:54:16.147+0000] {dag.py:2690} INFO - Sync 1 DAGs
[2023-02-07T14:54:16.172+0000] {logging_mixin.py:137} INFO - [2023-02-07T14:54:16.172+0000] {dag.py:3441} INFO - Setting next_dagrun for example_branch_python_operator_decorator to 2023-02-06T00:00:00+00:00, run_after=2023-02-07T00:00:00+00:00
[2023-02-07T14:54:16.197+0000] {processor.py:175} INFO - Processing /home/airflow/.local/lib/python3.7/site-packages/airflow/example_dags/example_branch_operator_decorator.py took 0.113 seconds
[2023-02-07T14:54:47.333+0000] {processor.py:153} INFO - Started process (PID=1103) to work on /home/airflow/.local/lib/python3.7/site-packages/airflow/example_dags/example_branch_operator_decorator.py
[2023-02-07T14:54:47.334+0000] {processor.py:743} INFO - Processing file /home/airflow/.local/lib/python3.7/site-packages/airflow/example_dags/example_branch_operator_decorator.py for tasks to queue
[2023-02-07T14:54:47.335+0000] {logging_mixin.py:137} INFO - [2023-02-07T14:54:47.334+0000] {dagbag.py:538} INFO - Filling up the DagBag from /home/airflow/.local/lib/python3.7/site-packages/airflow/example_dags/example_branch_operator_decorator.py
[2023-02-07T14:54:47.364+0000] {processor.py:753} INFO - DAG(s) dict_keys(['example_branch_python_operator_decorator']) retrieved from /home/airflow/.local/lib/python3.7/site-packages/airflow/example_dags/example_branch_operator_decorator.py
[2023-02-07T14:54:47.397+0000] {logging_mixin.py:137} INFO - [2023-02-07T14:54:47.397+0000] {dag.py:2690} INFO - Sync 1 DAGs
[2023-02-07T14:54:47.439+0000] {logging_mixin.py:137} INFO - [2023-02-07T14:54:47.438+0000] {dag.py:3441} INFO - Setting next_dagrun for example_branch_python_operator_decorator to 2023-02-06T00:00:00+00:00, run_after=2023-02-07T00:00:00+00:00
[2023-02-07T14:54:47.483+0000] {processor.py:175} INFO - Processing /home/airflow/.local/lib/python3.7/site-packages/airflow/example_dags/example_branch_operator_decorator.py took 0.155 seconds
[2023-02-07T14:55:17.697+0000] {processor.py:153} INFO - Started process (PID=1169) to work on /home/airflow/.local/lib/python3.7/site-packages/airflow/example_dags/example_branch_operator_decorator.py
[2023-02-07T14:55:17.698+0000] {processor.py:743} INFO - Processing file /home/airflow/.local/lib/python3.7/site-packages/airflow/example_dags/example_branch_operator_decorator.py for tasks to queue
[2023-02-07T14:55:17.699+0000] {logging_mixin.py:137} INFO - [2023-02-07T14:55:17.699+0000] {dagbag.py:538} INFO - Filling up the DagBag from /home/airflow/.local/lib/python3.7/site-packages/airflow/example_dags/example_branch_operator_decorator.py
[2023-02-07T14:55:17.722+0000] {processor.py:753} INFO - DAG(s) dict_keys(['example_branch_python_operator_decorator']) retrieved from /home/airflow/.local/lib/python3.7/site-packages/airflow/example_dags/example_branch_operator_decorator.py
[2023-02-07T14:55:17.751+0000] {logging_mixin.py:137} INFO - [2023-02-07T14:55:17.751+0000] {dag.py:2690} INFO - Sync 1 DAGs
[2023-02-07T14:55:17.784+0000] {logging_mixin.py:137} INFO - [2023-02-07T14:55:17.784+0000] {dag.py:3441} INFO - Setting next_dagrun for example_branch_python_operator_decorator to 2023-02-06T00:00:00+00:00, run_after=2023-02-07T00:00:00+00:00
[2023-02-07T14:55:17.811+0000] {processor.py:175} INFO - Processing /home/airflow/.local/lib/python3.7/site-packages/airflow/example_dags/example_branch_operator_decorator.py took 0.118 seconds
[2023-02-07T14:55:48.938+0000] {processor.py:153} INFO - Started process (PID=1244) to work on /home/airflow/.local/lib/python3.7/site-packages/airflow/example_dags/example_branch_operator_decorator.py
[2023-02-07T14:55:48.939+0000] {processor.py:743} INFO - Processing file /home/airflow/.local/lib/python3.7/site-packages/airflow/example_dags/example_branch_operator_decorator.py for tasks to queue
[2023-02-07T14:55:48.940+0000] {logging_mixin.py:137} INFO - [2023-02-07T14:55:48.940+0000] {dagbag.py:538} INFO - Filling up the DagBag from /home/airflow/.local/lib/python3.7/site-packages/airflow/example_dags/example_branch_operator_decorator.py
[2023-02-07T14:55:48.973+0000] {processor.py:753} INFO - DAG(s) dict_keys(['example_branch_python_operator_decorator']) retrieved from /home/airflow/.local/lib/python3.7/site-packages/airflow/example_dags/example_branch_operator_decorator.py
[2023-02-07T14:55:49.008+0000] {logging_mixin.py:137} INFO - [2023-02-07T14:55:49.008+0000] {dag.py:2690} INFO - Sync 1 DAGs
[2023-02-07T14:55:49.053+0000] {logging_mixin.py:137} INFO - [2023-02-07T14:55:49.053+0000] {dag.py:3441} INFO - Setting next_dagrun for example_branch_python_operator_decorator to 2023-02-06T00:00:00+00:00, run_after=2023-02-07T00:00:00+00:00
[2023-02-07T14:55:49.104+0000] {processor.py:175} INFO - Processing /home/airflow/.local/lib/python3.7/site-packages/airflow/example_dags/example_branch_operator_decorator.py took 0.170 seconds
[2023-02-07T14:56:19.601+0000] {processor.py:153} INFO - Started process (PID=1312) to work on /home/airflow/.local/lib/python3.7/site-packages/airflow/example_dags/example_branch_operator_decorator.py
[2023-02-07T14:56:19.602+0000] {processor.py:743} INFO - Processing file /home/airflow/.local/lib/python3.7/site-packages/airflow/example_dags/example_branch_operator_decorator.py for tasks to queue
[2023-02-07T14:56:19.603+0000] {logging_mixin.py:137} INFO - [2023-02-07T14:56:19.603+0000] {dagbag.py:538} INFO - Filling up the DagBag from /home/airflow/.local/lib/python3.7/site-packages/airflow/example_dags/example_branch_operator_decorator.py
[2023-02-07T14:56:19.638+0000] {processor.py:753} INFO - DAG(s) dict_keys(['example_branch_python_operator_decorator']) retrieved from /home/airflow/.local/lib/python3.7/site-packages/airflow/example_dags/example_branch_operator_decorator.py
[2023-02-07T14:56:19.671+0000] {logging_mixin.py:137} INFO - [2023-02-07T14:56:19.671+0000] {dag.py:2690} INFO - Sync 1 DAGs
[2023-02-07T14:56:19.703+0000] {logging_mixin.py:137} INFO - [2023-02-07T14:56:19.703+0000] {dag.py:3441} INFO - Setting next_dagrun for example_branch_python_operator_decorator to 2023-02-06T00:00:00+00:00, run_after=2023-02-07T00:00:00+00:00
[2023-02-07T14:56:19.735+0000] {processor.py:175} INFO - Processing /home/airflow/.local/lib/python3.7/site-packages/airflow/example_dags/example_branch_operator_decorator.py took 0.139 seconds
[2023-02-07T14:56:50.610+0000] {processor.py:153} INFO - Started process (PID=1378) to work on /home/airflow/.local/lib/python3.7/site-packages/airflow/example_dags/example_branch_operator_decorator.py
[2023-02-07T14:56:50.611+0000] {processor.py:743} INFO - Processing file /home/airflow/.local/lib/python3.7/site-packages/airflow/example_dags/example_branch_operator_decorator.py for tasks to queue
[2023-02-07T14:56:50.612+0000] {logging_mixin.py:137} INFO - [2023-02-07T14:56:50.612+0000] {dagbag.py:538} INFO - Filling up the DagBag from /home/airflow/.local/lib/python3.7/site-packages/airflow/example_dags/example_branch_operator_decorator.py
[2023-02-07T14:56:50.641+0000] {processor.py:753} INFO - DAG(s) dict_keys(['example_branch_python_operator_decorator']) retrieved from /home/airflow/.local/lib/python3.7/site-packages/airflow/example_dags/example_branch_operator_decorator.py
[2023-02-07T14:56:50.674+0000] {logging_mixin.py:137} INFO - [2023-02-07T14:56:50.674+0000] {dag.py:2690} INFO - Sync 1 DAGs
[2023-02-07T14:56:50.721+0000] {logging_mixin.py:137} INFO - [2023-02-07T14:56:50.721+0000] {dag.py:3441} INFO - Setting next_dagrun for example_branch_python_operator_decorator to 2023-02-06T00:00:00+00:00, run_after=2023-02-07T00:00:00+00:00
[2023-02-07T14:56:50.751+0000] {processor.py:175} INFO - Processing /home/airflow/.local/lib/python3.7/site-packages/airflow/example_dags/example_branch_operator_decorator.py took 0.146 seconds
[2023-02-07T14:57:21.757+0000] {processor.py:153} INFO - Started process (PID=1456) to work on /home/airflow/.local/lib/python3.7/site-packages/airflow/example_dags/example_branch_operator_decorator.py
[2023-02-07T14:57:21.758+0000] {processor.py:743} INFO - Processing file /home/airflow/.local/lib/python3.7/site-packages/airflow/example_dags/example_branch_operator_decorator.py for tasks to queue
[2023-02-07T14:57:21.759+0000] {logging_mixin.py:137} INFO - [2023-02-07T14:57:21.758+0000] {dagbag.py:538} INFO - Filling up the DagBag from /home/airflow/.local/lib/python3.7/site-packages/airflow/example_dags/example_branch_operator_decorator.py
[2023-02-07T14:57:21.794+0000] {processor.py:753} INFO - DAG(s) dict_keys(['example_branch_python_operator_decorator']) retrieved from /home/airflow/.local/lib/python3.7/site-packages/airflow/example_dags/example_branch_operator_decorator.py
[2023-02-07T14:57:21.831+0000] {logging_mixin.py:137} INFO - [2023-02-07T14:57:21.831+0000] {dag.py:2690} INFO - Sync 1 DAGs
[2023-02-07T14:57:21.868+0000] {logging_mixin.py:137} INFO - [2023-02-07T14:57:21.868+0000] {dag.py:3441} INFO - Setting next_dagrun for example_branch_python_operator_decorator to 2023-02-06T00:00:00+00:00, run_after=2023-02-07T00:00:00+00:00
[2023-02-07T14:57:21.902+0000] {processor.py:175} INFO - Processing /home/airflow/.local/lib/python3.7/site-packages/airflow/example_dags/example_branch_operator_decorator.py took 0.150 seconds
[2023-02-07T14:57:52.424+0000] {processor.py:153} INFO - Started process (PID=1521) to work on /home/airflow/.local/lib/python3.7/site-packages/airflow/example_dags/example_branch_operator_decorator.py
[2023-02-07T14:57:52.427+0000] {processor.py:743} INFO - Processing file /home/airflow/.local/lib/python3.7/site-packages/airflow/example_dags/example_branch_operator_decorator.py for tasks to queue
[2023-02-07T14:57:52.427+0000] {logging_mixin.py:137} INFO - [2023-02-07T14:57:52.427+0000] {dagbag.py:538} INFO - Filling up the DagBag from /home/airflow/.local/lib/python3.7/site-packages/airflow/example_dags/example_branch_operator_decorator.py
[2023-02-07T14:57:52.455+0000] {processor.py:753} INFO - DAG(s) dict_keys(['example_branch_python_operator_decorator']) retrieved from /home/airflow/.local/lib/python3.7/site-packages/airflow/example_dags/example_branch_operator_decorator.py
[2023-02-07T14:57:52.488+0000] {logging_mixin.py:137} INFO - [2023-02-07T14:57:52.488+0000] {dag.py:2690} INFO - Sync 1 DAGs
[2023-02-07T14:57:52.520+0000] {logging_mixin.py:137} INFO - [2023-02-07T14:57:52.520+0000] {dag.py:3441} INFO - Setting next_dagrun for example_branch_python_operator_decorator to 2023-02-06T00:00:00+00:00, run_after=2023-02-07T00:00:00+00:00
[2023-02-07T14:57:52.547+0000] {processor.py:175} INFO - Processing /home/airflow/.local/lib/python3.7/site-packages/airflow/example_dags/example_branch_operator_decorator.py took 0.127 seconds
[2023-02-07T14:58:22.756+0000] {processor.py:153} INFO - Started process (PID=1598) to work on /home/airflow/.local/lib/python3.7/site-packages/airflow/example_dags/example_branch_operator_decorator.py
[2023-02-07T14:58:22.757+0000] {processor.py:743} INFO - Processing file /home/airflow/.local/lib/python3.7/site-packages/airflow/example_dags/example_branch_operator_decorator.py for tasks to queue
[2023-02-07T14:58:22.758+0000] {logging_mixin.py:137} INFO - [2023-02-07T14:58:22.758+0000] {dagbag.py:538} INFO - Filling up the DagBag from /home/airflow/.local/lib/python3.7/site-packages/airflow/example_dags/example_branch_operator_decorator.py
[2023-02-07T14:58:22.785+0000] {processor.py:753} INFO - DAG(s) dict_keys(['example_branch_python_operator_decorator']) retrieved from /home/airflow/.local/lib/python3.7/site-packages/airflow/example_dags/example_branch_operator_decorator.py
[2023-02-07T14:58:22.816+0000] {logging_mixin.py:137} INFO - [2023-02-07T14:58:22.816+0000] {dag.py:2690} INFO - Sync 1 DAGs
[2023-02-07T14:58:22.850+0000] {logging_mixin.py:137} INFO - [2023-02-07T14:58:22.850+0000] {dag.py:3441} INFO - Setting next_dagrun for example_branch_python_operator_decorator to 2023-02-06T00:00:00+00:00, run_after=2023-02-07T00:00:00+00:00
[2023-02-07T14:58:22.877+0000] {processor.py:175} INFO - Processing /home/airflow/.local/lib/python3.7/site-packages/airflow/example_dags/example_branch_operator_decorator.py took 0.124 seconds
[2023-02-07T14:58:53.040+0000] {processor.py:153} INFO - Started process (PID=1663) to work on /home/airflow/.local/lib/python3.7/site-packages/airflow/example_dags/example_branch_operator_decorator.py
[2023-02-07T14:58:53.041+0000] {processor.py:743} INFO - Processing file /home/airflow/.local/lib/python3.7/site-packages/airflow/example_dags/example_branch_operator_decorator.py for tasks to queue
[2023-02-07T14:58:53.042+0000] {logging_mixin.py:137} INFO - [2023-02-07T14:58:53.042+0000] {dagbag.py:538} INFO - Filling up the DagBag from /home/airflow/.local/lib/python3.7/site-packages/airflow/example_dags/example_branch_operator_decorator.py
[2023-02-07T14:58:53.074+0000] {processor.py:753} INFO - DAG(s) dict_keys(['example_branch_python_operator_decorator']) retrieved from /home/airflow/.local/lib/python3.7/site-packages/airflow/example_dags/example_branch_operator_decorator.py
[2023-02-07T14:58:53.110+0000] {logging_mixin.py:137} INFO - [2023-02-07T14:58:53.110+0000] {dag.py:2690} INFO - Sync 1 DAGs
[2023-02-07T14:58:53.150+0000] {logging_mixin.py:137} INFO - [2023-02-07T14:58:53.150+0000] {dag.py:3441} INFO - Setting next_dagrun for example_branch_python_operator_decorator to 2023-02-06T00:00:00+00:00, run_after=2023-02-07T00:00:00+00:00
[2023-02-07T14:58:53.173+0000] {processor.py:175} INFO - Processing /home/airflow/.local/lib/python3.7/site-packages/airflow/example_dags/example_branch_operator_decorator.py took 0.138 seconds
[2023-02-07T14:59:24.039+0000] {processor.py:153} INFO - Started process (PID=1741) to work on /home/airflow/.local/lib/python3.7/site-packages/airflow/example_dags/example_branch_operator_decorator.py
[2023-02-07T14:59:24.040+0000] {processor.py:743} INFO - Processing file /home/airflow/.local/lib/python3.7/site-packages/airflow/example_dags/example_branch_operator_decorator.py for tasks to queue
[2023-02-07T14:59:24.041+0000] {logging_mixin.py:137} INFO - [2023-02-07T14:59:24.041+0000] {dagbag.py:538} INFO - Filling up the DagBag from /home/airflow/.local/lib/python3.7/site-packages/airflow/example_dags/example_branch_operator_decorator.py
[2023-02-07T14:59:24.068+0000] {processor.py:753} INFO - DAG(s) dict_keys(['example_branch_python_operator_decorator']) retrieved from /home/airflow/.local/lib/python3.7/site-packages/airflow/example_dags/example_branch_operator_decorator.py
[2023-02-07T14:59:24.103+0000] {logging_mixin.py:137} INFO - [2023-02-07T14:59:24.102+0000] {dag.py:2690} INFO - Sync 1 DAGs
[2023-02-07T14:59:24.139+0000] {logging_mixin.py:137} INFO - [2023-02-07T14:59:24.139+0000] {dag.py:3441} INFO - Setting next_dagrun for example_branch_python_operator_decorator to 2023-02-06T00:00:00+00:00, run_after=2023-02-07T00:00:00+00:00
[2023-02-07T14:59:24.165+0000] {processor.py:175} INFO - Processing /home/airflow/.local/lib/python3.7/site-packages/airflow/example_dags/example_branch_operator_decorator.py took 0.131 seconds
[2023-02-07T14:59:54.741+0000] {processor.py:153} INFO - Started process (PID=1806) to work on /home/airflow/.local/lib/python3.7/site-packages/airflow/example_dags/example_branch_operator_decorator.py
[2023-02-07T14:59:54.742+0000] {processor.py:743} INFO - Processing file /home/airflow/.local/lib/python3.7/site-packages/airflow/example_dags/example_branch_operator_decorator.py for tasks to queue
[2023-02-07T14:59:54.743+0000] {logging_mixin.py:137} INFO - [2023-02-07T14:59:54.743+0000] {dagbag.py:538} INFO - Filling up the DagBag from /home/airflow/.local/lib/python3.7/site-packages/airflow/example_dags/example_branch_operator_decorator.py
[2023-02-07T14:59:54.768+0000] {processor.py:753} INFO - DAG(s) dict_keys(['example_branch_python_operator_decorator']) retrieved from /home/airflow/.local/lib/python3.7/site-packages/airflow/example_dags/example_branch_operator_decorator.py
[2023-02-07T14:59:54.793+0000] {logging_mixin.py:137} INFO - [2023-02-07T14:59:54.793+0000] {dag.py:2690} INFO - Sync 1 DAGs
[2023-02-07T14:59:54.818+0000] {logging_mixin.py:137} INFO - [2023-02-07T14:59:54.817+0000] {dag.py:3441} INFO - Setting next_dagrun for example_branch_python_operator_decorator to 2023-02-06T00:00:00+00:00, run_after=2023-02-07T00:00:00+00:00
[2023-02-07T14:59:54.846+0000] {processor.py:175} INFO - Processing /home/airflow/.local/lib/python3.7/site-packages/airflow/example_dags/example_branch_operator_decorator.py took 0.109 seconds
[2023-02-07T15:00:25.545+0000] {processor.py:153} INFO - Started process (PID=1884) to work on /home/airflow/.local/lib/python3.7/site-packages/airflow/example_dags/example_branch_operator_decorator.py
[2023-02-07T15:00:25.547+0000] {processor.py:743} INFO - Processing file /home/airflow/.local/lib/python3.7/site-packages/airflow/example_dags/example_branch_operator_decorator.py for tasks to queue
[2023-02-07T15:00:25.547+0000] {logging_mixin.py:137} INFO - [2023-02-07T15:00:25.547+0000] {dagbag.py:538} INFO - Filling up the DagBag from /home/airflow/.local/lib/python3.7/site-packages/airflow/example_dags/example_branch_operator_decorator.py
[2023-02-07T15:00:25.579+0000] {processor.py:753} INFO - DAG(s) dict_keys(['example_branch_python_operator_decorator']) retrieved from /home/airflow/.local/lib/python3.7/site-packages/airflow/example_dags/example_branch_operator_decorator.py
[2023-02-07T15:00:25.611+0000] {logging_mixin.py:137} INFO - [2023-02-07T15:00:25.611+0000] {dag.py:2690} INFO - Sync 1 DAGs
[2023-02-07T15:00:25.637+0000] {logging_mixin.py:137} INFO - [2023-02-07T15:00:25.637+0000] {dag.py:3441} INFO - Setting next_dagrun for example_branch_python_operator_decorator to 2023-02-06T00:00:00+00:00, run_after=2023-02-07T00:00:00+00:00
[2023-02-07T15:00:25.666+0000] {processor.py:175} INFO - Processing /home/airflow/.local/lib/python3.7/site-packages/airflow/example_dags/example_branch_operator_decorator.py took 0.126 seconds
[2023-02-07T15:00:56.259+0000] {processor.py:153} INFO - Started process (PID=1949) to work on /home/airflow/.local/lib/python3.7/site-packages/airflow/example_dags/example_branch_operator_decorator.py
[2023-02-07T15:00:56.260+0000] {processor.py:743} INFO - Processing file /home/airflow/.local/lib/python3.7/site-packages/airflow/example_dags/example_branch_operator_decorator.py for tasks to queue
[2023-02-07T15:00:56.261+0000] {logging_mixin.py:137} INFO - [2023-02-07T15:00:56.261+0000] {dagbag.py:538} INFO - Filling up the DagBag from /home/airflow/.local/lib/python3.7/site-packages/airflow/example_dags/example_branch_operator_decorator.py
[2023-02-07T15:00:56.286+0000] {processor.py:753} INFO - DAG(s) dict_keys(['example_branch_python_operator_decorator']) retrieved from /home/airflow/.local/lib/python3.7/site-packages/airflow/example_dags/example_branch_operator_decorator.py
[2023-02-07T15:00:56.315+0000] {logging_mixin.py:137} INFO - [2023-02-07T15:00:56.315+0000] {dag.py:2690} INFO - Sync 1 DAGs
[2023-02-07T15:00:56.339+0000] {logging_mixin.py:137} INFO - [2023-02-07T15:00:56.338+0000] {dag.py:3441} INFO - Setting next_dagrun for example_branch_python_operator_decorator to 2023-02-06T00:00:00+00:00, run_after=2023-02-07T00:00:00+00:00
[2023-02-07T15:00:56.363+0000] {processor.py:175} INFO - Processing /home/airflow/.local/lib/python3.7/site-packages/airflow/example_dags/example_branch_operator_decorator.py took 0.108 seconds
[2023-02-07T15:01:26.911+0000] {processor.py:153} INFO - Started process (PID=2029) to work on /home/airflow/.local/lib/python3.7/site-packages/airflow/example_dags/example_branch_operator_decorator.py
[2023-02-07T15:01:26.912+0000] {processor.py:743} INFO - Processing file /home/airflow/.local/lib/python3.7/site-packages/airflow/example_dags/example_branch_operator_decorator.py for tasks to queue
[2023-02-07T15:01:26.913+0000] {logging_mixin.py:137} INFO - [2023-02-07T15:01:26.913+0000] {dagbag.py:538} INFO - Filling up the DagBag from /home/airflow/.local/lib/python3.7/site-packages/airflow/example_dags/example_branch_operator_decorator.py
[2023-02-07T15:01:26.948+0000] {processor.py:753} INFO - DAG(s) dict_keys(['example_branch_python_operator_decorator']) retrieved from /home/airflow/.local/lib/python3.7/site-packages/airflow/example_dags/example_branch_operator_decorator.py
[2023-02-07T15:01:26.982+0000] {logging_mixin.py:137} INFO - [2023-02-07T15:01:26.982+0000] {dag.py:2690} INFO - Sync 1 DAGs
[2023-02-07T15:01:27.019+0000] {logging_mixin.py:137} INFO - [2023-02-07T15:01:27.019+0000] {dag.py:3441} INFO - Setting next_dagrun for example_branch_python_operator_decorator to 2023-02-06T00:00:00+00:00, run_after=2023-02-07T00:00:00+00:00
[2023-02-07T15:01:27.050+0000] {processor.py:175} INFO - Processing /home/airflow/.local/lib/python3.7/site-packages/airflow/example_dags/example_branch_operator_decorator.py took 0.143 seconds
[2023-02-07T15:01:57.553+0000] {processor.py:153} INFO - Started process (PID=2095) to work on /home/airflow/.local/lib/python3.7/site-packages/airflow/example_dags/example_branch_operator_decorator.py
[2023-02-07T15:01:57.554+0000] {processor.py:743} INFO - Processing file /home/airflow/.local/lib/python3.7/site-packages/airflow/example_dags/example_branch_operator_decorator.py for tasks to queue
[2023-02-07T15:01:57.555+0000] {logging_mixin.py:137} INFO - [2023-02-07T15:01:57.555+0000] {dagbag.py:538} INFO - Filling up the DagBag from /home/airflow/.local/lib/python3.7/site-packages/airflow/example_dags/example_branch_operator_decorator.py
[2023-02-07T15:01:57.580+0000] {processor.py:753} INFO - DAG(s) dict_keys(['example_branch_python_operator_decorator']) retrieved from /home/airflow/.local/lib/python3.7/site-packages/airflow/example_dags/example_branch_operator_decorator.py
[2023-02-07T15:01:57.608+0000] {logging_mixin.py:137} INFO - [2023-02-07T15:01:57.607+0000] {dag.py:2690} INFO - Sync 1 DAGs
[2023-02-07T15:01:57.631+0000] {logging_mixin.py:137} INFO - [2023-02-07T15:01:57.631+0000] {dag.py:3441} INFO - Setting next_dagrun for example_branch_python_operator_decorator to 2023-02-06T00:00:00+00:00, run_after=2023-02-07T00:00:00+00:00
[2023-02-07T15:01:57.658+0000] {processor.py:175} INFO - Processing /home/airflow/.local/lib/python3.7/site-packages/airflow/example_dags/example_branch_operator_decorator.py took 0.108 seconds
[2023-02-07T15:02:28.221+0000] {processor.py:153} INFO - Started process (PID=2172) to work on /home/airflow/.local/lib/python3.7/site-packages/airflow/example_dags/example_branch_operator_decorator.py
[2023-02-07T15:02:28.222+0000] {processor.py:743} INFO - Processing file /home/airflow/.local/lib/python3.7/site-packages/airflow/example_dags/example_branch_operator_decorator.py for tasks to queue
[2023-02-07T15:02:28.222+0000] {logging_mixin.py:137} INFO - [2023-02-07T15:02:28.222+0000] {dagbag.py:538} INFO - Filling up the DagBag from /home/airflow/.local/lib/python3.7/site-packages/airflow/example_dags/example_branch_operator_decorator.py
[2023-02-07T15:02:28.248+0000] {processor.py:753} INFO - DAG(s) dict_keys(['example_branch_python_operator_decorator']) retrieved from /home/airflow/.local/lib/python3.7/site-packages/airflow/example_dags/example_branch_operator_decorator.py
[2023-02-07T15:02:28.280+0000] {logging_mixin.py:137} INFO - [2023-02-07T15:02:28.280+0000] {dag.py:2690} INFO - Sync 1 DAGs
[2023-02-07T15:02:28.315+0000] {logging_mixin.py:137} INFO - [2023-02-07T15:02:28.315+0000] {dag.py:3441} INFO - Setting next_dagrun for example_branch_python_operator_decorator to 2023-02-06T00:00:00+00:00, run_after=2023-02-07T00:00:00+00:00
[2023-02-07T15:02:28.341+0000] {processor.py:175} INFO - Processing /home/airflow/.local/lib/python3.7/site-packages/airflow/example_dags/example_branch_operator_decorator.py took 0.124 seconds
[2023-02-07T15:02:59.155+0000] {processor.py:153} INFO - Started process (PID=2244) to work on /home/airflow/.local/lib/python3.7/site-packages/airflow/example_dags/example_branch_operator_decorator.py
[2023-02-07T15:02:59.156+0000] {processor.py:743} INFO - Processing file /home/airflow/.local/lib/python3.7/site-packages/airflow/example_dags/example_branch_operator_decorator.py for tasks to queue
[2023-02-07T15:02:59.157+0000] {logging_mixin.py:137} INFO - [2023-02-07T15:02:59.156+0000] {dagbag.py:538} INFO - Filling up the DagBag from /home/airflow/.local/lib/python3.7/site-packages/airflow/example_dags/example_branch_operator_decorator.py
[2023-02-07T15:02:59.186+0000] {processor.py:753} INFO - DAG(s) dict_keys(['example_branch_python_operator_decorator']) retrieved from /home/airflow/.local/lib/python3.7/site-packages/airflow/example_dags/example_branch_operator_decorator.py
[2023-02-07T15:02:59.216+0000] {logging_mixin.py:137} INFO - [2023-02-07T15:02:59.216+0000] {dag.py:2690} INFO - Sync 1 DAGs
[2023-02-07T15:02:59.248+0000] {logging_mixin.py:137} INFO - [2023-02-07T15:02:59.248+0000] {dag.py:3441} INFO - Setting next_dagrun for example_branch_python_operator_decorator to 2023-02-06T00:00:00+00:00, run_after=2023-02-07T00:00:00+00:00
[2023-02-07T15:02:59.277+0000] {processor.py:175} INFO - Processing /home/airflow/.local/lib/python3.7/site-packages/airflow/example_dags/example_branch_operator_decorator.py took 0.126 seconds
[2023-02-07T15:03:29.994+0000] {processor.py:153} INFO - Started process (PID=2315) to work on /home/airflow/.local/lib/python3.7/site-packages/airflow/example_dags/example_branch_operator_decorator.py
[2023-02-07T15:03:29.995+0000] {processor.py:743} INFO - Processing file /home/airflow/.local/lib/python3.7/site-packages/airflow/example_dags/example_branch_operator_decorator.py for tasks to queue
[2023-02-07T15:03:29.996+0000] {logging_mixin.py:137} INFO - [2023-02-07T15:03:29.996+0000] {dagbag.py:538} INFO - Filling up the DagBag from /home/airflow/.local/lib/python3.7/site-packages/airflow/example_dags/example_branch_operator_decorator.py
[2023-02-07T15:03:30.029+0000] {processor.py:753} INFO - DAG(s) dict_keys(['example_branch_python_operator_decorator']) retrieved from /home/airflow/.local/lib/python3.7/site-packages/airflow/example_dags/example_branch_operator_decorator.py
[2023-02-07T15:03:30.065+0000] {logging_mixin.py:137} INFO - [2023-02-07T15:03:30.064+0000] {dag.py:2690} INFO - Sync 1 DAGs
[2023-02-07T15:03:30.102+0000] {logging_mixin.py:137} INFO - [2023-02-07T15:03:30.101+0000] {dag.py:3441} INFO - Setting next_dagrun for example_branch_python_operator_decorator to 2023-02-06T00:00:00+00:00, run_after=2023-02-07T00:00:00+00:00
[2023-02-07T15:03:30.133+0000] {processor.py:175} INFO - Processing /home/airflow/.local/lib/python3.7/site-packages/airflow/example_dags/example_branch_operator_decorator.py took 0.143 seconds
[2023-02-07T15:04:01.121+0000] {processor.py:153} INFO - Started process (PID=2394) to work on /home/airflow/.local/lib/python3.7/site-packages/airflow/example_dags/example_branch_operator_decorator.py
[2023-02-07T15:04:01.122+0000] {processor.py:743} INFO - Processing file /home/airflow/.local/lib/python3.7/site-packages/airflow/example_dags/example_branch_operator_decorator.py for tasks to queue
[2023-02-07T15:04:01.123+0000] {logging_mixin.py:137} INFO - [2023-02-07T15:04:01.123+0000] {dagbag.py:538} INFO - Filling up the DagBag from /home/airflow/.local/lib/python3.7/site-packages/airflow/example_dags/example_branch_operator_decorator.py
[2023-02-07T15:04:01.159+0000] {processor.py:753} INFO - DAG(s) dict_keys(['example_branch_python_operator_decorator']) retrieved from /home/airflow/.local/lib/python3.7/site-packages/airflow/example_dags/example_branch_operator_decorator.py
[2023-02-07T15:04:01.193+0000] {logging_mixin.py:137} INFO - [2023-02-07T15:04:01.193+0000] {dag.py:2690} INFO - Sync 1 DAGs
[2023-02-07T15:04:01.233+0000] {logging_mixin.py:137} INFO - [2023-02-07T15:04:01.233+0000] {dag.py:3441} INFO - Setting next_dagrun for example_branch_python_operator_decorator to 2023-02-06T00:00:00+00:00, run_after=2023-02-07T00:00:00+00:00
[2023-02-07T15:04:01.261+0000] {processor.py:175} INFO - Processing /home/airflow/.local/lib/python3.7/site-packages/airflow/example_dags/example_branch_operator_decorator.py took 0.145 seconds
[2023-02-07T15:04:32.052+0000] {processor.py:153} INFO - Started process (PID=2460) to work on /home/airflow/.local/lib/python3.7/site-packages/airflow/example_dags/example_branch_operator_decorator.py
[2023-02-07T15:04:32.053+0000] {processor.py:743} INFO - Processing file /home/airflow/.local/lib/python3.7/site-packages/airflow/example_dags/example_branch_operator_decorator.py for tasks to queue
[2023-02-07T15:04:32.054+0000] {logging_mixin.py:137} INFO - [2023-02-07T15:04:32.054+0000] {dagbag.py:538} INFO - Filling up the DagBag from /home/airflow/.local/lib/python3.7/site-packages/airflow/example_dags/example_branch_operator_decorator.py
[2023-02-07T15:04:32.091+0000] {processor.py:753} INFO - DAG(s) dict_keys(['example_branch_python_operator_decorator']) retrieved from /home/airflow/.local/lib/python3.7/site-packages/airflow/example_dags/example_branch_operator_decorator.py
[2023-02-07T15:04:32.128+0000] {logging_mixin.py:137} INFO - [2023-02-07T15:04:32.128+0000] {dag.py:2690} INFO - Sync 1 DAGs
[2023-02-07T15:04:32.168+0000] {logging_mixin.py:137} INFO - [2023-02-07T15:04:32.168+0000] {dag.py:3441} INFO - Setting next_dagrun for example_branch_python_operator_decorator to 2023-02-06T00:00:00+00:00, run_after=2023-02-07T00:00:00+00:00
[2023-02-07T15:04:32.200+0000] {processor.py:175} INFO - Processing /home/airflow/.local/lib/python3.7/site-packages/airflow/example_dags/example_branch_operator_decorator.py took 0.153 seconds
[2023-02-07T15:05:02.989+0000] {processor.py:153} INFO - Started process (PID=2538) to work on /home/airflow/.local/lib/python3.7/site-packages/airflow/example_dags/example_branch_operator_decorator.py
[2023-02-07T15:05:02.990+0000] {processor.py:743} INFO - Processing file /home/airflow/.local/lib/python3.7/site-packages/airflow/example_dags/example_branch_operator_decorator.py for tasks to queue
[2023-02-07T15:05:02.991+0000] {logging_mixin.py:137} INFO - [2023-02-07T15:05:02.991+0000] {dagbag.py:538} INFO - Filling up the DagBag from /home/airflow/.local/lib/python3.7/site-packages/airflow/example_dags/example_branch_operator_decorator.py
[2023-02-07T15:05:03.014+0000] {processor.py:753} INFO - DAG(s) dict_keys(['example_branch_python_operator_decorator']) retrieved from /home/airflow/.local/lib/python3.7/site-packages/airflow/example_dags/example_branch_operator_decorator.py
[2023-02-07T15:05:03.047+0000] {logging_mixin.py:137} INFO - [2023-02-07T15:05:03.047+0000] {dag.py:2690} INFO - Sync 1 DAGs
[2023-02-07T15:05:03.084+0000] {logging_mixin.py:137} INFO - [2023-02-07T15:05:03.084+0000] {dag.py:3441} INFO - Setting next_dagrun for example_branch_python_operator_decorator to 2023-02-06T00:00:00+00:00, run_after=2023-02-07T00:00:00+00:00
[2023-02-07T15:05:03.114+0000] {processor.py:175} INFO - Processing /home/airflow/.local/lib/python3.7/site-packages/airflow/example_dags/example_branch_operator_decorator.py took 0.129 seconds
[2023-02-07T15:05:33.651+0000] {processor.py:153} INFO - Started process (PID=2604) to work on /home/airflow/.local/lib/python3.7/site-packages/airflow/example_dags/example_branch_operator_decorator.py
[2023-02-07T15:05:33.652+0000] {processor.py:743} INFO - Processing file /home/airflow/.local/lib/python3.7/site-packages/airflow/example_dags/example_branch_operator_decorator.py for tasks to queue
[2023-02-07T15:05:33.653+0000] {logging_mixin.py:137} INFO - [2023-02-07T15:05:33.652+0000] {dagbag.py:538} INFO - Filling up the DagBag from /home/airflow/.local/lib/python3.7/site-packages/airflow/example_dags/example_branch_operator_decorator.py
[2023-02-07T15:05:33.687+0000] {processor.py:753} INFO - DAG(s) dict_keys(['example_branch_python_operator_decorator']) retrieved from /home/airflow/.local/lib/python3.7/site-packages/airflow/example_dags/example_branch_operator_decorator.py
[2023-02-07T15:05:33.722+0000] {logging_mixin.py:137} INFO - [2023-02-07T15:05:33.722+0000] {dag.py:2690} INFO - Sync 1 DAGs
[2023-02-07T15:05:33.759+0000] {logging_mixin.py:137} INFO - [2023-02-07T15:05:33.759+0000] {dag.py:3441} INFO - Setting next_dagrun for example_branch_python_operator_decorator to 2023-02-06T00:00:00+00:00, run_after=2023-02-07T00:00:00+00:00
[2023-02-07T15:05:33.790+0000] {processor.py:175} INFO - Processing /home/airflow/.local/lib/python3.7/site-packages/airflow/example_dags/example_branch_operator_decorator.py took 0.144 seconds
[2023-02-07T15:06:04.454+0000] {processor.py:153} INFO - Started process (PID=2681) to work on /home/airflow/.local/lib/python3.7/site-packages/airflow/example_dags/example_branch_operator_decorator.py
[2023-02-07T15:06:04.455+0000] {processor.py:743} INFO - Processing file /home/airflow/.local/lib/python3.7/site-packages/airflow/example_dags/example_branch_operator_decorator.py for tasks to queue
[2023-02-07T15:06:04.455+0000] {logging_mixin.py:137} INFO - [2023-02-07T15:06:04.455+0000] {dagbag.py:538} INFO - Filling up the DagBag from /home/airflow/.local/lib/python3.7/site-packages/airflow/example_dags/example_branch_operator_decorator.py
[2023-02-07T15:06:04.486+0000] {processor.py:753} INFO - DAG(s) dict_keys(['example_branch_python_operator_decorator']) retrieved from /home/airflow/.local/lib/python3.7/site-packages/airflow/example_dags/example_branch_operator_decorator.py
[2023-02-07T15:06:04.513+0000] {logging_mixin.py:137} INFO - [2023-02-07T15:06:04.513+0000] {dag.py:2690} INFO - Sync 1 DAGs
[2023-02-07T15:06:04.538+0000] {logging_mixin.py:137} INFO - [2023-02-07T15:06:04.538+0000] {dag.py:3441} INFO - Setting next_dagrun for example_branch_python_operator_decorator to 2023-02-06T00:00:00+00:00, run_after=2023-02-07T00:00:00+00:00
[2023-02-07T15:06:04.564+0000] {processor.py:175} INFO - Processing /home/airflow/.local/lib/python3.7/site-packages/airflow/example_dags/example_branch_operator_decorator.py took 0.114 seconds
[2023-02-07T15:06:35.254+0000] {processor.py:153} INFO - Started process (PID=2746) to work on /home/airflow/.local/lib/python3.7/site-packages/airflow/example_dags/example_branch_operator_decorator.py
[2023-02-07T15:06:35.256+0000] {processor.py:743} INFO - Processing file /home/airflow/.local/lib/python3.7/site-packages/airflow/example_dags/example_branch_operator_decorator.py for tasks to queue
[2023-02-07T15:06:35.256+0000] {logging_mixin.py:137} INFO - [2023-02-07T15:06:35.256+0000] {dagbag.py:538} INFO - Filling up the DagBag from /home/airflow/.local/lib/python3.7/site-packages/airflow/example_dags/example_branch_operator_decorator.py
[2023-02-07T15:06:35.290+0000] {processor.py:753} INFO - DAG(s) dict_keys(['example_branch_python_operator_decorator']) retrieved from /home/airflow/.local/lib/python3.7/site-packages/airflow/example_dags/example_branch_operator_decorator.py
[2023-02-07T15:06:35.325+0000] {logging_mixin.py:137} INFO - [2023-02-07T15:06:35.324+0000] {dag.py:2690} INFO - Sync 1 DAGs
[2023-02-07T15:06:35.363+0000] {logging_mixin.py:137} INFO - [2023-02-07T15:06:35.363+0000] {dag.py:3441} INFO - Setting next_dagrun for example_branch_python_operator_decorator to 2023-02-06T00:00:00+00:00, run_after=2023-02-07T00:00:00+00:00
[2023-02-07T15:06:35.390+0000] {processor.py:175} INFO - Processing /home/airflow/.local/lib/python3.7/site-packages/airflow/example_dags/example_branch_operator_decorator.py took 0.140 seconds
[2023-02-07T15:07:05.780+0000] {processor.py:153} INFO - Started process (PID=2823) to work on /home/airflow/.local/lib/python3.7/site-packages/airflow/example_dags/example_branch_operator_decorator.py
[2023-02-07T15:07:05.782+0000] {processor.py:743} INFO - Processing file /home/airflow/.local/lib/python3.7/site-packages/airflow/example_dags/example_branch_operator_decorator.py for tasks to queue
[2023-02-07T15:07:05.783+0000] {logging_mixin.py:137} INFO - [2023-02-07T15:07:05.783+0000] {dagbag.py:538} INFO - Filling up the DagBag from /home/airflow/.local/lib/python3.7/site-packages/airflow/example_dags/example_branch_operator_decorator.py
[2023-02-07T15:07:05.823+0000] {processor.py:753} INFO - DAG(s) dict_keys(['example_branch_python_operator_decorator']) retrieved from /home/airflow/.local/lib/python3.7/site-packages/airflow/example_dags/example_branch_operator_decorator.py
[2023-02-07T15:07:05.865+0000] {logging_mixin.py:137} INFO - [2023-02-07T15:07:05.864+0000] {dag.py:2690} INFO - Sync 1 DAGs
[2023-02-07T15:07:05.897+0000] {logging_mixin.py:137} INFO - [2023-02-07T15:07:05.897+0000] {dag.py:3441} INFO - Setting next_dagrun for example_branch_python_operator_decorator to 2023-02-06T00:00:00+00:00, run_after=2023-02-07T00:00:00+00:00
[2023-02-07T15:07:05.922+0000] {processor.py:175} INFO - Processing /home/airflow/.local/lib/python3.7/site-packages/airflow/example_dags/example_branch_operator_decorator.py took 0.148 seconds
[2023-02-07T15:07:36.433+0000] {processor.py:153} INFO - Started process (PID=2889) to work on /home/airflow/.local/lib/python3.7/site-packages/airflow/example_dags/example_branch_operator_decorator.py
[2023-02-07T15:07:36.434+0000] {processor.py:743} INFO - Processing file /home/airflow/.local/lib/python3.7/site-packages/airflow/example_dags/example_branch_operator_decorator.py for tasks to queue
[2023-02-07T15:07:36.435+0000] {logging_mixin.py:137} INFO - [2023-02-07T15:07:36.435+0000] {dagbag.py:538} INFO - Filling up the DagBag from /home/airflow/.local/lib/python3.7/site-packages/airflow/example_dags/example_branch_operator_decorator.py
[2023-02-07T15:07:36.466+0000] {processor.py:753} INFO - DAG(s) dict_keys(['example_branch_python_operator_decorator']) retrieved from /home/airflow/.local/lib/python3.7/site-packages/airflow/example_dags/example_branch_operator_decorator.py
[2023-02-07T15:07:36.502+0000] {logging_mixin.py:137} INFO - [2023-02-07T15:07:36.501+0000] {dag.py:2690} INFO - Sync 1 DAGs
[2023-02-07T15:07:36.542+0000] {logging_mixin.py:137} INFO - [2023-02-07T15:07:36.542+0000] {dag.py:3441} INFO - Setting next_dagrun for example_branch_python_operator_decorator to 2023-02-06T00:00:00+00:00, run_after=2023-02-07T00:00:00+00:00
[2023-02-07T15:07:36.572+0000] {processor.py:175} INFO - Processing /home/airflow/.local/lib/python3.7/site-packages/airflow/example_dags/example_branch_operator_decorator.py took 0.143 seconds
[2023-02-07T15:08:07.427+0000] {processor.py:153} INFO - Started process (PID=2967) to work on /home/airflow/.local/lib/python3.7/site-packages/airflow/example_dags/example_branch_operator_decorator.py
[2023-02-07T15:08:07.428+0000] {processor.py:743} INFO - Processing file /home/airflow/.local/lib/python3.7/site-packages/airflow/example_dags/example_branch_operator_decorator.py for tasks to queue
[2023-02-07T15:08:07.429+0000] {logging_mixin.py:137} INFO - [2023-02-07T15:08:07.429+0000] {dagbag.py:538} INFO - Filling up the DagBag from /home/airflow/.local/lib/python3.7/site-packages/airflow/example_dags/example_branch_operator_decorator.py
[2023-02-07T15:08:07.454+0000] {processor.py:753} INFO - DAG(s) dict_keys(['example_branch_python_operator_decorator']) retrieved from /home/airflow/.local/lib/python3.7/site-packages/airflow/example_dags/example_branch_operator_decorator.py
[2023-02-07T15:08:07.480+0000] {logging_mixin.py:137} INFO - [2023-02-07T15:08:07.480+0000] {dag.py:2690} INFO - Sync 1 DAGs
[2023-02-07T15:08:07.506+0000] {logging_mixin.py:137} INFO - [2023-02-07T15:08:07.505+0000] {dag.py:3441} INFO - Setting next_dagrun for example_branch_python_operator_decorator to 2023-02-06T00:00:00+00:00, run_after=2023-02-07T00:00:00+00:00
[2023-02-07T15:08:07.528+0000] {processor.py:175} INFO - Processing /home/airflow/.local/lib/python3.7/site-packages/airflow/example_dags/example_branch_operator_decorator.py took 0.104 seconds
[2023-02-07T15:08:37.627+0000] {processor.py:153} INFO - Started process (PID=3032) to work on /home/airflow/.local/lib/python3.7/site-packages/airflow/example_dags/example_branch_operator_decorator.py
[2023-02-07T15:08:37.628+0000] {processor.py:743} INFO - Processing file /home/airflow/.local/lib/python3.7/site-packages/airflow/example_dags/example_branch_operator_decorator.py for tasks to queue
[2023-02-07T15:08:37.628+0000] {logging_mixin.py:137} INFO - [2023-02-07T15:08:37.628+0000] {dagbag.py:538} INFO - Filling up the DagBag from /home/airflow/.local/lib/python3.7/site-packages/airflow/example_dags/example_branch_operator_decorator.py
[2023-02-07T15:08:37.653+0000] {processor.py:753} INFO - DAG(s) dict_keys(['example_branch_python_operator_decorator']) retrieved from /home/airflow/.local/lib/python3.7/site-packages/airflow/example_dags/example_branch_operator_decorator.py
[2023-02-07T15:08:37.679+0000] {logging_mixin.py:137} INFO - [2023-02-07T15:08:37.679+0000] {dag.py:2690} INFO - Sync 1 DAGs
[2023-02-07T15:08:37.712+0000] {logging_mixin.py:137} INFO - [2023-02-07T15:08:37.712+0000] {dag.py:3441} INFO - Setting next_dagrun for example_branch_python_operator_decorator to 2023-02-06T00:00:00+00:00, run_after=2023-02-07T00:00:00+00:00
[2023-02-07T15:08:37.740+0000] {processor.py:175} INFO - Processing /home/airflow/.local/lib/python3.7/site-packages/airflow/example_dags/example_branch_operator_decorator.py took 0.117 seconds
[2023-02-07T15:09:08.450+0000] {processor.py:153} INFO - Started process (PID=3109) to work on /home/airflow/.local/lib/python3.7/site-packages/airflow/example_dags/example_branch_operator_decorator.py
[2023-02-07T15:09:08.451+0000] {processor.py:743} INFO - Processing file /home/airflow/.local/lib/python3.7/site-packages/airflow/example_dags/example_branch_operator_decorator.py for tasks to queue
[2023-02-07T15:09:08.451+0000] {logging_mixin.py:137} INFO - [2023-02-07T15:09:08.451+0000] {dagbag.py:538} INFO - Filling up the DagBag from /home/airflow/.local/lib/python3.7/site-packages/airflow/example_dags/example_branch_operator_decorator.py
[2023-02-07T15:09:08.475+0000] {processor.py:753} INFO - DAG(s) dict_keys(['example_branch_python_operator_decorator']) retrieved from /home/airflow/.local/lib/python3.7/site-packages/airflow/example_dags/example_branch_operator_decorator.py
[2023-02-07T15:09:08.505+0000] {logging_mixin.py:137} INFO - [2023-02-07T15:09:08.505+0000] {dag.py:2690} INFO - Sync 1 DAGs
[2023-02-07T15:09:08.539+0000] {logging_mixin.py:137} INFO - [2023-02-07T15:09:08.539+0000] {dag.py:3441} INFO - Setting next_dagrun for example_branch_python_operator_decorator to 2023-02-06T00:00:00+00:00, run_after=2023-02-07T00:00:00+00:00
[2023-02-07T15:09:08.564+0000] {processor.py:175} INFO - Processing /home/airflow/.local/lib/python3.7/site-packages/airflow/example_dags/example_branch_operator_decorator.py took 0.117 seconds
[2023-02-07T15:09:38.781+0000] {processor.py:153} INFO - Started process (PID=3174) to work on /home/airflow/.local/lib/python3.7/site-packages/airflow/example_dags/example_branch_operator_decorator.py
[2023-02-07T15:09:38.782+0000] {processor.py:743} INFO - Processing file /home/airflow/.local/lib/python3.7/site-packages/airflow/example_dags/example_branch_operator_decorator.py for tasks to queue
[2023-02-07T15:09:38.782+0000] {logging_mixin.py:137} INFO - [2023-02-07T15:09:38.782+0000] {dagbag.py:538} INFO - Filling up the DagBag from /home/airflow/.local/lib/python3.7/site-packages/airflow/example_dags/example_branch_operator_decorator.py
[2023-02-07T15:09:38.809+0000] {processor.py:753} INFO - DAG(s) dict_keys(['example_branch_python_operator_decorator']) retrieved from /home/airflow/.local/lib/python3.7/site-packages/airflow/example_dags/example_branch_operator_decorator.py
[2023-02-07T15:09:38.834+0000] {logging_mixin.py:137} INFO - [2023-02-07T15:09:38.834+0000] {dag.py:2690} INFO - Sync 1 DAGs
[2023-02-07T15:09:38.863+0000] {logging_mixin.py:137} INFO - [2023-02-07T15:09:38.863+0000] {dag.py:3441} INFO - Setting next_dagrun for example_branch_python_operator_decorator to 2023-02-06T00:00:00+00:00, run_after=2023-02-07T00:00:00+00:00
[2023-02-07T15:09:38.894+0000] {processor.py:175} INFO - Processing /home/airflow/.local/lib/python3.7/site-packages/airflow/example_dags/example_branch_operator_decorator.py took 0.118 seconds
[2023-02-07T15:10:09.118+0000] {processor.py:153} INFO - Started process (PID=3253) to work on /home/airflow/.local/lib/python3.7/site-packages/airflow/example_dags/example_branch_operator_decorator.py
[2023-02-07T15:10:09.119+0000] {processor.py:743} INFO - Processing file /home/airflow/.local/lib/python3.7/site-packages/airflow/example_dags/example_branch_operator_decorator.py for tasks to queue
[2023-02-07T15:10:09.120+0000] {logging_mixin.py:137} INFO - [2023-02-07T15:10:09.119+0000] {dagbag.py:538} INFO - Filling up the DagBag from /home/airflow/.local/lib/python3.7/site-packages/airflow/example_dags/example_branch_operator_decorator.py
[2023-02-07T15:10:09.146+0000] {processor.py:753} INFO - DAG(s) dict_keys(['example_branch_python_operator_decorator']) retrieved from /home/airflow/.local/lib/python3.7/site-packages/airflow/example_dags/example_branch_operator_decorator.py
[2023-02-07T15:10:09.173+0000] {logging_mixin.py:137} INFO - [2023-02-07T15:10:09.173+0000] {dag.py:2690} INFO - Sync 1 DAGs
[2023-02-07T15:10:09.213+0000] {logging_mixin.py:137} INFO - [2023-02-07T15:10:09.213+0000] {dag.py:3441} INFO - Setting next_dagrun for example_branch_python_operator_decorator to 2023-02-06T00:00:00+00:00, run_after=2023-02-07T00:00:00+00:00
[2023-02-07T15:10:09.248+0000] {processor.py:175} INFO - Processing /home/airflow/.local/lib/python3.7/site-packages/airflow/example_dags/example_branch_operator_decorator.py took 0.135 seconds
[2023-02-07T15:10:40.097+0000] {processor.py:153} INFO - Started process (PID=3318) to work on /home/airflow/.local/lib/python3.7/site-packages/airflow/example_dags/example_branch_operator_decorator.py
[2023-02-07T15:10:40.097+0000] {processor.py:743} INFO - Processing file /home/airflow/.local/lib/python3.7/site-packages/airflow/example_dags/example_branch_operator_decorator.py for tasks to queue
[2023-02-07T15:10:40.098+0000] {logging_mixin.py:137} INFO - [2023-02-07T15:10:40.098+0000] {dagbag.py:538} INFO - Filling up the DagBag from /home/airflow/.local/lib/python3.7/site-packages/airflow/example_dags/example_branch_operator_decorator.py
[2023-02-07T15:10:40.124+0000] {processor.py:753} INFO - DAG(s) dict_keys(['example_branch_python_operator_decorator']) retrieved from /home/airflow/.local/lib/python3.7/site-packages/airflow/example_dags/example_branch_operator_decorator.py
[2023-02-07T15:10:40.151+0000] {logging_mixin.py:137} INFO - [2023-02-07T15:10:40.150+0000] {dag.py:2690} INFO - Sync 1 DAGs
[2023-02-07T15:10:40.176+0000] {logging_mixin.py:137} INFO - [2023-02-07T15:10:40.176+0000] {dag.py:3441} INFO - Setting next_dagrun for example_branch_python_operator_decorator to 2023-02-06T00:00:00+00:00, run_after=2023-02-07T00:00:00+00:00
[2023-02-07T15:10:40.205+0000] {processor.py:175} INFO - Processing /home/airflow/.local/lib/python3.7/site-packages/airflow/example_dags/example_branch_operator_decorator.py took 0.111 seconds
[2023-02-07T15:11:10.623+0000] {processor.py:153} INFO - Started process (PID=3398) to work on /home/airflow/.local/lib/python3.7/site-packages/airflow/example_dags/example_branch_operator_decorator.py
[2023-02-07T15:11:10.624+0000] {processor.py:743} INFO - Processing file /home/airflow/.local/lib/python3.7/site-packages/airflow/example_dags/example_branch_operator_decorator.py for tasks to queue
[2023-02-07T15:11:10.625+0000] {logging_mixin.py:137} INFO - [2023-02-07T15:11:10.625+0000] {dagbag.py:538} INFO - Filling up the DagBag from /home/airflow/.local/lib/python3.7/site-packages/airflow/example_dags/example_branch_operator_decorator.py
[2023-02-07T15:11:10.658+0000] {processor.py:753} INFO - DAG(s) dict_keys(['example_branch_python_operator_decorator']) retrieved from /home/airflow/.local/lib/python3.7/site-packages/airflow/example_dags/example_branch_operator_decorator.py
[2023-02-07T15:11:10.711+0000] {logging_mixin.py:137} INFO - [2023-02-07T15:11:10.711+0000] {dag.py:2690} INFO - Sync 1 DAGs
[2023-02-07T15:11:10.751+0000] {logging_mixin.py:137} INFO - [2023-02-07T15:11:10.751+0000] {dag.py:3441} INFO - Setting next_dagrun for example_branch_python_operator_decorator to 2023-02-06T00:00:00+00:00, run_after=2023-02-07T00:00:00+00:00
[2023-02-07T15:11:10.781+0000] {processor.py:175} INFO - Processing /home/airflow/.local/lib/python3.7/site-packages/airflow/example_dags/example_branch_operator_decorator.py took 0.163 seconds
[2023-02-07T15:11:41.438+0000] {processor.py:153} INFO - Started process (PID=3463) to work on /home/airflow/.local/lib/python3.7/site-packages/airflow/example_dags/example_branch_operator_decorator.py
[2023-02-07T15:11:41.439+0000] {processor.py:743} INFO - Processing file /home/airflow/.local/lib/python3.7/site-packages/airflow/example_dags/example_branch_operator_decorator.py for tasks to queue
[2023-02-07T15:11:41.440+0000] {logging_mixin.py:137} INFO - [2023-02-07T15:11:41.440+0000] {dagbag.py:538} INFO - Filling up the DagBag from /home/airflow/.local/lib/python3.7/site-packages/airflow/example_dags/example_branch_operator_decorator.py
[2023-02-07T15:11:41.474+0000] {processor.py:753} INFO - DAG(s) dict_keys(['example_branch_python_operator_decorator']) retrieved from /home/airflow/.local/lib/python3.7/site-packages/airflow/example_dags/example_branch_operator_decorator.py
[2023-02-07T15:11:41.506+0000] {logging_mixin.py:137} INFO - [2023-02-07T15:11:41.506+0000] {dag.py:2690} INFO - Sync 1 DAGs
[2023-02-07T15:11:41.539+0000] {logging_mixin.py:137} INFO - [2023-02-07T15:11:41.539+0000] {dag.py:3441} INFO - Setting next_dagrun for example_branch_python_operator_decorator to 2023-02-06T00:00:00+00:00, run_after=2023-02-07T00:00:00+00:00
[2023-02-07T15:11:41.563+0000] {processor.py:175} INFO - Processing /home/airflow/.local/lib/python3.7/site-packages/airflow/example_dags/example_branch_operator_decorator.py took 0.129 seconds
[2023-02-07T15:12:12.309+0000] {processor.py:153} INFO - Started process (PID=3540) to work on /home/airflow/.local/lib/python3.7/site-packages/airflow/example_dags/example_branch_operator_decorator.py
[2023-02-07T15:12:12.314+0000] {processor.py:743} INFO - Processing file /home/airflow/.local/lib/python3.7/site-packages/airflow/example_dags/example_branch_operator_decorator.py for tasks to queue
[2023-02-07T15:12:12.314+0000] {logging_mixin.py:137} INFO - [2023-02-07T15:12:12.314+0000] {dagbag.py:538} INFO - Filling up the DagBag from /home/airflow/.local/lib/python3.7/site-packages/airflow/example_dags/example_branch_operator_decorator.py
[2023-02-07T15:12:12.338+0000] {processor.py:753} INFO - DAG(s) dict_keys(['example_branch_python_operator_decorator']) retrieved from /home/airflow/.local/lib/python3.7/site-packages/airflow/example_dags/example_branch_operator_decorator.py
[2023-02-07T15:12:12.363+0000] {logging_mixin.py:137} INFO - [2023-02-07T15:12:12.362+0000] {dag.py:2690} INFO - Sync 1 DAGs
[2023-02-07T15:12:12.386+0000] {logging_mixin.py:137} INFO - [2023-02-07T15:12:12.386+0000] {dag.py:3441} INFO - Setting next_dagrun for example_branch_python_operator_decorator to 2023-02-06T00:00:00+00:00, run_after=2023-02-07T00:00:00+00:00
[2023-02-07T15:12:12.410+0000] {processor.py:175} INFO - Processing /home/airflow/.local/lib/python3.7/site-packages/airflow/example_dags/example_branch_operator_decorator.py took 0.104 seconds
[2023-02-07T15:12:42.951+0000] {processor.py:153} INFO - Started process (PID=3606) to work on /home/airflow/.local/lib/python3.7/site-packages/airflow/example_dags/example_branch_operator_decorator.py
[2023-02-07T15:12:42.957+0000] {processor.py:743} INFO - Processing file /home/airflow/.local/lib/python3.7/site-packages/airflow/example_dags/example_branch_operator_decorator.py for tasks to queue
[2023-02-07T15:12:42.958+0000] {logging_mixin.py:137} INFO - [2023-02-07T15:12:42.958+0000] {dagbag.py:538} INFO - Filling up the DagBag from /home/airflow/.local/lib/python3.7/site-packages/airflow/example_dags/example_branch_operator_decorator.py
[2023-02-07T15:12:43.025+0000] {processor.py:753} INFO - DAG(s) dict_keys(['example_branch_python_operator_decorator']) retrieved from /home/airflow/.local/lib/python3.7/site-packages/airflow/example_dags/example_branch_operator_decorator.py
[2023-02-07T15:12:43.056+0000] {logging_mixin.py:137} INFO - [2023-02-07T15:12:43.056+0000] {dag.py:2690} INFO - Sync 1 DAGs
[2023-02-07T15:12:43.092+0000] {logging_mixin.py:137} INFO - [2023-02-07T15:12:43.091+0000] {dag.py:3441} INFO - Setting next_dagrun for example_branch_python_operator_decorator to 2023-02-06T00:00:00+00:00, run_after=2023-02-07T00:00:00+00:00
[2023-02-07T15:12:43.120+0000] {processor.py:175} INFO - Processing /home/airflow/.local/lib/python3.7/site-packages/airflow/example_dags/example_branch_operator_decorator.py took 0.174 seconds
[2023-02-07T15:13:13.702+0000] {processor.py:153} INFO - Started process (PID=3684) to work on /home/airflow/.local/lib/python3.7/site-packages/airflow/example_dags/example_branch_operator_decorator.py
[2023-02-07T15:13:13.703+0000] {processor.py:743} INFO - Processing file /home/airflow/.local/lib/python3.7/site-packages/airflow/example_dags/example_branch_operator_decorator.py for tasks to queue
[2023-02-07T15:13:13.704+0000] {logging_mixin.py:137} INFO - [2023-02-07T15:13:13.704+0000] {dagbag.py:538} INFO - Filling up the DagBag from /home/airflow/.local/lib/python3.7/site-packages/airflow/example_dags/example_branch_operator_decorator.py
[2023-02-07T15:13:13.730+0000] {processor.py:753} INFO - DAG(s) dict_keys(['example_branch_python_operator_decorator']) retrieved from /home/airflow/.local/lib/python3.7/site-packages/airflow/example_dags/example_branch_operator_decorator.py
[2023-02-07T15:13:13.754+0000] {logging_mixin.py:137} INFO - [2023-02-07T15:13:13.754+0000] {dag.py:2690} INFO - Sync 1 DAGs
[2023-02-07T15:13:13.778+0000] {logging_mixin.py:137} INFO - [2023-02-07T15:13:13.778+0000] {dag.py:3441} INFO - Setting next_dagrun for example_branch_python_operator_decorator to 2023-02-06T00:00:00+00:00, run_after=2023-02-07T00:00:00+00:00
[2023-02-07T15:13:13.801+0000] {processor.py:175} INFO - Processing /home/airflow/.local/lib/python3.7/site-packages/airflow/example_dags/example_branch_operator_decorator.py took 0.102 seconds
[2023-02-07T15:13:44.471+0000] {processor.py:153} INFO - Started process (PID=3749) to work on /home/airflow/.local/lib/python3.7/site-packages/airflow/example_dags/example_branch_operator_decorator.py
[2023-02-07T15:13:44.471+0000] {processor.py:743} INFO - Processing file /home/airflow/.local/lib/python3.7/site-packages/airflow/example_dags/example_branch_operator_decorator.py for tasks to queue
[2023-02-07T15:13:44.472+0000] {logging_mixin.py:137} INFO - [2023-02-07T15:13:44.472+0000] {dagbag.py:538} INFO - Filling up the DagBag from /home/airflow/.local/lib/python3.7/site-packages/airflow/example_dags/example_branch_operator_decorator.py
[2023-02-07T15:13:44.496+0000] {processor.py:753} INFO - DAG(s) dict_keys(['example_branch_python_operator_decorator']) retrieved from /home/airflow/.local/lib/python3.7/site-packages/airflow/example_dags/example_branch_operator_decorator.py
[2023-02-07T15:13:44.523+0000] {logging_mixin.py:137} INFO - [2023-02-07T15:13:44.522+0000] {dag.py:2690} INFO - Sync 1 DAGs
[2023-02-07T15:13:44.548+0000] {logging_mixin.py:137} INFO - [2023-02-07T15:13:44.547+0000] {dag.py:3441} INFO - Setting next_dagrun for example_branch_python_operator_decorator to 2023-02-06T00:00:00+00:00, run_after=2023-02-07T00:00:00+00:00
[2023-02-07T15:13:44.571+0000] {processor.py:175} INFO - Processing /home/airflow/.local/lib/python3.7/site-packages/airflow/example_dags/example_branch_operator_decorator.py took 0.104 seconds
[2023-02-07T15:14:15.312+0000] {processor.py:153} INFO - Started process (PID=3827) to work on /home/airflow/.local/lib/python3.7/site-packages/airflow/example_dags/example_branch_operator_decorator.py
[2023-02-07T15:14:15.313+0000] {processor.py:743} INFO - Processing file /home/airflow/.local/lib/python3.7/site-packages/airflow/example_dags/example_branch_operator_decorator.py for tasks to queue
[2023-02-07T15:14:15.314+0000] {logging_mixin.py:137} INFO - [2023-02-07T15:14:15.314+0000] {dagbag.py:538} INFO - Filling up the DagBag from /home/airflow/.local/lib/python3.7/site-packages/airflow/example_dags/example_branch_operator_decorator.py
[2023-02-07T15:14:15.339+0000] {processor.py:753} INFO - DAG(s) dict_keys(['example_branch_python_operator_decorator']) retrieved from /home/airflow/.local/lib/python3.7/site-packages/airflow/example_dags/example_branch_operator_decorator.py
[2023-02-07T15:14:15.369+0000] {logging_mixin.py:137} INFO - [2023-02-07T15:14:15.369+0000] {dag.py:2690} INFO - Sync 1 DAGs
[2023-02-07T15:14:15.397+0000] {logging_mixin.py:137} INFO - [2023-02-07T15:14:15.397+0000] {dag.py:3441} INFO - Setting next_dagrun for example_branch_python_operator_decorator to 2023-02-06T00:00:00+00:00, run_after=2023-02-07T00:00:00+00:00
[2023-02-07T15:14:15.421+0000] {processor.py:175} INFO - Processing /home/airflow/.local/lib/python3.7/site-packages/airflow/example_dags/example_branch_operator_decorator.py took 0.112 seconds
[2023-02-07T15:14:46.014+0000] {processor.py:153} INFO - Started process (PID=3892) to work on /home/airflow/.local/lib/python3.7/site-packages/airflow/example_dags/example_branch_operator_decorator.py
[2023-02-07T15:14:46.015+0000] {processor.py:743} INFO - Processing file /home/airflow/.local/lib/python3.7/site-packages/airflow/example_dags/example_branch_operator_decorator.py for tasks to queue
[2023-02-07T15:14:46.016+0000] {logging_mixin.py:137} INFO - [2023-02-07T15:14:46.016+0000] {dagbag.py:538} INFO - Filling up the DagBag from /home/airflow/.local/lib/python3.7/site-packages/airflow/example_dags/example_branch_operator_decorator.py
[2023-02-07T15:14:46.041+0000] {processor.py:753} INFO - DAG(s) dict_keys(['example_branch_python_operator_decorator']) retrieved from /home/airflow/.local/lib/python3.7/site-packages/airflow/example_dags/example_branch_operator_decorator.py
[2023-02-07T15:14:46.073+0000] {logging_mixin.py:137} INFO - [2023-02-07T15:14:46.073+0000] {dag.py:2690} INFO - Sync 1 DAGs
[2023-02-07T15:14:46.104+0000] {logging_mixin.py:137} INFO - [2023-02-07T15:14:46.104+0000] {dag.py:3441} INFO - Setting next_dagrun for example_branch_python_operator_decorator to 2023-02-06T00:00:00+00:00, run_after=2023-02-07T00:00:00+00:00
[2023-02-07T15:14:46.127+0000] {processor.py:175} INFO - Processing /home/airflow/.local/lib/python3.7/site-packages/airflow/example_dags/example_branch_operator_decorator.py took 0.116 seconds
[2023-02-07T15:15:16.530+0000] {processor.py:153} INFO - Started process (PID=3969) to work on /home/airflow/.local/lib/python3.7/site-packages/airflow/example_dags/example_branch_operator_decorator.py
[2023-02-07T15:15:16.531+0000] {processor.py:743} INFO - Processing file /home/airflow/.local/lib/python3.7/site-packages/airflow/example_dags/example_branch_operator_decorator.py for tasks to queue
[2023-02-07T15:15:16.531+0000] {logging_mixin.py:137} INFO - [2023-02-07T15:15:16.531+0000] {dagbag.py:538} INFO - Filling up the DagBag from /home/airflow/.local/lib/python3.7/site-packages/airflow/example_dags/example_branch_operator_decorator.py
[2023-02-07T15:15:16.563+0000] {processor.py:753} INFO - DAG(s) dict_keys(['example_branch_python_operator_decorator']) retrieved from /home/airflow/.local/lib/python3.7/site-packages/airflow/example_dags/example_branch_operator_decorator.py
[2023-02-07T15:15:16.591+0000] {logging_mixin.py:137} INFO - [2023-02-07T15:15:16.590+0000] {dag.py:2690} INFO - Sync 1 DAGs
[2023-02-07T15:15:16.618+0000] {logging_mixin.py:137} INFO - [2023-02-07T15:15:16.618+0000] {dag.py:3441} INFO - Setting next_dagrun for example_branch_python_operator_decorator to 2023-02-06T00:00:00+00:00, run_after=2023-02-07T00:00:00+00:00
[2023-02-07T15:15:16.644+0000] {processor.py:175} INFO - Processing /home/airflow/.local/lib/python3.7/site-packages/airflow/example_dags/example_branch_operator_decorator.py took 0.117 seconds
[2023-02-07T15:15:47.096+0000] {processor.py:153} INFO - Started process (PID=4034) to work on /home/airflow/.local/lib/python3.7/site-packages/airflow/example_dags/example_branch_operator_decorator.py
[2023-02-07T15:15:47.097+0000] {processor.py:743} INFO - Processing file /home/airflow/.local/lib/python3.7/site-packages/airflow/example_dags/example_branch_operator_decorator.py for tasks to queue
[2023-02-07T15:15:47.098+0000] {logging_mixin.py:137} INFO - [2023-02-07T15:15:47.098+0000] {dagbag.py:538} INFO - Filling up the DagBag from /home/airflow/.local/lib/python3.7/site-packages/airflow/example_dags/example_branch_operator_decorator.py
[2023-02-07T15:15:47.122+0000] {processor.py:753} INFO - DAG(s) dict_keys(['example_branch_python_operator_decorator']) retrieved from /home/airflow/.local/lib/python3.7/site-packages/airflow/example_dags/example_branch_operator_decorator.py
[2023-02-07T15:15:47.155+0000] {logging_mixin.py:137} INFO - [2023-02-07T15:15:47.154+0000] {dag.py:2690} INFO - Sync 1 DAGs
[2023-02-07T15:15:47.188+0000] {logging_mixin.py:137} INFO - [2023-02-07T15:15:47.188+0000] {dag.py:3441} INFO - Setting next_dagrun for example_branch_python_operator_decorator to 2023-02-06T00:00:00+00:00, run_after=2023-02-07T00:00:00+00:00
[2023-02-07T15:15:47.212+0000] {processor.py:175} INFO - Processing /home/airflow/.local/lib/python3.7/site-packages/airflow/example_dags/example_branch_operator_decorator.py took 0.120 seconds
[2023-02-07T15:16:17.514+0000] {processor.py:153} INFO - Started process (PID=4111) to work on /home/airflow/.local/lib/python3.7/site-packages/airflow/example_dags/example_branch_operator_decorator.py
[2023-02-07T15:16:17.518+0000] {processor.py:743} INFO - Processing file /home/airflow/.local/lib/python3.7/site-packages/airflow/example_dags/example_branch_operator_decorator.py for tasks to queue
[2023-02-07T15:16:17.519+0000] {logging_mixin.py:137} INFO - [2023-02-07T15:16:17.519+0000] {dagbag.py:538} INFO - Filling up the DagBag from /home/airflow/.local/lib/python3.7/site-packages/airflow/example_dags/example_branch_operator_decorator.py
[2023-02-07T15:16:17.546+0000] {processor.py:753} INFO - DAG(s) dict_keys(['example_branch_python_operator_decorator']) retrieved from /home/airflow/.local/lib/python3.7/site-packages/airflow/example_dags/example_branch_operator_decorator.py
[2023-02-07T15:16:17.572+0000] {logging_mixin.py:137} INFO - [2023-02-07T15:16:17.572+0000] {dag.py:2690} INFO - Sync 1 DAGs
[2023-02-07T15:16:17.596+0000] {logging_mixin.py:137} INFO - [2023-02-07T15:16:17.596+0000] {dag.py:3441} INFO - Setting next_dagrun for example_branch_python_operator_decorator to 2023-02-06T00:00:00+00:00, run_after=2023-02-07T00:00:00+00:00
[2023-02-07T15:16:17.622+0000] {processor.py:175} INFO - Processing /home/airflow/.local/lib/python3.7/site-packages/airflow/example_dags/example_branch_operator_decorator.py took 0.112 seconds
[2023-02-07T15:16:48.081+0000] {processor.py:153} INFO - Started process (PID=4176) to work on /home/airflow/.local/lib/python3.7/site-packages/airflow/example_dags/example_branch_operator_decorator.py
[2023-02-07T15:16:48.081+0000] {processor.py:743} INFO - Processing file /home/airflow/.local/lib/python3.7/site-packages/airflow/example_dags/example_branch_operator_decorator.py for tasks to queue
[2023-02-07T15:16:48.082+0000] {logging_mixin.py:137} INFO - [2023-02-07T15:16:48.082+0000] {dagbag.py:538} INFO - Filling up the DagBag from /home/airflow/.local/lib/python3.7/site-packages/airflow/example_dags/example_branch_operator_decorator.py
[2023-02-07T15:16:48.110+0000] {processor.py:753} INFO - DAG(s) dict_keys(['example_branch_python_operator_decorator']) retrieved from /home/airflow/.local/lib/python3.7/site-packages/airflow/example_dags/example_branch_operator_decorator.py
[2023-02-07T15:16:48.153+0000] {logging_mixin.py:137} INFO - [2023-02-07T15:16:48.153+0000] {dag.py:2690} INFO - Sync 1 DAGs
[2023-02-07T15:16:48.181+0000] {logging_mixin.py:137} INFO - [2023-02-07T15:16:48.180+0000] {dag.py:3441} INFO - Setting next_dagrun for example_branch_python_operator_decorator to 2023-02-06T00:00:00+00:00, run_after=2023-02-07T00:00:00+00:00
[2023-02-07T15:16:48.209+0000] {processor.py:175} INFO - Processing /home/airflow/.local/lib/python3.7/site-packages/airflow/example_dags/example_branch_operator_decorator.py took 0.133 seconds
