[2023-02-07T14:47:33.517+0000] {processor.py:153} INFO - Started process (PID=71) to work on /home/airflow/.local/lib/python3.7/site-packages/airflow/example_dags/example_latest_only_with_trigger.py
[2023-02-07T14:47:33.518+0000] {processor.py:743} INFO - Processing file /home/airflow/.local/lib/python3.7/site-packages/airflow/example_dags/example_latest_only_with_trigger.py for tasks to queue
[2023-02-07T14:47:33.519+0000] {logging_mixin.py:137} INFO - [2023-02-07T14:47:33.519+0000] {dagbag.py:538} INFO - Filling up the DagBag from /home/airflow/.local/lib/python3.7/site-packages/airflow/example_dags/example_latest_only_with_trigger.py
[2023-02-07T14:47:33.579+0000] {processor.py:753} INFO - DAG(s) dict_keys(['latest_only_with_trigger']) retrieved from /home/airflow/.local/lib/python3.7/site-packages/airflow/example_dags/example_latest_only_with_trigger.py
[2023-02-07T14:47:33.626+0000] {logging_mixin.py:137} INFO - [2023-02-07T14:47:33.626+0000] {dag.py:2690} INFO - Sync 1 DAGs
[2023-02-07T14:47:33.669+0000] {logging_mixin.py:137} INFO - [2023-02-07T14:47:33.668+0000] {dag.py:3441} INFO - Setting next_dagrun for latest_only_with_trigger to 2023-02-07T10:47:33.668665+00:00, run_after=2023-02-07T14:47:33.668665+00:00
[2023-02-07T14:47:33.736+0000] {processor.py:175} INFO - Processing /home/airflow/.local/lib/python3.7/site-packages/airflow/example_dags/example_latest_only_with_trigger.py took 0.223 seconds
[2023-02-07T14:48:04.115+0000] {processor.py:153} INFO - Started process (PID=135) to work on /home/airflow/.local/lib/python3.7/site-packages/airflow/example_dags/example_latest_only_with_trigger.py
[2023-02-07T14:48:04.115+0000] {processor.py:743} INFO - Processing file /home/airflow/.local/lib/python3.7/site-packages/airflow/example_dags/example_latest_only_with_trigger.py for tasks to queue
[2023-02-07T14:48:04.116+0000] {logging_mixin.py:137} INFO - [2023-02-07T14:48:04.116+0000] {dagbag.py:538} INFO - Filling up the DagBag from /home/airflow/.local/lib/python3.7/site-packages/airflow/example_dags/example_latest_only_with_trigger.py
[2023-02-07T14:48:04.129+0000] {processor.py:753} INFO - DAG(s) dict_keys(['latest_only_with_trigger']) retrieved from /home/airflow/.local/lib/python3.7/site-packages/airflow/example_dags/example_latest_only_with_trigger.py
[2023-02-07T14:48:04.153+0000] {logging_mixin.py:137} INFO - [2023-02-07T14:48:04.152+0000] {dag.py:2690} INFO - Sync 1 DAGs
[2023-02-07T14:48:04.186+0000] {logging_mixin.py:137} INFO - [2023-02-07T14:48:04.186+0000] {dag.py:3441} INFO - Setting next_dagrun for latest_only_with_trigger to 2023-02-07T10:48:04.185990+00:00, run_after=2023-02-07T14:48:04.185990+00:00
[2023-02-07T14:48:04.209+0000] {processor.py:175} INFO - Processing /home/airflow/.local/lib/python3.7/site-packages/airflow/example_dags/example_latest_only_with_trigger.py took 0.097 seconds
[2023-02-07T14:48:34.425+0000] {processor.py:153} INFO - Started process (PID=200) to work on /home/airflow/.local/lib/python3.7/site-packages/airflow/example_dags/example_latest_only_with_trigger.py
[2023-02-07T14:48:34.426+0000] {processor.py:743} INFO - Processing file /home/airflow/.local/lib/python3.7/site-packages/airflow/example_dags/example_latest_only_with_trigger.py for tasks to queue
[2023-02-07T14:48:34.427+0000] {logging_mixin.py:137} INFO - [2023-02-07T14:48:34.427+0000] {dagbag.py:538} INFO - Filling up the DagBag from /home/airflow/.local/lib/python3.7/site-packages/airflow/example_dags/example_latest_only_with_trigger.py
[2023-02-07T14:48:34.458+0000] {processor.py:753} INFO - DAG(s) dict_keys(['latest_only_with_trigger']) retrieved from /home/airflow/.local/lib/python3.7/site-packages/airflow/example_dags/example_latest_only_with_trigger.py
[2023-02-07T14:48:34.503+0000] {logging_mixin.py:137} INFO - [2023-02-07T14:48:34.503+0000] {dag.py:2690} INFO - Sync 1 DAGs
[2023-02-07T14:48:34.540+0000] {logging_mixin.py:137} INFO - [2023-02-07T14:48:34.540+0000] {dag.py:3441} INFO - Setting next_dagrun for latest_only_with_trigger to 2023-02-07T10:48:34.539784+00:00, run_after=2023-02-07T14:48:34.539784+00:00
[2023-02-07T14:48:34.584+0000] {processor.py:175} INFO - Processing /home/airflow/.local/lib/python3.7/site-packages/airflow/example_dags/example_latest_only_with_trigger.py took 0.170 seconds
[2023-02-07T14:49:05.153+0000] {processor.py:153} INFO - Started process (PID=278) to work on /home/airflow/.local/lib/python3.7/site-packages/airflow/example_dags/example_latest_only_with_trigger.py
[2023-02-07T14:49:05.154+0000] {processor.py:743} INFO - Processing file /home/airflow/.local/lib/python3.7/site-packages/airflow/example_dags/example_latest_only_with_trigger.py for tasks to queue
[2023-02-07T14:49:05.155+0000] {logging_mixin.py:137} INFO - [2023-02-07T14:49:05.155+0000] {dagbag.py:538} INFO - Filling up the DagBag from /home/airflow/.local/lib/python3.7/site-packages/airflow/example_dags/example_latest_only_with_trigger.py
[2023-02-07T14:49:05.170+0000] {processor.py:753} INFO - DAG(s) dict_keys(['latest_only_with_trigger']) retrieved from /home/airflow/.local/lib/python3.7/site-packages/airflow/example_dags/example_latest_only_with_trigger.py
[2023-02-07T14:49:05.215+0000] {logging_mixin.py:137} INFO - [2023-02-07T14:49:05.214+0000] {dag.py:2690} INFO - Sync 1 DAGs
[2023-02-07T14:49:05.242+0000] {logging_mixin.py:137} INFO - [2023-02-07T14:49:05.241+0000] {dag.py:3441} INFO - Setting next_dagrun for latest_only_with_trigger to 2023-02-07T10:49:05.241730+00:00, run_after=2023-02-07T14:49:05.241730+00:00
[2023-02-07T14:49:05.264+0000] {processor.py:175} INFO - Processing /home/airflow/.local/lib/python3.7/site-packages/airflow/example_dags/example_latest_only_with_trigger.py took 0.114 seconds
[2023-02-07T14:49:35.901+0000] {processor.py:153} INFO - Started process (PID=345) to work on /home/airflow/.local/lib/python3.7/site-packages/airflow/example_dags/example_latest_only_with_trigger.py
[2023-02-07T14:49:35.902+0000] {processor.py:743} INFO - Processing file /home/airflow/.local/lib/python3.7/site-packages/airflow/example_dags/example_latest_only_with_trigger.py for tasks to queue
[2023-02-07T14:49:35.904+0000] {logging_mixin.py:137} INFO - [2023-02-07T14:49:35.903+0000] {dagbag.py:538} INFO - Filling up the DagBag from /home/airflow/.local/lib/python3.7/site-packages/airflow/example_dags/example_latest_only_with_trigger.py
[2023-02-07T14:49:35.921+0000] {processor.py:753} INFO - DAG(s) dict_keys(['latest_only_with_trigger']) retrieved from /home/airflow/.local/lib/python3.7/site-packages/airflow/example_dags/example_latest_only_with_trigger.py
[2023-02-07T14:49:35.961+0000] {logging_mixin.py:137} INFO - [2023-02-07T14:49:35.961+0000] {dag.py:2690} INFO - Sync 1 DAGs
[2023-02-07T14:49:35.991+0000] {logging_mixin.py:137} INFO - [2023-02-07T14:49:35.991+0000] {dag.py:3441} INFO - Setting next_dagrun for latest_only_with_trigger to 2023-02-07T10:49:35.990050+00:00, run_after=2023-02-07T14:49:35.990050+00:00
[2023-02-07T14:49:36.037+0000] {processor.py:175} INFO - Processing /home/airflow/.local/lib/python3.7/site-packages/airflow/example_dags/example_latest_only_with_trigger.py took 0.145 seconds
[2023-02-07T14:50:06.216+0000] {processor.py:153} INFO - Started process (PID=424) to work on /home/airflow/.local/lib/python3.7/site-packages/airflow/example_dags/example_latest_only_with_trigger.py
[2023-02-07T14:50:06.217+0000] {processor.py:743} INFO - Processing file /home/airflow/.local/lib/python3.7/site-packages/airflow/example_dags/example_latest_only_with_trigger.py for tasks to queue
[2023-02-07T14:50:06.217+0000] {logging_mixin.py:137} INFO - [2023-02-07T14:50:06.217+0000] {dagbag.py:538} INFO - Filling up the DagBag from /home/airflow/.local/lib/python3.7/site-packages/airflow/example_dags/example_latest_only_with_trigger.py
[2023-02-07T14:50:06.232+0000] {processor.py:753} INFO - DAG(s) dict_keys(['latest_only_with_trigger']) retrieved from /home/airflow/.local/lib/python3.7/site-packages/airflow/example_dags/example_latest_only_with_trigger.py
[2023-02-07T14:50:06.256+0000] {logging_mixin.py:137} INFO - [2023-02-07T14:50:06.256+0000] {dag.py:2690} INFO - Sync 1 DAGs
[2023-02-07T14:50:06.282+0000] {logging_mixin.py:137} INFO - [2023-02-07T14:50:06.282+0000] {dag.py:3441} INFO - Setting next_dagrun for latest_only_with_trigger to 2023-02-07T10:50:06.282038+00:00, run_after=2023-02-07T14:50:06.282038+00:00
[2023-02-07T14:50:06.306+0000] {processor.py:175} INFO - Processing /home/airflow/.local/lib/python3.7/site-packages/airflow/example_dags/example_latest_only_with_trigger.py took 0.094 seconds
[2023-02-07T14:50:36.485+0000] {processor.py:153} INFO - Started process (PID=490) to work on /home/airflow/.local/lib/python3.7/site-packages/airflow/example_dags/example_latest_only_with_trigger.py
[2023-02-07T14:50:36.489+0000] {processor.py:743} INFO - Processing file /home/airflow/.local/lib/python3.7/site-packages/airflow/example_dags/example_latest_only_with_trigger.py for tasks to queue
[2023-02-07T14:50:36.490+0000] {logging_mixin.py:137} INFO - [2023-02-07T14:50:36.489+0000] {dagbag.py:538} INFO - Filling up the DagBag from /home/airflow/.local/lib/python3.7/site-packages/airflow/example_dags/example_latest_only_with_trigger.py
[2023-02-07T14:50:36.509+0000] {processor.py:753} INFO - DAG(s) dict_keys(['latest_only_with_trigger']) retrieved from /home/airflow/.local/lib/python3.7/site-packages/airflow/example_dags/example_latest_only_with_trigger.py
[2023-02-07T14:50:36.551+0000] {logging_mixin.py:137} INFO - [2023-02-07T14:50:36.551+0000] {dag.py:2690} INFO - Sync 1 DAGs
[2023-02-07T14:50:36.587+0000] {logging_mixin.py:137} INFO - [2023-02-07T14:50:36.587+0000] {dag.py:3441} INFO - Setting next_dagrun for latest_only_with_trigger to 2023-02-07T10:50:36.586746+00:00, run_after=2023-02-07T14:50:36.586746+00:00
[2023-02-07T14:50:36.616+0000] {processor.py:175} INFO - Processing /home/airflow/.local/lib/python3.7/site-packages/airflow/example_dags/example_latest_only_with_trigger.py took 0.136 seconds
[2023-02-07T14:51:06.934+0000] {processor.py:153} INFO - Started process (PID=568) to work on /home/airflow/.local/lib/python3.7/site-packages/airflow/example_dags/example_latest_only_with_trigger.py
[2023-02-07T14:51:06.935+0000] {processor.py:743} INFO - Processing file /home/airflow/.local/lib/python3.7/site-packages/airflow/example_dags/example_latest_only_with_trigger.py for tasks to queue
[2023-02-07T14:51:06.936+0000] {logging_mixin.py:137} INFO - [2023-02-07T14:51:06.935+0000] {dagbag.py:538} INFO - Filling up the DagBag from /home/airflow/.local/lib/python3.7/site-packages/airflow/example_dags/example_latest_only_with_trigger.py
[2023-02-07T14:51:06.949+0000] {processor.py:753} INFO - DAG(s) dict_keys(['latest_only_with_trigger']) retrieved from /home/airflow/.local/lib/python3.7/site-packages/airflow/example_dags/example_latest_only_with_trigger.py
[2023-02-07T14:51:06.974+0000] {logging_mixin.py:137} INFO - [2023-02-07T14:51:06.974+0000] {dag.py:2690} INFO - Sync 1 DAGs
[2023-02-07T14:51:07.004+0000] {logging_mixin.py:137} INFO - [2023-02-07T14:51:07.004+0000] {dag.py:3441} INFO - Setting next_dagrun for latest_only_with_trigger to 2023-02-07T10:51:07.004585+00:00, run_after=2023-02-07T14:51:07.004585+00:00
[2023-02-07T14:51:07.029+0000] {processor.py:175} INFO - Processing /home/airflow/.local/lib/python3.7/site-packages/airflow/example_dags/example_latest_only_with_trigger.py took 0.098 seconds
[2023-02-07T14:51:37.256+0000] {processor.py:153} INFO - Started process (PID=633) to work on /home/airflow/.local/lib/python3.7/site-packages/airflow/example_dags/example_latest_only_with_trigger.py
[2023-02-07T14:51:37.257+0000] {processor.py:743} INFO - Processing file /home/airflow/.local/lib/python3.7/site-packages/airflow/example_dags/example_latest_only_with_trigger.py for tasks to queue
[2023-02-07T14:51:37.258+0000] {logging_mixin.py:137} INFO - [2023-02-07T14:51:37.257+0000] {dagbag.py:538} INFO - Filling up the DagBag from /home/airflow/.local/lib/python3.7/site-packages/airflow/example_dags/example_latest_only_with_trigger.py
[2023-02-07T14:51:37.277+0000] {processor.py:753} INFO - DAG(s) dict_keys(['latest_only_with_trigger']) retrieved from /home/airflow/.local/lib/python3.7/site-packages/airflow/example_dags/example_latest_only_with_trigger.py
[2023-02-07T14:51:37.310+0000] {logging_mixin.py:137} INFO - [2023-02-07T14:51:37.310+0000] {dag.py:2690} INFO - Sync 1 DAGs
[2023-02-07T14:51:37.334+0000] {logging_mixin.py:137} INFO - [2023-02-07T14:51:37.334+0000] {dag.py:3441} INFO - Setting next_dagrun for latest_only_with_trigger to 2023-02-07T10:51:37.334556+00:00, run_after=2023-02-07T14:51:37.334556+00:00
[2023-02-07T14:51:37.364+0000] {processor.py:175} INFO - Processing /home/airflow/.local/lib/python3.7/site-packages/airflow/example_dags/example_latest_only_with_trigger.py took 0.113 seconds
[2023-02-07T14:52:07.585+0000] {processor.py:153} INFO - Started process (PID=711) to work on /home/airflow/.local/lib/python3.7/site-packages/airflow/example_dags/example_latest_only_with_trigger.py
[2023-02-07T14:52:07.589+0000] {processor.py:743} INFO - Processing file /home/airflow/.local/lib/python3.7/site-packages/airflow/example_dags/example_latest_only_with_trigger.py for tasks to queue
[2023-02-07T14:52:07.590+0000] {logging_mixin.py:137} INFO - [2023-02-07T14:52:07.590+0000] {dagbag.py:538} INFO - Filling up the DagBag from /home/airflow/.local/lib/python3.7/site-packages/airflow/example_dags/example_latest_only_with_trigger.py
[2023-02-07T14:52:07.608+0000] {processor.py:753} INFO - DAG(s) dict_keys(['latest_only_with_trigger']) retrieved from /home/airflow/.local/lib/python3.7/site-packages/airflow/example_dags/example_latest_only_with_trigger.py
[2023-02-07T14:52:07.646+0000] {logging_mixin.py:137} INFO - [2023-02-07T14:52:07.646+0000] {dag.py:2690} INFO - Sync 1 DAGs
[2023-02-07T14:52:07.668+0000] {logging_mixin.py:137} INFO - [2023-02-07T14:52:07.668+0000] {dag.py:3441} INFO - Setting next_dagrun for latest_only_with_trigger to 2023-02-07T10:52:07.668077+00:00, run_after=2023-02-07T14:52:07.668077+00:00
[2023-02-07T14:52:07.696+0000] {processor.py:175} INFO - Processing /home/airflow/.local/lib/python3.7/site-packages/airflow/example_dags/example_latest_only_with_trigger.py took 0.116 seconds
[2023-02-07T14:52:37.817+0000] {processor.py:153} INFO - Started process (PID=776) to work on /home/airflow/.local/lib/python3.7/site-packages/airflow/example_dags/example_latest_only_with_trigger.py
[2023-02-07T14:52:37.818+0000] {processor.py:743} INFO - Processing file /home/airflow/.local/lib/python3.7/site-packages/airflow/example_dags/example_latest_only_with_trigger.py for tasks to queue
[2023-02-07T14:52:37.818+0000] {logging_mixin.py:137} INFO - [2023-02-07T14:52:37.818+0000] {dagbag.py:538} INFO - Filling up the DagBag from /home/airflow/.local/lib/python3.7/site-packages/airflow/example_dags/example_latest_only_with_trigger.py
[2023-02-07T14:52:37.835+0000] {processor.py:753} INFO - DAG(s) dict_keys(['latest_only_with_trigger']) retrieved from /home/airflow/.local/lib/python3.7/site-packages/airflow/example_dags/example_latest_only_with_trigger.py
[2023-02-07T14:52:37.857+0000] {logging_mixin.py:137} INFO - [2023-02-07T14:52:37.857+0000] {dag.py:2690} INFO - Sync 1 DAGs
[2023-02-07T14:52:37.883+0000] {logging_mixin.py:137} INFO - [2023-02-07T14:52:37.882+0000] {dag.py:3441} INFO - Setting next_dagrun for latest_only_with_trigger to 2023-02-07T10:52:37.882589+00:00, run_after=2023-02-07T14:52:37.882589+00:00
[2023-02-07T14:52:37.915+0000] {processor.py:175} INFO - Processing /home/airflow/.local/lib/python3.7/site-packages/airflow/example_dags/example_latest_only_with_trigger.py took 0.103 seconds
[2023-02-07T14:53:08.177+0000] {processor.py:153} INFO - Started process (PID=850) to work on /home/airflow/.local/lib/python3.7/site-packages/airflow/example_dags/example_latest_only_with_trigger.py
[2023-02-07T14:53:08.178+0000] {processor.py:743} INFO - Processing file /home/airflow/.local/lib/python3.7/site-packages/airflow/example_dags/example_latest_only_with_trigger.py for tasks to queue
[2023-02-07T14:53:08.178+0000] {logging_mixin.py:137} INFO - [2023-02-07T14:53:08.178+0000] {dagbag.py:538} INFO - Filling up the DagBag from /home/airflow/.local/lib/python3.7/site-packages/airflow/example_dags/example_latest_only_with_trigger.py
[2023-02-07T14:53:08.196+0000] {processor.py:753} INFO - DAG(s) dict_keys(['latest_only_with_trigger']) retrieved from /home/airflow/.local/lib/python3.7/site-packages/airflow/example_dags/example_latest_only_with_trigger.py
[2023-02-07T14:53:08.228+0000] {logging_mixin.py:137} INFO - [2023-02-07T14:53:08.228+0000] {dag.py:2690} INFO - Sync 1 DAGs
[2023-02-07T14:53:08.261+0000] {logging_mixin.py:137} INFO - [2023-02-07T14:53:08.261+0000] {dag.py:3441} INFO - Setting next_dagrun for latest_only_with_trigger to 2023-02-07T10:53:08.261200+00:00, run_after=2023-02-07T14:53:08.261200+00:00
[2023-02-07T14:53:08.294+0000] {processor.py:175} INFO - Processing /home/airflow/.local/lib/python3.7/site-packages/airflow/example_dags/example_latest_only_with_trigger.py took 0.121 seconds
[2023-02-07T14:53:38.894+0000] {processor.py:153} INFO - Started process (PID=918) to work on /home/airflow/.local/lib/python3.7/site-packages/airflow/example_dags/example_latest_only_with_trigger.py
[2023-02-07T14:53:38.904+0000] {processor.py:743} INFO - Processing file /home/airflow/.local/lib/python3.7/site-packages/airflow/example_dags/example_latest_only_with_trigger.py for tasks to queue
[2023-02-07T14:53:38.905+0000] {logging_mixin.py:137} INFO - [2023-02-07T14:53:38.905+0000] {dagbag.py:538} INFO - Filling up the DagBag from /home/airflow/.local/lib/python3.7/site-packages/airflow/example_dags/example_latest_only_with_trigger.py
[2023-02-07T14:53:38.920+0000] {processor.py:753} INFO - DAG(s) dict_keys(['latest_only_with_trigger']) retrieved from /home/airflow/.local/lib/python3.7/site-packages/airflow/example_dags/example_latest_only_with_trigger.py
[2023-02-07T14:53:38.945+0000] {logging_mixin.py:137} INFO - [2023-02-07T14:53:38.945+0000] {dag.py:2690} INFO - Sync 1 DAGs
[2023-02-07T14:53:38.970+0000] {logging_mixin.py:137} INFO - [2023-02-07T14:53:38.970+0000] {dag.py:3441} INFO - Setting next_dagrun for latest_only_with_trigger to 2023-02-07T10:53:38.969938+00:00, run_after=2023-02-07T14:53:38.969938+00:00
[2023-02-07T14:53:38.993+0000] {processor.py:175} INFO - Processing /home/airflow/.local/lib/python3.7/site-packages/airflow/example_dags/example_latest_only_with_trigger.py took 0.103 seconds
[2023-02-07T14:54:09.995+0000] {processor.py:153} INFO - Started process (PID=993) to work on /home/airflow/.local/lib/python3.7/site-packages/airflow/example_dags/example_latest_only_with_trigger.py
[2023-02-07T14:54:09.996+0000] {processor.py:743} INFO - Processing file /home/airflow/.local/lib/python3.7/site-packages/airflow/example_dags/example_latest_only_with_trigger.py for tasks to queue
[2023-02-07T14:54:09.997+0000] {logging_mixin.py:137} INFO - [2023-02-07T14:54:09.997+0000] {dagbag.py:538} INFO - Filling up the DagBag from /home/airflow/.local/lib/python3.7/site-packages/airflow/example_dags/example_latest_only_with_trigger.py
[2023-02-07T14:54:10.015+0000] {processor.py:753} INFO - DAG(s) dict_keys(['latest_only_with_trigger']) retrieved from /home/airflow/.local/lib/python3.7/site-packages/airflow/example_dags/example_latest_only_with_trigger.py
[2023-02-07T14:54:10.048+0000] {logging_mixin.py:137} INFO - [2023-02-07T14:54:10.048+0000] {dag.py:2690} INFO - Sync 1 DAGs
[2023-02-07T14:54:10.081+0000] {logging_mixin.py:137} INFO - [2023-02-07T14:54:10.081+0000] {dag.py:3441} INFO - Setting next_dagrun for latest_only_with_trigger to 2023-02-07T10:54:10.081169+00:00, run_after=2023-02-07T14:54:10.081169+00:00
[2023-02-07T14:54:10.111+0000] {processor.py:175} INFO - Processing /home/airflow/.local/lib/python3.7/site-packages/airflow/example_dags/example_latest_only_with_trigger.py took 0.120 seconds
[2023-02-07T14:54:40.204+0000] {processor.py:153} INFO - Started process (PID=1063) to work on /home/airflow/.local/lib/python3.7/site-packages/airflow/example_dags/example_latest_only_with_trigger.py
[2023-02-07T14:54:40.205+0000] {processor.py:743} INFO - Processing file /home/airflow/.local/lib/python3.7/site-packages/airflow/example_dags/example_latest_only_with_trigger.py for tasks to queue
[2023-02-07T14:54:40.206+0000] {logging_mixin.py:137} INFO - [2023-02-07T14:54:40.206+0000] {dagbag.py:538} INFO - Filling up the DagBag from /home/airflow/.local/lib/python3.7/site-packages/airflow/example_dags/example_latest_only_with_trigger.py
[2023-02-07T14:54:40.222+0000] {processor.py:753} INFO - DAG(s) dict_keys(['latest_only_with_trigger']) retrieved from /home/airflow/.local/lib/python3.7/site-packages/airflow/example_dags/example_latest_only_with_trigger.py
[2023-02-07T14:54:40.249+0000] {logging_mixin.py:137} INFO - [2023-02-07T14:54:40.249+0000] {dag.py:2690} INFO - Sync 1 DAGs
[2023-02-07T14:54:40.278+0000] {logging_mixin.py:137} INFO - [2023-02-07T14:54:40.278+0000] {dag.py:3441} INFO - Setting next_dagrun for latest_only_with_trigger to 2023-02-07T10:54:40.278437+00:00, run_after=2023-02-07T14:54:40.278437+00:00
[2023-02-07T14:54:40.311+0000] {processor.py:175} INFO - Processing /home/airflow/.local/lib/python3.7/site-packages/airflow/example_dags/example_latest_only_with_trigger.py took 0.111 seconds
[2023-02-07T14:55:10.825+0000] {processor.py:153} INFO - Started process (PID=1130) to work on /home/airflow/.local/lib/python3.7/site-packages/airflow/example_dags/example_latest_only_with_trigger.py
[2023-02-07T14:55:10.826+0000] {processor.py:743} INFO - Processing file /home/airflow/.local/lib/python3.7/site-packages/airflow/example_dags/example_latest_only_with_trigger.py for tasks to queue
[2023-02-07T14:55:10.828+0000] {logging_mixin.py:137} INFO - [2023-02-07T14:55:10.828+0000] {dagbag.py:538} INFO - Filling up the DagBag from /home/airflow/.local/lib/python3.7/site-packages/airflow/example_dags/example_latest_only_with_trigger.py
[2023-02-07T14:55:10.844+0000] {processor.py:753} INFO - DAG(s) dict_keys(['latest_only_with_trigger']) retrieved from /home/airflow/.local/lib/python3.7/site-packages/airflow/example_dags/example_latest_only_with_trigger.py
[2023-02-07T14:55:10.869+0000] {logging_mixin.py:137} INFO - [2023-02-07T14:55:10.869+0000] {dag.py:2690} INFO - Sync 1 DAGs
[2023-02-07T14:55:10.894+0000] {logging_mixin.py:137} INFO - [2023-02-07T14:55:10.894+0000] {dag.py:3441} INFO - Setting next_dagrun for latest_only_with_trigger to 2023-02-07T10:55:10.894077+00:00, run_after=2023-02-07T14:55:10.894077+00:00
[2023-02-07T14:55:10.920+0000] {processor.py:175} INFO - Processing /home/airflow/.local/lib/python3.7/site-packages/airflow/example_dags/example_latest_only_with_trigger.py took 0.100 seconds
[2023-02-07T14:55:41.066+0000] {processor.py:153} INFO - Started process (PID=1208) to work on /home/airflow/.local/lib/python3.7/site-packages/airflow/example_dags/example_latest_only_with_trigger.py
[2023-02-07T14:55:41.067+0000] {processor.py:743} INFO - Processing file /home/airflow/.local/lib/python3.7/site-packages/airflow/example_dags/example_latest_only_with_trigger.py for tasks to queue
[2023-02-07T14:55:41.067+0000] {logging_mixin.py:137} INFO - [2023-02-07T14:55:41.067+0000] {dagbag.py:538} INFO - Filling up the DagBag from /home/airflow/.local/lib/python3.7/site-packages/airflow/example_dags/example_latest_only_with_trigger.py
[2023-02-07T14:55:41.080+0000] {processor.py:753} INFO - DAG(s) dict_keys(['latest_only_with_trigger']) retrieved from /home/airflow/.local/lib/python3.7/site-packages/airflow/example_dags/example_latest_only_with_trigger.py
[2023-02-07T14:55:41.108+0000] {logging_mixin.py:137} INFO - [2023-02-07T14:55:41.108+0000] {dag.py:2690} INFO - Sync 1 DAGs
[2023-02-07T14:55:41.141+0000] {logging_mixin.py:137} INFO - [2023-02-07T14:55:41.141+0000] {dag.py:3441} INFO - Setting next_dagrun for latest_only_with_trigger to 2023-02-07T10:55:41.140818+00:00, run_after=2023-02-07T14:55:41.140818+00:00
[2023-02-07T14:55:41.167+0000] {processor.py:175} INFO - Processing /home/airflow/.local/lib/python3.7/site-packages/airflow/example_dags/example_latest_only_with_trigger.py took 0.104 seconds
[2023-02-07T14:56:11.603+0000] {processor.py:153} INFO - Started process (PID=1273) to work on /home/airflow/.local/lib/python3.7/site-packages/airflow/example_dags/example_latest_only_with_trigger.py
[2023-02-07T14:56:11.604+0000] {processor.py:743} INFO - Processing file /home/airflow/.local/lib/python3.7/site-packages/airflow/example_dags/example_latest_only_with_trigger.py for tasks to queue
[2023-02-07T14:56:11.605+0000] {logging_mixin.py:137} INFO - [2023-02-07T14:56:11.605+0000] {dagbag.py:538} INFO - Filling up the DagBag from /home/airflow/.local/lib/python3.7/site-packages/airflow/example_dags/example_latest_only_with_trigger.py
[2023-02-07T14:56:11.618+0000] {processor.py:753} INFO - DAG(s) dict_keys(['latest_only_with_trigger']) retrieved from /home/airflow/.local/lib/python3.7/site-packages/airflow/example_dags/example_latest_only_with_trigger.py
[2023-02-07T14:56:11.641+0000] {logging_mixin.py:137} INFO - [2023-02-07T14:56:11.641+0000] {dag.py:2690} INFO - Sync 1 DAGs
[2023-02-07T14:56:11.663+0000] {logging_mixin.py:137} INFO - [2023-02-07T14:56:11.663+0000] {dag.py:3441} INFO - Setting next_dagrun for latest_only_with_trigger to 2023-02-07T10:56:11.663245+00:00, run_after=2023-02-07T14:56:11.663245+00:00
[2023-02-07T14:56:11.686+0000] {processor.py:175} INFO - Processing /home/airflow/.local/lib/python3.7/site-packages/airflow/example_dags/example_latest_only_with_trigger.py took 0.086 seconds
[2023-02-07T14:56:42.649+0000] {processor.py:153} INFO - Started process (PID=1351) to work on /home/airflow/.local/lib/python3.7/site-packages/airflow/example_dags/example_latest_only_with_trigger.py
[2023-02-07T14:56:42.649+0000] {processor.py:743} INFO - Processing file /home/airflow/.local/lib/python3.7/site-packages/airflow/example_dags/example_latest_only_with_trigger.py for tasks to queue
[2023-02-07T14:56:42.650+0000] {logging_mixin.py:137} INFO - [2023-02-07T14:56:42.650+0000] {dagbag.py:538} INFO - Filling up the DagBag from /home/airflow/.local/lib/python3.7/site-packages/airflow/example_dags/example_latest_only_with_trigger.py
[2023-02-07T14:56:42.663+0000] {processor.py:753} INFO - DAG(s) dict_keys(['latest_only_with_trigger']) retrieved from /home/airflow/.local/lib/python3.7/site-packages/airflow/example_dags/example_latest_only_with_trigger.py
[2023-02-07T14:56:42.688+0000] {logging_mixin.py:137} INFO - [2023-02-07T14:56:42.687+0000] {dag.py:2690} INFO - Sync 1 DAGs
[2023-02-07T14:56:42.713+0000] {logging_mixin.py:137} INFO - [2023-02-07T14:56:42.713+0000] {dag.py:3441} INFO - Setting next_dagrun for latest_only_with_trigger to 2023-02-07T10:56:42.713098+00:00, run_after=2023-02-07T14:56:42.713098+00:00
[2023-02-07T14:56:42.739+0000] {processor.py:175} INFO - Processing /home/airflow/.local/lib/python3.7/site-packages/airflow/example_dags/example_latest_only_with_trigger.py took 0.093 seconds
[2023-02-07T14:57:12.884+0000] {processor.py:153} INFO - Started process (PID=1417) to work on /home/airflow/.local/lib/python3.7/site-packages/airflow/example_dags/example_latest_only_with_trigger.py
[2023-02-07T14:57:12.885+0000] {processor.py:743} INFO - Processing file /home/airflow/.local/lib/python3.7/site-packages/airflow/example_dags/example_latest_only_with_trigger.py for tasks to queue
[2023-02-07T14:57:12.885+0000] {logging_mixin.py:137} INFO - [2023-02-07T14:57:12.885+0000] {dagbag.py:538} INFO - Filling up the DagBag from /home/airflow/.local/lib/python3.7/site-packages/airflow/example_dags/example_latest_only_with_trigger.py
[2023-02-07T14:57:12.903+0000] {processor.py:753} INFO - DAG(s) dict_keys(['latest_only_with_trigger']) retrieved from /home/airflow/.local/lib/python3.7/site-packages/airflow/example_dags/example_latest_only_with_trigger.py
[2023-02-07T14:57:12.962+0000] {logging_mixin.py:137} INFO - [2023-02-07T14:57:12.962+0000] {dag.py:2690} INFO - Sync 1 DAGs
[2023-02-07T14:57:12.986+0000] {logging_mixin.py:137} INFO - [2023-02-07T14:57:12.986+0000] {dag.py:3441} INFO - Setting next_dagrun for latest_only_with_trigger to 2023-02-07T10:57:12.985929+00:00, run_after=2023-02-07T14:57:12.985929+00:00
[2023-02-07T14:57:13.018+0000] {processor.py:175} INFO - Processing /home/airflow/.local/lib/python3.7/site-packages/airflow/example_dags/example_latest_only_with_trigger.py took 0.139 seconds
[2023-02-07T14:57:43.899+0000] {processor.py:153} INFO - Started process (PID=1494) to work on /home/airflow/.local/lib/python3.7/site-packages/airflow/example_dags/example_latest_only_with_trigger.py
[2023-02-07T14:57:43.900+0000] {processor.py:743} INFO - Processing file /home/airflow/.local/lib/python3.7/site-packages/airflow/example_dags/example_latest_only_with_trigger.py for tasks to queue
[2023-02-07T14:57:43.901+0000] {logging_mixin.py:137} INFO - [2023-02-07T14:57:43.901+0000] {dagbag.py:538} INFO - Filling up the DagBag from /home/airflow/.local/lib/python3.7/site-packages/airflow/example_dags/example_latest_only_with_trigger.py
[2023-02-07T14:57:43.916+0000] {processor.py:753} INFO - DAG(s) dict_keys(['latest_only_with_trigger']) retrieved from /home/airflow/.local/lib/python3.7/site-packages/airflow/example_dags/example_latest_only_with_trigger.py
[2023-02-07T14:57:43.948+0000] {logging_mixin.py:137} INFO - [2023-02-07T14:57:43.948+0000] {dag.py:2690} INFO - Sync 1 DAGs
[2023-02-07T14:57:44.021+0000] {logging_mixin.py:137} INFO - [2023-02-07T14:57:44.021+0000] {dag.py:3441} INFO - Setting next_dagrun for latest_only_with_trigger to 2023-02-07T10:57:44.020840+00:00, run_after=2023-02-07T14:57:44.020840+00:00
[2023-02-07T14:57:44.061+0000] {processor.py:175} INFO - Processing /home/airflow/.local/lib/python3.7/site-packages/airflow/example_dags/example_latest_only_with_trigger.py took 0.165 seconds
[2023-02-07T14:58:14.109+0000] {processor.py:153} INFO - Started process (PID=1559) to work on /home/airflow/.local/lib/python3.7/site-packages/airflow/example_dags/example_latest_only_with_trigger.py
[2023-02-07T14:58:14.110+0000] {processor.py:743} INFO - Processing file /home/airflow/.local/lib/python3.7/site-packages/airflow/example_dags/example_latest_only_with_trigger.py for tasks to queue
[2023-02-07T14:58:14.111+0000] {logging_mixin.py:137} INFO - [2023-02-07T14:58:14.111+0000] {dagbag.py:538} INFO - Filling up the DagBag from /home/airflow/.local/lib/python3.7/site-packages/airflow/example_dags/example_latest_only_with_trigger.py
[2023-02-07T14:58:14.126+0000] {processor.py:753} INFO - DAG(s) dict_keys(['latest_only_with_trigger']) retrieved from /home/airflow/.local/lib/python3.7/site-packages/airflow/example_dags/example_latest_only_with_trigger.py
[2023-02-07T14:58:14.159+0000] {logging_mixin.py:137} INFO - [2023-02-07T14:58:14.159+0000] {dag.py:2690} INFO - Sync 1 DAGs
[2023-02-07T14:58:14.188+0000] {logging_mixin.py:137} INFO - [2023-02-07T14:58:14.188+0000] {dag.py:3441} INFO - Setting next_dagrun for latest_only_with_trigger to 2023-02-07T10:58:14.188273+00:00, run_after=2023-02-07T14:58:14.188273+00:00
[2023-02-07T14:58:14.215+0000] {processor.py:175} INFO - Processing /home/airflow/.local/lib/python3.7/site-packages/airflow/example_dags/example_latest_only_with_trigger.py took 0.110 seconds
[2023-02-07T14:58:45.086+0000] {processor.py:153} INFO - Started process (PID=1636) to work on /home/airflow/.local/lib/python3.7/site-packages/airflow/example_dags/example_latest_only_with_trigger.py
[2023-02-07T14:58:45.087+0000] {processor.py:743} INFO - Processing file /home/airflow/.local/lib/python3.7/site-packages/airflow/example_dags/example_latest_only_with_trigger.py for tasks to queue
[2023-02-07T14:58:45.088+0000] {logging_mixin.py:137} INFO - [2023-02-07T14:58:45.088+0000] {dagbag.py:538} INFO - Filling up the DagBag from /home/airflow/.local/lib/python3.7/site-packages/airflow/example_dags/example_latest_only_with_trigger.py
[2023-02-07T14:58:45.106+0000] {processor.py:753} INFO - DAG(s) dict_keys(['latest_only_with_trigger']) retrieved from /home/airflow/.local/lib/python3.7/site-packages/airflow/example_dags/example_latest_only_with_trigger.py
[2023-02-07T14:58:45.148+0000] {logging_mixin.py:137} INFO - [2023-02-07T14:58:45.148+0000] {dag.py:2690} INFO - Sync 1 DAGs
[2023-02-07T14:58:45.186+0000] {logging_mixin.py:137} INFO - [2023-02-07T14:58:45.186+0000] {dag.py:3441} INFO - Setting next_dagrun for latest_only_with_trigger to 2023-02-07T10:58:45.186008+00:00, run_after=2023-02-07T14:58:45.186008+00:00
[2023-02-07T14:58:45.222+0000] {processor.py:175} INFO - Processing /home/airflow/.local/lib/python3.7/site-packages/airflow/example_dags/example_latest_only_with_trigger.py took 0.139 seconds
[2023-02-07T14:59:15.287+0000] {processor.py:153} INFO - Started process (PID=1702) to work on /home/airflow/.local/lib/python3.7/site-packages/airflow/example_dags/example_latest_only_with_trigger.py
[2023-02-07T14:59:15.289+0000] {processor.py:743} INFO - Processing file /home/airflow/.local/lib/python3.7/site-packages/airflow/example_dags/example_latest_only_with_trigger.py for tasks to queue
[2023-02-07T14:59:15.290+0000] {logging_mixin.py:137} INFO - [2023-02-07T14:59:15.290+0000] {dagbag.py:538} INFO - Filling up the DagBag from /home/airflow/.local/lib/python3.7/site-packages/airflow/example_dags/example_latest_only_with_trigger.py
[2023-02-07T14:59:15.303+0000] {processor.py:753} INFO - DAG(s) dict_keys(['latest_only_with_trigger']) retrieved from /home/airflow/.local/lib/python3.7/site-packages/airflow/example_dags/example_latest_only_with_trigger.py
[2023-02-07T14:59:15.326+0000] {logging_mixin.py:137} INFO - [2023-02-07T14:59:15.326+0000] {dag.py:2690} INFO - Sync 1 DAGs
[2023-02-07T14:59:15.348+0000] {logging_mixin.py:137} INFO - [2023-02-07T14:59:15.348+0000] {dag.py:3441} INFO - Setting next_dagrun for latest_only_with_trigger to 2023-02-07T10:59:15.348456+00:00, run_after=2023-02-07T14:59:15.348456+00:00
[2023-02-07T14:59:15.371+0000] {processor.py:175} INFO - Processing /home/airflow/.local/lib/python3.7/site-packages/airflow/example_dags/example_latest_only_with_trigger.py took 0.087 seconds
[2023-02-07T14:59:46.027+0000] {processor.py:153} INFO - Started process (PID=1779) to work on /home/airflow/.local/lib/python3.7/site-packages/airflow/example_dags/example_latest_only_with_trigger.py
[2023-02-07T14:59:46.028+0000] {processor.py:743} INFO - Processing file /home/airflow/.local/lib/python3.7/site-packages/airflow/example_dags/example_latest_only_with_trigger.py for tasks to queue
[2023-02-07T14:59:46.029+0000] {logging_mixin.py:137} INFO - [2023-02-07T14:59:46.029+0000] {dagbag.py:538} INFO - Filling up the DagBag from /home/airflow/.local/lib/python3.7/site-packages/airflow/example_dags/example_latest_only_with_trigger.py
[2023-02-07T14:59:46.043+0000] {processor.py:753} INFO - DAG(s) dict_keys(['latest_only_with_trigger']) retrieved from /home/airflow/.local/lib/python3.7/site-packages/airflow/example_dags/example_latest_only_with_trigger.py
[2023-02-07T14:59:46.073+0000] {logging_mixin.py:137} INFO - [2023-02-07T14:59:46.072+0000] {dag.py:2690} INFO - Sync 1 DAGs
[2023-02-07T14:59:46.105+0000] {logging_mixin.py:137} INFO - [2023-02-07T14:59:46.104+0000] {dag.py:3441} INFO - Setting next_dagrun for latest_only_with_trigger to 2023-02-07T10:59:46.104539+00:00, run_after=2023-02-07T14:59:46.104539+00:00
[2023-02-07T14:59:46.133+0000] {processor.py:175} INFO - Processing /home/airflow/.local/lib/python3.7/site-packages/airflow/example_dags/example_latest_only_with_trigger.py took 0.110 seconds
[2023-02-07T15:00:16.587+0000] {processor.py:153} INFO - Started process (PID=1844) to work on /home/airflow/.local/lib/python3.7/site-packages/airflow/example_dags/example_latest_only_with_trigger.py
[2023-02-07T15:00:16.588+0000] {processor.py:743} INFO - Processing file /home/airflow/.local/lib/python3.7/site-packages/airflow/example_dags/example_latest_only_with_trigger.py for tasks to queue
[2023-02-07T15:00:16.589+0000] {logging_mixin.py:137} INFO - [2023-02-07T15:00:16.589+0000] {dagbag.py:538} INFO - Filling up the DagBag from /home/airflow/.local/lib/python3.7/site-packages/airflow/example_dags/example_latest_only_with_trigger.py
[2023-02-07T15:00:16.604+0000] {processor.py:753} INFO - DAG(s) dict_keys(['latest_only_with_trigger']) retrieved from /home/airflow/.local/lib/python3.7/site-packages/airflow/example_dags/example_latest_only_with_trigger.py
[2023-02-07T15:00:16.636+0000] {logging_mixin.py:137} INFO - [2023-02-07T15:00:16.636+0000] {dag.py:2690} INFO - Sync 1 DAGs
[2023-02-07T15:00:16.672+0000] {logging_mixin.py:137} INFO - [2023-02-07T15:00:16.671+0000] {dag.py:3441} INFO - Setting next_dagrun for latest_only_with_trigger to 2023-02-07T11:00:16.671560+00:00, run_after=2023-02-07T15:00:16.671560+00:00
[2023-02-07T15:00:16.710+0000] {processor.py:175} INFO - Processing /home/airflow/.local/lib/python3.7/site-packages/airflow/example_dags/example_latest_only_with_trigger.py took 0.127 seconds
[2023-02-07T15:00:47.577+0000] {processor.py:153} INFO - Started process (PID=1922) to work on /home/airflow/.local/lib/python3.7/site-packages/airflow/example_dags/example_latest_only_with_trigger.py
[2023-02-07T15:00:47.578+0000] {processor.py:743} INFO - Processing file /home/airflow/.local/lib/python3.7/site-packages/airflow/example_dags/example_latest_only_with_trigger.py for tasks to queue
[2023-02-07T15:00:47.578+0000] {logging_mixin.py:137} INFO - [2023-02-07T15:00:47.578+0000] {dagbag.py:538} INFO - Filling up the DagBag from /home/airflow/.local/lib/python3.7/site-packages/airflow/example_dags/example_latest_only_with_trigger.py
[2023-02-07T15:00:47.592+0000] {processor.py:753} INFO - DAG(s) dict_keys(['latest_only_with_trigger']) retrieved from /home/airflow/.local/lib/python3.7/site-packages/airflow/example_dags/example_latest_only_with_trigger.py
[2023-02-07T15:00:47.616+0000] {logging_mixin.py:137} INFO - [2023-02-07T15:00:47.615+0000] {dag.py:2690} INFO - Sync 1 DAGs
[2023-02-07T15:00:47.640+0000] {logging_mixin.py:137} INFO - [2023-02-07T15:00:47.639+0000] {dag.py:3441} INFO - Setting next_dagrun for latest_only_with_trigger to 2023-02-07T11:00:47.639640+00:00, run_after=2023-02-07T15:00:47.639640+00:00
[2023-02-07T15:00:47.669+0000] {processor.py:175} INFO - Processing /home/airflow/.local/lib/python3.7/site-packages/airflow/example_dags/example_latest_only_with_trigger.py took 0.096 seconds
[2023-02-07T15:01:18.102+0000] {processor.py:153} INFO - Started process (PID=1989) to work on /home/airflow/.local/lib/python3.7/site-packages/airflow/example_dags/example_latest_only_with_trigger.py
[2023-02-07T15:01:18.103+0000] {processor.py:743} INFO - Processing file /home/airflow/.local/lib/python3.7/site-packages/airflow/example_dags/example_latest_only_with_trigger.py for tasks to queue
[2023-02-07T15:01:18.103+0000] {logging_mixin.py:137} INFO - [2023-02-07T15:01:18.103+0000] {dagbag.py:538} INFO - Filling up the DagBag from /home/airflow/.local/lib/python3.7/site-packages/airflow/example_dags/example_latest_only_with_trigger.py
[2023-02-07T15:01:18.118+0000] {processor.py:753} INFO - DAG(s) dict_keys(['latest_only_with_trigger']) retrieved from /home/airflow/.local/lib/python3.7/site-packages/airflow/example_dags/example_latest_only_with_trigger.py
[2023-02-07T15:01:18.143+0000] {logging_mixin.py:137} INFO - [2023-02-07T15:01:18.143+0000] {dag.py:2690} INFO - Sync 1 DAGs
[2023-02-07T15:01:18.171+0000] {logging_mixin.py:137} INFO - [2023-02-07T15:01:18.171+0000] {dag.py:3441} INFO - Setting next_dagrun for latest_only_with_trigger to 2023-02-07T11:01:18.171093+00:00, run_after=2023-02-07T15:01:18.171093+00:00
[2023-02-07T15:01:18.200+0000] {processor.py:175} INFO - Processing /home/airflow/.local/lib/python3.7/site-packages/airflow/example_dags/example_latest_only_with_trigger.py took 0.103 seconds
[2023-02-07T15:01:48.890+0000] {processor.py:153} INFO - Started process (PID=2068) to work on /home/airflow/.local/lib/python3.7/site-packages/airflow/example_dags/example_latest_only_with_trigger.py
[2023-02-07T15:01:48.891+0000] {processor.py:743} INFO - Processing file /home/airflow/.local/lib/python3.7/site-packages/airflow/example_dags/example_latest_only_with_trigger.py for tasks to queue
[2023-02-07T15:01:48.891+0000] {logging_mixin.py:137} INFO - [2023-02-07T15:01:48.891+0000] {dagbag.py:538} INFO - Filling up the DagBag from /home/airflow/.local/lib/python3.7/site-packages/airflow/example_dags/example_latest_only_with_trigger.py
[2023-02-07T15:01:48.905+0000] {processor.py:753} INFO - DAG(s) dict_keys(['latest_only_with_trigger']) retrieved from /home/airflow/.local/lib/python3.7/site-packages/airflow/example_dags/example_latest_only_with_trigger.py
[2023-02-07T15:01:48.933+0000] {logging_mixin.py:137} INFO - [2023-02-07T15:01:48.933+0000] {dag.py:2690} INFO - Sync 1 DAGs
[2023-02-07T15:01:48.964+0000] {logging_mixin.py:137} INFO - [2023-02-07T15:01:48.964+0000] {dag.py:3441} INFO - Setting next_dagrun for latest_only_with_trigger to 2023-02-07T11:01:48.964378+00:00, run_after=2023-02-07T15:01:48.964378+00:00
[2023-02-07T15:01:48.992+0000] {processor.py:175} INFO - Processing /home/airflow/.local/lib/python3.7/site-packages/airflow/example_dags/example_latest_only_with_trigger.py took 0.105 seconds
[2023-02-07T15:02:19.486+0000] {processor.py:153} INFO - Started process (PID=2133) to work on /home/airflow/.local/lib/python3.7/site-packages/airflow/example_dags/example_latest_only_with_trigger.py
[2023-02-07T15:02:19.487+0000] {processor.py:743} INFO - Processing file /home/airflow/.local/lib/python3.7/site-packages/airflow/example_dags/example_latest_only_with_trigger.py for tasks to queue
[2023-02-07T15:02:19.487+0000] {logging_mixin.py:137} INFO - [2023-02-07T15:02:19.487+0000] {dagbag.py:538} INFO - Filling up the DagBag from /home/airflow/.local/lib/python3.7/site-packages/airflow/example_dags/example_latest_only_with_trigger.py
[2023-02-07T15:02:19.504+0000] {processor.py:753} INFO - DAG(s) dict_keys(['latest_only_with_trigger']) retrieved from /home/airflow/.local/lib/python3.7/site-packages/airflow/example_dags/example_latest_only_with_trigger.py
[2023-02-07T15:02:19.528+0000] {logging_mixin.py:137} INFO - [2023-02-07T15:02:19.528+0000] {dag.py:2690} INFO - Sync 1 DAGs
[2023-02-07T15:02:19.553+0000] {logging_mixin.py:137} INFO - [2023-02-07T15:02:19.552+0000] {dag.py:3441} INFO - Setting next_dagrun for latest_only_with_trigger to 2023-02-07T11:02:19.552662+00:00, run_after=2023-02-07T15:02:19.552662+00:00
[2023-02-07T15:02:19.577+0000] {processor.py:175} INFO - Processing /home/airflow/.local/lib/python3.7/site-packages/airflow/example_dags/example_latest_only_with_trigger.py took 0.095 seconds
[2023-02-07T15:02:50.353+0000] {processor.py:153} INFO - Started process (PID=2210) to work on /home/airflow/.local/lib/python3.7/site-packages/airflow/example_dags/example_latest_only_with_trigger.py
[2023-02-07T15:02:50.354+0000] {processor.py:743} INFO - Processing file /home/airflow/.local/lib/python3.7/site-packages/airflow/example_dags/example_latest_only_with_trigger.py for tasks to queue
[2023-02-07T15:02:50.355+0000] {logging_mixin.py:137} INFO - [2023-02-07T15:02:50.355+0000] {dagbag.py:538} INFO - Filling up the DagBag from /home/airflow/.local/lib/python3.7/site-packages/airflow/example_dags/example_latest_only_with_trigger.py
[2023-02-07T15:02:50.368+0000] {processor.py:753} INFO - DAG(s) dict_keys(['latest_only_with_trigger']) retrieved from /home/airflow/.local/lib/python3.7/site-packages/airflow/example_dags/example_latest_only_with_trigger.py
[2023-02-07T15:02:50.397+0000] {logging_mixin.py:137} INFO - [2023-02-07T15:02:50.397+0000] {dag.py:2690} INFO - Sync 1 DAGs
[2023-02-07T15:02:50.430+0000] {logging_mixin.py:137} INFO - [2023-02-07T15:02:50.430+0000] {dag.py:3441} INFO - Setting next_dagrun for latest_only_with_trigger to 2023-02-07T11:02:50.430051+00:00, run_after=2023-02-07T15:02:50.430051+00:00
[2023-02-07T15:02:50.458+0000] {processor.py:175} INFO - Processing /home/airflow/.local/lib/python3.7/site-packages/airflow/example_dags/example_latest_only_with_trigger.py took 0.107 seconds
[2023-02-07T15:03:21.192+0000] {processor.py:153} INFO - Started process (PID=2275) to work on /home/airflow/.local/lib/python3.7/site-packages/airflow/example_dags/example_latest_only_with_trigger.py
[2023-02-07T15:03:21.193+0000] {processor.py:743} INFO - Processing file /home/airflow/.local/lib/python3.7/site-packages/airflow/example_dags/example_latest_only_with_trigger.py for tasks to queue
[2023-02-07T15:03:21.193+0000] {logging_mixin.py:137} INFO - [2023-02-07T15:03:21.193+0000] {dagbag.py:538} INFO - Filling up the DagBag from /home/airflow/.local/lib/python3.7/site-packages/airflow/example_dags/example_latest_only_with_trigger.py
[2023-02-07T15:03:21.206+0000] {processor.py:753} INFO - DAG(s) dict_keys(['latest_only_with_trigger']) retrieved from /home/airflow/.local/lib/python3.7/site-packages/airflow/example_dags/example_latest_only_with_trigger.py
[2023-02-07T15:03:21.230+0000] {logging_mixin.py:137} INFO - [2023-02-07T15:03:21.230+0000] {dag.py:2690} INFO - Sync 1 DAGs
[2023-02-07T15:03:21.252+0000] {logging_mixin.py:137} INFO - [2023-02-07T15:03:21.252+0000] {dag.py:3441} INFO - Setting next_dagrun for latest_only_with_trigger to 2023-02-07T11:03:21.252291+00:00, run_after=2023-02-07T15:03:21.252291+00:00
[2023-02-07T15:03:21.275+0000] {processor.py:175} INFO - Processing /home/airflow/.local/lib/python3.7/site-packages/airflow/example_dags/example_latest_only_with_trigger.py took 0.086 seconds
[2023-02-07T15:03:52.180+0000] {processor.py:153} INFO - Started process (PID=2354) to work on /home/airflow/.local/lib/python3.7/site-packages/airflow/example_dags/example_latest_only_with_trigger.py
[2023-02-07T15:03:52.181+0000] {processor.py:743} INFO - Processing file /home/airflow/.local/lib/python3.7/site-packages/airflow/example_dags/example_latest_only_with_trigger.py for tasks to queue
[2023-02-07T15:03:52.182+0000] {logging_mixin.py:137} INFO - [2023-02-07T15:03:52.182+0000] {dagbag.py:538} INFO - Filling up the DagBag from /home/airflow/.local/lib/python3.7/site-packages/airflow/example_dags/example_latest_only_with_trigger.py
[2023-02-07T15:03:52.196+0000] {processor.py:753} INFO - DAG(s) dict_keys(['latest_only_with_trigger']) retrieved from /home/airflow/.local/lib/python3.7/site-packages/airflow/example_dags/example_latest_only_with_trigger.py
[2023-02-07T15:03:52.219+0000] {logging_mixin.py:137} INFO - [2023-02-07T15:03:52.218+0000] {dag.py:2690} INFO - Sync 1 DAGs
[2023-02-07T15:03:52.248+0000] {logging_mixin.py:137} INFO - [2023-02-07T15:03:52.248+0000] {dag.py:3441} INFO - Setting next_dagrun for latest_only_with_trigger to 2023-02-07T11:03:52.248492+00:00, run_after=2023-02-07T15:03:52.248492+00:00
[2023-02-07T15:03:52.272+0000] {processor.py:175} INFO - Processing /home/airflow/.local/lib/python3.7/site-packages/airflow/example_dags/example_latest_only_with_trigger.py took 0.096 seconds
[2023-02-07T15:04:23.051+0000] {processor.py:153} INFO - Started process (PID=2421) to work on /home/airflow/.local/lib/python3.7/site-packages/airflow/example_dags/example_latest_only_with_trigger.py
[2023-02-07T15:04:23.052+0000] {processor.py:743} INFO - Processing file /home/airflow/.local/lib/python3.7/site-packages/airflow/example_dags/example_latest_only_with_trigger.py for tasks to queue
[2023-02-07T15:04:23.053+0000] {logging_mixin.py:137} INFO - [2023-02-07T15:04:23.053+0000] {dagbag.py:538} INFO - Filling up the DagBag from /home/airflow/.local/lib/python3.7/site-packages/airflow/example_dags/example_latest_only_with_trigger.py
[2023-02-07T15:04:23.066+0000] {processor.py:753} INFO - DAG(s) dict_keys(['latest_only_with_trigger']) retrieved from /home/airflow/.local/lib/python3.7/site-packages/airflow/example_dags/example_latest_only_with_trigger.py
[2023-02-07T15:04:23.095+0000] {logging_mixin.py:137} INFO - [2023-02-07T15:04:23.095+0000] {dag.py:2690} INFO - Sync 1 DAGs
[2023-02-07T15:04:23.128+0000] {logging_mixin.py:137} INFO - [2023-02-07T15:04:23.128+0000] {dag.py:3441} INFO - Setting next_dagrun for latest_only_with_trigger to 2023-02-07T11:04:23.128150+00:00, run_after=2023-02-07T15:04:23.128150+00:00
[2023-02-07T15:04:23.158+0000] {processor.py:175} INFO - Processing /home/airflow/.local/lib/python3.7/site-packages/airflow/example_dags/example_latest_only_with_trigger.py took 0.110 seconds
[2023-02-07T15:04:54.089+0000] {processor.py:153} INFO - Started process (PID=2499) to work on /home/airflow/.local/lib/python3.7/site-packages/airflow/example_dags/example_latest_only_with_trigger.py
[2023-02-07T15:04:54.089+0000] {processor.py:743} INFO - Processing file /home/airflow/.local/lib/python3.7/site-packages/airflow/example_dags/example_latest_only_with_trigger.py for tasks to queue
[2023-02-07T15:04:54.090+0000] {logging_mixin.py:137} INFO - [2023-02-07T15:04:54.090+0000] {dagbag.py:538} INFO - Filling up the DagBag from /home/airflow/.local/lib/python3.7/site-packages/airflow/example_dags/example_latest_only_with_trigger.py
[2023-02-07T15:04:54.110+0000] {processor.py:753} INFO - DAG(s) dict_keys(['latest_only_with_trigger']) retrieved from /home/airflow/.local/lib/python3.7/site-packages/airflow/example_dags/example_latest_only_with_trigger.py
[2023-02-07T15:04:54.145+0000] {logging_mixin.py:137} INFO - [2023-02-07T15:04:54.144+0000] {dag.py:2690} INFO - Sync 1 DAGs
[2023-02-07T15:04:54.184+0000] {logging_mixin.py:137} INFO - [2023-02-07T15:04:54.184+0000] {dag.py:3441} INFO - Setting next_dagrun for latest_only_with_trigger to 2023-02-07T11:04:54.184045+00:00, run_after=2023-02-07T15:04:54.184045+00:00
[2023-02-07T15:04:54.219+0000] {processor.py:175} INFO - Processing /home/airflow/.local/lib/python3.7/site-packages/airflow/example_dags/example_latest_only_with_trigger.py took 0.133 seconds
[2023-02-07T15:05:24.905+0000] {processor.py:153} INFO - Started process (PID=2565) to work on /home/airflow/.local/lib/python3.7/site-packages/airflow/example_dags/example_latest_only_with_trigger.py
[2023-02-07T15:05:24.906+0000] {processor.py:743} INFO - Processing file /home/airflow/.local/lib/python3.7/site-packages/airflow/example_dags/example_latest_only_with_trigger.py for tasks to queue
[2023-02-07T15:05:24.907+0000] {logging_mixin.py:137} INFO - [2023-02-07T15:05:24.907+0000] {dagbag.py:538} INFO - Filling up the DagBag from /home/airflow/.local/lib/python3.7/site-packages/airflow/example_dags/example_latest_only_with_trigger.py
[2023-02-07T15:05:24.923+0000] {processor.py:753} INFO - DAG(s) dict_keys(['latest_only_with_trigger']) retrieved from /home/airflow/.local/lib/python3.7/site-packages/airflow/example_dags/example_latest_only_with_trigger.py
[2023-02-07T15:05:24.955+0000] {logging_mixin.py:137} INFO - [2023-02-07T15:05:24.955+0000] {dag.py:2690} INFO - Sync 1 DAGs
[2023-02-07T15:05:24.983+0000] {logging_mixin.py:137} INFO - [2023-02-07T15:05:24.983+0000] {dag.py:3441} INFO - Setting next_dagrun for latest_only_with_trigger to 2023-02-07T11:05:24.982710+00:00, run_after=2023-02-07T15:05:24.982710+00:00
[2023-02-07T15:05:25.006+0000] {processor.py:175} INFO - Processing /home/airflow/.local/lib/python3.7/site-packages/airflow/example_dags/example_latest_only_with_trigger.py took 0.105 seconds
[2023-02-07T15:05:55.703+0000] {processor.py:153} INFO - Started process (PID=2642) to work on /home/airflow/.local/lib/python3.7/site-packages/airflow/example_dags/example_latest_only_with_trigger.py
[2023-02-07T15:05:55.704+0000] {processor.py:743} INFO - Processing file /home/airflow/.local/lib/python3.7/site-packages/airflow/example_dags/example_latest_only_with_trigger.py for tasks to queue
[2023-02-07T15:05:55.705+0000] {logging_mixin.py:137} INFO - [2023-02-07T15:05:55.705+0000] {dagbag.py:538} INFO - Filling up the DagBag from /home/airflow/.local/lib/python3.7/site-packages/airflow/example_dags/example_latest_only_with_trigger.py
[2023-02-07T15:05:55.723+0000] {processor.py:753} INFO - DAG(s) dict_keys(['latest_only_with_trigger']) retrieved from /home/airflow/.local/lib/python3.7/site-packages/airflow/example_dags/example_latest_only_with_trigger.py
[2023-02-07T15:05:55.761+0000] {logging_mixin.py:137} INFO - [2023-02-07T15:05:55.761+0000] {dag.py:2690} INFO - Sync 1 DAGs
[2023-02-07T15:05:55.816+0000] {logging_mixin.py:137} INFO - [2023-02-07T15:05:55.816+0000] {dag.py:3441} INFO - Setting next_dagrun for latest_only_with_trigger to 2023-02-07T11:05:55.815750+00:00, run_after=2023-02-07T15:05:55.815750+00:00
[2023-02-07T15:05:55.849+0000] {processor.py:175} INFO - Processing /home/airflow/.local/lib/python3.7/site-packages/airflow/example_dags/example_latest_only_with_trigger.py took 0.152 seconds
[2023-02-07T15:06:26.440+0000] {processor.py:153} INFO - Started process (PID=2716) to work on /home/airflow/.local/lib/python3.7/site-packages/airflow/example_dags/example_latest_only_with_trigger.py
[2023-02-07T15:06:26.441+0000] {processor.py:743} INFO - Processing file /home/airflow/.local/lib/python3.7/site-packages/airflow/example_dags/example_latest_only_with_trigger.py for tasks to queue
[2023-02-07T15:06:26.442+0000] {logging_mixin.py:137} INFO - [2023-02-07T15:06:26.442+0000] {dagbag.py:538} INFO - Filling up the DagBag from /home/airflow/.local/lib/python3.7/site-packages/airflow/example_dags/example_latest_only_with_trigger.py
[2023-02-07T15:06:26.457+0000] {processor.py:753} INFO - DAG(s) dict_keys(['latest_only_with_trigger']) retrieved from /home/airflow/.local/lib/python3.7/site-packages/airflow/example_dags/example_latest_only_with_trigger.py
[2023-02-07T15:06:26.479+0000] {logging_mixin.py:137} INFO - [2023-02-07T15:06:26.479+0000] {dag.py:2690} INFO - Sync 1 DAGs
[2023-02-07T15:06:26.505+0000] {logging_mixin.py:137} INFO - [2023-02-07T15:06:26.504+0000] {dag.py:3441} INFO - Setting next_dagrun for latest_only_with_trigger to 2023-02-07T11:06:26.504531+00:00, run_after=2023-02-07T15:06:26.504531+00:00
[2023-02-07T15:06:26.543+0000] {processor.py:175} INFO - Processing /home/airflow/.local/lib/python3.7/site-packages/airflow/example_dags/example_latest_only_with_trigger.py took 0.107 seconds
[2023-02-07T15:06:57.145+0000] {processor.py:153} INFO - Started process (PID=2784) to work on /home/airflow/.local/lib/python3.7/site-packages/airflow/example_dags/example_latest_only_with_trigger.py
[2023-02-07T15:06:57.146+0000] {processor.py:743} INFO - Processing file /home/airflow/.local/lib/python3.7/site-packages/airflow/example_dags/example_latest_only_with_trigger.py for tasks to queue
[2023-02-07T15:06:57.146+0000] {logging_mixin.py:137} INFO - [2023-02-07T15:06:57.146+0000] {dagbag.py:538} INFO - Filling up the DagBag from /home/airflow/.local/lib/python3.7/site-packages/airflow/example_dags/example_latest_only_with_trigger.py
[2023-02-07T15:06:57.161+0000] {processor.py:753} INFO - DAG(s) dict_keys(['latest_only_with_trigger']) retrieved from /home/airflow/.local/lib/python3.7/site-packages/airflow/example_dags/example_latest_only_with_trigger.py
[2023-02-07T15:06:57.190+0000] {logging_mixin.py:137} INFO - [2023-02-07T15:06:57.190+0000] {dag.py:2690} INFO - Sync 1 DAGs
[2023-02-07T15:06:57.212+0000] {logging_mixin.py:137} INFO - [2023-02-07T15:06:57.212+0000] {dag.py:3441} INFO - Setting next_dagrun for latest_only_with_trigger to 2023-02-07T11:06:57.212314+00:00, run_after=2023-02-07T15:06:57.212314+00:00
[2023-02-07T15:06:57.235+0000] {processor.py:175} INFO - Processing /home/airflow/.local/lib/python3.7/site-packages/airflow/example_dags/example_latest_only_with_trigger.py took 0.095 seconds
[2023-02-07T15:07:27.785+0000] {processor.py:153} INFO - Started process (PID=2859) to work on /home/airflow/.local/lib/python3.7/site-packages/airflow/example_dags/example_latest_only_with_trigger.py
[2023-02-07T15:07:27.786+0000] {processor.py:743} INFO - Processing file /home/airflow/.local/lib/python3.7/site-packages/airflow/example_dags/example_latest_only_with_trigger.py for tasks to queue
[2023-02-07T15:07:27.787+0000] {logging_mixin.py:137} INFO - [2023-02-07T15:07:27.786+0000] {dagbag.py:538} INFO - Filling up the DagBag from /home/airflow/.local/lib/python3.7/site-packages/airflow/example_dags/example_latest_only_with_trigger.py
[2023-02-07T15:07:27.801+0000] {processor.py:753} INFO - DAG(s) dict_keys(['latest_only_with_trigger']) retrieved from /home/airflow/.local/lib/python3.7/site-packages/airflow/example_dags/example_latest_only_with_trigger.py
[2023-02-07T15:07:27.834+0000] {logging_mixin.py:137} INFO - [2023-02-07T15:07:27.834+0000] {dag.py:2690} INFO - Sync 1 DAGs
[2023-02-07T15:07:27.870+0000] {logging_mixin.py:137} INFO - [2023-02-07T15:07:27.869+0000] {dag.py:3441} INFO - Setting next_dagrun for latest_only_with_trigger to 2023-02-07T11:07:27.869492+00:00, run_after=2023-02-07T15:07:27.869492+00:00
[2023-02-07T15:07:27.897+0000] {processor.py:175} INFO - Processing /home/airflow/.local/lib/python3.7/site-packages/airflow/example_dags/example_latest_only_with_trigger.py took 0.117 seconds
[2023-02-07T15:07:58.438+0000] {processor.py:153} INFO - Started process (PID=2928) to work on /home/airflow/.local/lib/python3.7/site-packages/airflow/example_dags/example_latest_only_with_trigger.py
[2023-02-07T15:07:58.438+0000] {processor.py:743} INFO - Processing file /home/airflow/.local/lib/python3.7/site-packages/airflow/example_dags/example_latest_only_with_trigger.py for tasks to queue
[2023-02-07T15:07:58.439+0000] {logging_mixin.py:137} INFO - [2023-02-07T15:07:58.439+0000] {dagbag.py:538} INFO - Filling up the DagBag from /home/airflow/.local/lib/python3.7/site-packages/airflow/example_dags/example_latest_only_with_trigger.py
[2023-02-07T15:07:58.452+0000] {processor.py:753} INFO - DAG(s) dict_keys(['latest_only_with_trigger']) retrieved from /home/airflow/.local/lib/python3.7/site-packages/airflow/example_dags/example_latest_only_with_trigger.py
[2023-02-07T15:07:58.476+0000] {logging_mixin.py:137} INFO - [2023-02-07T15:07:58.476+0000] {dag.py:2690} INFO - Sync 1 DAGs
[2023-02-07T15:07:58.499+0000] {logging_mixin.py:137} INFO - [2023-02-07T15:07:58.498+0000] {dag.py:3441} INFO - Setting next_dagrun for latest_only_with_trigger to 2023-02-07T11:07:58.498655+00:00, run_after=2023-02-07T15:07:58.498655+00:00
[2023-02-07T15:07:58.537+0000] {processor.py:175} INFO - Processing /home/airflow/.local/lib/python3.7/site-packages/airflow/example_dags/example_latest_only_with_trigger.py took 0.103 seconds
[2023-02-07T15:08:29.392+0000] {processor.py:153} INFO - Started process (PID=3005) to work on /home/airflow/.local/lib/python3.7/site-packages/airflow/example_dags/example_latest_only_with_trigger.py
[2023-02-07T15:08:29.393+0000] {processor.py:743} INFO - Processing file /home/airflow/.local/lib/python3.7/site-packages/airflow/example_dags/example_latest_only_with_trigger.py for tasks to queue
[2023-02-07T15:08:29.394+0000] {logging_mixin.py:137} INFO - [2023-02-07T15:08:29.394+0000] {dagbag.py:538} INFO - Filling up the DagBag from /home/airflow/.local/lib/python3.7/site-packages/airflow/example_dags/example_latest_only_with_trigger.py
[2023-02-07T15:08:29.413+0000] {processor.py:753} INFO - DAG(s) dict_keys(['latest_only_with_trigger']) retrieved from /home/airflow/.local/lib/python3.7/site-packages/airflow/example_dags/example_latest_only_with_trigger.py
[2023-02-07T15:08:29.446+0000] {logging_mixin.py:137} INFO - [2023-02-07T15:08:29.446+0000] {dag.py:2690} INFO - Sync 1 DAGs
[2023-02-07T15:08:29.482+0000] {logging_mixin.py:137} INFO - [2023-02-07T15:08:29.482+0000] {dag.py:3441} INFO - Setting next_dagrun for latest_only_with_trigger to 2023-02-07T11:08:29.482071+00:00, run_after=2023-02-07T15:08:29.482071+00:00
[2023-02-07T15:08:29.513+0000] {processor.py:175} INFO - Processing /home/airflow/.local/lib/python3.7/site-packages/airflow/example_dags/example_latest_only_with_trigger.py took 0.132 seconds
[2023-02-07T15:08:59.561+0000] {processor.py:153} INFO - Started process (PID=3070) to work on /home/airflow/.local/lib/python3.7/site-packages/airflow/example_dags/example_latest_only_with_trigger.py
[2023-02-07T15:08:59.562+0000] {processor.py:743} INFO - Processing file /home/airflow/.local/lib/python3.7/site-packages/airflow/example_dags/example_latest_only_with_trigger.py for tasks to queue
[2023-02-07T15:08:59.563+0000] {logging_mixin.py:137} INFO - [2023-02-07T15:08:59.563+0000] {dagbag.py:538} INFO - Filling up the DagBag from /home/airflow/.local/lib/python3.7/site-packages/airflow/example_dags/example_latest_only_with_trigger.py
[2023-02-07T15:08:59.577+0000] {processor.py:753} INFO - DAG(s) dict_keys(['latest_only_with_trigger']) retrieved from /home/airflow/.local/lib/python3.7/site-packages/airflow/example_dags/example_latest_only_with_trigger.py
[2023-02-07T15:08:59.599+0000] {logging_mixin.py:137} INFO - [2023-02-07T15:08:59.598+0000] {dag.py:2690} INFO - Sync 1 DAGs
[2023-02-07T15:08:59.621+0000] {logging_mixin.py:137} INFO - [2023-02-07T15:08:59.620+0000] {dag.py:3441} INFO - Setting next_dagrun for latest_only_with_trigger to 2023-02-07T11:08:59.620645+00:00, run_after=2023-02-07T15:08:59.620645+00:00
[2023-02-07T15:08:59.643+0000] {processor.py:175} INFO - Processing /home/airflow/.local/lib/python3.7/site-packages/airflow/example_dags/example_latest_only_with_trigger.py took 0.085 seconds
[2023-02-07T15:09:30.463+0000] {processor.py:153} INFO - Started process (PID=3142) to work on /home/airflow/.local/lib/python3.7/site-packages/airflow/example_dags/example_latest_only_with_trigger.py
[2023-02-07T15:09:30.464+0000] {processor.py:743} INFO - Processing file /home/airflow/.local/lib/python3.7/site-packages/airflow/example_dags/example_latest_only_with_trigger.py for tasks to queue
[2023-02-07T15:09:30.465+0000] {logging_mixin.py:137} INFO - [2023-02-07T15:09:30.465+0000] {dagbag.py:538} INFO - Filling up the DagBag from /home/airflow/.local/lib/python3.7/site-packages/airflow/example_dags/example_latest_only_with_trigger.py
[2023-02-07T15:09:30.484+0000] {processor.py:753} INFO - DAG(s) dict_keys(['latest_only_with_trigger']) retrieved from /home/airflow/.local/lib/python3.7/site-packages/airflow/example_dags/example_latest_only_with_trigger.py
[2023-02-07T15:09:30.516+0000] {logging_mixin.py:137} INFO - [2023-02-07T15:09:30.516+0000] {dag.py:2690} INFO - Sync 1 DAGs
[2023-02-07T15:09:30.552+0000] {logging_mixin.py:137} INFO - [2023-02-07T15:09:30.551+0000] {dag.py:3441} INFO - Setting next_dagrun for latest_only_with_trigger to 2023-02-07T11:09:30.551504+00:00, run_after=2023-02-07T15:09:30.551504+00:00
[2023-02-07T15:09:30.587+0000] {processor.py:175} INFO - Processing /home/airflow/.local/lib/python3.7/site-packages/airflow/example_dags/example_latest_only_with_trigger.py took 0.128 seconds
[2023-02-07T15:10:00.713+0000] {processor.py:153} INFO - Started process (PID=3213) to work on /home/airflow/.local/lib/python3.7/site-packages/airflow/example_dags/example_latest_only_with_trigger.py
[2023-02-07T15:10:00.714+0000] {processor.py:743} INFO - Processing file /home/airflow/.local/lib/python3.7/site-packages/airflow/example_dags/example_latest_only_with_trigger.py for tasks to queue
[2023-02-07T15:10:00.715+0000] {logging_mixin.py:137} INFO - [2023-02-07T15:10:00.715+0000] {dagbag.py:538} INFO - Filling up the DagBag from /home/airflow/.local/lib/python3.7/site-packages/airflow/example_dags/example_latest_only_with_trigger.py
[2023-02-07T15:10:00.728+0000] {processor.py:753} INFO - DAG(s) dict_keys(['latest_only_with_trigger']) retrieved from /home/airflow/.local/lib/python3.7/site-packages/airflow/example_dags/example_latest_only_with_trigger.py
[2023-02-07T15:10:00.749+0000] {logging_mixin.py:137} INFO - [2023-02-07T15:10:00.749+0000] {dag.py:2690} INFO - Sync 1 DAGs
[2023-02-07T15:10:00.771+0000] {logging_mixin.py:137} INFO - [2023-02-07T15:10:00.771+0000] {dag.py:3441} INFO - Setting next_dagrun for latest_only_with_trigger to 2023-02-07T11:10:00.771171+00:00, run_after=2023-02-07T15:10:00.771171+00:00
[2023-02-07T15:10:00.795+0000] {processor.py:175} INFO - Processing /home/airflow/.local/lib/python3.7/site-packages/airflow/example_dags/example_latest_only_with_trigger.py took 0.086 seconds
[2023-02-07T15:10:31.251+0000] {processor.py:153} INFO - Started process (PID=3280) to work on /home/airflow/.local/lib/python3.7/site-packages/airflow/example_dags/example_latest_only_with_trigger.py
[2023-02-07T15:10:31.252+0000] {processor.py:743} INFO - Processing file /home/airflow/.local/lib/python3.7/site-packages/airflow/example_dags/example_latest_only_with_trigger.py for tasks to queue
[2023-02-07T15:10:31.252+0000] {logging_mixin.py:137} INFO - [2023-02-07T15:10:31.252+0000] {dagbag.py:538} INFO - Filling up the DagBag from /home/airflow/.local/lib/python3.7/site-packages/airflow/example_dags/example_latest_only_with_trigger.py
[2023-02-07T15:10:31.266+0000] {processor.py:753} INFO - DAG(s) dict_keys(['latest_only_with_trigger']) retrieved from /home/airflow/.local/lib/python3.7/site-packages/airflow/example_dags/example_latest_only_with_trigger.py
[2023-02-07T15:10:31.288+0000] {logging_mixin.py:137} INFO - [2023-02-07T15:10:31.288+0000] {dag.py:2690} INFO - Sync 1 DAGs
[2023-02-07T15:10:31.310+0000] {logging_mixin.py:137} INFO - [2023-02-07T15:10:31.310+0000] {dag.py:3441} INFO - Setting next_dagrun for latest_only_with_trigger to 2023-02-07T11:10:31.310328+00:00, run_after=2023-02-07T15:10:31.310328+00:00
[2023-02-07T15:10:31.335+0000] {processor.py:175} INFO - Processing /home/airflow/.local/lib/python3.7/site-packages/airflow/example_dags/example_latest_only_with_trigger.py took 0.088 seconds
[2023-02-07T15:11:01.973+0000] {processor.py:153} INFO - Started process (PID=3358) to work on /home/airflow/.local/lib/python3.7/site-packages/airflow/example_dags/example_latest_only_with_trigger.py
[2023-02-07T15:11:01.974+0000] {processor.py:743} INFO - Processing file /home/airflow/.local/lib/python3.7/site-packages/airflow/example_dags/example_latest_only_with_trigger.py for tasks to queue
[2023-02-07T15:11:01.975+0000] {logging_mixin.py:137} INFO - [2023-02-07T15:11:01.975+0000] {dagbag.py:538} INFO - Filling up the DagBag from /home/airflow/.local/lib/python3.7/site-packages/airflow/example_dags/example_latest_only_with_trigger.py
[2023-02-07T15:11:01.987+0000] {processor.py:753} INFO - DAG(s) dict_keys(['latest_only_with_trigger']) retrieved from /home/airflow/.local/lib/python3.7/site-packages/airflow/example_dags/example_latest_only_with_trigger.py
[2023-02-07T15:11:02.009+0000] {logging_mixin.py:137} INFO - [2023-02-07T15:11:02.009+0000] {dag.py:2690} INFO - Sync 1 DAGs
[2023-02-07T15:11:02.031+0000] {logging_mixin.py:137} INFO - [2023-02-07T15:11:02.031+0000] {dag.py:3441} INFO - Setting next_dagrun for latest_only_with_trigger to 2023-02-07T11:11:02.030995+00:00, run_after=2023-02-07T15:11:02.030995+00:00
[2023-02-07T15:11:02.052+0000] {processor.py:175} INFO - Processing /home/airflow/.local/lib/python3.7/site-packages/airflow/example_dags/example_latest_only_with_trigger.py took 0.084 seconds
[2023-02-07T15:11:32.559+0000] {processor.py:153} INFO - Started process (PID=3424) to work on /home/airflow/.local/lib/python3.7/site-packages/airflow/example_dags/example_latest_only_with_trigger.py
[2023-02-07T15:11:32.561+0000] {processor.py:743} INFO - Processing file /home/airflow/.local/lib/python3.7/site-packages/airflow/example_dags/example_latest_only_with_trigger.py for tasks to queue
[2023-02-07T15:11:32.562+0000] {logging_mixin.py:137} INFO - [2023-02-07T15:11:32.562+0000] {dagbag.py:538} INFO - Filling up the DagBag from /home/airflow/.local/lib/python3.7/site-packages/airflow/example_dags/example_latest_only_with_trigger.py
[2023-02-07T15:11:32.576+0000] {processor.py:753} INFO - DAG(s) dict_keys(['latest_only_with_trigger']) retrieved from /home/airflow/.local/lib/python3.7/site-packages/airflow/example_dags/example_latest_only_with_trigger.py
[2023-02-07T15:11:32.603+0000] {logging_mixin.py:137} INFO - [2023-02-07T15:11:32.602+0000] {dag.py:2690} INFO - Sync 1 DAGs
[2023-02-07T15:11:32.625+0000] {logging_mixin.py:137} INFO - [2023-02-07T15:11:32.625+0000] {dag.py:3441} INFO - Setting next_dagrun for latest_only_with_trigger to 2023-02-07T11:11:32.625475+00:00, run_after=2023-02-07T15:11:32.625475+00:00
[2023-02-07T15:11:32.647+0000] {processor.py:175} INFO - Processing /home/airflow/.local/lib/python3.7/site-packages/airflow/example_dags/example_latest_only_with_trigger.py took 0.091 seconds
[2023-02-07T15:12:03.519+0000] {processor.py:153} INFO - Started process (PID=3501) to work on /home/airflow/.local/lib/python3.7/site-packages/airflow/example_dags/example_latest_only_with_trigger.py
[2023-02-07T15:12:03.520+0000] {processor.py:743} INFO - Processing file /home/airflow/.local/lib/python3.7/site-packages/airflow/example_dags/example_latest_only_with_trigger.py for tasks to queue
[2023-02-07T15:12:03.520+0000] {logging_mixin.py:137} INFO - [2023-02-07T15:12:03.520+0000] {dagbag.py:538} INFO - Filling up the DagBag from /home/airflow/.local/lib/python3.7/site-packages/airflow/example_dags/example_latest_only_with_trigger.py
[2023-02-07T15:12:03.536+0000] {processor.py:753} INFO - DAG(s) dict_keys(['latest_only_with_trigger']) retrieved from /home/airflow/.local/lib/python3.7/site-packages/airflow/example_dags/example_latest_only_with_trigger.py
[2023-02-07T15:12:03.560+0000] {logging_mixin.py:137} INFO - [2023-02-07T15:12:03.560+0000] {dag.py:2690} INFO - Sync 1 DAGs
[2023-02-07T15:12:03.584+0000] {logging_mixin.py:137} INFO - [2023-02-07T15:12:03.584+0000] {dag.py:3441} INFO - Setting next_dagrun for latest_only_with_trigger to 2023-02-07T11:12:03.583837+00:00, run_after=2023-02-07T15:12:03.583837+00:00
[2023-02-07T15:12:03.609+0000] {processor.py:175} INFO - Processing /home/airflow/.local/lib/python3.7/site-packages/airflow/example_dags/example_latest_only_with_trigger.py took 0.094 seconds
[2023-02-07T15:12:34.233+0000] {processor.py:153} INFO - Started process (PID=3567) to work on /home/airflow/.local/lib/python3.7/site-packages/airflow/example_dags/example_latest_only_with_trigger.py
[2023-02-07T15:12:34.234+0000] {processor.py:743} INFO - Processing file /home/airflow/.local/lib/python3.7/site-packages/airflow/example_dags/example_latest_only_with_trigger.py for tasks to queue
[2023-02-07T15:12:34.235+0000] {logging_mixin.py:137} INFO - [2023-02-07T15:12:34.235+0000] {dagbag.py:538} INFO - Filling up the DagBag from /home/airflow/.local/lib/python3.7/site-packages/airflow/example_dags/example_latest_only_with_trigger.py
[2023-02-07T15:12:34.248+0000] {processor.py:753} INFO - DAG(s) dict_keys(['latest_only_with_trigger']) retrieved from /home/airflow/.local/lib/python3.7/site-packages/airflow/example_dags/example_latest_only_with_trigger.py
[2023-02-07T15:12:34.272+0000] {logging_mixin.py:137} INFO - [2023-02-07T15:12:34.272+0000] {dag.py:2690} INFO - Sync 1 DAGs
[2023-02-07T15:12:34.296+0000] {logging_mixin.py:137} INFO - [2023-02-07T15:12:34.296+0000] {dag.py:3441} INFO - Setting next_dagrun for latest_only_with_trigger to 2023-02-07T11:12:34.296329+00:00, run_after=2023-02-07T15:12:34.296329+00:00
[2023-02-07T15:12:34.319+0000] {processor.py:175} INFO - Processing /home/airflow/.local/lib/python3.7/site-packages/airflow/example_dags/example_latest_only_with_trigger.py took 0.089 seconds
[2023-02-07T15:13:04.973+0000] {processor.py:153} INFO - Started process (PID=3644) to work on /home/airflow/.local/lib/python3.7/site-packages/airflow/example_dags/example_latest_only_with_trigger.py
[2023-02-07T15:13:04.974+0000] {processor.py:743} INFO - Processing file /home/airflow/.local/lib/python3.7/site-packages/airflow/example_dags/example_latest_only_with_trigger.py for tasks to queue
[2023-02-07T15:13:04.974+0000] {logging_mixin.py:137} INFO - [2023-02-07T15:13:04.974+0000] {dagbag.py:538} INFO - Filling up the DagBag from /home/airflow/.local/lib/python3.7/site-packages/airflow/example_dags/example_latest_only_with_trigger.py
[2023-02-07T15:13:04.990+0000] {processor.py:753} INFO - DAG(s) dict_keys(['latest_only_with_trigger']) retrieved from /home/airflow/.local/lib/python3.7/site-packages/airflow/example_dags/example_latest_only_with_trigger.py
[2023-02-07T15:13:05.018+0000] {logging_mixin.py:137} INFO - [2023-02-07T15:13:05.018+0000] {dag.py:2690} INFO - Sync 1 DAGs
[2023-02-07T15:13:05.050+0000] {logging_mixin.py:137} INFO - [2023-02-07T15:13:05.050+0000] {dag.py:3441} INFO - Setting next_dagrun for latest_only_with_trigger to 2023-02-07T11:13:05.050049+00:00, run_after=2023-02-07T15:13:05.050049+00:00
[2023-02-07T15:13:05.080+0000] {processor.py:175} INFO - Processing /home/airflow/.local/lib/python3.7/site-packages/airflow/example_dags/example_latest_only_with_trigger.py took 0.111 seconds
[2023-02-07T15:13:35.670+0000] {processor.py:153} INFO - Started process (PID=3719) to work on /home/airflow/.local/lib/python3.7/site-packages/airflow/example_dags/example_latest_only_with_trigger.py
[2023-02-07T15:13:35.671+0000] {processor.py:743} INFO - Processing file /home/airflow/.local/lib/python3.7/site-packages/airflow/example_dags/example_latest_only_with_trigger.py for tasks to queue
[2023-02-07T15:13:35.671+0000] {logging_mixin.py:137} INFO - [2023-02-07T15:13:35.671+0000] {dagbag.py:538} INFO - Filling up the DagBag from /home/airflow/.local/lib/python3.7/site-packages/airflow/example_dags/example_latest_only_with_trigger.py
[2023-02-07T15:13:35.685+0000] {processor.py:753} INFO - DAG(s) dict_keys(['latest_only_with_trigger']) retrieved from /home/airflow/.local/lib/python3.7/site-packages/airflow/example_dags/example_latest_only_with_trigger.py
[2023-02-07T15:13:35.711+0000] {logging_mixin.py:137} INFO - [2023-02-07T15:13:35.711+0000] {dag.py:2690} INFO - Sync 1 DAGs
[2023-02-07T15:13:35.737+0000] {logging_mixin.py:137} INFO - [2023-02-07T15:13:35.737+0000] {dag.py:3441} INFO - Setting next_dagrun for latest_only_with_trigger to 2023-02-07T11:13:35.737350+00:00, run_after=2023-02-07T15:13:35.737350+00:00
[2023-02-07T15:13:35.762+0000] {processor.py:175} INFO - Processing /home/airflow/.local/lib/python3.7/site-packages/airflow/example_dags/example_latest_only_with_trigger.py took 0.096 seconds
[2023-02-07T15:14:06.442+0000] {processor.py:153} INFO - Started process (PID=3787) to work on /home/airflow/.local/lib/python3.7/site-packages/airflow/example_dags/example_latest_only_with_trigger.py
[2023-02-07T15:14:06.443+0000] {processor.py:743} INFO - Processing file /home/airflow/.local/lib/python3.7/site-packages/airflow/example_dags/example_latest_only_with_trigger.py for tasks to queue
[2023-02-07T15:14:06.444+0000] {logging_mixin.py:137} INFO - [2023-02-07T15:14:06.443+0000] {dagbag.py:538} INFO - Filling up the DagBag from /home/airflow/.local/lib/python3.7/site-packages/airflow/example_dags/example_latest_only_with_trigger.py
[2023-02-07T15:14:06.463+0000] {processor.py:753} INFO - DAG(s) dict_keys(['latest_only_with_trigger']) retrieved from /home/airflow/.local/lib/python3.7/site-packages/airflow/example_dags/example_latest_only_with_trigger.py
[2023-02-07T15:14:06.500+0000] {logging_mixin.py:137} INFO - [2023-02-07T15:14:06.500+0000] {dag.py:2690} INFO - Sync 1 DAGs
[2023-02-07T15:14:06.536+0000] {logging_mixin.py:137} INFO - [2023-02-07T15:14:06.536+0000] {dag.py:3441} INFO - Setting next_dagrun for latest_only_with_trigger to 2023-02-07T11:14:06.536158+00:00, run_after=2023-02-07T15:14:06.536158+00:00
[2023-02-07T15:14:06.568+0000] {processor.py:175} INFO - Processing /home/airflow/.local/lib/python3.7/site-packages/airflow/example_dags/example_latest_only_with_trigger.py took 0.137 seconds
[2023-02-07T15:14:37.248+0000] {processor.py:153} INFO - Started process (PID=3862) to work on /home/airflow/.local/lib/python3.7/site-packages/airflow/example_dags/example_latest_only_with_trigger.py
[2023-02-07T15:14:37.249+0000] {processor.py:743} INFO - Processing file /home/airflow/.local/lib/python3.7/site-packages/airflow/example_dags/example_latest_only_with_trigger.py for tasks to queue
[2023-02-07T15:14:37.250+0000] {logging_mixin.py:137} INFO - [2023-02-07T15:14:37.250+0000] {dagbag.py:538} INFO - Filling up the DagBag from /home/airflow/.local/lib/python3.7/site-packages/airflow/example_dags/example_latest_only_with_trigger.py
[2023-02-07T15:14:37.268+0000] {processor.py:753} INFO - DAG(s) dict_keys(['latest_only_with_trigger']) retrieved from /home/airflow/.local/lib/python3.7/site-packages/airflow/example_dags/example_latest_only_with_trigger.py
[2023-02-07T15:14:37.296+0000] {logging_mixin.py:137} INFO - [2023-02-07T15:14:37.296+0000] {dag.py:2690} INFO - Sync 1 DAGs
[2023-02-07T15:14:37.323+0000] {logging_mixin.py:137} INFO - [2023-02-07T15:14:37.323+0000] {dag.py:3441} INFO - Setting next_dagrun for latest_only_with_trigger to 2023-02-07T11:14:37.322961+00:00, run_after=2023-02-07T15:14:37.322961+00:00
[2023-02-07T15:14:37.369+0000] {processor.py:175} INFO - Processing /home/airflow/.local/lib/python3.7/site-packages/airflow/example_dags/example_latest_only_with_trigger.py took 0.126 seconds
[2023-02-07T15:15:07.998+0000] {processor.py:153} INFO - Started process (PID=3929) to work on /home/airflow/.local/lib/python3.7/site-packages/airflow/example_dags/example_latest_only_with_trigger.py
[2023-02-07T15:15:07.999+0000] {processor.py:743} INFO - Processing file /home/airflow/.local/lib/python3.7/site-packages/airflow/example_dags/example_latest_only_with_trigger.py for tasks to queue
[2023-02-07T15:15:08.000+0000] {logging_mixin.py:137} INFO - [2023-02-07T15:15:08.000+0000] {dagbag.py:538} INFO - Filling up the DagBag from /home/airflow/.local/lib/python3.7/site-packages/airflow/example_dags/example_latest_only_with_trigger.py
[2023-02-07T15:15:08.017+0000] {processor.py:753} INFO - DAG(s) dict_keys(['latest_only_with_trigger']) retrieved from /home/airflow/.local/lib/python3.7/site-packages/airflow/example_dags/example_latest_only_with_trigger.py
[2023-02-07T15:15:08.045+0000] {logging_mixin.py:137} INFO - [2023-02-07T15:15:08.045+0000] {dag.py:2690} INFO - Sync 1 DAGs
[2023-02-07T15:15:08.081+0000] {logging_mixin.py:137} INFO - [2023-02-07T15:15:08.080+0000] {dag.py:3441} INFO - Setting next_dagrun for latest_only_with_trigger to 2023-02-07T11:15:08.080594+00:00, run_after=2023-02-07T15:15:08.080594+00:00
[2023-02-07T15:15:08.122+0000] {processor.py:175} INFO - Processing /home/airflow/.local/lib/python3.7/site-packages/airflow/example_dags/example_latest_only_with_trigger.py took 0.128 seconds
[2023-02-07T15:15:38.458+0000] {processor.py:153} INFO - Started process (PID=4007) to work on /home/airflow/.local/lib/python3.7/site-packages/airflow/example_dags/example_latest_only_with_trigger.py
[2023-02-07T15:15:38.459+0000] {processor.py:743} INFO - Processing file /home/airflow/.local/lib/python3.7/site-packages/airflow/example_dags/example_latest_only_with_trigger.py for tasks to queue
[2023-02-07T15:15:38.459+0000] {logging_mixin.py:137} INFO - [2023-02-07T15:15:38.459+0000] {dagbag.py:538} INFO - Filling up the DagBag from /home/airflow/.local/lib/python3.7/site-packages/airflow/example_dags/example_latest_only_with_trigger.py
[2023-02-07T15:15:38.473+0000] {processor.py:753} INFO - DAG(s) dict_keys(['latest_only_with_trigger']) retrieved from /home/airflow/.local/lib/python3.7/site-packages/airflow/example_dags/example_latest_only_with_trigger.py
[2023-02-07T15:15:38.502+0000] {logging_mixin.py:137} INFO - [2023-02-07T15:15:38.502+0000] {dag.py:2690} INFO - Sync 1 DAGs
[2023-02-07T15:15:38.537+0000] {logging_mixin.py:137} INFO - [2023-02-07T15:15:38.537+0000] {dag.py:3441} INFO - Setting next_dagrun for latest_only_with_trigger to 2023-02-07T11:15:38.537426+00:00, run_after=2023-02-07T15:15:38.537426+00:00
[2023-02-07T15:15:38.568+0000] {processor.py:175} INFO - Processing /home/airflow/.local/lib/python3.7/site-packages/airflow/example_dags/example_latest_only_with_trigger.py took 0.115 seconds
[2023-02-07T15:16:09.044+0000] {processor.py:153} INFO - Started process (PID=4072) to work on /home/airflow/.local/lib/python3.7/site-packages/airflow/example_dags/example_latest_only_with_trigger.py
[2023-02-07T15:16:09.045+0000] {processor.py:743} INFO - Processing file /home/airflow/.local/lib/python3.7/site-packages/airflow/example_dags/example_latest_only_with_trigger.py for tasks to queue
[2023-02-07T15:16:09.046+0000] {logging_mixin.py:137} INFO - [2023-02-07T15:16:09.046+0000] {dagbag.py:538} INFO - Filling up the DagBag from /home/airflow/.local/lib/python3.7/site-packages/airflow/example_dags/example_latest_only_with_trigger.py
[2023-02-07T15:16:09.060+0000] {processor.py:753} INFO - DAG(s) dict_keys(['latest_only_with_trigger']) retrieved from /home/airflow/.local/lib/python3.7/site-packages/airflow/example_dags/example_latest_only_with_trigger.py
[2023-02-07T15:16:09.089+0000] {logging_mixin.py:137} INFO - [2023-02-07T15:16:09.089+0000] {dag.py:2690} INFO - Sync 1 DAGs
[2023-02-07T15:16:09.123+0000] {logging_mixin.py:137} INFO - [2023-02-07T15:16:09.122+0000] {dag.py:3441} INFO - Setting next_dagrun for latest_only_with_trigger to 2023-02-07T11:16:09.122633+00:00, run_after=2023-02-07T15:16:09.122633+00:00
[2023-02-07T15:16:09.152+0000] {processor.py:175} INFO - Processing /home/airflow/.local/lib/python3.7/site-packages/airflow/example_dags/example_latest_only_with_trigger.py took 0.113 seconds
[2023-02-07T15:16:39.397+0000] {processor.py:153} INFO - Started process (PID=4149) to work on /home/airflow/.local/lib/python3.7/site-packages/airflow/example_dags/example_latest_only_with_trigger.py
[2023-02-07T15:16:39.398+0000] {processor.py:743} INFO - Processing file /home/airflow/.local/lib/python3.7/site-packages/airflow/example_dags/example_latest_only_with_trigger.py for tasks to queue
[2023-02-07T15:16:39.399+0000] {logging_mixin.py:137} INFO - [2023-02-07T15:16:39.399+0000] {dagbag.py:538} INFO - Filling up the DagBag from /home/airflow/.local/lib/python3.7/site-packages/airflow/example_dags/example_latest_only_with_trigger.py
[2023-02-07T15:16:39.412+0000] {processor.py:753} INFO - DAG(s) dict_keys(['latest_only_with_trigger']) retrieved from /home/airflow/.local/lib/python3.7/site-packages/airflow/example_dags/example_latest_only_with_trigger.py
[2023-02-07T15:16:39.441+0000] {logging_mixin.py:137} INFO - [2023-02-07T15:16:39.441+0000] {dag.py:2690} INFO - Sync 1 DAGs
[2023-02-07T15:16:39.477+0000] {logging_mixin.py:137} INFO - [2023-02-07T15:16:39.477+0000] {dag.py:3441} INFO - Setting next_dagrun for latest_only_with_trigger to 2023-02-07T11:16:39.476696+00:00, run_after=2023-02-07T15:16:39.476696+00:00
[2023-02-07T15:16:39.505+0000] {processor.py:175} INFO - Processing /home/airflow/.local/lib/python3.7/site-packages/airflow/example_dags/example_latest_only_with_trigger.py took 0.112 seconds
