[2023-02-07T14:47:36.707+0000] {processor.py:153} INFO - Started process (PID=93) to work on /home/airflow/.local/lib/python3.7/site-packages/airflow/example_dags/example_latest_only.py
[2023-02-07T14:47:36.708+0000] {processor.py:743} INFO - Processing file /home/airflow/.local/lib/python3.7/site-packages/airflow/example_dags/example_latest_only.py for tasks to queue
[2023-02-07T14:47:36.709+0000] {logging_mixin.py:137} INFO - [2023-02-07T14:47:36.708+0000] {dagbag.py:538} INFO - Filling up the DagBag from /home/airflow/.local/lib/python3.7/site-packages/airflow/example_dags/example_latest_only.py
[2023-02-07T14:47:36.726+0000] {processor.py:753} INFO - DAG(s) dict_keys(['latest_only']) retrieved from /home/airflow/.local/lib/python3.7/site-packages/airflow/example_dags/example_latest_only.py
[2023-02-07T14:47:36.757+0000] {logging_mixin.py:137} INFO - [2023-02-07T14:47:36.756+0000] {dag.py:2690} INFO - Sync 1 DAGs
[2023-02-07T14:47:36.786+0000] {logging_mixin.py:137} INFO - [2023-02-07T14:47:36.785+0000] {dag.py:3441} INFO - Setting next_dagrun for latest_only to 2023-02-07T10:47:36.785593+00:00, run_after=2023-02-07T14:47:36.785593+00:00
[2023-02-07T14:47:36.817+0000] {processor.py:175} INFO - Processing /home/airflow/.local/lib/python3.7/site-packages/airflow/example_dags/example_latest_only.py took 0.115 seconds
[2023-02-07T14:48:06.949+0000] {processor.py:153} INFO - Started process (PID=158) to work on /home/airflow/.local/lib/python3.7/site-packages/airflow/example_dags/example_latest_only.py
[2023-02-07T14:48:06.950+0000] {processor.py:743} INFO - Processing file /home/airflow/.local/lib/python3.7/site-packages/airflow/example_dags/example_latest_only.py for tasks to queue
[2023-02-07T14:48:06.950+0000] {logging_mixin.py:137} INFO - [2023-02-07T14:48:06.950+0000] {dagbag.py:538} INFO - Filling up the DagBag from /home/airflow/.local/lib/python3.7/site-packages/airflow/example_dags/example_latest_only.py
[2023-02-07T14:48:06.963+0000] {processor.py:753} INFO - DAG(s) dict_keys(['latest_only']) retrieved from /home/airflow/.local/lib/python3.7/site-packages/airflow/example_dags/example_latest_only.py
[2023-02-07T14:48:06.987+0000] {logging_mixin.py:137} INFO - [2023-02-07T14:48:06.987+0000] {dag.py:2690} INFO - Sync 1 DAGs
[2023-02-07T14:48:07.011+0000] {logging_mixin.py:137} INFO - [2023-02-07T14:48:07.011+0000] {dag.py:3441} INFO - Setting next_dagrun for latest_only to 2023-02-07T10:48:07.011086+00:00, run_after=2023-02-07T14:48:07.011086+00:00
[2023-02-07T14:48:07.036+0000] {processor.py:175} INFO - Processing /home/airflow/.local/lib/python3.7/site-packages/airflow/example_dags/example_latest_only.py took 0.090 seconds
[2023-02-07T14:48:37.800+0000] {processor.py:153} INFO - Started process (PID=235) to work on /home/airflow/.local/lib/python3.7/site-packages/airflow/example_dags/example_latest_only.py
[2023-02-07T14:48:37.802+0000] {processor.py:743} INFO - Processing file /home/airflow/.local/lib/python3.7/site-packages/airflow/example_dags/example_latest_only.py for tasks to queue
[2023-02-07T14:48:37.802+0000] {logging_mixin.py:137} INFO - [2023-02-07T14:48:37.802+0000] {dagbag.py:538} INFO - Filling up the DagBag from /home/airflow/.local/lib/python3.7/site-packages/airflow/example_dags/example_latest_only.py
[2023-02-07T14:48:37.827+0000] {processor.py:753} INFO - DAG(s) dict_keys(['latest_only']) retrieved from /home/airflow/.local/lib/python3.7/site-packages/airflow/example_dags/example_latest_only.py
[2023-02-07T14:48:37.878+0000] {logging_mixin.py:137} INFO - [2023-02-07T14:48:37.878+0000] {dag.py:2690} INFO - Sync 1 DAGs
[2023-02-07T14:48:37.913+0000] {logging_mixin.py:137} INFO - [2023-02-07T14:48:37.913+0000] {dag.py:3441} INFO - Setting next_dagrun for latest_only to 2023-02-07T10:48:37.913374+00:00, run_after=2023-02-07T14:48:37.913374+00:00
[2023-02-07T14:48:37.945+0000] {processor.py:175} INFO - Processing /home/airflow/.local/lib/python3.7/site-packages/airflow/example_dags/example_latest_only.py took 0.149 seconds
[2023-02-07T14:49:08.627+0000] {processor.py:153} INFO - Started process (PID=301) to work on /home/airflow/.local/lib/python3.7/site-packages/airflow/example_dags/example_latest_only.py
[2023-02-07T14:49:08.628+0000] {processor.py:743} INFO - Processing file /home/airflow/.local/lib/python3.7/site-packages/airflow/example_dags/example_latest_only.py for tasks to queue
[2023-02-07T14:49:08.628+0000] {logging_mixin.py:137} INFO - [2023-02-07T14:49:08.628+0000] {dagbag.py:538} INFO - Filling up the DagBag from /home/airflow/.local/lib/python3.7/site-packages/airflow/example_dags/example_latest_only.py
[2023-02-07T14:49:08.643+0000] {processor.py:753} INFO - DAG(s) dict_keys(['latest_only']) retrieved from /home/airflow/.local/lib/python3.7/site-packages/airflow/example_dags/example_latest_only.py
[2023-02-07T14:49:08.665+0000] {logging_mixin.py:137} INFO - [2023-02-07T14:49:08.665+0000] {dag.py:2690} INFO - Sync 1 DAGs
[2023-02-07T14:49:08.690+0000] {logging_mixin.py:137} INFO - [2023-02-07T14:49:08.690+0000] {dag.py:3441} INFO - Setting next_dagrun for latest_only to 2023-02-07T10:49:08.690377+00:00, run_after=2023-02-07T14:49:08.690377+00:00
[2023-02-07T14:49:08.716+0000] {processor.py:175} INFO - Processing /home/airflow/.local/lib/python3.7/site-packages/airflow/example_dags/example_latest_only.py took 0.092 seconds
[2023-02-07T14:49:39.860+0000] {processor.py:153} INFO - Started process (PID=381) to work on /home/airflow/.local/lib/python3.7/site-packages/airflow/example_dags/example_latest_only.py
[2023-02-07T14:49:39.861+0000] {processor.py:743} INFO - Processing file /home/airflow/.local/lib/python3.7/site-packages/airflow/example_dags/example_latest_only.py for tasks to queue
[2023-02-07T14:49:39.862+0000] {logging_mixin.py:137} INFO - [2023-02-07T14:49:39.861+0000] {dagbag.py:538} INFO - Filling up the DagBag from /home/airflow/.local/lib/python3.7/site-packages/airflow/example_dags/example_latest_only.py
[2023-02-07T14:49:39.878+0000] {processor.py:753} INFO - DAG(s) dict_keys(['latest_only']) retrieved from /home/airflow/.local/lib/python3.7/site-packages/airflow/example_dags/example_latest_only.py
[2023-02-07T14:49:39.915+0000] {logging_mixin.py:137} INFO - [2023-02-07T14:49:39.915+0000] {dag.py:2690} INFO - Sync 1 DAGs
[2023-02-07T14:49:39.948+0000] {logging_mixin.py:137} INFO - [2023-02-07T14:49:39.948+0000] {dag.py:3441} INFO - Setting next_dagrun for latest_only to 2023-02-07T10:49:39.948122+00:00, run_after=2023-02-07T14:49:39.948122+00:00
[2023-02-07T14:49:39.972+0000] {processor.py:175} INFO - Processing /home/airflow/.local/lib/python3.7/site-packages/airflow/example_dags/example_latest_only.py took 0.117 seconds
[2023-02-07T14:50:10.862+0000] {processor.py:153} INFO - Started process (PID=447) to work on /home/airflow/.local/lib/python3.7/site-packages/airflow/example_dags/example_latest_only.py
[2023-02-07T14:50:10.863+0000] {processor.py:743} INFO - Processing file /home/airflow/.local/lib/python3.7/site-packages/airflow/example_dags/example_latest_only.py for tasks to queue
[2023-02-07T14:50:10.864+0000] {logging_mixin.py:137} INFO - [2023-02-07T14:50:10.864+0000] {dagbag.py:538} INFO - Filling up the DagBag from /home/airflow/.local/lib/python3.7/site-packages/airflow/example_dags/example_latest_only.py
[2023-02-07T14:50:10.877+0000] {processor.py:753} INFO - DAG(s) dict_keys(['latest_only']) retrieved from /home/airflow/.local/lib/python3.7/site-packages/airflow/example_dags/example_latest_only.py
[2023-02-07T14:50:10.914+0000] {logging_mixin.py:137} INFO - [2023-02-07T14:50:10.914+0000] {dag.py:2690} INFO - Sync 1 DAGs
[2023-02-07T14:50:10.949+0000] {logging_mixin.py:137} INFO - [2023-02-07T14:50:10.949+0000] {dag.py:3441} INFO - Setting next_dagrun for latest_only to 2023-02-07T10:50:10.949322+00:00, run_after=2023-02-07T14:50:10.949322+00:00
[2023-02-07T14:50:10.984+0000] {processor.py:175} INFO - Processing /home/airflow/.local/lib/python3.7/site-packages/airflow/example_dags/example_latest_only.py took 0.126 seconds
[2023-02-07T14:50:41.361+0000] {processor.py:153} INFO - Started process (PID=526) to work on /home/airflow/.local/lib/python3.7/site-packages/airflow/example_dags/example_latest_only.py
[2023-02-07T14:50:41.362+0000] {processor.py:743} INFO - Processing file /home/airflow/.local/lib/python3.7/site-packages/airflow/example_dags/example_latest_only.py for tasks to queue
[2023-02-07T14:50:41.363+0000] {logging_mixin.py:137} INFO - [2023-02-07T14:50:41.363+0000] {dagbag.py:538} INFO - Filling up the DagBag from /home/airflow/.local/lib/python3.7/site-packages/airflow/example_dags/example_latest_only.py
[2023-02-07T14:50:41.384+0000] {processor.py:753} INFO - DAG(s) dict_keys(['latest_only']) retrieved from /home/airflow/.local/lib/python3.7/site-packages/airflow/example_dags/example_latest_only.py
[2023-02-07T14:50:41.444+0000] {logging_mixin.py:137} INFO - [2023-02-07T14:50:41.444+0000] {dag.py:2690} INFO - Sync 1 DAGs
[2023-02-07T14:50:41.478+0000] {logging_mixin.py:137} INFO - [2023-02-07T14:50:41.478+0000] {dag.py:3441} INFO - Setting next_dagrun for latest_only to 2023-02-07T10:50:41.478335+00:00, run_after=2023-02-07T14:50:41.478335+00:00
[2023-02-07T14:50:41.516+0000] {processor.py:175} INFO - Processing /home/airflow/.local/lib/python3.7/site-packages/airflow/example_dags/example_latest_only.py took 0.161 seconds
[2023-02-07T14:51:12.532+0000] {processor.py:153} INFO - Started process (PID=591) to work on /home/airflow/.local/lib/python3.7/site-packages/airflow/example_dags/example_latest_only.py
[2023-02-07T14:51:12.533+0000] {processor.py:743} INFO - Processing file /home/airflow/.local/lib/python3.7/site-packages/airflow/example_dags/example_latest_only.py for tasks to queue
[2023-02-07T14:51:12.533+0000] {logging_mixin.py:137} INFO - [2023-02-07T14:51:12.533+0000] {dagbag.py:538} INFO - Filling up the DagBag from /home/airflow/.local/lib/python3.7/site-packages/airflow/example_dags/example_latest_only.py
[2023-02-07T14:51:12.547+0000] {processor.py:753} INFO - DAG(s) dict_keys(['latest_only']) retrieved from /home/airflow/.local/lib/python3.7/site-packages/airflow/example_dags/example_latest_only.py
[2023-02-07T14:51:12.577+0000] {logging_mixin.py:137} INFO - [2023-02-07T14:51:12.577+0000] {dag.py:2690} INFO - Sync 1 DAGs
[2023-02-07T14:51:12.606+0000] {logging_mixin.py:137} INFO - [2023-02-07T14:51:12.606+0000] {dag.py:3441} INFO - Setting next_dagrun for latest_only to 2023-02-07T10:51:12.605824+00:00, run_after=2023-02-07T14:51:12.605824+00:00
[2023-02-07T14:51:12.637+0000] {processor.py:175} INFO - Processing /home/airflow/.local/lib/python3.7/site-packages/airflow/example_dags/example_latest_only.py took 0.110 seconds
[2023-02-07T14:51:43.138+0000] {processor.py:153} INFO - Started process (PID=668) to work on /home/airflow/.local/lib/python3.7/site-packages/airflow/example_dags/example_latest_only.py
[2023-02-07T14:51:43.139+0000] {processor.py:743} INFO - Processing file /home/airflow/.local/lib/python3.7/site-packages/airflow/example_dags/example_latest_only.py for tasks to queue
[2023-02-07T14:51:43.140+0000] {logging_mixin.py:137} INFO - [2023-02-07T14:51:43.140+0000] {dagbag.py:538} INFO - Filling up the DagBag from /home/airflow/.local/lib/python3.7/site-packages/airflow/example_dags/example_latest_only.py
[2023-02-07T14:51:43.158+0000] {processor.py:753} INFO - DAG(s) dict_keys(['latest_only']) retrieved from /home/airflow/.local/lib/python3.7/site-packages/airflow/example_dags/example_latest_only.py
[2023-02-07T14:51:43.213+0000] {logging_mixin.py:137} INFO - [2023-02-07T14:51:43.212+0000] {dag.py:2690} INFO - Sync 1 DAGs
[2023-02-07T14:51:43.250+0000] {logging_mixin.py:137} INFO - [2023-02-07T14:51:43.250+0000] {dag.py:3441} INFO - Setting next_dagrun for latest_only to 2023-02-07T10:51:43.250183+00:00, run_after=2023-02-07T14:51:43.250183+00:00
[2023-02-07T14:51:43.289+0000] {processor.py:175} INFO - Processing /home/airflow/.local/lib/python3.7/site-packages/airflow/example_dags/example_latest_only.py took 0.155 seconds
[2023-02-07T14:52:13.476+0000] {processor.py:153} INFO - Started process (PID=734) to work on /home/airflow/.local/lib/python3.7/site-packages/airflow/example_dags/example_latest_only.py
[2023-02-07T14:52:13.478+0000] {processor.py:743} INFO - Processing file /home/airflow/.local/lib/python3.7/site-packages/airflow/example_dags/example_latest_only.py for tasks to queue
[2023-02-07T14:52:13.479+0000] {logging_mixin.py:137} INFO - [2023-02-07T14:52:13.479+0000] {dagbag.py:538} INFO - Filling up the DagBag from /home/airflow/.local/lib/python3.7/site-packages/airflow/example_dags/example_latest_only.py
[2023-02-07T14:52:13.496+0000] {processor.py:753} INFO - DAG(s) dict_keys(['latest_only']) retrieved from /home/airflow/.local/lib/python3.7/site-packages/airflow/example_dags/example_latest_only.py
[2023-02-07T14:52:13.529+0000] {logging_mixin.py:137} INFO - [2023-02-07T14:52:13.529+0000] {dag.py:2690} INFO - Sync 1 DAGs
[2023-02-07T14:52:13.563+0000] {logging_mixin.py:137} INFO - [2023-02-07T14:52:13.563+0000] {dag.py:3441} INFO - Setting next_dagrun for latest_only to 2023-02-07T10:52:13.563164+00:00, run_after=2023-02-07T14:52:13.563164+00:00
[2023-02-07T14:52:13.595+0000] {processor.py:175} INFO - Processing /home/airflow/.local/lib/python3.7/site-packages/airflow/example_dags/example_latest_only.py took 0.124 seconds
[2023-02-07T14:52:43.791+0000] {processor.py:153} INFO - Started process (PID=808) to work on /home/airflow/.local/lib/python3.7/site-packages/airflow/example_dags/example_latest_only.py
[2023-02-07T14:52:43.792+0000] {processor.py:743} INFO - Processing file /home/airflow/.local/lib/python3.7/site-packages/airflow/example_dags/example_latest_only.py for tasks to queue
[2023-02-07T14:52:43.793+0000] {logging_mixin.py:137} INFO - [2023-02-07T14:52:43.792+0000] {dagbag.py:538} INFO - Filling up the DagBag from /home/airflow/.local/lib/python3.7/site-packages/airflow/example_dags/example_latest_only.py
[2023-02-07T14:52:43.810+0000] {processor.py:753} INFO - DAG(s) dict_keys(['latest_only']) retrieved from /home/airflow/.local/lib/python3.7/site-packages/airflow/example_dags/example_latest_only.py
[2023-02-07T14:52:43.842+0000] {logging_mixin.py:137} INFO - [2023-02-07T14:52:43.842+0000] {dag.py:2690} INFO - Sync 1 DAGs
[2023-02-07T14:52:43.877+0000] {logging_mixin.py:137} INFO - [2023-02-07T14:52:43.876+0000] {dag.py:3441} INFO - Setting next_dagrun for latest_only to 2023-02-07T10:52:43.876654+00:00, run_after=2023-02-07T14:52:43.876654+00:00
[2023-02-07T14:52:43.913+0000] {processor.py:175} INFO - Processing /home/airflow/.local/lib/python3.7/site-packages/airflow/example_dags/example_latest_only.py took 0.127 seconds
[2023-02-07T14:53:14.731+0000] {processor.py:153} INFO - Started process (PID=876) to work on /home/airflow/.local/lib/python3.7/site-packages/airflow/example_dags/example_latest_only.py
[2023-02-07T14:53:14.733+0000] {processor.py:743} INFO - Processing file /home/airflow/.local/lib/python3.7/site-packages/airflow/example_dags/example_latest_only.py for tasks to queue
[2023-02-07T14:53:14.733+0000] {logging_mixin.py:137} INFO - [2023-02-07T14:53:14.733+0000] {dagbag.py:538} INFO - Filling up the DagBag from /home/airflow/.local/lib/python3.7/site-packages/airflow/example_dags/example_latest_only.py
[2023-02-07T14:53:14.746+0000] {processor.py:753} INFO - DAG(s) dict_keys(['latest_only']) retrieved from /home/airflow/.local/lib/python3.7/site-packages/airflow/example_dags/example_latest_only.py
[2023-02-07T14:53:14.769+0000] {logging_mixin.py:137} INFO - [2023-02-07T14:53:14.769+0000] {dag.py:2690} INFO - Sync 1 DAGs
[2023-02-07T14:53:14.797+0000] {logging_mixin.py:137} INFO - [2023-02-07T14:53:14.797+0000] {dag.py:3441} INFO - Setting next_dagrun for latest_only to 2023-02-07T10:53:14.797104+00:00, run_after=2023-02-07T14:53:14.797104+00:00
[2023-02-07T14:53:14.832+0000] {processor.py:175} INFO - Processing /home/airflow/.local/lib/python3.7/site-packages/airflow/example_dags/example_latest_only.py took 0.106 seconds
[2023-02-07T14:53:45.533+0000] {processor.py:153} INFO - Started process (PID=953) to work on /home/airflow/.local/lib/python3.7/site-packages/airflow/example_dags/example_latest_only.py
[2023-02-07T14:53:45.533+0000] {processor.py:743} INFO - Processing file /home/airflow/.local/lib/python3.7/site-packages/airflow/example_dags/example_latest_only.py for tasks to queue
[2023-02-07T14:53:45.534+0000] {logging_mixin.py:137} INFO - [2023-02-07T14:53:45.534+0000] {dagbag.py:538} INFO - Filling up the DagBag from /home/airflow/.local/lib/python3.7/site-packages/airflow/example_dags/example_latest_only.py
[2023-02-07T14:53:45.548+0000] {processor.py:753} INFO - DAG(s) dict_keys(['latest_only']) retrieved from /home/airflow/.local/lib/python3.7/site-packages/airflow/example_dags/example_latest_only.py
[2023-02-07T14:53:45.575+0000] {logging_mixin.py:137} INFO - [2023-02-07T14:53:45.575+0000] {dag.py:2690} INFO - Sync 1 DAGs
[2023-02-07T14:53:45.607+0000] {logging_mixin.py:137} INFO - [2023-02-07T14:53:45.606+0000] {dag.py:3441} INFO - Setting next_dagrun for latest_only to 2023-02-07T10:53:45.606710+00:00, run_after=2023-02-07T14:53:45.606710+00:00
[2023-02-07T14:53:45.632+0000] {processor.py:175} INFO - Processing /home/airflow/.local/lib/python3.7/site-packages/airflow/example_dags/example_latest_only.py took 0.103 seconds
[2023-02-07T14:54:15.752+0000] {processor.py:153} INFO - Started process (PID=1019) to work on /home/airflow/.local/lib/python3.7/site-packages/airflow/example_dags/example_latest_only.py
[2023-02-07T14:54:15.753+0000] {processor.py:743} INFO - Processing file /home/airflow/.local/lib/python3.7/site-packages/airflow/example_dags/example_latest_only.py for tasks to queue
[2023-02-07T14:54:15.753+0000] {logging_mixin.py:137} INFO - [2023-02-07T14:54:15.753+0000] {dagbag.py:538} INFO - Filling up the DagBag from /home/airflow/.local/lib/python3.7/site-packages/airflow/example_dags/example_latest_only.py
[2023-02-07T14:54:15.766+0000] {processor.py:753} INFO - DAG(s) dict_keys(['latest_only']) retrieved from /home/airflow/.local/lib/python3.7/site-packages/airflow/example_dags/example_latest_only.py
[2023-02-07T14:54:15.794+0000] {logging_mixin.py:137} INFO - [2023-02-07T14:54:15.793+0000] {dag.py:2690} INFO - Sync 1 DAGs
[2023-02-07T14:54:15.826+0000] {logging_mixin.py:137} INFO - [2023-02-07T14:54:15.826+0000] {dag.py:3441} INFO - Setting next_dagrun for latest_only to 2023-02-07T10:54:15.825834+00:00, run_after=2023-02-07T14:54:15.825834+00:00
[2023-02-07T14:54:15.850+0000] {processor.py:175} INFO - Processing /home/airflow/.local/lib/python3.7/site-packages/airflow/example_dags/example_latest_only.py took 0.102 seconds
[2023-02-07T14:54:47.023+0000] {processor.py:153} INFO - Started process (PID=1096) to work on /home/airflow/.local/lib/python3.7/site-packages/airflow/example_dags/example_latest_only.py
[2023-02-07T14:54:47.028+0000] {processor.py:743} INFO - Processing file /home/airflow/.local/lib/python3.7/site-packages/airflow/example_dags/example_latest_only.py for tasks to queue
[2023-02-07T14:54:47.028+0000] {logging_mixin.py:137} INFO - [2023-02-07T14:54:47.028+0000] {dagbag.py:538} INFO - Filling up the DagBag from /home/airflow/.local/lib/python3.7/site-packages/airflow/example_dags/example_latest_only.py
[2023-02-07T14:54:47.044+0000] {processor.py:753} INFO - DAG(s) dict_keys(['latest_only']) retrieved from /home/airflow/.local/lib/python3.7/site-packages/airflow/example_dags/example_latest_only.py
[2023-02-07T14:54:47.075+0000] {logging_mixin.py:137} INFO - [2023-02-07T14:54:47.074+0000] {dag.py:2690} INFO - Sync 1 DAGs
[2023-02-07T14:54:47.115+0000] {logging_mixin.py:137} INFO - [2023-02-07T14:54:47.115+0000] {dag.py:3441} INFO - Setting next_dagrun for latest_only to 2023-02-07T10:54:47.115439+00:00, run_after=2023-02-07T14:54:47.115439+00:00
[2023-02-07T14:54:47.152+0000] {processor.py:175} INFO - Processing /home/airflow/.local/lib/python3.7/site-packages/airflow/example_dags/example_latest_only.py took 0.134 seconds
[2023-02-07T14:55:17.470+0000] {processor.py:153} INFO - Started process (PID=1165) to work on /home/airflow/.local/lib/python3.7/site-packages/airflow/example_dags/example_latest_only.py
[2023-02-07T14:55:17.470+0000] {processor.py:743} INFO - Processing file /home/airflow/.local/lib/python3.7/site-packages/airflow/example_dags/example_latest_only.py for tasks to queue
[2023-02-07T14:55:17.471+0000] {logging_mixin.py:137} INFO - [2023-02-07T14:55:17.471+0000] {dagbag.py:538} INFO - Filling up the DagBag from /home/airflow/.local/lib/python3.7/site-packages/airflow/example_dags/example_latest_only.py
[2023-02-07T14:55:17.484+0000] {processor.py:753} INFO - DAG(s) dict_keys(['latest_only']) retrieved from /home/airflow/.local/lib/python3.7/site-packages/airflow/example_dags/example_latest_only.py
[2023-02-07T14:55:17.509+0000] {logging_mixin.py:137} INFO - [2023-02-07T14:55:17.509+0000] {dag.py:2690} INFO - Sync 1 DAGs
[2023-02-07T14:55:17.532+0000] {logging_mixin.py:137} INFO - [2023-02-07T14:55:17.532+0000] {dag.py:3441} INFO - Setting next_dagrun for latest_only to 2023-02-07T10:55:17.532372+00:00, run_after=2023-02-07T14:55:17.532372+00:00
[2023-02-07T14:55:17.560+0000] {processor.py:175} INFO - Processing /home/airflow/.local/lib/python3.7/site-packages/airflow/example_dags/example_latest_only.py took 0.094 seconds
[2023-02-07T14:55:48.589+0000] {processor.py:153} INFO - Started process (PID=1238) to work on /home/airflow/.local/lib/python3.7/site-packages/airflow/example_dags/example_latest_only.py
[2023-02-07T14:55:48.594+0000] {processor.py:743} INFO - Processing file /home/airflow/.local/lib/python3.7/site-packages/airflow/example_dags/example_latest_only.py for tasks to queue
[2023-02-07T14:55:48.595+0000] {logging_mixin.py:137} INFO - [2023-02-07T14:55:48.594+0000] {dagbag.py:538} INFO - Filling up the DagBag from /home/airflow/.local/lib/python3.7/site-packages/airflow/example_dags/example_latest_only.py
[2023-02-07T14:55:48.616+0000] {processor.py:753} INFO - DAG(s) dict_keys(['latest_only']) retrieved from /home/airflow/.local/lib/python3.7/site-packages/airflow/example_dags/example_latest_only.py
[2023-02-07T14:55:48.653+0000] {logging_mixin.py:137} INFO - [2023-02-07T14:55:48.653+0000] {dag.py:2690} INFO - Sync 1 DAGs
[2023-02-07T14:55:48.691+0000] {logging_mixin.py:137} INFO - [2023-02-07T14:55:48.691+0000] {dag.py:3441} INFO - Setting next_dagrun for latest_only to 2023-02-07T10:55:48.690855+00:00, run_after=2023-02-07T14:55:48.690855+00:00
[2023-02-07T14:55:48.729+0000] {processor.py:175} INFO - Processing /home/airflow/.local/lib/python3.7/site-packages/airflow/example_dags/example_latest_only.py took 0.144 seconds
[2023-02-07T14:56:19.325+0000] {processor.py:153} INFO - Started process (PID=1308) to work on /home/airflow/.local/lib/python3.7/site-packages/airflow/example_dags/example_latest_only.py
[2023-02-07T14:56:19.326+0000] {processor.py:743} INFO - Processing file /home/airflow/.local/lib/python3.7/site-packages/airflow/example_dags/example_latest_only.py for tasks to queue
[2023-02-07T14:56:19.327+0000] {logging_mixin.py:137} INFO - [2023-02-07T14:56:19.327+0000] {dagbag.py:538} INFO - Filling up the DagBag from /home/airflow/.local/lib/python3.7/site-packages/airflow/example_dags/example_latest_only.py
[2023-02-07T14:56:19.344+0000] {processor.py:753} INFO - DAG(s) dict_keys(['latest_only']) retrieved from /home/airflow/.local/lib/python3.7/site-packages/airflow/example_dags/example_latest_only.py
[2023-02-07T14:56:19.375+0000] {logging_mixin.py:137} INFO - [2023-02-07T14:56:19.375+0000] {dag.py:2690} INFO - Sync 1 DAGs
[2023-02-07T14:56:19.411+0000] {logging_mixin.py:137} INFO - [2023-02-07T14:56:19.411+0000] {dag.py:3441} INFO - Setting next_dagrun for latest_only to 2023-02-07T10:56:19.410550+00:00, run_after=2023-02-07T14:56:19.410550+00:00
[2023-02-07T14:56:19.440+0000] {processor.py:175} INFO - Processing /home/airflow/.local/lib/python3.7/site-packages/airflow/example_dags/example_latest_only.py took 0.120 seconds
[2023-02-07T14:56:50.311+0000] {processor.py:153} INFO - Started process (PID=1374) to work on /home/airflow/.local/lib/python3.7/site-packages/airflow/example_dags/example_latest_only.py
[2023-02-07T14:56:50.312+0000] {processor.py:743} INFO - Processing file /home/airflow/.local/lib/python3.7/site-packages/airflow/example_dags/example_latest_only.py for tasks to queue
[2023-02-07T14:56:50.313+0000] {logging_mixin.py:137} INFO - [2023-02-07T14:56:50.313+0000] {dagbag.py:538} INFO - Filling up the DagBag from /home/airflow/.local/lib/python3.7/site-packages/airflow/example_dags/example_latest_only.py
[2023-02-07T14:56:50.327+0000] {processor.py:753} INFO - DAG(s) dict_keys(['latest_only']) retrieved from /home/airflow/.local/lib/python3.7/site-packages/airflow/example_dags/example_latest_only.py
[2023-02-07T14:56:50.360+0000] {logging_mixin.py:137} INFO - [2023-02-07T14:56:50.360+0000] {dag.py:2690} INFO - Sync 1 DAGs
[2023-02-07T14:56:50.397+0000] {logging_mixin.py:137} INFO - [2023-02-07T14:56:50.397+0000] {dag.py:3441} INFO - Setting next_dagrun for latest_only to 2023-02-07T10:56:50.397444+00:00, run_after=2023-02-07T14:56:50.397444+00:00
[2023-02-07T14:56:50.429+0000] {processor.py:175} INFO - Processing /home/airflow/.local/lib/python3.7/site-packages/airflow/example_dags/example_latest_only.py took 0.122 seconds
[2023-02-07T14:57:21.473+0000] {processor.py:153} INFO - Started process (PID=1452) to work on /home/airflow/.local/lib/python3.7/site-packages/airflow/example_dags/example_latest_only.py
[2023-02-07T14:57:21.474+0000] {processor.py:743} INFO - Processing file /home/airflow/.local/lib/python3.7/site-packages/airflow/example_dags/example_latest_only.py for tasks to queue
[2023-02-07T14:57:21.475+0000] {logging_mixin.py:137} INFO - [2023-02-07T14:57:21.475+0000] {dagbag.py:538} INFO - Filling up the DagBag from /home/airflow/.local/lib/python3.7/site-packages/airflow/example_dags/example_latest_only.py
[2023-02-07T14:57:21.488+0000] {processor.py:753} INFO - DAG(s) dict_keys(['latest_only']) retrieved from /home/airflow/.local/lib/python3.7/site-packages/airflow/example_dags/example_latest_only.py
[2023-02-07T14:57:21.512+0000] {logging_mixin.py:137} INFO - [2023-02-07T14:57:21.512+0000] {dag.py:2690} INFO - Sync 1 DAGs
[2023-02-07T14:57:21.561+0000] {logging_mixin.py:137} INFO - [2023-02-07T14:57:21.560+0000] {dag.py:3441} INFO - Setting next_dagrun for latest_only to 2023-02-07T10:57:21.560624+00:00, run_after=2023-02-07T14:57:21.560624+00:00
[2023-02-07T14:57:21.599+0000] {processor.py:175} INFO - Processing /home/airflow/.local/lib/python3.7/site-packages/airflow/example_dags/example_latest_only.py took 0.129 seconds
[2023-02-07T14:57:52.159+0000] {processor.py:153} INFO - Started process (PID=1517) to work on /home/airflow/.local/lib/python3.7/site-packages/airflow/example_dags/example_latest_only.py
[2023-02-07T14:57:52.166+0000] {processor.py:743} INFO - Processing file /home/airflow/.local/lib/python3.7/site-packages/airflow/example_dags/example_latest_only.py for tasks to queue
[2023-02-07T14:57:52.167+0000] {logging_mixin.py:137} INFO - [2023-02-07T14:57:52.167+0000] {dagbag.py:538} INFO - Filling up the DagBag from /home/airflow/.local/lib/python3.7/site-packages/airflow/example_dags/example_latest_only.py
[2023-02-07T14:57:52.181+0000] {processor.py:753} INFO - DAG(s) dict_keys(['latest_only']) retrieved from /home/airflow/.local/lib/python3.7/site-packages/airflow/example_dags/example_latest_only.py
[2023-02-07T14:57:52.207+0000] {logging_mixin.py:137} INFO - [2023-02-07T14:57:52.206+0000] {dag.py:2690} INFO - Sync 1 DAGs
[2023-02-07T14:57:52.233+0000] {logging_mixin.py:137} INFO - [2023-02-07T14:57:52.233+0000] {dag.py:3441} INFO - Setting next_dagrun for latest_only to 2023-02-07T10:57:52.233260+00:00, run_after=2023-02-07T14:57:52.233260+00:00
[2023-02-07T14:57:52.260+0000] {processor.py:175} INFO - Processing /home/airflow/.local/lib/python3.7/site-packages/airflow/example_dags/example_latest_only.py took 0.105 seconds
[2023-02-07T14:58:22.401+0000] {processor.py:153} INFO - Started process (PID=1594) to work on /home/airflow/.local/lib/python3.7/site-packages/airflow/example_dags/example_latest_only.py
[2023-02-07T14:58:22.402+0000] {processor.py:743} INFO - Processing file /home/airflow/.local/lib/python3.7/site-packages/airflow/example_dags/example_latest_only.py for tasks to queue
[2023-02-07T14:58:22.403+0000] {logging_mixin.py:137} INFO - [2023-02-07T14:58:22.402+0000] {dagbag.py:538} INFO - Filling up the DagBag from /home/airflow/.local/lib/python3.7/site-packages/airflow/example_dags/example_latest_only.py
[2023-02-07T14:58:22.415+0000] {processor.py:753} INFO - DAG(s) dict_keys(['latest_only']) retrieved from /home/airflow/.local/lib/python3.7/site-packages/airflow/example_dags/example_latest_only.py
[2023-02-07T14:58:22.444+0000] {logging_mixin.py:137} INFO - [2023-02-07T14:58:22.444+0000] {dag.py:2690} INFO - Sync 1 DAGs
[2023-02-07T14:58:22.476+0000] {logging_mixin.py:137} INFO - [2023-02-07T14:58:22.476+0000] {dag.py:3441} INFO - Setting next_dagrun for latest_only to 2023-02-07T10:58:22.476404+00:00, run_after=2023-02-07T14:58:22.476404+00:00
[2023-02-07T14:58:22.499+0000] {processor.py:175} INFO - Processing /home/airflow/.local/lib/python3.7/site-packages/airflow/example_dags/example_latest_only.py took 0.102 seconds
[2023-02-07T14:58:52.762+0000] {processor.py:153} INFO - Started process (PID=1659) to work on /home/airflow/.local/lib/python3.7/site-packages/airflow/example_dags/example_latest_only.py
[2023-02-07T14:58:52.764+0000] {processor.py:743} INFO - Processing file /home/airflow/.local/lib/python3.7/site-packages/airflow/example_dags/example_latest_only.py for tasks to queue
[2023-02-07T14:58:52.765+0000] {logging_mixin.py:137} INFO - [2023-02-07T14:58:52.764+0000] {dagbag.py:538} INFO - Filling up the DagBag from /home/airflow/.local/lib/python3.7/site-packages/airflow/example_dags/example_latest_only.py
[2023-02-07T14:58:52.781+0000] {processor.py:753} INFO - DAG(s) dict_keys(['latest_only']) retrieved from /home/airflow/.local/lib/python3.7/site-packages/airflow/example_dags/example_latest_only.py
[2023-02-07T14:58:52.810+0000] {logging_mixin.py:137} INFO - [2023-02-07T14:58:52.810+0000] {dag.py:2690} INFO - Sync 1 DAGs
[2023-02-07T14:58:52.847+0000] {logging_mixin.py:137} INFO - [2023-02-07T14:58:52.847+0000] {dag.py:3441} INFO - Setting next_dagrun for latest_only to 2023-02-07T10:58:52.846942+00:00, run_after=2023-02-07T14:58:52.846942+00:00
[2023-02-07T14:58:52.877+0000] {processor.py:175} INFO - Processing /home/airflow/.local/lib/python3.7/site-packages/airflow/example_dags/example_latest_only.py took 0.119 seconds
[2023-02-07T14:59:23.803+0000] {processor.py:153} INFO - Started process (PID=1737) to work on /home/airflow/.local/lib/python3.7/site-packages/airflow/example_dags/example_latest_only.py
[2023-02-07T14:59:23.804+0000] {processor.py:743} INFO - Processing file /home/airflow/.local/lib/python3.7/site-packages/airflow/example_dags/example_latest_only.py for tasks to queue
[2023-02-07T14:59:23.805+0000] {logging_mixin.py:137} INFO - [2023-02-07T14:59:23.804+0000] {dagbag.py:538} INFO - Filling up the DagBag from /home/airflow/.local/lib/python3.7/site-packages/airflow/example_dags/example_latest_only.py
[2023-02-07T14:59:23.818+0000] {processor.py:753} INFO - DAG(s) dict_keys(['latest_only']) retrieved from /home/airflow/.local/lib/python3.7/site-packages/airflow/example_dags/example_latest_only.py
[2023-02-07T14:59:23.842+0000] {logging_mixin.py:137} INFO - [2023-02-07T14:59:23.842+0000] {dag.py:2690} INFO - Sync 1 DAGs
[2023-02-07T14:59:23.865+0000] {logging_mixin.py:137} INFO - [2023-02-07T14:59:23.865+0000] {dag.py:3441} INFO - Setting next_dagrun for latest_only to 2023-02-07T10:59:23.865628+00:00, run_after=2023-02-07T14:59:23.865628+00:00
[2023-02-07T14:59:23.892+0000] {processor.py:175} INFO - Processing /home/airflow/.local/lib/python3.7/site-packages/airflow/example_dags/example_latest_only.py took 0.093 seconds
[2023-02-07T14:59:54.504+0000] {processor.py:153} INFO - Started process (PID=1802) to work on /home/airflow/.local/lib/python3.7/site-packages/airflow/example_dags/example_latest_only.py
[2023-02-07T14:59:54.505+0000] {processor.py:743} INFO - Processing file /home/airflow/.local/lib/python3.7/site-packages/airflow/example_dags/example_latest_only.py for tasks to queue
[2023-02-07T14:59:54.506+0000] {logging_mixin.py:137} INFO - [2023-02-07T14:59:54.506+0000] {dagbag.py:538} INFO - Filling up the DagBag from /home/airflow/.local/lib/python3.7/site-packages/airflow/example_dags/example_latest_only.py
[2023-02-07T14:59:54.521+0000] {processor.py:753} INFO - DAG(s) dict_keys(['latest_only']) retrieved from /home/airflow/.local/lib/python3.7/site-packages/airflow/example_dags/example_latest_only.py
[2023-02-07T14:59:54.550+0000] {logging_mixin.py:137} INFO - [2023-02-07T14:59:54.550+0000] {dag.py:2690} INFO - Sync 1 DAGs
[2023-02-07T14:59:54.584+0000] {logging_mixin.py:137} INFO - [2023-02-07T14:59:54.584+0000] {dag.py:3441} INFO - Setting next_dagrun for latest_only to 2023-02-07T10:59:54.583893+00:00, run_after=2023-02-07T14:59:54.583893+00:00
[2023-02-07T14:59:54.608+0000] {processor.py:175} INFO - Processing /home/airflow/.local/lib/python3.7/site-packages/airflow/example_dags/example_latest_only.py took 0.108 seconds
[2023-02-07T15:00:25.270+0000] {processor.py:153} INFO - Started process (PID=1880) to work on /home/airflow/.local/lib/python3.7/site-packages/airflow/example_dags/example_latest_only.py
[2023-02-07T15:00:25.271+0000] {processor.py:743} INFO - Processing file /home/airflow/.local/lib/python3.7/site-packages/airflow/example_dags/example_latest_only.py for tasks to queue
[2023-02-07T15:00:25.272+0000] {logging_mixin.py:137} INFO - [2023-02-07T15:00:25.272+0000] {dagbag.py:538} INFO - Filling up the DagBag from /home/airflow/.local/lib/python3.7/site-packages/airflow/example_dags/example_latest_only.py
[2023-02-07T15:00:25.286+0000] {processor.py:753} INFO - DAG(s) dict_keys(['latest_only']) retrieved from /home/airflow/.local/lib/python3.7/site-packages/airflow/example_dags/example_latest_only.py
[2023-02-07T15:00:25.311+0000] {logging_mixin.py:137} INFO - [2023-02-07T15:00:25.311+0000] {dag.py:2690} INFO - Sync 1 DAGs
[2023-02-07T15:00:25.334+0000] {logging_mixin.py:137} INFO - [2023-02-07T15:00:25.334+0000] {dag.py:3441} INFO - Setting next_dagrun for latest_only to 2023-02-07T11:00:25.334019+00:00, run_after=2023-02-07T15:00:25.334019+00:00
[2023-02-07T15:00:25.364+0000] {processor.py:175} INFO - Processing /home/airflow/.local/lib/python3.7/site-packages/airflow/example_dags/example_latest_only.py took 0.098 seconds
[2023-02-07T15:00:56.005+0000] {processor.py:153} INFO - Started process (PID=1945) to work on /home/airflow/.local/lib/python3.7/site-packages/airflow/example_dags/example_latest_only.py
[2023-02-07T15:00:56.009+0000] {processor.py:743} INFO - Processing file /home/airflow/.local/lib/python3.7/site-packages/airflow/example_dags/example_latest_only.py for tasks to queue
[2023-02-07T15:00:56.010+0000] {logging_mixin.py:137} INFO - [2023-02-07T15:00:56.010+0000] {dagbag.py:538} INFO - Filling up the DagBag from /home/airflow/.local/lib/python3.7/site-packages/airflow/example_dags/example_latest_only.py
[2023-02-07T15:00:56.026+0000] {processor.py:753} INFO - DAG(s) dict_keys(['latest_only']) retrieved from /home/airflow/.local/lib/python3.7/site-packages/airflow/example_dags/example_latest_only.py
[2023-02-07T15:00:56.052+0000] {logging_mixin.py:137} INFO - [2023-02-07T15:00:56.052+0000] {dag.py:2690} INFO - Sync 1 DAGs
[2023-02-07T15:00:56.079+0000] {logging_mixin.py:137} INFO - [2023-02-07T15:00:56.078+0000] {dag.py:3441} INFO - Setting next_dagrun for latest_only to 2023-02-07T11:00:56.078581+00:00, run_after=2023-02-07T15:00:56.078581+00:00
[2023-02-07T15:00:56.108+0000] {processor.py:175} INFO - Processing /home/airflow/.local/lib/python3.7/site-packages/airflow/example_dags/example_latest_only.py took 0.107 seconds
[2023-02-07T15:01:26.641+0000] {processor.py:153} INFO - Started process (PID=2025) to work on /home/airflow/.local/lib/python3.7/site-packages/airflow/example_dags/example_latest_only.py
[2023-02-07T15:01:26.642+0000] {processor.py:743} INFO - Processing file /home/airflow/.local/lib/python3.7/site-packages/airflow/example_dags/example_latest_only.py for tasks to queue
[2023-02-07T15:01:26.643+0000] {logging_mixin.py:137} INFO - [2023-02-07T15:01:26.643+0000] {dagbag.py:538} INFO - Filling up the DagBag from /home/airflow/.local/lib/python3.7/site-packages/airflow/example_dags/example_latest_only.py
[2023-02-07T15:01:26.661+0000] {processor.py:753} INFO - DAG(s) dict_keys(['latest_only']) retrieved from /home/airflow/.local/lib/python3.7/site-packages/airflow/example_dags/example_latest_only.py
[2023-02-07T15:01:26.695+0000] {logging_mixin.py:137} INFO - [2023-02-07T15:01:26.695+0000] {dag.py:2690} INFO - Sync 1 DAGs
[2023-02-07T15:01:26.726+0000] {logging_mixin.py:137} INFO - [2023-02-07T15:01:26.726+0000] {dag.py:3441} INFO - Setting next_dagrun for latest_only to 2023-02-07T11:01:26.725699+00:00, run_after=2023-02-07T15:01:26.725699+00:00
[2023-02-07T15:01:26.758+0000] {processor.py:175} INFO - Processing /home/airflow/.local/lib/python3.7/site-packages/airflow/example_dags/example_latest_only.py took 0.121 seconds
[2023-02-07T15:01:57.330+0000] {processor.py:153} INFO - Started process (PID=2091) to work on /home/airflow/.local/lib/python3.7/site-packages/airflow/example_dags/example_latest_only.py
[2023-02-07T15:01:57.337+0000] {processor.py:743} INFO - Processing file /home/airflow/.local/lib/python3.7/site-packages/airflow/example_dags/example_latest_only.py for tasks to queue
[2023-02-07T15:01:57.337+0000] {logging_mixin.py:137} INFO - [2023-02-07T15:01:57.337+0000] {dagbag.py:538} INFO - Filling up the DagBag from /home/airflow/.local/lib/python3.7/site-packages/airflow/example_dags/example_latest_only.py
[2023-02-07T15:01:57.352+0000] {processor.py:753} INFO - DAG(s) dict_keys(['latest_only']) retrieved from /home/airflow/.local/lib/python3.7/site-packages/airflow/example_dags/example_latest_only.py
[2023-02-07T15:01:57.376+0000] {logging_mixin.py:137} INFO - [2023-02-07T15:01:57.375+0000] {dag.py:2690} INFO - Sync 1 DAGs
[2023-02-07T15:01:57.399+0000] {logging_mixin.py:137} INFO - [2023-02-07T15:01:57.399+0000] {dag.py:3441} INFO - Setting next_dagrun for latest_only to 2023-02-07T11:01:57.399050+00:00, run_after=2023-02-07T15:01:57.399050+00:00
[2023-02-07T15:01:57.423+0000] {processor.py:175} INFO - Processing /home/airflow/.local/lib/python3.7/site-packages/airflow/example_dags/example_latest_only.py took 0.096 seconds
[2023-02-07T15:02:27.953+0000] {processor.py:153} INFO - Started process (PID=2168) to work on /home/airflow/.local/lib/python3.7/site-packages/airflow/example_dags/example_latest_only.py
[2023-02-07T15:02:27.953+0000] {processor.py:743} INFO - Processing file /home/airflow/.local/lib/python3.7/site-packages/airflow/example_dags/example_latest_only.py for tasks to queue
[2023-02-07T15:02:27.954+0000] {logging_mixin.py:137} INFO - [2023-02-07T15:02:27.954+0000] {dagbag.py:538} INFO - Filling up the DagBag from /home/airflow/.local/lib/python3.7/site-packages/airflow/example_dags/example_latest_only.py
[2023-02-07T15:02:27.967+0000] {processor.py:753} INFO - DAG(s) dict_keys(['latest_only']) retrieved from /home/airflow/.local/lib/python3.7/site-packages/airflow/example_dags/example_latest_only.py
[2023-02-07T15:02:27.989+0000] {logging_mixin.py:137} INFO - [2023-02-07T15:02:27.989+0000] {dag.py:2690} INFO - Sync 1 DAGs
[2023-02-07T15:02:28.015+0000] {logging_mixin.py:137} INFO - [2023-02-07T15:02:28.014+0000] {dag.py:3441} INFO - Setting next_dagrun for latest_only to 2023-02-07T11:02:28.014615+00:00, run_after=2023-02-07T15:02:28.014615+00:00
[2023-02-07T15:02:28.042+0000] {processor.py:175} INFO - Processing /home/airflow/.local/lib/python3.7/site-packages/airflow/example_dags/example_latest_only.py took 0.093 seconds
[2023-02-07T15:02:58.883+0000] {processor.py:153} INFO - Started process (PID=2233) to work on /home/airflow/.local/lib/python3.7/site-packages/airflow/example_dags/example_latest_only.py
[2023-02-07T15:02:58.890+0000] {processor.py:743} INFO - Processing file /home/airflow/.local/lib/python3.7/site-packages/airflow/example_dags/example_latest_only.py for tasks to queue
[2023-02-07T15:02:58.890+0000] {logging_mixin.py:137} INFO - [2023-02-07T15:02:58.890+0000] {dagbag.py:538} INFO - Filling up the DagBag from /home/airflow/.local/lib/python3.7/site-packages/airflow/example_dags/example_latest_only.py
[2023-02-07T15:02:58.907+0000] {processor.py:753} INFO - DAG(s) dict_keys(['latest_only']) retrieved from /home/airflow/.local/lib/python3.7/site-packages/airflow/example_dags/example_latest_only.py
[2023-02-07T15:02:58.933+0000] {logging_mixin.py:137} INFO - [2023-02-07T15:02:58.933+0000] {dag.py:2690} INFO - Sync 1 DAGs
[2023-02-07T15:02:58.959+0000] {logging_mixin.py:137} INFO - [2023-02-07T15:02:58.958+0000] {dag.py:3441} INFO - Setting next_dagrun for latest_only to 2023-02-07T11:02:58.958631+00:00, run_after=2023-02-07T15:02:58.958631+00:00
[2023-02-07T15:02:58.994+0000] {processor.py:175} INFO - Processing /home/airflow/.local/lib/python3.7/site-packages/airflow/example_dags/example_latest_only.py took 0.115 seconds
[2023-02-07T15:03:29.593+0000] {processor.py:153} INFO - Started process (PID=2311) to work on /home/airflow/.local/lib/python3.7/site-packages/airflow/example_dags/example_latest_only.py
[2023-02-07T15:03:29.594+0000] {processor.py:743} INFO - Processing file /home/airflow/.local/lib/python3.7/site-packages/airflow/example_dags/example_latest_only.py for tasks to queue
[2023-02-07T15:03:29.596+0000] {logging_mixin.py:137} INFO - [2023-02-07T15:03:29.596+0000] {dagbag.py:538} INFO - Filling up the DagBag from /home/airflow/.local/lib/python3.7/site-packages/airflow/example_dags/example_latest_only.py
[2023-02-07T15:03:29.614+0000] {processor.py:753} INFO - DAG(s) dict_keys(['latest_only']) retrieved from /home/airflow/.local/lib/python3.7/site-packages/airflow/example_dags/example_latest_only.py
[2023-02-07T15:03:29.644+0000] {logging_mixin.py:137} INFO - [2023-02-07T15:03:29.644+0000] {dag.py:2690} INFO - Sync 1 DAGs
[2023-02-07T15:03:29.673+0000] {logging_mixin.py:137} INFO - [2023-02-07T15:03:29.673+0000] {dag.py:3441} INFO - Setting next_dagrun for latest_only to 2023-02-07T11:03:29.673396+00:00, run_after=2023-02-07T15:03:29.673396+00:00
[2023-02-07T15:03:29.704+0000] {processor.py:175} INFO - Processing /home/airflow/.local/lib/python3.7/site-packages/airflow/example_dags/example_latest_only.py took 0.115 seconds
[2023-02-07T15:04:00.660+0000] {processor.py:153} INFO - Started process (PID=2387) to work on /home/airflow/.local/lib/python3.7/site-packages/airflow/example_dags/example_latest_only.py
[2023-02-07T15:04:00.790+0000] {processor.py:743} INFO - Processing file /home/airflow/.local/lib/python3.7/site-packages/airflow/example_dags/example_latest_only.py for tasks to queue
[2023-02-07T15:04:00.791+0000] {logging_mixin.py:137} INFO - [2023-02-07T15:04:00.791+0000] {dagbag.py:538} INFO - Filling up the DagBag from /home/airflow/.local/lib/python3.7/site-packages/airflow/example_dags/example_latest_only.py
[2023-02-07T15:04:00.804+0000] {processor.py:753} INFO - DAG(s) dict_keys(['latest_only']) retrieved from /home/airflow/.local/lib/python3.7/site-packages/airflow/example_dags/example_latest_only.py
[2023-02-07T15:04:00.835+0000] {logging_mixin.py:137} INFO - [2023-02-07T15:04:00.834+0000] {dag.py:2690} INFO - Sync 1 DAGs
[2023-02-07T15:04:00.871+0000] {logging_mixin.py:137} INFO - [2023-02-07T15:04:00.870+0000] {dag.py:3441} INFO - Setting next_dagrun for latest_only to 2023-02-07T11:04:00.870600+00:00, run_after=2023-02-07T15:04:00.870600+00:00
[2023-02-07T15:04:00.905+0000] {processor.py:175} INFO - Processing /home/airflow/.local/lib/python3.7/site-packages/airflow/example_dags/example_latest_only.py took 0.248 seconds
[2023-02-07T15:04:31.609+0000] {processor.py:153} INFO - Started process (PID=2456) to work on /home/airflow/.local/lib/python3.7/site-packages/airflow/example_dags/example_latest_only.py
[2023-02-07T15:04:31.610+0000] {processor.py:743} INFO - Processing file /home/airflow/.local/lib/python3.7/site-packages/airflow/example_dags/example_latest_only.py for tasks to queue
[2023-02-07T15:04:31.611+0000] {logging_mixin.py:137} INFO - [2023-02-07T15:04:31.610+0000] {dagbag.py:538} INFO - Filling up the DagBag from /home/airflow/.local/lib/python3.7/site-packages/airflow/example_dags/example_latest_only.py
[2023-02-07T15:04:31.629+0000] {processor.py:753} INFO - DAG(s) dict_keys(['latest_only']) retrieved from /home/airflow/.local/lib/python3.7/site-packages/airflow/example_dags/example_latest_only.py
[2023-02-07T15:04:31.661+0000] {logging_mixin.py:137} INFO - [2023-02-07T15:04:31.661+0000] {dag.py:2690} INFO - Sync 1 DAGs
[2023-02-07T15:04:31.701+0000] {logging_mixin.py:137} INFO - [2023-02-07T15:04:31.701+0000] {dag.py:3441} INFO - Setting next_dagrun for latest_only to 2023-02-07T11:04:31.701198+00:00, run_after=2023-02-07T15:04:31.701198+00:00
[2023-02-07T15:04:31.750+0000] {processor.py:175} INFO - Processing /home/airflow/.local/lib/python3.7/site-packages/airflow/example_dags/example_latest_only.py took 0.145 seconds
[2023-02-07T15:05:01.788+0000] {processor.py:153} INFO - Started process (PID=2531) to work on /home/airflow/.local/lib/python3.7/site-packages/airflow/example_dags/example_latest_only.py
[2023-02-07T15:05:01.791+0000] {processor.py:743} INFO - Processing file /home/airflow/.local/lib/python3.7/site-packages/airflow/example_dags/example_latest_only.py for tasks to queue
[2023-02-07T15:05:01.792+0000] {logging_mixin.py:137} INFO - [2023-02-07T15:05:01.792+0000] {dagbag.py:538} INFO - Filling up the DagBag from /home/airflow/.local/lib/python3.7/site-packages/airflow/example_dags/example_latest_only.py
[2023-02-07T15:05:01.809+0000] {processor.py:753} INFO - DAG(s) dict_keys(['latest_only']) retrieved from /home/airflow/.local/lib/python3.7/site-packages/airflow/example_dags/example_latest_only.py
[2023-02-07T15:05:01.832+0000] {logging_mixin.py:137} INFO - [2023-02-07T15:05:01.832+0000] {dag.py:2690} INFO - Sync 1 DAGs
[2023-02-07T15:05:01.855+0000] {logging_mixin.py:137} INFO - [2023-02-07T15:05:01.855+0000] {dag.py:3441} INFO - Setting next_dagrun for latest_only to 2023-02-07T11:05:01.855304+00:00, run_after=2023-02-07T15:05:01.855304+00:00
[2023-02-07T15:05:01.879+0000] {processor.py:175} INFO - Processing /home/airflow/.local/lib/python3.7/site-packages/airflow/example_dags/example_latest_only.py took 0.096 seconds
[2023-02-07T15:05:32.488+0000] {processor.py:153} INFO - Started process (PID=2600) to work on /home/airflow/.local/lib/python3.7/site-packages/airflow/example_dags/example_latest_only.py
[2023-02-07T15:05:32.488+0000] {processor.py:743} INFO - Processing file /home/airflow/.local/lib/python3.7/site-packages/airflow/example_dags/example_latest_only.py for tasks to queue
[2023-02-07T15:05:32.489+0000] {logging_mixin.py:137} INFO - [2023-02-07T15:05:32.489+0000] {dagbag.py:538} INFO - Filling up the DagBag from /home/airflow/.local/lib/python3.7/site-packages/airflow/example_dags/example_latest_only.py
[2023-02-07T15:05:32.502+0000] {processor.py:753} INFO - DAG(s) dict_keys(['latest_only']) retrieved from /home/airflow/.local/lib/python3.7/site-packages/airflow/example_dags/example_latest_only.py
[2023-02-07T15:05:32.524+0000] {logging_mixin.py:137} INFO - [2023-02-07T15:05:32.524+0000] {dag.py:2690} INFO - Sync 1 DAGs
[2023-02-07T15:05:32.546+0000] {logging_mixin.py:137} INFO - [2023-02-07T15:05:32.546+0000] {dag.py:3441} INFO - Setting next_dagrun for latest_only to 2023-02-07T11:05:32.546611+00:00, run_after=2023-02-07T15:05:32.546611+00:00
[2023-02-07T15:05:32.569+0000] {processor.py:175} INFO - Processing /home/airflow/.local/lib/python3.7/site-packages/airflow/example_dags/example_latest_only.py took 0.086 seconds
[2023-02-07T15:06:03.305+0000] {processor.py:153} INFO - Started process (PID=2677) to work on /home/airflow/.local/lib/python3.7/site-packages/airflow/example_dags/example_latest_only.py
[2023-02-07T15:06:03.306+0000] {processor.py:743} INFO - Processing file /home/airflow/.local/lib/python3.7/site-packages/airflow/example_dags/example_latest_only.py for tasks to queue
[2023-02-07T15:06:03.306+0000] {logging_mixin.py:137} INFO - [2023-02-07T15:06:03.306+0000] {dagbag.py:538} INFO - Filling up the DagBag from /home/airflow/.local/lib/python3.7/site-packages/airflow/example_dags/example_latest_only.py
[2023-02-07T15:06:03.319+0000] {processor.py:753} INFO - DAG(s) dict_keys(['latest_only']) retrieved from /home/airflow/.local/lib/python3.7/site-packages/airflow/example_dags/example_latest_only.py
[2023-02-07T15:06:03.347+0000] {logging_mixin.py:137} INFO - [2023-02-07T15:06:03.347+0000] {dag.py:2690} INFO - Sync 1 DAGs
[2023-02-07T15:06:03.381+0000] {logging_mixin.py:137} INFO - [2023-02-07T15:06:03.381+0000] {dag.py:3441} INFO - Setting next_dagrun for latest_only to 2023-02-07T11:06:03.381374+00:00, run_after=2023-02-07T15:06:03.381374+00:00
[2023-02-07T15:06:03.405+0000] {processor.py:175} INFO - Processing /home/airflow/.local/lib/python3.7/site-packages/airflow/example_dags/example_latest_only.py took 0.103 seconds
[2023-02-07T15:06:33.974+0000] {processor.py:153} INFO - Started process (PID=2742) to work on /home/airflow/.local/lib/python3.7/site-packages/airflow/example_dags/example_latest_only.py
[2023-02-07T15:06:33.975+0000] {processor.py:743} INFO - Processing file /home/airflow/.local/lib/python3.7/site-packages/airflow/example_dags/example_latest_only.py for tasks to queue
[2023-02-07T15:06:33.976+0000] {logging_mixin.py:137} INFO - [2023-02-07T15:06:33.975+0000] {dagbag.py:538} INFO - Filling up the DagBag from /home/airflow/.local/lib/python3.7/site-packages/airflow/example_dags/example_latest_only.py
[2023-02-07T15:06:33.993+0000] {processor.py:753} INFO - DAG(s) dict_keys(['latest_only']) retrieved from /home/airflow/.local/lib/python3.7/site-packages/airflow/example_dags/example_latest_only.py
[2023-02-07T15:06:34.019+0000] {logging_mixin.py:137} INFO - [2023-02-07T15:06:34.019+0000] {dag.py:2690} INFO - Sync 1 DAGs
[2023-02-07T15:06:34.054+0000] {logging_mixin.py:137} INFO - [2023-02-07T15:06:34.053+0000] {dag.py:3441} INFO - Setting next_dagrun for latest_only to 2023-02-07T11:06:34.053520+00:00, run_after=2023-02-07T15:06:34.053520+00:00
[2023-02-07T15:06:34.084+0000] {processor.py:175} INFO - Processing /home/airflow/.local/lib/python3.7/site-packages/airflow/example_dags/example_latest_only.py took 0.115 seconds
[2023-02-07T15:07:04.587+0000] {processor.py:153} INFO - Started process (PID=2819) to work on /home/airflow/.local/lib/python3.7/site-packages/airflow/example_dags/example_latest_only.py
[2023-02-07T15:07:04.588+0000] {processor.py:743} INFO - Processing file /home/airflow/.local/lib/python3.7/site-packages/airflow/example_dags/example_latest_only.py for tasks to queue
[2023-02-07T15:07:04.588+0000] {logging_mixin.py:137} INFO - [2023-02-07T15:07:04.588+0000] {dagbag.py:538} INFO - Filling up the DagBag from /home/airflow/.local/lib/python3.7/site-packages/airflow/example_dags/example_latest_only.py
[2023-02-07T15:07:04.601+0000] {processor.py:753} INFO - DAG(s) dict_keys(['latest_only']) retrieved from /home/airflow/.local/lib/python3.7/site-packages/airflow/example_dags/example_latest_only.py
[2023-02-07T15:07:04.631+0000] {logging_mixin.py:137} INFO - [2023-02-07T15:07:04.631+0000] {dag.py:2690} INFO - Sync 1 DAGs
[2023-02-07T15:07:04.665+0000] {logging_mixin.py:137} INFO - [2023-02-07T15:07:04.665+0000] {dag.py:3441} INFO - Setting next_dagrun for latest_only to 2023-02-07T11:07:04.664777+00:00, run_after=2023-02-07T15:07:04.664777+00:00
[2023-02-07T15:07:04.688+0000] {processor.py:175} INFO - Processing /home/airflow/.local/lib/python3.7/site-packages/airflow/example_dags/example_latest_only.py took 0.105 seconds
[2023-02-07T15:07:35.259+0000] {processor.py:153} INFO - Started process (PID=2885) to work on /home/airflow/.local/lib/python3.7/site-packages/airflow/example_dags/example_latest_only.py
[2023-02-07T15:07:35.260+0000] {processor.py:743} INFO - Processing file /home/airflow/.local/lib/python3.7/site-packages/airflow/example_dags/example_latest_only.py for tasks to queue
[2023-02-07T15:07:35.260+0000] {logging_mixin.py:137} INFO - [2023-02-07T15:07:35.260+0000] {dagbag.py:538} INFO - Filling up the DagBag from /home/airflow/.local/lib/python3.7/site-packages/airflow/example_dags/example_latest_only.py
[2023-02-07T15:07:35.273+0000] {processor.py:753} INFO - DAG(s) dict_keys(['latest_only']) retrieved from /home/airflow/.local/lib/python3.7/site-packages/airflow/example_dags/example_latest_only.py
[2023-02-07T15:07:35.296+0000] {logging_mixin.py:137} INFO - [2023-02-07T15:07:35.296+0000] {dag.py:2690} INFO - Sync 1 DAGs
[2023-02-07T15:07:35.320+0000] {logging_mixin.py:137} INFO - [2023-02-07T15:07:35.319+0000] {dag.py:3441} INFO - Setting next_dagrun for latest_only to 2023-02-07T11:07:35.319653+00:00, run_after=2023-02-07T15:07:35.319653+00:00
[2023-02-07T15:07:35.349+0000] {processor.py:175} INFO - Processing /home/airflow/.local/lib/python3.7/site-packages/airflow/example_dags/example_latest_only.py took 0.093 seconds
[2023-02-07T15:08:06.108+0000] {processor.py:153} INFO - Started process (PID=2963) to work on /home/airflow/.local/lib/python3.7/site-packages/airflow/example_dags/example_latest_only.py
[2023-02-07T15:08:06.109+0000] {processor.py:743} INFO - Processing file /home/airflow/.local/lib/python3.7/site-packages/airflow/example_dags/example_latest_only.py for tasks to queue
[2023-02-07T15:08:06.110+0000] {logging_mixin.py:137} INFO - [2023-02-07T15:08:06.110+0000] {dagbag.py:538} INFO - Filling up the DagBag from /home/airflow/.local/lib/python3.7/site-packages/airflow/example_dags/example_latest_only.py
[2023-02-07T15:08:06.126+0000] {processor.py:753} INFO - DAG(s) dict_keys(['latest_only']) retrieved from /home/airflow/.local/lib/python3.7/site-packages/airflow/example_dags/example_latest_only.py
[2023-02-07T15:08:06.150+0000] {logging_mixin.py:137} INFO - [2023-02-07T15:08:06.150+0000] {dag.py:2690} INFO - Sync 1 DAGs
[2023-02-07T15:08:06.173+0000] {logging_mixin.py:137} INFO - [2023-02-07T15:08:06.173+0000] {dag.py:3441} INFO - Setting next_dagrun for latest_only to 2023-02-07T11:08:06.173066+00:00, run_after=2023-02-07T15:08:06.173066+00:00
[2023-02-07T15:08:06.197+0000] {processor.py:175} INFO - Processing /home/airflow/.local/lib/python3.7/site-packages/airflow/example_dags/example_latest_only.py took 0.092 seconds
[2023-02-07T15:08:36.399+0000] {processor.py:153} INFO - Started process (PID=3028) to work on /home/airflow/.local/lib/python3.7/site-packages/airflow/example_dags/example_latest_only.py
[2023-02-07T15:08:36.399+0000] {processor.py:743} INFO - Processing file /home/airflow/.local/lib/python3.7/site-packages/airflow/example_dags/example_latest_only.py for tasks to queue
[2023-02-07T15:08:36.400+0000] {logging_mixin.py:137} INFO - [2023-02-07T15:08:36.400+0000] {dagbag.py:538} INFO - Filling up the DagBag from /home/airflow/.local/lib/python3.7/site-packages/airflow/example_dags/example_latest_only.py
[2023-02-07T15:08:36.413+0000] {processor.py:753} INFO - DAG(s) dict_keys(['latest_only']) retrieved from /home/airflow/.local/lib/python3.7/site-packages/airflow/example_dags/example_latest_only.py
[2023-02-07T15:08:36.441+0000] {logging_mixin.py:137} INFO - [2023-02-07T15:08:36.441+0000] {dag.py:2690} INFO - Sync 1 DAGs
[2023-02-07T15:08:36.464+0000] {logging_mixin.py:137} INFO - [2023-02-07T15:08:36.464+0000] {dag.py:3441} INFO - Setting next_dagrun for latest_only to 2023-02-07T11:08:36.463896+00:00, run_after=2023-02-07T15:08:36.463896+00:00
[2023-02-07T15:08:36.487+0000] {processor.py:175} INFO - Processing /home/airflow/.local/lib/python3.7/site-packages/airflow/example_dags/example_latest_only.py took 0.091 seconds
[2023-02-07T15:09:07.278+0000] {processor.py:153} INFO - Started process (PID=3105) to work on /home/airflow/.local/lib/python3.7/site-packages/airflow/example_dags/example_latest_only.py
[2023-02-07T15:09:07.284+0000] {processor.py:743} INFO - Processing file /home/airflow/.local/lib/python3.7/site-packages/airflow/example_dags/example_latest_only.py for tasks to queue
[2023-02-07T15:09:07.285+0000] {logging_mixin.py:137} INFO - [2023-02-07T15:09:07.285+0000] {dagbag.py:538} INFO - Filling up the DagBag from /home/airflow/.local/lib/python3.7/site-packages/airflow/example_dags/example_latest_only.py
[2023-02-07T15:09:07.311+0000] {processor.py:753} INFO - DAG(s) dict_keys(['latest_only']) retrieved from /home/airflow/.local/lib/python3.7/site-packages/airflow/example_dags/example_latest_only.py
[2023-02-07T15:09:07.360+0000] {logging_mixin.py:137} INFO - [2023-02-07T15:09:07.360+0000] {dag.py:2690} INFO - Sync 1 DAGs
[2023-02-07T15:09:07.395+0000] {logging_mixin.py:137} INFO - [2023-02-07T15:09:07.395+0000] {dag.py:3441} INFO - Setting next_dagrun for latest_only to 2023-02-07T11:09:07.394817+00:00, run_after=2023-02-07T15:09:07.394817+00:00
[2023-02-07T15:09:07.425+0000] {processor.py:175} INFO - Processing /home/airflow/.local/lib/python3.7/site-packages/airflow/example_dags/example_latest_only.py took 0.160 seconds
[2023-02-07T15:09:37.601+0000] {processor.py:153} INFO - Started process (PID=3170) to work on /home/airflow/.local/lib/python3.7/site-packages/airflow/example_dags/example_latest_only.py
[2023-02-07T15:09:37.602+0000] {processor.py:743} INFO - Processing file /home/airflow/.local/lib/python3.7/site-packages/airflow/example_dags/example_latest_only.py for tasks to queue
[2023-02-07T15:09:37.603+0000] {logging_mixin.py:137} INFO - [2023-02-07T15:09:37.603+0000] {dagbag.py:538} INFO - Filling up the DagBag from /home/airflow/.local/lib/python3.7/site-packages/airflow/example_dags/example_latest_only.py
[2023-02-07T15:09:37.617+0000] {processor.py:753} INFO - DAG(s) dict_keys(['latest_only']) retrieved from /home/airflow/.local/lib/python3.7/site-packages/airflow/example_dags/example_latest_only.py
[2023-02-07T15:09:37.645+0000] {logging_mixin.py:137} INFO - [2023-02-07T15:09:37.645+0000] {dag.py:2690} INFO - Sync 1 DAGs
[2023-02-07T15:09:37.681+0000] {logging_mixin.py:137} INFO - [2023-02-07T15:09:37.681+0000] {dag.py:3441} INFO - Setting next_dagrun for latest_only to 2023-02-07T11:09:37.680757+00:00, run_after=2023-02-07T15:09:37.680757+00:00
[2023-02-07T15:09:37.716+0000] {processor.py:175} INFO - Processing /home/airflow/.local/lib/python3.7/site-packages/airflow/example_dags/example_latest_only.py took 0.119 seconds
[2023-02-07T15:10:07.936+0000] {processor.py:153} INFO - Started process (PID=3246) to work on /home/airflow/.local/lib/python3.7/site-packages/airflow/example_dags/example_latest_only.py
[2023-02-07T15:10:07.937+0000] {processor.py:743} INFO - Processing file /home/airflow/.local/lib/python3.7/site-packages/airflow/example_dags/example_latest_only.py for tasks to queue
[2023-02-07T15:10:07.941+0000] {logging_mixin.py:137} INFO - [2023-02-07T15:10:07.938+0000] {dagbag.py:538} INFO - Filling up the DagBag from /home/airflow/.local/lib/python3.7/site-packages/airflow/example_dags/example_latest_only.py
[2023-02-07T15:10:07.954+0000] {processor.py:753} INFO - DAG(s) dict_keys(['latest_only']) retrieved from /home/airflow/.local/lib/python3.7/site-packages/airflow/example_dags/example_latest_only.py
[2023-02-07T15:10:07.976+0000] {logging_mixin.py:137} INFO - [2023-02-07T15:10:07.976+0000] {dag.py:2690} INFO - Sync 1 DAGs
[2023-02-07T15:10:07.999+0000] {logging_mixin.py:137} INFO - [2023-02-07T15:10:07.999+0000] {dag.py:3441} INFO - Setting next_dagrun for latest_only to 2023-02-07T11:10:07.999312+00:00, run_after=2023-02-07T15:10:07.999312+00:00
[2023-02-07T15:10:08.026+0000] {processor.py:175} INFO - Processing /home/airflow/.local/lib/python3.7/site-packages/airflow/example_dags/example_latest_only.py took 0.094 seconds
[2023-02-07T15:10:38.942+0000] {processor.py:153} INFO - Started process (PID=3314) to work on /home/airflow/.local/lib/python3.7/site-packages/airflow/example_dags/example_latest_only.py
[2023-02-07T15:10:38.942+0000] {processor.py:743} INFO - Processing file /home/airflow/.local/lib/python3.7/site-packages/airflow/example_dags/example_latest_only.py for tasks to queue
[2023-02-07T15:10:38.943+0000] {logging_mixin.py:137} INFO - [2023-02-07T15:10:38.943+0000] {dagbag.py:538} INFO - Filling up the DagBag from /home/airflow/.local/lib/python3.7/site-packages/airflow/example_dags/example_latest_only.py
[2023-02-07T15:10:38.957+0000] {processor.py:753} INFO - DAG(s) dict_keys(['latest_only']) retrieved from /home/airflow/.local/lib/python3.7/site-packages/airflow/example_dags/example_latest_only.py
[2023-02-07T15:10:38.980+0000] {logging_mixin.py:137} INFO - [2023-02-07T15:10:38.980+0000] {dag.py:2690} INFO - Sync 1 DAGs
[2023-02-07T15:10:39.004+0000] {logging_mixin.py:137} INFO - [2023-02-07T15:10:39.003+0000] {dag.py:3441} INFO - Setting next_dagrun for latest_only to 2023-02-07T11:10:39.003646+00:00, run_after=2023-02-07T15:10:39.003646+00:00
[2023-02-07T15:10:39.027+0000] {processor.py:175} INFO - Processing /home/airflow/.local/lib/python3.7/site-packages/airflow/example_dags/example_latest_only.py took 0.089 seconds
[2023-02-07T15:11:09.301+0000] {processor.py:153} INFO - Started process (PID=3391) to work on /home/airflow/.local/lib/python3.7/site-packages/airflow/example_dags/example_latest_only.py
[2023-02-07T15:11:09.301+0000] {processor.py:743} INFO - Processing file /home/airflow/.local/lib/python3.7/site-packages/airflow/example_dags/example_latest_only.py for tasks to queue
[2023-02-07T15:11:09.302+0000] {logging_mixin.py:137} INFO - [2023-02-07T15:11:09.302+0000] {dagbag.py:538} INFO - Filling up the DagBag from /home/airflow/.local/lib/python3.7/site-packages/airflow/example_dags/example_latest_only.py
[2023-02-07T15:11:09.315+0000] {processor.py:753} INFO - DAG(s) dict_keys(['latest_only']) retrieved from /home/airflow/.local/lib/python3.7/site-packages/airflow/example_dags/example_latest_only.py
[2023-02-07T15:11:09.337+0000] {logging_mixin.py:137} INFO - [2023-02-07T15:11:09.337+0000] {dag.py:2690} INFO - Sync 1 DAGs
[2023-02-07T15:11:09.359+0000] {logging_mixin.py:137} INFO - [2023-02-07T15:11:09.359+0000] {dag.py:3441} INFO - Setting next_dagrun for latest_only to 2023-02-07T11:11:09.359284+00:00, run_after=2023-02-07T15:11:09.359284+00:00
[2023-02-07T15:11:09.385+0000] {processor.py:175} INFO - Processing /home/airflow/.local/lib/python3.7/site-packages/airflow/example_dags/example_latest_only.py took 0.088 seconds
[2023-02-07T15:11:40.082+0000] {processor.py:153} INFO - Started process (PID=3459) to work on /home/airflow/.local/lib/python3.7/site-packages/airflow/example_dags/example_latest_only.py
[2023-02-07T15:11:40.083+0000] {processor.py:743} INFO - Processing file /home/airflow/.local/lib/python3.7/site-packages/airflow/example_dags/example_latest_only.py for tasks to queue
[2023-02-07T15:11:40.084+0000] {logging_mixin.py:137} INFO - [2023-02-07T15:11:40.083+0000] {dagbag.py:538} INFO - Filling up the DagBag from /home/airflow/.local/lib/python3.7/site-packages/airflow/example_dags/example_latest_only.py
[2023-02-07T15:11:40.097+0000] {processor.py:753} INFO - DAG(s) dict_keys(['latest_only']) retrieved from /home/airflow/.local/lib/python3.7/site-packages/airflow/example_dags/example_latest_only.py
[2023-02-07T15:11:40.120+0000] {logging_mixin.py:137} INFO - [2023-02-07T15:11:40.120+0000] {dag.py:2690} INFO - Sync 1 DAGs
[2023-02-07T15:11:40.143+0000] {logging_mixin.py:137} INFO - [2023-02-07T15:11:40.143+0000] {dag.py:3441} INFO - Setting next_dagrun for latest_only to 2023-02-07T11:11:40.143234+00:00, run_after=2023-02-07T15:11:40.143234+00:00
[2023-02-07T15:11:40.167+0000] {processor.py:175} INFO - Processing /home/airflow/.local/lib/python3.7/site-packages/airflow/example_dags/example_latest_only.py took 0.088 seconds
[2023-02-07T15:12:11.131+0000] {processor.py:153} INFO - Started process (PID=3533) to work on /home/airflow/.local/lib/python3.7/site-packages/airflow/example_dags/example_latest_only.py
[2023-02-07T15:12:11.132+0000] {processor.py:743} INFO - Processing file /home/airflow/.local/lib/python3.7/site-packages/airflow/example_dags/example_latest_only.py for tasks to queue
[2023-02-07T15:12:11.133+0000] {logging_mixin.py:137} INFO - [2023-02-07T15:12:11.132+0000] {dagbag.py:538} INFO - Filling up the DagBag from /home/airflow/.local/lib/python3.7/site-packages/airflow/example_dags/example_latest_only.py
[2023-02-07T15:12:11.150+0000] {processor.py:753} INFO - DAG(s) dict_keys(['latest_only']) retrieved from /home/airflow/.local/lib/python3.7/site-packages/airflow/example_dags/example_latest_only.py
[2023-02-07T15:12:11.185+0000] {logging_mixin.py:137} INFO - [2023-02-07T15:12:11.185+0000] {dag.py:2690} INFO - Sync 1 DAGs
[2023-02-07T15:12:11.221+0000] {logging_mixin.py:137} INFO - [2023-02-07T15:12:11.221+0000] {dag.py:3441} INFO - Setting next_dagrun for latest_only to 2023-02-07T11:12:11.221143+00:00, run_after=2023-02-07T15:12:11.221143+00:00
[2023-02-07T15:12:11.251+0000] {processor.py:175} INFO - Processing /home/airflow/.local/lib/python3.7/site-packages/airflow/example_dags/example_latest_only.py took 0.124 seconds
[2023-02-07T15:12:41.644+0000] {processor.py:153} INFO - Started process (PID=3602) to work on /home/airflow/.local/lib/python3.7/site-packages/airflow/example_dags/example_latest_only.py
[2023-02-07T15:12:41.645+0000] {processor.py:743} INFO - Processing file /home/airflow/.local/lib/python3.7/site-packages/airflow/example_dags/example_latest_only.py for tasks to queue
[2023-02-07T15:12:41.646+0000] {logging_mixin.py:137} INFO - [2023-02-07T15:12:41.646+0000] {dagbag.py:538} INFO - Filling up the DagBag from /home/airflow/.local/lib/python3.7/site-packages/airflow/example_dags/example_latest_only.py
[2023-02-07T15:12:41.664+0000] {processor.py:753} INFO - DAG(s) dict_keys(['latest_only']) retrieved from /home/airflow/.local/lib/python3.7/site-packages/airflow/example_dags/example_latest_only.py
[2023-02-07T15:12:41.696+0000] {logging_mixin.py:137} INFO - [2023-02-07T15:12:41.696+0000] {dag.py:2690} INFO - Sync 1 DAGs
[2023-02-07T15:12:41.736+0000] {logging_mixin.py:137} INFO - [2023-02-07T15:12:41.736+0000] {dag.py:3441} INFO - Setting next_dagrun for latest_only to 2023-02-07T11:12:41.735859+00:00, run_after=2023-02-07T15:12:41.735859+00:00
[2023-02-07T15:12:41.768+0000] {processor.py:175} INFO - Processing /home/airflow/.local/lib/python3.7/site-packages/airflow/example_dags/example_latest_only.py took 0.132 seconds
[2023-02-07T15:13:12.543+0000] {processor.py:153} INFO - Started process (PID=3680) to work on /home/airflow/.local/lib/python3.7/site-packages/airflow/example_dags/example_latest_only.py
[2023-02-07T15:13:12.544+0000] {processor.py:743} INFO - Processing file /home/airflow/.local/lib/python3.7/site-packages/airflow/example_dags/example_latest_only.py for tasks to queue
[2023-02-07T15:13:12.545+0000] {logging_mixin.py:137} INFO - [2023-02-07T15:13:12.545+0000] {dagbag.py:538} INFO - Filling up the DagBag from /home/airflow/.local/lib/python3.7/site-packages/airflow/example_dags/example_latest_only.py
[2023-02-07T15:13:12.561+0000] {processor.py:753} INFO - DAG(s) dict_keys(['latest_only']) retrieved from /home/airflow/.local/lib/python3.7/site-packages/airflow/example_dags/example_latest_only.py
[2023-02-07T15:13:12.586+0000] {logging_mixin.py:137} INFO - [2023-02-07T15:13:12.586+0000] {dag.py:2690} INFO - Sync 1 DAGs
[2023-02-07T15:13:12.610+0000] {logging_mixin.py:137} INFO - [2023-02-07T15:13:12.610+0000] {dag.py:3441} INFO - Setting next_dagrun for latest_only to 2023-02-07T11:13:12.610219+00:00, run_after=2023-02-07T15:13:12.610219+00:00
[2023-02-07T15:13:12.634+0000] {processor.py:175} INFO - Processing /home/airflow/.local/lib/python3.7/site-packages/airflow/example_dags/example_latest_only.py took 0.095 seconds
[2023-02-07T15:13:43.135+0000] {processor.py:153} INFO - Started process (PID=3745) to work on /home/airflow/.local/lib/python3.7/site-packages/airflow/example_dags/example_latest_only.py
[2023-02-07T15:13:43.136+0000] {processor.py:743} INFO - Processing file /home/airflow/.local/lib/python3.7/site-packages/airflow/example_dags/example_latest_only.py for tasks to queue
[2023-02-07T15:13:43.138+0000] {logging_mixin.py:137} INFO - [2023-02-07T15:13:43.138+0000] {dagbag.py:538} INFO - Filling up the DagBag from /home/airflow/.local/lib/python3.7/site-packages/airflow/example_dags/example_latest_only.py
[2023-02-07T15:13:43.155+0000] {processor.py:753} INFO - DAG(s) dict_keys(['latest_only']) retrieved from /home/airflow/.local/lib/python3.7/site-packages/airflow/example_dags/example_latest_only.py
[2023-02-07T15:13:43.190+0000] {logging_mixin.py:137} INFO - [2023-02-07T15:13:43.190+0000] {dag.py:2690} INFO - Sync 1 DAGs
[2023-02-07T15:13:43.228+0000] {logging_mixin.py:137} INFO - [2023-02-07T15:13:43.228+0000] {dag.py:3441} INFO - Setting next_dagrun for latest_only to 2023-02-07T11:13:43.227805+00:00, run_after=2023-02-07T15:13:43.227805+00:00
[2023-02-07T15:13:43.258+0000] {processor.py:175} INFO - Processing /home/airflow/.local/lib/python3.7/site-packages/airflow/example_dags/example_latest_only.py took 0.128 seconds
[2023-02-07T15:14:14.046+0000] {processor.py:153} INFO - Started process (PID=3823) to work on /home/airflow/.local/lib/python3.7/site-packages/airflow/example_dags/example_latest_only.py
[2023-02-07T15:14:14.047+0000] {processor.py:743} INFO - Processing file /home/airflow/.local/lib/python3.7/site-packages/airflow/example_dags/example_latest_only.py for tasks to queue
[2023-02-07T15:14:14.047+0000] {logging_mixin.py:137} INFO - [2023-02-07T15:14:14.047+0000] {dagbag.py:538} INFO - Filling up the DagBag from /home/airflow/.local/lib/python3.7/site-packages/airflow/example_dags/example_latest_only.py
[2023-02-07T15:14:14.061+0000] {processor.py:753} INFO - DAG(s) dict_keys(['latest_only']) retrieved from /home/airflow/.local/lib/python3.7/site-packages/airflow/example_dags/example_latest_only.py
[2023-02-07T15:14:14.093+0000] {logging_mixin.py:137} INFO - [2023-02-07T15:14:14.093+0000] {dag.py:2690} INFO - Sync 1 DAGs
[2023-02-07T15:14:14.127+0000] {logging_mixin.py:137} INFO - [2023-02-07T15:14:14.126+0000] {dag.py:3441} INFO - Setting next_dagrun for latest_only to 2023-02-07T11:14:14.126491+00:00, run_after=2023-02-07T15:14:14.126491+00:00
[2023-02-07T15:14:14.154+0000] {processor.py:175} INFO - Processing /home/airflow/.local/lib/python3.7/site-packages/airflow/example_dags/example_latest_only.py took 0.112 seconds
[2023-02-07T15:14:44.685+0000] {processor.py:153} INFO - Started process (PID=3888) to work on /home/airflow/.local/lib/python3.7/site-packages/airflow/example_dags/example_latest_only.py
[2023-02-07T15:14:44.686+0000] {processor.py:743} INFO - Processing file /home/airflow/.local/lib/python3.7/site-packages/airflow/example_dags/example_latest_only.py for tasks to queue
[2023-02-07T15:14:44.687+0000] {logging_mixin.py:137} INFO - [2023-02-07T15:14:44.687+0000] {dagbag.py:538} INFO - Filling up the DagBag from /home/airflow/.local/lib/python3.7/site-packages/airflow/example_dags/example_latest_only.py
[2023-02-07T15:14:44.706+0000] {processor.py:753} INFO - DAG(s) dict_keys(['latest_only']) retrieved from /home/airflow/.local/lib/python3.7/site-packages/airflow/example_dags/example_latest_only.py
[2023-02-07T15:14:44.733+0000] {logging_mixin.py:137} INFO - [2023-02-07T15:14:44.733+0000] {dag.py:2690} INFO - Sync 1 DAGs
[2023-02-07T15:14:44.771+0000] {logging_mixin.py:137} INFO - [2023-02-07T15:14:44.770+0000] {dag.py:3441} INFO - Setting next_dagrun for latest_only to 2023-02-07T11:14:44.770366+00:00, run_after=2023-02-07T15:14:44.770366+00:00
[2023-02-07T15:14:44.800+0000] {processor.py:175} INFO - Processing /home/airflow/.local/lib/python3.7/site-packages/airflow/example_dags/example_latest_only.py took 0.119 seconds
[2023-02-07T15:15:15.371+0000] {processor.py:153} INFO - Started process (PID=3965) to work on /home/airflow/.local/lib/python3.7/site-packages/airflow/example_dags/example_latest_only.py
[2023-02-07T15:15:15.374+0000] {processor.py:743} INFO - Processing file /home/airflow/.local/lib/python3.7/site-packages/airflow/example_dags/example_latest_only.py for tasks to queue
[2023-02-07T15:15:15.375+0000] {logging_mixin.py:137} INFO - [2023-02-07T15:15:15.375+0000] {dagbag.py:538} INFO - Filling up the DagBag from /home/airflow/.local/lib/python3.7/site-packages/airflow/example_dags/example_latest_only.py
[2023-02-07T15:15:15.390+0000] {processor.py:753} INFO - DAG(s) dict_keys(['latest_only']) retrieved from /home/airflow/.local/lib/python3.7/site-packages/airflow/example_dags/example_latest_only.py
[2023-02-07T15:15:15.411+0000] {logging_mixin.py:137} INFO - [2023-02-07T15:15:15.411+0000] {dag.py:2690} INFO - Sync 1 DAGs
[2023-02-07T15:15:15.435+0000] {logging_mixin.py:137} INFO - [2023-02-07T15:15:15.434+0000] {dag.py:3441} INFO - Setting next_dagrun for latest_only to 2023-02-07T11:15:15.434683+00:00, run_after=2023-02-07T15:15:15.434683+00:00
[2023-02-07T15:15:15.457+0000] {processor.py:175} INFO - Processing /home/airflow/.local/lib/python3.7/site-packages/airflow/example_dags/example_latest_only.py took 0.089 seconds
[2023-02-07T15:15:45.851+0000] {processor.py:153} INFO - Started process (PID=4030) to work on /home/airflow/.local/lib/python3.7/site-packages/airflow/example_dags/example_latest_only.py
[2023-02-07T15:15:45.852+0000] {processor.py:743} INFO - Processing file /home/airflow/.local/lib/python3.7/site-packages/airflow/example_dags/example_latest_only.py for tasks to queue
[2023-02-07T15:15:45.853+0000] {logging_mixin.py:137} INFO - [2023-02-07T15:15:45.852+0000] {dagbag.py:538} INFO - Filling up the DagBag from /home/airflow/.local/lib/python3.7/site-packages/airflow/example_dags/example_latest_only.py
[2023-02-07T15:15:45.865+0000] {processor.py:753} INFO - DAG(s) dict_keys(['latest_only']) retrieved from /home/airflow/.local/lib/python3.7/site-packages/airflow/example_dags/example_latest_only.py
[2023-02-07T15:15:45.889+0000] {logging_mixin.py:137} INFO - [2023-02-07T15:15:45.889+0000] {dag.py:2690} INFO - Sync 1 DAGs
[2023-02-07T15:15:45.911+0000] {logging_mixin.py:137} INFO - [2023-02-07T15:15:45.911+0000] {dag.py:3441} INFO - Setting next_dagrun for latest_only to 2023-02-07T11:15:45.911240+00:00, run_after=2023-02-07T15:15:45.911240+00:00
[2023-02-07T15:15:45.936+0000] {processor.py:175} INFO - Processing /home/airflow/.local/lib/python3.7/site-packages/airflow/example_dags/example_latest_only.py took 0.088 seconds
[2023-02-07T15:16:16.337+0000] {processor.py:153} INFO - Started process (PID=4107) to work on /home/airflow/.local/lib/python3.7/site-packages/airflow/example_dags/example_latest_only.py
[2023-02-07T15:16:16.338+0000] {processor.py:743} INFO - Processing file /home/airflow/.local/lib/python3.7/site-packages/airflow/example_dags/example_latest_only.py for tasks to queue
[2023-02-07T15:16:16.339+0000] {logging_mixin.py:137} INFO - [2023-02-07T15:16:16.339+0000] {dagbag.py:538} INFO - Filling up the DagBag from /home/airflow/.local/lib/python3.7/site-packages/airflow/example_dags/example_latest_only.py
[2023-02-07T15:16:16.353+0000] {processor.py:753} INFO - DAG(s) dict_keys(['latest_only']) retrieved from /home/airflow/.local/lib/python3.7/site-packages/airflow/example_dags/example_latest_only.py
[2023-02-07T15:16:16.375+0000] {logging_mixin.py:137} INFO - [2023-02-07T15:16:16.375+0000] {dag.py:2690} INFO - Sync 1 DAGs
[2023-02-07T15:16:16.397+0000] {logging_mixin.py:137} INFO - [2023-02-07T15:16:16.397+0000] {dag.py:3441} INFO - Setting next_dagrun for latest_only to 2023-02-07T11:16:16.397182+00:00, run_after=2023-02-07T15:16:16.397182+00:00
[2023-02-07T15:16:16.418+0000] {processor.py:175} INFO - Processing /home/airflow/.local/lib/python3.7/site-packages/airflow/example_dags/example_latest_only.py took 0.085 seconds
[2023-02-07T15:16:46.824+0000] {processor.py:153} INFO - Started process (PID=4172) to work on /home/airflow/.local/lib/python3.7/site-packages/airflow/example_dags/example_latest_only.py
[2023-02-07T15:16:46.825+0000] {processor.py:743} INFO - Processing file /home/airflow/.local/lib/python3.7/site-packages/airflow/example_dags/example_latest_only.py for tasks to queue
[2023-02-07T15:16:46.825+0000] {logging_mixin.py:137} INFO - [2023-02-07T15:16:46.825+0000] {dagbag.py:538} INFO - Filling up the DagBag from /home/airflow/.local/lib/python3.7/site-packages/airflow/example_dags/example_latest_only.py
[2023-02-07T15:16:46.843+0000] {processor.py:753} INFO - DAG(s) dict_keys(['latest_only']) retrieved from /home/airflow/.local/lib/python3.7/site-packages/airflow/example_dags/example_latest_only.py
[2023-02-07T15:16:46.866+0000] {logging_mixin.py:137} INFO - [2023-02-07T15:16:46.866+0000] {dag.py:2690} INFO - Sync 1 DAGs
[2023-02-07T15:16:46.888+0000] {logging_mixin.py:137} INFO - [2023-02-07T15:16:46.888+0000] {dag.py:3441} INFO - Setting next_dagrun for latest_only to 2023-02-07T11:16:46.888110+00:00, run_after=2023-02-07T15:16:46.888110+00:00
[2023-02-07T15:16:46.913+0000] {processor.py:175} INFO - Processing /home/airflow/.local/lib/python3.7/site-packages/airflow/example_dags/example_latest_only.py took 0.093 seconds
