[2023-02-07T14:47:36.561+0000] {processor.py:153} INFO - Started process (PID=91) to work on /home/airflow/.local/lib/python3.7/site-packages/airflow/example_dags/example_xcom.py
[2023-02-07T14:47:36.562+0000] {processor.py:743} INFO - Processing file /home/airflow/.local/lib/python3.7/site-packages/airflow/example_dags/example_xcom.py for tasks to queue
[2023-02-07T14:47:36.562+0000] {logging_mixin.py:137} INFO - [2023-02-07T14:47:36.562+0000] {dagbag.py:538} INFO - Filling up the DagBag from /home/airflow/.local/lib/python3.7/site-packages/airflow/example_dags/example_xcom.py
[2023-02-07T14:47:36.588+0000] {processor.py:753} INFO - DAG(s) dict_keys(['example_xcom']) retrieved from /home/airflow/.local/lib/python3.7/site-packages/airflow/example_dags/example_xcom.py
[2023-02-07T14:47:36.615+0000] {logging_mixin.py:137} INFO - [2023-02-07T14:47:36.615+0000] {dag.py:2690} INFO - Sync 1 DAGs
[2023-02-07T14:47:36.644+0000] {logging_mixin.py:137} INFO - [2023-02-07T14:47:36.644+0000] {dag.py:3441} INFO - Setting next_dagrun for example_xcom to 2021-01-01T00:00:00+00:00, run_after=2021-01-01T00:00:00+00:00
[2023-02-07T14:47:36.680+0000] {processor.py:175} INFO - Processing /home/airflow/.local/lib/python3.7/site-packages/airflow/example_dags/example_xcom.py took 0.123 seconds
[2023-02-07T14:48:06.832+0000] {processor.py:153} INFO - Started process (PID=156) to work on /home/airflow/.local/lib/python3.7/site-packages/airflow/example_dags/example_xcom.py
[2023-02-07T14:48:06.833+0000] {processor.py:743} INFO - Processing file /home/airflow/.local/lib/python3.7/site-packages/airflow/example_dags/example_xcom.py for tasks to queue
[2023-02-07T14:48:06.833+0000] {logging_mixin.py:137} INFO - [2023-02-07T14:48:06.833+0000] {dagbag.py:538} INFO - Filling up the DagBag from /home/airflow/.local/lib/python3.7/site-packages/airflow/example_dags/example_xcom.py
[2023-02-07T14:48:06.855+0000] {processor.py:753} INFO - DAG(s) dict_keys(['example_xcom']) retrieved from /home/airflow/.local/lib/python3.7/site-packages/airflow/example_dags/example_xcom.py
[2023-02-07T14:48:06.880+0000] {logging_mixin.py:137} INFO - [2023-02-07T14:48:06.880+0000] {dag.py:2690} INFO - Sync 1 DAGs
[2023-02-07T14:48:06.902+0000] {logging_mixin.py:137} INFO - [2023-02-07T14:48:06.902+0000] {dag.py:3441} INFO - Setting next_dagrun for example_xcom to 2021-01-01T00:00:00+00:00, run_after=2021-01-01T00:00:00+00:00
[2023-02-07T14:48:06.925+0000] {processor.py:175} INFO - Processing /home/airflow/.local/lib/python3.7/site-packages/airflow/example_dags/example_xcom.py took 0.096 seconds
[2023-02-07T14:48:37.652+0000] {processor.py:153} INFO - Started process (PID=233) to work on /home/airflow/.local/lib/python3.7/site-packages/airflow/example_dags/example_xcom.py
[2023-02-07T14:48:37.653+0000] {processor.py:743} INFO - Processing file /home/airflow/.local/lib/python3.7/site-packages/airflow/example_dags/example_xcom.py for tasks to queue
[2023-02-07T14:48:37.653+0000] {logging_mixin.py:137} INFO - [2023-02-07T14:48:37.653+0000] {dagbag.py:538} INFO - Filling up the DagBag from /home/airflow/.local/lib/python3.7/site-packages/airflow/example_dags/example_xcom.py
[2023-02-07T14:48:37.679+0000] {processor.py:753} INFO - DAG(s) dict_keys(['example_xcom']) retrieved from /home/airflow/.local/lib/python3.7/site-packages/airflow/example_dags/example_xcom.py
[2023-02-07T14:48:37.712+0000] {logging_mixin.py:137} INFO - [2023-02-07T14:48:37.712+0000] {dag.py:2690} INFO - Sync 1 DAGs
[2023-02-07T14:48:37.743+0000] {logging_mixin.py:137} INFO - [2023-02-07T14:48:37.743+0000] {dag.py:3441} INFO - Setting next_dagrun for example_xcom to 2021-01-01T00:00:00+00:00, run_after=2021-01-01T00:00:00+00:00
[2023-02-07T14:48:37.771+0000] {processor.py:175} INFO - Processing /home/airflow/.local/lib/python3.7/site-packages/airflow/example_dags/example_xcom.py took 0.122 seconds
[2023-02-07T14:49:08.493+0000] {processor.py:153} INFO - Started process (PID=299) to work on /home/airflow/.local/lib/python3.7/site-packages/airflow/example_dags/example_xcom.py
[2023-02-07T14:49:08.494+0000] {processor.py:743} INFO - Processing file /home/airflow/.local/lib/python3.7/site-packages/airflow/example_dags/example_xcom.py for tasks to queue
[2023-02-07T14:49:08.495+0000] {logging_mixin.py:137} INFO - [2023-02-07T14:49:08.495+0000] {dagbag.py:538} INFO - Filling up the DagBag from /home/airflow/.local/lib/python3.7/site-packages/airflow/example_dags/example_xcom.py
[2023-02-07T14:49:08.520+0000] {processor.py:753} INFO - DAG(s) dict_keys(['example_xcom']) retrieved from /home/airflow/.local/lib/python3.7/site-packages/airflow/example_dags/example_xcom.py
[2023-02-07T14:49:08.544+0000] {logging_mixin.py:137} INFO - [2023-02-07T14:49:08.543+0000] {dag.py:2690} INFO - Sync 1 DAGs
[2023-02-07T14:49:08.576+0000] {logging_mixin.py:137} INFO - [2023-02-07T14:49:08.575+0000] {dag.py:3441} INFO - Setting next_dagrun for example_xcom to 2021-01-01T00:00:00+00:00, run_after=2021-01-01T00:00:00+00:00
[2023-02-07T14:49:08.605+0000] {processor.py:175} INFO - Processing /home/airflow/.local/lib/python3.7/site-packages/airflow/example_dags/example_xcom.py took 0.115 seconds
[2023-02-07T14:49:39.700+0000] {processor.py:153} INFO - Started process (PID=379) to work on /home/airflow/.local/lib/python3.7/site-packages/airflow/example_dags/example_xcom.py
[2023-02-07T14:49:39.701+0000] {processor.py:743} INFO - Processing file /home/airflow/.local/lib/python3.7/site-packages/airflow/example_dags/example_xcom.py for tasks to queue
[2023-02-07T14:49:39.702+0000] {logging_mixin.py:137} INFO - [2023-02-07T14:49:39.702+0000] {dagbag.py:538} INFO - Filling up the DagBag from /home/airflow/.local/lib/python3.7/site-packages/airflow/example_dags/example_xcom.py
[2023-02-07T14:49:39.735+0000] {processor.py:753} INFO - DAG(s) dict_keys(['example_xcom']) retrieved from /home/airflow/.local/lib/python3.7/site-packages/airflow/example_dags/example_xcom.py
[2023-02-07T14:49:39.764+0000] {logging_mixin.py:137} INFO - [2023-02-07T14:49:39.764+0000] {dag.py:2690} INFO - Sync 1 DAGs
[2023-02-07T14:49:39.800+0000] {logging_mixin.py:137} INFO - [2023-02-07T14:49:39.800+0000] {dag.py:3441} INFO - Setting next_dagrun for example_xcom to 2021-01-01T00:00:00+00:00, run_after=2021-01-01T00:00:00+00:00
[2023-02-07T14:49:39.830+0000] {processor.py:175} INFO - Processing /home/airflow/.local/lib/python3.7/site-packages/airflow/example_dags/example_xcom.py took 0.135 seconds
[2023-02-07T14:50:10.605+0000] {processor.py:153} INFO - Started process (PID=445) to work on /home/airflow/.local/lib/python3.7/site-packages/airflow/example_dags/example_xcom.py
[2023-02-07T14:50:10.606+0000] {processor.py:743} INFO - Processing file /home/airflow/.local/lib/python3.7/site-packages/airflow/example_dags/example_xcom.py for tasks to queue
[2023-02-07T14:50:10.606+0000] {logging_mixin.py:137} INFO - [2023-02-07T14:50:10.606+0000] {dagbag.py:538} INFO - Filling up the DagBag from /home/airflow/.local/lib/python3.7/site-packages/airflow/example_dags/example_xcom.py
[2023-02-07T14:50:10.629+0000] {processor.py:753} INFO - DAG(s) dict_keys(['example_xcom']) retrieved from /home/airflow/.local/lib/python3.7/site-packages/airflow/example_dags/example_xcom.py
[2023-02-07T14:50:10.660+0000] {logging_mixin.py:137} INFO - [2023-02-07T14:50:10.660+0000] {dag.py:2690} INFO - Sync 1 DAGs
[2023-02-07T14:50:10.691+0000] {logging_mixin.py:137} INFO - [2023-02-07T14:50:10.691+0000] {dag.py:3441} INFO - Setting next_dagrun for example_xcom to 2021-01-01T00:00:00+00:00, run_after=2021-01-01T00:00:00+00:00
[2023-02-07T14:50:10.723+0000] {processor.py:175} INFO - Processing /home/airflow/.local/lib/python3.7/site-packages/airflow/example_dags/example_xcom.py took 0.121 seconds
[2023-02-07T14:50:41.224+0000] {processor.py:153} INFO - Started process (PID=524) to work on /home/airflow/.local/lib/python3.7/site-packages/airflow/example_dags/example_xcom.py
[2023-02-07T14:50:41.224+0000] {processor.py:743} INFO - Processing file /home/airflow/.local/lib/python3.7/site-packages/airflow/example_dags/example_xcom.py for tasks to queue
[2023-02-07T14:50:41.225+0000] {logging_mixin.py:137} INFO - [2023-02-07T14:50:41.225+0000] {dagbag.py:538} INFO - Filling up the DagBag from /home/airflow/.local/lib/python3.7/site-packages/airflow/example_dags/example_xcom.py
[2023-02-07T14:50:41.249+0000] {processor.py:753} INFO - DAG(s) dict_keys(['example_xcom']) retrieved from /home/airflow/.local/lib/python3.7/site-packages/airflow/example_dags/example_xcom.py
[2023-02-07T14:50:41.274+0000] {logging_mixin.py:137} INFO - [2023-02-07T14:50:41.274+0000] {dag.py:2690} INFO - Sync 1 DAGs
[2023-02-07T14:50:41.302+0000] {logging_mixin.py:137} INFO - [2023-02-07T14:50:41.302+0000] {dag.py:3441} INFO - Setting next_dagrun for example_xcom to 2021-01-01T00:00:00+00:00, run_after=2021-01-01T00:00:00+00:00
[2023-02-07T14:50:41.330+0000] {processor.py:175} INFO - Processing /home/airflow/.local/lib/python3.7/site-packages/airflow/example_dags/example_xcom.py took 0.111 seconds
[2023-02-07T14:51:12.405+0000] {processor.py:153} INFO - Started process (PID=589) to work on /home/airflow/.local/lib/python3.7/site-packages/airflow/example_dags/example_xcom.py
[2023-02-07T14:51:12.406+0000] {processor.py:743} INFO - Processing file /home/airflow/.local/lib/python3.7/site-packages/airflow/example_dags/example_xcom.py for tasks to queue
[2023-02-07T14:51:12.407+0000] {logging_mixin.py:137} INFO - [2023-02-07T14:51:12.407+0000] {dagbag.py:538} INFO - Filling up the DagBag from /home/airflow/.local/lib/python3.7/site-packages/airflow/example_dags/example_xcom.py
[2023-02-07T14:51:12.434+0000] {processor.py:753} INFO - DAG(s) dict_keys(['example_xcom']) retrieved from /home/airflow/.local/lib/python3.7/site-packages/airflow/example_dags/example_xcom.py
[2023-02-07T14:51:12.460+0000] {logging_mixin.py:137} INFO - [2023-02-07T14:51:12.460+0000] {dag.py:2690} INFO - Sync 1 DAGs
[2023-02-07T14:51:12.485+0000] {logging_mixin.py:137} INFO - [2023-02-07T14:51:12.485+0000] {dag.py:3441} INFO - Setting next_dagrun for example_xcom to 2021-01-01T00:00:00+00:00, run_after=2021-01-01T00:00:00+00:00
[2023-02-07T14:51:12.510+0000] {processor.py:175} INFO - Processing /home/airflow/.local/lib/python3.7/site-packages/airflow/example_dags/example_xcom.py took 0.109 seconds
[2023-02-07T14:51:42.962+0000] {processor.py:153} INFO - Started process (PID=666) to work on /home/airflow/.local/lib/python3.7/site-packages/airflow/example_dags/example_xcom.py
[2023-02-07T14:51:42.963+0000] {processor.py:743} INFO - Processing file /home/airflow/.local/lib/python3.7/site-packages/airflow/example_dags/example_xcom.py for tasks to queue
[2023-02-07T14:51:42.964+0000] {logging_mixin.py:137} INFO - [2023-02-07T14:51:42.963+0000] {dagbag.py:538} INFO - Filling up the DagBag from /home/airflow/.local/lib/python3.7/site-packages/airflow/example_dags/example_xcom.py
[2023-02-07T14:51:42.987+0000] {processor.py:753} INFO - DAG(s) dict_keys(['example_xcom']) retrieved from /home/airflow/.local/lib/python3.7/site-packages/airflow/example_dags/example_xcom.py
[2023-02-07T14:51:43.024+0000] {logging_mixin.py:137} INFO - [2023-02-07T14:51:43.024+0000] {dag.py:2690} INFO - Sync 1 DAGs
[2023-02-07T14:51:43.060+0000] {logging_mixin.py:137} INFO - [2023-02-07T14:51:43.060+0000] {dag.py:3441} INFO - Setting next_dagrun for example_xcom to 2021-01-01T00:00:00+00:00, run_after=2021-01-01T00:00:00+00:00
[2023-02-07T14:51:43.108+0000] {processor.py:175} INFO - Processing /home/airflow/.local/lib/python3.7/site-packages/airflow/example_dags/example_xcom.py took 0.150 seconds
[2023-02-07T14:52:13.275+0000] {processor.py:153} INFO - Started process (PID=732) to work on /home/airflow/.local/lib/python3.7/site-packages/airflow/example_dags/example_xcom.py
[2023-02-07T14:52:13.275+0000] {processor.py:743} INFO - Processing file /home/airflow/.local/lib/python3.7/site-packages/airflow/example_dags/example_xcom.py for tasks to queue
[2023-02-07T14:52:13.276+0000] {logging_mixin.py:137} INFO - [2023-02-07T14:52:13.276+0000] {dagbag.py:538} INFO - Filling up the DagBag from /home/airflow/.local/lib/python3.7/site-packages/airflow/example_dags/example_xcom.py
[2023-02-07T14:52:13.302+0000] {processor.py:753} INFO - DAG(s) dict_keys(['example_xcom']) retrieved from /home/airflow/.local/lib/python3.7/site-packages/airflow/example_dags/example_xcom.py
[2023-02-07T14:52:13.347+0000] {logging_mixin.py:137} INFO - [2023-02-07T14:52:13.347+0000] {dag.py:2690} INFO - Sync 1 DAGs
[2023-02-07T14:52:13.406+0000] {logging_mixin.py:137} INFO - [2023-02-07T14:52:13.406+0000] {dag.py:3441} INFO - Setting next_dagrun for example_xcom to 2021-01-01T00:00:00+00:00, run_after=2021-01-01T00:00:00+00:00
[2023-02-07T14:52:13.445+0000] {processor.py:175} INFO - Processing /home/airflow/.local/lib/python3.7/site-packages/airflow/example_dags/example_xcom.py took 0.174 seconds
[2023-02-07T14:52:43.616+0000] {processor.py:153} INFO - Started process (PID=806) to work on /home/airflow/.local/lib/python3.7/site-packages/airflow/example_dags/example_xcom.py
[2023-02-07T14:52:43.624+0000] {processor.py:743} INFO - Processing file /home/airflow/.local/lib/python3.7/site-packages/airflow/example_dags/example_xcom.py for tasks to queue
[2023-02-07T14:52:43.625+0000] {logging_mixin.py:137} INFO - [2023-02-07T14:52:43.625+0000] {dagbag.py:538} INFO - Filling up the DagBag from /home/airflow/.local/lib/python3.7/site-packages/airflow/example_dags/example_xcom.py
[2023-02-07T14:52:43.656+0000] {processor.py:753} INFO - DAG(s) dict_keys(['example_xcom']) retrieved from /home/airflow/.local/lib/python3.7/site-packages/airflow/example_dags/example_xcom.py
[2023-02-07T14:52:43.690+0000] {logging_mixin.py:137} INFO - [2023-02-07T14:52:43.690+0000] {dag.py:2690} INFO - Sync 1 DAGs
[2023-02-07T14:52:43.727+0000] {logging_mixin.py:137} INFO - [2023-02-07T14:52:43.727+0000] {dag.py:3441} INFO - Setting next_dagrun for example_xcom to 2021-01-01T00:00:00+00:00, run_after=2021-01-01T00:00:00+00:00
[2023-02-07T14:52:43.758+0000] {processor.py:175} INFO - Processing /home/airflow/.local/lib/python3.7/site-packages/airflow/example_dags/example_xcom.py took 0.147 seconds
[2023-02-07T14:53:14.595+0000] {processor.py:153} INFO - Started process (PID=874) to work on /home/airflow/.local/lib/python3.7/site-packages/airflow/example_dags/example_xcom.py
[2023-02-07T14:53:14.603+0000] {processor.py:743} INFO - Processing file /home/airflow/.local/lib/python3.7/site-packages/airflow/example_dags/example_xcom.py for tasks to queue
[2023-02-07T14:53:14.604+0000] {logging_mixin.py:137} INFO - [2023-02-07T14:53:14.604+0000] {dagbag.py:538} INFO - Filling up the DagBag from /home/airflow/.local/lib/python3.7/site-packages/airflow/example_dags/example_xcom.py
[2023-02-07T14:53:14.630+0000] {processor.py:753} INFO - DAG(s) dict_keys(['example_xcom']) retrieved from /home/airflow/.local/lib/python3.7/site-packages/airflow/example_dags/example_xcom.py
[2023-02-07T14:53:14.654+0000] {logging_mixin.py:137} INFO - [2023-02-07T14:53:14.654+0000] {dag.py:2690} INFO - Sync 1 DAGs
[2023-02-07T14:53:14.681+0000] {logging_mixin.py:137} INFO - [2023-02-07T14:53:14.681+0000] {dag.py:3441} INFO - Setting next_dagrun for example_xcom to 2021-01-01T00:00:00+00:00, run_after=2021-01-01T00:00:00+00:00
[2023-02-07T14:53:14.708+0000] {processor.py:175} INFO - Processing /home/airflow/.local/lib/python3.7/site-packages/airflow/example_dags/example_xcom.py took 0.116 seconds
[2023-02-07T14:53:45.340+0000] {processor.py:153} INFO - Started process (PID=948) to work on /home/airflow/.local/lib/python3.7/site-packages/airflow/example_dags/example_xcom.py
[2023-02-07T14:53:45.344+0000] {processor.py:743} INFO - Processing file /home/airflow/.local/lib/python3.7/site-packages/airflow/example_dags/example_xcom.py for tasks to queue
[2023-02-07T14:53:45.344+0000] {logging_mixin.py:137} INFO - [2023-02-07T14:53:45.344+0000] {dagbag.py:538} INFO - Filling up the DagBag from /home/airflow/.local/lib/python3.7/site-packages/airflow/example_dags/example_xcom.py
[2023-02-07T14:53:45.370+0000] {processor.py:753} INFO - DAG(s) dict_keys(['example_xcom']) retrieved from /home/airflow/.local/lib/python3.7/site-packages/airflow/example_dags/example_xcom.py
[2023-02-07T14:53:45.409+0000] {logging_mixin.py:137} INFO - [2023-02-07T14:53:45.409+0000] {dag.py:2690} INFO - Sync 1 DAGs
[2023-02-07T14:53:45.448+0000] {logging_mixin.py:137} INFO - [2023-02-07T14:53:45.448+0000] {dag.py:3441} INFO - Setting next_dagrun for example_xcom to 2021-01-01T00:00:00+00:00, run_after=2021-01-01T00:00:00+00:00
[2023-02-07T14:53:45.504+0000] {processor.py:175} INFO - Processing /home/airflow/.local/lib/python3.7/site-packages/airflow/example_dags/example_xcom.py took 0.167 seconds
[2023-02-07T14:54:15.618+0000] {processor.py:153} INFO - Started process (PID=1017) to work on /home/airflow/.local/lib/python3.7/site-packages/airflow/example_dags/example_xcom.py
[2023-02-07T14:54:15.618+0000] {processor.py:743} INFO - Processing file /home/airflow/.local/lib/python3.7/site-packages/airflow/example_dags/example_xcom.py for tasks to queue
[2023-02-07T14:54:15.619+0000] {logging_mixin.py:137} INFO - [2023-02-07T14:54:15.619+0000] {dagbag.py:538} INFO - Filling up the DagBag from /home/airflow/.local/lib/python3.7/site-packages/airflow/example_dags/example_xcom.py
[2023-02-07T14:54:15.650+0000] {processor.py:753} INFO - DAG(s) dict_keys(['example_xcom']) retrieved from /home/airflow/.local/lib/python3.7/site-packages/airflow/example_dags/example_xcom.py
[2023-02-07T14:54:15.677+0000] {logging_mixin.py:137} INFO - [2023-02-07T14:54:15.676+0000] {dag.py:2690} INFO - Sync 1 DAGs
[2023-02-07T14:54:15.706+0000] {logging_mixin.py:137} INFO - [2023-02-07T14:54:15.705+0000] {dag.py:3441} INFO - Setting next_dagrun for example_xcom to 2021-01-01T00:00:00+00:00, run_after=2021-01-01T00:00:00+00:00
[2023-02-07T14:54:15.730+0000] {processor.py:175} INFO - Processing /home/airflow/.local/lib/python3.7/site-packages/airflow/example_dags/example_xcom.py took 0.116 seconds
[2023-02-07T14:54:46.850+0000] {processor.py:153} INFO - Started process (PID=1094) to work on /home/airflow/.local/lib/python3.7/site-packages/airflow/example_dags/example_xcom.py
[2023-02-07T14:54:46.851+0000] {processor.py:743} INFO - Processing file /home/airflow/.local/lib/python3.7/site-packages/airflow/example_dags/example_xcom.py for tasks to queue
[2023-02-07T14:54:46.852+0000] {logging_mixin.py:137} INFO - [2023-02-07T14:54:46.852+0000] {dagbag.py:538} INFO - Filling up the DagBag from /home/airflow/.local/lib/python3.7/site-packages/airflow/example_dags/example_xcom.py
[2023-02-07T14:54:46.878+0000] {processor.py:753} INFO - DAG(s) dict_keys(['example_xcom']) retrieved from /home/airflow/.local/lib/python3.7/site-packages/airflow/example_dags/example_xcom.py
[2023-02-07T14:54:46.918+0000] {logging_mixin.py:137} INFO - [2023-02-07T14:54:46.917+0000] {dag.py:2690} INFO - Sync 1 DAGs
[2023-02-07T14:54:46.955+0000] {logging_mixin.py:137} INFO - [2023-02-07T14:54:46.954+0000] {dag.py:3441} INFO - Setting next_dagrun for example_xcom to 2021-01-01T00:00:00+00:00, run_after=2021-01-01T00:00:00+00:00
[2023-02-07T14:54:46.989+0000] {processor.py:175} INFO - Processing /home/airflow/.local/lib/python3.7/site-packages/airflow/example_dags/example_xcom.py took 0.142 seconds
[2023-02-07T14:55:17.337+0000] {processor.py:153} INFO - Started process (PID=1163) to work on /home/airflow/.local/lib/python3.7/site-packages/airflow/example_dags/example_xcom.py
[2023-02-07T14:55:17.337+0000] {processor.py:743} INFO - Processing file /home/airflow/.local/lib/python3.7/site-packages/airflow/example_dags/example_xcom.py for tasks to queue
[2023-02-07T14:55:17.338+0000] {logging_mixin.py:137} INFO - [2023-02-07T14:55:17.338+0000] {dagbag.py:538} INFO - Filling up the DagBag from /home/airflow/.local/lib/python3.7/site-packages/airflow/example_dags/example_xcom.py
[2023-02-07T14:55:17.364+0000] {processor.py:753} INFO - DAG(s) dict_keys(['example_xcom']) retrieved from /home/airflow/.local/lib/python3.7/site-packages/airflow/example_dags/example_xcom.py
[2023-02-07T14:55:17.391+0000] {logging_mixin.py:137} INFO - [2023-02-07T14:55:17.391+0000] {dag.py:2690} INFO - Sync 1 DAGs
[2023-02-07T14:55:17.418+0000] {logging_mixin.py:137} INFO - [2023-02-07T14:55:17.418+0000] {dag.py:3441} INFO - Setting next_dagrun for example_xcom to 2021-01-01T00:00:00+00:00, run_after=2021-01-01T00:00:00+00:00
[2023-02-07T14:55:17.446+0000] {processor.py:175} INFO - Processing /home/airflow/.local/lib/python3.7/site-packages/airflow/example_dags/example_xcom.py took 0.113 seconds
[2023-02-07T14:55:48.386+0000] {processor.py:153} INFO - Started process (PID=1229) to work on /home/airflow/.local/lib/python3.7/site-packages/airflow/example_dags/example_xcom.py
[2023-02-07T14:55:48.394+0000] {processor.py:743} INFO - Processing file /home/airflow/.local/lib/python3.7/site-packages/airflow/example_dags/example_xcom.py for tasks to queue
[2023-02-07T14:55:48.395+0000] {logging_mixin.py:137} INFO - [2023-02-07T14:55:48.395+0000] {dagbag.py:538} INFO - Filling up the DagBag from /home/airflow/.local/lib/python3.7/site-packages/airflow/example_dags/example_xcom.py
[2023-02-07T14:55:48.427+0000] {processor.py:753} INFO - DAG(s) dict_keys(['example_xcom']) retrieved from /home/airflow/.local/lib/python3.7/site-packages/airflow/example_dags/example_xcom.py
[2023-02-07T14:55:48.471+0000] {logging_mixin.py:137} INFO - [2023-02-07T14:55:48.471+0000] {dag.py:2690} INFO - Sync 1 DAGs
[2023-02-07T14:55:48.522+0000] {logging_mixin.py:137} INFO - [2023-02-07T14:55:48.522+0000] {dag.py:3441} INFO - Setting next_dagrun for example_xcom to 2021-01-01T00:00:00+00:00, run_after=2021-01-01T00:00:00+00:00
[2023-02-07T14:55:48.558+0000] {processor.py:175} INFO - Processing /home/airflow/.local/lib/python3.7/site-packages/airflow/example_dags/example_xcom.py took 0.178 seconds
[2023-02-07T14:56:19.169+0000] {processor.py:153} INFO - Started process (PID=1306) to work on /home/airflow/.local/lib/python3.7/site-packages/airflow/example_dags/example_xcom.py
[2023-02-07T14:56:19.170+0000] {processor.py:743} INFO - Processing file /home/airflow/.local/lib/python3.7/site-packages/airflow/example_dags/example_xcom.py for tasks to queue
[2023-02-07T14:56:19.171+0000] {logging_mixin.py:137} INFO - [2023-02-07T14:56:19.171+0000] {dagbag.py:538} INFO - Filling up the DagBag from /home/airflow/.local/lib/python3.7/site-packages/airflow/example_dags/example_xcom.py
[2023-02-07T14:56:19.200+0000] {processor.py:753} INFO - DAG(s) dict_keys(['example_xcom']) retrieved from /home/airflow/.local/lib/python3.7/site-packages/airflow/example_dags/example_xcom.py
[2023-02-07T14:56:19.234+0000] {logging_mixin.py:137} INFO - [2023-02-07T14:56:19.233+0000] {dag.py:2690} INFO - Sync 1 DAGs
[2023-02-07T14:56:19.265+0000] {logging_mixin.py:137} INFO - [2023-02-07T14:56:19.265+0000] {dag.py:3441} INFO - Setting next_dagrun for example_xcom to 2021-01-01T00:00:00+00:00, run_after=2021-01-01T00:00:00+00:00
[2023-02-07T14:56:19.295+0000] {processor.py:175} INFO - Processing /home/airflow/.local/lib/python3.7/site-packages/airflow/example_dags/example_xcom.py took 0.130 seconds
[2023-02-07T14:56:50.151+0000] {processor.py:153} INFO - Started process (PID=1372) to work on /home/airflow/.local/lib/python3.7/site-packages/airflow/example_dags/example_xcom.py
[2023-02-07T14:56:50.152+0000] {processor.py:743} INFO - Processing file /home/airflow/.local/lib/python3.7/site-packages/airflow/example_dags/example_xcom.py for tasks to queue
[2023-02-07T14:56:50.153+0000] {logging_mixin.py:137} INFO - [2023-02-07T14:56:50.152+0000] {dagbag.py:538} INFO - Filling up the DagBag from /home/airflow/.local/lib/python3.7/site-packages/airflow/example_dags/example_xcom.py
[2023-02-07T14:56:50.178+0000] {processor.py:753} INFO - DAG(s) dict_keys(['example_xcom']) retrieved from /home/airflow/.local/lib/python3.7/site-packages/airflow/example_dags/example_xcom.py
[2023-02-07T14:56:50.215+0000] {logging_mixin.py:137} INFO - [2023-02-07T14:56:50.214+0000] {dag.py:2690} INFO - Sync 1 DAGs
[2023-02-07T14:56:50.251+0000] {logging_mixin.py:137} INFO - [2023-02-07T14:56:50.251+0000] {dag.py:3441} INFO - Setting next_dagrun for example_xcom to 2021-01-01T00:00:00+00:00, run_after=2021-01-01T00:00:00+00:00
[2023-02-07T14:56:50.284+0000] {processor.py:175} INFO - Processing /home/airflow/.local/lib/python3.7/site-packages/airflow/example_dags/example_xcom.py took 0.137 seconds
[2023-02-07T14:57:21.353+0000] {processor.py:153} INFO - Started process (PID=1450) to work on /home/airflow/.local/lib/python3.7/site-packages/airflow/example_dags/example_xcom.py
[2023-02-07T14:57:21.354+0000] {processor.py:743} INFO - Processing file /home/airflow/.local/lib/python3.7/site-packages/airflow/example_dags/example_xcom.py for tasks to queue
[2023-02-07T14:57:21.355+0000] {logging_mixin.py:137} INFO - [2023-02-07T14:57:21.355+0000] {dagbag.py:538} INFO - Filling up the DagBag from /home/airflow/.local/lib/python3.7/site-packages/airflow/example_dags/example_xcom.py
[2023-02-07T14:57:21.377+0000] {processor.py:753} INFO - DAG(s) dict_keys(['example_xcom']) retrieved from /home/airflow/.local/lib/python3.7/site-packages/airflow/example_dags/example_xcom.py
[2023-02-07T14:57:21.403+0000] {logging_mixin.py:137} INFO - [2023-02-07T14:57:21.403+0000] {dag.py:2690} INFO - Sync 1 DAGs
[2023-02-07T14:57:21.427+0000] {logging_mixin.py:137} INFO - [2023-02-07T14:57:21.427+0000] {dag.py:3441} INFO - Setting next_dagrun for example_xcom to 2021-01-01T00:00:00+00:00, run_after=2021-01-01T00:00:00+00:00
[2023-02-07T14:57:21.452+0000] {processor.py:175} INFO - Processing /home/airflow/.local/lib/python3.7/site-packages/airflow/example_dags/example_xcom.py took 0.103 seconds
[2023-02-07T14:57:52.000+0000] {processor.py:153} INFO - Started process (PID=1515) to work on /home/airflow/.local/lib/python3.7/site-packages/airflow/example_dags/example_xcom.py
[2023-02-07T14:57:52.010+0000] {processor.py:743} INFO - Processing file /home/airflow/.local/lib/python3.7/site-packages/airflow/example_dags/example_xcom.py for tasks to queue
[2023-02-07T14:57:52.011+0000] {logging_mixin.py:137} INFO - [2023-02-07T14:57:52.011+0000] {dagbag.py:538} INFO - Filling up the DagBag from /home/airflow/.local/lib/python3.7/site-packages/airflow/example_dags/example_xcom.py
[2023-02-07T14:57:52.041+0000] {processor.py:753} INFO - DAG(s) dict_keys(['example_xcom']) retrieved from /home/airflow/.local/lib/python3.7/site-packages/airflow/example_dags/example_xcom.py
[2023-02-07T14:57:52.071+0000] {logging_mixin.py:137} INFO - [2023-02-07T14:57:52.071+0000] {dag.py:2690} INFO - Sync 1 DAGs
[2023-02-07T14:57:52.104+0000] {logging_mixin.py:137} INFO - [2023-02-07T14:57:52.104+0000] {dag.py:3441} INFO - Setting next_dagrun for example_xcom to 2021-01-01T00:00:00+00:00, run_after=2021-01-01T00:00:00+00:00
[2023-02-07T14:57:52.137+0000] {processor.py:175} INFO - Processing /home/airflow/.local/lib/python3.7/site-packages/airflow/example_dags/example_xcom.py took 0.141 seconds
[2023-02-07T14:58:22.274+0000] {processor.py:153} INFO - Started process (PID=1592) to work on /home/airflow/.local/lib/python3.7/site-packages/airflow/example_dags/example_xcom.py
[2023-02-07T14:58:22.275+0000] {processor.py:743} INFO - Processing file /home/airflow/.local/lib/python3.7/site-packages/airflow/example_dags/example_xcom.py for tasks to queue
[2023-02-07T14:58:22.275+0000] {logging_mixin.py:137} INFO - [2023-02-07T14:58:22.275+0000] {dagbag.py:538} INFO - Filling up the DagBag from /home/airflow/.local/lib/python3.7/site-packages/airflow/example_dags/example_xcom.py
[2023-02-07T14:58:22.297+0000] {processor.py:753} INFO - DAG(s) dict_keys(['example_xcom']) retrieved from /home/airflow/.local/lib/python3.7/site-packages/airflow/example_dags/example_xcom.py
[2023-02-07T14:58:22.322+0000] {logging_mixin.py:137} INFO - [2023-02-07T14:58:22.322+0000] {dag.py:2690} INFO - Sync 1 DAGs
[2023-02-07T14:58:22.346+0000] {logging_mixin.py:137} INFO - [2023-02-07T14:58:22.346+0000] {dag.py:3441} INFO - Setting next_dagrun for example_xcom to 2021-01-01T00:00:00+00:00, run_after=2021-01-01T00:00:00+00:00
[2023-02-07T14:58:22.370+0000] {processor.py:175} INFO - Processing /home/airflow/.local/lib/python3.7/site-packages/airflow/example_dags/example_xcom.py took 0.100 seconds
[2023-02-07T14:58:52.462+0000] {processor.py:153} INFO - Started process (PID=1656) to work on /home/airflow/.local/lib/python3.7/site-packages/airflow/example_dags/example_xcom.py
[2023-02-07T14:58:52.463+0000] {processor.py:743} INFO - Processing file /home/airflow/.local/lib/python3.7/site-packages/airflow/example_dags/example_xcom.py for tasks to queue
[2023-02-07T14:58:52.464+0000] {logging_mixin.py:137} INFO - [2023-02-07T14:58:52.464+0000] {dagbag.py:538} INFO - Filling up the DagBag from /home/airflow/.local/lib/python3.7/site-packages/airflow/example_dags/example_xcom.py
[2023-02-07T14:58:52.496+0000] {processor.py:753} INFO - DAG(s) dict_keys(['example_xcom']) retrieved from /home/airflow/.local/lib/python3.7/site-packages/airflow/example_dags/example_xcom.py
[2023-02-07T14:58:52.530+0000] {logging_mixin.py:137} INFO - [2023-02-07T14:58:52.530+0000] {dag.py:2690} INFO - Sync 1 DAGs
[2023-02-07T14:58:52.569+0000] {logging_mixin.py:137} INFO - [2023-02-07T14:58:52.569+0000] {dag.py:3441} INFO - Setting next_dagrun for example_xcom to 2021-01-01T00:00:00+00:00, run_after=2021-01-01T00:00:00+00:00
[2023-02-07T14:58:52.600+0000] {processor.py:175} INFO - Processing /home/airflow/.local/lib/python3.7/site-packages/airflow/example_dags/example_xcom.py took 0.143 seconds
[2023-02-07T14:59:23.532+0000] {processor.py:153} INFO - Started process (PID=1734) to work on /home/airflow/.local/lib/python3.7/site-packages/airflow/example_dags/example_xcom.py
[2023-02-07T14:59:23.533+0000] {processor.py:743} INFO - Processing file /home/airflow/.local/lib/python3.7/site-packages/airflow/example_dags/example_xcom.py for tasks to queue
[2023-02-07T14:59:23.533+0000] {logging_mixin.py:137} INFO - [2023-02-07T14:59:23.533+0000] {dagbag.py:538} INFO - Filling up the DagBag from /home/airflow/.local/lib/python3.7/site-packages/airflow/example_dags/example_xcom.py
[2023-02-07T14:59:23.554+0000] {processor.py:753} INFO - DAG(s) dict_keys(['example_xcom']) retrieved from /home/airflow/.local/lib/python3.7/site-packages/airflow/example_dags/example_xcom.py
[2023-02-07T14:59:23.584+0000] {logging_mixin.py:137} INFO - [2023-02-07T14:59:23.584+0000] {dag.py:2690} INFO - Sync 1 DAGs
[2023-02-07T14:59:23.611+0000] {logging_mixin.py:137} INFO - [2023-02-07T14:59:23.610+0000] {dag.py:3441} INFO - Setting next_dagrun for example_xcom to 2021-01-01T00:00:00+00:00, run_after=2021-01-01T00:00:00+00:00
[2023-02-07T14:59:23.635+0000] {processor.py:175} INFO - Processing /home/airflow/.local/lib/python3.7/site-packages/airflow/example_dags/example_xcom.py took 0.107 seconds
[2023-02-07T14:59:54.170+0000] {processor.py:153} INFO - Started process (PID=1799) to work on /home/airflow/.local/lib/python3.7/site-packages/airflow/example_dags/example_xcom.py
[2023-02-07T14:59:54.171+0000] {processor.py:743} INFO - Processing file /home/airflow/.local/lib/python3.7/site-packages/airflow/example_dags/example_xcom.py for tasks to queue
[2023-02-07T14:59:54.172+0000] {logging_mixin.py:137} INFO - [2023-02-07T14:59:54.172+0000] {dagbag.py:538} INFO - Filling up the DagBag from /home/airflow/.local/lib/python3.7/site-packages/airflow/example_dags/example_xcom.py
[2023-02-07T14:59:54.204+0000] {processor.py:753} INFO - DAG(s) dict_keys(['example_xcom']) retrieved from /home/airflow/.local/lib/python3.7/site-packages/airflow/example_dags/example_xcom.py
[2023-02-07T14:59:54.238+0000] {logging_mixin.py:137} INFO - [2023-02-07T14:59:54.238+0000] {dag.py:2690} INFO - Sync 1 DAGs
[2023-02-07T14:59:54.273+0000] {logging_mixin.py:137} INFO - [2023-02-07T14:59:54.273+0000] {dag.py:3441} INFO - Setting next_dagrun for example_xcom to 2021-01-01T00:00:00+00:00, run_after=2021-01-01T00:00:00+00:00
[2023-02-07T14:59:54.307+0000] {processor.py:175} INFO - Processing /home/airflow/.local/lib/python3.7/site-packages/airflow/example_dags/example_xcom.py took 0.141 seconds
[2023-02-07T15:00:24.991+0000] {processor.py:153} INFO - Started process (PID=1877) to work on /home/airflow/.local/lib/python3.7/site-packages/airflow/example_dags/example_xcom.py
[2023-02-07T15:00:24.991+0000] {processor.py:743} INFO - Processing file /home/airflow/.local/lib/python3.7/site-packages/airflow/example_dags/example_xcom.py for tasks to queue
[2023-02-07T15:00:24.992+0000] {logging_mixin.py:137} INFO - [2023-02-07T15:00:24.992+0000] {dagbag.py:538} INFO - Filling up the DagBag from /home/airflow/.local/lib/python3.7/site-packages/airflow/example_dags/example_xcom.py
[2023-02-07T15:00:25.014+0000] {processor.py:753} INFO - DAG(s) dict_keys(['example_xcom']) retrieved from /home/airflow/.local/lib/python3.7/site-packages/airflow/example_dags/example_xcom.py
[2023-02-07T15:00:25.045+0000] {logging_mixin.py:137} INFO - [2023-02-07T15:00:25.045+0000] {dag.py:2690} INFO - Sync 1 DAGs
[2023-02-07T15:00:25.080+0000] {logging_mixin.py:137} INFO - [2023-02-07T15:00:25.080+0000] {dag.py:3441} INFO - Setting next_dagrun for example_xcom to 2021-01-01T00:00:00+00:00, run_after=2021-01-01T00:00:00+00:00
[2023-02-07T15:00:25.111+0000] {processor.py:175} INFO - Processing /home/airflow/.local/lib/python3.7/site-packages/airflow/example_dags/example_xcom.py took 0.123 seconds
[2023-02-07T15:00:55.756+0000] {processor.py:153} INFO - Started process (PID=1942) to work on /home/airflow/.local/lib/python3.7/site-packages/airflow/example_dags/example_xcom.py
[2023-02-07T15:00:55.757+0000] {processor.py:743} INFO - Processing file /home/airflow/.local/lib/python3.7/site-packages/airflow/example_dags/example_xcom.py for tasks to queue
[2023-02-07T15:00:55.757+0000] {logging_mixin.py:137} INFO - [2023-02-07T15:00:55.757+0000] {dagbag.py:538} INFO - Filling up the DagBag from /home/airflow/.local/lib/python3.7/site-packages/airflow/example_dags/example_xcom.py
[2023-02-07T15:00:55.778+0000] {processor.py:753} INFO - DAG(s) dict_keys(['example_xcom']) retrieved from /home/airflow/.local/lib/python3.7/site-packages/airflow/example_dags/example_xcom.py
[2023-02-07T15:00:55.806+0000] {logging_mixin.py:137} INFO - [2023-02-07T15:00:55.806+0000] {dag.py:2690} INFO - Sync 1 DAGs
[2023-02-07T15:00:55.834+0000] {logging_mixin.py:137} INFO - [2023-02-07T15:00:55.834+0000] {dag.py:3441} INFO - Setting next_dagrun for example_xcom to 2021-01-01T00:00:00+00:00, run_after=2021-01-01T00:00:00+00:00
[2023-02-07T15:00:55.858+0000] {processor.py:175} INFO - Processing /home/airflow/.local/lib/python3.7/site-packages/airflow/example_dags/example_xcom.py took 0.106 seconds
[2023-02-07T15:01:26.369+0000] {processor.py:153} INFO - Started process (PID=2022) to work on /home/airflow/.local/lib/python3.7/site-packages/airflow/example_dags/example_xcom.py
[2023-02-07T15:01:26.369+0000] {processor.py:743} INFO - Processing file /home/airflow/.local/lib/python3.7/site-packages/airflow/example_dags/example_xcom.py for tasks to queue
[2023-02-07T15:01:26.370+0000] {logging_mixin.py:137} INFO - [2023-02-07T15:01:26.370+0000] {dagbag.py:538} INFO - Filling up the DagBag from /home/airflow/.local/lib/python3.7/site-packages/airflow/example_dags/example_xcom.py
[2023-02-07T15:01:26.393+0000] {processor.py:753} INFO - DAG(s) dict_keys(['example_xcom']) retrieved from /home/airflow/.local/lib/python3.7/site-packages/airflow/example_dags/example_xcom.py
[2023-02-07T15:01:26.421+0000] {logging_mixin.py:137} INFO - [2023-02-07T15:01:26.420+0000] {dag.py:2690} INFO - Sync 1 DAGs
[2023-02-07T15:01:26.451+0000] {logging_mixin.py:137} INFO - [2023-02-07T15:01:26.450+0000] {dag.py:3441} INFO - Setting next_dagrun for example_xcom to 2021-01-01T00:00:00+00:00, run_after=2021-01-01T00:00:00+00:00
[2023-02-07T15:01:26.478+0000] {processor.py:175} INFO - Processing /home/airflow/.local/lib/python3.7/site-packages/airflow/example_dags/example_xcom.py took 0.113 seconds
[2023-02-07T15:01:57.055+0000] {processor.py:153} INFO - Started process (PID=2088) to work on /home/airflow/.local/lib/python3.7/site-packages/airflow/example_dags/example_xcom.py
[2023-02-07T15:01:57.056+0000] {processor.py:743} INFO - Processing file /home/airflow/.local/lib/python3.7/site-packages/airflow/example_dags/example_xcom.py for tasks to queue
[2023-02-07T15:01:57.056+0000] {logging_mixin.py:137} INFO - [2023-02-07T15:01:57.056+0000] {dagbag.py:538} INFO - Filling up the DagBag from /home/airflow/.local/lib/python3.7/site-packages/airflow/example_dags/example_xcom.py
[2023-02-07T15:01:57.078+0000] {processor.py:753} INFO - DAG(s) dict_keys(['example_xcom']) retrieved from /home/airflow/.local/lib/python3.7/site-packages/airflow/example_dags/example_xcom.py
[2023-02-07T15:01:57.103+0000] {logging_mixin.py:137} INFO - [2023-02-07T15:01:57.103+0000] {dag.py:2690} INFO - Sync 1 DAGs
[2023-02-07T15:01:57.128+0000] {logging_mixin.py:137} INFO - [2023-02-07T15:01:57.127+0000] {dag.py:3441} INFO - Setting next_dagrun for example_xcom to 2021-01-01T00:00:00+00:00, run_after=2021-01-01T00:00:00+00:00
[2023-02-07T15:01:57.159+0000] {processor.py:175} INFO - Processing /home/airflow/.local/lib/python3.7/site-packages/airflow/example_dags/example_xcom.py took 0.107 seconds
[2023-02-07T15:02:27.668+0000] {processor.py:153} INFO - Started process (PID=2165) to work on /home/airflow/.local/lib/python3.7/site-packages/airflow/example_dags/example_xcom.py
[2023-02-07T15:02:27.669+0000] {processor.py:743} INFO - Processing file /home/airflow/.local/lib/python3.7/site-packages/airflow/example_dags/example_xcom.py for tasks to queue
[2023-02-07T15:02:27.670+0000] {logging_mixin.py:137} INFO - [2023-02-07T15:02:27.670+0000] {dagbag.py:538} INFO - Filling up the DagBag from /home/airflow/.local/lib/python3.7/site-packages/airflow/example_dags/example_xcom.py
[2023-02-07T15:02:27.694+0000] {processor.py:753} INFO - DAG(s) dict_keys(['example_xcom']) retrieved from /home/airflow/.local/lib/python3.7/site-packages/airflow/example_dags/example_xcom.py
[2023-02-07T15:02:27.728+0000] {logging_mixin.py:137} INFO - [2023-02-07T15:02:27.728+0000] {dag.py:2690} INFO - Sync 1 DAGs
[2023-02-07T15:02:27.762+0000] {logging_mixin.py:137} INFO - [2023-02-07T15:02:27.761+0000] {dag.py:3441} INFO - Setting next_dagrun for example_xcom to 2021-01-01T00:00:00+00:00, run_after=2021-01-01T00:00:00+00:00
[2023-02-07T15:02:27.789+0000] {processor.py:175} INFO - Processing /home/airflow/.local/lib/python3.7/site-packages/airflow/example_dags/example_xcom.py took 0.125 seconds
[2023-02-07T15:02:58.641+0000] {processor.py:153} INFO - Started process (PID=2230) to work on /home/airflow/.local/lib/python3.7/site-packages/airflow/example_dags/example_xcom.py
[2023-02-07T15:02:58.642+0000] {processor.py:743} INFO - Processing file /home/airflow/.local/lib/python3.7/site-packages/airflow/example_dags/example_xcom.py for tasks to queue
[2023-02-07T15:02:58.643+0000] {logging_mixin.py:137} INFO - [2023-02-07T15:02:58.643+0000] {dagbag.py:538} INFO - Filling up the DagBag from /home/airflow/.local/lib/python3.7/site-packages/airflow/example_dags/example_xcom.py
[2023-02-07T15:02:58.664+0000] {processor.py:753} INFO - DAG(s) dict_keys(['example_xcom']) retrieved from /home/airflow/.local/lib/python3.7/site-packages/airflow/example_dags/example_xcom.py
[2023-02-07T15:02:58.691+0000] {logging_mixin.py:137} INFO - [2023-02-07T15:02:58.691+0000] {dag.py:2690} INFO - Sync 1 DAGs
[2023-02-07T15:02:58.714+0000] {logging_mixin.py:137} INFO - [2023-02-07T15:02:58.714+0000] {dag.py:3441} INFO - Setting next_dagrun for example_xcom to 2021-01-01T00:00:00+00:00, run_after=2021-01-01T00:00:00+00:00
[2023-02-07T15:02:58.739+0000] {processor.py:175} INFO - Processing /home/airflow/.local/lib/python3.7/site-packages/airflow/example_dags/example_xcom.py took 0.102 seconds
[2023-02-07T15:03:29.309+0000] {processor.py:153} INFO - Started process (PID=2308) to work on /home/airflow/.local/lib/python3.7/site-packages/airflow/example_dags/example_xcom.py
[2023-02-07T15:03:29.328+0000] {processor.py:743} INFO - Processing file /home/airflow/.local/lib/python3.7/site-packages/airflow/example_dags/example_xcom.py for tasks to queue
[2023-02-07T15:03:29.329+0000] {logging_mixin.py:137} INFO - [2023-02-07T15:03:29.328+0000] {dagbag.py:538} INFO - Filling up the DagBag from /home/airflow/.local/lib/python3.7/site-packages/airflow/example_dags/example_xcom.py
[2023-02-07T15:03:29.351+0000] {processor.py:753} INFO - DAG(s) dict_keys(['example_xcom']) retrieved from /home/airflow/.local/lib/python3.7/site-packages/airflow/example_dags/example_xcom.py
[2023-02-07T15:03:29.378+0000] {logging_mixin.py:137} INFO - [2023-02-07T15:03:29.377+0000] {dag.py:2690} INFO - Sync 1 DAGs
[2023-02-07T15:03:29.400+0000] {logging_mixin.py:137} INFO - [2023-02-07T15:03:29.400+0000] {dag.py:3441} INFO - Setting next_dagrun for example_xcom to 2021-01-01T00:00:00+00:00, run_after=2021-01-01T00:00:00+00:00
[2023-02-07T15:03:29.424+0000] {processor.py:175} INFO - Processing /home/airflow/.local/lib/python3.7/site-packages/airflow/example_dags/example_xcom.py took 0.118 seconds
[2023-02-07T15:04:00.231+0000] {processor.py:153} INFO - Started process (PID=2385) to work on /home/airflow/.local/lib/python3.7/site-packages/airflow/example_dags/example_xcom.py
[2023-02-07T15:04:00.236+0000] {processor.py:743} INFO - Processing file /home/airflow/.local/lib/python3.7/site-packages/airflow/example_dags/example_xcom.py for tasks to queue
[2023-02-07T15:04:00.237+0000] {logging_mixin.py:137} INFO - [2023-02-07T15:04:00.237+0000] {dagbag.py:538} INFO - Filling up the DagBag from /home/airflow/.local/lib/python3.7/site-packages/airflow/example_dags/example_xcom.py
[2023-02-07T15:04:00.263+0000] {processor.py:753} INFO - DAG(s) dict_keys(['example_xcom']) retrieved from /home/airflow/.local/lib/python3.7/site-packages/airflow/example_dags/example_xcom.py
[2023-02-07T15:04:00.293+0000] {logging_mixin.py:137} INFO - [2023-02-07T15:04:00.293+0000] {dag.py:2690} INFO - Sync 1 DAGs
[2023-02-07T15:04:00.317+0000] {logging_mixin.py:137} INFO - [2023-02-07T15:04:00.317+0000] {dag.py:3441} INFO - Setting next_dagrun for example_xcom to 2021-01-01T00:00:00+00:00, run_after=2021-01-01T00:00:00+00:00
[2023-02-07T15:04:00.635+0000] {processor.py:175} INFO - Processing /home/airflow/.local/lib/python3.7/site-packages/airflow/example_dags/example_xcom.py took 0.407 seconds
[2023-02-07T15:04:31.431+0000] {processor.py:153} INFO - Started process (PID=2454) to work on /home/airflow/.local/lib/python3.7/site-packages/airflow/example_dags/example_xcom.py
[2023-02-07T15:04:31.432+0000] {processor.py:743} INFO - Processing file /home/airflow/.local/lib/python3.7/site-packages/airflow/example_dags/example_xcom.py for tasks to queue
[2023-02-07T15:04:31.433+0000] {logging_mixin.py:137} INFO - [2023-02-07T15:04:31.433+0000] {dagbag.py:538} INFO - Filling up the DagBag from /home/airflow/.local/lib/python3.7/site-packages/airflow/example_dags/example_xcom.py
[2023-02-07T15:04:31.465+0000] {processor.py:753} INFO - DAG(s) dict_keys(['example_xcom']) retrieved from /home/airflow/.local/lib/python3.7/site-packages/airflow/example_dags/example_xcom.py
[2023-02-07T15:04:31.503+0000] {logging_mixin.py:137} INFO - [2023-02-07T15:04:31.502+0000] {dag.py:2690} INFO - Sync 1 DAGs
[2023-02-07T15:04:31.540+0000] {logging_mixin.py:137} INFO - [2023-02-07T15:04:31.540+0000] {dag.py:3441} INFO - Setting next_dagrun for example_xcom to 2021-01-01T00:00:00+00:00, run_after=2021-01-01T00:00:00+00:00
[2023-02-07T15:04:31.572+0000] {processor.py:175} INFO - Processing /home/airflow/.local/lib/python3.7/site-packages/airflow/example_dags/example_xcom.py took 0.146 seconds
[2023-02-07T15:05:01.634+0000] {processor.py:153} INFO - Started process (PID=2529) to work on /home/airflow/.local/lib/python3.7/site-packages/airflow/example_dags/example_xcom.py
[2023-02-07T15:05:01.635+0000] {processor.py:743} INFO - Processing file /home/airflow/.local/lib/python3.7/site-packages/airflow/example_dags/example_xcom.py for tasks to queue
[2023-02-07T15:05:01.636+0000] {logging_mixin.py:137} INFO - [2023-02-07T15:05:01.636+0000] {dagbag.py:538} INFO - Filling up the DagBag from /home/airflow/.local/lib/python3.7/site-packages/airflow/example_dags/example_xcom.py
[2023-02-07T15:05:01.661+0000] {processor.py:753} INFO - DAG(s) dict_keys(['example_xcom']) retrieved from /home/airflow/.local/lib/python3.7/site-packages/airflow/example_dags/example_xcom.py
[2023-02-07T15:05:01.691+0000] {logging_mixin.py:137} INFO - [2023-02-07T15:05:01.691+0000] {dag.py:2690} INFO - Sync 1 DAGs
[2023-02-07T15:05:01.719+0000] {logging_mixin.py:137} INFO - [2023-02-07T15:05:01.718+0000] {dag.py:3441} INFO - Setting next_dagrun for example_xcom to 2021-01-01T00:00:00+00:00, run_after=2021-01-01T00:00:00+00:00
[2023-02-07T15:05:01.762+0000] {processor.py:175} INFO - Processing /home/airflow/.local/lib/python3.7/site-packages/airflow/example_dags/example_xcom.py took 0.132 seconds
[2023-02-07T15:05:32.366+0000] {processor.py:153} INFO - Started process (PID=2598) to work on /home/airflow/.local/lib/python3.7/site-packages/airflow/example_dags/example_xcom.py
[2023-02-07T15:05:32.367+0000] {processor.py:743} INFO - Processing file /home/airflow/.local/lib/python3.7/site-packages/airflow/example_dags/example_xcom.py for tasks to queue
[2023-02-07T15:05:32.367+0000] {logging_mixin.py:137} INFO - [2023-02-07T15:05:32.367+0000] {dagbag.py:538} INFO - Filling up the DagBag from /home/airflow/.local/lib/python3.7/site-packages/airflow/example_dags/example_xcom.py
[2023-02-07T15:05:32.389+0000] {processor.py:753} INFO - DAG(s) dict_keys(['example_xcom']) retrieved from /home/airflow/.local/lib/python3.7/site-packages/airflow/example_dags/example_xcom.py
[2023-02-07T15:05:32.416+0000] {logging_mixin.py:137} INFO - [2023-02-07T15:05:32.416+0000] {dag.py:2690} INFO - Sync 1 DAGs
[2023-02-07T15:05:32.440+0000] {logging_mixin.py:137} INFO - [2023-02-07T15:05:32.439+0000] {dag.py:3441} INFO - Setting next_dagrun for example_xcom to 2021-01-01T00:00:00+00:00, run_after=2021-01-01T00:00:00+00:00
[2023-02-07T15:05:32.466+0000] {processor.py:175} INFO - Processing /home/airflow/.local/lib/python3.7/site-packages/airflow/example_dags/example_xcom.py took 0.104 seconds
[2023-02-07T15:06:03.163+0000] {processor.py:153} INFO - Started process (PID=2675) to work on /home/airflow/.local/lib/python3.7/site-packages/airflow/example_dags/example_xcom.py
[2023-02-07T15:06:03.164+0000] {processor.py:743} INFO - Processing file /home/airflow/.local/lib/python3.7/site-packages/airflow/example_dags/example_xcom.py for tasks to queue
[2023-02-07T15:06:03.165+0000] {logging_mixin.py:137} INFO - [2023-02-07T15:06:03.165+0000] {dagbag.py:538} INFO - Filling up the DagBag from /home/airflow/.local/lib/python3.7/site-packages/airflow/example_dags/example_xcom.py
[2023-02-07T15:06:03.196+0000] {processor.py:753} INFO - DAG(s) dict_keys(['example_xcom']) retrieved from /home/airflow/.local/lib/python3.7/site-packages/airflow/example_dags/example_xcom.py
[2023-02-07T15:06:03.229+0000] {logging_mixin.py:137} INFO - [2023-02-07T15:06:03.229+0000] {dag.py:2690} INFO - Sync 1 DAGs
[2023-02-07T15:06:03.265+0000] {logging_mixin.py:137} INFO - [2023-02-07T15:06:03.265+0000] {dag.py:3441} INFO - Setting next_dagrun for example_xcom to 2021-01-01T00:00:00+00:00, run_after=2021-01-01T00:00:00+00:00
[2023-02-07T15:06:03.294+0000] {processor.py:175} INFO - Processing /home/airflow/.local/lib/python3.7/site-packages/airflow/example_dags/example_xcom.py took 0.135 seconds
[2023-02-07T15:06:33.825+0000] {processor.py:153} INFO - Started process (PID=2740) to work on /home/airflow/.local/lib/python3.7/site-packages/airflow/example_dags/example_xcom.py
[2023-02-07T15:06:33.826+0000] {processor.py:743} INFO - Processing file /home/airflow/.local/lib/python3.7/site-packages/airflow/example_dags/example_xcom.py for tasks to queue
[2023-02-07T15:06:33.826+0000] {logging_mixin.py:137} INFO - [2023-02-07T15:06:33.826+0000] {dagbag.py:538} INFO - Filling up the DagBag from /home/airflow/.local/lib/python3.7/site-packages/airflow/example_dags/example_xcom.py
[2023-02-07T15:06:33.858+0000] {processor.py:753} INFO - DAG(s) dict_keys(['example_xcom']) retrieved from /home/airflow/.local/lib/python3.7/site-packages/airflow/example_dags/example_xcom.py
[2023-02-07T15:06:33.892+0000] {logging_mixin.py:137} INFO - [2023-02-07T15:06:33.891+0000] {dag.py:2690} INFO - Sync 1 DAGs
[2023-02-07T15:06:33.923+0000] {logging_mixin.py:137} INFO - [2023-02-07T15:06:33.923+0000] {dag.py:3441} INFO - Setting next_dagrun for example_xcom to 2021-01-01T00:00:00+00:00, run_after=2021-01-01T00:00:00+00:00
[2023-02-07T15:06:33.958+0000] {processor.py:175} INFO - Processing /home/airflow/.local/lib/python3.7/site-packages/airflow/example_dags/example_xcom.py took 0.138 seconds
[2023-02-07T15:07:04.433+0000] {processor.py:153} INFO - Started process (PID=2817) to work on /home/airflow/.local/lib/python3.7/site-packages/airflow/example_dags/example_xcom.py
[2023-02-07T15:07:04.434+0000] {processor.py:743} INFO - Processing file /home/airflow/.local/lib/python3.7/site-packages/airflow/example_dags/example_xcom.py for tasks to queue
[2023-02-07T15:07:04.435+0000] {logging_mixin.py:137} INFO - [2023-02-07T15:07:04.435+0000] {dagbag.py:538} INFO - Filling up the DagBag from /home/airflow/.local/lib/python3.7/site-packages/airflow/example_dags/example_xcom.py
[2023-02-07T15:07:04.467+0000] {processor.py:753} INFO - DAG(s) dict_keys(['example_xcom']) retrieved from /home/airflow/.local/lib/python3.7/site-packages/airflow/example_dags/example_xcom.py
[2023-02-07T15:07:04.503+0000] {logging_mixin.py:137} INFO - [2023-02-07T15:07:04.503+0000] {dag.py:2690} INFO - Sync 1 DAGs
[2023-02-07T15:07:04.540+0000] {logging_mixin.py:137} INFO - [2023-02-07T15:07:04.540+0000] {dag.py:3441} INFO - Setting next_dagrun for example_xcom to 2021-01-01T00:00:00+00:00, run_after=2021-01-01T00:00:00+00:00
[2023-02-07T15:07:04.571+0000] {processor.py:175} INFO - Processing /home/airflow/.local/lib/python3.7/site-packages/airflow/example_dags/example_xcom.py took 0.142 seconds
[2023-02-07T15:07:35.096+0000] {processor.py:153} INFO - Started process (PID=2883) to work on /home/airflow/.local/lib/python3.7/site-packages/airflow/example_dags/example_xcom.py
[2023-02-07T15:07:35.097+0000] {processor.py:743} INFO - Processing file /home/airflow/.local/lib/python3.7/site-packages/airflow/example_dags/example_xcom.py for tasks to queue
[2023-02-07T15:07:35.098+0000] {logging_mixin.py:137} INFO - [2023-02-07T15:07:35.098+0000] {dagbag.py:538} INFO - Filling up the DagBag from /home/airflow/.local/lib/python3.7/site-packages/airflow/example_dags/example_xcom.py
[2023-02-07T15:07:35.130+0000] {processor.py:753} INFO - DAG(s) dict_keys(['example_xcom']) retrieved from /home/airflow/.local/lib/python3.7/site-packages/airflow/example_dags/example_xcom.py
[2023-02-07T15:07:35.165+0000] {logging_mixin.py:137} INFO - [2023-02-07T15:07:35.165+0000] {dag.py:2690} INFO - Sync 1 DAGs
[2023-02-07T15:07:35.202+0000] {logging_mixin.py:137} INFO - [2023-02-07T15:07:35.202+0000] {dag.py:3441} INFO - Setting next_dagrun for example_xcom to 2021-01-01T00:00:00+00:00, run_after=2021-01-01T00:00:00+00:00
[2023-02-07T15:07:35.236+0000] {processor.py:175} INFO - Processing /home/airflow/.local/lib/python3.7/site-packages/airflow/example_dags/example_xcom.py took 0.144 seconds
[2023-02-07T15:08:05.937+0000] {processor.py:153} INFO - Started process (PID=2961) to work on /home/airflow/.local/lib/python3.7/site-packages/airflow/example_dags/example_xcom.py
[2023-02-07T15:08:05.939+0000] {processor.py:743} INFO - Processing file /home/airflow/.local/lib/python3.7/site-packages/airflow/example_dags/example_xcom.py for tasks to queue
[2023-02-07T15:08:05.939+0000] {logging_mixin.py:137} INFO - [2023-02-07T15:08:05.939+0000] {dagbag.py:538} INFO - Filling up the DagBag from /home/airflow/.local/lib/python3.7/site-packages/airflow/example_dags/example_xcom.py
[2023-02-07T15:08:05.973+0000] {processor.py:753} INFO - DAG(s) dict_keys(['example_xcom']) retrieved from /home/airflow/.local/lib/python3.7/site-packages/airflow/example_dags/example_xcom.py
[2023-02-07T15:08:06.010+0000] {logging_mixin.py:137} INFO - [2023-02-07T15:08:06.010+0000] {dag.py:2690} INFO - Sync 1 DAGs
[2023-02-07T15:08:06.049+0000] {logging_mixin.py:137} INFO - [2023-02-07T15:08:06.049+0000] {dag.py:3441} INFO - Setting next_dagrun for example_xcom to 2021-01-01T00:00:00+00:00, run_after=2021-01-01T00:00:00+00:00
[2023-02-07T15:08:06.087+0000] {processor.py:175} INFO - Processing /home/airflow/.local/lib/python3.7/site-packages/airflow/example_dags/example_xcom.py took 0.155 seconds
[2023-02-07T15:08:36.279+0000] {processor.py:153} INFO - Started process (PID=3026) to work on /home/airflow/.local/lib/python3.7/site-packages/airflow/example_dags/example_xcom.py
[2023-02-07T15:08:36.280+0000] {processor.py:743} INFO - Processing file /home/airflow/.local/lib/python3.7/site-packages/airflow/example_dags/example_xcom.py for tasks to queue
[2023-02-07T15:08:36.281+0000] {logging_mixin.py:137} INFO - [2023-02-07T15:08:36.281+0000] {dagbag.py:538} INFO - Filling up the DagBag from /home/airflow/.local/lib/python3.7/site-packages/airflow/example_dags/example_xcom.py
[2023-02-07T15:08:36.303+0000] {processor.py:753} INFO - DAG(s) dict_keys(['example_xcom']) retrieved from /home/airflow/.local/lib/python3.7/site-packages/airflow/example_dags/example_xcom.py
[2023-02-07T15:08:36.328+0000] {logging_mixin.py:137} INFO - [2023-02-07T15:08:36.328+0000] {dag.py:2690} INFO - Sync 1 DAGs
[2023-02-07T15:08:36.353+0000] {logging_mixin.py:137} INFO - [2023-02-07T15:08:36.353+0000] {dag.py:3441} INFO - Setting next_dagrun for example_xcom to 2021-01-01T00:00:00+00:00, run_after=2021-01-01T00:00:00+00:00
[2023-02-07T15:08:36.378+0000] {processor.py:175} INFO - Processing /home/airflow/.local/lib/python3.7/site-packages/airflow/example_dags/example_xcom.py took 0.103 seconds
[2023-02-07T15:09:07.101+0000] {processor.py:153} INFO - Started process (PID=3103) to work on /home/airflow/.local/lib/python3.7/site-packages/airflow/example_dags/example_xcom.py
[2023-02-07T15:09:07.102+0000] {processor.py:743} INFO - Processing file /home/airflow/.local/lib/python3.7/site-packages/airflow/example_dags/example_xcom.py for tasks to queue
[2023-02-07T15:09:07.103+0000] {logging_mixin.py:137} INFO - [2023-02-07T15:09:07.103+0000] {dagbag.py:538} INFO - Filling up the DagBag from /home/airflow/.local/lib/python3.7/site-packages/airflow/example_dags/example_xcom.py
[2023-02-07T15:09:07.134+0000] {processor.py:753} INFO - DAG(s) dict_keys(['example_xcom']) retrieved from /home/airflow/.local/lib/python3.7/site-packages/airflow/example_dags/example_xcom.py
[2023-02-07T15:09:07.169+0000] {logging_mixin.py:137} INFO - [2023-02-07T15:09:07.169+0000] {dag.py:2690} INFO - Sync 1 DAGs
[2023-02-07T15:09:07.204+0000] {logging_mixin.py:137} INFO - [2023-02-07T15:09:07.204+0000] {dag.py:3441} INFO - Setting next_dagrun for example_xcom to 2021-01-01T00:00:00+00:00, run_after=2021-01-01T00:00:00+00:00
[2023-02-07T15:09:07.240+0000] {processor.py:175} INFO - Processing /home/airflow/.local/lib/python3.7/site-packages/airflow/example_dags/example_xcom.py took 0.144 seconds
[2023-02-07T15:09:37.450+0000] {processor.py:153} INFO - Started process (PID=3168) to work on /home/airflow/.local/lib/python3.7/site-packages/airflow/example_dags/example_xcom.py
[2023-02-07T15:09:37.451+0000] {processor.py:743} INFO - Processing file /home/airflow/.local/lib/python3.7/site-packages/airflow/example_dags/example_xcom.py for tasks to queue
[2023-02-07T15:09:37.452+0000] {logging_mixin.py:137} INFO - [2023-02-07T15:09:37.452+0000] {dagbag.py:538} INFO - Filling up the DagBag from /home/airflow/.local/lib/python3.7/site-packages/airflow/example_dags/example_xcom.py
[2023-02-07T15:09:37.483+0000] {processor.py:753} INFO - DAG(s) dict_keys(['example_xcom']) retrieved from /home/airflow/.local/lib/python3.7/site-packages/airflow/example_dags/example_xcom.py
[2023-02-07T15:09:37.517+0000] {logging_mixin.py:137} INFO - [2023-02-07T15:09:37.517+0000] {dag.py:2690} INFO - Sync 1 DAGs
[2023-02-07T15:09:37.551+0000] {logging_mixin.py:137} INFO - [2023-02-07T15:09:37.551+0000] {dag.py:3441} INFO - Setting next_dagrun for example_xcom to 2021-01-01T00:00:00+00:00, run_after=2021-01-01T00:00:00+00:00
[2023-02-07T15:09:37.581+0000] {processor.py:175} INFO - Processing /home/airflow/.local/lib/python3.7/site-packages/airflow/example_dags/example_xcom.py took 0.135 seconds
[2023-02-07T15:10:07.777+0000] {processor.py:153} INFO - Started process (PID=3242) to work on /home/airflow/.local/lib/python3.7/site-packages/airflow/example_dags/example_xcom.py
[2023-02-07T15:10:07.778+0000] {processor.py:743} INFO - Processing file /home/airflow/.local/lib/python3.7/site-packages/airflow/example_dags/example_xcom.py for tasks to queue
[2023-02-07T15:10:07.779+0000] {logging_mixin.py:137} INFO - [2023-02-07T15:10:07.779+0000] {dagbag.py:538} INFO - Filling up the DagBag from /home/airflow/.local/lib/python3.7/site-packages/airflow/example_dags/example_xcom.py
[2023-02-07T15:10:07.810+0000] {processor.py:753} INFO - DAG(s) dict_keys(['example_xcom']) retrieved from /home/airflow/.local/lib/python3.7/site-packages/airflow/example_dags/example_xcom.py
[2023-02-07T15:10:07.845+0000] {logging_mixin.py:137} INFO - [2023-02-07T15:10:07.845+0000] {dag.py:2690} INFO - Sync 1 DAGs
[2023-02-07T15:10:07.880+0000] {logging_mixin.py:137} INFO - [2023-02-07T15:10:07.880+0000] {dag.py:3441} INFO - Setting next_dagrun for example_xcom to 2021-01-01T00:00:00+00:00, run_after=2021-01-01T00:00:00+00:00
[2023-02-07T15:10:07.910+0000] {processor.py:175} INFO - Processing /home/airflow/.local/lib/python3.7/site-packages/airflow/example_dags/example_xcom.py took 0.138 seconds
[2023-02-07T15:10:38.605+0000] {processor.py:153} INFO - Started process (PID=3311) to work on /home/airflow/.local/lib/python3.7/site-packages/airflow/example_dags/example_xcom.py
[2023-02-07T15:10:38.606+0000] {processor.py:743} INFO - Processing file /home/airflow/.local/lib/python3.7/site-packages/airflow/example_dags/example_xcom.py for tasks to queue
[2023-02-07T15:10:38.607+0000] {logging_mixin.py:137} INFO - [2023-02-07T15:10:38.607+0000] {dagbag.py:538} INFO - Filling up the DagBag from /home/airflow/.local/lib/python3.7/site-packages/airflow/example_dags/example_xcom.py
[2023-02-07T15:10:38.639+0000] {processor.py:753} INFO - DAG(s) dict_keys(['example_xcom']) retrieved from /home/airflow/.local/lib/python3.7/site-packages/airflow/example_dags/example_xcom.py
[2023-02-07T15:10:38.673+0000] {logging_mixin.py:137} INFO - [2023-02-07T15:10:38.673+0000] {dag.py:2690} INFO - Sync 1 DAGs
[2023-02-07T15:10:38.708+0000] {logging_mixin.py:137} INFO - [2023-02-07T15:10:38.708+0000] {dag.py:3441} INFO - Setting next_dagrun for example_xcom to 2021-01-01T00:00:00+00:00, run_after=2021-01-01T00:00:00+00:00
[2023-02-07T15:10:38.739+0000] {processor.py:175} INFO - Processing /home/airflow/.local/lib/python3.7/site-packages/airflow/example_dags/example_xcom.py took 0.138 seconds
[2023-02-07T15:11:08.982+0000] {processor.py:153} INFO - Started process (PID=3386) to work on /home/airflow/.local/lib/python3.7/site-packages/airflow/example_dags/example_xcom.py
[2023-02-07T15:11:08.983+0000] {processor.py:743} INFO - Processing file /home/airflow/.local/lib/python3.7/site-packages/airflow/example_dags/example_xcom.py for tasks to queue
[2023-02-07T15:11:08.984+0000] {logging_mixin.py:137} INFO - [2023-02-07T15:11:08.984+0000] {dagbag.py:538} INFO - Filling up the DagBag from /home/airflow/.local/lib/python3.7/site-packages/airflow/example_dags/example_xcom.py
[2023-02-07T15:11:09.015+0000] {processor.py:753} INFO - DAG(s) dict_keys(['example_xcom']) retrieved from /home/airflow/.local/lib/python3.7/site-packages/airflow/example_dags/example_xcom.py
[2023-02-07T15:11:09.050+0000] {logging_mixin.py:137} INFO - [2023-02-07T15:11:09.050+0000] {dag.py:2690} INFO - Sync 1 DAGs
[2023-02-07T15:11:09.087+0000] {logging_mixin.py:137} INFO - [2023-02-07T15:11:09.086+0000] {dag.py:3441} INFO - Setting next_dagrun for example_xcom to 2021-01-01T00:00:00+00:00, run_after=2021-01-01T00:00:00+00:00
[2023-02-07T15:11:09.117+0000] {processor.py:175} INFO - Processing /home/airflow/.local/lib/python3.7/site-packages/airflow/example_dags/example_xcom.py took 0.141 seconds
[2023-02-07T15:11:39.831+0000] {processor.py:153} INFO - Started process (PID=3456) to work on /home/airflow/.local/lib/python3.7/site-packages/airflow/example_dags/example_xcom.py
[2023-02-07T15:11:39.833+0000] {processor.py:743} INFO - Processing file /home/airflow/.local/lib/python3.7/site-packages/airflow/example_dags/example_xcom.py for tasks to queue
[2023-02-07T15:11:39.834+0000] {logging_mixin.py:137} INFO - [2023-02-07T15:11:39.834+0000] {dagbag.py:538} INFO - Filling up the DagBag from /home/airflow/.local/lib/python3.7/site-packages/airflow/example_dags/example_xcom.py
[2023-02-07T15:11:39.864+0000] {processor.py:753} INFO - DAG(s) dict_keys(['example_xcom']) retrieved from /home/airflow/.local/lib/python3.7/site-packages/airflow/example_dags/example_xcom.py
[2023-02-07T15:11:39.890+0000] {logging_mixin.py:137} INFO - [2023-02-07T15:11:39.889+0000] {dag.py:2690} INFO - Sync 1 DAGs
[2023-02-07T15:11:39.913+0000] {logging_mixin.py:137} INFO - [2023-02-07T15:11:39.912+0000] {dag.py:3441} INFO - Setting next_dagrun for example_xcom to 2021-01-01T00:00:00+00:00, run_after=2021-01-01T00:00:00+00:00
[2023-02-07T15:11:39.939+0000] {processor.py:175} INFO - Processing /home/airflow/.local/lib/python3.7/site-packages/airflow/example_dags/example_xcom.py took 0.113 seconds
[2023-02-07T15:12:10.825+0000] {processor.py:153} INFO - Started process (PID=3530) to work on /home/airflow/.local/lib/python3.7/site-packages/airflow/example_dags/example_xcom.py
[2023-02-07T15:12:10.826+0000] {processor.py:743} INFO - Processing file /home/airflow/.local/lib/python3.7/site-packages/airflow/example_dags/example_xcom.py for tasks to queue
[2023-02-07T15:12:10.827+0000] {logging_mixin.py:137} INFO - [2023-02-07T15:12:10.827+0000] {dagbag.py:538} INFO - Filling up the DagBag from /home/airflow/.local/lib/python3.7/site-packages/airflow/example_dags/example_xcom.py
[2023-02-07T15:12:10.859+0000] {processor.py:753} INFO - DAG(s) dict_keys(['example_xcom']) retrieved from /home/airflow/.local/lib/python3.7/site-packages/airflow/example_dags/example_xcom.py
[2023-02-07T15:12:10.895+0000] {logging_mixin.py:137} INFO - [2023-02-07T15:12:10.895+0000] {dag.py:2690} INFO - Sync 1 DAGs
[2023-02-07T15:12:10.930+0000] {logging_mixin.py:137} INFO - [2023-02-07T15:12:10.930+0000] {dag.py:3441} INFO - Setting next_dagrun for example_xcom to 2021-01-01T00:00:00+00:00, run_after=2021-01-01T00:00:00+00:00
[2023-02-07T15:12:10.960+0000] {processor.py:175} INFO - Processing /home/airflow/.local/lib/python3.7/site-packages/airflow/example_dags/example_xcom.py took 0.140 seconds
[2023-02-07T15:12:41.381+0000] {processor.py:153} INFO - Started process (PID=3599) to work on /home/airflow/.local/lib/python3.7/site-packages/airflow/example_dags/example_xcom.py
[2023-02-07T15:12:41.382+0000] {processor.py:743} INFO - Processing file /home/airflow/.local/lib/python3.7/site-packages/airflow/example_dags/example_xcom.py for tasks to queue
[2023-02-07T15:12:41.383+0000] {logging_mixin.py:137} INFO - [2023-02-07T15:12:41.383+0000] {dagbag.py:538} INFO - Filling up the DagBag from /home/airflow/.local/lib/python3.7/site-packages/airflow/example_dags/example_xcom.py
[2023-02-07T15:12:41.405+0000] {processor.py:753} INFO - DAG(s) dict_keys(['example_xcom']) retrieved from /home/airflow/.local/lib/python3.7/site-packages/airflow/example_dags/example_xcom.py
[2023-02-07T15:12:41.429+0000] {logging_mixin.py:137} INFO - [2023-02-07T15:12:41.429+0000] {dag.py:2690} INFO - Sync 1 DAGs
[2023-02-07T15:12:41.452+0000] {logging_mixin.py:137} INFO - [2023-02-07T15:12:41.452+0000] {dag.py:3441} INFO - Setting next_dagrun for example_xcom to 2021-01-01T00:00:00+00:00, run_after=2021-01-01T00:00:00+00:00
[2023-02-07T15:12:41.477+0000] {processor.py:175} INFO - Processing /home/airflow/.local/lib/python3.7/site-packages/airflow/example_dags/example_xcom.py took 0.100 seconds
[2023-02-07T15:13:12.229+0000] {processor.py:153} INFO - Started process (PID=3677) to work on /home/airflow/.local/lib/python3.7/site-packages/airflow/example_dags/example_xcom.py
[2023-02-07T15:13:12.230+0000] {processor.py:743} INFO - Processing file /home/airflow/.local/lib/python3.7/site-packages/airflow/example_dags/example_xcom.py for tasks to queue
[2023-02-07T15:13:12.231+0000] {logging_mixin.py:137} INFO - [2023-02-07T15:13:12.231+0000] {dagbag.py:538} INFO - Filling up the DagBag from /home/airflow/.local/lib/python3.7/site-packages/airflow/example_dags/example_xcom.py
[2023-02-07T15:13:12.263+0000] {processor.py:753} INFO - DAG(s) dict_keys(['example_xcom']) retrieved from /home/airflow/.local/lib/python3.7/site-packages/airflow/example_dags/example_xcom.py
[2023-02-07T15:13:12.297+0000] {logging_mixin.py:137} INFO - [2023-02-07T15:13:12.297+0000] {dag.py:2690} INFO - Sync 1 DAGs
[2023-02-07T15:13:12.335+0000] {logging_mixin.py:137} INFO - [2023-02-07T15:13:12.335+0000] {dag.py:3441} INFO - Setting next_dagrun for example_xcom to 2021-01-01T00:00:00+00:00, run_after=2021-01-01T00:00:00+00:00
[2023-02-07T15:13:12.364+0000] {processor.py:175} INFO - Processing /home/airflow/.local/lib/python3.7/site-packages/airflow/example_dags/example_xcom.py took 0.140 seconds
[2023-02-07T15:13:42.755+0000] {processor.py:153} INFO - Started process (PID=3742) to work on /home/airflow/.local/lib/python3.7/site-packages/airflow/example_dags/example_xcom.py
[2023-02-07T15:13:42.756+0000] {processor.py:743} INFO - Processing file /home/airflow/.local/lib/python3.7/site-packages/airflow/example_dags/example_xcom.py for tasks to queue
[2023-02-07T15:13:42.757+0000] {logging_mixin.py:137} INFO - [2023-02-07T15:13:42.757+0000] {dagbag.py:538} INFO - Filling up the DagBag from /home/airflow/.local/lib/python3.7/site-packages/airflow/example_dags/example_xcom.py
[2023-02-07T15:13:42.789+0000] {processor.py:753} INFO - DAG(s) dict_keys(['example_xcom']) retrieved from /home/airflow/.local/lib/python3.7/site-packages/airflow/example_dags/example_xcom.py
[2023-02-07T15:13:42.827+0000] {logging_mixin.py:137} INFO - [2023-02-07T15:13:42.827+0000] {dag.py:2690} INFO - Sync 1 DAGs
[2023-02-07T15:13:42.865+0000] {logging_mixin.py:137} INFO - [2023-02-07T15:13:42.865+0000] {dag.py:3441} INFO - Setting next_dagrun for example_xcom to 2021-01-01T00:00:00+00:00, run_after=2021-01-01T00:00:00+00:00
[2023-02-07T15:13:42.898+0000] {processor.py:175} INFO - Processing /home/airflow/.local/lib/python3.7/site-packages/airflow/example_dags/example_xcom.py took 0.148 seconds
[2023-02-07T15:14:13.716+0000] {processor.py:153} INFO - Started process (PID=3820) to work on /home/airflow/.local/lib/python3.7/site-packages/airflow/example_dags/example_xcom.py
[2023-02-07T15:14:13.717+0000] {processor.py:743} INFO - Processing file /home/airflow/.local/lib/python3.7/site-packages/airflow/example_dags/example_xcom.py for tasks to queue
[2023-02-07T15:14:13.718+0000] {logging_mixin.py:137} INFO - [2023-02-07T15:14:13.717+0000] {dagbag.py:538} INFO - Filling up the DagBag from /home/airflow/.local/lib/python3.7/site-packages/airflow/example_dags/example_xcom.py
[2023-02-07T15:14:13.749+0000] {processor.py:753} INFO - DAG(s) dict_keys(['example_xcom']) retrieved from /home/airflow/.local/lib/python3.7/site-packages/airflow/example_dags/example_xcom.py
[2023-02-07T15:14:13.784+0000] {logging_mixin.py:137} INFO - [2023-02-07T15:14:13.783+0000] {dag.py:2690} INFO - Sync 1 DAGs
[2023-02-07T15:14:13.819+0000] {logging_mixin.py:137} INFO - [2023-02-07T15:14:13.818+0000] {dag.py:3441} INFO - Setting next_dagrun for example_xcom to 2021-01-01T00:00:00+00:00, run_after=2021-01-01T00:00:00+00:00
[2023-02-07T15:14:13.849+0000] {processor.py:175} INFO - Processing /home/airflow/.local/lib/python3.7/site-packages/airflow/example_dags/example_xcom.py took 0.138 seconds
[2023-02-07T15:14:44.364+0000] {processor.py:153} INFO - Started process (PID=3885) to work on /home/airflow/.local/lib/python3.7/site-packages/airflow/example_dags/example_xcom.py
[2023-02-07T15:14:44.365+0000] {processor.py:743} INFO - Processing file /home/airflow/.local/lib/python3.7/site-packages/airflow/example_dags/example_xcom.py for tasks to queue
[2023-02-07T15:14:44.366+0000] {logging_mixin.py:137} INFO - [2023-02-07T15:14:44.366+0000] {dagbag.py:538} INFO - Filling up the DagBag from /home/airflow/.local/lib/python3.7/site-packages/airflow/example_dags/example_xcom.py
[2023-02-07T15:14:44.403+0000] {processor.py:753} INFO - DAG(s) dict_keys(['example_xcom']) retrieved from /home/airflow/.local/lib/python3.7/site-packages/airflow/example_dags/example_xcom.py
[2023-02-07T15:14:44.440+0000] {logging_mixin.py:137} INFO - [2023-02-07T15:14:44.440+0000] {dag.py:2690} INFO - Sync 1 DAGs
[2023-02-07T15:14:44.480+0000] {logging_mixin.py:137} INFO - [2023-02-07T15:14:44.480+0000] {dag.py:3441} INFO - Setting next_dagrun for example_xcom to 2021-01-01T00:00:00+00:00, run_after=2021-01-01T00:00:00+00:00
[2023-02-07T15:14:44.517+0000] {processor.py:175} INFO - Processing /home/airflow/.local/lib/python3.7/site-packages/airflow/example_dags/example_xcom.py took 0.157 seconds
[2023-02-07T15:15:15.122+0000] {processor.py:153} INFO - Started process (PID=3962) to work on /home/airflow/.local/lib/python3.7/site-packages/airflow/example_dags/example_xcom.py
[2023-02-07T15:15:15.123+0000] {processor.py:743} INFO - Processing file /home/airflow/.local/lib/python3.7/site-packages/airflow/example_dags/example_xcom.py for tasks to queue
[2023-02-07T15:15:15.124+0000] {logging_mixin.py:137} INFO - [2023-02-07T15:15:15.124+0000] {dagbag.py:538} INFO - Filling up the DagBag from /home/airflow/.local/lib/python3.7/site-packages/airflow/example_dags/example_xcom.py
[2023-02-07T15:15:15.150+0000] {processor.py:753} INFO - DAG(s) dict_keys(['example_xcom']) retrieved from /home/airflow/.local/lib/python3.7/site-packages/airflow/example_dags/example_xcom.py
[2023-02-07T15:15:15.176+0000] {logging_mixin.py:137} INFO - [2023-02-07T15:15:15.176+0000] {dag.py:2690} INFO - Sync 1 DAGs
[2023-02-07T15:15:15.200+0000] {logging_mixin.py:137} INFO - [2023-02-07T15:15:15.200+0000] {dag.py:3441} INFO - Setting next_dagrun for example_xcom to 2021-01-01T00:00:00+00:00, run_after=2021-01-01T00:00:00+00:00
[2023-02-07T15:15:15.227+0000] {processor.py:175} INFO - Processing /home/airflow/.local/lib/python3.7/site-packages/airflow/example_dags/example_xcom.py took 0.108 seconds
[2023-02-07T15:15:45.522+0000] {processor.py:153} INFO - Started process (PID=4027) to work on /home/airflow/.local/lib/python3.7/site-packages/airflow/example_dags/example_xcom.py
[2023-02-07T15:15:45.523+0000] {processor.py:743} INFO - Processing file /home/airflow/.local/lib/python3.7/site-packages/airflow/example_dags/example_xcom.py for tasks to queue
[2023-02-07T15:15:45.524+0000] {logging_mixin.py:137} INFO - [2023-02-07T15:15:45.524+0000] {dagbag.py:538} INFO - Filling up the DagBag from /home/airflow/.local/lib/python3.7/site-packages/airflow/example_dags/example_xcom.py
[2023-02-07T15:15:45.556+0000] {processor.py:753} INFO - DAG(s) dict_keys(['example_xcom']) retrieved from /home/airflow/.local/lib/python3.7/site-packages/airflow/example_dags/example_xcom.py
[2023-02-07T15:15:45.592+0000] {logging_mixin.py:137} INFO - [2023-02-07T15:15:45.592+0000] {dag.py:2690} INFO - Sync 1 DAGs
[2023-02-07T15:15:45.627+0000] {logging_mixin.py:137} INFO - [2023-02-07T15:15:45.627+0000] {dag.py:3441} INFO - Setting next_dagrun for example_xcom to 2021-01-01T00:00:00+00:00, run_after=2021-01-01T00:00:00+00:00
[2023-02-07T15:15:45.658+0000] {processor.py:175} INFO - Processing /home/airflow/.local/lib/python3.7/site-packages/airflow/example_dags/example_xcom.py took 0.140 seconds
[2023-02-07T15:16:16.091+0000] {processor.py:153} INFO - Started process (PID=4104) to work on /home/airflow/.local/lib/python3.7/site-packages/airflow/example_dags/example_xcom.py
[2023-02-07T15:16:16.091+0000] {processor.py:743} INFO - Processing file /home/airflow/.local/lib/python3.7/site-packages/airflow/example_dags/example_xcom.py for tasks to queue
[2023-02-07T15:16:16.092+0000] {logging_mixin.py:137} INFO - [2023-02-07T15:16:16.092+0000] {dagbag.py:538} INFO - Filling up the DagBag from /home/airflow/.local/lib/python3.7/site-packages/airflow/example_dags/example_xcom.py
[2023-02-07T15:16:16.114+0000] {processor.py:753} INFO - DAG(s) dict_keys(['example_xcom']) retrieved from /home/airflow/.local/lib/python3.7/site-packages/airflow/example_dags/example_xcom.py
[2023-02-07T15:16:16.138+0000] {logging_mixin.py:137} INFO - [2023-02-07T15:16:16.138+0000] {dag.py:2690} INFO - Sync 1 DAGs
[2023-02-07T15:16:16.161+0000] {logging_mixin.py:137} INFO - [2023-02-07T15:16:16.161+0000] {dag.py:3441} INFO - Setting next_dagrun for example_xcom to 2021-01-01T00:00:00+00:00, run_after=2021-01-01T00:00:00+00:00
[2023-02-07T15:16:16.184+0000] {processor.py:175} INFO - Processing /home/airflow/.local/lib/python3.7/site-packages/airflow/example_dags/example_xcom.py took 0.097 seconds
[2023-02-07T15:16:46.508+0000] {processor.py:153} INFO - Started process (PID=4169) to work on /home/airflow/.local/lib/python3.7/site-packages/airflow/example_dags/example_xcom.py
[2023-02-07T15:16:46.509+0000] {processor.py:743} INFO - Processing file /home/airflow/.local/lib/python3.7/site-packages/airflow/example_dags/example_xcom.py for tasks to queue
[2023-02-07T15:16:46.510+0000] {logging_mixin.py:137} INFO - [2023-02-07T15:16:46.510+0000] {dagbag.py:538} INFO - Filling up the DagBag from /home/airflow/.local/lib/python3.7/site-packages/airflow/example_dags/example_xcom.py
[2023-02-07T15:16:46.543+0000] {processor.py:753} INFO - DAG(s) dict_keys(['example_xcom']) retrieved from /home/airflow/.local/lib/python3.7/site-packages/airflow/example_dags/example_xcom.py
[2023-02-07T15:16:46.579+0000] {logging_mixin.py:137} INFO - [2023-02-07T15:16:46.578+0000] {dag.py:2690} INFO - Sync 1 DAGs
[2023-02-07T15:16:46.615+0000] {logging_mixin.py:137} INFO - [2023-02-07T15:16:46.615+0000] {dag.py:3441} INFO - Setting next_dagrun for example_xcom to 2021-01-01T00:00:00+00:00, run_after=2021-01-01T00:00:00+00:00
[2023-02-07T15:16:46.647+0000] {processor.py:175} INFO - Processing /home/airflow/.local/lib/python3.7/site-packages/airflow/example_dags/example_xcom.py took 0.143 seconds
