[2023-02-07T14:47:35.758+0000] {processor.py:153} INFO - Started process (PID=83) to work on /home/airflow/.local/lib/python3.7/site-packages/airflow/example_dags/example_branch_labels.py
[2023-02-07T14:47:35.759+0000] {processor.py:743} INFO - Processing file /home/airflow/.local/lib/python3.7/site-packages/airflow/example_dags/example_branch_labels.py for tasks to queue
[2023-02-07T14:47:35.761+0000] {logging_mixin.py:137} INFO - [2023-02-07T14:47:35.761+0000] {dagbag.py:538} INFO - Filling up the DagBag from /home/airflow/.local/lib/python3.7/site-packages/airflow/example_dags/example_branch_labels.py
[2023-02-07T14:47:35.786+0000] {processor.py:753} INFO - DAG(s) dict_keys(['example_branch_labels']) retrieved from /home/airflow/.local/lib/python3.7/site-packages/airflow/example_dags/example_branch_labels.py
[2023-02-07T14:47:35.825+0000] {logging_mixin.py:137} INFO - [2023-02-07T14:47:35.825+0000] {dag.py:2690} INFO - Sync 1 DAGs
[2023-02-07T14:47:35.867+0000] {logging_mixin.py:137} INFO - [2023-02-07T14:47:35.867+0000] {dag.py:3441} INFO - Setting next_dagrun for example_branch_labels to 2023-02-06T00:00:00+00:00, run_after=2023-02-07T00:00:00+00:00
[2023-02-07T14:47:35.915+0000] {processor.py:175} INFO - Processing /home/airflow/.local/lib/python3.7/site-packages/airflow/example_dags/example_branch_labels.py took 0.162 seconds
[2023-02-07T14:48:06.058+0000] {processor.py:153} INFO - Started process (PID=148) to work on /home/airflow/.local/lib/python3.7/site-packages/airflow/example_dags/example_branch_labels.py
[2023-02-07T14:48:06.059+0000] {processor.py:743} INFO - Processing file /home/airflow/.local/lib/python3.7/site-packages/airflow/example_dags/example_branch_labels.py for tasks to queue
[2023-02-07T14:48:06.060+0000] {logging_mixin.py:137} INFO - [2023-02-07T14:48:06.060+0000] {dagbag.py:538} INFO - Filling up the DagBag from /home/airflow/.local/lib/python3.7/site-packages/airflow/example_dags/example_branch_labels.py
[2023-02-07T14:48:06.073+0000] {processor.py:753} INFO - DAG(s) dict_keys(['example_branch_labels']) retrieved from /home/airflow/.local/lib/python3.7/site-packages/airflow/example_dags/example_branch_labels.py
[2023-02-07T14:48:06.099+0000] {logging_mixin.py:137} INFO - [2023-02-07T14:48:06.099+0000] {dag.py:2690} INFO - Sync 1 DAGs
[2023-02-07T14:48:06.123+0000] {logging_mixin.py:137} INFO - [2023-02-07T14:48:06.123+0000] {dag.py:3441} INFO - Setting next_dagrun for example_branch_labels to 2023-02-06T00:00:00+00:00, run_after=2023-02-07T00:00:00+00:00
[2023-02-07T14:48:06.177+0000] {processor.py:175} INFO - Processing /home/airflow/.local/lib/python3.7/site-packages/airflow/example_dags/example_branch_labels.py took 0.124 seconds
[2023-02-07T14:48:37.013+0000] {processor.py:153} INFO - Started process (PID=225) to work on /home/airflow/.local/lib/python3.7/site-packages/airflow/example_dags/example_branch_labels.py
[2023-02-07T14:48:37.013+0000] {processor.py:743} INFO - Processing file /home/airflow/.local/lib/python3.7/site-packages/airflow/example_dags/example_branch_labels.py for tasks to queue
[2023-02-07T14:48:37.014+0000] {logging_mixin.py:137} INFO - [2023-02-07T14:48:37.014+0000] {dagbag.py:538} INFO - Filling up the DagBag from /home/airflow/.local/lib/python3.7/site-packages/airflow/example_dags/example_branch_labels.py
[2023-02-07T14:48:37.033+0000] {processor.py:753} INFO - DAG(s) dict_keys(['example_branch_labels']) retrieved from /home/airflow/.local/lib/python3.7/site-packages/airflow/example_dags/example_branch_labels.py
[2023-02-07T14:48:37.068+0000] {logging_mixin.py:137} INFO - [2023-02-07T14:48:37.068+0000] {dag.py:2690} INFO - Sync 1 DAGs
[2023-02-07T14:48:37.099+0000] {logging_mixin.py:137} INFO - [2023-02-07T14:48:37.099+0000] {dag.py:3441} INFO - Setting next_dagrun for example_branch_labels to 2023-02-06T00:00:00+00:00, run_after=2023-02-07T00:00:00+00:00
[2023-02-07T14:48:37.127+0000] {processor.py:175} INFO - Processing /home/airflow/.local/lib/python3.7/site-packages/airflow/example_dags/example_branch_labels.py took 0.119 seconds
[2023-02-07T14:49:07.983+0000] {processor.py:153} INFO - Started process (PID=291) to work on /home/airflow/.local/lib/python3.7/site-packages/airflow/example_dags/example_branch_labels.py
[2023-02-07T14:49:07.984+0000] {processor.py:743} INFO - Processing file /home/airflow/.local/lib/python3.7/site-packages/airflow/example_dags/example_branch_labels.py for tasks to queue
[2023-02-07T14:49:07.985+0000] {logging_mixin.py:137} INFO - [2023-02-07T14:49:07.985+0000] {dagbag.py:538} INFO - Filling up the DagBag from /home/airflow/.local/lib/python3.7/site-packages/airflow/example_dags/example_branch_labels.py
[2023-02-07T14:49:08.001+0000] {processor.py:753} INFO - DAG(s) dict_keys(['example_branch_labels']) retrieved from /home/airflow/.local/lib/python3.7/site-packages/airflow/example_dags/example_branch_labels.py
[2023-02-07T14:49:08.026+0000] {logging_mixin.py:137} INFO - [2023-02-07T14:49:08.026+0000] {dag.py:2690} INFO - Sync 1 DAGs
[2023-02-07T14:49:08.056+0000] {logging_mixin.py:137} INFO - [2023-02-07T14:49:08.055+0000] {dag.py:3441} INFO - Setting next_dagrun for example_branch_labels to 2023-02-06T00:00:00+00:00, run_after=2023-02-07T00:00:00+00:00
[2023-02-07T14:49:08.080+0000] {processor.py:175} INFO - Processing /home/airflow/.local/lib/python3.7/site-packages/airflow/example_dags/example_branch_labels.py took 0.100 seconds
[2023-02-07T14:49:39.072+0000] {processor.py:153} INFO - Started process (PID=371) to work on /home/airflow/.local/lib/python3.7/site-packages/airflow/example_dags/example_branch_labels.py
[2023-02-07T14:49:39.073+0000] {processor.py:743} INFO - Processing file /home/airflow/.local/lib/python3.7/site-packages/airflow/example_dags/example_branch_labels.py for tasks to queue
[2023-02-07T14:49:39.074+0000] {logging_mixin.py:137} INFO - [2023-02-07T14:49:39.074+0000] {dagbag.py:538} INFO - Filling up the DagBag from /home/airflow/.local/lib/python3.7/site-packages/airflow/example_dags/example_branch_labels.py
[2023-02-07T14:49:39.095+0000] {processor.py:753} INFO - DAG(s) dict_keys(['example_branch_labels']) retrieved from /home/airflow/.local/lib/python3.7/site-packages/airflow/example_dags/example_branch_labels.py
[2023-02-07T14:49:39.130+0000] {logging_mixin.py:137} INFO - [2023-02-07T14:49:39.130+0000] {dag.py:2690} INFO - Sync 1 DAGs
[2023-02-07T14:49:39.169+0000] {logging_mixin.py:137} INFO - [2023-02-07T14:49:39.169+0000] {dag.py:3441} INFO - Setting next_dagrun for example_branch_labels to 2023-02-06T00:00:00+00:00, run_after=2023-02-07T00:00:00+00:00
[2023-02-07T14:49:39.202+0000] {processor.py:175} INFO - Processing /home/airflow/.local/lib/python3.7/site-packages/airflow/example_dags/example_branch_labels.py took 0.134 seconds
[2023-02-07T14:50:09.993+0000] {processor.py:153} INFO - Started process (PID=437) to work on /home/airflow/.local/lib/python3.7/site-packages/airflow/example_dags/example_branch_labels.py
[2023-02-07T14:50:09.993+0000] {processor.py:743} INFO - Processing file /home/airflow/.local/lib/python3.7/site-packages/airflow/example_dags/example_branch_labels.py for tasks to queue
[2023-02-07T14:50:09.994+0000] {logging_mixin.py:137} INFO - [2023-02-07T14:50:09.994+0000] {dagbag.py:538} INFO - Filling up the DagBag from /home/airflow/.local/lib/python3.7/site-packages/airflow/example_dags/example_branch_labels.py
[2023-02-07T14:50:10.008+0000] {processor.py:753} INFO - DAG(s) dict_keys(['example_branch_labels']) retrieved from /home/airflow/.local/lib/python3.7/site-packages/airflow/example_dags/example_branch_labels.py
[2023-02-07T14:50:10.035+0000] {logging_mixin.py:137} INFO - [2023-02-07T14:50:10.035+0000] {dag.py:2690} INFO - Sync 1 DAGs
[2023-02-07T14:50:10.060+0000] {logging_mixin.py:137} INFO - [2023-02-07T14:50:10.060+0000] {dag.py:3441} INFO - Setting next_dagrun for example_branch_labels to 2023-02-06T00:00:00+00:00, run_after=2023-02-07T00:00:00+00:00
[2023-02-07T14:50:10.085+0000] {processor.py:175} INFO - Processing /home/airflow/.local/lib/python3.7/site-packages/airflow/example_dags/example_branch_labels.py took 0.096 seconds
[2023-02-07T14:50:40.619+0000] {processor.py:153} INFO - Started process (PID=513) to work on /home/airflow/.local/lib/python3.7/site-packages/airflow/example_dags/example_branch_labels.py
[2023-02-07T14:50:40.620+0000] {processor.py:743} INFO - Processing file /home/airflow/.local/lib/python3.7/site-packages/airflow/example_dags/example_branch_labels.py for tasks to queue
[2023-02-07T14:50:40.621+0000] {logging_mixin.py:137} INFO - [2023-02-07T14:50:40.621+0000] {dagbag.py:538} INFO - Filling up the DagBag from /home/airflow/.local/lib/python3.7/site-packages/airflow/example_dags/example_branch_labels.py
[2023-02-07T14:50:40.640+0000] {processor.py:753} INFO - DAG(s) dict_keys(['example_branch_labels']) retrieved from /home/airflow/.local/lib/python3.7/site-packages/airflow/example_dags/example_branch_labels.py
[2023-02-07T14:50:40.669+0000] {logging_mixin.py:137} INFO - [2023-02-07T14:50:40.669+0000] {dag.py:2690} INFO - Sync 1 DAGs
[2023-02-07T14:50:40.707+0000] {logging_mixin.py:137} INFO - [2023-02-07T14:50:40.707+0000] {dag.py:3441} INFO - Setting next_dagrun for example_branch_labels to 2023-02-06T00:00:00+00:00, run_after=2023-02-07T00:00:00+00:00
[2023-02-07T14:50:40.734+0000] {processor.py:175} INFO - Processing /home/airflow/.local/lib/python3.7/site-packages/airflow/example_dags/example_branch_labels.py took 0.118 seconds
[2023-02-07T14:51:11.761+0000] {processor.py:153} INFO - Started process (PID=581) to work on /home/airflow/.local/lib/python3.7/site-packages/airflow/example_dags/example_branch_labels.py
[2023-02-07T14:51:11.767+0000] {processor.py:743} INFO - Processing file /home/airflow/.local/lib/python3.7/site-packages/airflow/example_dags/example_branch_labels.py for tasks to queue
[2023-02-07T14:51:11.768+0000] {logging_mixin.py:137} INFO - [2023-02-07T14:51:11.767+0000] {dagbag.py:538} INFO - Filling up the DagBag from /home/airflow/.local/lib/python3.7/site-packages/airflow/example_dags/example_branch_labels.py
[2023-02-07T14:51:11.791+0000] {processor.py:753} INFO - DAG(s) dict_keys(['example_branch_labels']) retrieved from /home/airflow/.local/lib/python3.7/site-packages/airflow/example_dags/example_branch_labels.py
[2023-02-07T14:51:11.834+0000] {logging_mixin.py:137} INFO - [2023-02-07T14:51:11.834+0000] {dag.py:2690} INFO - Sync 1 DAGs
[2023-02-07T14:51:11.868+0000] {logging_mixin.py:137} INFO - [2023-02-07T14:51:11.868+0000] {dag.py:3441} INFO - Setting next_dagrun for example_branch_labels to 2023-02-06T00:00:00+00:00, run_after=2023-02-07T00:00:00+00:00
[2023-02-07T14:51:11.897+0000] {processor.py:175} INFO - Processing /home/airflow/.local/lib/python3.7/site-packages/airflow/example_dags/example_branch_labels.py took 0.140 seconds
[2023-02-07T14:51:42.304+0000] {processor.py:153} INFO - Started process (PID=655) to work on /home/airflow/.local/lib/python3.7/site-packages/airflow/example_dags/example_branch_labels.py
[2023-02-07T14:51:42.305+0000] {processor.py:743} INFO - Processing file /home/airflow/.local/lib/python3.7/site-packages/airflow/example_dags/example_branch_labels.py for tasks to queue
[2023-02-07T14:51:42.306+0000] {logging_mixin.py:137} INFO - [2023-02-07T14:51:42.306+0000] {dagbag.py:538} INFO - Filling up the DagBag from /home/airflow/.local/lib/python3.7/site-packages/airflow/example_dags/example_branch_labels.py
[2023-02-07T14:51:42.325+0000] {processor.py:753} INFO - DAG(s) dict_keys(['example_branch_labels']) retrieved from /home/airflow/.local/lib/python3.7/site-packages/airflow/example_dags/example_branch_labels.py
[2023-02-07T14:51:42.378+0000] {logging_mixin.py:137} INFO - [2023-02-07T14:51:42.377+0000] {dag.py:2690} INFO - Sync 1 DAGs
[2023-02-07T14:51:42.434+0000] {logging_mixin.py:137} INFO - [2023-02-07T14:51:42.434+0000] {dag.py:3441} INFO - Setting next_dagrun for example_branch_labels to 2023-02-06T00:00:00+00:00, run_after=2023-02-07T00:00:00+00:00
[2023-02-07T14:51:42.457+0000] {processor.py:175} INFO - Processing /home/airflow/.local/lib/python3.7/site-packages/airflow/example_dags/example_branch_labels.py took 0.157 seconds
[2023-02-07T14:52:12.678+0000] {processor.py:153} INFO - Started process (PID=724) to work on /home/airflow/.local/lib/python3.7/site-packages/airflow/example_dags/example_branch_labels.py
[2023-02-07T14:52:12.679+0000] {processor.py:743} INFO - Processing file /home/airflow/.local/lib/python3.7/site-packages/airflow/example_dags/example_branch_labels.py for tasks to queue
[2023-02-07T14:52:12.679+0000] {logging_mixin.py:137} INFO - [2023-02-07T14:52:12.679+0000] {dagbag.py:538} INFO - Filling up the DagBag from /home/airflow/.local/lib/python3.7/site-packages/airflow/example_dags/example_branch_labels.py
[2023-02-07T14:52:12.696+0000] {processor.py:753} INFO - DAG(s) dict_keys(['example_branch_labels']) retrieved from /home/airflow/.local/lib/python3.7/site-packages/airflow/example_dags/example_branch_labels.py
[2023-02-07T14:52:12.728+0000] {logging_mixin.py:137} INFO - [2023-02-07T14:52:12.728+0000] {dag.py:2690} INFO - Sync 1 DAGs
[2023-02-07T14:52:12.763+0000] {logging_mixin.py:137} INFO - [2023-02-07T14:52:12.763+0000] {dag.py:3441} INFO - Setting next_dagrun for example_branch_labels to 2023-02-06T00:00:00+00:00, run_after=2023-02-07T00:00:00+00:00
[2023-02-07T14:52:12.790+0000] {processor.py:175} INFO - Processing /home/airflow/.local/lib/python3.7/site-packages/airflow/example_dags/example_branch_labels.py took 0.115 seconds
[2023-02-07T14:52:42.843+0000] {processor.py:153} INFO - Started process (PID=791) to work on /home/airflow/.local/lib/python3.7/site-packages/airflow/example_dags/example_branch_labels.py
[2023-02-07T14:52:42.844+0000] {processor.py:743} INFO - Processing file /home/airflow/.local/lib/python3.7/site-packages/airflow/example_dags/example_branch_labels.py for tasks to queue
[2023-02-07T14:52:42.845+0000] {logging_mixin.py:137} INFO - [2023-02-07T14:52:42.845+0000] {dagbag.py:538} INFO - Filling up the DagBag from /home/airflow/.local/lib/python3.7/site-packages/airflow/example_dags/example_branch_labels.py
[2023-02-07T14:52:42.864+0000] {processor.py:753} INFO - DAG(s) dict_keys(['example_branch_labels']) retrieved from /home/airflow/.local/lib/python3.7/site-packages/airflow/example_dags/example_branch_labels.py
[2023-02-07T14:52:42.903+0000] {logging_mixin.py:137} INFO - [2023-02-07T14:52:42.902+0000] {dag.py:2690} INFO - Sync 1 DAGs
[2023-02-07T14:52:42.942+0000] {logging_mixin.py:137} INFO - [2023-02-07T14:52:42.942+0000] {dag.py:3441} INFO - Setting next_dagrun for example_branch_labels to 2023-02-06T00:00:00+00:00, run_after=2023-02-07T00:00:00+00:00
[2023-02-07T14:52:42.993+0000] {processor.py:175} INFO - Processing /home/airflow/.local/lib/python3.7/site-packages/airflow/example_dags/example_branch_labels.py took 0.155 seconds
[2023-02-07T14:53:13.976+0000] {processor.py:153} INFO - Started process (PID=865) to work on /home/airflow/.local/lib/python3.7/site-packages/airflow/example_dags/example_branch_labels.py
[2023-02-07T14:53:13.978+0000] {processor.py:743} INFO - Processing file /home/airflow/.local/lib/python3.7/site-packages/airflow/example_dags/example_branch_labels.py for tasks to queue
[2023-02-07T14:53:13.978+0000] {logging_mixin.py:137} INFO - [2023-02-07T14:53:13.978+0000] {dagbag.py:538} INFO - Filling up the DagBag from /home/airflow/.local/lib/python3.7/site-packages/airflow/example_dags/example_branch_labels.py
[2023-02-07T14:53:13.993+0000] {processor.py:753} INFO - DAG(s) dict_keys(['example_branch_labels']) retrieved from /home/airflow/.local/lib/python3.7/site-packages/airflow/example_dags/example_branch_labels.py
[2023-02-07T14:53:14.018+0000] {logging_mixin.py:137} INFO - [2023-02-07T14:53:14.018+0000] {dag.py:2690} INFO - Sync 1 DAGs
[2023-02-07T14:53:14.042+0000] {logging_mixin.py:137} INFO - [2023-02-07T14:53:14.042+0000] {dag.py:3441} INFO - Setting next_dagrun for example_branch_labels to 2023-02-06T00:00:00+00:00, run_after=2023-02-07T00:00:00+00:00
[2023-02-07T14:53:14.066+0000] {processor.py:175} INFO - Processing /home/airflow/.local/lib/python3.7/site-packages/airflow/example_dags/example_branch_labels.py took 0.095 seconds
[2023-02-07T14:53:44.520+0000] {processor.py:153} INFO - Started process (PID=939) to work on /home/airflow/.local/lib/python3.7/site-packages/airflow/example_dags/example_branch_labels.py
[2023-02-07T14:53:44.521+0000] {processor.py:743} INFO - Processing file /home/airflow/.local/lib/python3.7/site-packages/airflow/example_dags/example_branch_labels.py for tasks to queue
[2023-02-07T14:53:44.522+0000] {logging_mixin.py:137} INFO - [2023-02-07T14:53:44.521+0000] {dagbag.py:538} INFO - Filling up the DagBag from /home/airflow/.local/lib/python3.7/site-packages/airflow/example_dags/example_branch_labels.py
[2023-02-07T14:53:44.541+0000] {processor.py:753} INFO - DAG(s) dict_keys(['example_branch_labels']) retrieved from /home/airflow/.local/lib/python3.7/site-packages/airflow/example_dags/example_branch_labels.py
[2023-02-07T14:53:44.576+0000] {logging_mixin.py:137} INFO - [2023-02-07T14:53:44.576+0000] {dag.py:2690} INFO - Sync 1 DAGs
[2023-02-07T14:53:44.622+0000] {logging_mixin.py:137} INFO - [2023-02-07T14:53:44.622+0000] {dag.py:3441} INFO - Setting next_dagrun for example_branch_labels to 2023-02-06T00:00:00+00:00, run_after=2023-02-07T00:00:00+00:00
[2023-02-07T14:53:44.711+0000] {processor.py:175} INFO - Processing /home/airflow/.local/lib/python3.7/site-packages/airflow/example_dags/example_branch_labels.py took 0.195 seconds
[2023-02-07T14:54:14.830+0000] {processor.py:153} INFO - Started process (PID=1007) to work on /home/airflow/.local/lib/python3.7/site-packages/airflow/example_dags/example_branch_labels.py
[2023-02-07T14:54:14.831+0000] {processor.py:743} INFO - Processing file /home/airflow/.local/lib/python3.7/site-packages/airflow/example_dags/example_branch_labels.py for tasks to queue
[2023-02-07T14:54:14.831+0000] {logging_mixin.py:137} INFO - [2023-02-07T14:54:14.831+0000] {dagbag.py:538} INFO - Filling up the DagBag from /home/airflow/.local/lib/python3.7/site-packages/airflow/example_dags/example_branch_labels.py
[2023-02-07T14:54:14.845+0000] {processor.py:753} INFO - DAG(s) dict_keys(['example_branch_labels']) retrieved from /home/airflow/.local/lib/python3.7/site-packages/airflow/example_dags/example_branch_labels.py
[2023-02-07T14:54:14.876+0000] {logging_mixin.py:137} INFO - [2023-02-07T14:54:14.876+0000] {dag.py:2690} INFO - Sync 1 DAGs
[2023-02-07T14:54:14.901+0000] {logging_mixin.py:137} INFO - [2023-02-07T14:54:14.901+0000] {dag.py:3441} INFO - Setting next_dagrun for example_branch_labels to 2023-02-06T00:00:00+00:00, run_after=2023-02-07T00:00:00+00:00
[2023-02-07T14:54:14.924+0000] {processor.py:175} INFO - Processing /home/airflow/.local/lib/python3.7/site-packages/airflow/example_dags/example_branch_labels.py took 0.098 seconds
[2023-02-07T14:54:45.070+0000] {processor.py:153} INFO - Started process (PID=1074) to work on /home/airflow/.local/lib/python3.7/site-packages/airflow/example_dags/example_branch_labels.py
[2023-02-07T14:54:45.071+0000] {processor.py:743} INFO - Processing file /home/airflow/.local/lib/python3.7/site-packages/airflow/example_dags/example_branch_labels.py for tasks to queue
[2023-02-07T14:54:45.071+0000] {logging_mixin.py:137} INFO - [2023-02-07T14:54:45.071+0000] {dagbag.py:538} INFO - Filling up the DagBag from /home/airflow/.local/lib/python3.7/site-packages/airflow/example_dags/example_branch_labels.py
[2023-02-07T14:54:45.085+0000] {processor.py:753} INFO - DAG(s) dict_keys(['example_branch_labels']) retrieved from /home/airflow/.local/lib/python3.7/site-packages/airflow/example_dags/example_branch_labels.py
[2023-02-07T14:54:45.110+0000] {logging_mixin.py:137} INFO - [2023-02-07T14:54:45.110+0000] {dag.py:2690} INFO - Sync 1 DAGs
[2023-02-07T14:54:45.133+0000] {logging_mixin.py:137} INFO - [2023-02-07T14:54:45.133+0000] {dag.py:3441} INFO - Setting next_dagrun for example_branch_labels to 2023-02-06T00:00:00+00:00, run_after=2023-02-07T00:00:00+00:00
[2023-02-07T14:54:45.158+0000] {processor.py:175} INFO - Processing /home/airflow/.local/lib/python3.7/site-packages/airflow/example_dags/example_branch_labels.py took 0.092 seconds
[2023-02-07T14:55:15.678+0000] {processor.py:153} INFO - Started process (PID=1153) to work on /home/airflow/.local/lib/python3.7/site-packages/airflow/example_dags/example_branch_labels.py
[2023-02-07T14:55:15.679+0000] {processor.py:743} INFO - Processing file /home/airflow/.local/lib/python3.7/site-packages/airflow/example_dags/example_branch_labels.py for tasks to queue
[2023-02-07T14:55:15.680+0000] {logging_mixin.py:137} INFO - [2023-02-07T14:55:15.679+0000] {dagbag.py:538} INFO - Filling up the DagBag from /home/airflow/.local/lib/python3.7/site-packages/airflow/example_dags/example_branch_labels.py
[2023-02-07T14:55:15.694+0000] {processor.py:753} INFO - DAG(s) dict_keys(['example_branch_labels']) retrieved from /home/airflow/.local/lib/python3.7/site-packages/airflow/example_dags/example_branch_labels.py
[2023-02-07T14:55:15.722+0000] {logging_mixin.py:137} INFO - [2023-02-07T14:55:15.722+0000] {dag.py:2690} INFO - Sync 1 DAGs
[2023-02-07T14:55:15.747+0000] {logging_mixin.py:137} INFO - [2023-02-07T14:55:15.747+0000] {dag.py:3441} INFO - Setting next_dagrun for example_branch_labels to 2023-02-06T00:00:00+00:00, run_after=2023-02-07T00:00:00+00:00
[2023-02-07T14:55:15.774+0000] {processor.py:175} INFO - Processing /home/airflow/.local/lib/python3.7/site-packages/airflow/example_dags/example_branch_labels.py took 0.100 seconds
[2023-02-07T14:55:46.733+0000] {processor.py:153} INFO - Started process (PID=1219) to work on /home/airflow/.local/lib/python3.7/site-packages/airflow/example_dags/example_branch_labels.py
[2023-02-07T14:55:46.734+0000] {processor.py:743} INFO - Processing file /home/airflow/.local/lib/python3.7/site-packages/airflow/example_dags/example_branch_labels.py for tasks to queue
[2023-02-07T14:55:46.734+0000] {logging_mixin.py:137} INFO - [2023-02-07T14:55:46.734+0000] {dagbag.py:538} INFO - Filling up the DagBag from /home/airflow/.local/lib/python3.7/site-packages/airflow/example_dags/example_branch_labels.py
[2023-02-07T14:55:46.749+0000] {processor.py:753} INFO - DAG(s) dict_keys(['example_branch_labels']) retrieved from /home/airflow/.local/lib/python3.7/site-packages/airflow/example_dags/example_branch_labels.py
[2023-02-07T14:55:46.783+0000] {logging_mixin.py:137} INFO - [2023-02-07T14:55:46.782+0000] {dag.py:2690} INFO - Sync 1 DAGs
[2023-02-07T14:55:46.815+0000] {logging_mixin.py:137} INFO - [2023-02-07T14:55:46.814+0000] {dag.py:3441} INFO - Setting next_dagrun for example_branch_labels to 2023-02-06T00:00:00+00:00, run_after=2023-02-07T00:00:00+00:00
[2023-02-07T14:55:46.845+0000] {processor.py:175} INFO - Processing /home/airflow/.local/lib/python3.7/site-packages/airflow/example_dags/example_branch_labels.py took 0.116 seconds
[2023-02-07T14:56:17.513+0000] {processor.py:153} INFO - Started process (PID=1296) to work on /home/airflow/.local/lib/python3.7/site-packages/airflow/example_dags/example_branch_labels.py
[2023-02-07T14:56:17.513+0000] {processor.py:743} INFO - Processing file /home/airflow/.local/lib/python3.7/site-packages/airflow/example_dags/example_branch_labels.py for tasks to queue
[2023-02-07T14:56:17.514+0000] {logging_mixin.py:137} INFO - [2023-02-07T14:56:17.514+0000] {dagbag.py:538} INFO - Filling up the DagBag from /home/airflow/.local/lib/python3.7/site-packages/airflow/example_dags/example_branch_labels.py
[2023-02-07T14:56:17.528+0000] {processor.py:753} INFO - DAG(s) dict_keys(['example_branch_labels']) retrieved from /home/airflow/.local/lib/python3.7/site-packages/airflow/example_dags/example_branch_labels.py
[2023-02-07T14:56:17.557+0000] {logging_mixin.py:137} INFO - [2023-02-07T14:56:17.557+0000] {dag.py:2690} INFO - Sync 1 DAGs
[2023-02-07T14:56:17.591+0000] {logging_mixin.py:137} INFO - [2023-02-07T14:56:17.591+0000] {dag.py:3441} INFO - Setting next_dagrun for example_branch_labels to 2023-02-06T00:00:00+00:00, run_after=2023-02-07T00:00:00+00:00
[2023-02-07T14:56:17.619+0000] {processor.py:175} INFO - Processing /home/airflow/.local/lib/python3.7/site-packages/airflow/example_dags/example_branch_labels.py took 0.110 seconds
[2023-02-07T14:56:48.404+0000] {processor.py:153} INFO - Started process (PID=1362) to work on /home/airflow/.local/lib/python3.7/site-packages/airflow/example_dags/example_branch_labels.py
[2023-02-07T14:56:48.405+0000] {processor.py:743} INFO - Processing file /home/airflow/.local/lib/python3.7/site-packages/airflow/example_dags/example_branch_labels.py for tasks to queue
[2023-02-07T14:56:48.406+0000] {logging_mixin.py:137} INFO - [2023-02-07T14:56:48.405+0000] {dagbag.py:538} INFO - Filling up the DagBag from /home/airflow/.local/lib/python3.7/site-packages/airflow/example_dags/example_branch_labels.py
[2023-02-07T14:56:48.419+0000] {processor.py:753} INFO - DAG(s) dict_keys(['example_branch_labels']) retrieved from /home/airflow/.local/lib/python3.7/site-packages/airflow/example_dags/example_branch_labels.py
[2023-02-07T14:56:48.449+0000] {logging_mixin.py:137} INFO - [2023-02-07T14:56:48.449+0000] {dag.py:2690} INFO - Sync 1 DAGs
[2023-02-07T14:56:48.477+0000] {logging_mixin.py:137} INFO - [2023-02-07T14:56:48.477+0000] {dag.py:3441} INFO - Setting next_dagrun for example_branch_labels to 2023-02-06T00:00:00+00:00, run_after=2023-02-07T00:00:00+00:00
[2023-02-07T14:56:48.505+0000] {processor.py:175} INFO - Processing /home/airflow/.local/lib/python3.7/site-packages/airflow/example_dags/example_branch_labels.py took 0.105 seconds
[2023-02-07T14:57:18.616+0000] {processor.py:153} INFO - Started process (PID=1440) to work on /home/airflow/.local/lib/python3.7/site-packages/airflow/example_dags/example_branch_labels.py
[2023-02-07T14:57:18.617+0000] {processor.py:743} INFO - Processing file /home/airflow/.local/lib/python3.7/site-packages/airflow/example_dags/example_branch_labels.py for tasks to queue
[2023-02-07T14:57:18.617+0000] {logging_mixin.py:137} INFO - [2023-02-07T14:57:18.617+0000] {dagbag.py:538} INFO - Filling up the DagBag from /home/airflow/.local/lib/python3.7/site-packages/airflow/example_dags/example_branch_labels.py
[2023-02-07T14:57:18.631+0000] {processor.py:753} INFO - DAG(s) dict_keys(['example_branch_labels']) retrieved from /home/airflow/.local/lib/python3.7/site-packages/airflow/example_dags/example_branch_labels.py
[2023-02-07T14:57:18.658+0000] {logging_mixin.py:137} INFO - [2023-02-07T14:57:18.658+0000] {dag.py:2690} INFO - Sync 1 DAGs
[2023-02-07T14:57:18.683+0000] {logging_mixin.py:137} INFO - [2023-02-07T14:57:18.683+0000] {dag.py:3441} INFO - Setting next_dagrun for example_branch_labels to 2023-02-06T00:00:00+00:00, run_after=2023-02-07T00:00:00+00:00
[2023-02-07T14:57:18.706+0000] {processor.py:175} INFO - Processing /home/airflow/.local/lib/python3.7/site-packages/airflow/example_dags/example_branch_labels.py took 0.094 seconds
[2023-02-07T14:57:48.946+0000] {processor.py:153} INFO - Started process (PID=1505) to work on /home/airflow/.local/lib/python3.7/site-packages/airflow/example_dags/example_branch_labels.py
[2023-02-07T14:57:48.948+0000] {processor.py:743} INFO - Processing file /home/airflow/.local/lib/python3.7/site-packages/airflow/example_dags/example_branch_labels.py for tasks to queue
[2023-02-07T14:57:48.950+0000] {logging_mixin.py:137} INFO - [2023-02-07T14:57:48.950+0000] {dagbag.py:538} INFO - Filling up the DagBag from /home/airflow/.local/lib/python3.7/site-packages/airflow/example_dags/example_branch_labels.py
[2023-02-07T14:57:48.970+0000] {processor.py:753} INFO - DAG(s) dict_keys(['example_branch_labels']) retrieved from /home/airflow/.local/lib/python3.7/site-packages/airflow/example_dags/example_branch_labels.py
[2023-02-07T14:57:49.011+0000] {logging_mixin.py:137} INFO - [2023-02-07T14:57:49.011+0000] {dag.py:2690} INFO - Sync 1 DAGs
[2023-02-07T14:57:49.048+0000] {logging_mixin.py:137} INFO - [2023-02-07T14:57:49.048+0000] {dag.py:3441} INFO - Setting next_dagrun for example_branch_labels to 2023-02-06T00:00:00+00:00, run_after=2023-02-07T00:00:00+00:00
[2023-02-07T14:57:49.075+0000] {processor.py:175} INFO - Processing /home/airflow/.local/lib/python3.7/site-packages/airflow/example_dags/example_branch_labels.py took 0.133 seconds
[2023-02-07T14:58:19.699+0000] {processor.py:153} INFO - Started process (PID=1582) to work on /home/airflow/.local/lib/python3.7/site-packages/airflow/example_dags/example_branch_labels.py
[2023-02-07T14:58:19.700+0000] {processor.py:743} INFO - Processing file /home/airflow/.local/lib/python3.7/site-packages/airflow/example_dags/example_branch_labels.py for tasks to queue
[2023-02-07T14:58:19.701+0000] {logging_mixin.py:137} INFO - [2023-02-07T14:58:19.701+0000] {dagbag.py:538} INFO - Filling up the DagBag from /home/airflow/.local/lib/python3.7/site-packages/airflow/example_dags/example_branch_labels.py
[2023-02-07T14:58:19.721+0000] {processor.py:753} INFO - DAG(s) dict_keys(['example_branch_labels']) retrieved from /home/airflow/.local/lib/python3.7/site-packages/airflow/example_dags/example_branch_labels.py
[2023-02-07T14:58:19.755+0000] {logging_mixin.py:137} INFO - [2023-02-07T14:58:19.754+0000] {dag.py:2690} INFO - Sync 1 DAGs
[2023-02-07T14:58:19.789+0000] {logging_mixin.py:137} INFO - [2023-02-07T14:58:19.788+0000] {dag.py:3441} INFO - Setting next_dagrun for example_branch_labels to 2023-02-06T00:00:00+00:00, run_after=2023-02-07T00:00:00+00:00
[2023-02-07T14:58:19.812+0000] {processor.py:175} INFO - Processing /home/airflow/.local/lib/python3.7/site-packages/airflow/example_dags/example_branch_labels.py took 0.117 seconds
[2023-02-07T14:58:49.878+0000] {processor.py:153} INFO - Started process (PID=1647) to work on /home/airflow/.local/lib/python3.7/site-packages/airflow/example_dags/example_branch_labels.py
[2023-02-07T14:58:49.879+0000] {processor.py:743} INFO - Processing file /home/airflow/.local/lib/python3.7/site-packages/airflow/example_dags/example_branch_labels.py for tasks to queue
[2023-02-07T14:58:49.879+0000] {logging_mixin.py:137} INFO - [2023-02-07T14:58:49.879+0000] {dagbag.py:538} INFO - Filling up the DagBag from /home/airflow/.local/lib/python3.7/site-packages/airflow/example_dags/example_branch_labels.py
[2023-02-07T14:58:49.893+0000] {processor.py:753} INFO - DAG(s) dict_keys(['example_branch_labels']) retrieved from /home/airflow/.local/lib/python3.7/site-packages/airflow/example_dags/example_branch_labels.py
[2023-02-07T14:58:49.919+0000] {logging_mixin.py:137} INFO - [2023-02-07T14:58:49.919+0000] {dag.py:2690} INFO - Sync 1 DAGs
[2023-02-07T14:58:49.943+0000] {logging_mixin.py:137} INFO - [2023-02-07T14:58:49.943+0000] {dag.py:3441} INFO - Setting next_dagrun for example_branch_labels to 2023-02-06T00:00:00+00:00, run_after=2023-02-07T00:00:00+00:00
[2023-02-07T14:58:49.970+0000] {processor.py:175} INFO - Processing /home/airflow/.local/lib/python3.7/site-packages/airflow/example_dags/example_branch_labels.py took 0.096 seconds
[2023-02-07T14:59:20.049+0000] {processor.py:153} INFO - Started process (PID=1722) to work on /home/airflow/.local/lib/python3.7/site-packages/airflow/example_dags/example_branch_labels.py
[2023-02-07T14:59:20.050+0000] {processor.py:743} INFO - Processing file /home/airflow/.local/lib/python3.7/site-packages/airflow/example_dags/example_branch_labels.py for tasks to queue
[2023-02-07T14:59:20.050+0000] {logging_mixin.py:137} INFO - [2023-02-07T14:59:20.050+0000] {dagbag.py:538} INFO - Filling up the DagBag from /home/airflow/.local/lib/python3.7/site-packages/airflow/example_dags/example_branch_labels.py
[2023-02-07T14:59:20.066+0000] {processor.py:753} INFO - DAG(s) dict_keys(['example_branch_labels']) retrieved from /home/airflow/.local/lib/python3.7/site-packages/airflow/example_dags/example_branch_labels.py
[2023-02-07T14:59:20.091+0000] {logging_mixin.py:137} INFO - [2023-02-07T14:59:20.091+0000] {dag.py:2690} INFO - Sync 1 DAGs
[2023-02-07T14:59:20.116+0000] {logging_mixin.py:137} INFO - [2023-02-07T14:59:20.116+0000] {dag.py:3441} INFO - Setting next_dagrun for example_branch_labels to 2023-02-06T00:00:00+00:00, run_after=2023-02-07T00:00:00+00:00
[2023-02-07T14:59:20.145+0000] {processor.py:175} INFO - Processing /home/airflow/.local/lib/python3.7/site-packages/airflow/example_dags/example_branch_labels.py took 0.100 seconds
[2023-02-07T14:59:50.644+0000] {processor.py:153} INFO - Started process (PID=1790) to work on /home/airflow/.local/lib/python3.7/site-packages/airflow/example_dags/example_branch_labels.py
[2023-02-07T14:59:50.645+0000] {processor.py:743} INFO - Processing file /home/airflow/.local/lib/python3.7/site-packages/airflow/example_dags/example_branch_labels.py for tasks to queue
[2023-02-07T14:59:50.646+0000] {logging_mixin.py:137} INFO - [2023-02-07T14:59:50.646+0000] {dagbag.py:538} INFO - Filling up the DagBag from /home/airflow/.local/lib/python3.7/site-packages/airflow/example_dags/example_branch_labels.py
[2023-02-07T14:59:50.660+0000] {processor.py:753} INFO - DAG(s) dict_keys(['example_branch_labels']) retrieved from /home/airflow/.local/lib/python3.7/site-packages/airflow/example_dags/example_branch_labels.py
[2023-02-07T14:59:50.690+0000] {logging_mixin.py:137} INFO - [2023-02-07T14:59:50.689+0000] {dag.py:2690} INFO - Sync 1 DAGs
[2023-02-07T14:59:50.727+0000] {logging_mixin.py:137} INFO - [2023-02-07T14:59:50.727+0000] {dag.py:3441} INFO - Setting next_dagrun for example_branch_labels to 2023-02-06T00:00:00+00:00, run_after=2023-02-07T00:00:00+00:00
[2023-02-07T14:59:50.751+0000] {processor.py:175} INFO - Processing /home/airflow/.local/lib/python3.7/site-packages/airflow/example_dags/example_branch_labels.py took 0.110 seconds
[2023-02-07T15:00:21.427+0000] {processor.py:153} INFO - Started process (PID=1865) to work on /home/airflow/.local/lib/python3.7/site-packages/airflow/example_dags/example_branch_labels.py
[2023-02-07T15:00:21.429+0000] {processor.py:743} INFO - Processing file /home/airflow/.local/lib/python3.7/site-packages/airflow/example_dags/example_branch_labels.py for tasks to queue
[2023-02-07T15:00:21.430+0000] {logging_mixin.py:137} INFO - [2023-02-07T15:00:21.430+0000] {dagbag.py:538} INFO - Filling up the DagBag from /home/airflow/.local/lib/python3.7/site-packages/airflow/example_dags/example_branch_labels.py
[2023-02-07T15:00:21.455+0000] {processor.py:753} INFO - DAG(s) dict_keys(['example_branch_labels']) retrieved from /home/airflow/.local/lib/python3.7/site-packages/airflow/example_dags/example_branch_labels.py
[2023-02-07T15:00:21.493+0000] {logging_mixin.py:137} INFO - [2023-02-07T15:00:21.493+0000] {dag.py:2690} INFO - Sync 1 DAGs
[2023-02-07T15:00:21.538+0000] {logging_mixin.py:137} INFO - [2023-02-07T15:00:21.538+0000] {dag.py:3441} INFO - Setting next_dagrun for example_branch_labels to 2023-02-06T00:00:00+00:00, run_after=2023-02-07T00:00:00+00:00
[2023-02-07T15:00:21.562+0000] {processor.py:175} INFO - Processing /home/airflow/.local/lib/python3.7/site-packages/airflow/example_dags/example_branch_labels.py took 0.140 seconds
[2023-02-07T15:00:52.274+0000] {processor.py:153} INFO - Started process (PID=1933) to work on /home/airflow/.local/lib/python3.7/site-packages/airflow/example_dags/example_branch_labels.py
[2023-02-07T15:00:52.275+0000] {processor.py:743} INFO - Processing file /home/airflow/.local/lib/python3.7/site-packages/airflow/example_dags/example_branch_labels.py for tasks to queue
[2023-02-07T15:00:52.276+0000] {logging_mixin.py:137} INFO - [2023-02-07T15:00:52.276+0000] {dagbag.py:538} INFO - Filling up the DagBag from /home/airflow/.local/lib/python3.7/site-packages/airflow/example_dags/example_branch_labels.py
[2023-02-07T15:00:52.291+0000] {processor.py:753} INFO - DAG(s) dict_keys(['example_branch_labels']) retrieved from /home/airflow/.local/lib/python3.7/site-packages/airflow/example_dags/example_branch_labels.py
[2023-02-07T15:00:52.323+0000] {logging_mixin.py:137} INFO - [2023-02-07T15:00:52.323+0000] {dag.py:2690} INFO - Sync 1 DAGs
[2023-02-07T15:00:52.353+0000] {logging_mixin.py:137} INFO - [2023-02-07T15:00:52.353+0000] {dag.py:3441} INFO - Setting next_dagrun for example_branch_labels to 2023-02-06T00:00:00+00:00, run_after=2023-02-07T00:00:00+00:00
[2023-02-07T15:00:52.391+0000] {processor.py:175} INFO - Processing /home/airflow/.local/lib/python3.7/site-packages/airflow/example_dags/example_branch_labels.py took 0.120 seconds
[2023-02-07T15:01:22.873+0000] {processor.py:153} INFO - Started process (PID=2013) to work on /home/airflow/.local/lib/python3.7/site-packages/airflow/example_dags/example_branch_labels.py
[2023-02-07T15:01:22.874+0000] {processor.py:743} INFO - Processing file /home/airflow/.local/lib/python3.7/site-packages/airflow/example_dags/example_branch_labels.py for tasks to queue
[2023-02-07T15:01:22.875+0000] {logging_mixin.py:137} INFO - [2023-02-07T15:01:22.875+0000] {dagbag.py:538} INFO - Filling up the DagBag from /home/airflow/.local/lib/python3.7/site-packages/airflow/example_dags/example_branch_labels.py
[2023-02-07T15:01:22.890+0000] {processor.py:753} INFO - DAG(s) dict_keys(['example_branch_labels']) retrieved from /home/airflow/.local/lib/python3.7/site-packages/airflow/example_dags/example_branch_labels.py
[2023-02-07T15:01:22.922+0000] {logging_mixin.py:137} INFO - [2023-02-07T15:01:22.921+0000] {dag.py:2690} INFO - Sync 1 DAGs
[2023-02-07T15:01:22.959+0000] {logging_mixin.py:137} INFO - [2023-02-07T15:01:22.959+0000] {dag.py:3441} INFO - Setting next_dagrun for example_branch_labels to 2023-02-06T00:00:00+00:00, run_after=2023-02-07T00:00:00+00:00
[2023-02-07T15:01:22.997+0000] {processor.py:175} INFO - Processing /home/airflow/.local/lib/python3.7/site-packages/airflow/example_dags/example_branch_labels.py took 0.128 seconds
[2023-02-07T15:01:53.623+0000] {processor.py:153} INFO - Started process (PID=2079) to work on /home/airflow/.local/lib/python3.7/site-packages/airflow/example_dags/example_branch_labels.py
[2023-02-07T15:01:53.624+0000] {processor.py:743} INFO - Processing file /home/airflow/.local/lib/python3.7/site-packages/airflow/example_dags/example_branch_labels.py for tasks to queue
[2023-02-07T15:01:53.625+0000] {logging_mixin.py:137} INFO - [2023-02-07T15:01:53.625+0000] {dagbag.py:538} INFO - Filling up the DagBag from /home/airflow/.local/lib/python3.7/site-packages/airflow/example_dags/example_branch_labels.py
[2023-02-07T15:01:53.639+0000] {processor.py:753} INFO - DAG(s) dict_keys(['example_branch_labels']) retrieved from /home/airflow/.local/lib/python3.7/site-packages/airflow/example_dags/example_branch_labels.py
[2023-02-07T15:01:53.670+0000] {logging_mixin.py:137} INFO - [2023-02-07T15:01:53.670+0000] {dag.py:2690} INFO - Sync 1 DAGs
[2023-02-07T15:01:53.696+0000] {logging_mixin.py:137} INFO - [2023-02-07T15:01:53.696+0000] {dag.py:3441} INFO - Setting next_dagrun for example_branch_labels to 2023-02-06T00:00:00+00:00, run_after=2023-02-07T00:00:00+00:00
[2023-02-07T15:01:53.728+0000] {processor.py:175} INFO - Processing /home/airflow/.local/lib/python3.7/site-packages/airflow/example_dags/example_branch_labels.py took 0.108 seconds
[2023-02-07T15:02:24.148+0000] {processor.py:153} INFO - Started process (PID=2156) to work on /home/airflow/.local/lib/python3.7/site-packages/airflow/example_dags/example_branch_labels.py
[2023-02-07T15:02:24.149+0000] {processor.py:743} INFO - Processing file /home/airflow/.local/lib/python3.7/site-packages/airflow/example_dags/example_branch_labels.py for tasks to queue
[2023-02-07T15:02:24.150+0000] {logging_mixin.py:137} INFO - [2023-02-07T15:02:24.150+0000] {dagbag.py:538} INFO - Filling up the DagBag from /home/airflow/.local/lib/python3.7/site-packages/airflow/example_dags/example_branch_labels.py
[2023-02-07T15:02:24.168+0000] {processor.py:753} INFO - DAG(s) dict_keys(['example_branch_labels']) retrieved from /home/airflow/.local/lib/python3.7/site-packages/airflow/example_dags/example_branch_labels.py
[2023-02-07T15:02:24.204+0000] {logging_mixin.py:137} INFO - [2023-02-07T15:02:24.204+0000] {dag.py:2690} INFO - Sync 1 DAGs
[2023-02-07T15:02:24.236+0000] {logging_mixin.py:137} INFO - [2023-02-07T15:02:24.236+0000] {dag.py:3441} INFO - Setting next_dagrun for example_branch_labels to 2023-02-06T00:00:00+00:00, run_after=2023-02-07T00:00:00+00:00
[2023-02-07T15:02:24.264+0000] {processor.py:175} INFO - Processing /home/airflow/.local/lib/python3.7/site-packages/airflow/example_dags/example_branch_labels.py took 0.119 seconds
[2023-02-07T15:02:55.118+0000] {processor.py:153} INFO - Started process (PID=2221) to work on /home/airflow/.local/lib/python3.7/site-packages/airflow/example_dags/example_branch_labels.py
[2023-02-07T15:02:55.119+0000] {processor.py:743} INFO - Processing file /home/airflow/.local/lib/python3.7/site-packages/airflow/example_dags/example_branch_labels.py for tasks to queue
[2023-02-07T15:02:55.122+0000] {logging_mixin.py:137} INFO - [2023-02-07T15:02:55.122+0000] {dagbag.py:538} INFO - Filling up the DagBag from /home/airflow/.local/lib/python3.7/site-packages/airflow/example_dags/example_branch_labels.py
[2023-02-07T15:02:55.144+0000] {processor.py:753} INFO - DAG(s) dict_keys(['example_branch_labels']) retrieved from /home/airflow/.local/lib/python3.7/site-packages/airflow/example_dags/example_branch_labels.py
[2023-02-07T15:02:55.182+0000] {logging_mixin.py:137} INFO - [2023-02-07T15:02:55.182+0000] {dag.py:2690} INFO - Sync 1 DAGs
[2023-02-07T15:02:55.221+0000] {logging_mixin.py:137} INFO - [2023-02-07T15:02:55.221+0000] {dag.py:3441} INFO - Setting next_dagrun for example_branch_labels to 2023-02-06T00:00:00+00:00, run_after=2023-02-07T00:00:00+00:00
[2023-02-07T15:02:55.260+0000] {processor.py:175} INFO - Processing /home/airflow/.local/lib/python3.7/site-packages/airflow/example_dags/example_branch_labels.py took 0.146 seconds
[2023-02-07T15:03:25.839+0000] {processor.py:153} INFO - Started process (PID=2299) to work on /home/airflow/.local/lib/python3.7/site-packages/airflow/example_dags/example_branch_labels.py
[2023-02-07T15:03:25.840+0000] {processor.py:743} INFO - Processing file /home/airflow/.local/lib/python3.7/site-packages/airflow/example_dags/example_branch_labels.py for tasks to queue
[2023-02-07T15:03:25.840+0000] {logging_mixin.py:137} INFO - [2023-02-07T15:03:25.840+0000] {dagbag.py:538} INFO - Filling up the DagBag from /home/airflow/.local/lib/python3.7/site-packages/airflow/example_dags/example_branch_labels.py
[2023-02-07T15:03:25.855+0000] {processor.py:753} INFO - DAG(s) dict_keys(['example_branch_labels']) retrieved from /home/airflow/.local/lib/python3.7/site-packages/airflow/example_dags/example_branch_labels.py
[2023-02-07T15:03:25.880+0000] {logging_mixin.py:137} INFO - [2023-02-07T15:03:25.880+0000] {dag.py:2690} INFO - Sync 1 DAGs
[2023-02-07T15:03:25.914+0000] {logging_mixin.py:137} INFO - [2023-02-07T15:03:25.913+0000] {dag.py:3441} INFO - Setting next_dagrun for example_branch_labels to 2023-02-06T00:00:00+00:00, run_after=2023-02-07T00:00:00+00:00
[2023-02-07T15:03:25.940+0000] {processor.py:175} INFO - Processing /home/airflow/.local/lib/python3.7/site-packages/airflow/example_dags/example_branch_labels.py took 0.105 seconds
[2023-02-07T15:03:56.421+0000] {processor.py:153} INFO - Started process (PID=2365) to work on /home/airflow/.local/lib/python3.7/site-packages/airflow/example_dags/example_branch_labels.py
[2023-02-07T15:03:56.422+0000] {processor.py:743} INFO - Processing file /home/airflow/.local/lib/python3.7/site-packages/airflow/example_dags/example_branch_labels.py for tasks to queue
[2023-02-07T15:03:56.423+0000] {logging_mixin.py:137} INFO - [2023-02-07T15:03:56.423+0000] {dagbag.py:538} INFO - Filling up the DagBag from /home/airflow/.local/lib/python3.7/site-packages/airflow/example_dags/example_branch_labels.py
[2023-02-07T15:03:56.443+0000] {processor.py:753} INFO - DAG(s) dict_keys(['example_branch_labels']) retrieved from /home/airflow/.local/lib/python3.7/site-packages/airflow/example_dags/example_branch_labels.py
[2023-02-07T15:03:56.476+0000] {logging_mixin.py:137} INFO - [2023-02-07T15:03:56.476+0000] {dag.py:2690} INFO - Sync 1 DAGs
[2023-02-07T15:03:56.507+0000] {logging_mixin.py:137} INFO - [2023-02-07T15:03:56.507+0000] {dag.py:3441} INFO - Setting next_dagrun for example_branch_labels to 2023-02-06T00:00:00+00:00, run_after=2023-02-07T00:00:00+00:00
[2023-02-07T15:03:56.532+0000] {processor.py:175} INFO - Processing /home/airflow/.local/lib/python3.7/site-packages/airflow/example_dags/example_branch_labels.py took 0.116 seconds
[2023-02-07T15:04:26.789+0000] {processor.py:153} INFO - Started process (PID=2444) to work on /home/airflow/.local/lib/python3.7/site-packages/airflow/example_dags/example_branch_labels.py
[2023-02-07T15:04:26.790+0000] {processor.py:743} INFO - Processing file /home/airflow/.local/lib/python3.7/site-packages/airflow/example_dags/example_branch_labels.py for tasks to queue
[2023-02-07T15:04:26.790+0000] {logging_mixin.py:137} INFO - [2023-02-07T15:04:26.790+0000] {dagbag.py:538} INFO - Filling up the DagBag from /home/airflow/.local/lib/python3.7/site-packages/airflow/example_dags/example_branch_labels.py
[2023-02-07T15:04:26.805+0000] {processor.py:753} INFO - DAG(s) dict_keys(['example_branch_labels']) retrieved from /home/airflow/.local/lib/python3.7/site-packages/airflow/example_dags/example_branch_labels.py
[2023-02-07T15:04:26.830+0000] {logging_mixin.py:137} INFO - [2023-02-07T15:04:26.830+0000] {dag.py:2690} INFO - Sync 1 DAGs
[2023-02-07T15:04:26.856+0000] {logging_mixin.py:137} INFO - [2023-02-07T15:04:26.856+0000] {dag.py:3441} INFO - Setting next_dagrun for example_branch_labels to 2023-02-06T00:00:00+00:00, run_after=2023-02-07T00:00:00+00:00
[2023-02-07T15:04:26.883+0000] {processor.py:175} INFO - Processing /home/airflow/.local/lib/python3.7/site-packages/airflow/example_dags/example_branch_labels.py took 0.097 seconds
[2023-02-07T15:04:57.055+0000] {processor.py:153} INFO - Started process (PID=2510) to work on /home/airflow/.local/lib/python3.7/site-packages/airflow/example_dags/example_branch_labels.py
[2023-02-07T15:04:57.056+0000] {processor.py:743} INFO - Processing file /home/airflow/.local/lib/python3.7/site-packages/airflow/example_dags/example_branch_labels.py for tasks to queue
[2023-02-07T15:04:57.057+0000] {logging_mixin.py:137} INFO - [2023-02-07T15:04:57.057+0000] {dagbag.py:538} INFO - Filling up the DagBag from /home/airflow/.local/lib/python3.7/site-packages/airflow/example_dags/example_branch_labels.py
[2023-02-07T15:04:57.071+0000] {processor.py:753} INFO - DAG(s) dict_keys(['example_branch_labels']) retrieved from /home/airflow/.local/lib/python3.7/site-packages/airflow/example_dags/example_branch_labels.py
[2023-02-07T15:04:57.105+0000] {logging_mixin.py:137} INFO - [2023-02-07T15:04:57.105+0000] {dag.py:2690} INFO - Sync 1 DAGs
[2023-02-07T15:04:57.142+0000] {logging_mixin.py:137} INFO - [2023-02-07T15:04:57.142+0000] {dag.py:3441} INFO - Setting next_dagrun for example_branch_labels to 2023-02-06T00:00:00+00:00, run_after=2023-02-07T00:00:00+00:00
[2023-02-07T15:04:57.170+0000] {processor.py:175} INFO - Processing /home/airflow/.local/lib/python3.7/site-packages/airflow/example_dags/example_branch_labels.py took 0.119 seconds
[2023-02-07T15:05:27.687+0000] {processor.py:153} INFO - Started process (PID=2588) to work on /home/airflow/.local/lib/python3.7/site-packages/airflow/example_dags/example_branch_labels.py
[2023-02-07T15:05:27.688+0000] {processor.py:743} INFO - Processing file /home/airflow/.local/lib/python3.7/site-packages/airflow/example_dags/example_branch_labels.py for tasks to queue
[2023-02-07T15:05:27.689+0000] {logging_mixin.py:137} INFO - [2023-02-07T15:05:27.689+0000] {dagbag.py:538} INFO - Filling up the DagBag from /home/airflow/.local/lib/python3.7/site-packages/airflow/example_dags/example_branch_labels.py
[2023-02-07T15:05:27.703+0000] {processor.py:753} INFO - DAG(s) dict_keys(['example_branch_labels']) retrieved from /home/airflow/.local/lib/python3.7/site-packages/airflow/example_dags/example_branch_labels.py
[2023-02-07T15:05:27.728+0000] {logging_mixin.py:137} INFO - [2023-02-07T15:05:27.728+0000] {dag.py:2690} INFO - Sync 1 DAGs
[2023-02-07T15:05:27.755+0000] {logging_mixin.py:137} INFO - [2023-02-07T15:05:27.754+0000] {dag.py:3441} INFO - Setting next_dagrun for example_branch_labels to 2023-02-06T00:00:00+00:00, run_after=2023-02-07T00:00:00+00:00
[2023-02-07T15:05:27.779+0000] {processor.py:175} INFO - Processing /home/airflow/.local/lib/python3.7/site-packages/airflow/example_dags/example_branch_labels.py took 0.095 seconds
[2023-02-07T15:05:58.539+0000] {processor.py:153} INFO - Started process (PID=2653) to work on /home/airflow/.local/lib/python3.7/site-packages/airflow/example_dags/example_branch_labels.py
[2023-02-07T15:05:58.540+0000] {processor.py:743} INFO - Processing file /home/airflow/.local/lib/python3.7/site-packages/airflow/example_dags/example_branch_labels.py for tasks to queue
[2023-02-07T15:05:58.540+0000] {logging_mixin.py:137} INFO - [2023-02-07T15:05:58.540+0000] {dagbag.py:538} INFO - Filling up the DagBag from /home/airflow/.local/lib/python3.7/site-packages/airflow/example_dags/example_branch_labels.py
[2023-02-07T15:05:58.555+0000] {processor.py:753} INFO - DAG(s) dict_keys(['example_branch_labels']) retrieved from /home/airflow/.local/lib/python3.7/site-packages/airflow/example_dags/example_branch_labels.py
[2023-02-07T15:05:58.579+0000] {logging_mixin.py:137} INFO - [2023-02-07T15:05:58.579+0000] {dag.py:2690} INFO - Sync 1 DAGs
[2023-02-07T15:05:58.605+0000] {logging_mixin.py:137} INFO - [2023-02-07T15:05:58.605+0000] {dag.py:3441} INFO - Setting next_dagrun for example_branch_labels to 2023-02-06T00:00:00+00:00, run_after=2023-02-07T00:00:00+00:00
[2023-02-07T15:05:58.635+0000] {processor.py:175} INFO - Processing /home/airflow/.local/lib/python3.7/site-packages/airflow/example_dags/example_branch_labels.py took 0.101 seconds
[2023-02-07T15:06:29.192+0000] {processor.py:153} INFO - Started process (PID=2730) to work on /home/airflow/.local/lib/python3.7/site-packages/airflow/example_dags/example_branch_labels.py
[2023-02-07T15:06:29.193+0000] {processor.py:743} INFO - Processing file /home/airflow/.local/lib/python3.7/site-packages/airflow/example_dags/example_branch_labels.py for tasks to queue
[2023-02-07T15:06:29.194+0000] {logging_mixin.py:137} INFO - [2023-02-07T15:06:29.194+0000] {dagbag.py:538} INFO - Filling up the DagBag from /home/airflow/.local/lib/python3.7/site-packages/airflow/example_dags/example_branch_labels.py
[2023-02-07T15:06:29.207+0000] {processor.py:753} INFO - DAG(s) dict_keys(['example_branch_labels']) retrieved from /home/airflow/.local/lib/python3.7/site-packages/airflow/example_dags/example_branch_labels.py
[2023-02-07T15:06:29.232+0000] {logging_mixin.py:137} INFO - [2023-02-07T15:06:29.232+0000] {dag.py:2690} INFO - Sync 1 DAGs
[2023-02-07T15:06:29.257+0000] {logging_mixin.py:137} INFO - [2023-02-07T15:06:29.257+0000] {dag.py:3441} INFO - Setting next_dagrun for example_branch_labels to 2023-02-06T00:00:00+00:00, run_after=2023-02-07T00:00:00+00:00
[2023-02-07T15:06:29.282+0000] {processor.py:175} INFO - Processing /home/airflow/.local/lib/python3.7/site-packages/airflow/example_dags/example_branch_labels.py took 0.093 seconds
[2023-02-07T15:06:59.824+0000] {processor.py:153} INFO - Started process (PID=2795) to work on /home/airflow/.local/lib/python3.7/site-packages/airflow/example_dags/example_branch_labels.py
[2023-02-07T15:06:59.825+0000] {processor.py:743} INFO - Processing file /home/airflow/.local/lib/python3.7/site-packages/airflow/example_dags/example_branch_labels.py for tasks to queue
[2023-02-07T15:06:59.825+0000] {logging_mixin.py:137} INFO - [2023-02-07T15:06:59.825+0000] {dagbag.py:538} INFO - Filling up the DagBag from /home/airflow/.local/lib/python3.7/site-packages/airflow/example_dags/example_branch_labels.py
[2023-02-07T15:06:59.839+0000] {processor.py:753} INFO - DAG(s) dict_keys(['example_branch_labels']) retrieved from /home/airflow/.local/lib/python3.7/site-packages/airflow/example_dags/example_branch_labels.py
[2023-02-07T15:06:59.865+0000] {logging_mixin.py:137} INFO - [2023-02-07T15:06:59.865+0000] {dag.py:2690} INFO - Sync 1 DAGs
[2023-02-07T15:06:59.889+0000] {logging_mixin.py:137} INFO - [2023-02-07T15:06:59.889+0000] {dag.py:3441} INFO - Setting next_dagrun for example_branch_labels to 2023-02-06T00:00:00+00:00, run_after=2023-02-07T00:00:00+00:00
[2023-02-07T15:06:59.917+0000] {processor.py:175} INFO - Processing /home/airflow/.local/lib/python3.7/site-packages/airflow/example_dags/example_branch_labels.py took 0.097 seconds
[2023-02-07T15:07:30.550+0000] {processor.py:153} INFO - Started process (PID=2873) to work on /home/airflow/.local/lib/python3.7/site-packages/airflow/example_dags/example_branch_labels.py
[2023-02-07T15:07:30.551+0000] {processor.py:743} INFO - Processing file /home/airflow/.local/lib/python3.7/site-packages/airflow/example_dags/example_branch_labels.py for tasks to queue
[2023-02-07T15:07:30.551+0000] {logging_mixin.py:137} INFO - [2023-02-07T15:07:30.551+0000] {dagbag.py:538} INFO - Filling up the DagBag from /home/airflow/.local/lib/python3.7/site-packages/airflow/example_dags/example_branch_labels.py
[2023-02-07T15:07:30.565+0000] {processor.py:753} INFO - DAG(s) dict_keys(['example_branch_labels']) retrieved from /home/airflow/.local/lib/python3.7/site-packages/airflow/example_dags/example_branch_labels.py
[2023-02-07T15:07:30.591+0000] {logging_mixin.py:137} INFO - [2023-02-07T15:07:30.591+0000] {dag.py:2690} INFO - Sync 1 DAGs
[2023-02-07T15:07:30.622+0000] {logging_mixin.py:137} INFO - [2023-02-07T15:07:30.621+0000] {dag.py:3441} INFO - Setting next_dagrun for example_branch_labels to 2023-02-06T00:00:00+00:00, run_after=2023-02-07T00:00:00+00:00
[2023-02-07T15:07:30.653+0000] {processor.py:175} INFO - Processing /home/airflow/.local/lib/python3.7/site-packages/airflow/example_dags/example_branch_labels.py took 0.107 seconds
[2023-02-07T15:08:01.226+0000] {processor.py:153} INFO - Started process (PID=2939) to work on /home/airflow/.local/lib/python3.7/site-packages/airflow/example_dags/example_branch_labels.py
[2023-02-07T15:08:01.227+0000] {processor.py:743} INFO - Processing file /home/airflow/.local/lib/python3.7/site-packages/airflow/example_dags/example_branch_labels.py for tasks to queue
[2023-02-07T15:08:01.228+0000] {logging_mixin.py:137} INFO - [2023-02-07T15:08:01.228+0000] {dagbag.py:538} INFO - Filling up the DagBag from /home/airflow/.local/lib/python3.7/site-packages/airflow/example_dags/example_branch_labels.py
[2023-02-07T15:08:01.246+0000] {processor.py:753} INFO - DAG(s) dict_keys(['example_branch_labels']) retrieved from /home/airflow/.local/lib/python3.7/site-packages/airflow/example_dags/example_branch_labels.py
[2023-02-07T15:08:01.282+0000] {logging_mixin.py:137} INFO - [2023-02-07T15:08:01.281+0000] {dag.py:2690} INFO - Sync 1 DAGs
[2023-02-07T15:08:01.320+0000] {logging_mixin.py:137} INFO - [2023-02-07T15:08:01.320+0000] {dag.py:3441} INFO - Setting next_dagrun for example_branch_labels to 2023-02-06T00:00:00+00:00, run_after=2023-02-07T00:00:00+00:00
[2023-02-07T15:08:01.350+0000] {processor.py:175} INFO - Processing /home/airflow/.local/lib/python3.7/site-packages/airflow/example_dags/example_branch_labels.py took 0.130 seconds
[2023-02-07T15:08:31.545+0000] {processor.py:153} INFO - Started process (PID=3016) to work on /home/airflow/.local/lib/python3.7/site-packages/airflow/example_dags/example_branch_labels.py
[2023-02-07T15:08:31.546+0000] {processor.py:743} INFO - Processing file /home/airflow/.local/lib/python3.7/site-packages/airflow/example_dags/example_branch_labels.py for tasks to queue
[2023-02-07T15:08:31.547+0000] {logging_mixin.py:137} INFO - [2023-02-07T15:08:31.546+0000] {dagbag.py:538} INFO - Filling up the DagBag from /home/airflow/.local/lib/python3.7/site-packages/airflow/example_dags/example_branch_labels.py
[2023-02-07T15:08:31.561+0000] {processor.py:753} INFO - DAG(s) dict_keys(['example_branch_labels']) retrieved from /home/airflow/.local/lib/python3.7/site-packages/airflow/example_dags/example_branch_labels.py
[2023-02-07T15:08:31.591+0000] {logging_mixin.py:137} INFO - [2023-02-07T15:08:31.591+0000] {dag.py:2690} INFO - Sync 1 DAGs
[2023-02-07T15:08:31.629+0000] {logging_mixin.py:137} INFO - [2023-02-07T15:08:31.628+0000] {dag.py:3441} INFO - Setting next_dagrun for example_branch_labels to 2023-02-06T00:00:00+00:00, run_after=2023-02-07T00:00:00+00:00
[2023-02-07T15:08:31.655+0000] {processor.py:175} INFO - Processing /home/airflow/.local/lib/python3.7/site-packages/airflow/example_dags/example_branch_labels.py took 0.113 seconds
[2023-02-07T15:09:02.341+0000] {processor.py:153} INFO - Started process (PID=3081) to work on /home/airflow/.local/lib/python3.7/site-packages/airflow/example_dags/example_branch_labels.py
[2023-02-07T15:09:02.342+0000] {processor.py:743} INFO - Processing file /home/airflow/.local/lib/python3.7/site-packages/airflow/example_dags/example_branch_labels.py for tasks to queue
[2023-02-07T15:09:02.343+0000] {logging_mixin.py:137} INFO - [2023-02-07T15:09:02.343+0000] {dagbag.py:538} INFO - Filling up the DagBag from /home/airflow/.local/lib/python3.7/site-packages/airflow/example_dags/example_branch_labels.py
[2023-02-07T15:09:02.362+0000] {processor.py:753} INFO - DAG(s) dict_keys(['example_branch_labels']) retrieved from /home/airflow/.local/lib/python3.7/site-packages/airflow/example_dags/example_branch_labels.py
[2023-02-07T15:09:02.391+0000] {logging_mixin.py:137} INFO - [2023-02-07T15:09:02.391+0000] {dag.py:2690} INFO - Sync 1 DAGs
[2023-02-07T15:09:02.424+0000] {logging_mixin.py:137} INFO - [2023-02-07T15:09:02.423+0000] {dag.py:3441} INFO - Setting next_dagrun for example_branch_labels to 2023-02-06T00:00:00+00:00, run_after=2023-02-07T00:00:00+00:00
[2023-02-07T15:09:02.452+0000] {processor.py:175} INFO - Processing /home/airflow/.local/lib/python3.7/site-packages/airflow/example_dags/example_branch_labels.py took 0.115 seconds
[2023-02-07T15:09:32.610+0000] {processor.py:153} INFO - Started process (PID=3158) to work on /home/airflow/.local/lib/python3.7/site-packages/airflow/example_dags/example_branch_labels.py
[2023-02-07T15:09:32.611+0000] {processor.py:743} INFO - Processing file /home/airflow/.local/lib/python3.7/site-packages/airflow/example_dags/example_branch_labels.py for tasks to queue
[2023-02-07T15:09:32.612+0000] {logging_mixin.py:137} INFO - [2023-02-07T15:09:32.612+0000] {dagbag.py:538} INFO - Filling up the DagBag from /home/airflow/.local/lib/python3.7/site-packages/airflow/example_dags/example_branch_labels.py
[2023-02-07T15:09:32.630+0000] {processor.py:753} INFO - DAG(s) dict_keys(['example_branch_labels']) retrieved from /home/airflow/.local/lib/python3.7/site-packages/airflow/example_dags/example_branch_labels.py
[2023-02-07T15:09:32.655+0000] {logging_mixin.py:137} INFO - [2023-02-07T15:09:32.655+0000] {dag.py:2690} INFO - Sync 1 DAGs
[2023-02-07T15:09:32.679+0000] {logging_mixin.py:137} INFO - [2023-02-07T15:09:32.678+0000] {dag.py:3441} INFO - Setting next_dagrun for example_branch_labels to 2023-02-06T00:00:00+00:00, run_after=2023-02-07T00:00:00+00:00
[2023-02-07T15:09:32.709+0000] {processor.py:175} INFO - Processing /home/airflow/.local/lib/python3.7/site-packages/airflow/example_dags/example_branch_labels.py took 0.102 seconds
[2023-02-07T15:10:02.930+0000] {processor.py:153} INFO - Started process (PID=3224) to work on /home/airflow/.local/lib/python3.7/site-packages/airflow/example_dags/example_branch_labels.py
[2023-02-07T15:10:02.931+0000] {processor.py:743} INFO - Processing file /home/airflow/.local/lib/python3.7/site-packages/airflow/example_dags/example_branch_labels.py for tasks to queue
[2023-02-07T15:10:02.932+0000] {logging_mixin.py:137} INFO - [2023-02-07T15:10:02.931+0000] {dagbag.py:538} INFO - Filling up the DagBag from /home/airflow/.local/lib/python3.7/site-packages/airflow/example_dags/example_branch_labels.py
[2023-02-07T15:10:02.951+0000] {processor.py:753} INFO - DAG(s) dict_keys(['example_branch_labels']) retrieved from /home/airflow/.local/lib/python3.7/site-packages/airflow/example_dags/example_branch_labels.py
[2023-02-07T15:10:02.984+0000] {logging_mixin.py:137} INFO - [2023-02-07T15:10:02.984+0000] {dag.py:2690} INFO - Sync 1 DAGs
[2023-02-07T15:10:03.019+0000] {logging_mixin.py:137} INFO - [2023-02-07T15:10:03.019+0000] {dag.py:3441} INFO - Setting next_dagrun for example_branch_labels to 2023-02-06T00:00:00+00:00, run_after=2023-02-07T00:00:00+00:00
[2023-02-07T15:10:03.047+0000] {processor.py:175} INFO - Processing /home/airflow/.local/lib/python3.7/site-packages/airflow/example_dags/example_branch_labels.py took 0.122 seconds
[2023-02-07T15:10:33.985+0000] {processor.py:153} INFO - Started process (PID=3302) to work on /home/airflow/.local/lib/python3.7/site-packages/airflow/example_dags/example_branch_labels.py
[2023-02-07T15:10:33.986+0000] {processor.py:743} INFO - Processing file /home/airflow/.local/lib/python3.7/site-packages/airflow/example_dags/example_branch_labels.py for tasks to queue
[2023-02-07T15:10:33.987+0000] {logging_mixin.py:137} INFO - [2023-02-07T15:10:33.987+0000] {dagbag.py:538} INFO - Filling up the DagBag from /home/airflow/.local/lib/python3.7/site-packages/airflow/example_dags/example_branch_labels.py
[2023-02-07T15:10:34.006+0000] {processor.py:753} INFO - DAG(s) dict_keys(['example_branch_labels']) retrieved from /home/airflow/.local/lib/python3.7/site-packages/airflow/example_dags/example_branch_labels.py
[2023-02-07T15:10:34.039+0000] {logging_mixin.py:137} INFO - [2023-02-07T15:10:34.039+0000] {dag.py:2690} INFO - Sync 1 DAGs
[2023-02-07T15:10:34.065+0000] {logging_mixin.py:137} INFO - [2023-02-07T15:10:34.065+0000] {dag.py:3441} INFO - Setting next_dagrun for example_branch_labels to 2023-02-06T00:00:00+00:00, run_after=2023-02-07T00:00:00+00:00
[2023-02-07T15:10:34.100+0000] {processor.py:175} INFO - Processing /home/airflow/.local/lib/python3.7/site-packages/airflow/example_dags/example_branch_labels.py took 0.118 seconds
[2023-02-07T15:11:04.688+0000] {processor.py:153} INFO - Started process (PID=3369) to work on /home/airflow/.local/lib/python3.7/site-packages/airflow/example_dags/example_branch_labels.py
[2023-02-07T15:11:04.689+0000] {processor.py:743} INFO - Processing file /home/airflow/.local/lib/python3.7/site-packages/airflow/example_dags/example_branch_labels.py for tasks to queue
[2023-02-07T15:11:04.690+0000] {logging_mixin.py:137} INFO - [2023-02-07T15:11:04.690+0000] {dagbag.py:538} INFO - Filling up the DagBag from /home/airflow/.local/lib/python3.7/site-packages/airflow/example_dags/example_branch_labels.py
[2023-02-07T15:11:04.704+0000] {processor.py:753} INFO - DAG(s) dict_keys(['example_branch_labels']) retrieved from /home/airflow/.local/lib/python3.7/site-packages/airflow/example_dags/example_branch_labels.py
[2023-02-07T15:11:04.729+0000] {logging_mixin.py:137} INFO - [2023-02-07T15:11:04.729+0000] {dag.py:2690} INFO - Sync 1 DAGs
[2023-02-07T15:11:04.755+0000] {logging_mixin.py:137} INFO - [2023-02-07T15:11:04.755+0000] {dag.py:3441} INFO - Setting next_dagrun for example_branch_labels to 2023-02-06T00:00:00+00:00, run_after=2023-02-07T00:00:00+00:00
[2023-02-07T15:11:04.782+0000] {processor.py:175} INFO - Processing /home/airflow/.local/lib/python3.7/site-packages/airflow/example_dags/example_branch_labels.py took 0.097 seconds
[2023-02-07T15:11:35.364+0000] {processor.py:153} INFO - Started process (PID=3447) to work on /home/airflow/.local/lib/python3.7/site-packages/airflow/example_dags/example_branch_labels.py
[2023-02-07T15:11:35.365+0000] {processor.py:743} INFO - Processing file /home/airflow/.local/lib/python3.7/site-packages/airflow/example_dags/example_branch_labels.py for tasks to queue
[2023-02-07T15:11:35.366+0000] {logging_mixin.py:137} INFO - [2023-02-07T15:11:35.366+0000] {dagbag.py:538} INFO - Filling up the DagBag from /home/airflow/.local/lib/python3.7/site-packages/airflow/example_dags/example_branch_labels.py
[2023-02-07T15:11:35.384+0000] {processor.py:753} INFO - DAG(s) dict_keys(['example_branch_labels']) retrieved from /home/airflow/.local/lib/python3.7/site-packages/airflow/example_dags/example_branch_labels.py
[2023-02-07T15:11:35.414+0000] {logging_mixin.py:137} INFO - [2023-02-07T15:11:35.414+0000] {dag.py:2690} INFO - Sync 1 DAGs
[2023-02-07T15:11:35.450+0000] {logging_mixin.py:137} INFO - [2023-02-07T15:11:35.450+0000] {dag.py:3441} INFO - Setting next_dagrun for example_branch_labels to 2023-02-06T00:00:00+00:00, run_after=2023-02-07T00:00:00+00:00
[2023-02-07T15:11:35.481+0000] {processor.py:175} INFO - Processing /home/airflow/.local/lib/python3.7/site-packages/airflow/example_dags/example_branch_labels.py took 0.121 seconds
[2023-02-07T15:12:06.330+0000] {processor.py:153} INFO - Started process (PID=3512) to work on /home/airflow/.local/lib/python3.7/site-packages/airflow/example_dags/example_branch_labels.py
[2023-02-07T15:12:06.331+0000] {processor.py:743} INFO - Processing file /home/airflow/.local/lib/python3.7/site-packages/airflow/example_dags/example_branch_labels.py for tasks to queue
[2023-02-07T15:12:06.332+0000] {logging_mixin.py:137} INFO - [2023-02-07T15:12:06.332+0000] {dagbag.py:538} INFO - Filling up the DagBag from /home/airflow/.local/lib/python3.7/site-packages/airflow/example_dags/example_branch_labels.py
[2023-02-07T15:12:06.352+0000] {processor.py:753} INFO - DAG(s) dict_keys(['example_branch_labels']) retrieved from /home/airflow/.local/lib/python3.7/site-packages/airflow/example_dags/example_branch_labels.py
[2023-02-07T15:12:06.386+0000] {logging_mixin.py:137} INFO - [2023-02-07T15:12:06.386+0000] {dag.py:2690} INFO - Sync 1 DAGs
[2023-02-07T15:12:06.427+0000] {logging_mixin.py:137} INFO - [2023-02-07T15:12:06.427+0000] {dag.py:3441} INFO - Setting next_dagrun for example_branch_labels to 2023-02-06T00:00:00+00:00, run_after=2023-02-07T00:00:00+00:00
[2023-02-07T15:12:06.458+0000] {processor.py:175} INFO - Processing /home/airflow/.local/lib/python3.7/site-packages/airflow/example_dags/example_branch_labels.py took 0.132 seconds
[2023-02-07T15:12:36.936+0000] {processor.py:153} INFO - Started process (PID=3590) to work on /home/airflow/.local/lib/python3.7/site-packages/airflow/example_dags/example_branch_labels.py
[2023-02-07T15:12:36.937+0000] {processor.py:743} INFO - Processing file /home/airflow/.local/lib/python3.7/site-packages/airflow/example_dags/example_branch_labels.py for tasks to queue
[2023-02-07T15:12:36.938+0000] {logging_mixin.py:137} INFO - [2023-02-07T15:12:36.938+0000] {dagbag.py:538} INFO - Filling up the DagBag from /home/airflow/.local/lib/python3.7/site-packages/airflow/example_dags/example_branch_labels.py
[2023-02-07T15:12:36.952+0000] {processor.py:753} INFO - DAG(s) dict_keys(['example_branch_labels']) retrieved from /home/airflow/.local/lib/python3.7/site-packages/airflow/example_dags/example_branch_labels.py
[2023-02-07T15:12:36.985+0000] {logging_mixin.py:137} INFO - [2023-02-07T15:12:36.984+0000] {dag.py:2690} INFO - Sync 1 DAGs
[2023-02-07T15:12:37.022+0000] {logging_mixin.py:137} INFO - [2023-02-07T15:12:37.021+0000] {dag.py:3441} INFO - Setting next_dagrun for example_branch_labels to 2023-02-06T00:00:00+00:00, run_after=2023-02-07T00:00:00+00:00
[2023-02-07T15:12:37.055+0000] {processor.py:175} INFO - Processing /home/airflow/.local/lib/python3.7/site-packages/airflow/example_dags/example_branch_labels.py took 0.123 seconds
[2023-02-07T15:13:07.798+0000] {processor.py:153} INFO - Started process (PID=3655) to work on /home/airflow/.local/lib/python3.7/site-packages/airflow/example_dags/example_branch_labels.py
[2023-02-07T15:13:07.799+0000] {processor.py:743} INFO - Processing file /home/airflow/.local/lib/python3.7/site-packages/airflow/example_dags/example_branch_labels.py for tasks to queue
[2023-02-07T15:13:07.800+0000] {logging_mixin.py:137} INFO - [2023-02-07T15:13:07.800+0000] {dagbag.py:538} INFO - Filling up the DagBag from /home/airflow/.local/lib/python3.7/site-packages/airflow/example_dags/example_branch_labels.py
[2023-02-07T15:13:07.819+0000] {processor.py:753} INFO - DAG(s) dict_keys(['example_branch_labels']) retrieved from /home/airflow/.local/lib/python3.7/site-packages/airflow/example_dags/example_branch_labels.py
[2023-02-07T15:13:07.848+0000] {logging_mixin.py:137} INFO - [2023-02-07T15:13:07.847+0000] {dag.py:2690} INFO - Sync 1 DAGs
[2023-02-07T15:13:07.875+0000] {logging_mixin.py:137} INFO - [2023-02-07T15:13:07.875+0000] {dag.py:3441} INFO - Setting next_dagrun for example_branch_labels to 2023-02-06T00:00:00+00:00, run_after=2023-02-07T00:00:00+00:00
[2023-02-07T15:13:07.906+0000] {processor.py:175} INFO - Processing /home/airflow/.local/lib/python3.7/site-packages/airflow/example_dags/example_branch_labels.py took 0.113 seconds
[2023-02-07T15:13:38.327+0000] {processor.py:153} INFO - Started process (PID=3733) to work on /home/airflow/.local/lib/python3.7/site-packages/airflow/example_dags/example_branch_labels.py
[2023-02-07T15:13:38.328+0000] {processor.py:743} INFO - Processing file /home/airflow/.local/lib/python3.7/site-packages/airflow/example_dags/example_branch_labels.py for tasks to queue
[2023-02-07T15:13:38.329+0000] {logging_mixin.py:137} INFO - [2023-02-07T15:13:38.329+0000] {dagbag.py:538} INFO - Filling up the DagBag from /home/airflow/.local/lib/python3.7/site-packages/airflow/example_dags/example_branch_labels.py
[2023-02-07T15:13:38.343+0000] {processor.py:753} INFO - DAG(s) dict_keys(['example_branch_labels']) retrieved from /home/airflow/.local/lib/python3.7/site-packages/airflow/example_dags/example_branch_labels.py
[2023-02-07T15:13:38.370+0000] {logging_mixin.py:137} INFO - [2023-02-07T15:13:38.370+0000] {dag.py:2690} INFO - Sync 1 DAGs
[2023-02-07T15:13:38.394+0000] {logging_mixin.py:137} INFO - [2023-02-07T15:13:38.394+0000] {dag.py:3441} INFO - Setting next_dagrun for example_branch_labels to 2023-02-06T00:00:00+00:00, run_after=2023-02-07T00:00:00+00:00
[2023-02-07T15:13:38.420+0000] {processor.py:175} INFO - Processing /home/airflow/.local/lib/python3.7/site-packages/airflow/example_dags/example_branch_labels.py took 0.097 seconds
[2023-02-07T15:14:09.252+0000] {processor.py:153} INFO - Started process (PID=3798) to work on /home/airflow/.local/lib/python3.7/site-packages/airflow/example_dags/example_branch_labels.py
[2023-02-07T15:14:09.253+0000] {processor.py:743} INFO - Processing file /home/airflow/.local/lib/python3.7/site-packages/airflow/example_dags/example_branch_labels.py for tasks to queue
[2023-02-07T15:14:09.253+0000] {logging_mixin.py:137} INFO - [2023-02-07T15:14:09.253+0000] {dagbag.py:538} INFO - Filling up the DagBag from /home/airflow/.local/lib/python3.7/site-packages/airflow/example_dags/example_branch_labels.py
[2023-02-07T15:14:09.271+0000] {processor.py:753} INFO - DAG(s) dict_keys(['example_branch_labels']) retrieved from /home/airflow/.local/lib/python3.7/site-packages/airflow/example_dags/example_branch_labels.py
[2023-02-07T15:14:09.300+0000] {logging_mixin.py:137} INFO - [2023-02-07T15:14:09.300+0000] {dag.py:2690} INFO - Sync 1 DAGs
[2023-02-07T15:14:09.335+0000] {logging_mixin.py:137} INFO - [2023-02-07T15:14:09.334+0000] {dag.py:3441} INFO - Setting next_dagrun for example_branch_labels to 2023-02-06T00:00:00+00:00, run_after=2023-02-07T00:00:00+00:00
[2023-02-07T15:14:09.358+0000] {processor.py:175} INFO - Processing /home/airflow/.local/lib/python3.7/site-packages/airflow/example_dags/example_branch_labels.py took 0.110 seconds
[2023-02-07T15:14:39.958+0000] {processor.py:153} INFO - Started process (PID=3876) to work on /home/airflow/.local/lib/python3.7/site-packages/airflow/example_dags/example_branch_labels.py
[2023-02-07T15:14:39.959+0000] {processor.py:743} INFO - Processing file /home/airflow/.local/lib/python3.7/site-packages/airflow/example_dags/example_branch_labels.py for tasks to queue
[2023-02-07T15:14:39.959+0000] {logging_mixin.py:137} INFO - [2023-02-07T15:14:39.959+0000] {dagbag.py:538} INFO - Filling up the DagBag from /home/airflow/.local/lib/python3.7/site-packages/airflow/example_dags/example_branch_labels.py
[2023-02-07T15:14:39.973+0000] {processor.py:753} INFO - DAG(s) dict_keys(['example_branch_labels']) retrieved from /home/airflow/.local/lib/python3.7/site-packages/airflow/example_dags/example_branch_labels.py
[2023-02-07T15:14:39.998+0000] {logging_mixin.py:137} INFO - [2023-02-07T15:14:39.998+0000] {dag.py:2690} INFO - Sync 1 DAGs
[2023-02-07T15:14:40.033+0000] {logging_mixin.py:137} INFO - [2023-02-07T15:14:40.033+0000] {dag.py:3441} INFO - Setting next_dagrun for example_branch_labels to 2023-02-06T00:00:00+00:00, run_after=2023-02-07T00:00:00+00:00
[2023-02-07T15:14:40.059+0000] {processor.py:175} INFO - Processing /home/airflow/.local/lib/python3.7/site-packages/airflow/example_dags/example_branch_labels.py took 0.105 seconds
[2023-02-07T15:15:10.691+0000] {processor.py:153} INFO - Started process (PID=3940) to work on /home/airflow/.local/lib/python3.7/site-packages/airflow/example_dags/example_branch_labels.py
[2023-02-07T15:15:10.692+0000] {processor.py:743} INFO - Processing file /home/airflow/.local/lib/python3.7/site-packages/airflow/example_dags/example_branch_labels.py for tasks to queue
[2023-02-07T15:15:10.692+0000] {logging_mixin.py:137} INFO - [2023-02-07T15:15:10.692+0000] {dagbag.py:538} INFO - Filling up the DagBag from /home/airflow/.local/lib/python3.7/site-packages/airflow/example_dags/example_branch_labels.py
[2023-02-07T15:15:10.707+0000] {processor.py:753} INFO - DAG(s) dict_keys(['example_branch_labels']) retrieved from /home/airflow/.local/lib/python3.7/site-packages/airflow/example_dags/example_branch_labels.py
[2023-02-07T15:15:10.735+0000] {logging_mixin.py:137} INFO - [2023-02-07T15:15:10.735+0000] {dag.py:2690} INFO - Sync 1 DAGs
[2023-02-07T15:15:10.760+0000] {logging_mixin.py:137} INFO - [2023-02-07T15:15:10.759+0000] {dag.py:3441} INFO - Setting next_dagrun for example_branch_labels to 2023-02-06T00:00:00+00:00, run_after=2023-02-07T00:00:00+00:00
[2023-02-07T15:15:10.783+0000] {processor.py:175} INFO - Processing /home/airflow/.local/lib/python3.7/site-packages/airflow/example_dags/example_branch_labels.py took 0.096 seconds
[2023-02-07T15:15:41.090+0000] {processor.py:153} INFO - Started process (PID=4018) to work on /home/airflow/.local/lib/python3.7/site-packages/airflow/example_dags/example_branch_labels.py
[2023-02-07T15:15:41.090+0000] {processor.py:743} INFO - Processing file /home/airflow/.local/lib/python3.7/site-packages/airflow/example_dags/example_branch_labels.py for tasks to queue
[2023-02-07T15:15:41.091+0000] {logging_mixin.py:137} INFO - [2023-02-07T15:15:41.091+0000] {dagbag.py:538} INFO - Filling up the DagBag from /home/airflow/.local/lib/python3.7/site-packages/airflow/example_dags/example_branch_labels.py
[2023-02-07T15:15:41.105+0000] {processor.py:753} INFO - DAG(s) dict_keys(['example_branch_labels']) retrieved from /home/airflow/.local/lib/python3.7/site-packages/airflow/example_dags/example_branch_labels.py
[2023-02-07T15:15:41.130+0000] {logging_mixin.py:137} INFO - [2023-02-07T15:15:41.130+0000] {dag.py:2690} INFO - Sync 1 DAGs
[2023-02-07T15:15:41.158+0000] {logging_mixin.py:137} INFO - [2023-02-07T15:15:41.158+0000] {dag.py:3441} INFO - Setting next_dagrun for example_branch_labels to 2023-02-06T00:00:00+00:00, run_after=2023-02-07T00:00:00+00:00
[2023-02-07T15:15:41.183+0000] {processor.py:175} INFO - Processing /home/airflow/.local/lib/python3.7/site-packages/airflow/example_dags/example_branch_labels.py took 0.097 seconds
[2023-02-07T15:16:11.686+0000] {processor.py:153} INFO - Started process (PID=4083) to work on /home/airflow/.local/lib/python3.7/site-packages/airflow/example_dags/example_branch_labels.py
[2023-02-07T15:16:11.687+0000] {processor.py:743} INFO - Processing file /home/airflow/.local/lib/python3.7/site-packages/airflow/example_dags/example_branch_labels.py for tasks to queue
[2023-02-07T15:16:11.687+0000] {logging_mixin.py:137} INFO - [2023-02-07T15:16:11.687+0000] {dagbag.py:538} INFO - Filling up the DagBag from /home/airflow/.local/lib/python3.7/site-packages/airflow/example_dags/example_branch_labels.py
[2023-02-07T15:16:11.702+0000] {processor.py:753} INFO - DAG(s) dict_keys(['example_branch_labels']) retrieved from /home/airflow/.local/lib/python3.7/site-packages/airflow/example_dags/example_branch_labels.py
[2023-02-07T15:16:11.729+0000] {logging_mixin.py:137} INFO - [2023-02-07T15:16:11.729+0000] {dag.py:2690} INFO - Sync 1 DAGs
[2023-02-07T15:16:11.753+0000] {logging_mixin.py:137} INFO - [2023-02-07T15:16:11.752+0000] {dag.py:3441} INFO - Setting next_dagrun for example_branch_labels to 2023-02-06T00:00:00+00:00, run_after=2023-02-07T00:00:00+00:00
[2023-02-07T15:16:11.778+0000] {processor.py:175} INFO - Processing /home/airflow/.local/lib/python3.7/site-packages/airflow/example_dags/example_branch_labels.py took 0.096 seconds
[2023-02-07T15:16:42.064+0000] {processor.py:153} INFO - Started process (PID=4160) to work on /home/airflow/.local/lib/python3.7/site-packages/airflow/example_dags/example_branch_labels.py
[2023-02-07T15:16:42.065+0000] {processor.py:743} INFO - Processing file /home/airflow/.local/lib/python3.7/site-packages/airflow/example_dags/example_branch_labels.py for tasks to queue
[2023-02-07T15:16:42.066+0000] {logging_mixin.py:137} INFO - [2023-02-07T15:16:42.065+0000] {dagbag.py:538} INFO - Filling up the DagBag from /home/airflow/.local/lib/python3.7/site-packages/airflow/example_dags/example_branch_labels.py
[2023-02-07T15:16:42.085+0000] {processor.py:753} INFO - DAG(s) dict_keys(['example_branch_labels']) retrieved from /home/airflow/.local/lib/python3.7/site-packages/airflow/example_dags/example_branch_labels.py
[2023-02-07T15:16:42.110+0000] {logging_mixin.py:137} INFO - [2023-02-07T15:16:42.110+0000] {dag.py:2690} INFO - Sync 1 DAGs
[2023-02-07T15:16:42.145+0000] {logging_mixin.py:137} INFO - [2023-02-07T15:16:42.144+0000] {dag.py:3441} INFO - Setting next_dagrun for example_branch_labels to 2023-02-06T00:00:00+00:00, run_after=2023-02-07T00:00:00+00:00
[2023-02-07T15:16:42.170+0000] {processor.py:175} INFO - Processing /home/airflow/.local/lib/python3.7/site-packages/airflow/example_dags/example_branch_labels.py took 0.110 seconds
