[2023-02-07T14:47:34.391+0000] {processor.py:153} INFO - Started process (PID=75) to work on /home/airflow/.local/lib/python3.7/site-packages/airflow/example_dags/tutorial.py
[2023-02-07T14:47:34.392+0000] {processor.py:743} INFO - Processing file /home/airflow/.local/lib/python3.7/site-packages/airflow/example_dags/tutorial.py for tasks to queue
[2023-02-07T14:47:34.398+0000] {logging_mixin.py:137} INFO - [2023-02-07T14:47:34.398+0000] {dagbag.py:538} INFO - Filling up the DagBag from /home/airflow/.local/lib/python3.7/site-packages/airflow/example_dags/tutorial.py
[2023-02-07T14:47:34.415+0000] {processor.py:753} INFO - DAG(s) dict_keys(['tutorial']) retrieved from /home/airflow/.local/lib/python3.7/site-packages/airflow/example_dags/tutorial.py
[2023-02-07T14:47:34.439+0000] {logging_mixin.py:137} INFO - [2023-02-07T14:47:34.439+0000] {dag.py:2690} INFO - Sync 1 DAGs
[2023-02-07T14:47:34.463+0000] {logging_mixin.py:137} INFO - [2023-02-07T14:47:34.462+0000] {dag.py:3441} INFO - Setting next_dagrun for tutorial to 2023-02-06T14:47:34.462666+00:00, run_after=2023-02-07T14:47:34.462666+00:00
[2023-02-07T14:47:34.510+0000] {processor.py:175} INFO - Processing /home/airflow/.local/lib/python3.7/site-packages/airflow/example_dags/tutorial.py took 0.123 seconds
[2023-02-07T14:48:05.254+0000] {processor.py:153} INFO - Started process (PID=139) to work on /home/airflow/.local/lib/python3.7/site-packages/airflow/example_dags/tutorial.py
[2023-02-07T14:48:05.255+0000] {processor.py:743} INFO - Processing file /home/airflow/.local/lib/python3.7/site-packages/airflow/example_dags/tutorial.py for tasks to queue
[2023-02-07T14:48:05.255+0000] {logging_mixin.py:137} INFO - [2023-02-07T14:48:05.255+0000] {dagbag.py:538} INFO - Filling up the DagBag from /home/airflow/.local/lib/python3.7/site-packages/airflow/example_dags/tutorial.py
[2023-02-07T14:48:05.269+0000] {processor.py:753} INFO - DAG(s) dict_keys(['tutorial']) retrieved from /home/airflow/.local/lib/python3.7/site-packages/airflow/example_dags/tutorial.py
[2023-02-07T14:48:05.295+0000] {logging_mixin.py:137} INFO - [2023-02-07T14:48:05.295+0000] {dag.py:2690} INFO - Sync 1 DAGs
[2023-02-07T14:48:05.320+0000] {logging_mixin.py:137} INFO - [2023-02-07T14:48:05.320+0000] {dag.py:3441} INFO - Setting next_dagrun for tutorial to 2023-02-06T14:48:05.320226+00:00, run_after=2023-02-07T14:48:05.320226+00:00
[2023-02-07T14:48:05.353+0000] {processor.py:175} INFO - Processing /home/airflow/.local/lib/python3.7/site-packages/airflow/example_dags/tutorial.py took 0.102 seconds
[2023-02-07T14:48:35.674+0000] {processor.py:153} INFO - Started process (PID=213) to work on /home/airflow/.local/lib/python3.7/site-packages/airflow/example_dags/tutorial.py
[2023-02-07T14:48:35.684+0000] {processor.py:743} INFO - Processing file /home/airflow/.local/lib/python3.7/site-packages/airflow/example_dags/tutorial.py for tasks to queue
[2023-02-07T14:48:35.685+0000] {logging_mixin.py:137} INFO - [2023-02-07T14:48:35.685+0000] {dagbag.py:538} INFO - Filling up the DagBag from /home/airflow/.local/lib/python3.7/site-packages/airflow/example_dags/tutorial.py
[2023-02-07T14:48:35.711+0000] {processor.py:753} INFO - DAG(s) dict_keys(['tutorial']) retrieved from /home/airflow/.local/lib/python3.7/site-packages/airflow/example_dags/tutorial.py
[2023-02-07T14:48:35.788+0000] {logging_mixin.py:137} INFO - [2023-02-07T14:48:35.788+0000] {dag.py:2690} INFO - Sync 1 DAGs
[2023-02-07T14:48:35.850+0000] {logging_mixin.py:137} INFO - [2023-02-07T14:48:35.850+0000] {dag.py:3441} INFO - Setting next_dagrun for tutorial to 2023-02-06T14:48:35.850309+00:00, run_after=2023-02-07T14:48:35.850309+00:00
[2023-02-07T14:48:35.945+0000] {processor.py:175} INFO - Processing /home/airflow/.local/lib/python3.7/site-packages/airflow/example_dags/tutorial.py took 0.276 seconds
[2023-02-07T14:49:06.298+0000] {processor.py:153} INFO - Started process (PID=282) to work on /home/airflow/.local/lib/python3.7/site-packages/airflow/example_dags/tutorial.py
[2023-02-07T14:49:06.299+0000] {processor.py:743} INFO - Processing file /home/airflow/.local/lib/python3.7/site-packages/airflow/example_dags/tutorial.py for tasks to queue
[2023-02-07T14:49:06.299+0000] {logging_mixin.py:137} INFO - [2023-02-07T14:49:06.299+0000] {dagbag.py:538} INFO - Filling up the DagBag from /home/airflow/.local/lib/python3.7/site-packages/airflow/example_dags/tutorial.py
[2023-02-07T14:49:06.313+0000] {processor.py:753} INFO - DAG(s) dict_keys(['tutorial']) retrieved from /home/airflow/.local/lib/python3.7/site-packages/airflow/example_dags/tutorial.py
[2023-02-07T14:49:06.338+0000] {logging_mixin.py:137} INFO - [2023-02-07T14:49:06.338+0000] {dag.py:2690} INFO - Sync 1 DAGs
[2023-02-07T14:49:06.371+0000] {logging_mixin.py:137} INFO - [2023-02-07T14:49:06.371+0000] {dag.py:3441} INFO - Setting next_dagrun for tutorial to 2023-02-06T14:49:06.370798+00:00, run_after=2023-02-07T14:49:06.370798+00:00
[2023-02-07T14:49:06.396+0000] {processor.py:175} INFO - Processing /home/airflow/.local/lib/python3.7/site-packages/airflow/example_dags/tutorial.py took 0.102 seconds
[2023-02-07T14:49:37.134+0000] {processor.py:153} INFO - Started process (PID=349) to work on /home/airflow/.local/lib/python3.7/site-packages/airflow/example_dags/tutorial.py
[2023-02-07T14:49:37.135+0000] {processor.py:743} INFO - Processing file /home/airflow/.local/lib/python3.7/site-packages/airflow/example_dags/tutorial.py for tasks to queue
[2023-02-07T14:49:37.136+0000] {logging_mixin.py:137} INFO - [2023-02-07T14:49:37.136+0000] {dagbag.py:538} INFO - Filling up the DagBag from /home/airflow/.local/lib/python3.7/site-packages/airflow/example_dags/tutorial.py
[2023-02-07T14:49:37.149+0000] {processor.py:753} INFO - DAG(s) dict_keys(['tutorial']) retrieved from /home/airflow/.local/lib/python3.7/site-packages/airflow/example_dags/tutorial.py
[2023-02-07T14:49:37.174+0000] {logging_mixin.py:137} INFO - [2023-02-07T14:49:37.173+0000] {dag.py:2690} INFO - Sync 1 DAGs
[2023-02-07T14:49:37.205+0000] {logging_mixin.py:137} INFO - [2023-02-07T14:49:37.205+0000] {dag.py:3441} INFO - Setting next_dagrun for tutorial to 2023-02-06T14:49:37.205207+00:00, run_after=2023-02-07T14:49:37.205207+00:00
[2023-02-07T14:49:37.234+0000] {processor.py:175} INFO - Processing /home/airflow/.local/lib/python3.7/site-packages/airflow/example_dags/tutorial.py took 0.104 seconds
[2023-02-07T14:50:07.359+0000] {processor.py:153} INFO - Started process (PID=428) to work on /home/airflow/.local/lib/python3.7/site-packages/airflow/example_dags/tutorial.py
[2023-02-07T14:50:07.360+0000] {processor.py:743} INFO - Processing file /home/airflow/.local/lib/python3.7/site-packages/airflow/example_dags/tutorial.py for tasks to queue
[2023-02-07T14:50:07.361+0000] {logging_mixin.py:137} INFO - [2023-02-07T14:50:07.361+0000] {dagbag.py:538} INFO - Filling up the DagBag from /home/airflow/.local/lib/python3.7/site-packages/airflow/example_dags/tutorial.py
[2023-02-07T14:50:07.373+0000] {processor.py:753} INFO - DAG(s) dict_keys(['tutorial']) retrieved from /home/airflow/.local/lib/python3.7/site-packages/airflow/example_dags/tutorial.py
[2023-02-07T14:50:07.398+0000] {logging_mixin.py:137} INFO - [2023-02-07T14:50:07.398+0000] {dag.py:2690} INFO - Sync 1 DAGs
[2023-02-07T14:50:07.423+0000] {logging_mixin.py:137} INFO - [2023-02-07T14:50:07.423+0000] {dag.py:3441} INFO - Setting next_dagrun for tutorial to 2023-02-06T14:50:07.423049+00:00, run_after=2023-02-07T14:50:07.423049+00:00
[2023-02-07T14:50:07.453+0000] {processor.py:175} INFO - Processing /home/airflow/.local/lib/python3.7/site-packages/airflow/example_dags/tutorial.py took 0.098 seconds
[2023-02-07T14:50:37.700+0000] {processor.py:153} INFO - Started process (PID=494) to work on /home/airflow/.local/lib/python3.7/site-packages/airflow/example_dags/tutorial.py
[2023-02-07T14:50:37.701+0000] {processor.py:743} INFO - Processing file /home/airflow/.local/lib/python3.7/site-packages/airflow/example_dags/tutorial.py for tasks to queue
[2023-02-07T14:50:37.701+0000] {logging_mixin.py:137} INFO - [2023-02-07T14:50:37.701+0000] {dagbag.py:538} INFO - Filling up the DagBag from /home/airflow/.local/lib/python3.7/site-packages/airflow/example_dags/tutorial.py
[2023-02-07T14:50:37.715+0000] {processor.py:753} INFO - DAG(s) dict_keys(['tutorial']) retrieved from /home/airflow/.local/lib/python3.7/site-packages/airflow/example_dags/tutorial.py
[2023-02-07T14:50:37.740+0000] {logging_mixin.py:137} INFO - [2023-02-07T14:50:37.740+0000] {dag.py:2690} INFO - Sync 1 DAGs
[2023-02-07T14:50:37.767+0000] {logging_mixin.py:137} INFO - [2023-02-07T14:50:37.767+0000] {dag.py:3441} INFO - Setting next_dagrun for tutorial to 2023-02-06T14:50:37.766744+00:00, run_after=2023-02-07T14:50:37.766744+00:00
[2023-02-07T14:50:37.797+0000] {processor.py:175} INFO - Processing /home/airflow/.local/lib/python3.7/site-packages/airflow/example_dags/tutorial.py took 0.100 seconds
[2023-02-07T14:51:08.077+0000] {processor.py:153} INFO - Started process (PID=572) to work on /home/airflow/.local/lib/python3.7/site-packages/airflow/example_dags/tutorial.py
[2023-02-07T14:51:08.077+0000] {processor.py:743} INFO - Processing file /home/airflow/.local/lib/python3.7/site-packages/airflow/example_dags/tutorial.py for tasks to queue
[2023-02-07T14:51:08.078+0000] {logging_mixin.py:137} INFO - [2023-02-07T14:51:08.078+0000] {dagbag.py:538} INFO - Filling up the DagBag from /home/airflow/.local/lib/python3.7/site-packages/airflow/example_dags/tutorial.py
[2023-02-07T14:51:08.091+0000] {processor.py:753} INFO - DAG(s) dict_keys(['tutorial']) retrieved from /home/airflow/.local/lib/python3.7/site-packages/airflow/example_dags/tutorial.py
[2023-02-07T14:51:08.119+0000] {logging_mixin.py:137} INFO - [2023-02-07T14:51:08.119+0000] {dag.py:2690} INFO - Sync 1 DAGs
[2023-02-07T14:51:08.142+0000] {logging_mixin.py:137} INFO - [2023-02-07T14:51:08.142+0000] {dag.py:3441} INFO - Setting next_dagrun for tutorial to 2023-02-06T14:51:08.142101+00:00, run_after=2023-02-07T14:51:08.142101+00:00
[2023-02-07T14:51:08.174+0000] {processor.py:175} INFO - Processing /home/airflow/.local/lib/python3.7/site-packages/airflow/example_dags/tutorial.py took 0.101 seconds
[2023-02-07T14:51:38.432+0000] {processor.py:153} INFO - Started process (PID=637) to work on /home/airflow/.local/lib/python3.7/site-packages/airflow/example_dags/tutorial.py
[2023-02-07T14:51:38.433+0000] {processor.py:743} INFO - Processing file /home/airflow/.local/lib/python3.7/site-packages/airflow/example_dags/tutorial.py for tasks to queue
[2023-02-07T14:51:38.434+0000] {logging_mixin.py:137} INFO - [2023-02-07T14:51:38.434+0000] {dagbag.py:538} INFO - Filling up the DagBag from /home/airflow/.local/lib/python3.7/site-packages/airflow/example_dags/tutorial.py
[2023-02-07T14:51:38.449+0000] {processor.py:753} INFO - DAG(s) dict_keys(['tutorial']) retrieved from /home/airflow/.local/lib/python3.7/site-packages/airflow/example_dags/tutorial.py
[2023-02-07T14:51:38.480+0000] {logging_mixin.py:137} INFO - [2023-02-07T14:51:38.480+0000] {dag.py:2690} INFO - Sync 1 DAGs
[2023-02-07T14:51:38.515+0000] {logging_mixin.py:137} INFO - [2023-02-07T14:51:38.515+0000] {dag.py:3441} INFO - Setting next_dagrun for tutorial to 2023-02-06T14:51:38.515254+00:00, run_after=2023-02-07T14:51:38.515254+00:00
[2023-02-07T14:51:38.556+0000] {processor.py:175} INFO - Processing /home/airflow/.local/lib/python3.7/site-packages/airflow/example_dags/tutorial.py took 0.129 seconds
[2023-02-07T14:52:08.784+0000] {processor.py:153} INFO - Started process (PID=715) to work on /home/airflow/.local/lib/python3.7/site-packages/airflow/example_dags/tutorial.py
[2023-02-07T14:52:08.785+0000] {processor.py:743} INFO - Processing file /home/airflow/.local/lib/python3.7/site-packages/airflow/example_dags/tutorial.py for tasks to queue
[2023-02-07T14:52:08.786+0000] {logging_mixin.py:137} INFO - [2023-02-07T14:52:08.785+0000] {dagbag.py:538} INFO - Filling up the DagBag from /home/airflow/.local/lib/python3.7/site-packages/airflow/example_dags/tutorial.py
[2023-02-07T14:52:08.798+0000] {processor.py:753} INFO - DAG(s) dict_keys(['tutorial']) retrieved from /home/airflow/.local/lib/python3.7/site-packages/airflow/example_dags/tutorial.py
[2023-02-07T14:52:08.825+0000] {logging_mixin.py:137} INFO - [2023-02-07T14:52:08.825+0000] {dag.py:2690} INFO - Sync 1 DAGs
[2023-02-07T14:52:08.850+0000] {logging_mixin.py:137} INFO - [2023-02-07T14:52:08.850+0000] {dag.py:3441} INFO - Setting next_dagrun for tutorial to 2023-02-06T14:52:08.849771+00:00, run_after=2023-02-07T14:52:08.849771+00:00
[2023-02-07T14:52:08.873+0000] {processor.py:175} INFO - Processing /home/airflow/.local/lib/python3.7/site-packages/airflow/example_dags/tutorial.py took 0.092 seconds
[2023-02-07T14:52:39.001+0000] {processor.py:153} INFO - Started process (PID=780) to work on /home/airflow/.local/lib/python3.7/site-packages/airflow/example_dags/tutorial.py
[2023-02-07T14:52:39.002+0000] {processor.py:743} INFO - Processing file /home/airflow/.local/lib/python3.7/site-packages/airflow/example_dags/tutorial.py for tasks to queue
[2023-02-07T14:52:39.002+0000] {logging_mixin.py:137} INFO - [2023-02-07T14:52:39.002+0000] {dagbag.py:538} INFO - Filling up the DagBag from /home/airflow/.local/lib/python3.7/site-packages/airflow/example_dags/tutorial.py
[2023-02-07T14:52:39.018+0000] {processor.py:753} INFO - DAG(s) dict_keys(['tutorial']) retrieved from /home/airflow/.local/lib/python3.7/site-packages/airflow/example_dags/tutorial.py
[2023-02-07T14:52:39.051+0000] {logging_mixin.py:137} INFO - [2023-02-07T14:52:39.051+0000] {dag.py:2690} INFO - Sync 1 DAGs
[2023-02-07T14:52:39.089+0000] {logging_mixin.py:137} INFO - [2023-02-07T14:52:39.089+0000] {dag.py:3441} INFO - Setting next_dagrun for tutorial to 2023-02-06T14:52:39.089048+00:00, run_after=2023-02-07T14:52:39.089048+00:00
[2023-02-07T14:52:39.137+0000] {processor.py:175} INFO - Processing /home/airflow/.local/lib/python3.7/site-packages/airflow/example_dags/tutorial.py took 0.140 seconds
[2023-02-07T14:53:09.365+0000] {processor.py:153} INFO - Started process (PID=857) to work on /home/airflow/.local/lib/python3.7/site-packages/airflow/example_dags/tutorial.py
[2023-02-07T14:53:09.366+0000] {processor.py:743} INFO - Processing file /home/airflow/.local/lib/python3.7/site-packages/airflow/example_dags/tutorial.py for tasks to queue
[2023-02-07T14:53:09.366+0000] {logging_mixin.py:137} INFO - [2023-02-07T14:53:09.366+0000] {dagbag.py:538} INFO - Filling up the DagBag from /home/airflow/.local/lib/python3.7/site-packages/airflow/example_dags/tutorial.py
[2023-02-07T14:53:09.396+0000] {processor.py:753} INFO - DAG(s) dict_keys(['tutorial']) retrieved from /home/airflow/.local/lib/python3.7/site-packages/airflow/example_dags/tutorial.py
[2023-02-07T14:53:09.434+0000] {logging_mixin.py:137} INFO - [2023-02-07T14:53:09.434+0000] {dag.py:2690} INFO - Sync 1 DAGs
[2023-02-07T14:53:09.470+0000] {logging_mixin.py:137} INFO - [2023-02-07T14:53:09.469+0000] {dag.py:3441} INFO - Setting next_dagrun for tutorial to 2023-02-06T14:53:09.469518+00:00, run_after=2023-02-07T14:53:09.469518+00:00
[2023-02-07T14:53:09.505+0000] {processor.py:175} INFO - Processing /home/airflow/.local/lib/python3.7/site-packages/airflow/example_dags/tutorial.py took 0.145 seconds
[2023-02-07T14:53:40.039+0000] {processor.py:153} INFO - Started process (PID=922) to work on /home/airflow/.local/lib/python3.7/site-packages/airflow/example_dags/tutorial.py
[2023-02-07T14:53:40.040+0000] {processor.py:743} INFO - Processing file /home/airflow/.local/lib/python3.7/site-packages/airflow/example_dags/tutorial.py for tasks to queue
[2023-02-07T14:53:40.041+0000] {logging_mixin.py:137} INFO - [2023-02-07T14:53:40.040+0000] {dagbag.py:538} INFO - Filling up the DagBag from /home/airflow/.local/lib/python3.7/site-packages/airflow/example_dags/tutorial.py
[2023-02-07T14:53:40.054+0000] {processor.py:753} INFO - DAG(s) dict_keys(['tutorial']) retrieved from /home/airflow/.local/lib/python3.7/site-packages/airflow/example_dags/tutorial.py
[2023-02-07T14:53:40.085+0000] {logging_mixin.py:137} INFO - [2023-02-07T14:53:40.085+0000] {dag.py:2690} INFO - Sync 1 DAGs
[2023-02-07T14:53:40.115+0000] {logging_mixin.py:137} INFO - [2023-02-07T14:53:40.115+0000] {dag.py:3441} INFO - Setting next_dagrun for tutorial to 2023-02-06T14:53:40.115381+00:00, run_after=2023-02-07T14:53:40.115381+00:00
[2023-02-07T14:53:40.147+0000] {processor.py:175} INFO - Processing /home/airflow/.local/lib/python3.7/site-packages/airflow/example_dags/tutorial.py took 0.112 seconds
[2023-02-07T14:54:10.277+0000] {processor.py:153} INFO - Started process (PID=1000) to work on /home/airflow/.local/lib/python3.7/site-packages/airflow/example_dags/tutorial.py
[2023-02-07T14:54:10.285+0000] {processor.py:743} INFO - Processing file /home/airflow/.local/lib/python3.7/site-packages/airflow/example_dags/tutorial.py for tasks to queue
[2023-02-07T14:54:10.287+0000] {logging_mixin.py:137} INFO - [2023-02-07T14:54:10.287+0000] {dagbag.py:538} INFO - Filling up the DagBag from /home/airflow/.local/lib/python3.7/site-packages/airflow/example_dags/tutorial.py
[2023-02-07T14:54:10.342+0000] {processor.py:753} INFO - DAG(s) dict_keys(['tutorial']) retrieved from /home/airflow/.local/lib/python3.7/site-packages/airflow/example_dags/tutorial.py
[2023-02-07T14:54:10.375+0000] {logging_mixin.py:137} INFO - [2023-02-07T14:54:10.375+0000] {dag.py:2690} INFO - Sync 1 DAGs
[2023-02-07T14:54:10.400+0000] {logging_mixin.py:137} INFO - [2023-02-07T14:54:10.399+0000] {dag.py:3441} INFO - Setting next_dagrun for tutorial to 2023-02-06T14:54:10.399587+00:00, run_after=2023-02-07T14:54:10.399587+00:00
[2023-02-07T14:54:10.431+0000] {processor.py:175} INFO - Processing /home/airflow/.local/lib/python3.7/site-packages/airflow/example_dags/tutorial.py took 0.160 seconds
[2023-02-07T14:54:41.380+0000] {processor.py:153} INFO - Started process (PID=1067) to work on /home/airflow/.local/lib/python3.7/site-packages/airflow/example_dags/tutorial.py
[2023-02-07T14:54:41.382+0000] {processor.py:743} INFO - Processing file /home/airflow/.local/lib/python3.7/site-packages/airflow/example_dags/tutorial.py for tasks to queue
[2023-02-07T14:54:41.382+0000] {logging_mixin.py:137} INFO - [2023-02-07T14:54:41.382+0000] {dagbag.py:538} INFO - Filling up the DagBag from /home/airflow/.local/lib/python3.7/site-packages/airflow/example_dags/tutorial.py
[2023-02-07T14:54:41.395+0000] {processor.py:753} INFO - DAG(s) dict_keys(['tutorial']) retrieved from /home/airflow/.local/lib/python3.7/site-packages/airflow/example_dags/tutorial.py
[2023-02-07T14:54:41.420+0000] {logging_mixin.py:137} INFO - [2023-02-07T14:54:41.420+0000] {dag.py:2690} INFO - Sync 1 DAGs
[2023-02-07T14:54:41.445+0000] {logging_mixin.py:137} INFO - [2023-02-07T14:54:41.445+0000] {dag.py:3441} INFO - Setting next_dagrun for tutorial to 2023-02-06T14:54:41.444931+00:00, run_after=2023-02-07T14:54:41.444931+00:00
[2023-02-07T14:54:41.477+0000] {processor.py:175} INFO - Processing /home/airflow/.local/lib/python3.7/site-packages/airflow/example_dags/tutorial.py took 0.101 seconds
[2023-02-07T14:55:12.011+0000] {processor.py:153} INFO - Started process (PID=1143) to work on /home/airflow/.local/lib/python3.7/site-packages/airflow/example_dags/tutorial.py
[2023-02-07T14:55:12.013+0000] {processor.py:743} INFO - Processing file /home/airflow/.local/lib/python3.7/site-packages/airflow/example_dags/tutorial.py for tasks to queue
[2023-02-07T14:55:12.014+0000] {logging_mixin.py:137} INFO - [2023-02-07T14:55:12.013+0000] {dagbag.py:538} INFO - Filling up the DagBag from /home/airflow/.local/lib/python3.7/site-packages/airflow/example_dags/tutorial.py
[2023-02-07T14:55:12.035+0000] {processor.py:753} INFO - DAG(s) dict_keys(['tutorial']) retrieved from /home/airflow/.local/lib/python3.7/site-packages/airflow/example_dags/tutorial.py
[2023-02-07T14:55:12.069+0000] {logging_mixin.py:137} INFO - [2023-02-07T14:55:12.069+0000] {dag.py:2690} INFO - Sync 1 DAGs
[2023-02-07T14:55:12.136+0000] {logging_mixin.py:137} INFO - [2023-02-07T14:55:12.136+0000] {dag.py:3441} INFO - Setting next_dagrun for tutorial to 2023-02-06T14:55:12.136148+00:00, run_after=2023-02-07T14:55:12.136148+00:00
[2023-02-07T14:55:12.171+0000] {processor.py:175} INFO - Processing /home/airflow/.local/lib/python3.7/site-packages/airflow/example_dags/tutorial.py took 0.164 seconds
[2023-02-07T14:55:42.212+0000] {processor.py:153} INFO - Started process (PID=1212) to work on /home/airflow/.local/lib/python3.7/site-packages/airflow/example_dags/tutorial.py
[2023-02-07T14:55:42.213+0000] {processor.py:743} INFO - Processing file /home/airflow/.local/lib/python3.7/site-packages/airflow/example_dags/tutorial.py for tasks to queue
[2023-02-07T14:55:42.213+0000] {logging_mixin.py:137} INFO - [2023-02-07T14:55:42.213+0000] {dagbag.py:538} INFO - Filling up the DagBag from /home/airflow/.local/lib/python3.7/site-packages/airflow/example_dags/tutorial.py
[2023-02-07T14:55:42.226+0000] {processor.py:753} INFO - DAG(s) dict_keys(['tutorial']) retrieved from /home/airflow/.local/lib/python3.7/site-packages/airflow/example_dags/tutorial.py
[2023-02-07T14:55:42.254+0000] {logging_mixin.py:137} INFO - [2023-02-07T14:55:42.254+0000] {dag.py:2690} INFO - Sync 1 DAGs
[2023-02-07T14:55:42.277+0000] {logging_mixin.py:137} INFO - [2023-02-07T14:55:42.277+0000] {dag.py:3441} INFO - Setting next_dagrun for tutorial to 2023-02-06T14:55:42.277406+00:00, run_after=2023-02-07T14:55:42.277406+00:00
[2023-02-07T14:55:42.306+0000] {processor.py:175} INFO - Processing /home/airflow/.local/lib/python3.7/site-packages/airflow/example_dags/tutorial.py took 0.097 seconds
[2023-02-07T14:56:12.841+0000] {processor.py:153} INFO - Started process (PID=1277) to work on /home/airflow/.local/lib/python3.7/site-packages/airflow/example_dags/tutorial.py
[2023-02-07T14:56:12.842+0000] {processor.py:743} INFO - Processing file /home/airflow/.local/lib/python3.7/site-packages/airflow/example_dags/tutorial.py for tasks to queue
[2023-02-07T14:56:12.843+0000] {logging_mixin.py:137} INFO - [2023-02-07T14:56:12.843+0000] {dagbag.py:538} INFO - Filling up the DagBag from /home/airflow/.local/lib/python3.7/site-packages/airflow/example_dags/tutorial.py
[2023-02-07T14:56:12.856+0000] {processor.py:753} INFO - DAG(s) dict_keys(['tutorial']) retrieved from /home/airflow/.local/lib/python3.7/site-packages/airflow/example_dags/tutorial.py
[2023-02-07T14:56:12.881+0000] {logging_mixin.py:137} INFO - [2023-02-07T14:56:12.881+0000] {dag.py:2690} INFO - Sync 1 DAGs
[2023-02-07T14:56:12.908+0000] {logging_mixin.py:137} INFO - [2023-02-07T14:56:12.908+0000] {dag.py:3441} INFO - Setting next_dagrun for tutorial to 2023-02-06T14:56:12.908231+00:00, run_after=2023-02-07T14:56:12.908231+00:00
[2023-02-07T14:56:12.934+0000] {processor.py:175} INFO - Processing /home/airflow/.local/lib/python3.7/site-packages/airflow/example_dags/tutorial.py took 0.097 seconds
[2023-02-07T14:56:43.817+0000] {processor.py:153} INFO - Started process (PID=1355) to work on /home/airflow/.local/lib/python3.7/site-packages/airflow/example_dags/tutorial.py
[2023-02-07T14:56:43.819+0000] {processor.py:743} INFO - Processing file /home/airflow/.local/lib/python3.7/site-packages/airflow/example_dags/tutorial.py for tasks to queue
[2023-02-07T14:56:43.822+0000] {logging_mixin.py:137} INFO - [2023-02-07T14:56:43.822+0000] {dagbag.py:538} INFO - Filling up the DagBag from /home/airflow/.local/lib/python3.7/site-packages/airflow/example_dags/tutorial.py
[2023-02-07T14:56:43.838+0000] {processor.py:753} INFO - DAG(s) dict_keys(['tutorial']) retrieved from /home/airflow/.local/lib/python3.7/site-packages/airflow/example_dags/tutorial.py
[2023-02-07T14:56:43.864+0000] {logging_mixin.py:137} INFO - [2023-02-07T14:56:43.864+0000] {dag.py:2690} INFO - Sync 1 DAGs
[2023-02-07T14:56:43.893+0000] {logging_mixin.py:137} INFO - [2023-02-07T14:56:43.893+0000] {dag.py:3441} INFO - Setting next_dagrun for tutorial to 2023-02-06T14:56:43.892777+00:00, run_after=2023-02-07T14:56:43.892777+00:00
[2023-02-07T14:56:43.927+0000] {processor.py:175} INFO - Processing /home/airflow/.local/lib/python3.7/site-packages/airflow/example_dags/tutorial.py took 0.114 seconds
[2023-02-07T14:57:14.049+0000] {processor.py:153} INFO - Started process (PID=1421) to work on /home/airflow/.local/lib/python3.7/site-packages/airflow/example_dags/tutorial.py
[2023-02-07T14:57:14.050+0000] {processor.py:743} INFO - Processing file /home/airflow/.local/lib/python3.7/site-packages/airflow/example_dags/tutorial.py for tasks to queue
[2023-02-07T14:57:14.051+0000] {logging_mixin.py:137} INFO - [2023-02-07T14:57:14.051+0000] {dagbag.py:538} INFO - Filling up the DagBag from /home/airflow/.local/lib/python3.7/site-packages/airflow/example_dags/tutorial.py
[2023-02-07T14:57:14.069+0000] {processor.py:753} INFO - DAG(s) dict_keys(['tutorial']) retrieved from /home/airflow/.local/lib/python3.7/site-packages/airflow/example_dags/tutorial.py
[2023-02-07T14:57:14.102+0000] {logging_mixin.py:137} INFO - [2023-02-07T14:57:14.101+0000] {dag.py:2690} INFO - Sync 1 DAGs
[2023-02-07T14:57:14.137+0000] {logging_mixin.py:137} INFO - [2023-02-07T14:57:14.137+0000] {dag.py:3441} INFO - Setting next_dagrun for tutorial to 2023-02-06T14:57:14.137018+00:00, run_after=2023-02-07T14:57:14.137018+00:00
[2023-02-07T14:57:14.165+0000] {processor.py:175} INFO - Processing /home/airflow/.local/lib/python3.7/site-packages/airflow/example_dags/tutorial.py took 0.121 seconds
[2023-02-07T14:57:44.234+0000] {processor.py:153} INFO - Started process (PID=1498) to work on /home/airflow/.local/lib/python3.7/site-packages/airflow/example_dags/tutorial.py
[2023-02-07T14:57:44.236+0000] {processor.py:743} INFO - Processing file /home/airflow/.local/lib/python3.7/site-packages/airflow/example_dags/tutorial.py for tasks to queue
[2023-02-07T14:57:44.244+0000] {logging_mixin.py:137} INFO - [2023-02-07T14:57:44.239+0000] {dagbag.py:538} INFO - Filling up the DagBag from /home/airflow/.local/lib/python3.7/site-packages/airflow/example_dags/tutorial.py
[2023-02-07T14:57:44.265+0000] {processor.py:753} INFO - DAG(s) dict_keys(['tutorial']) retrieved from /home/airflow/.local/lib/python3.7/site-packages/airflow/example_dags/tutorial.py
[2023-02-07T14:57:44.320+0000] {logging_mixin.py:137} INFO - [2023-02-07T14:57:44.320+0000] {dag.py:2690} INFO - Sync 1 DAGs
[2023-02-07T14:57:44.361+0000] {logging_mixin.py:137} INFO - [2023-02-07T14:57:44.361+0000] {dag.py:3441} INFO - Setting next_dagrun for tutorial to 2023-02-06T14:57:44.358950+00:00, run_after=2023-02-07T14:57:44.358950+00:00
[2023-02-07T14:57:44.393+0000] {processor.py:175} INFO - Processing /home/airflow/.local/lib/python3.7/site-packages/airflow/example_dags/tutorial.py took 0.163 seconds
[2023-02-07T14:58:15.302+0000] {processor.py:153} INFO - Started process (PID=1563) to work on /home/airflow/.local/lib/python3.7/site-packages/airflow/example_dags/tutorial.py
[2023-02-07T14:58:15.303+0000] {processor.py:743} INFO - Processing file /home/airflow/.local/lib/python3.7/site-packages/airflow/example_dags/tutorial.py for tasks to queue
[2023-02-07T14:58:15.303+0000] {logging_mixin.py:137} INFO - [2023-02-07T14:58:15.303+0000] {dagbag.py:538} INFO - Filling up the DagBag from /home/airflow/.local/lib/python3.7/site-packages/airflow/example_dags/tutorial.py
[2023-02-07T14:58:15.317+0000] {processor.py:753} INFO - DAG(s) dict_keys(['tutorial']) retrieved from /home/airflow/.local/lib/python3.7/site-packages/airflow/example_dags/tutorial.py
[2023-02-07T14:58:15.344+0000] {logging_mixin.py:137} INFO - [2023-02-07T14:58:15.344+0000] {dag.py:2690} INFO - Sync 1 DAGs
[2023-02-07T14:58:15.371+0000] {logging_mixin.py:137} INFO - [2023-02-07T14:58:15.370+0000] {dag.py:3441} INFO - Setting next_dagrun for tutorial to 2023-02-06T14:58:15.370745+00:00, run_after=2023-02-07T14:58:15.370745+00:00
[2023-02-07T14:58:15.396+0000] {processor.py:175} INFO - Processing /home/airflow/.local/lib/python3.7/site-packages/airflow/example_dags/tutorial.py took 0.097 seconds
[2023-02-07T14:58:46.277+0000] {processor.py:153} INFO - Started process (PID=1640) to work on /home/airflow/.local/lib/python3.7/site-packages/airflow/example_dags/tutorial.py
[2023-02-07T14:58:46.278+0000] {processor.py:743} INFO - Processing file /home/airflow/.local/lib/python3.7/site-packages/airflow/example_dags/tutorial.py for tasks to queue
[2023-02-07T14:58:46.279+0000] {logging_mixin.py:137} INFO - [2023-02-07T14:58:46.279+0000] {dagbag.py:538} INFO - Filling up the DagBag from /home/airflow/.local/lib/python3.7/site-packages/airflow/example_dags/tutorial.py
[2023-02-07T14:58:46.296+0000] {processor.py:753} INFO - DAG(s) dict_keys(['tutorial']) retrieved from /home/airflow/.local/lib/python3.7/site-packages/airflow/example_dags/tutorial.py
[2023-02-07T14:58:46.322+0000] {logging_mixin.py:137} INFO - [2023-02-07T14:58:46.322+0000] {dag.py:2690} INFO - Sync 1 DAGs
[2023-02-07T14:58:46.345+0000] {logging_mixin.py:137} INFO - [2023-02-07T14:58:46.345+0000] {dag.py:3441} INFO - Setting next_dagrun for tutorial to 2023-02-06T14:58:46.345209+00:00, run_after=2023-02-07T14:58:46.345209+00:00
[2023-02-07T14:58:46.376+0000] {processor.py:175} INFO - Processing /home/airflow/.local/lib/python3.7/site-packages/airflow/example_dags/tutorial.py took 0.102 seconds
[2023-02-07T14:59:16.531+0000] {processor.py:153} INFO - Started process (PID=1706) to work on /home/airflow/.local/lib/python3.7/site-packages/airflow/example_dags/tutorial.py
[2023-02-07T14:59:16.535+0000] {processor.py:743} INFO - Processing file /home/airflow/.local/lib/python3.7/site-packages/airflow/example_dags/tutorial.py for tasks to queue
[2023-02-07T14:59:16.536+0000] {logging_mixin.py:137} INFO - [2023-02-07T14:59:16.536+0000] {dagbag.py:538} INFO - Filling up the DagBag from /home/airflow/.local/lib/python3.7/site-packages/airflow/example_dags/tutorial.py
[2023-02-07T14:59:16.554+0000] {processor.py:753} INFO - DAG(s) dict_keys(['tutorial']) retrieved from /home/airflow/.local/lib/python3.7/site-packages/airflow/example_dags/tutorial.py
[2023-02-07T14:59:16.588+0000] {logging_mixin.py:137} INFO - [2023-02-07T14:59:16.588+0000] {dag.py:2690} INFO - Sync 1 DAGs
[2023-02-07T14:59:16.624+0000] {logging_mixin.py:137} INFO - [2023-02-07T14:59:16.624+0000] {dag.py:3441} INFO - Setting next_dagrun for tutorial to 2023-02-06T14:59:16.623885+00:00, run_after=2023-02-07T14:59:16.623885+00:00
[2023-02-07T14:59:16.651+0000] {processor.py:175} INFO - Processing /home/airflow/.local/lib/python3.7/site-packages/airflow/example_dags/tutorial.py took 0.125 seconds
[2023-02-07T14:59:47.183+0000] {processor.py:153} INFO - Started process (PID=1783) to work on /home/airflow/.local/lib/python3.7/site-packages/airflow/example_dags/tutorial.py
[2023-02-07T14:59:47.183+0000] {processor.py:743} INFO - Processing file /home/airflow/.local/lib/python3.7/site-packages/airflow/example_dags/tutorial.py for tasks to queue
[2023-02-07T14:59:47.184+0000] {logging_mixin.py:137} INFO - [2023-02-07T14:59:47.184+0000] {dagbag.py:538} INFO - Filling up the DagBag from /home/airflow/.local/lib/python3.7/site-packages/airflow/example_dags/tutorial.py
[2023-02-07T14:59:47.203+0000] {processor.py:753} INFO - DAG(s) dict_keys(['tutorial']) retrieved from /home/airflow/.local/lib/python3.7/site-packages/airflow/example_dags/tutorial.py
[2023-02-07T14:59:47.237+0000] {logging_mixin.py:137} INFO - [2023-02-07T14:59:47.236+0000] {dag.py:2690} INFO - Sync 1 DAGs
[2023-02-07T14:59:47.265+0000] {logging_mixin.py:137} INFO - [2023-02-07T14:59:47.265+0000] {dag.py:3441} INFO - Setting next_dagrun for tutorial to 2023-02-06T14:59:47.265329+00:00, run_after=2023-02-07T14:59:47.265329+00:00
[2023-02-07T14:59:47.289+0000] {processor.py:175} INFO - Processing /home/airflow/.local/lib/python3.7/site-packages/airflow/example_dags/tutorial.py took 0.111 seconds
[2023-02-07T15:00:17.799+0000] {processor.py:153} INFO - Started process (PID=1848) to work on /home/airflow/.local/lib/python3.7/site-packages/airflow/example_dags/tutorial.py
[2023-02-07T15:00:17.800+0000] {processor.py:743} INFO - Processing file /home/airflow/.local/lib/python3.7/site-packages/airflow/example_dags/tutorial.py for tasks to queue
[2023-02-07T15:00:17.801+0000] {logging_mixin.py:137} INFO - [2023-02-07T15:00:17.801+0000] {dagbag.py:538} INFO - Filling up the DagBag from /home/airflow/.local/lib/python3.7/site-packages/airflow/example_dags/tutorial.py
[2023-02-07T15:00:17.820+0000] {processor.py:753} INFO - DAG(s) dict_keys(['tutorial']) retrieved from /home/airflow/.local/lib/python3.7/site-packages/airflow/example_dags/tutorial.py
[2023-02-07T15:00:17.869+0000] {logging_mixin.py:137} INFO - [2023-02-07T15:00:17.869+0000] {dag.py:2690} INFO - Sync 1 DAGs
[2023-02-07T15:00:17.896+0000] {logging_mixin.py:137} INFO - [2023-02-07T15:00:17.896+0000] {dag.py:3441} INFO - Setting next_dagrun for tutorial to 2023-02-06T15:00:17.895945+00:00, run_after=2023-02-07T15:00:17.895945+00:00
[2023-02-07T15:00:17.921+0000] {processor.py:175} INFO - Processing /home/airflow/.local/lib/python3.7/site-packages/airflow/example_dags/tutorial.py took 0.131 seconds
[2023-02-07T15:00:48.712+0000] {processor.py:153} INFO - Started process (PID=1926) to work on /home/airflow/.local/lib/python3.7/site-packages/airflow/example_dags/tutorial.py
[2023-02-07T15:00:48.713+0000] {processor.py:743} INFO - Processing file /home/airflow/.local/lib/python3.7/site-packages/airflow/example_dags/tutorial.py for tasks to queue
[2023-02-07T15:00:48.714+0000] {logging_mixin.py:137} INFO - [2023-02-07T15:00:48.714+0000] {dagbag.py:538} INFO - Filling up the DagBag from /home/airflow/.local/lib/python3.7/site-packages/airflow/example_dags/tutorial.py
[2023-02-07T15:00:48.732+0000] {processor.py:753} INFO - DAG(s) dict_keys(['tutorial']) retrieved from /home/airflow/.local/lib/python3.7/site-packages/airflow/example_dags/tutorial.py
[2023-02-07T15:00:48.764+0000] {logging_mixin.py:137} INFO - [2023-02-07T15:00:48.764+0000] {dag.py:2690} INFO - Sync 1 DAGs
[2023-02-07T15:00:48.792+0000] {logging_mixin.py:137} INFO - [2023-02-07T15:00:48.792+0000] {dag.py:3441} INFO - Setting next_dagrun for tutorial to 2023-02-06T15:00:48.791795+00:00, run_after=2023-02-07T15:00:48.791795+00:00
[2023-02-07T15:00:48.817+0000] {processor.py:175} INFO - Processing /home/airflow/.local/lib/python3.7/site-packages/airflow/example_dags/tutorial.py took 0.111 seconds
[2023-02-07T15:01:19.291+0000] {processor.py:153} INFO - Started process (PID=1993) to work on /home/airflow/.local/lib/python3.7/site-packages/airflow/example_dags/tutorial.py
[2023-02-07T15:01:19.292+0000] {processor.py:743} INFO - Processing file /home/airflow/.local/lib/python3.7/site-packages/airflow/example_dags/tutorial.py for tasks to queue
[2023-02-07T15:01:19.292+0000] {logging_mixin.py:137} INFO - [2023-02-07T15:01:19.292+0000] {dagbag.py:538} INFO - Filling up the DagBag from /home/airflow/.local/lib/python3.7/site-packages/airflow/example_dags/tutorial.py
[2023-02-07T15:01:19.306+0000] {processor.py:753} INFO - DAG(s) dict_keys(['tutorial']) retrieved from /home/airflow/.local/lib/python3.7/site-packages/airflow/example_dags/tutorial.py
[2023-02-07T15:01:19.332+0000] {logging_mixin.py:137} INFO - [2023-02-07T15:01:19.332+0000] {dag.py:2690} INFO - Sync 1 DAGs
[2023-02-07T15:01:19.358+0000] {logging_mixin.py:137} INFO - [2023-02-07T15:01:19.358+0000] {dag.py:3441} INFO - Setting next_dagrun for tutorial to 2023-02-06T15:01:19.358244+00:00, run_after=2023-02-07T15:01:19.358244+00:00
[2023-02-07T15:01:19.383+0000] {processor.py:175} INFO - Processing /home/airflow/.local/lib/python3.7/site-packages/airflow/example_dags/tutorial.py took 0.095 seconds
[2023-02-07T15:01:50.042+0000] {processor.py:153} INFO - Started process (PID=2072) to work on /home/airflow/.local/lib/python3.7/site-packages/airflow/example_dags/tutorial.py
[2023-02-07T15:01:50.042+0000] {processor.py:743} INFO - Processing file /home/airflow/.local/lib/python3.7/site-packages/airflow/example_dags/tutorial.py for tasks to queue
[2023-02-07T15:01:50.043+0000] {logging_mixin.py:137} INFO - [2023-02-07T15:01:50.043+0000] {dagbag.py:538} INFO - Filling up the DagBag from /home/airflow/.local/lib/python3.7/site-packages/airflow/example_dags/tutorial.py
[2023-02-07T15:01:50.056+0000] {processor.py:753} INFO - DAG(s) dict_keys(['tutorial']) retrieved from /home/airflow/.local/lib/python3.7/site-packages/airflow/example_dags/tutorial.py
[2023-02-07T15:01:50.087+0000] {logging_mixin.py:137} INFO - [2023-02-07T15:01:50.087+0000] {dag.py:2690} INFO - Sync 1 DAGs
[2023-02-07T15:01:50.116+0000] {logging_mixin.py:137} INFO - [2023-02-07T15:01:50.116+0000] {dag.py:3441} INFO - Setting next_dagrun for tutorial to 2023-02-06T15:01:50.116089+00:00, run_after=2023-02-07T15:01:50.116089+00:00
[2023-02-07T15:01:50.144+0000] {processor.py:175} INFO - Processing /home/airflow/.local/lib/python3.7/site-packages/airflow/example_dags/tutorial.py took 0.106 seconds
[2023-02-07T15:02:20.637+0000] {processor.py:153} INFO - Started process (PID=2137) to work on /home/airflow/.local/lib/python3.7/site-packages/airflow/example_dags/tutorial.py
[2023-02-07T15:02:20.638+0000] {processor.py:743} INFO - Processing file /home/airflow/.local/lib/python3.7/site-packages/airflow/example_dags/tutorial.py for tasks to queue
[2023-02-07T15:02:20.639+0000] {logging_mixin.py:137} INFO - [2023-02-07T15:02:20.639+0000] {dagbag.py:538} INFO - Filling up the DagBag from /home/airflow/.local/lib/python3.7/site-packages/airflow/example_dags/tutorial.py
[2023-02-07T15:02:20.652+0000] {processor.py:753} INFO - DAG(s) dict_keys(['tutorial']) retrieved from /home/airflow/.local/lib/python3.7/site-packages/airflow/example_dags/tutorial.py
[2023-02-07T15:02:20.675+0000] {logging_mixin.py:137} INFO - [2023-02-07T15:02:20.675+0000] {dag.py:2690} INFO - Sync 1 DAGs
[2023-02-07T15:02:20.698+0000] {logging_mixin.py:137} INFO - [2023-02-07T15:02:20.698+0000] {dag.py:3441} INFO - Setting next_dagrun for tutorial to 2023-02-06T15:02:20.697817+00:00, run_after=2023-02-07T15:02:20.697817+00:00
[2023-02-07T15:02:20.723+0000] {processor.py:175} INFO - Processing /home/airflow/.local/lib/python3.7/site-packages/airflow/example_dags/tutorial.py took 0.089 seconds
[2023-02-07T15:02:51.509+0000] {processor.py:153} INFO - Started process (PID=2214) to work on /home/airflow/.local/lib/python3.7/site-packages/airflow/example_dags/tutorial.py
[2023-02-07T15:02:51.510+0000] {processor.py:743} INFO - Processing file /home/airflow/.local/lib/python3.7/site-packages/airflow/example_dags/tutorial.py for tasks to queue
[2023-02-07T15:02:51.510+0000] {logging_mixin.py:137} INFO - [2023-02-07T15:02:51.510+0000] {dagbag.py:538} INFO - Filling up the DagBag from /home/airflow/.local/lib/python3.7/site-packages/airflow/example_dags/tutorial.py
[2023-02-07T15:02:51.528+0000] {processor.py:753} INFO - DAG(s) dict_keys(['tutorial']) retrieved from /home/airflow/.local/lib/python3.7/site-packages/airflow/example_dags/tutorial.py
[2023-02-07T15:02:51.553+0000] {logging_mixin.py:137} INFO - [2023-02-07T15:02:51.553+0000] {dag.py:2690} INFO - Sync 1 DAGs
[2023-02-07T15:02:51.580+0000] {logging_mixin.py:137} INFO - [2023-02-07T15:02:51.580+0000] {dag.py:3441} INFO - Setting next_dagrun for tutorial to 2023-02-06T15:02:51.580313+00:00, run_after=2023-02-07T15:02:51.580313+00:00
[2023-02-07T15:02:51.606+0000] {processor.py:175} INFO - Processing /home/airflow/.local/lib/python3.7/site-packages/airflow/example_dags/tutorial.py took 0.102 seconds
[2023-02-07T15:03:22.325+0000] {processor.py:153} INFO - Started process (PID=2279) to work on /home/airflow/.local/lib/python3.7/site-packages/airflow/example_dags/tutorial.py
[2023-02-07T15:03:22.326+0000] {processor.py:743} INFO - Processing file /home/airflow/.local/lib/python3.7/site-packages/airflow/example_dags/tutorial.py for tasks to queue
[2023-02-07T15:03:22.327+0000] {logging_mixin.py:137} INFO - [2023-02-07T15:03:22.326+0000] {dagbag.py:538} INFO - Filling up the DagBag from /home/airflow/.local/lib/python3.7/site-packages/airflow/example_dags/tutorial.py
[2023-02-07T15:03:22.342+0000] {processor.py:753} INFO - DAG(s) dict_keys(['tutorial']) retrieved from /home/airflow/.local/lib/python3.7/site-packages/airflow/example_dags/tutorial.py
[2023-02-07T15:03:22.365+0000] {logging_mixin.py:137} INFO - [2023-02-07T15:03:22.365+0000] {dag.py:2690} INFO - Sync 1 DAGs
[2023-02-07T15:03:22.389+0000] {logging_mixin.py:137} INFO - [2023-02-07T15:03:22.389+0000] {dag.py:3441} INFO - Setting next_dagrun for tutorial to 2023-02-06T15:03:22.388733+00:00, run_after=2023-02-07T15:03:22.388733+00:00
[2023-02-07T15:03:22.419+0000] {processor.py:175} INFO - Processing /home/airflow/.local/lib/python3.7/site-packages/airflow/example_dags/tutorial.py took 0.099 seconds
[2023-02-07T15:03:52.452+0000] {processor.py:153} INFO - Started process (PID=2358) to work on /home/airflow/.local/lib/python3.7/site-packages/airflow/example_dags/tutorial.py
[2023-02-07T15:03:52.452+0000] {processor.py:743} INFO - Processing file /home/airflow/.local/lib/python3.7/site-packages/airflow/example_dags/tutorial.py for tasks to queue
[2023-02-07T15:03:52.453+0000] {logging_mixin.py:137} INFO - [2023-02-07T15:03:52.453+0000] {dagbag.py:538} INFO - Filling up the DagBag from /home/airflow/.local/lib/python3.7/site-packages/airflow/example_dags/tutorial.py
[2023-02-07T15:03:52.466+0000] {processor.py:753} INFO - DAG(s) dict_keys(['tutorial']) retrieved from /home/airflow/.local/lib/python3.7/site-packages/airflow/example_dags/tutorial.py
[2023-02-07T15:03:52.497+0000] {logging_mixin.py:137} INFO - [2023-02-07T15:03:52.496+0000] {dag.py:2690} INFO - Sync 1 DAGs
[2023-02-07T15:03:52.531+0000] {logging_mixin.py:137} INFO - [2023-02-07T15:03:52.531+0000] {dag.py:3441} INFO - Setting next_dagrun for tutorial to 2023-02-06T15:03:52.531159+00:00, run_after=2023-02-07T15:03:52.531159+00:00
[2023-02-07T15:03:52.564+0000] {processor.py:175} INFO - Processing /home/airflow/.local/lib/python3.7/site-packages/airflow/example_dags/tutorial.py took 0.116 seconds
[2023-02-07T15:04:23.299+0000] {processor.py:153} INFO - Started process (PID=2425) to work on /home/airflow/.local/lib/python3.7/site-packages/airflow/example_dags/tutorial.py
[2023-02-07T15:04:23.300+0000] {processor.py:743} INFO - Processing file /home/airflow/.local/lib/python3.7/site-packages/airflow/example_dags/tutorial.py for tasks to queue
[2023-02-07T15:04:23.300+0000] {logging_mixin.py:137} INFO - [2023-02-07T15:04:23.300+0000] {dagbag.py:538} INFO - Filling up the DagBag from /home/airflow/.local/lib/python3.7/site-packages/airflow/example_dags/tutorial.py
[2023-02-07T15:04:23.314+0000] {processor.py:753} INFO - DAG(s) dict_keys(['tutorial']) retrieved from /home/airflow/.local/lib/python3.7/site-packages/airflow/example_dags/tutorial.py
[2023-02-07T15:04:23.337+0000] {logging_mixin.py:137} INFO - [2023-02-07T15:04:23.337+0000] {dag.py:2690} INFO - Sync 1 DAGs
[2023-02-07T15:04:23.360+0000] {logging_mixin.py:137} INFO - [2023-02-07T15:04:23.360+0000] {dag.py:3441} INFO - Setting next_dagrun for tutorial to 2023-02-06T15:04:23.360330+00:00, run_after=2023-02-07T15:04:23.360330+00:00
[2023-02-07T15:04:23.386+0000] {processor.py:175} INFO - Processing /home/airflow/.local/lib/python3.7/site-packages/airflow/example_dags/tutorial.py took 0.091 seconds
[2023-02-07T15:04:54.415+0000] {processor.py:153} INFO - Started process (PID=2503) to work on /home/airflow/.local/lib/python3.7/site-packages/airflow/example_dags/tutorial.py
[2023-02-07T15:04:54.416+0000] {processor.py:743} INFO - Processing file /home/airflow/.local/lib/python3.7/site-packages/airflow/example_dags/tutorial.py for tasks to queue
[2023-02-07T15:04:54.417+0000] {logging_mixin.py:137} INFO - [2023-02-07T15:04:54.417+0000] {dagbag.py:538} INFO - Filling up the DagBag from /home/airflow/.local/lib/python3.7/site-packages/airflow/example_dags/tutorial.py
[2023-02-07T15:04:54.436+0000] {processor.py:753} INFO - DAG(s) dict_keys(['tutorial']) retrieved from /home/airflow/.local/lib/python3.7/site-packages/airflow/example_dags/tutorial.py
[2023-02-07T15:04:54.468+0000] {logging_mixin.py:137} INFO - [2023-02-07T15:04:54.468+0000] {dag.py:2690} INFO - Sync 1 DAGs
[2023-02-07T15:04:54.502+0000] {logging_mixin.py:137} INFO - [2023-02-07T15:04:54.502+0000] {dag.py:3441} INFO - Setting next_dagrun for tutorial to 2023-02-06T15:04:54.501771+00:00, run_after=2023-02-07T15:04:54.501771+00:00
[2023-02-07T15:04:54.529+0000] {processor.py:175} INFO - Processing /home/airflow/.local/lib/python3.7/site-packages/airflow/example_dags/tutorial.py took 0.119 seconds
[2023-02-07T15:05:25.159+0000] {processor.py:153} INFO - Started process (PID=2569) to work on /home/airflow/.local/lib/python3.7/site-packages/airflow/example_dags/tutorial.py
[2023-02-07T15:05:25.160+0000] {processor.py:743} INFO - Processing file /home/airflow/.local/lib/python3.7/site-packages/airflow/example_dags/tutorial.py for tasks to queue
[2023-02-07T15:05:25.160+0000] {logging_mixin.py:137} INFO - [2023-02-07T15:05:25.160+0000] {dagbag.py:538} INFO - Filling up the DagBag from /home/airflow/.local/lib/python3.7/site-packages/airflow/example_dags/tutorial.py
[2023-02-07T15:05:25.175+0000] {processor.py:753} INFO - DAG(s) dict_keys(['tutorial']) retrieved from /home/airflow/.local/lib/python3.7/site-packages/airflow/example_dags/tutorial.py
[2023-02-07T15:05:25.205+0000] {logging_mixin.py:137} INFO - [2023-02-07T15:05:25.204+0000] {dag.py:2690} INFO - Sync 1 DAGs
[2023-02-07T15:05:25.228+0000] {logging_mixin.py:137} INFO - [2023-02-07T15:05:25.228+0000] {dag.py:3441} INFO - Setting next_dagrun for tutorial to 2023-02-06T15:05:25.227986+00:00, run_after=2023-02-07T15:05:25.227986+00:00
[2023-02-07T15:05:25.253+0000] {processor.py:175} INFO - Processing /home/airflow/.local/lib/python3.7/site-packages/airflow/example_dags/tutorial.py took 0.098 seconds
[2023-02-07T15:05:56.014+0000] {processor.py:153} INFO - Started process (PID=2646) to work on /home/airflow/.local/lib/python3.7/site-packages/airflow/example_dags/tutorial.py
[2023-02-07T15:05:56.015+0000] {processor.py:743} INFO - Processing file /home/airflow/.local/lib/python3.7/site-packages/airflow/example_dags/tutorial.py for tasks to queue
[2023-02-07T15:05:56.016+0000] {logging_mixin.py:137} INFO - [2023-02-07T15:05:56.016+0000] {dagbag.py:538} INFO - Filling up the DagBag from /home/airflow/.local/lib/python3.7/site-packages/airflow/example_dags/tutorial.py
[2023-02-07T15:05:56.033+0000] {processor.py:753} INFO - DAG(s) dict_keys(['tutorial']) retrieved from /home/airflow/.local/lib/python3.7/site-packages/airflow/example_dags/tutorial.py
[2023-02-07T15:05:56.063+0000] {logging_mixin.py:137} INFO - [2023-02-07T15:05:56.063+0000] {dag.py:2690} INFO - Sync 1 DAGs
[2023-02-07T15:05:56.095+0000] {logging_mixin.py:137} INFO - [2023-02-07T15:05:56.095+0000] {dag.py:3441} INFO - Setting next_dagrun for tutorial to 2023-02-06T15:05:56.095509+00:00, run_after=2023-02-07T15:05:56.095509+00:00
[2023-02-07T15:05:56.124+0000] {processor.py:175} INFO - Processing /home/airflow/.local/lib/python3.7/site-packages/airflow/example_dags/tutorial.py took 0.114 seconds
[2023-02-07T15:06:26.749+0000] {processor.py:153} INFO - Started process (PID=2720) to work on /home/airflow/.local/lib/python3.7/site-packages/airflow/example_dags/tutorial.py
[2023-02-07T15:06:26.749+0000] {processor.py:743} INFO - Processing file /home/airflow/.local/lib/python3.7/site-packages/airflow/example_dags/tutorial.py for tasks to queue
[2023-02-07T15:06:26.750+0000] {logging_mixin.py:137} INFO - [2023-02-07T15:06:26.750+0000] {dagbag.py:538} INFO - Filling up the DagBag from /home/airflow/.local/lib/python3.7/site-packages/airflow/example_dags/tutorial.py
[2023-02-07T15:06:26.768+0000] {processor.py:753} INFO - DAG(s) dict_keys(['tutorial']) retrieved from /home/airflow/.local/lib/python3.7/site-packages/airflow/example_dags/tutorial.py
[2023-02-07T15:06:26.802+0000] {logging_mixin.py:137} INFO - [2023-02-07T15:06:26.802+0000] {dag.py:2690} INFO - Sync 1 DAGs
[2023-02-07T15:06:26.837+0000] {logging_mixin.py:137} INFO - [2023-02-07T15:06:26.837+0000] {dag.py:3441} INFO - Setting next_dagrun for tutorial to 2023-02-06T15:06:26.837097+00:00, run_after=2023-02-07T15:06:26.837097+00:00
[2023-02-07T15:06:26.868+0000] {processor.py:175} INFO - Processing /home/airflow/.local/lib/python3.7/site-packages/airflow/example_dags/tutorial.py took 0.128 seconds
[2023-02-07T15:06:57.369+0000] {processor.py:153} INFO - Started process (PID=2788) to work on /home/airflow/.local/lib/python3.7/site-packages/airflow/example_dags/tutorial.py
[2023-02-07T15:06:57.370+0000] {processor.py:743} INFO - Processing file /home/airflow/.local/lib/python3.7/site-packages/airflow/example_dags/tutorial.py for tasks to queue
[2023-02-07T15:06:57.371+0000] {logging_mixin.py:137} INFO - [2023-02-07T15:06:57.371+0000] {dagbag.py:538} INFO - Filling up the DagBag from /home/airflow/.local/lib/python3.7/site-packages/airflow/example_dags/tutorial.py
[2023-02-07T15:06:57.388+0000] {processor.py:753} INFO - DAG(s) dict_keys(['tutorial']) retrieved from /home/airflow/.local/lib/python3.7/site-packages/airflow/example_dags/tutorial.py
[2023-02-07T15:06:57.418+0000] {logging_mixin.py:137} INFO - [2023-02-07T15:06:57.418+0000] {dag.py:2690} INFO - Sync 1 DAGs
[2023-02-07T15:06:57.452+0000] {logging_mixin.py:137} INFO - [2023-02-07T15:06:57.452+0000] {dag.py:3441} INFO - Setting next_dagrun for tutorial to 2023-02-06T15:06:57.452292+00:00, run_after=2023-02-07T15:06:57.452292+00:00
[2023-02-07T15:06:57.478+0000] {processor.py:175} INFO - Processing /home/airflow/.local/lib/python3.7/site-packages/airflow/example_dags/tutorial.py took 0.113 seconds
[2023-02-07T15:07:28.056+0000] {processor.py:153} INFO - Started process (PID=2863) to work on /home/airflow/.local/lib/python3.7/site-packages/airflow/example_dags/tutorial.py
[2023-02-07T15:07:28.057+0000] {processor.py:743} INFO - Processing file /home/airflow/.local/lib/python3.7/site-packages/airflow/example_dags/tutorial.py for tasks to queue
[2023-02-07T15:07:28.058+0000] {logging_mixin.py:137} INFO - [2023-02-07T15:07:28.058+0000] {dagbag.py:538} INFO - Filling up the DagBag from /home/airflow/.local/lib/python3.7/site-packages/airflow/example_dags/tutorial.py
[2023-02-07T15:07:28.076+0000] {processor.py:753} INFO - DAG(s) dict_keys(['tutorial']) retrieved from /home/airflow/.local/lib/python3.7/site-packages/airflow/example_dags/tutorial.py
[2023-02-07T15:07:28.099+0000] {logging_mixin.py:137} INFO - [2023-02-07T15:07:28.099+0000] {dag.py:2690} INFO - Sync 1 DAGs
[2023-02-07T15:07:28.145+0000] {logging_mixin.py:137} INFO - [2023-02-07T15:07:28.144+0000] {dag.py:3441} INFO - Setting next_dagrun for tutorial to 2023-02-06T15:07:28.144587+00:00, run_after=2023-02-07T15:07:28.144587+00:00
[2023-02-07T15:07:28.184+0000] {processor.py:175} INFO - Processing /home/airflow/.local/lib/python3.7/site-packages/airflow/example_dags/tutorial.py took 0.132 seconds
[2023-02-07T15:07:58.791+0000] {processor.py:153} INFO - Started process (PID=2932) to work on /home/airflow/.local/lib/python3.7/site-packages/airflow/example_dags/tutorial.py
[2023-02-07T15:07:58.792+0000] {processor.py:743} INFO - Processing file /home/airflow/.local/lib/python3.7/site-packages/airflow/example_dags/tutorial.py for tasks to queue
[2023-02-07T15:07:58.793+0000] {logging_mixin.py:137} INFO - [2023-02-07T15:07:58.792+0000] {dagbag.py:538} INFO - Filling up the DagBag from /home/airflow/.local/lib/python3.7/site-packages/airflow/example_dags/tutorial.py
[2023-02-07T15:07:58.806+0000] {processor.py:753} INFO - DAG(s) dict_keys(['tutorial']) retrieved from /home/airflow/.local/lib/python3.7/site-packages/airflow/example_dags/tutorial.py
[2023-02-07T15:07:58.833+0000] {logging_mixin.py:137} INFO - [2023-02-07T15:07:58.833+0000] {dag.py:2690} INFO - Sync 1 DAGs
[2023-02-07T15:07:58.866+0000] {logging_mixin.py:137} INFO - [2023-02-07T15:07:58.865+0000] {dag.py:3441} INFO - Setting next_dagrun for tutorial to 2023-02-06T15:07:58.865653+00:00, run_after=2023-02-07T15:07:58.865653+00:00
[2023-02-07T15:07:58.894+0000] {processor.py:175} INFO - Processing /home/airflow/.local/lib/python3.7/site-packages/airflow/example_dags/tutorial.py took 0.106 seconds
[2023-02-07T15:08:29.827+0000] {processor.py:153} INFO - Started process (PID=3009) to work on /home/airflow/.local/lib/python3.7/site-packages/airflow/example_dags/tutorial.py
[2023-02-07T15:08:29.829+0000] {processor.py:743} INFO - Processing file /home/airflow/.local/lib/python3.7/site-packages/airflow/example_dags/tutorial.py for tasks to queue
[2023-02-07T15:08:29.830+0000] {logging_mixin.py:137} INFO - [2023-02-07T15:08:29.830+0000] {dagbag.py:538} INFO - Filling up the DagBag from /home/airflow/.local/lib/python3.7/site-packages/airflow/example_dags/tutorial.py
[2023-02-07T15:08:29.871+0000] {processor.py:753} INFO - DAG(s) dict_keys(['tutorial']) retrieved from /home/airflow/.local/lib/python3.7/site-packages/airflow/example_dags/tutorial.py
[2023-02-07T15:08:29.958+0000] {logging_mixin.py:137} INFO - [2023-02-07T15:08:29.958+0000] {dag.py:2690} INFO - Sync 1 DAGs
[2023-02-07T15:08:30.008+0000] {logging_mixin.py:137} INFO - [2023-02-07T15:08:30.008+0000] {dag.py:3441} INFO - Setting next_dagrun for tutorial to 2023-02-06T15:08:30.008453+00:00, run_after=2023-02-07T15:08:30.008453+00:00
[2023-02-07T15:08:30.044+0000] {processor.py:175} INFO - Processing /home/airflow/.local/lib/python3.7/site-packages/airflow/example_dags/tutorial.py took 0.224 seconds
[2023-02-07T15:09:00.890+0000] {processor.py:153} INFO - Started process (PID=3074) to work on /home/airflow/.local/lib/python3.7/site-packages/airflow/example_dags/tutorial.py
[2023-02-07T15:09:00.890+0000] {processor.py:743} INFO - Processing file /home/airflow/.local/lib/python3.7/site-packages/airflow/example_dags/tutorial.py for tasks to queue
[2023-02-07T15:09:00.891+0000] {logging_mixin.py:137} INFO - [2023-02-07T15:09:00.891+0000] {dagbag.py:538} INFO - Filling up the DagBag from /home/airflow/.local/lib/python3.7/site-packages/airflow/example_dags/tutorial.py
[2023-02-07T15:09:00.905+0000] {processor.py:753} INFO - DAG(s) dict_keys(['tutorial']) retrieved from /home/airflow/.local/lib/python3.7/site-packages/airflow/example_dags/tutorial.py
[2023-02-07T15:09:00.928+0000] {logging_mixin.py:137} INFO - [2023-02-07T15:09:00.928+0000] {dag.py:2690} INFO - Sync 1 DAGs
[2023-02-07T15:09:00.958+0000] {logging_mixin.py:137} INFO - [2023-02-07T15:09:00.958+0000] {dag.py:3441} INFO - Setting next_dagrun for tutorial to 2023-02-06T15:09:00.958405+00:00, run_after=2023-02-07T15:09:00.958405+00:00
[2023-02-07T15:09:00.990+0000] {processor.py:175} INFO - Processing /home/airflow/.local/lib/python3.7/site-packages/airflow/example_dags/tutorial.py took 0.104 seconds
[2023-02-07T15:09:31.805+0000] {processor.py:153} INFO - Started process (PID=3151) to work on /home/airflow/.local/lib/python3.7/site-packages/airflow/example_dags/tutorial.py
[2023-02-07T15:09:31.806+0000] {processor.py:743} INFO - Processing file /home/airflow/.local/lib/python3.7/site-packages/airflow/example_dags/tutorial.py for tasks to queue
[2023-02-07T15:09:31.807+0000] {logging_mixin.py:137} INFO - [2023-02-07T15:09:31.807+0000] {dagbag.py:538} INFO - Filling up the DagBag from /home/airflow/.local/lib/python3.7/site-packages/airflow/example_dags/tutorial.py
[2023-02-07T15:09:31.828+0000] {processor.py:753} INFO - DAG(s) dict_keys(['tutorial']) retrieved from /home/airflow/.local/lib/python3.7/site-packages/airflow/example_dags/tutorial.py
[2023-02-07T15:09:31.881+0000] {logging_mixin.py:137} INFO - [2023-02-07T15:09:31.881+0000] {dag.py:2690} INFO - Sync 1 DAGs
[2023-02-07T15:09:31.917+0000] {logging_mixin.py:137} INFO - [2023-02-07T15:09:31.917+0000] {dag.py:3441} INFO - Setting next_dagrun for tutorial to 2023-02-06T15:09:31.917262+00:00, run_after=2023-02-07T15:09:31.917262+00:00
[2023-02-07T15:09:31.946+0000] {processor.py:175} INFO - Processing /home/airflow/.local/lib/python3.7/site-packages/airflow/example_dags/tutorial.py took 0.159 seconds
[2023-02-07T15:10:02.075+0000] {processor.py:153} INFO - Started process (PID=3217) to work on /home/airflow/.local/lib/python3.7/site-packages/airflow/example_dags/tutorial.py
[2023-02-07T15:10:02.076+0000] {processor.py:743} INFO - Processing file /home/airflow/.local/lib/python3.7/site-packages/airflow/example_dags/tutorial.py for tasks to queue
[2023-02-07T15:10:02.077+0000] {logging_mixin.py:137} INFO - [2023-02-07T15:10:02.077+0000] {dagbag.py:538} INFO - Filling up the DagBag from /home/airflow/.local/lib/python3.7/site-packages/airflow/example_dags/tutorial.py
[2023-02-07T15:10:02.093+0000] {processor.py:753} INFO - DAG(s) dict_keys(['tutorial']) retrieved from /home/airflow/.local/lib/python3.7/site-packages/airflow/example_dags/tutorial.py
[2023-02-07T15:10:02.116+0000] {logging_mixin.py:137} INFO - [2023-02-07T15:10:02.115+0000] {dag.py:2690} INFO - Sync 1 DAGs
[2023-02-07T15:10:02.142+0000] {logging_mixin.py:137} INFO - [2023-02-07T15:10:02.142+0000] {dag.py:3441} INFO - Setting next_dagrun for tutorial to 2023-02-06T15:10:02.141870+00:00, run_after=2023-02-07T15:10:02.141870+00:00
[2023-02-07T15:10:02.169+0000] {processor.py:175} INFO - Processing /home/airflow/.local/lib/python3.7/site-packages/airflow/example_dags/tutorial.py took 0.097 seconds
[2023-02-07T15:10:32.423+0000] {processor.py:153} INFO - Started process (PID=3291) to work on /home/airflow/.local/lib/python3.7/site-packages/airflow/example_dags/tutorial.py
[2023-02-07T15:10:32.424+0000] {processor.py:743} INFO - Processing file /home/airflow/.local/lib/python3.7/site-packages/airflow/example_dags/tutorial.py for tasks to queue
[2023-02-07T15:10:32.425+0000] {logging_mixin.py:137} INFO - [2023-02-07T15:10:32.425+0000] {dagbag.py:538} INFO - Filling up the DagBag from /home/airflow/.local/lib/python3.7/site-packages/airflow/example_dags/tutorial.py
[2023-02-07T15:10:32.439+0000] {processor.py:753} INFO - DAG(s) dict_keys(['tutorial']) retrieved from /home/airflow/.local/lib/python3.7/site-packages/airflow/example_dags/tutorial.py
[2023-02-07T15:10:32.464+0000] {logging_mixin.py:137} INFO - [2023-02-07T15:10:32.464+0000] {dag.py:2690} INFO - Sync 1 DAGs
[2023-02-07T15:10:32.491+0000] {logging_mixin.py:137} INFO - [2023-02-07T15:10:32.491+0000] {dag.py:3441} INFO - Setting next_dagrun for tutorial to 2023-02-06T15:10:32.490743+00:00, run_after=2023-02-07T15:10:32.490743+00:00
[2023-02-07T15:10:32.517+0000] {processor.py:175} INFO - Processing /home/airflow/.local/lib/python3.7/site-packages/airflow/example_dags/tutorial.py took 0.097 seconds
[2023-02-07T15:11:03.141+0000] {processor.py:153} INFO - Started process (PID=3362) to work on /home/airflow/.local/lib/python3.7/site-packages/airflow/example_dags/tutorial.py
[2023-02-07T15:11:03.143+0000] {processor.py:743} INFO - Processing file /home/airflow/.local/lib/python3.7/site-packages/airflow/example_dags/tutorial.py for tasks to queue
[2023-02-07T15:11:03.144+0000] {logging_mixin.py:137} INFO - [2023-02-07T15:11:03.144+0000] {dagbag.py:538} INFO - Filling up the DagBag from /home/airflow/.local/lib/python3.7/site-packages/airflow/example_dags/tutorial.py
[2023-02-07T15:11:03.178+0000] {processor.py:753} INFO - DAG(s) dict_keys(['tutorial']) retrieved from /home/airflow/.local/lib/python3.7/site-packages/airflow/example_dags/tutorial.py
[2023-02-07T15:11:03.219+0000] {logging_mixin.py:137} INFO - [2023-02-07T15:11:03.219+0000] {dag.py:2690} INFO - Sync 1 DAGs
[2023-02-07T15:11:03.247+0000] {logging_mixin.py:137} INFO - [2023-02-07T15:11:03.247+0000] {dag.py:3441} INFO - Setting next_dagrun for tutorial to 2023-02-06T15:11:03.247097+00:00, run_after=2023-02-07T15:11:03.247097+00:00
[2023-02-07T15:11:03.281+0000] {processor.py:175} INFO - Processing /home/airflow/.local/lib/python3.7/site-packages/airflow/example_dags/tutorial.py took 0.145 seconds
[2023-02-07T15:11:33.745+0000] {processor.py:153} INFO - Started process (PID=3437) to work on /home/airflow/.local/lib/python3.7/site-packages/airflow/example_dags/tutorial.py
[2023-02-07T15:11:33.746+0000] {processor.py:743} INFO - Processing file /home/airflow/.local/lib/python3.7/site-packages/airflow/example_dags/tutorial.py for tasks to queue
[2023-02-07T15:11:33.747+0000] {logging_mixin.py:137} INFO - [2023-02-07T15:11:33.747+0000] {dagbag.py:538} INFO - Filling up the DagBag from /home/airflow/.local/lib/python3.7/site-packages/airflow/example_dags/tutorial.py
[2023-02-07T15:11:33.765+0000] {processor.py:753} INFO - DAG(s) dict_keys(['tutorial']) retrieved from /home/airflow/.local/lib/python3.7/site-packages/airflow/example_dags/tutorial.py
[2023-02-07T15:11:33.794+0000] {logging_mixin.py:137} INFO - [2023-02-07T15:11:33.793+0000] {dag.py:2690} INFO - Sync 1 DAGs
[2023-02-07T15:11:33.817+0000] {logging_mixin.py:137} INFO - [2023-02-07T15:11:33.817+0000] {dag.py:3441} INFO - Setting next_dagrun for tutorial to 2023-02-06T15:11:33.817623+00:00, run_after=2023-02-07T15:11:33.817623+00:00
[2023-02-07T15:11:33.846+0000] {processor.py:175} INFO - Processing /home/airflow/.local/lib/python3.7/site-packages/airflow/example_dags/tutorial.py took 0.106 seconds
[2023-02-07T15:12:04.712+0000] {processor.py:153} INFO - Started process (PID=3505) to work on /home/airflow/.local/lib/python3.7/site-packages/airflow/example_dags/tutorial.py
[2023-02-07T15:12:04.713+0000] {processor.py:743} INFO - Processing file /home/airflow/.local/lib/python3.7/site-packages/airflow/example_dags/tutorial.py for tasks to queue
[2023-02-07T15:12:04.714+0000] {logging_mixin.py:137} INFO - [2023-02-07T15:12:04.714+0000] {dagbag.py:538} INFO - Filling up the DagBag from /home/airflow/.local/lib/python3.7/site-packages/airflow/example_dags/tutorial.py
[2023-02-07T15:12:04.732+0000] {processor.py:753} INFO - DAG(s) dict_keys(['tutorial']) retrieved from /home/airflow/.local/lib/python3.7/site-packages/airflow/example_dags/tutorial.py
[2023-02-07T15:12:04.756+0000] {logging_mixin.py:137} INFO - [2023-02-07T15:12:04.756+0000] {dag.py:2690} INFO - Sync 1 DAGs
[2023-02-07T15:12:04.783+0000] {logging_mixin.py:137} INFO - [2023-02-07T15:12:04.783+0000] {dag.py:3441} INFO - Setting next_dagrun for tutorial to 2023-02-06T15:12:04.783337+00:00, run_after=2023-02-07T15:12:04.783337+00:00
[2023-02-07T15:12:04.813+0000] {processor.py:175} INFO - Processing /home/airflow/.local/lib/python3.7/site-packages/airflow/example_dags/tutorial.py took 0.105 seconds
[2023-02-07T15:12:35.411+0000] {processor.py:153} INFO - Started process (PID=3580) to work on /home/airflow/.local/lib/python3.7/site-packages/airflow/example_dags/tutorial.py
[2023-02-07T15:12:35.412+0000] {processor.py:743} INFO - Processing file /home/airflow/.local/lib/python3.7/site-packages/airflow/example_dags/tutorial.py for tasks to queue
[2023-02-07T15:12:35.413+0000] {logging_mixin.py:137} INFO - [2023-02-07T15:12:35.413+0000] {dagbag.py:538} INFO - Filling up the DagBag from /home/airflow/.local/lib/python3.7/site-packages/airflow/example_dags/tutorial.py
[2023-02-07T15:12:35.432+0000] {processor.py:753} INFO - DAG(s) dict_keys(['tutorial']) retrieved from /home/airflow/.local/lib/python3.7/site-packages/airflow/example_dags/tutorial.py
[2023-02-07T15:12:35.465+0000] {logging_mixin.py:137} INFO - [2023-02-07T15:12:35.465+0000] {dag.py:2690} INFO - Sync 1 DAGs
[2023-02-07T15:12:35.502+0000] {logging_mixin.py:137} INFO - [2023-02-07T15:12:35.502+0000] {dag.py:3441} INFO - Setting next_dagrun for tutorial to 2023-02-06T15:12:35.502299+00:00, run_after=2023-02-07T15:12:35.502299+00:00
[2023-02-07T15:12:35.531+0000] {processor.py:175} INFO - Processing /home/airflow/.local/lib/python3.7/site-packages/airflow/example_dags/tutorial.py took 0.125 seconds
[2023-02-07T15:13:06.173+0000] {processor.py:153} INFO - Started process (PID=3648) to work on /home/airflow/.local/lib/python3.7/site-packages/airflow/example_dags/tutorial.py
[2023-02-07T15:13:06.174+0000] {processor.py:743} INFO - Processing file /home/airflow/.local/lib/python3.7/site-packages/airflow/example_dags/tutorial.py for tasks to queue
[2023-02-07T15:13:06.175+0000] {logging_mixin.py:137} INFO - [2023-02-07T15:13:06.174+0000] {dagbag.py:538} INFO - Filling up the DagBag from /home/airflow/.local/lib/python3.7/site-packages/airflow/example_dags/tutorial.py
[2023-02-07T15:13:06.206+0000] {processor.py:753} INFO - DAG(s) dict_keys(['tutorial']) retrieved from /home/airflow/.local/lib/python3.7/site-packages/airflow/example_dags/tutorial.py
[2023-02-07T15:13:06.242+0000] {logging_mixin.py:137} INFO - [2023-02-07T15:13:06.242+0000] {dag.py:2690} INFO - Sync 1 DAGs
[2023-02-07T15:13:06.278+0000] {logging_mixin.py:137} INFO - [2023-02-07T15:13:06.277+0000] {dag.py:3441} INFO - Setting next_dagrun for tutorial to 2023-02-06T15:13:06.277458+00:00, run_after=2023-02-07T15:13:06.277458+00:00
[2023-02-07T15:13:06.309+0000] {processor.py:175} INFO - Processing /home/airflow/.local/lib/python3.7/site-packages/airflow/example_dags/tutorial.py took 0.141 seconds
[2023-02-07T15:13:36.830+0000] {processor.py:153} INFO - Started process (PID=3726) to work on /home/airflow/.local/lib/python3.7/site-packages/airflow/example_dags/tutorial.py
[2023-02-07T15:13:36.831+0000] {processor.py:743} INFO - Processing file /home/airflow/.local/lib/python3.7/site-packages/airflow/example_dags/tutorial.py for tasks to queue
[2023-02-07T15:13:36.832+0000] {logging_mixin.py:137} INFO - [2023-02-07T15:13:36.832+0000] {dagbag.py:538} INFO - Filling up the DagBag from /home/airflow/.local/lib/python3.7/site-packages/airflow/example_dags/tutorial.py
[2023-02-07T15:13:36.849+0000] {processor.py:753} INFO - DAG(s) dict_keys(['tutorial']) retrieved from /home/airflow/.local/lib/python3.7/site-packages/airflow/example_dags/tutorial.py
[2023-02-07T15:13:36.882+0000] {logging_mixin.py:137} INFO - [2023-02-07T15:13:36.882+0000] {dag.py:2690} INFO - Sync 1 DAGs
[2023-02-07T15:13:36.914+0000] {logging_mixin.py:137} INFO - [2023-02-07T15:13:36.914+0000] {dag.py:3441} INFO - Setting next_dagrun for tutorial to 2023-02-06T15:13:36.914454+00:00, run_after=2023-02-07T15:13:36.914454+00:00
[2023-02-07T15:13:36.944+0000] {processor.py:175} INFO - Processing /home/airflow/.local/lib/python3.7/site-packages/airflow/example_dags/tutorial.py took 0.117 seconds
[2023-02-07T15:14:07.647+0000] {processor.py:153} INFO - Started process (PID=3791) to work on /home/airflow/.local/lib/python3.7/site-packages/airflow/example_dags/tutorial.py
[2023-02-07T15:14:07.648+0000] {processor.py:743} INFO - Processing file /home/airflow/.local/lib/python3.7/site-packages/airflow/example_dags/tutorial.py for tasks to queue
[2023-02-07T15:14:07.649+0000] {logging_mixin.py:137} INFO - [2023-02-07T15:14:07.649+0000] {dagbag.py:538} INFO - Filling up the DagBag from /home/airflow/.local/lib/python3.7/site-packages/airflow/example_dags/tutorial.py
[2023-02-07T15:14:07.667+0000] {processor.py:753} INFO - DAG(s) dict_keys(['tutorial']) retrieved from /home/airflow/.local/lib/python3.7/site-packages/airflow/example_dags/tutorial.py
[2023-02-07T15:14:07.709+0000] {logging_mixin.py:137} INFO - [2023-02-07T15:14:07.709+0000] {dag.py:2690} INFO - Sync 1 DAGs
[2023-02-07T15:14:07.745+0000] {logging_mixin.py:137} INFO - [2023-02-07T15:14:07.745+0000] {dag.py:3441} INFO - Setting next_dagrun for tutorial to 2023-02-06T15:14:07.744682+00:00, run_after=2023-02-07T15:14:07.744682+00:00
[2023-02-07T15:14:07.781+0000] {processor.py:175} INFO - Processing /home/airflow/.local/lib/python3.7/site-packages/airflow/example_dags/tutorial.py took 0.138 seconds
[2023-02-07T15:14:38.450+0000] {processor.py:153} INFO - Started process (PID=3869) to work on /home/airflow/.local/lib/python3.7/site-packages/airflow/example_dags/tutorial.py
[2023-02-07T15:14:38.451+0000] {processor.py:743} INFO - Processing file /home/airflow/.local/lib/python3.7/site-packages/airflow/example_dags/tutorial.py for tasks to queue
[2023-02-07T15:14:38.451+0000] {logging_mixin.py:137} INFO - [2023-02-07T15:14:38.451+0000] {dagbag.py:538} INFO - Filling up the DagBag from /home/airflow/.local/lib/python3.7/site-packages/airflow/example_dags/tutorial.py
[2023-02-07T15:14:38.466+0000] {processor.py:753} INFO - DAG(s) dict_keys(['tutorial']) retrieved from /home/airflow/.local/lib/python3.7/site-packages/airflow/example_dags/tutorial.py
[2023-02-07T15:14:38.491+0000] {logging_mixin.py:137} INFO - [2023-02-07T15:14:38.491+0000] {dag.py:2690} INFO - Sync 1 DAGs
[2023-02-07T15:14:38.514+0000] {logging_mixin.py:137} INFO - [2023-02-07T15:14:38.514+0000] {dag.py:3441} INFO - Setting next_dagrun for tutorial to 2023-02-06T15:14:38.514361+00:00, run_after=2023-02-07T15:14:38.514361+00:00
[2023-02-07T15:14:38.539+0000] {processor.py:175} INFO - Processing /home/airflow/.local/lib/python3.7/site-packages/airflow/example_dags/tutorial.py took 0.092 seconds
[2023-02-07T15:15:09.181+0000] {processor.py:153} INFO - Started process (PID=3933) to work on /home/airflow/.local/lib/python3.7/site-packages/airflow/example_dags/tutorial.py
[2023-02-07T15:15:09.182+0000] {processor.py:743} INFO - Processing file /home/airflow/.local/lib/python3.7/site-packages/airflow/example_dags/tutorial.py for tasks to queue
[2023-02-07T15:15:09.183+0000] {logging_mixin.py:137} INFO - [2023-02-07T15:15:09.183+0000] {dagbag.py:538} INFO - Filling up the DagBag from /home/airflow/.local/lib/python3.7/site-packages/airflow/example_dags/tutorial.py
[2023-02-07T15:15:09.202+0000] {processor.py:753} INFO - DAG(s) dict_keys(['tutorial']) retrieved from /home/airflow/.local/lib/python3.7/site-packages/airflow/example_dags/tutorial.py
[2023-02-07T15:15:09.227+0000] {logging_mixin.py:137} INFO - [2023-02-07T15:15:09.226+0000] {dag.py:2690} INFO - Sync 1 DAGs
[2023-02-07T15:15:09.260+0000] {logging_mixin.py:137} INFO - [2023-02-07T15:15:09.260+0000] {dag.py:3441} INFO - Setting next_dagrun for tutorial to 2023-02-06T15:15:09.259699+00:00, run_after=2023-02-07T15:15:09.259699+00:00
[2023-02-07T15:15:09.291+0000] {processor.py:175} INFO - Processing /home/airflow/.local/lib/python3.7/site-packages/airflow/example_dags/tutorial.py took 0.115 seconds
[2023-02-07T15:15:39.617+0000] {processor.py:153} INFO - Started process (PID=4011) to work on /home/airflow/.local/lib/python3.7/site-packages/airflow/example_dags/tutorial.py
[2023-02-07T15:15:39.617+0000] {processor.py:743} INFO - Processing file /home/airflow/.local/lib/python3.7/site-packages/airflow/example_dags/tutorial.py for tasks to queue
[2023-02-07T15:15:39.618+0000] {logging_mixin.py:137} INFO - [2023-02-07T15:15:39.618+0000] {dagbag.py:538} INFO - Filling up the DagBag from /home/airflow/.local/lib/python3.7/site-packages/airflow/example_dags/tutorial.py
[2023-02-07T15:15:39.632+0000] {processor.py:753} INFO - DAG(s) dict_keys(['tutorial']) retrieved from /home/airflow/.local/lib/python3.7/site-packages/airflow/example_dags/tutorial.py
[2023-02-07T15:15:39.662+0000] {logging_mixin.py:137} INFO - [2023-02-07T15:15:39.662+0000] {dag.py:2690} INFO - Sync 1 DAGs
[2023-02-07T15:15:39.689+0000] {logging_mixin.py:137} INFO - [2023-02-07T15:15:39.688+0000] {dag.py:3441} INFO - Setting next_dagrun for tutorial to 2023-02-06T15:15:39.688682+00:00, run_after=2023-02-07T15:15:39.688682+00:00
[2023-02-07T15:15:39.711+0000] {processor.py:175} INFO - Processing /home/airflow/.local/lib/python3.7/site-packages/airflow/example_dags/tutorial.py took 0.098 seconds
[2023-02-07T15:16:10.223+0000] {processor.py:153} INFO - Started process (PID=4076) to work on /home/airflow/.local/lib/python3.7/site-packages/airflow/example_dags/tutorial.py
[2023-02-07T15:16:10.224+0000] {processor.py:743} INFO - Processing file /home/airflow/.local/lib/python3.7/site-packages/airflow/example_dags/tutorial.py for tasks to queue
[2023-02-07T15:16:10.225+0000] {logging_mixin.py:137} INFO - [2023-02-07T15:16:10.225+0000] {dagbag.py:538} INFO - Filling up the DagBag from /home/airflow/.local/lib/python3.7/site-packages/airflow/example_dags/tutorial.py
[2023-02-07T15:16:10.244+0000] {processor.py:753} INFO - DAG(s) dict_keys(['tutorial']) retrieved from /home/airflow/.local/lib/python3.7/site-packages/airflow/example_dags/tutorial.py
[2023-02-07T15:16:10.277+0000] {logging_mixin.py:137} INFO - [2023-02-07T15:16:10.277+0000] {dag.py:2690} INFO - Sync 1 DAGs
[2023-02-07T15:16:10.312+0000] {logging_mixin.py:137} INFO - [2023-02-07T15:16:10.311+0000] {dag.py:3441} INFO - Setting next_dagrun for tutorial to 2023-02-06T15:16:10.311507+00:00, run_after=2023-02-07T15:16:10.311507+00:00
[2023-02-07T15:16:10.342+0000] {processor.py:175} INFO - Processing /home/airflow/.local/lib/python3.7/site-packages/airflow/example_dags/tutorial.py took 0.123 seconds
[2023-02-07T15:16:40.547+0000] {processor.py:153} INFO - Started process (PID=4153) to work on /home/airflow/.local/lib/python3.7/site-packages/airflow/example_dags/tutorial.py
[2023-02-07T15:16:40.548+0000] {processor.py:743} INFO - Processing file /home/airflow/.local/lib/python3.7/site-packages/airflow/example_dags/tutorial.py for tasks to queue
[2023-02-07T15:16:40.548+0000] {logging_mixin.py:137} INFO - [2023-02-07T15:16:40.548+0000] {dagbag.py:538} INFO - Filling up the DagBag from /home/airflow/.local/lib/python3.7/site-packages/airflow/example_dags/tutorial.py
[2023-02-07T15:16:40.564+0000] {processor.py:753} INFO - DAG(s) dict_keys(['tutorial']) retrieved from /home/airflow/.local/lib/python3.7/site-packages/airflow/example_dags/tutorial.py
[2023-02-07T15:16:40.591+0000] {logging_mixin.py:137} INFO - [2023-02-07T15:16:40.591+0000] {dag.py:2690} INFO - Sync 1 DAGs
[2023-02-07T15:16:40.615+0000] {logging_mixin.py:137} INFO - [2023-02-07T15:16:40.615+0000] {dag.py:3441} INFO - Setting next_dagrun for tutorial to 2023-02-06T15:16:40.614928+00:00, run_after=2023-02-07T15:16:40.614928+00:00
[2023-02-07T15:16:40.641+0000] {processor.py:175} INFO - Processing /home/airflow/.local/lib/python3.7/site-packages/airflow/example_dags/tutorial.py took 0.097 seconds
