[2023-02-28T11:19:45.879+0000] {processor.py:153} INFO - Started process (PID=93) to work on /home/airflow/.local/lib/python3.7/site-packages/airflow/example_dags/example_branch_python_dop_operator_3.py
[2023-02-28T11:19:45.881+0000] {processor.py:743} INFO - Processing file /home/airflow/.local/lib/python3.7/site-packages/airflow/example_dags/example_branch_python_dop_operator_3.py for tasks to queue
[2023-02-28T11:19:45.882+0000] {logging_mixin.py:137} INFO - [2023-02-28T11:19:45.881+0000] {dagbag.py:538} INFO - Filling up the DagBag from /home/airflow/.local/lib/python3.7/site-packages/airflow/example_dags/example_branch_python_dop_operator_3.py
[2023-02-28T11:19:45.916+0000] {processor.py:753} INFO - DAG(s) dict_keys(['example_branch_dop_operator_v3']) retrieved from /home/airflow/.local/lib/python3.7/site-packages/airflow/example_dags/example_branch_python_dop_operator_3.py
[2023-02-28T11:19:45.952+0000] {logging_mixin.py:137} INFO - [2023-02-28T11:19:45.952+0000] {dag.py:2690} INFO - Sync 1 DAGs
[2023-02-28T11:19:45.988+0000] {logging_mixin.py:137} INFO - [2023-02-28T11:19:45.987+0000] {dag.py:3441} INFO - Setting next_dagrun for example_branch_dop_operator_v3 to 2023-02-28T11:18:00+00:00, run_after=2023-02-28T11:19:00+00:00
[2023-02-28T11:19:46.025+0000] {processor.py:175} INFO - Processing /home/airflow/.local/lib/python3.7/site-packages/airflow/example_dags/example_branch_python_dop_operator_3.py took 0.150 seconds
[2023-02-28T11:20:17.055+0000] {processor.py:153} INFO - Started process (PID=168) to work on /home/airflow/.local/lib/python3.7/site-packages/airflow/example_dags/example_branch_python_dop_operator_3.py
[2023-02-28T11:20:17.069+0000] {processor.py:743} INFO - Processing file /home/airflow/.local/lib/python3.7/site-packages/airflow/example_dags/example_branch_python_dop_operator_3.py for tasks to queue
[2023-02-28T11:20:17.070+0000] {logging_mixin.py:137} INFO - [2023-02-28T11:20:17.070+0000] {dagbag.py:538} INFO - Filling up the DagBag from /home/airflow/.local/lib/python3.7/site-packages/airflow/example_dags/example_branch_python_dop_operator_3.py
[2023-02-28T11:20:17.113+0000] {processor.py:753} INFO - DAG(s) dict_keys(['example_branch_dop_operator_v3']) retrieved from /home/airflow/.local/lib/python3.7/site-packages/airflow/example_dags/example_branch_python_dop_operator_3.py
[2023-02-28T11:20:17.151+0000] {logging_mixin.py:137} INFO - [2023-02-28T11:20:17.150+0000] {dag.py:2690} INFO - Sync 1 DAGs
[2023-02-28T11:20:17.199+0000] {logging_mixin.py:137} INFO - [2023-02-28T11:20:17.199+0000] {dag.py:3441} INFO - Setting next_dagrun for example_branch_dop_operator_v3 to 2023-02-28T11:19:00+00:00, run_after=2023-02-28T11:20:00+00:00
[2023-02-28T11:20:17.241+0000] {processor.py:175} INFO - Processing /home/airflow/.local/lib/python3.7/site-packages/airflow/example_dags/example_branch_python_dop_operator_3.py took 0.191 seconds
[2023-02-28T11:20:47.285+0000] {processor.py:153} INFO - Started process (PID=236) to work on /home/airflow/.local/lib/python3.7/site-packages/airflow/example_dags/example_branch_python_dop_operator_3.py
[2023-02-28T11:20:47.286+0000] {processor.py:743} INFO - Processing file /home/airflow/.local/lib/python3.7/site-packages/airflow/example_dags/example_branch_python_dop_operator_3.py for tasks to queue
[2023-02-28T11:20:47.286+0000] {logging_mixin.py:137} INFO - [2023-02-28T11:20:47.286+0000] {dagbag.py:538} INFO - Filling up the DagBag from /home/airflow/.local/lib/python3.7/site-packages/airflow/example_dags/example_branch_python_dop_operator_3.py
[2023-02-28T11:20:47.310+0000] {processor.py:753} INFO - DAG(s) dict_keys(['example_branch_dop_operator_v3']) retrieved from /home/airflow/.local/lib/python3.7/site-packages/airflow/example_dags/example_branch_python_dop_operator_3.py
[2023-02-28T11:20:47.332+0000] {logging_mixin.py:137} INFO - [2023-02-28T11:20:47.332+0000] {dag.py:2690} INFO - Sync 1 DAGs
[2023-02-28T11:20:47.360+0000] {logging_mixin.py:137} INFO - [2023-02-28T11:20:47.360+0000] {dag.py:3441} INFO - Setting next_dagrun for example_branch_dop_operator_v3 to 2023-02-28T11:19:00+00:00, run_after=2023-02-28T11:20:00+00:00
[2023-02-28T11:20:47.382+0000] {processor.py:175} INFO - Processing /home/airflow/.local/lib/python3.7/site-packages/airflow/example_dags/example_branch_python_dop_operator_3.py took 0.101 seconds
[2023-02-28T11:21:17.457+0000] {processor.py:153} INFO - Started process (PID=303) to work on /home/airflow/.local/lib/python3.7/site-packages/airflow/example_dags/example_branch_python_dop_operator_3.py
[2023-02-28T11:21:17.463+0000] {processor.py:743} INFO - Processing file /home/airflow/.local/lib/python3.7/site-packages/airflow/example_dags/example_branch_python_dop_operator_3.py for tasks to queue
[2023-02-28T11:21:17.464+0000] {logging_mixin.py:137} INFO - [2023-02-28T11:21:17.464+0000] {dagbag.py:538} INFO - Filling up the DagBag from /home/airflow/.local/lib/python3.7/site-packages/airflow/example_dags/example_branch_python_dop_operator_3.py
[2023-02-28T11:21:17.497+0000] {processor.py:753} INFO - DAG(s) dict_keys(['example_branch_dop_operator_v3']) retrieved from /home/airflow/.local/lib/python3.7/site-packages/airflow/example_dags/example_branch_python_dop_operator_3.py
[2023-02-28T11:21:17.525+0000] {logging_mixin.py:137} INFO - [2023-02-28T11:21:17.525+0000] {dag.py:2690} INFO - Sync 1 DAGs
[2023-02-28T11:21:17.560+0000] {logging_mixin.py:137} INFO - [2023-02-28T11:21:17.560+0000] {dag.py:3441} INFO - Setting next_dagrun for example_branch_dop_operator_v3 to 2023-02-28T11:20:00+00:00, run_after=2023-02-28T11:21:00+00:00
[2023-02-28T11:21:17.584+0000] {processor.py:175} INFO - Processing /home/airflow/.local/lib/python3.7/site-packages/airflow/example_dags/example_branch_python_dop_operator_3.py took 0.131 seconds
[2023-02-28T11:21:48.381+0000] {processor.py:153} INFO - Started process (PID=381) to work on /home/airflow/.local/lib/python3.7/site-packages/airflow/example_dags/example_branch_python_dop_operator_3.py
[2023-02-28T11:21:48.382+0000] {processor.py:743} INFO - Processing file /home/airflow/.local/lib/python3.7/site-packages/airflow/example_dags/example_branch_python_dop_operator_3.py for tasks to queue
[2023-02-28T11:21:48.383+0000] {logging_mixin.py:137} INFO - [2023-02-28T11:21:48.383+0000] {dagbag.py:538} INFO - Filling up the DagBag from /home/airflow/.local/lib/python3.7/site-packages/airflow/example_dags/example_branch_python_dop_operator_3.py
[2023-02-28T11:21:48.406+0000] {processor.py:753} INFO - DAG(s) dict_keys(['example_branch_dop_operator_v3']) retrieved from /home/airflow/.local/lib/python3.7/site-packages/airflow/example_dags/example_branch_python_dop_operator_3.py
[2023-02-28T11:21:48.428+0000] {logging_mixin.py:137} INFO - [2023-02-28T11:21:48.428+0000] {dag.py:2690} INFO - Sync 1 DAGs
[2023-02-28T11:21:48.458+0000] {logging_mixin.py:137} INFO - [2023-02-28T11:21:48.458+0000] {dag.py:3441} INFO - Setting next_dagrun for example_branch_dop_operator_v3 to 2023-02-28T11:20:00+00:00, run_after=2023-02-28T11:21:00+00:00
[2023-02-28T11:21:48.482+0000] {processor.py:175} INFO - Processing /home/airflow/.local/lib/python3.7/site-packages/airflow/example_dags/example_branch_python_dop_operator_3.py took 0.104 seconds
[2023-02-28T11:22:19.330+0000] {processor.py:153} INFO - Started process (PID=447) to work on /home/airflow/.local/lib/python3.7/site-packages/airflow/example_dags/example_branch_python_dop_operator_3.py
[2023-02-28T11:22:19.331+0000] {processor.py:743} INFO - Processing file /home/airflow/.local/lib/python3.7/site-packages/airflow/example_dags/example_branch_python_dop_operator_3.py for tasks to queue
[2023-02-28T11:22:19.332+0000] {logging_mixin.py:137} INFO - [2023-02-28T11:22:19.332+0000] {dagbag.py:538} INFO - Filling up the DagBag from /home/airflow/.local/lib/python3.7/site-packages/airflow/example_dags/example_branch_python_dop_operator_3.py
[2023-02-28T11:22:19.355+0000] {processor.py:753} INFO - DAG(s) dict_keys(['example_branch_dop_operator_v3']) retrieved from /home/airflow/.local/lib/python3.7/site-packages/airflow/example_dags/example_branch_python_dop_operator_3.py
[2023-02-28T11:22:19.379+0000] {logging_mixin.py:137} INFO - [2023-02-28T11:22:19.379+0000] {dag.py:2690} INFO - Sync 1 DAGs
[2023-02-28T11:22:19.410+0000] {logging_mixin.py:137} INFO - [2023-02-28T11:22:19.410+0000] {dag.py:3441} INFO - Setting next_dagrun for example_branch_dop_operator_v3 to 2023-02-28T11:21:00+00:00, run_after=2023-02-28T11:22:00+00:00
[2023-02-28T11:22:19.438+0000] {processor.py:175} INFO - Processing /home/airflow/.local/lib/python3.7/site-packages/airflow/example_dags/example_branch_python_dop_operator_3.py took 0.112 seconds
[2023-02-28T11:22:51.204+0000] {processor.py:153} INFO - Started process (PID=524) to work on /home/airflow/.local/lib/python3.7/site-packages/airflow/example_dags/example_branch_python_dop_operator_3.py
[2023-02-28T11:22:51.279+0000] {processor.py:743} INFO - Processing file /home/airflow/.local/lib/python3.7/site-packages/airflow/example_dags/example_branch_python_dop_operator_3.py for tasks to queue
[2023-02-28T11:22:51.280+0000] {logging_mixin.py:137} INFO - [2023-02-28T11:22:51.280+0000] {dagbag.py:538} INFO - Filling up the DagBag from /home/airflow/.local/lib/python3.7/site-packages/airflow/example_dags/example_branch_python_dop_operator_3.py
[2023-02-28T11:22:51.304+0000] {processor.py:753} INFO - DAG(s) dict_keys(['example_branch_dop_operator_v3']) retrieved from /home/airflow/.local/lib/python3.7/site-packages/airflow/example_dags/example_branch_python_dop_operator_3.py
[2023-02-28T11:22:51.332+0000] {logging_mixin.py:137} INFO - [2023-02-28T11:22:51.332+0000] {dag.py:2690} INFO - Sync 1 DAGs
[2023-02-28T11:22:51.368+0000] {logging_mixin.py:137} INFO - [2023-02-28T11:22:51.368+0000] {dag.py:3441} INFO - Setting next_dagrun for example_branch_dop_operator_v3 to 2023-02-28T11:21:00+00:00, run_after=2023-02-28T11:22:00+00:00
[2023-02-28T11:22:51.449+0000] {processor.py:175} INFO - Processing /home/airflow/.local/lib/python3.7/site-packages/airflow/example_dags/example_branch_python_dop_operator_3.py took 0.250 seconds
[2023-02-28T11:23:21.750+0000] {processor.py:153} INFO - Started process (PID=589) to work on /home/airflow/.local/lib/python3.7/site-packages/airflow/example_dags/example_branch_python_dop_operator_3.py
[2023-02-28T11:23:21.752+0000] {processor.py:743} INFO - Processing file /home/airflow/.local/lib/python3.7/site-packages/airflow/example_dags/example_branch_python_dop_operator_3.py for tasks to queue
[2023-02-28T11:23:21.753+0000] {logging_mixin.py:137} INFO - [2023-02-28T11:23:21.753+0000] {dagbag.py:538} INFO - Filling up the DagBag from /home/airflow/.local/lib/python3.7/site-packages/airflow/example_dags/example_branch_python_dop_operator_3.py
[2023-02-28T11:23:21.789+0000] {processor.py:753} INFO - DAG(s) dict_keys(['example_branch_dop_operator_v3']) retrieved from /home/airflow/.local/lib/python3.7/site-packages/airflow/example_dags/example_branch_python_dop_operator_3.py
[2023-02-28T11:23:21.823+0000] {logging_mixin.py:137} INFO - [2023-02-28T11:23:21.823+0000] {dag.py:2690} INFO - Sync 1 DAGs
[2023-02-28T11:23:21.866+0000] {logging_mixin.py:137} INFO - [2023-02-28T11:23:21.866+0000] {dag.py:3441} INFO - Setting next_dagrun for example_branch_dop_operator_v3 to 2023-02-28T11:22:00+00:00, run_after=2023-02-28T11:23:00+00:00
[2023-02-28T11:23:21.896+0000] {processor.py:175} INFO - Processing /home/airflow/.local/lib/python3.7/site-packages/airflow/example_dags/example_branch_python_dop_operator_3.py took 0.151 seconds
[2023-02-28T11:23:51.943+0000] {processor.py:153} INFO - Started process (PID=668) to work on /home/airflow/.local/lib/python3.7/site-packages/airflow/example_dags/example_branch_python_dop_operator_3.py
[2023-02-28T11:23:51.943+0000] {processor.py:743} INFO - Processing file /home/airflow/.local/lib/python3.7/site-packages/airflow/example_dags/example_branch_python_dop_operator_3.py for tasks to queue
[2023-02-28T11:23:51.944+0000] {logging_mixin.py:137} INFO - [2023-02-28T11:23:51.944+0000] {dagbag.py:538} INFO - Filling up the DagBag from /home/airflow/.local/lib/python3.7/site-packages/airflow/example_dags/example_branch_python_dop_operator_3.py
[2023-02-28T11:23:51.967+0000] {processor.py:753} INFO - DAG(s) dict_keys(['example_branch_dop_operator_v3']) retrieved from /home/airflow/.local/lib/python3.7/site-packages/airflow/example_dags/example_branch_python_dop_operator_3.py
[2023-02-28T11:23:51.990+0000] {logging_mixin.py:137} INFO - [2023-02-28T11:23:51.990+0000] {dag.py:2690} INFO - Sync 1 DAGs
[2023-02-28T11:23:52.019+0000] {logging_mixin.py:137} INFO - [2023-02-28T11:23:52.019+0000] {dag.py:3441} INFO - Setting next_dagrun for example_branch_dop_operator_v3 to 2023-02-28T11:22:00+00:00, run_after=2023-02-28T11:23:00+00:00
[2023-02-28T11:23:52.046+0000] {processor.py:175} INFO - Processing /home/airflow/.local/lib/python3.7/site-packages/airflow/example_dags/example_branch_python_dop_operator_3.py took 0.106 seconds
[2023-02-28T11:24:23.365+0000] {processor.py:153} INFO - Started process (PID=735) to work on /home/airflow/.local/lib/python3.7/site-packages/airflow/example_dags/example_branch_python_dop_operator_3.py
[2023-02-28T11:24:23.366+0000] {processor.py:743} INFO - Processing file /home/airflow/.local/lib/python3.7/site-packages/airflow/example_dags/example_branch_python_dop_operator_3.py for tasks to queue
[2023-02-28T11:24:23.367+0000] {logging_mixin.py:137} INFO - [2023-02-28T11:24:23.366+0000] {dagbag.py:538} INFO - Filling up the DagBag from /home/airflow/.local/lib/python3.7/site-packages/airflow/example_dags/example_branch_python_dop_operator_3.py
[2023-02-28T11:24:23.392+0000] {processor.py:753} INFO - DAG(s) dict_keys(['example_branch_dop_operator_v3']) retrieved from /home/airflow/.local/lib/python3.7/site-packages/airflow/example_dags/example_branch_python_dop_operator_3.py
[2023-02-28T11:24:23.422+0000] {logging_mixin.py:137} INFO - [2023-02-28T11:24:23.421+0000] {dag.py:2690} INFO - Sync 1 DAGs
[2023-02-28T11:24:23.458+0000] {logging_mixin.py:137} INFO - [2023-02-28T11:24:23.458+0000] {dag.py:3441} INFO - Setting next_dagrun for example_branch_dop_operator_v3 to 2023-02-28T11:23:00+00:00, run_after=2023-02-28T11:24:00+00:00
[2023-02-28T11:24:23.491+0000] {processor.py:175} INFO - Processing /home/airflow/.local/lib/python3.7/site-packages/airflow/example_dags/example_branch_python_dop_operator_3.py took 0.130 seconds
