[2023-02-28T11:19:43.246+0000] {processor.py:153} INFO - Started process (PID=75) to work on /home/airflow/.local/lib/python3.7/site-packages/airflow/example_dags/example_complex.py
[2023-02-28T11:19:43.247+0000] {processor.py:743} INFO - Processing file /home/airflow/.local/lib/python3.7/site-packages/airflow/example_dags/example_complex.py for tasks to queue
[2023-02-28T11:19:43.247+0000] {logging_mixin.py:137} INFO - [2023-02-28T11:19:43.247+0000] {dagbag.py:538} INFO - Filling up the DagBag from /home/airflow/.local/lib/python3.7/site-packages/airflow/example_dags/example_complex.py
[2023-02-28T11:19:43.260+0000] {logging_mixin.py:137} INFO - [2023-02-28T11:19:43.260+0000] {taskmixin.py:205} WARNING - Dependency <Task(BashOperator): create_entry_group>, delete_entry_group already registered for DAG: example_complex
[2023-02-28T11:19:43.260+0000] {logging_mixin.py:137} INFO - [2023-02-28T11:19:43.260+0000] {taskmixin.py:205} WARNING - Dependency <Task(BashOperator): delete_entry_group>, create_entry_group already registered for DAG: example_complex
[2023-02-28T11:19:43.260+0000] {logging_mixin.py:137} INFO - [2023-02-28T11:19:43.260+0000] {taskmixin.py:205} WARNING - Dependency <Task(BashOperator): create_entry_gcs>, delete_entry already registered for DAG: example_complex
[2023-02-28T11:19:43.261+0000] {logging_mixin.py:137} INFO - [2023-02-28T11:19:43.261+0000] {taskmixin.py:205} WARNING - Dependency <Task(BashOperator): delete_entry>, create_entry_gcs already registered for DAG: example_complex
[2023-02-28T11:19:43.261+0000] {logging_mixin.py:137} INFO - [2023-02-28T11:19:43.261+0000] {taskmixin.py:205} WARNING - Dependency <Task(BashOperator): create_tag>, delete_tag already registered for DAG: example_complex
[2023-02-28T11:19:43.261+0000] {logging_mixin.py:137} INFO - [2023-02-28T11:19:43.261+0000] {taskmixin.py:205} WARNING - Dependency <Task(BashOperator): delete_tag>, create_tag already registered for DAG: example_complex
[2023-02-28T11:19:43.268+0000] {processor.py:753} INFO - DAG(s) dict_keys(['example_complex']) retrieved from /home/airflow/.local/lib/python3.7/site-packages/airflow/example_dags/example_complex.py
[2023-02-28T11:19:43.298+0000] {logging_mixin.py:137} INFO - [2023-02-28T11:19:43.298+0000] {dag.py:2690} INFO - Sync 1 DAGs
[2023-02-28T11:19:43.337+0000] {logging_mixin.py:137} INFO - [2023-02-28T11:19:43.337+0000] {dag.py:3441} INFO - Setting next_dagrun for example_complex to None, run_after=None
[2023-02-28T11:19:43.389+0000] {processor.py:175} INFO - Processing /home/airflow/.local/lib/python3.7/site-packages/airflow/example_dags/example_complex.py took 0.150 seconds
[2023-02-28T11:20:14.079+0000] {processor.py:153} INFO - Started process (PID=139) to work on /home/airflow/.local/lib/python3.7/site-packages/airflow/example_dags/example_complex.py
[2023-02-28T11:20:14.080+0000] {processor.py:743} INFO - Processing file /home/airflow/.local/lib/python3.7/site-packages/airflow/example_dags/example_complex.py for tasks to queue
[2023-02-28T11:20:14.081+0000] {logging_mixin.py:137} INFO - [2023-02-28T11:20:14.081+0000] {dagbag.py:538} INFO - Filling up the DagBag from /home/airflow/.local/lib/python3.7/site-packages/airflow/example_dags/example_complex.py
[2023-02-28T11:20:14.097+0000] {logging_mixin.py:137} INFO - [2023-02-28T11:20:14.097+0000] {taskmixin.py:205} WARNING - Dependency <Task(BashOperator): create_entry_group>, delete_entry_group already registered for DAG: example_complex
[2023-02-28T11:20:14.097+0000] {logging_mixin.py:137} INFO - [2023-02-28T11:20:14.097+0000] {taskmixin.py:205} WARNING - Dependency <Task(BashOperator): delete_entry_group>, create_entry_group already registered for DAG: example_complex
[2023-02-28T11:20:14.098+0000] {logging_mixin.py:137} INFO - [2023-02-28T11:20:14.098+0000] {taskmixin.py:205} WARNING - Dependency <Task(BashOperator): create_entry_gcs>, delete_entry already registered for DAG: example_complex
[2023-02-28T11:20:14.098+0000] {logging_mixin.py:137} INFO - [2023-02-28T11:20:14.098+0000] {taskmixin.py:205} WARNING - Dependency <Task(BashOperator): delete_entry>, create_entry_gcs already registered for DAG: example_complex
[2023-02-28T11:20:14.098+0000] {logging_mixin.py:137} INFO - [2023-02-28T11:20:14.098+0000] {taskmixin.py:205} WARNING - Dependency <Task(BashOperator): create_tag>, delete_tag already registered for DAG: example_complex
[2023-02-28T11:20:14.098+0000] {logging_mixin.py:137} INFO - [2023-02-28T11:20:14.098+0000] {taskmixin.py:205} WARNING - Dependency <Task(BashOperator): delete_tag>, create_tag already registered for DAG: example_complex
[2023-02-28T11:20:14.107+0000] {processor.py:753} INFO - DAG(s) dict_keys(['example_complex']) retrieved from /home/airflow/.local/lib/python3.7/site-packages/airflow/example_dags/example_complex.py
[2023-02-28T11:20:14.135+0000] {logging_mixin.py:137} INFO - [2023-02-28T11:20:14.135+0000] {dag.py:2690} INFO - Sync 1 DAGs
[2023-02-28T11:20:14.162+0000] {logging_mixin.py:137} INFO - [2023-02-28T11:20:14.162+0000] {dag.py:3441} INFO - Setting next_dagrun for example_complex to None, run_after=None
[2023-02-28T11:20:14.196+0000] {processor.py:175} INFO - Processing /home/airflow/.local/lib/python3.7/site-packages/airflow/example_dags/example_complex.py took 0.122 seconds
[2023-02-28T11:20:44.257+0000] {processor.py:153} INFO - Started process (PID=217) to work on /home/airflow/.local/lib/python3.7/site-packages/airflow/example_dags/example_complex.py
[2023-02-28T11:20:44.258+0000] {processor.py:743} INFO - Processing file /home/airflow/.local/lib/python3.7/site-packages/airflow/example_dags/example_complex.py for tasks to queue
[2023-02-28T11:20:44.259+0000] {logging_mixin.py:137} INFO - [2023-02-28T11:20:44.259+0000] {dagbag.py:538} INFO - Filling up the DagBag from /home/airflow/.local/lib/python3.7/site-packages/airflow/example_dags/example_complex.py
[2023-02-28T11:20:44.276+0000] {logging_mixin.py:137} INFO - [2023-02-28T11:20:44.276+0000] {taskmixin.py:205} WARNING - Dependency <Task(BashOperator): create_entry_group>, delete_entry_group already registered for DAG: example_complex
[2023-02-28T11:20:44.276+0000] {logging_mixin.py:137} INFO - [2023-02-28T11:20:44.276+0000] {taskmixin.py:205} WARNING - Dependency <Task(BashOperator): delete_entry_group>, create_entry_group already registered for DAG: example_complex
[2023-02-28T11:20:44.277+0000] {logging_mixin.py:137} INFO - [2023-02-28T11:20:44.277+0000] {taskmixin.py:205} WARNING - Dependency <Task(BashOperator): create_entry_gcs>, delete_entry already registered for DAG: example_complex
[2023-02-28T11:20:44.277+0000] {logging_mixin.py:137} INFO - [2023-02-28T11:20:44.277+0000] {taskmixin.py:205} WARNING - Dependency <Task(BashOperator): delete_entry>, create_entry_gcs already registered for DAG: example_complex
[2023-02-28T11:20:44.277+0000] {logging_mixin.py:137} INFO - [2023-02-28T11:20:44.277+0000] {taskmixin.py:205} WARNING - Dependency <Task(BashOperator): create_tag>, delete_tag already registered for DAG: example_complex
[2023-02-28T11:20:44.278+0000] {logging_mixin.py:137} INFO - [2023-02-28T11:20:44.278+0000] {taskmixin.py:205} WARNING - Dependency <Task(BashOperator): delete_tag>, create_tag already registered for DAG: example_complex
[2023-02-28T11:20:44.288+0000] {processor.py:753} INFO - DAG(s) dict_keys(['example_complex']) retrieved from /home/airflow/.local/lib/python3.7/site-packages/airflow/example_dags/example_complex.py
[2023-02-28T11:20:44.332+0000] {logging_mixin.py:137} INFO - [2023-02-28T11:20:44.332+0000] {dag.py:2690} INFO - Sync 1 DAGs
[2023-02-28T11:20:44.368+0000] {logging_mixin.py:137} INFO - [2023-02-28T11:20:44.367+0000] {dag.py:3441} INFO - Setting next_dagrun for example_complex to None, run_after=None
[2023-02-28T11:20:44.398+0000] {processor.py:175} INFO - Processing /home/airflow/.local/lib/python3.7/site-packages/airflow/example_dags/example_complex.py took 0.146 seconds
[2023-02-28T11:21:15.127+0000] {processor.py:153} INFO - Started process (PID=284) to work on /home/airflow/.local/lib/python3.7/site-packages/airflow/example_dags/example_complex.py
[2023-02-28T11:21:15.128+0000] {processor.py:743} INFO - Processing file /home/airflow/.local/lib/python3.7/site-packages/airflow/example_dags/example_complex.py for tasks to queue
[2023-02-28T11:21:15.129+0000] {logging_mixin.py:137} INFO - [2023-02-28T11:21:15.129+0000] {dagbag.py:538} INFO - Filling up the DagBag from /home/airflow/.local/lib/python3.7/site-packages/airflow/example_dags/example_complex.py
[2023-02-28T11:21:15.140+0000] {logging_mixin.py:137} INFO - [2023-02-28T11:21:15.139+0000] {taskmixin.py:205} WARNING - Dependency <Task(BashOperator): create_entry_group>, delete_entry_group already registered for DAG: example_complex
[2023-02-28T11:21:15.140+0000] {logging_mixin.py:137} INFO - [2023-02-28T11:21:15.140+0000] {taskmixin.py:205} WARNING - Dependency <Task(BashOperator): delete_entry_group>, create_entry_group already registered for DAG: example_complex
[2023-02-28T11:21:15.140+0000] {logging_mixin.py:137} INFO - [2023-02-28T11:21:15.140+0000] {taskmixin.py:205} WARNING - Dependency <Task(BashOperator): create_entry_gcs>, delete_entry already registered for DAG: example_complex
[2023-02-28T11:21:15.140+0000] {logging_mixin.py:137} INFO - [2023-02-28T11:21:15.140+0000] {taskmixin.py:205} WARNING - Dependency <Task(BashOperator): delete_entry>, create_entry_gcs already registered for DAG: example_complex
[2023-02-28T11:21:15.140+0000] {logging_mixin.py:137} INFO - [2023-02-28T11:21:15.140+0000] {taskmixin.py:205} WARNING - Dependency <Task(BashOperator): create_tag>, delete_tag already registered for DAG: example_complex
[2023-02-28T11:21:15.141+0000] {logging_mixin.py:137} INFO - [2023-02-28T11:21:15.140+0000] {taskmixin.py:205} WARNING - Dependency <Task(BashOperator): delete_tag>, create_tag already registered for DAG: example_complex
[2023-02-28T11:21:15.147+0000] {processor.py:753} INFO - DAG(s) dict_keys(['example_complex']) retrieved from /home/airflow/.local/lib/python3.7/site-packages/airflow/example_dags/example_complex.py
[2023-02-28T11:21:15.176+0000] {logging_mixin.py:137} INFO - [2023-02-28T11:21:15.176+0000] {dag.py:2690} INFO - Sync 1 DAGs
[2023-02-28T11:21:15.204+0000] {logging_mixin.py:137} INFO - [2023-02-28T11:21:15.204+0000] {dag.py:3441} INFO - Setting next_dagrun for example_complex to None, run_after=None
[2023-02-28T11:21:15.233+0000] {processor.py:175} INFO - Processing /home/airflow/.local/lib/python3.7/site-packages/airflow/example_dags/example_complex.py took 0.109 seconds
[2023-02-28T11:21:45.716+0000] {processor.py:153} INFO - Started process (PID=359) to work on /home/airflow/.local/lib/python3.7/site-packages/airflow/example_dags/example_complex.py
[2023-02-28T11:21:45.718+0000] {processor.py:743} INFO - Processing file /home/airflow/.local/lib/python3.7/site-packages/airflow/example_dags/example_complex.py for tasks to queue
[2023-02-28T11:21:45.719+0000] {logging_mixin.py:137} INFO - [2023-02-28T11:21:45.719+0000] {dagbag.py:538} INFO - Filling up the DagBag from /home/airflow/.local/lib/python3.7/site-packages/airflow/example_dags/example_complex.py
[2023-02-28T11:21:45.745+0000] {logging_mixin.py:137} INFO - [2023-02-28T11:21:45.744+0000] {taskmixin.py:205} WARNING - Dependency <Task(BashOperator): create_entry_group>, delete_entry_group already registered for DAG: example_complex
[2023-02-28T11:21:45.745+0000] {logging_mixin.py:137} INFO - [2023-02-28T11:21:45.745+0000] {taskmixin.py:205} WARNING - Dependency <Task(BashOperator): delete_entry_group>, create_entry_group already registered for DAG: example_complex
[2023-02-28T11:21:45.745+0000] {logging_mixin.py:137} INFO - [2023-02-28T11:21:45.745+0000] {taskmixin.py:205} WARNING - Dependency <Task(BashOperator): create_entry_gcs>, delete_entry already registered for DAG: example_complex
[2023-02-28T11:21:45.746+0000] {logging_mixin.py:137} INFO - [2023-02-28T11:21:45.745+0000] {taskmixin.py:205} WARNING - Dependency <Task(BashOperator): delete_entry>, create_entry_gcs already registered for DAG: example_complex
[2023-02-28T11:21:45.746+0000] {logging_mixin.py:137} INFO - [2023-02-28T11:21:45.746+0000] {taskmixin.py:205} WARNING - Dependency <Task(BashOperator): create_tag>, delete_tag already registered for DAG: example_complex
[2023-02-28T11:21:45.746+0000] {logging_mixin.py:137} INFO - [2023-02-28T11:21:45.746+0000] {taskmixin.py:205} WARNING - Dependency <Task(BashOperator): delete_tag>, create_tag already registered for DAG: example_complex
[2023-02-28T11:21:45.760+0000] {processor.py:753} INFO - DAG(s) dict_keys(['example_complex']) retrieved from /home/airflow/.local/lib/python3.7/site-packages/airflow/example_dags/example_complex.py
[2023-02-28T11:21:45.817+0000] {logging_mixin.py:137} INFO - [2023-02-28T11:21:45.817+0000] {dag.py:2690} INFO - Sync 1 DAGs
[2023-02-28T11:21:45.865+0000] {logging_mixin.py:137} INFO - [2023-02-28T11:21:45.865+0000] {dag.py:3441} INFO - Setting next_dagrun for example_complex to None, run_after=None
[2023-02-28T11:21:45.920+0000] {processor.py:175} INFO - Processing /home/airflow/.local/lib/python3.7/site-packages/airflow/example_dags/example_complex.py took 0.221 seconds
[2023-02-28T11:22:16.794+0000] {processor.py:153} INFO - Started process (PID=428) to work on /home/airflow/.local/lib/python3.7/site-packages/airflow/example_dags/example_complex.py
[2023-02-28T11:22:16.796+0000] {processor.py:743} INFO - Processing file /home/airflow/.local/lib/python3.7/site-packages/airflow/example_dags/example_complex.py for tasks to queue
[2023-02-28T11:22:16.797+0000] {logging_mixin.py:137} INFO - [2023-02-28T11:22:16.797+0000] {dagbag.py:538} INFO - Filling up the DagBag from /home/airflow/.local/lib/python3.7/site-packages/airflow/example_dags/example_complex.py
[2023-02-28T11:22:16.819+0000] {logging_mixin.py:137} INFO - [2023-02-28T11:22:16.819+0000] {taskmixin.py:205} WARNING - Dependency <Task(BashOperator): create_entry_group>, delete_entry_group already registered for DAG: example_complex
[2023-02-28T11:22:16.819+0000] {logging_mixin.py:137} INFO - [2023-02-28T11:22:16.819+0000] {taskmixin.py:205} WARNING - Dependency <Task(BashOperator): delete_entry_group>, create_entry_group already registered for DAG: example_complex
[2023-02-28T11:22:16.820+0000] {logging_mixin.py:137} INFO - [2023-02-28T11:22:16.819+0000] {taskmixin.py:205} WARNING - Dependency <Task(BashOperator): create_entry_gcs>, delete_entry already registered for DAG: example_complex
[2023-02-28T11:22:16.820+0000] {logging_mixin.py:137} INFO - [2023-02-28T11:22:16.820+0000] {taskmixin.py:205} WARNING - Dependency <Task(BashOperator): delete_entry>, create_entry_gcs already registered for DAG: example_complex
[2023-02-28T11:22:16.820+0000] {logging_mixin.py:137} INFO - [2023-02-28T11:22:16.820+0000] {taskmixin.py:205} WARNING - Dependency <Task(BashOperator): create_tag>, delete_tag already registered for DAG: example_complex
[2023-02-28T11:22:16.820+0000] {logging_mixin.py:137} INFO - [2023-02-28T11:22:16.820+0000] {taskmixin.py:205} WARNING - Dependency <Task(BashOperator): delete_tag>, create_tag already registered for DAG: example_complex
[2023-02-28T11:22:16.828+0000] {processor.py:753} INFO - DAG(s) dict_keys(['example_complex']) retrieved from /home/airflow/.local/lib/python3.7/site-packages/airflow/example_dags/example_complex.py
[2023-02-28T11:22:16.855+0000] {logging_mixin.py:137} INFO - [2023-02-28T11:22:16.855+0000] {dag.py:2690} INFO - Sync 1 DAGs
[2023-02-28T11:22:16.884+0000] {logging_mixin.py:137} INFO - [2023-02-28T11:22:16.884+0000] {dag.py:3441} INFO - Setting next_dagrun for example_complex to None, run_after=None
[2023-02-28T11:22:16.911+0000] {processor.py:175} INFO - Processing /home/airflow/.local/lib/python3.7/site-packages/airflow/example_dags/example_complex.py took 0.122 seconds
[2023-02-28T11:22:47.975+0000] {processor.py:153} INFO - Started process (PID=505) to work on /home/airflow/.local/lib/python3.7/site-packages/airflow/example_dags/example_complex.py
[2023-02-28T11:22:48.082+0000] {processor.py:743} INFO - Processing file /home/airflow/.local/lib/python3.7/site-packages/airflow/example_dags/example_complex.py for tasks to queue
[2023-02-28T11:22:48.083+0000] {logging_mixin.py:137} INFO - [2023-02-28T11:22:48.083+0000] {dagbag.py:538} INFO - Filling up the DagBag from /home/airflow/.local/lib/python3.7/site-packages/airflow/example_dags/example_complex.py
[2023-02-28T11:22:48.094+0000] {logging_mixin.py:137} INFO - [2023-02-28T11:22:48.094+0000] {taskmixin.py:205} WARNING - Dependency <Task(BashOperator): create_entry_group>, delete_entry_group already registered for DAG: example_complex
[2023-02-28T11:22:48.094+0000] {logging_mixin.py:137} INFO - [2023-02-28T11:22:48.094+0000] {taskmixin.py:205} WARNING - Dependency <Task(BashOperator): delete_entry_group>, create_entry_group already registered for DAG: example_complex
[2023-02-28T11:22:48.094+0000] {logging_mixin.py:137} INFO - [2023-02-28T11:22:48.094+0000] {taskmixin.py:205} WARNING - Dependency <Task(BashOperator): create_entry_gcs>, delete_entry already registered for DAG: example_complex
[2023-02-28T11:22:48.094+0000] {logging_mixin.py:137} INFO - [2023-02-28T11:22:48.094+0000] {taskmixin.py:205} WARNING - Dependency <Task(BashOperator): delete_entry>, create_entry_gcs already registered for DAG: example_complex
[2023-02-28T11:22:48.095+0000] {logging_mixin.py:137} INFO - [2023-02-28T11:22:48.095+0000] {taskmixin.py:205} WARNING - Dependency <Task(BashOperator): create_tag>, delete_tag already registered for DAG: example_complex
[2023-02-28T11:22:48.095+0000] {logging_mixin.py:137} INFO - [2023-02-28T11:22:48.095+0000] {taskmixin.py:205} WARNING - Dependency <Task(BashOperator): delete_tag>, create_tag already registered for DAG: example_complex
[2023-02-28T11:22:48.102+0000] {processor.py:753} INFO - DAG(s) dict_keys(['example_complex']) retrieved from /home/airflow/.local/lib/python3.7/site-packages/airflow/example_dags/example_complex.py
[2023-02-28T11:22:48.132+0000] {logging_mixin.py:137} INFO - [2023-02-28T11:22:48.132+0000] {dag.py:2690} INFO - Sync 1 DAGs
[2023-02-28T11:22:48.155+0000] {logging_mixin.py:137} INFO - [2023-02-28T11:22:48.155+0000] {dag.py:3441} INFO - Setting next_dagrun for example_complex to None, run_after=None
[2023-02-28T11:22:48.582+0000] {processor.py:175} INFO - Processing /home/airflow/.local/lib/python3.7/site-packages/airflow/example_dags/example_complex.py took 0.610 seconds
[2023-02-28T11:23:19.186+0000] {processor.py:153} INFO - Started process (PID=570) to work on /home/airflow/.local/lib/python3.7/site-packages/airflow/example_dags/example_complex.py
[2023-02-28T11:23:19.186+0000] {processor.py:743} INFO - Processing file /home/airflow/.local/lib/python3.7/site-packages/airflow/example_dags/example_complex.py for tasks to queue
[2023-02-28T11:23:19.187+0000] {logging_mixin.py:137} INFO - [2023-02-28T11:23:19.187+0000] {dagbag.py:538} INFO - Filling up the DagBag from /home/airflow/.local/lib/python3.7/site-packages/airflow/example_dags/example_complex.py
[2023-02-28T11:23:19.203+0000] {logging_mixin.py:137} INFO - [2023-02-28T11:23:19.203+0000] {taskmixin.py:205} WARNING - Dependency <Task(BashOperator): create_entry_group>, delete_entry_group already registered for DAG: example_complex
[2023-02-28T11:23:19.203+0000] {logging_mixin.py:137} INFO - [2023-02-28T11:23:19.203+0000] {taskmixin.py:205} WARNING - Dependency <Task(BashOperator): delete_entry_group>, create_entry_group already registered for DAG: example_complex
[2023-02-28T11:23:19.203+0000] {logging_mixin.py:137} INFO - [2023-02-28T11:23:19.203+0000] {taskmixin.py:205} WARNING - Dependency <Task(BashOperator): create_entry_gcs>, delete_entry already registered for DAG: example_complex
[2023-02-28T11:23:19.203+0000] {logging_mixin.py:137} INFO - [2023-02-28T11:23:19.203+0000] {taskmixin.py:205} WARNING - Dependency <Task(BashOperator): delete_entry>, create_entry_gcs already registered for DAG: example_complex
[2023-02-28T11:23:19.204+0000] {logging_mixin.py:137} INFO - [2023-02-28T11:23:19.204+0000] {taskmixin.py:205} WARNING - Dependency <Task(BashOperator): create_tag>, delete_tag already registered for DAG: example_complex
[2023-02-28T11:23:19.204+0000] {logging_mixin.py:137} INFO - [2023-02-28T11:23:19.204+0000] {taskmixin.py:205} WARNING - Dependency <Task(BashOperator): delete_tag>, create_tag already registered for DAG: example_complex
[2023-02-28T11:23:19.211+0000] {processor.py:753} INFO - DAG(s) dict_keys(['example_complex']) retrieved from /home/airflow/.local/lib/python3.7/site-packages/airflow/example_dags/example_complex.py
[2023-02-28T11:23:19.238+0000] {logging_mixin.py:137} INFO - [2023-02-28T11:23:19.238+0000] {dag.py:2690} INFO - Sync 1 DAGs
[2023-02-28T11:23:19.259+0000] {logging_mixin.py:137} INFO - [2023-02-28T11:23:19.259+0000] {dag.py:3441} INFO - Setting next_dagrun for example_complex to None, run_after=None
[2023-02-28T11:23:19.284+0000] {processor.py:175} INFO - Processing /home/airflow/.local/lib/python3.7/site-packages/airflow/example_dags/example_complex.py took 0.103 seconds
[2023-02-28T11:23:49.397+0000] {processor.py:153} INFO - Started process (PID=646) to work on /home/airflow/.local/lib/python3.7/site-packages/airflow/example_dags/example_complex.py
[2023-02-28T11:23:49.398+0000] {processor.py:743} INFO - Processing file /home/airflow/.local/lib/python3.7/site-packages/airflow/example_dags/example_complex.py for tasks to queue
[2023-02-28T11:23:49.399+0000] {logging_mixin.py:137} INFO - [2023-02-28T11:23:49.398+0000] {dagbag.py:538} INFO - Filling up the DagBag from /home/airflow/.local/lib/python3.7/site-packages/airflow/example_dags/example_complex.py
[2023-02-28T11:23:49.417+0000] {logging_mixin.py:137} INFO - [2023-02-28T11:23:49.417+0000] {taskmixin.py:205} WARNING - Dependency <Task(BashOperator): create_entry_group>, delete_entry_group already registered for DAG: example_complex
[2023-02-28T11:23:49.418+0000] {logging_mixin.py:137} INFO - [2023-02-28T11:23:49.417+0000] {taskmixin.py:205} WARNING - Dependency <Task(BashOperator): delete_entry_group>, create_entry_group already registered for DAG: example_complex
[2023-02-28T11:23:49.419+0000] {logging_mixin.py:137} INFO - [2023-02-28T11:23:49.419+0000] {taskmixin.py:205} WARNING - Dependency <Task(BashOperator): create_entry_gcs>, delete_entry already registered for DAG: example_complex
[2023-02-28T11:23:49.419+0000] {logging_mixin.py:137} INFO - [2023-02-28T11:23:49.419+0000] {taskmixin.py:205} WARNING - Dependency <Task(BashOperator): delete_entry>, create_entry_gcs already registered for DAG: example_complex
[2023-02-28T11:23:49.421+0000] {logging_mixin.py:137} INFO - [2023-02-28T11:23:49.421+0000] {taskmixin.py:205} WARNING - Dependency <Task(BashOperator): create_tag>, delete_tag already registered for DAG: example_complex
[2023-02-28T11:23:49.421+0000] {logging_mixin.py:137} INFO - [2023-02-28T11:23:49.421+0000] {taskmixin.py:205} WARNING - Dependency <Task(BashOperator): delete_tag>, create_tag already registered for DAG: example_complex
[2023-02-28T11:23:49.431+0000] {processor.py:753} INFO - DAG(s) dict_keys(['example_complex']) retrieved from /home/airflow/.local/lib/python3.7/site-packages/airflow/example_dags/example_complex.py
[2023-02-28T11:23:49.484+0000] {logging_mixin.py:137} INFO - [2023-02-28T11:23:49.483+0000] {dag.py:2690} INFO - Sync 1 DAGs
[2023-02-28T11:23:49.575+0000] {logging_mixin.py:137} INFO - [2023-02-28T11:23:49.574+0000] {dag.py:3441} INFO - Setting next_dagrun for example_complex to None, run_after=None
[2023-02-28T11:23:49.604+0000] {processor.py:175} INFO - Processing /home/airflow/.local/lib/python3.7/site-packages/airflow/example_dags/example_complex.py took 0.212 seconds
