[2023-02-28T11:19:46.806+0000] {processor.py:153} INFO - Started process (PID=102) to work on /home/airflow/.local/lib/python3.7/site-packages/airflow/example_dags/example_task_group_decorator.py
[2023-02-28T11:19:46.806+0000] {processor.py:743} INFO - Processing file /home/airflow/.local/lib/python3.7/site-packages/airflow/example_dags/example_task_group_decorator.py for tasks to queue
[2023-02-28T11:19:46.807+0000] {logging_mixin.py:137} INFO - [2023-02-28T11:19:46.807+0000] {dagbag.py:538} INFO - Filling up the DagBag from /home/airflow/.local/lib/python3.7/site-packages/airflow/example_dags/example_task_group_decorator.py
[2023-02-28T11:19:46.845+0000] {processor.py:753} INFO - DAG(s) dict_keys(['example_task_group_decorator']) retrieved from /home/airflow/.local/lib/python3.7/site-packages/airflow/example_dags/example_task_group_decorator.py
[2023-02-28T11:19:46.890+0000] {logging_mixin.py:137} INFO - [2023-02-28T11:19:46.890+0000] {dag.py:2690} INFO - Sync 1 DAGs
[2023-02-28T11:19:46.926+0000] {logging_mixin.py:137} INFO - [2023-02-28T11:19:46.926+0000] {dag.py:3441} INFO - Setting next_dagrun for example_task_group_decorator to 2023-02-27T11:19:46.926231+00:00, run_after=2023-02-28T11:19:46.926231+00:00
[2023-02-28T11:19:46.971+0000] {processor.py:175} INFO - Processing /home/airflow/.local/lib/python3.7/site-packages/airflow/example_dags/example_task_group_decorator.py took 0.170 seconds
[2023-02-28T11:20:17.903+0000] {processor.py:153} INFO - Started process (PID=180) to work on /home/airflow/.local/lib/python3.7/site-packages/airflow/example_dags/example_task_group_decorator.py
[2023-02-28T11:20:17.904+0000] {processor.py:743} INFO - Processing file /home/airflow/.local/lib/python3.7/site-packages/airflow/example_dags/example_task_group_decorator.py for tasks to queue
[2023-02-28T11:20:17.905+0000] {logging_mixin.py:137} INFO - [2023-02-28T11:20:17.904+0000] {dagbag.py:538} INFO - Filling up the DagBag from /home/airflow/.local/lib/python3.7/site-packages/airflow/example_dags/example_task_group_decorator.py
[2023-02-28T11:20:17.946+0000] {processor.py:753} INFO - DAG(s) dict_keys(['example_task_group_decorator']) retrieved from /home/airflow/.local/lib/python3.7/site-packages/airflow/example_dags/example_task_group_decorator.py
[2023-02-28T11:20:17.988+0000] {logging_mixin.py:137} INFO - [2023-02-28T11:20:17.988+0000] {dag.py:2690} INFO - Sync 1 DAGs
[2023-02-28T11:20:18.023+0000] {logging_mixin.py:137} INFO - [2023-02-28T11:20:18.023+0000] {dag.py:3441} INFO - Setting next_dagrun for example_task_group_decorator to 2023-02-27T11:20:18.023040+00:00, run_after=2023-02-28T11:20:18.023040+00:00
[2023-02-28T11:20:18.053+0000] {processor.py:175} INFO - Processing /home/airflow/.local/lib/python3.7/site-packages/airflow/example_dags/example_task_group_decorator.py took 0.155 seconds
[2023-02-28T11:20:48.184+0000] {processor.py:153} INFO - Started process (PID=245) to work on /home/airflow/.local/lib/python3.7/site-packages/airflow/example_dags/example_task_group_decorator.py
[2023-02-28T11:20:48.185+0000] {processor.py:743} INFO - Processing file /home/airflow/.local/lib/python3.7/site-packages/airflow/example_dags/example_task_group_decorator.py for tasks to queue
[2023-02-28T11:20:48.185+0000] {logging_mixin.py:137} INFO - [2023-02-28T11:20:48.185+0000] {dagbag.py:538} INFO - Filling up the DagBag from /home/airflow/.local/lib/python3.7/site-packages/airflow/example_dags/example_task_group_decorator.py
[2023-02-28T11:20:48.214+0000] {processor.py:753} INFO - DAG(s) dict_keys(['example_task_group_decorator']) retrieved from /home/airflow/.local/lib/python3.7/site-packages/airflow/example_dags/example_task_group_decorator.py
[2023-02-28T11:20:48.247+0000] {logging_mixin.py:137} INFO - [2023-02-28T11:20:48.247+0000] {dag.py:2690} INFO - Sync 1 DAGs
[2023-02-28T11:20:48.279+0000] {logging_mixin.py:137} INFO - [2023-02-28T11:20:48.279+0000] {dag.py:3441} INFO - Setting next_dagrun for example_task_group_decorator to 2023-02-27T11:20:48.278938+00:00, run_after=2023-02-28T11:20:48.278938+00:00
[2023-02-28T11:20:48.309+0000] {processor.py:175} INFO - Processing /home/airflow/.local/lib/python3.7/site-packages/airflow/example_dags/example_task_group_decorator.py took 0.128 seconds
[2023-02-28T11:21:18.377+0000] {processor.py:153} INFO - Started process (PID=312) to work on /home/airflow/.local/lib/python3.7/site-packages/airflow/example_dags/example_task_group_decorator.py
[2023-02-28T11:21:18.378+0000] {processor.py:743} INFO - Processing file /home/airflow/.local/lib/python3.7/site-packages/airflow/example_dags/example_task_group_decorator.py for tasks to queue
[2023-02-28T11:21:18.379+0000] {logging_mixin.py:137} INFO - [2023-02-28T11:21:18.379+0000] {dagbag.py:538} INFO - Filling up the DagBag from /home/airflow/.local/lib/python3.7/site-packages/airflow/example_dags/example_task_group_decorator.py
[2023-02-28T11:21:18.410+0000] {processor.py:753} INFO - DAG(s) dict_keys(['example_task_group_decorator']) retrieved from /home/airflow/.local/lib/python3.7/site-packages/airflow/example_dags/example_task_group_decorator.py
[2023-02-28T11:21:18.439+0000] {logging_mixin.py:137} INFO - [2023-02-28T11:21:18.439+0000] {dag.py:2690} INFO - Sync 1 DAGs
[2023-02-28T11:21:18.488+0000] {logging_mixin.py:137} INFO - [2023-02-28T11:21:18.488+0000] {dag.py:3441} INFO - Setting next_dagrun for example_task_group_decorator to 2023-02-27T11:21:18.488160+00:00, run_after=2023-02-28T11:21:18.488160+00:00
[2023-02-28T11:21:18.538+0000] {processor.py:175} INFO - Processing /home/airflow/.local/lib/python3.7/site-packages/airflow/example_dags/example_task_group_decorator.py took 0.164 seconds
[2023-02-28T11:21:48.957+0000] {processor.py:153} INFO - Started process (PID=390) to work on /home/airflow/.local/lib/python3.7/site-packages/airflow/example_dags/example_task_group_decorator.py
[2023-02-28T11:21:48.958+0000] {processor.py:743} INFO - Processing file /home/airflow/.local/lib/python3.7/site-packages/airflow/example_dags/example_task_group_decorator.py for tasks to queue
[2023-02-28T11:21:48.959+0000] {logging_mixin.py:137} INFO - [2023-02-28T11:21:48.958+0000] {dagbag.py:538} INFO - Filling up the DagBag from /home/airflow/.local/lib/python3.7/site-packages/airflow/example_dags/example_task_group_decorator.py
[2023-02-28T11:21:48.989+0000] {processor.py:753} INFO - DAG(s) dict_keys(['example_task_group_decorator']) retrieved from /home/airflow/.local/lib/python3.7/site-packages/airflow/example_dags/example_task_group_decorator.py
[2023-02-28T11:21:49.016+0000] {logging_mixin.py:137} INFO - [2023-02-28T11:21:49.015+0000] {dag.py:2690} INFO - Sync 1 DAGs
[2023-02-28T11:21:49.051+0000] {logging_mixin.py:137} INFO - [2023-02-28T11:21:49.051+0000] {dag.py:3441} INFO - Setting next_dagrun for example_task_group_decorator to 2023-02-27T11:21:49.050783+00:00, run_after=2023-02-28T11:21:49.050783+00:00
[2023-02-28T11:21:49.080+0000] {processor.py:175} INFO - Processing /home/airflow/.local/lib/python3.7/site-packages/airflow/example_dags/example_task_group_decorator.py took 0.126 seconds
[2023-02-28T11:22:19.936+0000] {processor.py:153} INFO - Started process (PID=456) to work on /home/airflow/.local/lib/python3.7/site-packages/airflow/example_dags/example_task_group_decorator.py
[2023-02-28T11:22:19.937+0000] {processor.py:743} INFO - Processing file /home/airflow/.local/lib/python3.7/site-packages/airflow/example_dags/example_task_group_decorator.py for tasks to queue
[2023-02-28T11:22:19.938+0000] {logging_mixin.py:137} INFO - [2023-02-28T11:22:19.938+0000] {dagbag.py:538} INFO - Filling up the DagBag from /home/airflow/.local/lib/python3.7/site-packages/airflow/example_dags/example_task_group_decorator.py
[2023-02-28T11:22:19.965+0000] {processor.py:753} INFO - DAG(s) dict_keys(['example_task_group_decorator']) retrieved from /home/airflow/.local/lib/python3.7/site-packages/airflow/example_dags/example_task_group_decorator.py
[2023-02-28T11:22:19.995+0000] {logging_mixin.py:137} INFO - [2023-02-28T11:22:19.995+0000] {dag.py:2690} INFO - Sync 1 DAGs
[2023-02-28T11:22:20.023+0000] {logging_mixin.py:137} INFO - [2023-02-28T11:22:20.023+0000] {dag.py:3441} INFO - Setting next_dagrun for example_task_group_decorator to 2023-02-27T11:22:20.023359+00:00, run_after=2023-02-28T11:22:20.023359+00:00
[2023-02-28T11:22:20.052+0000] {processor.py:175} INFO - Processing /home/airflow/.local/lib/python3.7/site-packages/airflow/example_dags/example_task_group_decorator.py took 0.120 seconds
[2023-02-28T11:22:52.158+0000] {processor.py:153} INFO - Started process (PID=533) to work on /home/airflow/.local/lib/python3.7/site-packages/airflow/example_dags/example_task_group_decorator.py
[2023-02-28T11:22:52.177+0000] {processor.py:743} INFO - Processing file /home/airflow/.local/lib/python3.7/site-packages/airflow/example_dags/example_task_group_decorator.py for tasks to queue
[2023-02-28T11:22:52.177+0000] {logging_mixin.py:137} INFO - [2023-02-28T11:22:52.177+0000] {dagbag.py:538} INFO - Filling up the DagBag from /home/airflow/.local/lib/python3.7/site-packages/airflow/example_dags/example_task_group_decorator.py
[2023-02-28T11:22:52.210+0000] {processor.py:753} INFO - DAG(s) dict_keys(['example_task_group_decorator']) retrieved from /home/airflow/.local/lib/python3.7/site-packages/airflow/example_dags/example_task_group_decorator.py
[2023-02-28T11:22:52.234+0000] {logging_mixin.py:137} INFO - [2023-02-28T11:22:52.234+0000] {dag.py:2690} INFO - Sync 1 DAGs
[2023-02-28T11:22:52.257+0000] {logging_mixin.py:137} INFO - [2023-02-28T11:22:52.257+0000] {dag.py:3441} INFO - Setting next_dagrun for example_task_group_decorator to 2023-02-27T11:22:52.257354+00:00, run_after=2023-02-28T11:22:52.257354+00:00
[2023-02-28T11:22:52.301+0000] {processor.py:175} INFO - Processing /home/airflow/.local/lib/python3.7/site-packages/airflow/example_dags/example_task_group_decorator.py took 0.146 seconds
[2023-02-28T11:23:22.556+0000] {processor.py:153} INFO - Started process (PID=598) to work on /home/airflow/.local/lib/python3.7/site-packages/airflow/example_dags/example_task_group_decorator.py
[2023-02-28T11:23:22.558+0000] {processor.py:743} INFO - Processing file /home/airflow/.local/lib/python3.7/site-packages/airflow/example_dags/example_task_group_decorator.py for tasks to queue
[2023-02-28T11:23:22.558+0000] {logging_mixin.py:137} INFO - [2023-02-28T11:23:22.558+0000] {dagbag.py:538} INFO - Filling up the DagBag from /home/airflow/.local/lib/python3.7/site-packages/airflow/example_dags/example_task_group_decorator.py
[2023-02-28T11:23:22.585+0000] {processor.py:753} INFO - DAG(s) dict_keys(['example_task_group_decorator']) retrieved from /home/airflow/.local/lib/python3.7/site-packages/airflow/example_dags/example_task_group_decorator.py
[2023-02-28T11:23:22.613+0000] {logging_mixin.py:137} INFO - [2023-02-28T11:23:22.612+0000] {dag.py:2690} INFO - Sync 1 DAGs
[2023-02-28T11:23:22.636+0000] {logging_mixin.py:137} INFO - [2023-02-28T11:23:22.636+0000] {dag.py:3441} INFO - Setting next_dagrun for example_task_group_decorator to 2023-02-27T11:23:22.636245+00:00, run_after=2023-02-28T11:23:22.636245+00:00
[2023-02-28T11:23:22.661+0000] {processor.py:175} INFO - Processing /home/airflow/.local/lib/python3.7/site-packages/airflow/example_dags/example_task_group_decorator.py took 0.108 seconds
[2023-02-28T11:23:53.502+0000] {processor.py:153} INFO - Started process (PID=677) to work on /home/airflow/.local/lib/python3.7/site-packages/airflow/example_dags/example_task_group_decorator.py
[2023-02-28T11:23:53.503+0000] {processor.py:743} INFO - Processing file /home/airflow/.local/lib/python3.7/site-packages/airflow/example_dags/example_task_group_decorator.py for tasks to queue
[2023-02-28T11:23:53.503+0000] {logging_mixin.py:137} INFO - [2023-02-28T11:23:53.503+0000] {dagbag.py:538} INFO - Filling up the DagBag from /home/airflow/.local/lib/python3.7/site-packages/airflow/example_dags/example_task_group_decorator.py
[2023-02-28T11:23:53.531+0000] {processor.py:753} INFO - DAG(s) dict_keys(['example_task_group_decorator']) retrieved from /home/airflow/.local/lib/python3.7/site-packages/airflow/example_dags/example_task_group_decorator.py
[2023-02-28T11:23:53.558+0000] {logging_mixin.py:137} INFO - [2023-02-28T11:23:53.558+0000] {dag.py:2690} INFO - Sync 1 DAGs
[2023-02-28T11:23:53.580+0000] {logging_mixin.py:137} INFO - [2023-02-28T11:23:53.580+0000] {dag.py:3441} INFO - Setting next_dagrun for example_task_group_decorator to 2023-02-27T11:23:53.580512+00:00, run_after=2023-02-28T11:23:53.580512+00:00
[2023-02-28T11:23:53.605+0000] {processor.py:175} INFO - Processing /home/airflow/.local/lib/python3.7/site-packages/airflow/example_dags/example_task_group_decorator.py took 0.107 seconds
[2023-02-28T11:24:24.107+0000] {processor.py:153} INFO - Started process (PID=744) to work on /home/airflow/.local/lib/python3.7/site-packages/airflow/example_dags/example_task_group_decorator.py
[2023-02-28T11:24:24.108+0000] {processor.py:743} INFO - Processing file /home/airflow/.local/lib/python3.7/site-packages/airflow/example_dags/example_task_group_decorator.py for tasks to queue
[2023-02-28T11:24:24.109+0000] {logging_mixin.py:137} INFO - [2023-02-28T11:24:24.109+0000] {dagbag.py:538} INFO - Filling up the DagBag from /home/airflow/.local/lib/python3.7/site-packages/airflow/example_dags/example_task_group_decorator.py
[2023-02-28T11:24:24.146+0000] {processor.py:753} INFO - DAG(s) dict_keys(['example_task_group_decorator']) retrieved from /home/airflow/.local/lib/python3.7/site-packages/airflow/example_dags/example_task_group_decorator.py
[2023-02-28T11:24:24.180+0000] {logging_mixin.py:137} INFO - [2023-02-28T11:24:24.180+0000] {dag.py:2690} INFO - Sync 1 DAGs
[2023-02-28T11:24:24.212+0000] {logging_mixin.py:137} INFO - [2023-02-28T11:24:24.212+0000] {dag.py:3441} INFO - Setting next_dagrun for example_task_group_decorator to 2023-02-27T11:24:24.212075+00:00, run_after=2023-02-28T11:24:24.212075+00:00
[2023-02-28T11:24:24.236+0000] {processor.py:175} INFO - Processing /home/airflow/.local/lib/python3.7/site-packages/airflow/example_dags/example_task_group_decorator.py took 0.132 seconds
