[2023-02-28T11:19:46.773+0000] {processor.py:153} INFO - Started process (PID=101) to work on /home/airflow/.local/lib/python3.7/site-packages/airflow/example_dags/example_sla_dag.py
[2023-02-28T11:19:46.774+0000] {processor.py:743} INFO - Processing file /home/airflow/.local/lib/python3.7/site-packages/airflow/example_dags/example_sla_dag.py for tasks to queue
[2023-02-28T11:19:46.775+0000] {logging_mixin.py:137} INFO - [2023-02-28T11:19:46.775+0000] {dagbag.py:538} INFO - Filling up the DagBag from /home/airflow/.local/lib/python3.7/site-packages/airflow/example_dags/example_sla_dag.py
[2023-02-28T11:19:46.841+0000] {processor.py:753} INFO - DAG(s) dict_keys(['example_sla_dag']) retrieved from /home/airflow/.local/lib/python3.7/site-packages/airflow/example_dags/example_sla_dag.py
[2023-02-28T11:19:46.896+0000] {logging_mixin.py:137} INFO - [2023-02-28T11:19:46.896+0000] {dag.py:2690} INFO - Sync 1 DAGs
[2023-02-28T11:19:46.938+0000] {logging_mixin.py:137} INFO - [2023-02-28T11:19:46.938+0000] {dag.py:3441} INFO - Setting next_dagrun for example_sla_dag to 2023-02-28T11:16:00+00:00, run_after=2023-02-28T11:18:00+00:00
[2023-02-28T11:19:46.971+0000] {processor.py:175} INFO - Processing /home/airflow/.local/lib/python3.7/site-packages/airflow/example_dags/example_sla_dag.py took 0.203 seconds
[2023-02-28T11:20:17.817+0000] {processor.py:153} INFO - Started process (PID=179) to work on /home/airflow/.local/lib/python3.7/site-packages/airflow/example_dags/example_sla_dag.py
[2023-02-28T11:20:17.818+0000] {processor.py:743} INFO - Processing file /home/airflow/.local/lib/python3.7/site-packages/airflow/example_dags/example_sla_dag.py for tasks to queue
[2023-02-28T11:20:17.819+0000] {logging_mixin.py:137} INFO - [2023-02-28T11:20:17.818+0000] {dagbag.py:538} INFO - Filling up the DagBag from /home/airflow/.local/lib/python3.7/site-packages/airflow/example_dags/example_sla_dag.py
[2023-02-28T11:20:17.886+0000] {processor.py:753} INFO - DAG(s) dict_keys(['example_sla_dag']) retrieved from /home/airflow/.local/lib/python3.7/site-packages/airflow/example_dags/example_sla_dag.py
[2023-02-28T11:20:17.920+0000] {logging_mixin.py:137} INFO - [2023-02-28T11:20:17.920+0000] {dag.py:2690} INFO - Sync 1 DAGs
[2023-02-28T11:20:17.963+0000] {logging_mixin.py:137} INFO - [2023-02-28T11:20:17.963+0000] {dag.py:3441} INFO - Setting next_dagrun for example_sla_dag to 2023-02-28T11:18:00+00:00, run_after=2023-02-28T11:20:00+00:00
[2023-02-28T11:20:18.004+0000] {processor.py:175} INFO - Processing /home/airflow/.local/lib/python3.7/site-packages/airflow/example_dags/example_sla_dag.py took 0.202 seconds
[2023-02-28T11:20:48.069+0000] {processor.py:153} INFO - Started process (PID=244) to work on /home/airflow/.local/lib/python3.7/site-packages/airflow/example_dags/example_sla_dag.py
[2023-02-28T11:20:48.070+0000] {processor.py:743} INFO - Processing file /home/airflow/.local/lib/python3.7/site-packages/airflow/example_dags/example_sla_dag.py for tasks to queue
[2023-02-28T11:20:48.071+0000] {logging_mixin.py:137} INFO - [2023-02-28T11:20:48.070+0000] {dagbag.py:538} INFO - Filling up the DagBag from /home/airflow/.local/lib/python3.7/site-packages/airflow/example_dags/example_sla_dag.py
[2023-02-28T11:20:48.093+0000] {processor.py:753} INFO - DAG(s) dict_keys(['example_sla_dag']) retrieved from /home/airflow/.local/lib/python3.7/site-packages/airflow/example_dags/example_sla_dag.py
[2023-02-28T11:20:48.115+0000] {logging_mixin.py:137} INFO - [2023-02-28T11:20:48.115+0000] {dag.py:2690} INFO - Sync 1 DAGs
[2023-02-28T11:20:48.140+0000] {logging_mixin.py:137} INFO - [2023-02-28T11:20:48.139+0000] {dag.py:3441} INFO - Setting next_dagrun for example_sla_dag to 2023-02-28T11:18:00+00:00, run_after=2023-02-28T11:20:00+00:00
[2023-02-28T11:20:48.166+0000] {processor.py:175} INFO - Processing /home/airflow/.local/lib/python3.7/site-packages/airflow/example_dags/example_sla_dag.py took 0.101 seconds
[2023-02-28T11:21:18.263+0000] {processor.py:153} INFO - Started process (PID=311) to work on /home/airflow/.local/lib/python3.7/site-packages/airflow/example_dags/example_sla_dag.py
[2023-02-28T11:21:18.264+0000] {processor.py:743} INFO - Processing file /home/airflow/.local/lib/python3.7/site-packages/airflow/example_dags/example_sla_dag.py for tasks to queue
[2023-02-28T11:21:18.264+0000] {logging_mixin.py:137} INFO - [2023-02-28T11:21:18.264+0000] {dagbag.py:538} INFO - Filling up the DagBag from /home/airflow/.local/lib/python3.7/site-packages/airflow/example_dags/example_sla_dag.py
[2023-02-28T11:21:18.286+0000] {processor.py:753} INFO - DAG(s) dict_keys(['example_sla_dag']) retrieved from /home/airflow/.local/lib/python3.7/site-packages/airflow/example_dags/example_sla_dag.py
[2023-02-28T11:21:18.309+0000] {logging_mixin.py:137} INFO - [2023-02-28T11:21:18.309+0000] {dag.py:2690} INFO - Sync 1 DAGs
[2023-02-28T11:21:18.335+0000] {logging_mixin.py:137} INFO - [2023-02-28T11:21:18.335+0000] {dag.py:3441} INFO - Setting next_dagrun for example_sla_dag to 2023-02-28T11:18:00+00:00, run_after=2023-02-28T11:20:00+00:00
[2023-02-28T11:21:18.357+0000] {processor.py:175} INFO - Processing /home/airflow/.local/lib/python3.7/site-packages/airflow/example_dags/example_sla_dag.py took 0.098 seconds
[2023-02-28T11:21:48.868+0000] {processor.py:153} INFO - Started process (PID=389) to work on /home/airflow/.local/lib/python3.7/site-packages/airflow/example_dags/example_sla_dag.py
[2023-02-28T11:21:48.868+0000] {processor.py:743} INFO - Processing file /home/airflow/.local/lib/python3.7/site-packages/airflow/example_dags/example_sla_dag.py for tasks to queue
[2023-02-28T11:21:48.869+0000] {logging_mixin.py:137} INFO - [2023-02-28T11:21:48.869+0000] {dagbag.py:538} INFO - Filling up the DagBag from /home/airflow/.local/lib/python3.7/site-packages/airflow/example_dags/example_sla_dag.py
[2023-02-28T11:21:48.892+0000] {processor.py:753} INFO - DAG(s) dict_keys(['example_sla_dag']) retrieved from /home/airflow/.local/lib/python3.7/site-packages/airflow/example_dags/example_sla_dag.py
[2023-02-28T11:21:48.916+0000] {logging_mixin.py:137} INFO - [2023-02-28T11:21:48.916+0000] {dag.py:2690} INFO - Sync 1 DAGs
[2023-02-28T11:21:48.943+0000] {logging_mixin.py:137} INFO - [2023-02-28T11:21:48.943+0000] {dag.py:3441} INFO - Setting next_dagrun for example_sla_dag to 2023-02-28T11:18:00+00:00, run_after=2023-02-28T11:20:00+00:00
[2023-02-28T11:21:48.968+0000] {processor.py:175} INFO - Processing /home/airflow/.local/lib/python3.7/site-packages/airflow/example_dags/example_sla_dag.py took 0.104 seconds
[2023-02-28T11:22:19.815+0000] {processor.py:153} INFO - Started process (PID=455) to work on /home/airflow/.local/lib/python3.7/site-packages/airflow/example_dags/example_sla_dag.py
[2023-02-28T11:22:19.815+0000] {processor.py:743} INFO - Processing file /home/airflow/.local/lib/python3.7/site-packages/airflow/example_dags/example_sla_dag.py for tasks to queue
[2023-02-28T11:22:19.816+0000] {logging_mixin.py:137} INFO - [2023-02-28T11:22:19.816+0000] {dagbag.py:538} INFO - Filling up the DagBag from /home/airflow/.local/lib/python3.7/site-packages/airflow/example_dags/example_sla_dag.py
[2023-02-28T11:22:19.838+0000] {processor.py:753} INFO - DAG(s) dict_keys(['example_sla_dag']) retrieved from /home/airflow/.local/lib/python3.7/site-packages/airflow/example_dags/example_sla_dag.py
[2023-02-28T11:22:19.866+0000] {logging_mixin.py:137} INFO - [2023-02-28T11:22:19.866+0000] {dag.py:2690} INFO - Sync 1 DAGs
[2023-02-28T11:22:19.897+0000] {logging_mixin.py:137} INFO - [2023-02-28T11:22:19.897+0000] {dag.py:3441} INFO - Setting next_dagrun for example_sla_dag to 2023-02-28T11:20:00+00:00, run_after=2023-02-28T11:22:00+00:00
[2023-02-28T11:22:19.926+0000] {processor.py:175} INFO - Processing /home/airflow/.local/lib/python3.7/site-packages/airflow/example_dags/example_sla_dag.py took 0.114 seconds
[2023-02-28T11:22:52.067+0000] {processor.py:153} INFO - Started process (PID=532) to work on /home/airflow/.local/lib/python3.7/site-packages/airflow/example_dags/example_sla_dag.py
[2023-02-28T11:22:52.069+0000] {processor.py:743} INFO - Processing file /home/airflow/.local/lib/python3.7/site-packages/airflow/example_dags/example_sla_dag.py for tasks to queue
[2023-02-28T11:22:52.069+0000] {logging_mixin.py:137} INFO - [2023-02-28T11:22:52.069+0000] {dagbag.py:538} INFO - Filling up the DagBag from /home/airflow/.local/lib/python3.7/site-packages/airflow/example_dags/example_sla_dag.py
[2023-02-28T11:22:52.094+0000] {processor.py:753} INFO - DAG(s) dict_keys(['example_sla_dag']) retrieved from /home/airflow/.local/lib/python3.7/site-packages/airflow/example_dags/example_sla_dag.py
[2023-02-28T11:22:52.116+0000] {logging_mixin.py:137} INFO - [2023-02-28T11:22:52.116+0000] {dag.py:2690} INFO - Sync 1 DAGs
[2023-02-28T11:22:52.147+0000] {logging_mixin.py:137} INFO - [2023-02-28T11:22:52.147+0000] {dag.py:3441} INFO - Setting next_dagrun for example_sla_dag to 2023-02-28T11:20:00+00:00, run_after=2023-02-28T11:22:00+00:00
[2023-02-28T11:22:52.198+0000] {processor.py:175} INFO - Processing /home/airflow/.local/lib/python3.7/site-packages/airflow/example_dags/example_sla_dag.py took 0.135 seconds
[2023-02-28T11:23:22.393+0000] {processor.py:153} INFO - Started process (PID=597) to work on /home/airflow/.local/lib/python3.7/site-packages/airflow/example_dags/example_sla_dag.py
[2023-02-28T11:23:22.394+0000] {processor.py:743} INFO - Processing file /home/airflow/.local/lib/python3.7/site-packages/airflow/example_dags/example_sla_dag.py for tasks to queue
[2023-02-28T11:23:22.395+0000] {logging_mixin.py:137} INFO - [2023-02-28T11:23:22.395+0000] {dagbag.py:538} INFO - Filling up the DagBag from /home/airflow/.local/lib/python3.7/site-packages/airflow/example_dags/example_sla_dag.py
[2023-02-28T11:23:22.427+0000] {processor.py:753} INFO - DAG(s) dict_keys(['example_sla_dag']) retrieved from /home/airflow/.local/lib/python3.7/site-packages/airflow/example_dags/example_sla_dag.py
[2023-02-28T11:23:22.457+0000] {logging_mixin.py:137} INFO - [2023-02-28T11:23:22.456+0000] {dag.py:2690} INFO - Sync 1 DAGs
[2023-02-28T11:23:22.489+0000] {logging_mixin.py:137} INFO - [2023-02-28T11:23:22.489+0000] {dag.py:3441} INFO - Setting next_dagrun for example_sla_dag to 2023-02-28T11:20:00+00:00, run_after=2023-02-28T11:22:00+00:00
[2023-02-28T11:23:22.535+0000] {processor.py:175} INFO - Processing /home/airflow/.local/lib/python3.7/site-packages/airflow/example_dags/example_sla_dag.py took 0.148 seconds
[2023-02-28T11:23:53.487+0000] {processor.py:153} INFO - Started process (PID=676) to work on /home/airflow/.local/lib/python3.7/site-packages/airflow/example_dags/example_sla_dag.py
[2023-02-28T11:23:53.488+0000] {processor.py:743} INFO - Processing file /home/airflow/.local/lib/python3.7/site-packages/airflow/example_dags/example_sla_dag.py for tasks to queue
[2023-02-28T11:23:53.488+0000] {logging_mixin.py:137} INFO - [2023-02-28T11:23:53.488+0000] {dagbag.py:538} INFO - Filling up the DagBag from /home/airflow/.local/lib/python3.7/site-packages/airflow/example_dags/example_sla_dag.py
[2023-02-28T11:23:53.510+0000] {processor.py:753} INFO - DAG(s) dict_keys(['example_sla_dag']) retrieved from /home/airflow/.local/lib/python3.7/site-packages/airflow/example_dags/example_sla_dag.py
[2023-02-28T11:23:53.533+0000] {logging_mixin.py:137} INFO - [2023-02-28T11:23:53.532+0000] {dag.py:2690} INFO - Sync 1 DAGs
[2023-02-28T11:23:53.563+0000] {logging_mixin.py:137} INFO - [2023-02-28T11:23:53.563+0000] {dag.py:3441} INFO - Setting next_dagrun for example_sla_dag to 2023-02-28T11:20:00+00:00, run_after=2023-02-28T11:22:00+00:00
[2023-02-28T11:23:53.588+0000] {processor.py:175} INFO - Processing /home/airflow/.local/lib/python3.7/site-packages/airflow/example_dags/example_sla_dag.py took 0.105 seconds
